2015-12-09 21:19:10.453+0000 INFO  [o.n.k.i.f.CommunityFacadeFactory] No locking implementation specified, defaulting to 'community'
2015-12-09 21:19:10.457+0000 INFO  [o.n.k.AvailabilityGuard] Requirement makes database unavailable: Database available
2015-12-09 21:19:10.459+0000 INFO  [o.n.k.i.DiagnosticsManager] --- INITIALIZED diagnostics START ---
2015-12-09 21:19:10.459+0000 INFO  [o.n.k.i.DiagnosticsManager] Neo4j Kernel properties:
2015-12-09 21:19:10.459+0000 INFO  [o.n.k.i.DiagnosticsManager] org.neo4j.server.db.tuning.properties=C:\561\2000\2000D1\neo4j.properties
2015-12-09 21:19:10.459+0000 INFO  [o.n.k.i.DiagnosticsManager] org.neo4j.server.database.location=C:\561\2000\2000D1
2015-12-09 21:19:10.459+0000 INFO  [o.n.k.i.DiagnosticsManager] dbms.querylog.filename=data/log/queries.log
2015-12-09 21:19:10.459+0000 INFO  [o.n.k.i.DiagnosticsManager] dbms.security.auth_store.location=C:\561\2000\2000D1\.\dbms\auth
2015-12-09 21:19:10.459+0000 INFO  [o.n.k.i.DiagnosticsManager] dbms.security.tls_certificate_file=C:\561\2000\2000D1\.\dbms\ssl\snakeoil.cert
2015-12-09 21:19:10.459+0000 INFO  [o.n.k.i.DiagnosticsManager] remote_shell_enabled=true
2015-12-09 21:19:10.460+0000 INFO  [o.n.k.i.DiagnosticsManager] edition=Community
2015-12-09 21:19:10.460+0000 INFO  [o.n.k.i.DiagnosticsManager] dbms.security.tls_key_file=C:\561\2000\2000D1\.\dbms\ssl\snakeoil.key
2015-12-09 21:19:10.460+0000 INFO  [o.n.k.i.DiagnosticsManager] Diagnostics providers:
2015-12-09 21:19:10.460+0000 INFO  [o.n.k.i.DiagnosticsManager] org.neo4j.kernel.configuration.Config
2015-12-09 21:19:10.460+0000 INFO  [o.n.k.i.DiagnosticsManager] org.neo4j.kernel.info.DiagnosticsManager
2015-12-09 21:19:10.460+0000 INFO  [o.n.k.i.DiagnosticsManager] SYSTEM_MEMORY
2015-12-09 21:19:10.460+0000 INFO  [o.n.k.i.DiagnosticsManager] JAVA_MEMORY
2015-12-09 21:19:10.460+0000 INFO  [o.n.k.i.DiagnosticsManager] OPERATING_SYSTEM
2015-12-09 21:19:10.460+0000 INFO  [o.n.k.i.DiagnosticsManager] JAVA_VIRTUAL_MACHINE
2015-12-09 21:19:10.460+0000 INFO  [o.n.k.i.DiagnosticsManager] CLASSPATH
2015-12-09 21:19:10.460+0000 INFO  [o.n.k.i.DiagnosticsManager] LIBRARY_PATH
2015-12-09 21:19:10.460+0000 INFO  [o.n.k.i.DiagnosticsManager] SYSTEM_PROPERTIES
2015-12-09 21:19:10.460+0000 INFO  [o.n.k.i.DiagnosticsManager] NETWORK
2015-12-09 21:19:10.460+0000 INFO  [o.n.k.i.DiagnosticsManager] System memory information:
2015-12-09 21:19:10.460+0000 INFO  [o.n.k.i.DiagnosticsManager] Total Physical memory: 3.93 GB
2015-12-09 21:19:10.460+0000 INFO  [o.n.k.i.DiagnosticsManager] Free Physical memory: 2.03 GB
2015-12-09 21:19:10.460+0000 INFO  [o.n.k.i.DiagnosticsManager] Committed virtual memory: 387.71 MB
2015-12-09 21:19:10.460+0000 INFO  [o.n.k.i.DiagnosticsManager] Total swap space: 5.05 GB
2015-12-09 21:19:10.460+0000 INFO  [o.n.k.i.DiagnosticsManager] Free swap space: 2.55 GB
2015-12-09 21:19:10.460+0000 INFO  [o.n.k.i.DiagnosticsManager] JVM memory information:
2015-12-09 21:19:10.460+0000 INFO  [o.n.k.i.DiagnosticsManager] Free  memory: 11.85 MB
2015-12-09 21:19:10.460+0000 INFO  [o.n.k.i.DiagnosticsManager] Total memory: 115.00 MB
2015-12-09 21:19:10.460+0000 INFO  [o.n.k.i.DiagnosticsManager] Max   memory: 894.50 MB
2015-12-09 21:19:10.460+0000 INFO  [o.n.k.i.DiagnosticsManager] Garbage Collector: PS Scavenge: [PS Eden Space, PS Survivor Space]
2015-12-09 21:19:10.460+0000 INFO  [o.n.k.i.DiagnosticsManager] Garbage Collector: PS MarkSweep: [PS Eden Space, PS Survivor Space, PS Old Gen, PS Perm Gen]
2015-12-09 21:19:10.460+0000 INFO  [o.n.k.i.DiagnosticsManager] Memory Pool: Code Cache (Non-heap memory): committed=9.50 MB, used=9.35 MB, max=48.00 MB, threshold=0.00 B
2015-12-09 21:19:10.460+0000 INFO  [o.n.k.i.DiagnosticsManager] Memory Pool: PS Eden Space (Heap memory): committed=23.00 MB, used=17.31 MB, max=333.50 MB, threshold=?
2015-12-09 21:19:10.461+0000 INFO  [o.n.k.i.DiagnosticsManager] Memory Pool: PS Survivor Space (Heap memory): committed=1.00 MB, used=416.00 kB, max=1.00 MB, threshold=?
2015-12-09 21:19:10.461+0000 INFO  [o.n.k.i.DiagnosticsManager] Memory Pool: PS Old Gen (Heap memory): committed=91.00 MB, used=85.43 MB, max=670.50 MB, threshold=0.00 B
2015-12-09 21:19:10.461+0000 INFO  [o.n.k.i.DiagnosticsManager] Memory Pool: PS Perm Gen (Non-heap memory): committed=82.00 MB, used=62.90 MB, max=82.00 MB, threshold=0.00 B
2015-12-09 21:19:10.461+0000 INFO  [o.n.k.i.DiagnosticsManager] Operating system information:
2015-12-09 21:19:10.461+0000 INFO  [o.n.k.i.DiagnosticsManager] Operating System: Windows 8.1; version: 6.3; arch: amd64; cpus: 8
2015-12-09 21:19:10.461+0000 INFO  [o.n.k.i.DiagnosticsManager] Process id: 3784@ATAN-B03-02
2015-12-09 21:19:10.461+0000 INFO  [o.n.k.i.DiagnosticsManager] Byte order: LITTLE_ENDIAN
2015-12-09 21:19:10.461+0000 INFO  [o.n.k.i.DiagnosticsManager] Local timezone: America/Chicago
2015-12-09 21:19:10.461+0000 INFO  [o.n.k.i.DiagnosticsManager] JVM information:
2015-12-09 21:19:10.462+0000 INFO  [o.n.k.i.DiagnosticsManager] VM Name: Java HotSpot(TM) 64-Bit Server VM
2015-12-09 21:19:10.462+0000 INFO  [o.n.k.i.DiagnosticsManager] VM Vendor: Oracle Corporation
2015-12-09 21:19:10.462+0000 INFO  [o.n.k.i.DiagnosticsManager] VM Version: 24.80-b11
2015-12-09 21:19:10.462+0000 INFO  [o.n.k.i.DiagnosticsManager] JIT compiler: HotSpot 64-Bit Tiered Compilers
2015-12-09 21:19:10.462+0000 INFO  [o.n.k.i.DiagnosticsManager] VM Arguments: [-Dexe4j.semaphoreName=Local\c:_program_files_neo4j_ce_2.3.1_bin_neo4j-ce.exe, -Dexe4j.isInstall4j=true, -Dexe4j.moduleName=C:\Program Files\Neo4j CE 2.3.1\bin\neo4j-ce.exe, -Dexe4j.tempDir=, -Dexe4j.unextractedPosition=0, -Djava.library.path=C:\Program Files (x86)\AMD APP\bin\x86_64;C:\Program Files (x86)\AMD APP\bin\x86;C:\ProgramData\Oracle\Java\javapath;C:\Windows\system32;C:\Windows;C:\Windows\System32\Wbem;C:\Windows\System32\WindowsPowerShell\v1.0\;C:\Program Files (x86)\MiKTeX 2.9\miktex\bin\;C:\Program Files\TortoiseSVN\bin;C:\Windows\system32\config\systemprofile\.dnx\bin;C:\Program Files\Microsoft DNX\Dnvm\;C:\Program Files\MATLAB\R2015b\runtime\win64;C:\Program Files\MATLAB\R2015b\bin;C:\Program Files (x86)\ATI Technologies\ATI.ACE\Core-Static;c:\program files\neo4j ce 2.3.1\jre\bin, -Dexe4j.consoleCodepage=cp0, -Dinstall4j.launcherId=24, -Dinstall4j.swt=false]
2015-12-09 21:19:10.462+0000 INFO  [o.n.k.i.DiagnosticsManager] Java classpath:
2015-12-09 21:19:10.464+0000 INFO  [o.n.k.i.DiagnosticsManager]  [loader.1] file:/C:/Program%20Files/Neo4j%20CE%202.3.1/jre/lib/ext/dnsns.jar
2015-12-09 21:19:10.464+0000 INFO  [o.n.k.i.DiagnosticsManager]  [loader.0] file:/C:/Program%20Files/Neo4j%20CE%202.3.1/bin/
2015-12-09 21:19:10.464+0000 INFO  [o.n.k.i.DiagnosticsManager]  [bootstrap] C:\Program Files\Neo4j CE 2.3.1\jre\lib\resources.jar
2015-12-09 21:19:10.464+0000 INFO  [o.n.k.i.DiagnosticsManager]  [bootstrap] C:\Program Files\Neo4j CE 2.3.1\jre\lib\jfr.jar
2015-12-09 21:19:10.464+0000 INFO  [o.n.k.i.DiagnosticsManager]  [classpath] C:\Program Files\Neo4j CE 2.3.1\.install4j\i4jruntime.jar
2015-12-09 21:19:10.464+0000 INFO  [o.n.k.i.DiagnosticsManager]  [loader.1] file:/C:/Program%20Files/Neo4j%20CE%202.3.1/jre/lib/ext/sunmscapi.jar
2015-12-09 21:19:10.464+0000 INFO  [o.n.k.i.DiagnosticsManager]  [bootstrap] C:\Program Files\Neo4j CE 2.3.1\jre\lib\jsse.jar
2015-12-09 21:19:10.464+0000 INFO  [o.n.k.i.DiagnosticsManager]  [loader.1] file:/C:/Program%20Files/Neo4j%20CE%202.3.1/jre/lib/ext/dns_sd.jar
2015-12-09 21:19:10.464+0000 INFO  [o.n.k.i.DiagnosticsManager]  [loader.0] file:/C:/Program%20Files/Neo4j%20CE%202.3.1/.install4j/i4jruntime.jar
2015-12-09 21:19:10.464+0000 INFO  [o.n.k.i.DiagnosticsManager]  [loader.0] file:/C:/Program%20Files/Neo4j%20CE%202.3.1/bin/neo4j-desktop-2.3.1.jar
2015-12-09 21:19:10.464+0000 INFO  [o.n.k.i.DiagnosticsManager]  [loader.1] file:/C:/Program%20Files/Neo4j%20CE%202.3.1/jre/lib/ext/access-bridge-64.jar
2015-12-09 21:19:10.464+0000 INFO  [o.n.k.i.DiagnosticsManager]  [loader.1] file:/C:/Program%20Files/Neo4j%20CE%202.3.1/jre/lib/ext/localedata.jar
2015-12-09 21:19:10.464+0000 INFO  [o.n.k.i.DiagnosticsManager]  [bootstrap] C:\Program Files\Neo4j CE 2.3.1\jre\lib\sunrsasign.jar
2015-12-09 21:19:10.464+0000 INFO  [o.n.k.i.DiagnosticsManager]  [bootstrap] C:\Program Files\Neo4j CE 2.3.1\jre\lib\jce.jar
2015-12-09 21:19:10.464+0000 INFO  [o.n.k.i.DiagnosticsManager]  [bootstrap] C:\Program Files\Neo4j CE 2.3.1\jre\lib\rt.jar
2015-12-09 21:19:10.464+0000 INFO  [o.n.k.i.DiagnosticsManager]  [bootstrap] C:\Program Files\Neo4j CE 2.3.1\jre\lib\charsets.jar
2015-12-09 21:19:10.464+0000 INFO  [o.n.k.i.DiagnosticsManager]  [loader.1] file:/C:/Program%20Files/Neo4j%20CE%202.3.1/jre/lib/ext/sunjce_provider.jar
2015-12-09 21:19:10.464+0000 INFO  [o.n.k.i.DiagnosticsManager]  [bootstrap] C:\Program Files\Neo4j CE 2.3.1\jre\classes
2015-12-09 21:19:10.464+0000 INFO  [o.n.k.i.DiagnosticsManager]  [loader.1] file:/C:/Program%20Files/Neo4j%20CE%202.3.1/jre/lib/ext/zipfs.jar
2015-12-09 21:19:10.464+0000 INFO  [o.n.k.i.DiagnosticsManager]  [loader.1] file:/C:/Program%20Files/Neo4j%20CE%202.3.1/jre/lib/ext/jaccess.jar
2015-12-09 21:19:10.464+0000 INFO  [o.n.k.i.DiagnosticsManager]  [loader.1] file:/C:/Program%20Files/Neo4j%20CE%202.3.1/jre/lib/ext/sunec.jar
2015-12-09 21:19:10.464+0000 INFO  [o.n.k.i.DiagnosticsManager]  [classpath] C:\Program Files\Neo4j CE 2.3.1\bin\neo4j-desktop-2.3.1.jar
2015-12-09 21:19:10.464+0000 INFO  [o.n.k.i.DiagnosticsManager] Library path:
2015-12-09 21:19:10.464+0000 INFO  [o.n.k.i.DiagnosticsManager] C:\Program Files (x86)\AMD APP\bin\x86_64
2015-12-09 21:19:10.464+0000 INFO  [o.n.k.i.DiagnosticsManager] C:\Program Files (x86)\AMD APP\bin\x86
2015-12-09 21:19:10.465+0000 INFO  [o.n.k.i.DiagnosticsManager] C:\ProgramData\Oracle\Java\javapath
2015-12-09 21:19:10.465+0000 INFO  [o.n.k.i.DiagnosticsManager] C:\Windows\System32
2015-12-09 21:19:10.465+0000 INFO  [o.n.k.i.DiagnosticsManager] C:\Windows
2015-12-09 21:19:10.465+0000 INFO  [o.n.k.i.DiagnosticsManager] C:\Windows\System32\wbem
2015-12-09 21:19:10.465+0000 INFO  [o.n.k.i.DiagnosticsManager] C:\Windows\System32\WindowsPowerShell\v1.0
2015-12-09 21:19:10.465+0000 INFO  [o.n.k.i.DiagnosticsManager] C:\Program Files (x86)\MiKTeX 2.9\miktex\bin
2015-12-09 21:19:10.466+0000 INFO  [o.n.k.i.DiagnosticsManager] C:\Program Files\TortoiseSVN\bin
2015-12-09 21:19:10.466+0000 INFO  [o.n.k.i.DiagnosticsManager] C:\Windows\System32\config\systemprofile\.dnx\bin
2015-12-09 21:19:10.466+0000 INFO  [o.n.k.i.DiagnosticsManager] C:\Program Files\Microsoft DNX\Dnvm
2015-12-09 21:19:10.466+0000 INFO  [o.n.k.i.DiagnosticsManager] C:\Program Files\MATLAB\R2015b\runtime\win64
2015-12-09 21:19:10.466+0000 INFO  [o.n.k.i.DiagnosticsManager] C:\Program Files\MATLAB\R2015b\bin
2015-12-09 21:19:10.466+0000 INFO  [o.n.k.i.DiagnosticsManager] C:\Program Files (x86)\ATI Technologies\ATI.ACE\Core-Static
2015-12-09 21:19:10.467+0000 INFO  [o.n.k.i.DiagnosticsManager] C:\Program Files\Neo4j CE 2.3.1\jre\bin
2015-12-09 21:19:10.467+0000 INFO  [o.n.k.i.DiagnosticsManager] System.properties:
2015-12-09 21:19:10.467+0000 INFO  [o.n.k.i.DiagnosticsManager] exe4j.moduleName = C:\Program Files\Neo4j CE 2.3.1\bin\neo4j-ce.exe
2015-12-09 21:19:10.467+0000 INFO  [o.n.k.i.DiagnosticsManager] exe4j.semaphoreName = Local\c:_program_files_neo4j_ce_2.3.1_bin_neo4j-ce.exe
2015-12-09 21:19:10.467+0000 INFO  [o.n.k.i.DiagnosticsManager] sun.boot.library.path = c:\program files\neo4j ce 2.3.1\jre\bin
2015-12-09 21:19:10.467+0000 INFO  [o.n.k.i.DiagnosticsManager] exe4j.consoleCodepage = cp0
2015-12-09 21:19:10.467+0000 INFO  [o.n.k.i.DiagnosticsManager] path.separator = ;
2015-12-09 21:19:10.467+0000 INFO  [o.n.k.i.DiagnosticsManager] file.encoding.pkg = sun.io
2015-12-09 21:19:10.467+0000 INFO  [o.n.k.i.DiagnosticsManager] user.country = US
2015-12-09 21:19:10.467+0000 INFO  [o.n.k.i.DiagnosticsManager] user.script = 
2015-12-09 21:19:10.467+0000 INFO  [o.n.k.i.DiagnosticsManager] sun.os.patch.level = 
2015-12-09 21:19:10.467+0000 INFO  [o.n.k.i.DiagnosticsManager] install4j.exeDir = C:\Program Files\Neo4j CE 2.3.1\bin\
2015-12-09 21:19:10.467+0000 INFO  [o.n.k.i.DiagnosticsManager] user.dir = C:\Program Files\Neo4j CE 2.3.1\bin
2015-12-09 21:19:10.467+0000 INFO  [o.n.k.i.DiagnosticsManager] neo4j.ext.udc.source = desktop
2015-12-09 21:19:10.467+0000 INFO  [o.n.k.i.DiagnosticsManager] user.variant = 
2015-12-09 21:19:10.467+0000 INFO  [o.n.k.i.DiagnosticsManager] exe4j.tempDir = 
2015-12-09 21:19:10.467+0000 INFO  [o.n.k.i.DiagnosticsManager] sun.jnu.encoding = Cp1252
2015-12-09 21:19:10.467+0000 INFO  [o.n.k.i.DiagnosticsManager] sun.awt.enableExtraMouseButtons = true
2015-12-09 21:19:10.467+0000 INFO  [o.n.k.i.DiagnosticsManager] install4j.launcherId = 24
2015-12-09 21:19:10.467+0000 INFO  [o.n.k.i.DiagnosticsManager] sun.management.compiler = HotSpot 64-Bit Tiered Compilers
2015-12-09 21:19:10.467+0000 INFO  [o.n.k.i.DiagnosticsManager] exe4j.isInstall4j = true
2015-12-09 21:19:10.467+0000 INFO  [o.n.k.i.DiagnosticsManager] install4j.swt = false
2015-12-09 21:19:10.467+0000 INFO  [o.n.k.i.DiagnosticsManager] user.home = C:\Users\cez
2015-12-09 21:19:10.467+0000 INFO  [o.n.k.i.DiagnosticsManager] user.timezone = America/Chicago
2015-12-09 21:19:10.467+0000 INFO  [o.n.k.i.DiagnosticsManager] file.encoding = Cp1252
2015-12-09 21:19:10.467+0000 INFO  [o.n.k.i.DiagnosticsManager] user.name = cez
2015-12-09 21:19:10.467+0000 INFO  [o.n.k.i.DiagnosticsManager] sun.java.command = C:\Program Files\Neo4j CE 2.3.1\bin\neo4j-ce.exe
2015-12-09 21:19:10.467+0000 INFO  [o.n.k.i.DiagnosticsManager] sun.arch.data.model = 64
2015-12-09 21:19:10.467+0000 INFO  [o.n.k.i.DiagnosticsManager] exe4j.launchName = C:\Program Files\Neo4j CE 2.3.1\bin\neo4j-ce.exe
2015-12-09 21:19:10.467+0000 INFO  [o.n.k.i.DiagnosticsManager] user.language = en
2015-12-09 21:19:10.467+0000 INFO  [o.n.k.i.DiagnosticsManager] awt.toolkit = sun.awt.windows.WToolkit
2015-12-09 21:19:10.467+0000 INFO  [o.n.k.i.DiagnosticsManager] exe4j.unextractedPosition = 0
2015-12-09 21:19:10.467+0000 INFO  [o.n.k.i.DiagnosticsManager] install4j.appDir = C:\Program Files\Neo4j CE 2.3.1\
2015-12-09 21:19:10.467+0000 INFO  [o.n.k.i.DiagnosticsManager] file.separator = \
2015-12-09 21:19:10.467+0000 INFO  [o.n.k.i.DiagnosticsManager] sun.io.unicode.encoding = UnicodeLittle
2015-12-09 21:19:10.467+0000 INFO  [o.n.k.i.DiagnosticsManager] sun.cpu.endian = little
2015-12-09 21:19:10.467+0000 INFO  [o.n.k.i.DiagnosticsManager] sun.desktop = windows
2015-12-09 21:19:10.467+0000 INFO  [o.n.k.i.DiagnosticsManager] sun.cpu.isalist = amd64
2015-12-09 21:19:10.467+0000 INFO  [o.n.k.i.DiagnosticsManager] Network information:
2015-12-09 21:19:10.481+0000 INFO  [o.n.k.i.DiagnosticsManager] Interface Software Loopback Interface 1:
2015-12-09 21:19:10.481+0000 INFO  [o.n.k.i.DiagnosticsManager]     address: 127.0.0.1
2015-12-09 21:19:10.481+0000 INFO  [o.n.k.i.DiagnosticsManager]     address: 0:0:0:0:0:0:0:1
2015-12-09 21:19:10.481+0000 INFO  [o.n.k.i.DiagnosticsManager] Interface Microsoft Kernel Debug Network Adapter:
2015-12-09 21:19:10.481+0000 INFO  [o.n.k.i.DiagnosticsManager] Interface Intel(R) 82578DM Gigabit Network Connection:
2015-12-09 21:19:10.481+0000 INFO  [o.n.k.i.DiagnosticsManager]     address: 10.24.47.166
2015-12-09 21:19:10.481+0000 INFO  [o.n.k.i.DiagnosticsManager]     address: 2610:130:101:d00:4493:c16:efa9:8b55
2015-12-09 21:19:10.481+0000 INFO  [o.n.k.i.DiagnosticsManager]     address: 2610:130:101:d00:a502:b02c:1a2d:577b
2015-12-09 21:19:10.481+0000 INFO  [o.n.k.i.DiagnosticsManager]     address: fe80:0:0:0:4493:c16:efa9:8b55%3
2015-12-09 21:19:10.481+0000 INFO  [o.n.k.i.DiagnosticsManager] Interface Microsoft ISATAP Adapter:
2015-12-09 21:19:10.481+0000 INFO  [o.n.k.i.DiagnosticsManager]     address: fe80:0:0:0:0:5efe:c0a8:3801%4
2015-12-09 21:19:10.481+0000 INFO  [o.n.k.i.DiagnosticsManager] Interface Teredo Tunneling Pseudo-Interface:
2015-12-09 21:19:10.481+0000 INFO  [o.n.k.i.DiagnosticsManager] Interface Microsoft ISATAP Adapter #2:
2015-12-09 21:19:10.481+0000 INFO  [o.n.k.i.DiagnosticsManager]     address: fe80:0:0:0:0:5efe:a18:2fa6%6
2015-12-09 21:19:10.481+0000 INFO  [o.n.k.i.DiagnosticsManager] Interface VirtualBox Host-Only Ethernet Adapter:
2015-12-09 21:19:10.481+0000 INFO  [o.n.k.i.DiagnosticsManager]     address: 192.168.56.1
2015-12-09 21:19:10.481+0000 INFO  [o.n.k.i.DiagnosticsManager]     address: fe80:0:0:0:4133:2d33:29c2:6efa%7
2015-12-09 21:19:10.481+0000 INFO  [o.n.k.i.DiagnosticsManager] Interface Microsoft ISATAP Adapter #3:
2015-12-09 21:19:10.481+0000 INFO  [o.n.k.i.DiagnosticsManager] Interface VirtualBox Host-Only Ethernet Adapter-WFP Native MAC Layer LightWeight Filter-0000:
2015-12-09 21:19:10.481+0000 INFO  [o.n.k.i.DiagnosticsManager] Interface VirtualBox Host-Only Ethernet Adapter-VirtualBox NDIS Light-Weight Filter-0000:
2015-12-09 21:19:10.481+0000 INFO  [o.n.k.i.DiagnosticsManager] Interface VirtualBox Host-Only Ethernet Adapter-QoS Packet Scheduler-0000:
2015-12-09 21:19:10.481+0000 INFO  [o.n.k.i.DiagnosticsManager] Interface VirtualBox Host-Only Ethernet Adapter-WFP 802.3 MAC Layer LightWeight Filter-0000:
2015-12-09 21:19:10.481+0000 INFO  [o.n.k.i.DiagnosticsManager] Interface Intel(R) 82578DM Gigabit Network Connection-WFP Native MAC Layer LightWeight Filter-0000:
2015-12-09 21:19:10.481+0000 INFO  [o.n.k.i.DiagnosticsManager] Interface Intel(R) 82578DM Gigabit Network Connection-VirtualBox NDIS Light-Weight Filter-0000:
2015-12-09 21:19:10.481+0000 INFO  [o.n.k.i.DiagnosticsManager] Interface Intel(R) 82578DM Gigabit Network Connection-QoS Packet Scheduler-0000:
2015-12-09 21:19:10.482+0000 INFO  [o.n.k.i.DiagnosticsManager] Interface Intel(R) 82578DM Gigabit Network Connection-WFP 802.3 MAC Layer LightWeight Filter-0000:
2015-12-09 21:19:10.482+0000 INFO  [o.n.k.i.DiagnosticsManager] --- INITIALIZED diagnostics END ---
2015-12-09 21:19:13.434+0000 INFO  [o.n.k.a.i.i.LuceneLabelScanStore] No lucene scan store index found, this might just be first use. Preparing to rebuild.
2015-12-09 21:19:13.438+0000 INFO  [o.n.k.NeoStoreDataSource] Opened logical log [C:\561\2000\2000D1\neostore.transaction.db.0] version=0, lastTxId=1 (clean)
2015-12-09 21:19:13.442+0000 WARN  [o.n.k.i.s.MetaDataStore] Missing counts store, rebuilding it.
2015-12-09 21:19:13.512+0000 INFO  [o.n.k.a.i.i.LuceneLabelScanStore] Rebuilding lucene scan store, this may take a while
2015-12-09 21:19:13.514+0000 INFO  [o.n.k.a.i.i.LuceneLabelScanStore] Lucene scan store rebuilt (roughly -1 nodes)
2015-12-09 21:19:13.517+0000 INFO  [o.n.k.KernelHealth] Kernel health set to OK
2015-12-09 21:19:13.526+0000 INFO  [o.n.k.AvailabilityGuard] Fulfilling of requirement makes database available: Database available
2015-12-09 21:19:13.529+0000 INFO  [o.n.k.i.f.CommunityFacadeFactory] Database is now ready
2015-12-09 21:19:13.532+0000 INFO  [o.n.k.i.DiagnosticsManager] --- STARTED diagnostics for KernelDiagnostics:Versions START ---
2015-12-09 21:19:13.536+0000 INFO  [o.n.k.i.DiagnosticsManager] Graph Database: Community StoreId{creationTime=1449695953349, randomId=3358656486013357378, storeVersion=15250506225055238, upgradeTime=1449695953349, upgradeId=1}
2015-12-09 21:19:13.538+0000 INFO  [o.n.k.i.DiagnosticsManager] Kernel version: 2.3.1
2015-12-09 21:19:13.541+0000 INFO  [o.n.k.i.DiagnosticsManager] --- STARTED diagnostics for KernelDiagnostics:Versions END ---
2015-12-09 21:19:13.543+0000 INFO  [o.n.k.i.DiagnosticsManager] --- STARTED diagnostics for NEO_STORE_VERSIONS START ---
2015-12-09 21:19:13.546+0000 INFO  [o.n.k.i.DiagnosticsManager] Store versions:
2015-12-09 21:19:13.548+0000 INFO  [o.n.k.i.DiagnosticsManager] Store versions:
2015-12-09 21:19:13.551+0000 INFO  [o.n.k.i.DiagnosticsManager] ArrayPropertyStore v0.A.6
2015-12-09 21:19:13.553+0000 INFO  [o.n.k.i.DiagnosticsManager] NodeStore v0.A.6
2015-12-09 21:19:13.556+0000 INFO  [o.n.k.i.DiagnosticsManager] StringPropertyStore v0.A.6
2015-12-09 21:19:13.558+0000 INFO  [o.n.k.i.DiagnosticsManager] PropertyIndexStore v0.A.6
2015-12-09 21:19:13.561+0000 INFO  [o.n.k.i.DiagnosticsManager] StringPropertyStore v0.A.6
2015-12-09 21:19:13.563+0000 INFO  [o.n.k.i.DiagnosticsManager] ArrayPropertyStore v0.A.6
2015-12-09 21:19:13.565+0000 INFO  [o.n.k.i.DiagnosticsManager] PropertyStore v0.A.6
2015-12-09 21:19:13.568+0000 INFO  [o.n.k.i.DiagnosticsManager] RelationshipStore v0.A.6
2015-12-09 21:19:13.570+0000 INFO  [o.n.k.i.DiagnosticsManager] StringPropertyStore v0.A.6
2015-12-09 21:19:13.573+0000 INFO  [o.n.k.i.DiagnosticsManager] RelationshipTypeStore v0.A.6
2015-12-09 21:19:13.575+0000 INFO  [o.n.k.i.DiagnosticsManager] StringPropertyStore v0.A.6
2015-12-09 21:19:13.577+0000 INFO  [o.n.k.i.DiagnosticsManager] LabelTokenStore v0.A.6
2015-12-09 21:19:13.580+0000 INFO  [o.n.k.i.DiagnosticsManager] SchemaStore v0.A.6
2015-12-09 21:19:13.582+0000 INFO  [o.n.k.i.DiagnosticsManager] RelationshipGroupStore v0.A.6
2015-12-09 21:19:13.585+0000 INFO  [o.n.k.i.DiagnosticsManager] NeoStore v0.A.6
2015-12-09 21:19:13.587+0000 INFO  [o.n.k.i.DiagnosticsManager] --- STARTED diagnostics for NEO_STORE_VERSIONS END ---
2015-12-09 21:19:13.589+0000 INFO  [o.n.k.i.DiagnosticsManager] --- STARTED diagnostics for NEO_STORE_ID_USAGE START ---
2015-12-09 21:19:13.592+0000 INFO  [o.n.k.i.DiagnosticsManager] Id usage:
2015-12-09 21:19:13.594+0000 INFO  [o.n.k.i.DiagnosticsManager] Id usage:
2015-12-09 21:19:13.596+0000 INFO  [o.n.k.i.DiagnosticsManager]   ArrayPropertyStore v0.A.6: used=1 high=0
2015-12-09 21:19:13.599+0000 INFO  [o.n.k.i.DiagnosticsManager]   NodeStore v0.A.6: used=0 high=-1
2015-12-09 21:19:13.601+0000 INFO  [o.n.k.i.DiagnosticsManager]   StringPropertyStore v0.A.6: used=1 high=0
2015-12-09 21:19:13.603+0000 INFO  [o.n.k.i.DiagnosticsManager]   PropertyIndexStore v0.A.6: used=0 high=-1
2015-12-09 21:19:13.606+0000 INFO  [o.n.k.i.DiagnosticsManager]   StringPropertyStore v0.A.6: used=1 high=0
2015-12-09 21:19:13.608+0000 INFO  [o.n.k.i.DiagnosticsManager]   ArrayPropertyStore v0.A.6: used=1 high=0
2015-12-09 21:19:13.611+0000 INFO  [o.n.k.i.DiagnosticsManager]   PropertyStore v0.A.6: used=0 high=-1
2015-12-09 21:19:13.613+0000 INFO  [o.n.k.i.DiagnosticsManager]   RelationshipStore v0.A.6: used=0 high=-1
2015-12-09 21:19:13.615+0000 INFO  [o.n.k.i.DiagnosticsManager]   StringPropertyStore v0.A.6: used=1 high=0
2015-12-09 21:19:13.618+0000 INFO  [o.n.k.i.DiagnosticsManager]   RelationshipTypeStore v0.A.6: used=0 high=-1
2015-12-09 21:19:13.620+0000 INFO  [o.n.k.i.DiagnosticsManager]   StringPropertyStore v0.A.6: used=1 high=0
2015-12-09 21:19:13.622+0000 INFO  [o.n.k.i.DiagnosticsManager]   LabelTokenStore v0.A.6: used=0 high=-1
2015-12-09 21:19:13.625+0000 INFO  [o.n.k.i.DiagnosticsManager]   SchemaStore v0.A.6: used=1 high=0
2015-12-09 21:19:13.627+0000 INFO  [o.n.k.i.DiagnosticsManager]   RelationshipGroupStore v0.A.6: used=1 high=0
2015-12-09 21:19:13.629+0000 INFO  [o.n.k.i.DiagnosticsManager]   NeoStore v0.A.6: used=13 high=12
2015-12-09 21:19:13.632+0000 INFO  [o.n.k.i.DiagnosticsManager] --- STARTED diagnostics for NEO_STORE_ID_USAGE END ---
2015-12-09 21:19:13.634+0000 INFO  [o.n.k.i.DiagnosticsManager] --- STARTED diagnostics for NEO_STORE_RECORDS START ---
2015-12-09 21:19:13.636+0000 INFO  [o.n.k.i.DiagnosticsManager] Neostore records:
2015-12-09 21:19:13.639+0000 INFO  [o.n.k.i.DiagnosticsManager] TIME (Creation time): 1449695953349
2015-12-09 21:19:13.641+0000 INFO  [o.n.k.i.DiagnosticsManager] RANDOM_NUMBER (Random number for store id): 3358656486013357378
2015-12-09 21:19:13.643+0000 INFO  [o.n.k.i.DiagnosticsManager] LOG_VERSION (Current log version): 0
2015-12-09 21:19:13.646+0000 INFO  [o.n.k.i.DiagnosticsManager] LAST_TRANSACTION_ID (Last committed transaction): 1
2015-12-09 21:19:13.648+0000 INFO  [o.n.k.i.DiagnosticsManager] STORE_VERSION (Store format version): 15250506225055238
2015-12-09 21:19:13.650+0000 INFO  [o.n.k.i.DiagnosticsManager] FIRST_GRAPH_PROPERTY (First property record containing graph properties): -1
2015-12-09 21:19:13.653+0000 INFO  [o.n.k.i.DiagnosticsManager] LAST_CONSTRAINT_TRANSACTION (Last committed transaction containing constraint changes): 0
2015-12-09 21:19:13.655+0000 INFO  [o.n.k.i.DiagnosticsManager] UPGRADE_TRANSACTION_ID (Transaction id most recent upgrade was performed at): 1
2015-12-09 21:19:13.658+0000 INFO  [o.n.k.i.DiagnosticsManager] UPGRADE_TIME (Time of last upgrade): 1449695953349
2015-12-09 21:19:13.660+0000 INFO  [o.n.k.i.DiagnosticsManager] LAST_TRANSACTION_CHECKSUM (Checksum of last committed transaction): 0
2015-12-09 21:19:13.663+0000 INFO  [o.n.k.i.DiagnosticsManager] UPGRADE_TRANSACTION_CHECKSUM (Checksum of transaction id the most recent upgrade was performed at): 0
2015-12-09 21:19:13.665+0000 INFO  [o.n.k.i.DiagnosticsManager] LAST_CLOSED_TRANSACTION_LOG_VERSION (Log version where the last transaction commit entry has been written into): 0
2015-12-09 21:19:13.667+0000 INFO  [o.n.k.i.DiagnosticsManager] LAST_CLOSED_TRANSACTION_LOG_BYTE_OFFSET (Byte offset in the log file where the last transaction commit entry has been written into): 16
2015-12-09 21:19:13.670+0000 INFO  [o.n.k.i.DiagnosticsManager] --- STARTED diagnostics for NEO_STORE_RECORDS END ---
2015-12-09 21:19:13.672+0000 INFO  [o.n.k.i.DiagnosticsManager] --- STARTED diagnostics for TRANSACTION_RANGE START ---
2015-12-09 21:19:13.674+0000 INFO  [o.n.k.i.DiagnosticsManager] Transaction log:
2015-12-09 21:19:13.677+0000 INFO  [o.n.k.i.DiagnosticsManager] No transactions found in any log
2015-12-09 21:19:13.680+0000 INFO  [o.n.k.i.DiagnosticsManager] --- STARTED diagnostics for TRANSACTION_RANGE END ---
2015-12-09 21:19:13.682+0000 INFO  [o.n.k.i.DiagnosticsManager] --- STARTED diagnostics for KernelDiagnostics:StoreFiles START ---
2015-12-09 21:19:13.685+0000 INFO  [o.n.k.i.DiagnosticsManager] Disk space on partition (Total / Free / Free %): 499738734592 / 397712859136 / 79
Storage files: (filename : modification date - size)
2015-12-09 21:19:13.688+0000 INFO  [o.n.k.i.DiagnosticsManager]   dbms:
2015-12-09 21:19:13.691+0000 INFO  [o.n.k.i.DiagnosticsManager]     ssl:
2015-12-09 21:19:13.694+0000 INFO  [o.n.k.i.DiagnosticsManager]       snakeoil.cert: 2015-12-09T15:19:10-0600 - 630.00 B
2015-12-09 21:19:13.696+0000 INFO  [o.n.k.i.DiagnosticsManager]       snakeoil.key: 2015-12-09T15:19:10-0600 - 914.00 B
2015-12-09 21:19:13.699+0000 INFO  [o.n.k.i.DiagnosticsManager]     - Total: 2015-12-09T15:19:10-0600 - 1.51 kB
2015-12-09 21:19:13.701+0000 INFO  [o.n.k.i.DiagnosticsManager]   - Total: 2015-12-09T15:19:10-0600 - 1.51 kB
2015-12-09 21:19:13.704+0000 INFO  [o.n.k.i.DiagnosticsManager]   index:
2015-12-09 21:19:13.707+0000 INFO  [o.n.k.i.DiagnosticsManager]   - Total: 2015-12-09T15:19:13-0600 - 0.00 B
2015-12-09 21:19:13.709+0000 INFO  [o.n.k.i.DiagnosticsManager]   messages.log: 2015-12-09T15:19:10-0600 - 26.40 kB
2015-12-09 21:19:13.712+0000 INFO  [o.n.k.i.DiagnosticsManager]   neo4j.properties: 2015-12-09T15:19:10-0600 - 1.30 kB
2015-12-09 21:19:13.715+0000 INFO  [o.n.k.i.DiagnosticsManager]   neostore: 2015-12-09T15:19:13-0600 - 8.00 kB
2015-12-09 21:19:13.717+0000 INFO  [o.n.k.i.DiagnosticsManager]   neostore.counts.db.a: 2015-12-09T15:19:13-0600 - 96.00 B
2015-12-09 21:19:13.720+0000 INFO  [o.n.k.i.DiagnosticsManager]   neostore.id: 2015-12-09T15:19:13-0600 - 9.00 B
2015-12-09 21:19:13.723+0000 INFO  [o.n.k.i.DiagnosticsManager]   neostore.labeltokenstore.db: 2015-12-09T15:19:12-0600 - 0.00 B
2015-12-09 21:19:13.725+0000 INFO  [o.n.k.i.DiagnosticsManager]   neostore.labeltokenstore.db.id: 2015-12-09T15:19:12-0600 - 9.00 B
2015-12-09 21:19:13.728+0000 INFO  [o.n.k.i.DiagnosticsManager]   neostore.labeltokenstore.db.names: 2015-12-09T15:19:12-0600 - 8.00 kB
2015-12-09 21:19:13.731+0000 INFO  [o.n.k.i.DiagnosticsManager]   neostore.labeltokenstore.db.names.id: 2015-12-09T15:19:12-0600 - 9.00 B
2015-12-09 21:19:14.019+0000 INFO  [o.n.k.i.DiagnosticsManager]   neostore.nodestore.db: 2015-12-09T15:19:10-0600 - 0.00 B
2015-12-09 21:19:14.023+0000 INFO  [o.n.k.i.DiagnosticsManager]   neostore.nodestore.db.id: 2015-12-09T15:19:10-0600 - 9.00 B
2015-12-09 21:19:14.026+0000 INFO  [o.n.k.i.DiagnosticsManager]   neostore.nodestore.db.labels: 2015-12-09T15:19:10-0600 - 8.00 kB
2015-12-09 21:19:14.028+0000 INFO  [o.n.k.i.DiagnosticsManager]   neostore.nodestore.db.labels.id: 2015-12-09T15:19:10-0600 - 9.00 B
2015-12-09 21:19:14.031+0000 INFO  [o.n.k.i.DiagnosticsManager]   neostore.propertystore.db: 2015-12-09T15:19:11-0600 - 0.00 B
2015-12-09 21:19:14.034+0000 INFO  [o.n.k.i.DiagnosticsManager]   neostore.propertystore.db.arrays: 2015-12-09T15:19:11-0600 - 8.00 kB
2015-12-09 21:19:14.037+0000 INFO  [o.n.k.i.DiagnosticsManager]   neostore.propertystore.db.arrays.id: 2015-12-09T15:19:11-0600 - 9.00 B
2015-12-09 21:19:14.040+0000 INFO  [o.n.k.i.DiagnosticsManager]   neostore.propertystore.db.id: 2015-12-09T15:19:11-0600 - 9.00 B
2015-12-09 21:19:14.043+0000 INFO  [o.n.k.i.DiagnosticsManager]   neostore.propertystore.db.index: 2015-12-09T15:19:11-0600 - 0.00 B
2015-12-09 21:19:14.046+0000 INFO  [o.n.k.i.DiagnosticsManager]   neostore.propertystore.db.index.id: 2015-12-09T15:19:11-0600 - 9.00 B
2015-12-09 21:19:14.048+0000 INFO  [o.n.k.i.DiagnosticsManager]   neostore.propertystore.db.index.keys: 2015-12-09T15:19:11-0600 - 8.00 kB
2015-12-09 21:19:14.050+0000 INFO  [o.n.k.i.DiagnosticsManager]   neostore.propertystore.db.index.keys.id: 2015-12-09T15:19:11-0600 - 9.00 B
2015-12-09 21:19:14.053+0000 INFO  [o.n.k.i.DiagnosticsManager]   neostore.propertystore.db.strings: 2015-12-09T15:19:11-0600 - 8.00 kB
2015-12-09 21:19:14.055+0000 INFO  [o.n.k.i.DiagnosticsManager]   neostore.propertystore.db.strings.id: 2015-12-09T15:19:11-0600 - 9.00 B
2015-12-09 21:19:14.058+0000 INFO  [o.n.k.i.DiagnosticsManager]   neostore.relationshipgroupstore.db: 2015-12-09T15:19:13-0600 - 8.00 kB
2015-12-09 21:19:14.060+0000 INFO  [o.n.k.i.DiagnosticsManager]   neostore.relationshipgroupstore.db.id: 2015-12-09T15:19:13-0600 - 9.00 B
2015-12-09 21:19:14.063+0000 INFO  [o.n.k.i.DiagnosticsManager]   neostore.relationshipstore.db: 2015-12-09T15:19:11-0600 - 0.00 B
2015-12-09 21:19:14.066+0000 INFO  [o.n.k.i.DiagnosticsManager]   neostore.relationshipstore.db.id: 2015-12-09T15:19:11-0600 - 9.00 B
2015-12-09 21:19:14.068+0000 INFO  [o.n.k.i.DiagnosticsManager]   neostore.relationshiptypestore.db: 2015-12-09T15:19:12-0600 - 0.00 B
2015-12-09 21:19:14.071+0000 INFO  [o.n.k.i.DiagnosticsManager]   neostore.relationshiptypestore.db.id: 2015-12-09T15:19:12-0600 - 9.00 B
2015-12-09 21:19:14.074+0000 INFO  [o.n.k.i.DiagnosticsManager]   neostore.relationshiptypestore.db.names: 2015-12-09T15:19:12-0600 - 8.00 kB
2015-12-09 21:19:14.076+0000 INFO  [o.n.k.i.DiagnosticsManager]   neostore.relationshiptypestore.db.names.id: 2015-12-09T15:19:12-0600 - 9.00 B
2015-12-09 21:19:14.079+0000 INFO  [o.n.k.i.DiagnosticsManager]   neostore.schemastore.db: 2015-12-09T15:19:12-0600 - 8.00 kB
2015-12-09 21:19:14.082+0000 INFO  [o.n.k.i.DiagnosticsManager]   neostore.schemastore.db.id: 2015-12-09T15:19:13-0600 - 9.00 B
2015-12-09 21:19:14.084+0000 INFO  [o.n.k.i.DiagnosticsManager]   neostore.transaction.db.0: 2015-12-09T15:19:13-0600 - 16.00 B
2015-12-09 21:19:14.086+0000 INFO  [o.n.k.i.DiagnosticsManager]   schema:
2015-12-09 21:19:14.089+0000 INFO  [o.n.k.i.DiagnosticsManager]     label:
2015-12-09 21:19:14.091+0000 INFO  [o.n.k.i.DiagnosticsManager]       lucene:
2015-12-09 21:19:14.094+0000 INFO  [o.n.k.i.DiagnosticsManager]         write.lock: 2015-12-09T15:19:13-0600 - 0.00 B
2015-12-09 21:19:14.096+0000 INFO  [o.n.k.i.DiagnosticsManager]       - Total: 2015-12-09T15:19:13-0600 - 0.00 B
2015-12-09 21:19:14.099+0000 INFO  [o.n.k.i.DiagnosticsManager]     - Total: 2015-12-09T15:19:13-0600 - 0.00 B
2015-12-09 21:19:14.101+0000 INFO  [o.n.k.i.DiagnosticsManager]   - Total: 2015-12-09T15:19:13-0600 - 0.00 B
2015-12-09 21:19:14.104+0000 INFO  [o.n.k.i.DiagnosticsManager]   store_lock: 2015-12-09T15:19:10-0600 - 0.00 B
2015-12-09 21:19:14.106+0000 INFO  [o.n.k.i.DiagnosticsManager] --- STARTED diagnostics for KernelDiagnostics:StoreFiles END ---
2015-12-09 21:19:14.119+0000 INFO  [o.n.k.i.DiagnosticsManager] --- SERVER STARTED START ---
2015-12-09 21:19:14.866+0000 INFO  [o.n.k.i.DiagnosticsManager] --- SERVER STARTED END ---
2015-12-09 21:23:09.885+0000 INFO  [o.n.k.i.f.GraphDatabaseFacade] Shutdown started
2015-12-09 21:23:09.887+0000 INFO  [o.n.k.i.f.CommunityFacadeFactory] Database is now unavailable
2015-12-09 21:23:09.961+0000 INFO  [o.n.k.i.s.c.CountsTracker] About to rotate counts store at transaction 2009 to [C:\561\2000\2000D1\neostore.counts.db.b], from [C:\561\2000\2000D1\neostore.counts.db.a].
2015-12-09 21:23:09.969+0000 INFO  [o.n.k.i.s.c.CountsTracker] Successfully rotated counts store at transaction 2009 to [C:\561\2000\2000D1\neostore.counts.db.b], from [C:\561\2000\2000D1\neostore.counts.db.a].
2015-12-09 21:23:10.115+0000 INFO  [o.n.k.i.t.l.c.CheckPointerImpl] Check Pointing triggered by database shutdown [2009]:  Starting check pointing...
2015-12-09 21:23:10.121+0000 INFO  [o.n.k.i.t.l.c.CheckPointerImpl] Check Pointing triggered by database shutdown [2009]:  Starting store flush...
2015-12-09 21:23:10.148+0000 INFO  [o.n.k.i.t.l.c.CheckPointerImpl] Check Pointing triggered by database shutdown [2009]:  Store flush completed
2015-12-09 21:23:10.154+0000 INFO  [o.n.k.i.t.l.c.CheckPointerImpl] Check Pointing triggered by database shutdown [2009]:  Starting appending check point entry into the tx log...
2015-12-09 21:23:10.185+0000 INFO  [o.n.k.i.t.l.c.CheckPointerImpl] Check Pointing triggered by database shutdown [2009]:  Appending check point entry into the tx log completed
2015-12-09 21:23:10.190+0000 INFO  [o.n.k.i.t.l.c.CheckPointerImpl] Check Pointing triggered by database shutdown [2009]:  Check pointing completed
2015-12-09 21:23:10.197+0000 INFO  [o.n.k.i.t.l.p.LogPruningImpl] Log Rotation [0]:  Starting log pruning.
2015-12-09 21:23:10.203+0000 INFO  [o.n.k.i.t.l.p.LogPruningImpl] Log Rotation [0]:  Log pruning complete.
2015-12-09 21:23:11.680+0000 INFO  [o.n.k.NeoStoreDataSource] NeoStores closed
2015-12-09 21:23:11.687+0000 INFO  [o.n.k.i.DiagnosticsManager] --- STOPPING diagnostics START ---
2015-12-09 21:23:11.687+0000 INFO  [o.n.k.i.DiagnosticsManager] --- STOPPING diagnostics END ---
2015-12-10 20:57:49.999+0000 INFO  [o.n.k.i.f.CommunityFacadeFactory] No locking implementation specified, defaulting to 'community'
2015-12-10 20:57:50.040+0000 INFO  [o.n.k.AvailabilityGuard] Requirement makes database unavailable: Database available
2015-12-10 20:57:50.042+0000 INFO  [o.n.k.i.DiagnosticsManager] --- INITIALIZED diagnostics START ---
2015-12-10 20:57:50.042+0000 INFO  [o.n.k.i.DiagnosticsManager] Neo4j Kernel properties:
2015-12-10 20:57:50.042+0000 INFO  [o.n.k.i.DiagnosticsManager] org.neo4j.server.db.tuning.properties=C:\561\2000\2000D1\neo4j.properties
2015-12-10 20:57:50.042+0000 INFO  [o.n.k.i.DiagnosticsManager] org.neo4j.server.database.location=C:\561\2000\2000D1
2015-12-10 20:57:50.042+0000 INFO  [o.n.k.i.DiagnosticsManager] dbms.querylog.filename=data/log/queries.log
2015-12-10 20:57:50.042+0000 INFO  [o.n.k.i.DiagnosticsManager] dbms.security.auth_store.location=C:\561\2000\2000D1\.\dbms\auth
2015-12-10 20:57:50.043+0000 INFO  [o.n.k.i.DiagnosticsManager] dbms.security.tls_certificate_file=C:\561\2000\2000D1\.\dbms\ssl\snakeoil.cert
2015-12-10 20:57:50.043+0000 INFO  [o.n.k.i.DiagnosticsManager] remote_shell_enabled=true
2015-12-10 20:57:50.043+0000 INFO  [o.n.k.i.DiagnosticsManager] edition=Community
2015-12-10 20:57:50.043+0000 INFO  [o.n.k.i.DiagnosticsManager] dbms.security.tls_key_file=C:\561\2000\2000D1\.\dbms\ssl\snakeoil.key
2015-12-10 20:57:50.043+0000 INFO  [o.n.k.i.DiagnosticsManager] Diagnostics providers:
2015-12-10 20:57:50.043+0000 INFO  [o.n.k.i.DiagnosticsManager] org.neo4j.kernel.configuration.Config
2015-12-10 20:57:50.043+0000 INFO  [o.n.k.i.DiagnosticsManager] org.neo4j.kernel.info.DiagnosticsManager
2015-12-10 20:57:50.043+0000 INFO  [o.n.k.i.DiagnosticsManager] SYSTEM_MEMORY
2015-12-10 20:57:50.043+0000 INFO  [o.n.k.i.DiagnosticsManager] JAVA_MEMORY
2015-12-10 20:57:50.043+0000 INFO  [o.n.k.i.DiagnosticsManager] OPERATING_SYSTEM
2015-12-10 20:57:50.043+0000 INFO  [o.n.k.i.DiagnosticsManager] JAVA_VIRTUAL_MACHINE
2015-12-10 20:57:50.043+0000 INFO  [o.n.k.i.DiagnosticsManager] CLASSPATH
2015-12-10 20:57:50.043+0000 INFO  [o.n.k.i.DiagnosticsManager] LIBRARY_PATH
2015-12-10 20:57:50.043+0000 INFO  [o.n.k.i.DiagnosticsManager] SYSTEM_PROPERTIES
2015-12-10 20:57:50.043+0000 INFO  [o.n.k.i.DiagnosticsManager] NETWORK
2015-12-10 20:57:50.043+0000 INFO  [o.n.k.i.DiagnosticsManager] System memory information:
2015-12-10 20:57:50.043+0000 INFO  [o.n.k.i.DiagnosticsManager] Total Physical memory: 3.93 GB
2015-12-10 20:57:50.043+0000 INFO  [o.n.k.i.DiagnosticsManager] Free Physical memory: 2.01 GB
2015-12-10 20:57:50.043+0000 INFO  [o.n.k.i.DiagnosticsManager] Committed virtual memory: 382.72 MB
2015-12-10 20:57:50.043+0000 INFO  [o.n.k.i.DiagnosticsManager] Total swap space: 5.66 GB
2015-12-10 20:57:50.043+0000 INFO  [o.n.k.i.DiagnosticsManager] Free swap space: 1.91 GB
2015-12-10 20:57:50.043+0000 INFO  [o.n.k.i.DiagnosticsManager] JVM memory information:
2015-12-10 20:57:50.043+0000 INFO  [o.n.k.i.DiagnosticsManager] Free  memory: 11.15 MB
2015-12-10 20:57:50.043+0000 INFO  [o.n.k.i.DiagnosticsManager] Total memory: 77.50 MB
2015-12-10 20:57:50.043+0000 INFO  [o.n.k.i.DiagnosticsManager] Max   memory: 894.50 MB
2015-12-10 20:57:50.043+0000 INFO  [o.n.k.i.DiagnosticsManager] Garbage Collector: PS Scavenge: [PS Eden Space, PS Survivor Space]
2015-12-10 20:57:50.043+0000 INFO  [o.n.k.i.DiagnosticsManager] Garbage Collector: PS MarkSweep: [PS Eden Space, PS Survivor Space, PS Old Gen, PS Perm Gen]
2015-12-10 20:57:50.043+0000 INFO  [o.n.k.i.DiagnosticsManager] Memory Pool: Code Cache (Non-heap memory): committed=13.31 MB, used=12.17 MB, max=48.00 MB, threshold=0.00 B
2015-12-10 20:57:50.043+0000 INFO  [o.n.k.i.DiagnosticsManager] Memory Pool: PS Eden Space (Heap memory): committed=20.00 MB, used=18.95 MB, max=334.50 MB, threshold=?
2015-12-10 20:57:50.043+0000 INFO  [o.n.k.i.DiagnosticsManager] Memory Pool: PS Survivor Space (Heap memory): committed=512.00 kB, used=288.00 kB, max=512.00 kB, threshold=?
2015-12-10 20:57:50.044+0000 INFO  [o.n.k.i.DiagnosticsManager] Memory Pool: PS Old Gen (Heap memory): committed=57.00 MB, used=47.14 MB, max=670.50 MB, threshold=0.00 B
2015-12-10 20:57:50.044+0000 INFO  [o.n.k.i.DiagnosticsManager] Memory Pool: PS Perm Gen (Non-heap memory): committed=70.50 MB, used=68.63 MB, max=82.00 MB, threshold=0.00 B
2015-12-10 20:57:50.044+0000 INFO  [o.n.k.i.DiagnosticsManager] Operating system information:
2015-12-10 20:57:50.044+0000 INFO  [o.n.k.i.DiagnosticsManager] Operating System: Windows 8.1; version: 6.3; arch: amd64; cpus: 8
2015-12-10 20:57:50.045+0000 INFO  [o.n.k.i.DiagnosticsManager] Process id: 3784@ATAN-B03-02
2015-12-10 20:57:50.045+0000 INFO  [o.n.k.i.DiagnosticsManager] Byte order: LITTLE_ENDIAN
2015-12-10 20:57:50.045+0000 INFO  [o.n.k.i.DiagnosticsManager] Local timezone: America/Chicago
2015-12-10 20:57:50.045+0000 INFO  [o.n.k.i.DiagnosticsManager] JVM information:
2015-12-10 20:57:50.045+0000 INFO  [o.n.k.i.DiagnosticsManager] VM Name: Java HotSpot(TM) 64-Bit Server VM
2015-12-10 20:57:50.045+0000 INFO  [o.n.k.i.DiagnosticsManager] VM Vendor: Oracle Corporation
2015-12-10 20:57:50.045+0000 INFO  [o.n.k.i.DiagnosticsManager] VM Version: 24.80-b11
2015-12-10 20:57:50.045+0000 INFO  [o.n.k.i.DiagnosticsManager] JIT compiler: HotSpot 64-Bit Tiered Compilers
2015-12-10 20:57:50.045+0000 INFO  [o.n.k.i.DiagnosticsManager] VM Arguments: [-Dexe4j.semaphoreName=Local\c:_program_files_neo4j_ce_2.3.1_bin_neo4j-ce.exe, -Dexe4j.isInstall4j=true, -Dexe4j.moduleName=C:\Program Files\Neo4j CE 2.3.1\bin\neo4j-ce.exe, -Dexe4j.tempDir=, -Dexe4j.unextractedPosition=0, -Djava.library.path=C:\Program Files (x86)\AMD APP\bin\x86_64;C:\Program Files (x86)\AMD APP\bin\x86;C:\ProgramData\Oracle\Java\javapath;C:\Windows\system32;C:\Windows;C:\Windows\System32\Wbem;C:\Windows\System32\WindowsPowerShell\v1.0\;C:\Program Files (x86)\MiKTeX 2.9\miktex\bin\;C:\Program Files\TortoiseSVN\bin;C:\Windows\system32\config\systemprofile\.dnx\bin;C:\Program Files\Microsoft DNX\Dnvm\;C:\Program Files\MATLAB\R2015b\runtime\win64;C:\Program Files\MATLAB\R2015b\bin;C:\Program Files (x86)\ATI Technologies\ATI.ACE\Core-Static;c:\program files\neo4j ce 2.3.1\jre\bin, -Dexe4j.consoleCodepage=cp0, -Dinstall4j.launcherId=24, -Dinstall4j.swt=false]
2015-12-10 20:57:50.045+0000 INFO  [o.n.k.i.DiagnosticsManager] Java classpath:
2015-12-10 20:57:50.047+0000 INFO  [o.n.k.i.DiagnosticsManager]  [loader.1] file:/C:/Program%20Files/Neo4j%20CE%202.3.1/jre/lib/ext/dnsns.jar
2015-12-10 20:57:50.047+0000 INFO  [o.n.k.i.DiagnosticsManager]  [loader.0] file:/C:/Program%20Files/Neo4j%20CE%202.3.1/bin/
2015-12-10 20:57:50.047+0000 INFO  [o.n.k.i.DiagnosticsManager]  [bootstrap] C:\Program Files\Neo4j CE 2.3.1\jre\lib\resources.jar
2015-12-10 20:57:50.047+0000 INFO  [o.n.k.i.DiagnosticsManager]  [bootstrap] C:\Program Files\Neo4j CE 2.3.1\jre\lib\jfr.jar
2015-12-10 20:57:50.047+0000 INFO  [o.n.k.i.DiagnosticsManager]  [classpath] C:\Program Files\Neo4j CE 2.3.1\.install4j\i4jruntime.jar
2015-12-10 20:57:50.047+0000 INFO  [o.n.k.i.DiagnosticsManager]  [loader.1] file:/C:/Program%20Files/Neo4j%20CE%202.3.1/jre/lib/ext/sunmscapi.jar
2015-12-10 20:57:50.047+0000 INFO  [o.n.k.i.DiagnosticsManager]  [bootstrap] C:\Program Files\Neo4j CE 2.3.1\jre\lib\jsse.jar
2015-12-10 20:57:50.047+0000 INFO  [o.n.k.i.DiagnosticsManager]  [loader.1] file:/C:/Program%20Files/Neo4j%20CE%202.3.1/jre/lib/ext/dns_sd.jar
2015-12-10 20:57:50.047+0000 INFO  [o.n.k.i.DiagnosticsManager]  [loader.0] file:/C:/Program%20Files/Neo4j%20CE%202.3.1/.install4j/i4jruntime.jar
2015-12-10 20:57:50.047+0000 INFO  [o.n.k.i.DiagnosticsManager]  [loader.0] file:/C:/Program%20Files/Neo4j%20CE%202.3.1/bin/neo4j-desktop-2.3.1.jar
2015-12-10 20:57:50.047+0000 INFO  [o.n.k.i.DiagnosticsManager]  [loader.1] file:/C:/Program%20Files/Neo4j%20CE%202.3.1/jre/lib/ext/access-bridge-64.jar
2015-12-10 20:57:50.047+0000 INFO  [o.n.k.i.DiagnosticsManager]  [loader.1] file:/C:/Program%20Files/Neo4j%20CE%202.3.1/jre/lib/ext/localedata.jar
2015-12-10 20:57:50.047+0000 INFO  [o.n.k.i.DiagnosticsManager]  [bootstrap] C:\Program Files\Neo4j CE 2.3.1\jre\lib\sunrsasign.jar
2015-12-10 20:57:50.047+0000 INFO  [o.n.k.i.DiagnosticsManager]  [bootstrap] C:\Program Files\Neo4j CE 2.3.1\jre\lib\jce.jar
2015-12-10 20:57:50.047+0000 INFO  [o.n.k.i.DiagnosticsManager]  [bootstrap] C:\Program Files\Neo4j CE 2.3.1\jre\lib\rt.jar
2015-12-10 20:57:50.047+0000 INFO  [o.n.k.i.DiagnosticsManager]  [bootstrap] C:\Program Files\Neo4j CE 2.3.1\jre\lib\charsets.jar
2015-12-10 20:57:50.047+0000 INFO  [o.n.k.i.DiagnosticsManager]  [loader.1] file:/C:/Program%20Files/Neo4j%20CE%202.3.1/jre/lib/ext/sunjce_provider.jar
2015-12-10 20:57:50.047+0000 INFO  [o.n.k.i.DiagnosticsManager]  [bootstrap] C:\Program Files\Neo4j CE 2.3.1\jre\classes
2015-12-10 20:57:50.047+0000 INFO  [o.n.k.i.DiagnosticsManager]  [loader.1] file:/C:/Program%20Files/Neo4j%20CE%202.3.1/jre/lib/ext/zipfs.jar
2015-12-10 20:57:50.047+0000 INFO  [o.n.k.i.DiagnosticsManager]  [loader.1] file:/C:/Program%20Files/Neo4j%20CE%202.3.1/jre/lib/ext/jaccess.jar
2015-12-10 20:57:50.047+0000 INFO  [o.n.k.i.DiagnosticsManager]  [loader.1] file:/C:/Program%20Files/Neo4j%20CE%202.3.1/jre/lib/ext/sunec.jar
2015-12-10 20:57:50.047+0000 INFO  [o.n.k.i.DiagnosticsManager]  [classpath] C:\Program Files\Neo4j CE 2.3.1\bin\neo4j-desktop-2.3.1.jar
2015-12-10 20:57:50.047+0000 INFO  [o.n.k.i.DiagnosticsManager] Library path:
2015-12-10 20:57:50.047+0000 INFO  [o.n.k.i.DiagnosticsManager] C:\Program Files (x86)\AMD APP\bin\x86_64
2015-12-10 20:57:50.048+0000 INFO  [o.n.k.i.DiagnosticsManager] C:\Program Files (x86)\AMD APP\bin\x86
2015-12-10 20:57:50.048+0000 INFO  [o.n.k.i.DiagnosticsManager] C:\ProgramData\Oracle\Java\javapath
2015-12-10 20:57:50.048+0000 INFO  [o.n.k.i.DiagnosticsManager] C:\Windows\System32
2015-12-10 20:57:50.048+0000 INFO  [o.n.k.i.DiagnosticsManager] C:\Windows
2015-12-10 20:57:50.048+0000 INFO  [o.n.k.i.DiagnosticsManager] C:\Windows\System32\wbem
2015-12-10 20:57:50.048+0000 INFO  [o.n.k.i.DiagnosticsManager] C:\Windows\System32\WindowsPowerShell\v1.0
2015-12-10 20:57:50.048+0000 INFO  [o.n.k.i.DiagnosticsManager] C:\Program Files (x86)\MiKTeX 2.9\miktex\bin
2015-12-10 20:57:50.049+0000 INFO  [o.n.k.i.DiagnosticsManager] C:\Program Files\TortoiseSVN\bin
2015-12-10 20:57:50.049+0000 INFO  [o.n.k.i.DiagnosticsManager] C:\Windows\System32\config\systemprofile\.dnx\bin
2015-12-10 20:57:50.049+0000 INFO  [o.n.k.i.DiagnosticsManager] C:\Program Files\Microsoft DNX\Dnvm
2015-12-10 20:57:50.049+0000 INFO  [o.n.k.i.DiagnosticsManager] C:\Program Files\MATLAB\R2015b\runtime\win64
2015-12-10 20:57:50.049+0000 INFO  [o.n.k.i.DiagnosticsManager] C:\Program Files\MATLAB\R2015b\bin
2015-12-10 20:57:50.049+0000 INFO  [o.n.k.i.DiagnosticsManager] C:\Program Files (x86)\ATI Technologies\ATI.ACE\Core-Static
2015-12-10 20:57:50.050+0000 INFO  [o.n.k.i.DiagnosticsManager] C:\Program Files\Neo4j CE 2.3.1\jre\bin
2015-12-10 20:57:50.050+0000 INFO  [o.n.k.i.DiagnosticsManager] System.properties:
2015-12-10 20:57:50.050+0000 INFO  [o.n.k.i.DiagnosticsManager] exe4j.moduleName = C:\Program Files\Neo4j CE 2.3.1\bin\neo4j-ce.exe
2015-12-10 20:57:50.050+0000 INFO  [o.n.k.i.DiagnosticsManager] exe4j.semaphoreName = Local\c:_program_files_neo4j_ce_2.3.1_bin_neo4j-ce.exe
2015-12-10 20:57:50.050+0000 INFO  [o.n.k.i.DiagnosticsManager] sun.boot.library.path = c:\program files\neo4j ce 2.3.1\jre\bin
2015-12-10 20:57:50.050+0000 INFO  [o.n.k.i.DiagnosticsManager] exe4j.consoleCodepage = cp0
2015-12-10 20:57:50.050+0000 INFO  [o.n.k.i.DiagnosticsManager] path.separator = ;
2015-12-10 20:57:50.050+0000 INFO  [o.n.k.i.DiagnosticsManager] file.encoding.pkg = sun.io
2015-12-10 20:57:50.050+0000 INFO  [o.n.k.i.DiagnosticsManager] user.country = US
2015-12-10 20:57:50.050+0000 INFO  [o.n.k.i.DiagnosticsManager] user.script = 
2015-12-10 20:57:50.050+0000 INFO  [o.n.k.i.DiagnosticsManager] sun.os.patch.level = 
2015-12-10 20:57:50.050+0000 INFO  [o.n.k.i.DiagnosticsManager] install4j.exeDir = C:\Program Files\Neo4j CE 2.3.1\bin\
2015-12-10 20:57:50.050+0000 INFO  [o.n.k.i.DiagnosticsManager] user.dir = C:\Program Files\Neo4j CE 2.3.1\bin
2015-12-10 20:57:50.050+0000 INFO  [o.n.k.i.DiagnosticsManager] neo4j.ext.udc.source = desktop
2015-12-10 20:57:50.050+0000 INFO  [o.n.k.i.DiagnosticsManager] user.variant = 
2015-12-10 20:57:50.050+0000 INFO  [o.n.k.i.DiagnosticsManager] exe4j.tempDir = 
2015-12-10 20:57:50.050+0000 INFO  [o.n.k.i.DiagnosticsManager] sun.jnu.encoding = Cp1252
2015-12-10 20:57:50.050+0000 INFO  [o.n.k.i.DiagnosticsManager] sun.awt.enableExtraMouseButtons = true
2015-12-10 20:57:50.050+0000 INFO  [o.n.k.i.DiagnosticsManager] install4j.launcherId = 24
2015-12-10 20:57:50.050+0000 INFO  [o.n.k.i.DiagnosticsManager] sun.management.compiler = HotSpot 64-Bit Tiered Compilers
2015-12-10 20:57:50.050+0000 INFO  [o.n.k.i.DiagnosticsManager] exe4j.isInstall4j = true
2015-12-10 20:57:50.050+0000 INFO  [o.n.k.i.DiagnosticsManager] install4j.swt = false
2015-12-10 20:57:50.050+0000 INFO  [o.n.k.i.DiagnosticsManager] user.home = C:\Users\cez
2015-12-10 20:57:50.050+0000 INFO  [o.n.k.i.DiagnosticsManager] user.timezone = America/Chicago
2015-12-10 20:57:50.050+0000 INFO  [o.n.k.i.DiagnosticsManager] file.encoding = Cp1252
2015-12-10 20:57:50.050+0000 INFO  [o.n.k.i.DiagnosticsManager] user.name = cez
2015-12-10 20:57:50.050+0000 INFO  [o.n.k.i.DiagnosticsManager] sun.java.command = C:\Program Files\Neo4j CE 2.3.1\bin\neo4j-ce.exe
2015-12-10 20:57:50.050+0000 INFO  [o.n.k.i.DiagnosticsManager] sun.arch.data.model = 64
2015-12-10 20:57:50.050+0000 INFO  [o.n.k.i.DiagnosticsManager] exe4j.launchName = C:\Program Files\Neo4j CE 2.3.1\bin\neo4j-ce.exe
2015-12-10 20:57:50.050+0000 INFO  [o.n.k.i.DiagnosticsManager] user.language = en
2015-12-10 20:57:50.050+0000 INFO  [o.n.k.i.DiagnosticsManager] awt.toolkit = sun.awt.windows.WToolkit
2015-12-10 20:57:50.050+0000 INFO  [o.n.k.i.DiagnosticsManager] exe4j.unextractedPosition = 0
2015-12-10 20:57:50.050+0000 INFO  [o.n.k.i.DiagnosticsManager] install4j.appDir = C:\Program Files\Neo4j CE 2.3.1\
2015-12-10 20:57:50.050+0000 INFO  [o.n.k.i.DiagnosticsManager] file.separator = \
2015-12-10 20:57:50.050+0000 INFO  [o.n.k.i.DiagnosticsManager] sun.io.unicode.encoding = UnicodeLittle
2015-12-10 20:57:50.050+0000 INFO  [o.n.k.i.DiagnosticsManager] sun.cpu.endian = little
2015-12-10 20:57:50.050+0000 INFO  [o.n.k.i.DiagnosticsManager] sun.desktop = windows
2015-12-10 20:57:50.050+0000 INFO  [o.n.k.i.DiagnosticsManager] sun.cpu.isalist = amd64
2015-12-10 20:57:50.050+0000 INFO  [o.n.k.i.DiagnosticsManager] Network information:
2015-12-10 20:57:50.063+0000 INFO  [o.n.k.i.DiagnosticsManager] Interface Software Loopback Interface 1:
2015-12-10 20:57:50.063+0000 INFO  [o.n.k.i.DiagnosticsManager]     address: 127.0.0.1
2015-12-10 20:57:50.063+0000 INFO  [o.n.k.i.DiagnosticsManager]     address: 0:0:0:0:0:0:0:1
2015-12-10 20:57:50.063+0000 INFO  [o.n.k.i.DiagnosticsManager] Interface Microsoft Kernel Debug Network Adapter:
2015-12-10 20:57:50.064+0000 INFO  [o.n.k.i.DiagnosticsManager] Interface Intel(R) 82578DM Gigabit Network Connection:
2015-12-10 20:57:50.064+0000 INFO  [o.n.k.i.DiagnosticsManager]     address: 10.24.47.166
2015-12-10 20:57:50.064+0000 INFO  [o.n.k.i.DiagnosticsManager]     address: 2610:130:101:d00:4493:c16:efa9:8b55
2015-12-10 20:57:50.064+0000 INFO  [o.n.k.i.DiagnosticsManager]     address: 2610:130:101:d00:920:e15d:79eb:345b
2015-12-10 20:57:50.064+0000 INFO  [o.n.k.i.DiagnosticsManager]     address: 2610:130:101:d00:a502:b02c:1a2d:577b
2015-12-10 20:57:50.064+0000 INFO  [o.n.k.i.DiagnosticsManager]     address: fe80:0:0:0:4493:c16:efa9:8b55%3
2015-12-10 20:57:50.064+0000 INFO  [o.n.k.i.DiagnosticsManager] Interface Microsoft ISATAP Adapter:
2015-12-10 20:57:50.064+0000 INFO  [o.n.k.i.DiagnosticsManager]     address: fe80:0:0:0:0:5efe:c0a8:3801%4
2015-12-10 20:57:50.064+0000 INFO  [o.n.k.i.DiagnosticsManager] Interface Teredo Tunneling Pseudo-Interface:
2015-12-10 20:57:50.064+0000 INFO  [o.n.k.i.DiagnosticsManager] Interface Microsoft ISATAP Adapter #2:
2015-12-10 20:57:50.064+0000 INFO  [o.n.k.i.DiagnosticsManager]     address: fe80:0:0:0:0:5efe:a18:2fa6%6
2015-12-10 20:57:50.064+0000 INFO  [o.n.k.i.DiagnosticsManager] Interface VirtualBox Host-Only Ethernet Adapter:
2015-12-10 20:57:50.064+0000 INFO  [o.n.k.i.DiagnosticsManager]     address: 192.168.56.1
2015-12-10 20:57:50.064+0000 INFO  [o.n.k.i.DiagnosticsManager]     address: fe80:0:0:0:4133:2d33:29c2:6efa%7
2015-12-10 20:57:50.064+0000 INFO  [o.n.k.i.DiagnosticsManager] Interface Microsoft ISATAP Adapter #3:
2015-12-10 20:57:50.064+0000 INFO  [o.n.k.i.DiagnosticsManager] Interface VirtualBox Host-Only Ethernet Adapter-WFP Native MAC Layer LightWeight Filter-0000:
2015-12-10 20:57:50.064+0000 INFO  [o.n.k.i.DiagnosticsManager] Interface VirtualBox Host-Only Ethernet Adapter-VirtualBox NDIS Light-Weight Filter-0000:
2015-12-10 20:57:50.064+0000 INFO  [o.n.k.i.DiagnosticsManager] Interface VirtualBox Host-Only Ethernet Adapter-QoS Packet Scheduler-0000:
2015-12-10 20:57:50.064+0000 INFO  [o.n.k.i.DiagnosticsManager] Interface VirtualBox Host-Only Ethernet Adapter-WFP 802.3 MAC Layer LightWeight Filter-0000:
2015-12-10 20:57:50.064+0000 INFO  [o.n.k.i.DiagnosticsManager] Interface Intel(R) 82578DM Gigabit Network Connection-WFP Native MAC Layer LightWeight Filter-0000:
2015-12-10 20:57:50.064+0000 INFO  [o.n.k.i.DiagnosticsManager] Interface Intel(R) 82578DM Gigabit Network Connection-VirtualBox NDIS Light-Weight Filter-0000:
2015-12-10 20:57:50.064+0000 INFO  [o.n.k.i.DiagnosticsManager] Interface Intel(R) 82578DM Gigabit Network Connection-QoS Packet Scheduler-0000:
2015-12-10 20:57:50.064+0000 INFO  [o.n.k.i.DiagnosticsManager] Interface Intel(R) 82578DM Gigabit Network Connection-WFP 802.3 MAC Layer LightWeight Filter-0000:
2015-12-10 20:57:50.064+0000 INFO  [o.n.k.i.DiagnosticsManager] --- INITIALIZED diagnostics END ---
2015-12-10 20:57:51.536+0000 INFO  [o.n.k.KernelHealth] Kernel health set to OK
2015-12-10 20:57:51.552+0000 INFO  [o.n.k.AvailabilityGuard] Fulfilling of requirement makes database available: Database available
2015-12-10 20:57:51.555+0000 INFO  [o.n.k.i.f.CommunityFacadeFactory] Database is now ready
2015-12-10 20:57:51.559+0000 INFO  [o.n.k.i.DiagnosticsManager] --- STARTED diagnostics for KernelDiagnostics:Versions START ---
2015-12-10 20:57:51.562+0000 INFO  [o.n.k.i.DiagnosticsManager] Graph Database: Community StoreId{creationTime=1449695953349, randomId=3358656486013357378, storeVersion=15250506225055238, upgradeTime=1449695953349, upgradeId=1}
2015-12-10 20:57:51.565+0000 INFO  [o.n.k.i.DiagnosticsManager] Kernel version: 2.3.1
2015-12-10 20:57:51.568+0000 INFO  [o.n.k.i.DiagnosticsManager] --- STARTED diagnostics for KernelDiagnostics:Versions END ---
2015-12-10 20:57:51.571+0000 INFO  [o.n.k.i.DiagnosticsManager] --- STARTED diagnostics for NEO_STORE_VERSIONS START ---
2015-12-10 20:57:51.575+0000 INFO  [o.n.k.i.DiagnosticsManager] Store versions:
2015-12-10 20:57:51.578+0000 INFO  [o.n.k.i.DiagnosticsManager] Store versions:
2015-12-10 20:57:51.581+0000 INFO  [o.n.k.i.DiagnosticsManager] ArrayPropertyStore v0.A.6
2015-12-10 20:57:51.583+0000 INFO  [o.n.k.i.DiagnosticsManager] NodeStore v0.A.6
2015-12-10 20:57:51.585+0000 INFO  [o.n.k.i.DiagnosticsManager] StringPropertyStore v0.A.6
2015-12-10 20:57:51.587+0000 INFO  [o.n.k.i.DiagnosticsManager] PropertyIndexStore v0.A.6
2015-12-10 20:57:51.590+0000 INFO  [o.n.k.i.DiagnosticsManager] StringPropertyStore v0.A.6
2015-12-10 20:57:51.592+0000 INFO  [o.n.k.i.DiagnosticsManager] ArrayPropertyStore v0.A.6
2015-12-10 20:57:51.594+0000 INFO  [o.n.k.i.DiagnosticsManager] PropertyStore v0.A.6
2015-12-10 20:57:51.596+0000 INFO  [o.n.k.i.DiagnosticsManager] RelationshipStore v0.A.6
2015-12-10 20:57:51.599+0000 INFO  [o.n.k.i.DiagnosticsManager] StringPropertyStore v0.A.6
2015-12-10 20:57:51.601+0000 INFO  [o.n.k.i.DiagnosticsManager] RelationshipTypeStore v0.A.6
2015-12-10 20:57:51.603+0000 INFO  [o.n.k.i.DiagnosticsManager] StringPropertyStore v0.A.6
2015-12-10 20:57:51.605+0000 INFO  [o.n.k.i.DiagnosticsManager] LabelTokenStore v0.A.6
2015-12-10 20:57:51.607+0000 INFO  [o.n.k.i.DiagnosticsManager] SchemaStore v0.A.6
2015-12-10 20:57:51.610+0000 INFO  [o.n.k.i.DiagnosticsManager] RelationshipGroupStore v0.A.6
2015-12-10 20:57:51.612+0000 INFO  [o.n.k.i.DiagnosticsManager] NeoStore v0.A.6
2015-12-10 20:57:51.614+0000 INFO  [o.n.k.i.DiagnosticsManager] --- STARTED diagnostics for NEO_STORE_VERSIONS END ---
2015-12-10 20:57:51.616+0000 INFO  [o.n.k.i.DiagnosticsManager] --- STARTED diagnostics for NEO_STORE_ID_USAGE START ---
2015-12-10 20:57:51.618+0000 INFO  [o.n.k.i.DiagnosticsManager] Id usage:
2015-12-10 20:57:51.621+0000 INFO  [o.n.k.i.DiagnosticsManager] Id usage:
2015-12-10 20:57:51.623+0000 INFO  [o.n.k.i.DiagnosticsManager]   ArrayPropertyStore v0.A.6: used=1 high=0
2015-12-10 20:57:51.626+0000 INFO  [o.n.k.i.DiagnosticsManager]   NodeStore v0.A.6: used=2002 high=2001
2015-12-10 20:57:51.628+0000 INFO  [o.n.k.i.DiagnosticsManager]   StringPropertyStore v0.A.6: used=4 high=3
2015-12-10 20:57:51.630+0000 INFO  [o.n.k.i.DiagnosticsManager]   PropertyIndexStore v0.A.6: used=3 high=2
2015-12-10 20:57:51.632+0000 INFO  [o.n.k.i.DiagnosticsManager]   StringPropertyStore v0.A.6: used=1 high=0
2015-12-10 20:57:51.634+0000 INFO  [o.n.k.i.DiagnosticsManager]   ArrayPropertyStore v0.A.6: used=1 high=0
2015-12-10 20:57:51.637+0000 INFO  [o.n.k.i.DiagnosticsManager]   PropertyStore v0.A.6: used=2002 high=2001
2015-12-10 20:57:51.639+0000 INFO  [o.n.k.i.DiagnosticsManager]   RelationshipStore v0.A.6: used=1999 high=1998
2015-12-10 20:57:51.641+0000 INFO  [o.n.k.i.DiagnosticsManager]   StringPropertyStore v0.A.6: used=2 high=1
2015-12-10 20:57:51.643+0000 INFO  [o.n.k.i.DiagnosticsManager]   RelationshipTypeStore v0.A.6: used=1 high=0
2015-12-10 20:57:51.645+0000 INFO  [o.n.k.i.DiagnosticsManager]   StringPropertyStore v0.A.6: used=3 high=2
2015-12-10 20:57:51.648+0000 INFO  [o.n.k.i.DiagnosticsManager]   LabelTokenStore v0.A.6: used=2 high=1
2015-12-10 20:57:51.650+0000 INFO  [o.n.k.i.DiagnosticsManager]   SchemaStore v0.A.6: used=1 high=0
2015-12-10 20:57:51.652+0000 INFO  [o.n.k.i.DiagnosticsManager]   RelationshipGroupStore v0.A.6: used=3 high=2
2015-12-10 20:57:51.654+0000 INFO  [o.n.k.i.DiagnosticsManager]   NeoStore v0.A.6: used=13 high=12
2015-12-10 20:57:51.656+0000 INFO  [o.n.k.i.DiagnosticsManager] --- STARTED diagnostics for NEO_STORE_ID_USAGE END ---
2015-12-10 20:57:51.659+0000 INFO  [o.n.k.i.DiagnosticsManager] --- STARTED diagnostics for NEO_STORE_RECORDS START ---
2015-12-10 20:57:51.661+0000 INFO  [o.n.k.i.DiagnosticsManager] Neostore records:
2015-12-10 20:57:51.663+0000 INFO  [o.n.k.i.DiagnosticsManager] TIME (Creation time): 1449695953349
2015-12-10 20:57:51.665+0000 INFO  [o.n.k.i.DiagnosticsManager] RANDOM_NUMBER (Random number for store id): 3358656486013357378
2015-12-10 20:57:51.668+0000 INFO  [o.n.k.i.DiagnosticsManager] LOG_VERSION (Current log version): 0
2015-12-10 20:57:51.670+0000 INFO  [o.n.k.i.DiagnosticsManager] LAST_TRANSACTION_ID (Last committed transaction): 2009
2015-12-10 20:57:51.672+0000 INFO  [o.n.k.i.DiagnosticsManager] STORE_VERSION (Store format version): 15250506225055238
2015-12-10 20:57:51.674+0000 INFO  [o.n.k.i.DiagnosticsManager] FIRST_GRAPH_PROPERTY (First property record containing graph properties): -1
2015-12-10 20:57:51.677+0000 INFO  [o.n.k.i.DiagnosticsManager] LAST_CONSTRAINT_TRANSACTION (Last committed transaction containing constraint changes): 0
2015-12-10 20:57:51.679+0000 INFO  [o.n.k.i.DiagnosticsManager] UPGRADE_TRANSACTION_ID (Transaction id most recent upgrade was performed at): 1
2015-12-10 20:57:51.681+0000 INFO  [o.n.k.i.DiagnosticsManager] UPGRADE_TIME (Time of last upgrade): 1449695953349
2015-12-10 20:57:51.683+0000 INFO  [o.n.k.i.DiagnosticsManager] LAST_TRANSACTION_CHECKSUM (Checksum of last committed transaction): -161605924006
2015-12-10 20:57:51.685+0000 INFO  [o.n.k.i.DiagnosticsManager] UPGRADE_TRANSACTION_CHECKSUM (Checksum of transaction id the most recent upgrade was performed at): 0
2015-12-10 20:57:51.687+0000 INFO  [o.n.k.i.DiagnosticsManager] LAST_CLOSED_TRANSACTION_LOG_VERSION (Log version where the last transaction commit entry has been written into): 0
2015-12-10 20:57:51.690+0000 INFO  [o.n.k.i.DiagnosticsManager] LAST_CLOSED_TRANSACTION_LOG_BYTE_OFFSET (Byte offset in the log file where the last transaction commit entry has been written into): 1462209
2015-12-10 20:57:51.692+0000 INFO  [o.n.k.i.DiagnosticsManager] --- STARTED diagnostics for NEO_STORE_RECORDS END ---
2015-12-10 20:57:51.694+0000 INFO  [o.n.k.i.DiagnosticsManager] --- STARTED diagnostics for TRANSACTION_RANGE START ---
2015-12-10 20:57:51.696+0000 INFO  [o.n.k.i.DiagnosticsManager] Transaction log:
2015-12-10 20:57:51.699+0000 INFO  [o.n.k.i.DiagnosticsManager] Oldest transaction 2 found in log with version 0
2015-12-10 20:57:51.702+0000 INFO  [o.n.k.i.DiagnosticsManager] --- STARTED diagnostics for TRANSACTION_RANGE END ---
2015-12-10 20:57:51.704+0000 INFO  [o.n.k.i.DiagnosticsManager] --- STARTED diagnostics for KernelDiagnostics:StoreFiles START ---
2015-12-10 20:57:51.707+0000 INFO  [o.n.k.i.DiagnosticsManager] Disk space on partition (Total / Free / Free %): 499738734592 / 397548126208 / 79
Storage files: (filename : modification date - size)
2015-12-10 20:57:51.710+0000 INFO  [o.n.k.i.DiagnosticsManager]   dbms:
2015-12-10 20:57:51.713+0000 INFO  [o.n.k.i.DiagnosticsManager]     auth: 2015-12-09T15:19:14-0600 - 137.00 B
2015-12-10 20:57:51.715+0000 INFO  [o.n.k.i.DiagnosticsManager]     ssl:
2015-12-10 20:57:51.717+0000 INFO  [o.n.k.i.DiagnosticsManager]       snakeoil.cert: 2015-12-09T15:19:10-0600 - 630.00 B
2015-12-10 20:57:51.720+0000 INFO  [o.n.k.i.DiagnosticsManager]       snakeoil.key: 2015-12-09T15:19:10-0600 - 914.00 B
2015-12-10 20:57:51.722+0000 INFO  [o.n.k.i.DiagnosticsManager]     - Total: 2015-12-09T15:19:10-0600 - 1.51 kB
2015-12-10 20:57:51.725+0000 INFO  [o.n.k.i.DiagnosticsManager]   - Total: 2015-12-09T15:19:14-0600 - 1.64 kB
2015-12-10 20:57:51.727+0000 INFO  [o.n.k.i.DiagnosticsManager]   index:
2015-12-10 20:57:51.729+0000 INFO  [o.n.k.i.DiagnosticsManager]   - Total: 2015-12-09T15:19:13-0600 - 0.00 B
2015-12-10 20:57:51.732+0000 INFO  [o.n.k.i.DiagnosticsManager]   messages.log: 2015-12-09T15:23:11-0600 - 59.92 kB
2015-12-10 20:57:51.734+0000 INFO  [o.n.k.i.DiagnosticsManager]   neo4j.properties: 2015-12-09T15:19:10-0600 - 1.30 kB
2015-12-10 20:57:51.736+0000 INFO  [o.n.k.i.DiagnosticsManager]   neostore: 2015-12-09T15:23:10-0600 - 8.00 kB
2015-12-10 20:57:51.739+0000 INFO  [o.n.k.i.DiagnosticsManager]   neostore.counts.db.a: 2015-12-09T15:19:13-0600 - 96.00 B
2015-12-10 20:57:51.741+0000 INFO  [o.n.k.i.DiagnosticsManager]   neostore.counts.db.b: 2015-12-09T15:23:09-0600 - 384.00 B
2015-12-10 20:57:51.744+0000 INFO  [o.n.k.i.DiagnosticsManager]   neostore.id: 2015-12-10T14:57:51-0600 - 9.00 B
2015-12-10 20:57:51.746+0000 INFO  [o.n.k.i.DiagnosticsManager]   neostore.labeltokenstore.db: 2015-12-09T15:23:10-0600 - 8.00 kB
2015-12-10 20:57:51.750+0000 INFO  [o.n.k.i.DiagnosticsManager]   neostore.labeltokenstore.db.id: 2015-12-10T14:57:51-0600 - 9.00 B
2015-12-10 20:57:51.753+0000 INFO  [o.n.k.i.DiagnosticsManager]   neostore.labeltokenstore.db.names: 2015-12-09T15:23:10-0600 - 8.00 kB
2015-12-10 20:57:51.755+0000 INFO  [o.n.k.i.DiagnosticsManager]   neostore.labeltokenstore.db.names.id: 2015-12-10T14:57:51-0600 - 9.00 B
2015-12-10 20:57:51.758+0000 INFO  [o.n.k.i.DiagnosticsManager]   neostore.nodestore.db: 2015-12-09T15:23:10-0600 - 31.99 kB
2015-12-10 20:57:51.760+0000 INFO  [o.n.k.i.DiagnosticsManager]   neostore.nodestore.db.id: 2015-12-10T14:57:50-0600 - 9.00 B
2015-12-10 20:57:51.762+0000 INFO  [o.n.k.i.DiagnosticsManager]   neostore.nodestore.db.labels: 2015-12-09T15:19:10-0600 - 8.00 kB
2015-12-10 20:57:51.765+0000 INFO  [o.n.k.i.DiagnosticsManager]   neostore.nodestore.db.labels.id: 2015-12-10T14:57:50-0600 - 9.00 B
2015-12-10 20:57:51.767+0000 INFO  [o.n.k.i.DiagnosticsManager]   neostore.propertystore.db: 2015-12-09T15:23:10-0600 - 87.65 kB
2015-12-10 20:57:51.770+0000 INFO  [o.n.k.i.DiagnosticsManager]   neostore.propertystore.db.arrays: 2015-12-09T15:19:11-0600 - 8.00 kB
2015-12-10 20:57:51.772+0000 INFO  [o.n.k.i.DiagnosticsManager]   neostore.propertystore.db.arrays.id: 2015-12-10T14:57:50-0600 - 9.00 B
2015-12-10 20:57:51.775+0000 INFO  [o.n.k.i.DiagnosticsManager]   neostore.propertystore.db.id: 2015-12-10T14:57:50-0600 - 9.00 B
2015-12-10 20:57:51.777+0000 INFO  [o.n.k.i.DiagnosticsManager]   neostore.propertystore.db.index: 2015-12-09T15:23:10-0600 - 8.00 kB
2015-12-10 20:57:51.780+0000 INFO  [o.n.k.i.DiagnosticsManager]   neostore.propertystore.db.index.id: 2015-12-10T14:57:50-0600 - 9.00 B
2015-12-10 20:57:51.782+0000 INFO  [o.n.k.i.DiagnosticsManager]   neostore.propertystore.db.index.keys: 2015-12-09T15:23:10-0600 - 8.00 kB
2015-12-10 20:57:51.784+0000 INFO  [o.n.k.i.DiagnosticsManager]   neostore.propertystore.db.index.keys.id: 2015-12-10T14:57:50-0600 - 9.00 B
2015-12-10 20:57:51.787+0000 INFO  [o.n.k.i.DiagnosticsManager]   neostore.propertystore.db.strings: 2015-12-09T15:19:11-0600 - 8.00 kB
2015-12-10 20:57:51.790+0000 INFO  [o.n.k.i.DiagnosticsManager]   neostore.propertystore.db.strings.id: 2015-12-10T14:57:50-0600 - 9.00 B
2015-12-10 20:57:51.792+0000 INFO  [o.n.k.i.DiagnosticsManager]   neostore.relationshipgroupstore.db: 2015-12-09T15:23:10-0600 - 8.00 kB
2015-12-10 20:57:51.795+0000 INFO  [o.n.k.i.DiagnosticsManager]   neostore.relationshipgroupstore.db.id: 2015-12-10T14:57:51-0600 - 9.00 B
2015-12-10 20:57:51.797+0000 INFO  [o.n.k.i.DiagnosticsManager]   neostore.relationshipstore.db: 2015-12-09T15:23:10-0600 - 71.72 kB
2015-12-10 20:57:51.800+0000 INFO  [o.n.k.i.DiagnosticsManager]   neostore.relationshipstore.db.id: 2015-12-10T14:57:50-0600 - 9.00 B
2015-12-10 20:57:51.802+0000 INFO  [o.n.k.i.DiagnosticsManager]   neostore.relationshiptypestore.db: 2015-12-09T15:23:10-0600 - 8.00 kB
2015-12-10 20:57:51.805+0000 INFO  [o.n.k.i.DiagnosticsManager]   neostore.relationshiptypestore.db.id: 2015-12-10T14:57:50-0600 - 9.00 B
2015-12-10 20:57:51.807+0000 INFO  [o.n.k.i.DiagnosticsManager]   neostore.relationshiptypestore.db.names: 2015-12-09T15:23:10-0600 - 8.00 kB
2015-12-10 20:57:51.810+0000 INFO  [o.n.k.i.DiagnosticsManager]   neostore.relationshiptypestore.db.names.id: 2015-12-10T14:57:50-0600 - 9.00 B
2015-12-10 20:57:51.812+0000 INFO  [o.n.k.i.DiagnosticsManager]   neostore.schemastore.db: 2015-12-09T15:19:12-0600 - 8.00 kB
2015-12-10 20:57:51.814+0000 INFO  [o.n.k.i.DiagnosticsManager]   neostore.schemastore.db.id: 2015-12-10T14:57:51-0600 - 9.00 B
2015-12-10 20:57:51.816+0000 INFO  [o.n.k.i.DiagnosticsManager]   neostore.transaction.db.0: 2015-12-09T15:23:10-0600 - 1.39 MB
2015-12-10 20:57:51.819+0000 INFO  [o.n.k.i.DiagnosticsManager]   schema:
2015-12-10 20:57:51.821+0000 INFO  [o.n.k.i.DiagnosticsManager]     label:
2015-12-10 20:57:51.823+0000 INFO  [o.n.k.i.DiagnosticsManager]       lucene:
2015-12-10 20:57:51.826+0000 INFO  [o.n.k.i.DiagnosticsManager]         _32b.cfs: 2015-12-09T15:21:47-0600 - 2.01 kB
2015-12-10 20:57:51.828+0000 INFO  [o.n.k.i.DiagnosticsManager]         segments.gen: 2015-12-09T15:23:09-0600 - 20.00 B
2015-12-10 20:57:51.830+0000 INFO  [o.n.k.i.DiagnosticsManager]         segments_1: 2015-12-09T15:23:09-0600 - 258.00 B
2015-12-10 20:57:51.832+0000 INFO  [o.n.k.i.DiagnosticsManager]         write.lock: 2015-12-10T14:57:51-0600 - 0.00 B
2015-12-10 20:57:51.835+0000 INFO  [o.n.k.i.DiagnosticsManager]       - Total: 2015-12-10T14:57:51-0600 - 2.28 kB
2015-12-10 20:57:51.837+0000 INFO  [o.n.k.i.DiagnosticsManager]     - Total: 2015-12-09T15:19:13-0600 - 2.28 kB
2015-12-10 20:57:51.839+0000 INFO  [o.n.k.i.DiagnosticsManager]   - Total: 2015-12-09T15:19:13-0600 - 2.28 kB
2015-12-10 20:57:51.841+0000 INFO  [o.n.k.i.DiagnosticsManager]   store_lock: 2015-12-09T15:19:10-0600 - 0.00 B
2015-12-10 20:57:51.843+0000 INFO  [o.n.k.i.DiagnosticsManager] --- STARTED diagnostics for KernelDiagnostics:StoreFiles END ---
2015-12-10 20:57:51.854+0000 INFO  [o.n.k.i.DiagnosticsManager] --- SERVER STARTED START ---
2015-12-10 20:57:52.523+0000 INFO  [o.n.k.i.DiagnosticsManager] --- SERVER STARTED END ---
2015-12-10 21:54:34.935+0000 INFO  [o.n.k.i.f.GraphDatabaseFacade] Shutdown started
2015-12-10 21:54:34.938+0000 INFO  [o.n.k.i.f.CommunityFacadeFactory] Database is now unavailable
2015-12-10 21:54:34.995+0000 INFO  [o.n.k.i.t.l.c.CheckPointerImpl] Check Pointing triggered by database shutdown [2009]:  Starting check pointing...
2015-12-10 21:54:34.998+0000 INFO  [o.n.k.i.t.l.c.CheckPointerImpl] Check Pointing triggered by database shutdown [2009]:  Starting store flush...
2015-12-10 21:54:35.013+0000 INFO  [o.n.k.i.t.l.c.CheckPointerImpl] Check Pointing triggered by database shutdown [2009]:  Store flush completed
2015-12-10 21:54:35.016+0000 INFO  [o.n.k.i.t.l.c.CheckPointerImpl] Check Pointing triggered by database shutdown [2009]:  Starting appending check point entry into the tx log...
2015-12-10 21:54:35.043+0000 INFO  [o.n.k.i.t.l.c.CheckPointerImpl] Check Pointing triggered by database shutdown [2009]:  Appending check point entry into the tx log completed
2015-12-10 21:54:35.046+0000 INFO  [o.n.k.i.t.l.c.CheckPointerImpl] Check Pointing triggered by database shutdown [2009]:  Check pointing completed
2015-12-10 21:54:35.048+0000 INFO  [o.n.k.i.t.l.p.LogPruningImpl] Log Rotation [0]:  Starting log pruning.
2015-12-10 21:54:35.051+0000 INFO  [o.n.k.i.t.l.p.LogPruningImpl] Log Rotation [0]:  Log pruning complete.
2015-12-10 21:54:36.600+0000 INFO  [o.n.k.NeoStoreDataSource] NeoStores closed
2015-12-10 21:54:36.604+0000 INFO  [o.n.k.i.DiagnosticsManager] --- STOPPING diagnostics START ---
2015-12-10 21:54:36.604+0000 INFO  [o.n.k.i.DiagnosticsManager] --- STOPPING diagnostics END ---
