2015-12-10 05:09:34.877+0000 INFO  [o.n.k.i.f.CommunityFacadeFactory] No locking implementation specified, defaulting to 'community'
2015-12-10 05:09:34.879+0000 INFO  [o.n.k.AvailabilityGuard] Requirement makes database unavailable: Database available
2015-12-10 05:09:34.883+0000 INFO  [o.n.k.i.DiagnosticsManager] --- INITIALIZED diagnostics START ---
2015-12-10 05:09:34.883+0000 INFO  [o.n.k.i.DiagnosticsManager] Neo4j Kernel properties:
2015-12-10 05:09:34.883+0000 INFO  [o.n.k.i.DiagnosticsManager] org.neo4j.server.db.tuning.properties=C:\561\5000\5000D2\neo4j.properties
2015-12-10 05:09:34.883+0000 INFO  [o.n.k.i.DiagnosticsManager] org.neo4j.server.database.location=C:\561\5000\5000D2
2015-12-10 05:09:34.883+0000 INFO  [o.n.k.i.DiagnosticsManager] dbms.querylog.filename=data/log/queries.log
2015-12-10 05:09:34.883+0000 INFO  [o.n.k.i.DiagnosticsManager] dbms.security.auth_store.location=C:\561\5000\5000D2\.\dbms\auth
2015-12-10 05:09:34.883+0000 INFO  [o.n.k.i.DiagnosticsManager] dbms.security.tls_certificate_file=C:\561\5000\5000D2\.\dbms\ssl\snakeoil.cert
2015-12-10 05:09:34.883+0000 INFO  [o.n.k.i.DiagnosticsManager] remote_shell_enabled=true
2015-12-10 05:09:34.883+0000 INFO  [o.n.k.i.DiagnosticsManager] edition=Community
2015-12-10 05:09:34.883+0000 INFO  [o.n.k.i.DiagnosticsManager] dbms.security.tls_key_file=C:\561\5000\5000D2\.\dbms\ssl\snakeoil.key
2015-12-10 05:09:34.883+0000 INFO  [o.n.k.i.DiagnosticsManager] Diagnostics providers:
2015-12-10 05:09:34.883+0000 INFO  [o.n.k.i.DiagnosticsManager] org.neo4j.kernel.configuration.Config
2015-12-10 05:09:34.883+0000 INFO  [o.n.k.i.DiagnosticsManager] org.neo4j.kernel.info.DiagnosticsManager
2015-12-10 05:09:34.883+0000 INFO  [o.n.k.i.DiagnosticsManager] SYSTEM_MEMORY
2015-12-10 05:09:34.883+0000 INFO  [o.n.k.i.DiagnosticsManager] JAVA_MEMORY
2015-12-10 05:09:34.883+0000 INFO  [o.n.k.i.DiagnosticsManager] OPERATING_SYSTEM
2015-12-10 05:09:34.883+0000 INFO  [o.n.k.i.DiagnosticsManager] JAVA_VIRTUAL_MACHINE
2015-12-10 05:09:34.883+0000 INFO  [o.n.k.i.DiagnosticsManager] CLASSPATH
2015-12-10 05:09:34.883+0000 INFO  [o.n.k.i.DiagnosticsManager] LIBRARY_PATH
2015-12-10 05:09:34.883+0000 INFO  [o.n.k.i.DiagnosticsManager] SYSTEM_PROPERTIES
2015-12-10 05:09:34.883+0000 INFO  [o.n.k.i.DiagnosticsManager] NETWORK
2015-12-10 05:09:34.883+0000 INFO  [o.n.k.i.DiagnosticsManager] System memory information:
2015-12-10 05:09:34.883+0000 INFO  [o.n.k.i.DiagnosticsManager] Total Physical memory: 3.93 GB
2015-12-10 05:09:34.883+0000 INFO  [o.n.k.i.DiagnosticsManager] Free Physical memory: 1.88 GB
2015-12-10 05:09:34.883+0000 INFO  [o.n.k.i.DiagnosticsManager] Committed virtual memory: 379.11 MB
2015-12-10 05:09:34.883+0000 INFO  [o.n.k.i.DiagnosticsManager] Total swap space: 5.66 GB
2015-12-10 05:09:34.883+0000 INFO  [o.n.k.i.DiagnosticsManager] Free swap space: 2.32 GB
2015-12-10 05:09:34.883+0000 INFO  [o.n.k.i.DiagnosticsManager] JVM memory information:
2015-12-10 05:09:34.883+0000 INFO  [o.n.k.i.DiagnosticsManager] Free  memory: 30.98 MB
2015-12-10 05:09:34.883+0000 INFO  [o.n.k.i.DiagnosticsManager] Total memory: 117.00 MB
2015-12-10 05:09:34.883+0000 INFO  [o.n.k.i.DiagnosticsManager] Max   memory: 894.50 MB
2015-12-10 05:09:34.883+0000 INFO  [o.n.k.i.DiagnosticsManager] Garbage Collector: PS Scavenge: [PS Eden Space, PS Survivor Space]
2015-12-10 05:09:34.883+0000 INFO  [o.n.k.i.DiagnosticsManager] Garbage Collector: PS MarkSweep: [PS Eden Space, PS Survivor Space, PS Old Gen, PS Perm Gen]
2015-12-10 05:09:34.883+0000 INFO  [o.n.k.i.DiagnosticsManager] Memory Pool: Code Cache (Non-heap memory): committed=12.81 MB, used=12.49 MB, max=48.00 MB, threshold=0.00 B
2015-12-10 05:09:34.883+0000 INFO  [o.n.k.i.DiagnosticsManager] Memory Pool: PS Eden Space (Heap memory): committed=31.00 MB, used=19.17 MB, max=334.00 MB, threshold=?
2015-12-10 05:09:34.883+0000 INFO  [o.n.k.i.DiagnosticsManager] Memory Pool: PS Survivor Space (Heap memory): committed=1.00 MB, used=923.70 kB, max=1.00 MB, threshold=?
2015-12-10 05:09:34.884+0000 INFO  [o.n.k.i.DiagnosticsManager] Memory Pool: PS Old Gen (Heap memory): committed=85.00 MB, used=65.95 MB, max=670.50 MB, threshold=0.00 B
2015-12-10 05:09:34.884+0000 INFO  [o.n.k.i.DiagnosticsManager] Memory Pool: PS Perm Gen (Non-heap memory): committed=64.50 MB, used=64.48 MB, max=82.00 MB, threshold=0.00 B
2015-12-10 05:09:34.884+0000 INFO  [o.n.k.i.DiagnosticsManager] Operating system information:
2015-12-10 05:09:34.884+0000 INFO  [o.n.k.i.DiagnosticsManager] Operating System: Windows 8.1; version: 6.3; arch: amd64; cpus: 8
2015-12-10 05:09:34.884+0000 INFO  [o.n.k.i.DiagnosticsManager] Process id: 3784@ATAN-B03-02
2015-12-10 05:09:34.884+0000 INFO  [o.n.k.i.DiagnosticsManager] Byte order: LITTLE_ENDIAN
2015-12-10 05:09:34.884+0000 INFO  [o.n.k.i.DiagnosticsManager] Local timezone: America/Chicago
2015-12-10 05:09:34.884+0000 INFO  [o.n.k.i.DiagnosticsManager] JVM information:
2015-12-10 05:09:34.884+0000 INFO  [o.n.k.i.DiagnosticsManager] VM Name: Java HotSpot(TM) 64-Bit Server VM
2015-12-10 05:09:34.884+0000 INFO  [o.n.k.i.DiagnosticsManager] VM Vendor: Oracle Corporation
2015-12-10 05:09:34.884+0000 INFO  [o.n.k.i.DiagnosticsManager] VM Version: 24.80-b11
2015-12-10 05:09:34.884+0000 INFO  [o.n.k.i.DiagnosticsManager] JIT compiler: HotSpot 64-Bit Tiered Compilers
2015-12-10 05:09:34.884+0000 INFO  [o.n.k.i.DiagnosticsManager] VM Arguments: [-Dexe4j.semaphoreName=Local\c:_program_files_neo4j_ce_2.3.1_bin_neo4j-ce.exe, -Dexe4j.isInstall4j=true, -Dexe4j.moduleName=C:\Program Files\Neo4j CE 2.3.1\bin\neo4j-ce.exe, -Dexe4j.tempDir=, -Dexe4j.unextractedPosition=0, -Djava.library.path=C:\Program Files (x86)\AMD APP\bin\x86_64;C:\Program Files (x86)\AMD APP\bin\x86;C:\ProgramData\Oracle\Java\javapath;C:\Windows\system32;C:\Windows;C:\Windows\System32\Wbem;C:\Windows\System32\WindowsPowerShell\v1.0\;C:\Program Files (x86)\MiKTeX 2.9\miktex\bin\;C:\Program Files\TortoiseSVN\bin;C:\Windows\system32\config\systemprofile\.dnx\bin;C:\Program Files\Microsoft DNX\Dnvm\;C:\Program Files\MATLAB\R2015b\runtime\win64;C:\Program Files\MATLAB\R2015b\bin;C:\Program Files (x86)\ATI Technologies\ATI.ACE\Core-Static;c:\program files\neo4j ce 2.3.1\jre\bin, -Dexe4j.consoleCodepage=cp0, -Dinstall4j.launcherId=24, -Dinstall4j.swt=false]
2015-12-10 05:09:34.884+0000 INFO  [o.n.k.i.DiagnosticsManager] Java classpath:
2015-12-10 05:09:34.886+0000 INFO  [o.n.k.i.DiagnosticsManager]  [loader.1] file:/C:/Program%20Files/Neo4j%20CE%202.3.1/jre/lib/ext/dnsns.jar
2015-12-10 05:09:34.886+0000 INFO  [o.n.k.i.DiagnosticsManager]  [loader.0] file:/C:/Program%20Files/Neo4j%20CE%202.3.1/bin/
2015-12-10 05:09:34.886+0000 INFO  [o.n.k.i.DiagnosticsManager]  [bootstrap] C:\Program Files\Neo4j CE 2.3.1\jre\lib\resources.jar
2015-12-10 05:09:34.886+0000 INFO  [o.n.k.i.DiagnosticsManager]  [bootstrap] C:\Program Files\Neo4j CE 2.3.1\jre\lib\jfr.jar
2015-12-10 05:09:34.886+0000 INFO  [o.n.k.i.DiagnosticsManager]  [classpath] C:\Program Files\Neo4j CE 2.3.1\.install4j\i4jruntime.jar
2015-12-10 05:09:34.886+0000 INFO  [o.n.k.i.DiagnosticsManager]  [loader.1] file:/C:/Program%20Files/Neo4j%20CE%202.3.1/jre/lib/ext/sunmscapi.jar
2015-12-10 05:09:34.886+0000 INFO  [o.n.k.i.DiagnosticsManager]  [bootstrap] C:\Program Files\Neo4j CE 2.3.1\jre\lib\jsse.jar
2015-12-10 05:09:34.886+0000 INFO  [o.n.k.i.DiagnosticsManager]  [loader.1] file:/C:/Program%20Files/Neo4j%20CE%202.3.1/jre/lib/ext/dns_sd.jar
2015-12-10 05:09:34.886+0000 INFO  [o.n.k.i.DiagnosticsManager]  [loader.0] file:/C:/Program%20Files/Neo4j%20CE%202.3.1/.install4j/i4jruntime.jar
2015-12-10 05:09:34.886+0000 INFO  [o.n.k.i.DiagnosticsManager]  [loader.0] file:/C:/Program%20Files/Neo4j%20CE%202.3.1/bin/neo4j-desktop-2.3.1.jar
2015-12-10 05:09:34.886+0000 INFO  [o.n.k.i.DiagnosticsManager]  [loader.1] file:/C:/Program%20Files/Neo4j%20CE%202.3.1/jre/lib/ext/access-bridge-64.jar
2015-12-10 05:09:34.886+0000 INFO  [o.n.k.i.DiagnosticsManager]  [loader.1] file:/C:/Program%20Files/Neo4j%20CE%202.3.1/jre/lib/ext/localedata.jar
2015-12-10 05:09:34.886+0000 INFO  [o.n.k.i.DiagnosticsManager]  [bootstrap] C:\Program Files\Neo4j CE 2.3.1\jre\lib\sunrsasign.jar
2015-12-10 05:09:34.886+0000 INFO  [o.n.k.i.DiagnosticsManager]  [bootstrap] C:\Program Files\Neo4j CE 2.3.1\jre\lib\jce.jar
2015-12-10 05:09:34.886+0000 INFO  [o.n.k.i.DiagnosticsManager]  [bootstrap] C:\Program Files\Neo4j CE 2.3.1\jre\lib\rt.jar
2015-12-10 05:09:34.886+0000 INFO  [o.n.k.i.DiagnosticsManager]  [bootstrap] C:\Program Files\Neo4j CE 2.3.1\jre\lib\charsets.jar
2015-12-10 05:09:34.886+0000 INFO  [o.n.k.i.DiagnosticsManager]  [loader.1] file:/C:/Program%20Files/Neo4j%20CE%202.3.1/jre/lib/ext/sunjce_provider.jar
2015-12-10 05:09:34.886+0000 INFO  [o.n.k.i.DiagnosticsManager]  [bootstrap] C:\Program Files\Neo4j CE 2.3.1\jre\classes
2015-12-10 05:09:34.887+0000 INFO  [o.n.k.i.DiagnosticsManager]  [loader.1] file:/C:/Program%20Files/Neo4j%20CE%202.3.1/jre/lib/ext/zipfs.jar
2015-12-10 05:09:34.887+0000 INFO  [o.n.k.i.DiagnosticsManager]  [loader.1] file:/C:/Program%20Files/Neo4j%20CE%202.3.1/jre/lib/ext/jaccess.jar
2015-12-10 05:09:34.887+0000 INFO  [o.n.k.i.DiagnosticsManager]  [loader.1] file:/C:/Program%20Files/Neo4j%20CE%202.3.1/jre/lib/ext/sunec.jar
2015-12-10 05:09:34.887+0000 INFO  [o.n.k.i.DiagnosticsManager]  [classpath] C:\Program Files\Neo4j CE 2.3.1\bin\neo4j-desktop-2.3.1.jar
2015-12-10 05:09:34.887+0000 INFO  [o.n.k.i.DiagnosticsManager] Library path:
2015-12-10 05:09:34.887+0000 INFO  [o.n.k.i.DiagnosticsManager] C:\Program Files (x86)\AMD APP\bin\x86_64
2015-12-10 05:09:34.887+0000 INFO  [o.n.k.i.DiagnosticsManager] C:\Program Files (x86)\AMD APP\bin\x86
2015-12-10 05:09:34.887+0000 INFO  [o.n.k.i.DiagnosticsManager] C:\ProgramData\Oracle\Java\javapath
2015-12-10 05:09:34.887+0000 INFO  [o.n.k.i.DiagnosticsManager] C:\Windows\System32
2015-12-10 05:09:34.887+0000 INFO  [o.n.k.i.DiagnosticsManager] C:\Windows
2015-12-10 05:09:34.888+0000 INFO  [o.n.k.i.DiagnosticsManager] C:\Windows\System32\wbem
2015-12-10 05:09:34.888+0000 INFO  [o.n.k.i.DiagnosticsManager] C:\Windows\System32\WindowsPowerShell\v1.0
2015-12-10 05:09:34.888+0000 INFO  [o.n.k.i.DiagnosticsManager] C:\Program Files (x86)\MiKTeX 2.9\miktex\bin
2015-12-10 05:09:34.888+0000 INFO  [o.n.k.i.DiagnosticsManager] C:\Program Files\TortoiseSVN\bin
2015-12-10 05:09:34.888+0000 INFO  [o.n.k.i.DiagnosticsManager] C:\Windows\System32\config\systemprofile\.dnx\bin
2015-12-10 05:09:34.889+0000 INFO  [o.n.k.i.DiagnosticsManager] C:\Program Files\Microsoft DNX\Dnvm
2015-12-10 05:09:34.889+0000 INFO  [o.n.k.i.DiagnosticsManager] C:\Program Files\MATLAB\R2015b\runtime\win64
2015-12-10 05:09:34.889+0000 INFO  [o.n.k.i.DiagnosticsManager] C:\Program Files\MATLAB\R2015b\bin
2015-12-10 05:09:34.889+0000 INFO  [o.n.k.i.DiagnosticsManager] C:\Program Files (x86)\ATI Technologies\ATI.ACE\Core-Static
2015-12-10 05:09:34.889+0000 INFO  [o.n.k.i.DiagnosticsManager] C:\Program Files\Neo4j CE 2.3.1\jre\bin
2015-12-10 05:09:34.889+0000 INFO  [o.n.k.i.DiagnosticsManager] System.properties:
2015-12-10 05:09:34.889+0000 INFO  [o.n.k.i.DiagnosticsManager] exe4j.moduleName = C:\Program Files\Neo4j CE 2.3.1\bin\neo4j-ce.exe
2015-12-10 05:09:34.889+0000 INFO  [o.n.k.i.DiagnosticsManager] exe4j.semaphoreName = Local\c:_program_files_neo4j_ce_2.3.1_bin_neo4j-ce.exe
2015-12-10 05:09:34.889+0000 INFO  [o.n.k.i.DiagnosticsManager] sun.boot.library.path = c:\program files\neo4j ce 2.3.1\jre\bin
2015-12-10 05:09:34.890+0000 INFO  [o.n.k.i.DiagnosticsManager] exe4j.consoleCodepage = cp0
2015-12-10 05:09:34.890+0000 INFO  [o.n.k.i.DiagnosticsManager] path.separator = ;
2015-12-10 05:09:34.890+0000 INFO  [o.n.k.i.DiagnosticsManager] file.encoding.pkg = sun.io
2015-12-10 05:09:34.890+0000 INFO  [o.n.k.i.DiagnosticsManager] user.country = US
2015-12-10 05:09:34.890+0000 INFO  [o.n.k.i.DiagnosticsManager] user.script = 
2015-12-10 05:09:34.890+0000 INFO  [o.n.k.i.DiagnosticsManager] sun.os.patch.level = 
2015-12-10 05:09:34.890+0000 INFO  [o.n.k.i.DiagnosticsManager] install4j.exeDir = C:\Program Files\Neo4j CE 2.3.1\bin\
2015-12-10 05:09:34.890+0000 INFO  [o.n.k.i.DiagnosticsManager] user.dir = C:\Program Files\Neo4j CE 2.3.1\bin
2015-12-10 05:09:34.890+0000 INFO  [o.n.k.i.DiagnosticsManager] neo4j.ext.udc.source = desktop
2015-12-10 05:09:34.890+0000 INFO  [o.n.k.i.DiagnosticsManager] user.variant = 
2015-12-10 05:09:34.890+0000 INFO  [o.n.k.i.DiagnosticsManager] exe4j.tempDir = 
2015-12-10 05:09:34.890+0000 INFO  [o.n.k.i.DiagnosticsManager] sun.jnu.encoding = Cp1252
2015-12-10 05:09:34.890+0000 INFO  [o.n.k.i.DiagnosticsManager] sun.awt.enableExtraMouseButtons = true
2015-12-10 05:09:34.890+0000 INFO  [o.n.k.i.DiagnosticsManager] install4j.launcherId = 24
2015-12-10 05:09:34.890+0000 INFO  [o.n.k.i.DiagnosticsManager] sun.management.compiler = HotSpot 64-Bit Tiered Compilers
2015-12-10 05:09:34.890+0000 INFO  [o.n.k.i.DiagnosticsManager] exe4j.isInstall4j = true
2015-12-10 05:09:34.890+0000 INFO  [o.n.k.i.DiagnosticsManager] install4j.swt = false
2015-12-10 05:09:34.890+0000 INFO  [o.n.k.i.DiagnosticsManager] user.home = C:\Users\cez
2015-12-10 05:09:34.890+0000 INFO  [o.n.k.i.DiagnosticsManager] user.timezone = America/Chicago
2015-12-10 05:09:34.890+0000 INFO  [o.n.k.i.DiagnosticsManager] file.encoding = Cp1252
2015-12-10 05:09:34.890+0000 INFO  [o.n.k.i.DiagnosticsManager] user.name = cez
2015-12-10 05:09:34.890+0000 INFO  [o.n.k.i.DiagnosticsManager] sun.java.command = C:\Program Files\Neo4j CE 2.3.1\bin\neo4j-ce.exe
2015-12-10 05:09:34.890+0000 INFO  [o.n.k.i.DiagnosticsManager] sun.arch.data.model = 64
2015-12-10 05:09:34.890+0000 INFO  [o.n.k.i.DiagnosticsManager] exe4j.launchName = C:\Program Files\Neo4j CE 2.3.1\bin\neo4j-ce.exe
2015-12-10 05:09:34.890+0000 INFO  [o.n.k.i.DiagnosticsManager] user.language = en
2015-12-10 05:09:34.890+0000 INFO  [o.n.k.i.DiagnosticsManager] awt.toolkit = sun.awt.windows.WToolkit
2015-12-10 05:09:34.890+0000 INFO  [o.n.k.i.DiagnosticsManager] exe4j.unextractedPosition = 0
2015-12-10 05:09:34.890+0000 INFO  [o.n.k.i.DiagnosticsManager] install4j.appDir = C:\Program Files\Neo4j CE 2.3.1\
2015-12-10 05:09:34.890+0000 INFO  [o.n.k.i.DiagnosticsManager] file.separator = \
2015-12-10 05:09:34.890+0000 INFO  [o.n.k.i.DiagnosticsManager] sun.io.unicode.encoding = UnicodeLittle
2015-12-10 05:09:34.890+0000 INFO  [o.n.k.i.DiagnosticsManager] sun.cpu.endian = little
2015-12-10 05:09:34.890+0000 INFO  [o.n.k.i.DiagnosticsManager] sun.desktop = windows
2015-12-10 05:09:34.890+0000 INFO  [o.n.k.i.DiagnosticsManager] sun.cpu.isalist = amd64
2015-12-10 05:09:34.890+0000 INFO  [o.n.k.i.DiagnosticsManager] Network information:
2015-12-10 05:09:34.904+0000 INFO  [o.n.k.i.DiagnosticsManager] Interface Software Loopback Interface 1:
2015-12-10 05:09:34.904+0000 INFO  [o.n.k.i.DiagnosticsManager]     address: 127.0.0.1
2015-12-10 05:09:34.904+0000 INFO  [o.n.k.i.DiagnosticsManager]     address: 0:0:0:0:0:0:0:1
2015-12-10 05:09:34.904+0000 INFO  [o.n.k.i.DiagnosticsManager] Interface Microsoft Kernel Debug Network Adapter:
2015-12-10 05:09:34.904+0000 INFO  [o.n.k.i.DiagnosticsManager] Interface Intel(R) 82578DM Gigabit Network Connection:
2015-12-10 05:09:34.904+0000 INFO  [o.n.k.i.DiagnosticsManager]     address: 10.24.47.166
2015-12-10 05:09:34.904+0000 INFO  [o.n.k.i.DiagnosticsManager]     address: 2610:130:101:d00:4493:c16:efa9:8b55
2015-12-10 05:09:34.904+0000 INFO  [o.n.k.i.DiagnosticsManager]     address: 2610:130:101:d00:a502:b02c:1a2d:577b
2015-12-10 05:09:34.904+0000 INFO  [o.n.k.i.DiagnosticsManager]     address: fe80:0:0:0:4493:c16:efa9:8b55%3
2015-12-10 05:09:34.904+0000 INFO  [o.n.k.i.DiagnosticsManager] Interface Microsoft ISATAP Adapter:
2015-12-10 05:09:34.904+0000 INFO  [o.n.k.i.DiagnosticsManager]     address: fe80:0:0:0:0:5efe:c0a8:3801%4
2015-12-10 05:09:34.904+0000 INFO  [o.n.k.i.DiagnosticsManager] Interface Teredo Tunneling Pseudo-Interface:
2015-12-10 05:09:34.904+0000 INFO  [o.n.k.i.DiagnosticsManager] Interface Microsoft ISATAP Adapter #2:
2015-12-10 05:09:34.904+0000 INFO  [o.n.k.i.DiagnosticsManager]     address: fe80:0:0:0:0:5efe:a18:2fa6%6
2015-12-10 05:09:34.904+0000 INFO  [o.n.k.i.DiagnosticsManager] Interface VirtualBox Host-Only Ethernet Adapter:
2015-12-10 05:09:34.904+0000 INFO  [o.n.k.i.DiagnosticsManager]     address: 192.168.56.1
2015-12-10 05:09:34.904+0000 INFO  [o.n.k.i.DiagnosticsManager]     address: fe80:0:0:0:4133:2d33:29c2:6efa%7
2015-12-10 05:09:34.904+0000 INFO  [o.n.k.i.DiagnosticsManager] Interface Microsoft ISATAP Adapter #3:
2015-12-10 05:09:34.904+0000 INFO  [o.n.k.i.DiagnosticsManager] Interface VirtualBox Host-Only Ethernet Adapter-WFP Native MAC Layer LightWeight Filter-0000:
2015-12-10 05:09:34.904+0000 INFO  [o.n.k.i.DiagnosticsManager] Interface VirtualBox Host-Only Ethernet Adapter-VirtualBox NDIS Light-Weight Filter-0000:
2015-12-10 05:09:34.904+0000 INFO  [o.n.k.i.DiagnosticsManager] Interface VirtualBox Host-Only Ethernet Adapter-QoS Packet Scheduler-0000:
2015-12-10 05:09:34.904+0000 INFO  [o.n.k.i.DiagnosticsManager] Interface VirtualBox Host-Only Ethernet Adapter-WFP 802.3 MAC Layer LightWeight Filter-0000:
2015-12-10 05:09:34.904+0000 INFO  [o.n.k.i.DiagnosticsManager] Interface Intel(R) 82578DM Gigabit Network Connection-WFP Native MAC Layer LightWeight Filter-0000:
2015-12-10 05:09:34.904+0000 INFO  [o.n.k.i.DiagnosticsManager] Interface Intel(R) 82578DM Gigabit Network Connection-VirtualBox NDIS Light-Weight Filter-0000:
2015-12-10 05:09:34.904+0000 INFO  [o.n.k.i.DiagnosticsManager] Interface Intel(R) 82578DM Gigabit Network Connection-QoS Packet Scheduler-0000:
2015-12-10 05:09:34.904+0000 INFO  [o.n.k.i.DiagnosticsManager] Interface Intel(R) 82578DM Gigabit Network Connection-WFP 802.3 MAC Layer LightWeight Filter-0000:
2015-12-10 05:09:34.904+0000 INFO  [o.n.k.i.DiagnosticsManager] --- INITIALIZED diagnostics END ---
2015-12-10 05:09:37.961+0000 INFO  [o.n.k.a.i.i.LuceneLabelScanStore] No lucene scan store index found, this might just be first use. Preparing to rebuild.
2015-12-10 05:09:37.968+0000 INFO  [o.n.k.NeoStoreDataSource] Opened logical log [C:\561\5000\5000D2\neostore.transaction.db.0] version=0, lastTxId=1 (clean)
2015-12-10 05:09:37.971+0000 WARN  [o.n.k.i.s.MetaDataStore] Missing counts store, rebuilding it.
2015-12-10 05:09:38.046+0000 INFO  [o.n.k.a.i.i.LuceneLabelScanStore] Rebuilding lucene scan store, this may take a while
2015-12-10 05:09:38.052+0000 INFO  [o.n.k.a.i.i.LuceneLabelScanStore] Lucene scan store rebuilt (roughly -1 nodes)
2015-12-10 05:09:38.058+0000 INFO  [o.n.k.KernelHealth] Kernel health set to OK
2015-12-10 05:09:38.076+0000 INFO  [o.n.k.AvailabilityGuard] Fulfilling of requirement makes database available: Database available
2015-12-10 05:09:38.082+0000 INFO  [o.n.k.i.f.CommunityFacadeFactory] Database is now ready
2015-12-10 05:09:38.088+0000 INFO  [o.n.k.i.DiagnosticsManager] --- STARTED diagnostics for KernelDiagnostics:Versions START ---
2015-12-10 05:09:38.094+0000 INFO  [o.n.k.i.DiagnosticsManager] Graph Database: Community StoreId{creationTime=1449724177797, randomId=-6697820177847075955, storeVersion=15250506225055238, upgradeTime=1449724177797, upgradeId=1}
2015-12-10 05:09:38.100+0000 INFO  [o.n.k.i.DiagnosticsManager] Kernel version: 2.3.1
2015-12-10 05:09:38.106+0000 INFO  [o.n.k.i.DiagnosticsManager] --- STARTED diagnostics for KernelDiagnostics:Versions END ---
2015-12-10 05:09:38.112+0000 INFO  [o.n.k.i.DiagnosticsManager] --- STARTED diagnostics for NEO_STORE_VERSIONS START ---
2015-12-10 05:09:38.115+0000 INFO  [o.n.k.i.DiagnosticsManager] Store versions:
2015-12-10 05:09:38.118+0000 INFO  [o.n.k.i.DiagnosticsManager] Store versions:
2015-12-10 05:09:38.121+0000 INFO  [o.n.k.i.DiagnosticsManager] ArrayPropertyStore v0.A.6
2015-12-10 05:09:38.123+0000 INFO  [o.n.k.i.DiagnosticsManager] NodeStore v0.A.6
2015-12-10 05:09:38.126+0000 INFO  [o.n.k.i.DiagnosticsManager] StringPropertyStore v0.A.6
2015-12-10 05:09:38.129+0000 INFO  [o.n.k.i.DiagnosticsManager] PropertyIndexStore v0.A.6
2015-12-10 05:09:38.132+0000 INFO  [o.n.k.i.DiagnosticsManager] StringPropertyStore v0.A.6
2015-12-10 05:09:38.135+0000 INFO  [o.n.k.i.DiagnosticsManager] ArrayPropertyStore v0.A.6
2015-12-10 05:09:38.137+0000 INFO  [o.n.k.i.DiagnosticsManager] PropertyStore v0.A.6
2015-12-10 05:09:38.140+0000 INFO  [o.n.k.i.DiagnosticsManager] RelationshipStore v0.A.6
2015-12-10 05:09:38.143+0000 INFO  [o.n.k.i.DiagnosticsManager] StringPropertyStore v0.A.6
2015-12-10 05:09:38.145+0000 INFO  [o.n.k.i.DiagnosticsManager] RelationshipTypeStore v0.A.6
2015-12-10 05:09:38.147+0000 INFO  [o.n.k.i.DiagnosticsManager] StringPropertyStore v0.A.6
2015-12-10 05:09:38.150+0000 INFO  [o.n.k.i.DiagnosticsManager] LabelTokenStore v0.A.6
2015-12-10 05:09:38.152+0000 INFO  [o.n.k.i.DiagnosticsManager] SchemaStore v0.A.6
2015-12-10 05:09:38.154+0000 INFO  [o.n.k.i.DiagnosticsManager] RelationshipGroupStore v0.A.6
2015-12-10 05:09:38.157+0000 INFO  [o.n.k.i.DiagnosticsManager] NeoStore v0.A.6
2015-12-10 05:09:38.159+0000 INFO  [o.n.k.i.DiagnosticsManager] --- STARTED diagnostics for NEO_STORE_VERSIONS END ---
2015-12-10 05:09:38.161+0000 INFO  [o.n.k.i.DiagnosticsManager] --- STARTED diagnostics for NEO_STORE_ID_USAGE START ---
2015-12-10 05:09:38.163+0000 INFO  [o.n.k.i.DiagnosticsManager] Id usage:
2015-12-10 05:09:38.166+0000 INFO  [o.n.k.i.DiagnosticsManager] Id usage:
2015-12-10 05:09:38.168+0000 INFO  [o.n.k.i.DiagnosticsManager]   ArrayPropertyStore v0.A.6: used=1 high=0
2015-12-10 05:09:38.170+0000 INFO  [o.n.k.i.DiagnosticsManager]   NodeStore v0.A.6: used=0 high=-1
2015-12-10 05:09:38.173+0000 INFO  [o.n.k.i.DiagnosticsManager]   StringPropertyStore v0.A.6: used=1 high=0
2015-12-10 05:09:38.175+0000 INFO  [o.n.k.i.DiagnosticsManager]   PropertyIndexStore v0.A.6: used=0 high=-1
2015-12-10 05:09:38.177+0000 INFO  [o.n.k.i.DiagnosticsManager]   StringPropertyStore v0.A.6: used=1 high=0
2015-12-10 05:09:38.179+0000 INFO  [o.n.k.i.DiagnosticsManager]   ArrayPropertyStore v0.A.6: used=1 high=0
2015-12-10 05:09:38.182+0000 INFO  [o.n.k.i.DiagnosticsManager]   PropertyStore v0.A.6: used=0 high=-1
2015-12-10 05:09:38.184+0000 INFO  [o.n.k.i.DiagnosticsManager]   RelationshipStore v0.A.6: used=0 high=-1
2015-12-10 05:09:38.186+0000 INFO  [o.n.k.i.DiagnosticsManager]   StringPropertyStore v0.A.6: used=1 high=0
2015-12-10 05:09:38.189+0000 INFO  [o.n.k.i.DiagnosticsManager]   RelationshipTypeStore v0.A.6: used=0 high=-1
2015-12-10 05:09:38.191+0000 INFO  [o.n.k.i.DiagnosticsManager]   StringPropertyStore v0.A.6: used=1 high=0
2015-12-10 05:09:38.193+0000 INFO  [o.n.k.i.DiagnosticsManager]   LabelTokenStore v0.A.6: used=0 high=-1
2015-12-10 05:09:38.196+0000 INFO  [o.n.k.i.DiagnosticsManager]   SchemaStore v0.A.6: used=1 high=0
2015-12-10 05:09:38.198+0000 INFO  [o.n.k.i.DiagnosticsManager]   RelationshipGroupStore v0.A.6: used=1 high=0
2015-12-10 05:09:38.200+0000 INFO  [o.n.k.i.DiagnosticsManager]   NeoStore v0.A.6: used=13 high=12
2015-12-10 05:09:38.202+0000 INFO  [o.n.k.i.DiagnosticsManager] --- STARTED diagnostics for NEO_STORE_ID_USAGE END ---
2015-12-10 05:09:38.204+0000 INFO  [o.n.k.i.DiagnosticsManager] --- STARTED diagnostics for NEO_STORE_RECORDS START ---
2015-12-10 05:09:38.206+0000 INFO  [o.n.k.i.DiagnosticsManager] Neostore records:
2015-12-10 05:09:38.208+0000 INFO  [o.n.k.i.DiagnosticsManager] TIME (Creation time): 1449724177797
2015-12-10 05:09:38.211+0000 INFO  [o.n.k.i.DiagnosticsManager] RANDOM_NUMBER (Random number for store id): -6697820177847075955
2015-12-10 05:09:38.213+0000 INFO  [o.n.k.i.DiagnosticsManager] LOG_VERSION (Current log version): 0
2015-12-10 05:09:38.215+0000 INFO  [o.n.k.i.DiagnosticsManager] LAST_TRANSACTION_ID (Last committed transaction): 1
2015-12-10 05:09:38.217+0000 INFO  [o.n.k.i.DiagnosticsManager] STORE_VERSION (Store format version): 15250506225055238
2015-12-10 05:09:38.219+0000 INFO  [o.n.k.i.DiagnosticsManager] FIRST_GRAPH_PROPERTY (First property record containing graph properties): -1
2015-12-10 05:09:38.221+0000 INFO  [o.n.k.i.DiagnosticsManager] LAST_CONSTRAINT_TRANSACTION (Last committed transaction containing constraint changes): 0
2015-12-10 05:09:38.224+0000 INFO  [o.n.k.i.DiagnosticsManager] UPGRADE_TRANSACTION_ID (Transaction id most recent upgrade was performed at): 1
2015-12-10 05:09:38.226+0000 INFO  [o.n.k.i.DiagnosticsManager] UPGRADE_TIME (Time of last upgrade): 1449724177797
2015-12-10 05:09:38.228+0000 INFO  [o.n.k.i.DiagnosticsManager] LAST_TRANSACTION_CHECKSUM (Checksum of last committed transaction): 0
2015-12-10 05:09:38.230+0000 INFO  [o.n.k.i.DiagnosticsManager] UPGRADE_TRANSACTION_CHECKSUM (Checksum of transaction id the most recent upgrade was performed at): 0
2015-12-10 05:09:38.232+0000 INFO  [o.n.k.i.DiagnosticsManager] LAST_CLOSED_TRANSACTION_LOG_VERSION (Log version where the last transaction commit entry has been written into): 0
2015-12-10 05:09:38.234+0000 INFO  [o.n.k.i.DiagnosticsManager] LAST_CLOSED_TRANSACTION_LOG_BYTE_OFFSET (Byte offset in the log file where the last transaction commit entry has been written into): 16
2015-12-10 05:09:38.236+0000 INFO  [o.n.k.i.DiagnosticsManager] --- STARTED diagnostics for NEO_STORE_RECORDS END ---
2015-12-10 05:09:38.239+0000 INFO  [o.n.k.i.DiagnosticsManager] --- STARTED diagnostics for TRANSACTION_RANGE START ---
2015-12-10 05:09:38.241+0000 INFO  [o.n.k.i.DiagnosticsManager] Transaction log:
2015-12-10 05:09:38.243+0000 INFO  [o.n.k.i.DiagnosticsManager] No transactions found in any log
2015-12-10 05:09:38.246+0000 INFO  [o.n.k.i.DiagnosticsManager] --- STARTED diagnostics for TRANSACTION_RANGE END ---
2015-12-10 05:09:38.248+0000 INFO  [o.n.k.i.DiagnosticsManager] --- STARTED diagnostics for KernelDiagnostics:StoreFiles START ---
2015-12-10 05:09:38.251+0000 INFO  [o.n.k.i.DiagnosticsManager] Disk space on partition (Total / Free / Free %): 499738734592 / 397708218368 / 79
Storage files: (filename : modification date - size)
2015-12-10 05:09:38.253+0000 INFO  [o.n.k.i.DiagnosticsManager]   dbms:
2015-12-10 05:09:38.256+0000 INFO  [o.n.k.i.DiagnosticsManager]     ssl:
2015-12-10 05:09:38.258+0000 INFO  [o.n.k.i.DiagnosticsManager]       snakeoil.cert: 2015-12-09T23:09:34-0600 - 630.00 B
2015-12-10 05:09:38.260+0000 INFO  [o.n.k.i.DiagnosticsManager]       snakeoil.key: 2015-12-09T23:09:34-0600 - 914.00 B
2015-12-10 05:09:38.262+0000 INFO  [o.n.k.i.DiagnosticsManager]     - Total: 2015-12-09T23:09:34-0600 - 1.51 kB
2015-12-10 05:09:38.264+0000 INFO  [o.n.k.i.DiagnosticsManager]   - Total: 2015-12-09T23:09:34-0600 - 1.51 kB
2015-12-10 05:09:38.267+0000 INFO  [o.n.k.i.DiagnosticsManager]   index:
2015-12-10 05:09:38.269+0000 INFO  [o.n.k.i.DiagnosticsManager]   - Total: 2015-12-09T23:09:37-0600 - 0.00 B
2015-12-10 05:09:38.271+0000 INFO  [o.n.k.i.DiagnosticsManager]   messages.log: 2015-12-09T23:09:37-0600 - 26.40 kB
2015-12-10 05:09:38.273+0000 INFO  [o.n.k.i.DiagnosticsManager]   neo4j.properties: 2015-12-09T23:09:34-0600 - 1.30 kB
2015-12-10 05:09:38.275+0000 INFO  [o.n.k.i.DiagnosticsManager]   neostore: 2015-12-09T23:09:37-0600 - 8.00 kB
2015-12-10 05:09:38.278+0000 INFO  [o.n.k.i.DiagnosticsManager]   neostore.counts.db.a: 2015-12-09T23:09:38-0600 - 96.00 B
2015-12-10 05:09:38.280+0000 INFO  [o.n.k.i.DiagnosticsManager]   neostore.id: 2015-12-09T23:09:37-0600 - 9.00 B
2015-12-10 05:09:38.283+0000 INFO  [o.n.k.i.DiagnosticsManager]   neostore.labeltokenstore.db: 2015-12-09T23:09:37-0600 - 0.00 B
2015-12-10 05:09:38.285+0000 INFO  [o.n.k.i.DiagnosticsManager]   neostore.labeltokenstore.db.id: 2015-12-09T23:09:37-0600 - 9.00 B
2015-12-10 05:09:38.287+0000 INFO  [o.n.k.i.DiagnosticsManager]   neostore.labeltokenstore.db.names: 2015-12-09T23:09:36-0600 - 8.00 kB
2015-12-10 05:09:38.290+0000 INFO  [o.n.k.i.DiagnosticsManager]   neostore.labeltokenstore.db.names.id: 2015-12-09T23:09:36-0600 - 9.00 B
2015-12-10 05:09:38.292+0000 INFO  [o.n.k.i.DiagnosticsManager]   neostore.nodestore.db: 2015-12-09T23:09:35-0600 - 0.00 B
2015-12-10 05:09:38.295+0000 INFO  [o.n.k.i.DiagnosticsManager]   neostore.nodestore.db.id: 2015-12-09T23:09:35-0600 - 9.00 B
2015-12-10 05:09:38.297+0000 INFO  [o.n.k.i.DiagnosticsManager]   neostore.nodestore.db.labels: 2015-12-09T23:09:35-0600 - 8.00 kB
2015-12-10 05:09:38.300+0000 INFO  [o.n.k.i.DiagnosticsManager]   neostore.nodestore.db.labels.id: 2015-12-09T23:09:35-0600 - 9.00 B
2015-12-10 05:09:38.302+0000 INFO  [o.n.k.i.DiagnosticsManager]   neostore.propertystore.db: 2015-12-09T23:09:36-0600 - 0.00 B
2015-12-10 05:09:38.304+0000 INFO  [o.n.k.i.DiagnosticsManager]   neostore.propertystore.db.arrays: 2015-12-09T23:09:36-0600 - 8.00 kB
2015-12-10 05:09:38.307+0000 INFO  [o.n.k.i.DiagnosticsManager]   neostore.propertystore.db.arrays.id: 2015-12-09T23:09:36-0600 - 9.00 B
2015-12-10 05:09:38.309+0000 INFO  [o.n.k.i.DiagnosticsManager]   neostore.propertystore.db.id: 2015-12-09T23:09:36-0600 - 9.00 B
2015-12-10 05:09:38.311+0000 INFO  [o.n.k.i.DiagnosticsManager]   neostore.propertystore.db.index: 2015-12-09T23:09:35-0600 - 0.00 B
2015-12-10 05:09:38.314+0000 INFO  [o.n.k.i.DiagnosticsManager]   neostore.propertystore.db.index.id: 2015-12-09T23:09:35-0600 - 9.00 B
2015-12-10 05:09:38.316+0000 INFO  [o.n.k.i.DiagnosticsManager]   neostore.propertystore.db.index.keys: 2015-12-09T23:09:35-0600 - 8.00 kB
2015-12-10 05:09:38.319+0000 INFO  [o.n.k.i.DiagnosticsManager]   neostore.propertystore.db.index.keys.id: 2015-12-09T23:09:35-0600 - 9.00 B
2015-12-10 05:09:38.321+0000 INFO  [o.n.k.i.DiagnosticsManager]   neostore.propertystore.db.strings: 2015-12-09T23:09:35-0600 - 8.00 kB
2015-12-10 05:09:38.323+0000 INFO  [o.n.k.i.DiagnosticsManager]   neostore.propertystore.db.strings.id: 2015-12-09T23:09:35-0600 - 9.00 B
2015-12-10 05:09:38.326+0000 INFO  [o.n.k.i.DiagnosticsManager]   neostore.relationshipgroupstore.db: 2015-12-09T23:09:37-0600 - 8.00 kB
2015-12-10 05:09:38.328+0000 INFO  [o.n.k.i.DiagnosticsManager]   neostore.relationshipgroupstore.db.id: 2015-12-09T23:09:37-0600 - 9.00 B
2015-12-10 05:09:38.331+0000 INFO  [o.n.k.i.DiagnosticsManager]   neostore.relationshipstore.db: 2015-12-09T23:09:36-0600 - 0.00 B
2015-12-10 05:09:38.333+0000 INFO  [o.n.k.i.DiagnosticsManager]   neostore.relationshipstore.db.id: 2015-12-09T23:09:36-0600 - 9.00 B
2015-12-10 05:09:38.335+0000 INFO  [o.n.k.i.DiagnosticsManager]   neostore.relationshiptypestore.db: 2015-12-09T23:09:36-0600 - 0.00 B
2015-12-10 05:09:38.338+0000 INFO  [o.n.k.i.DiagnosticsManager]   neostore.relationshiptypestore.db.id: 2015-12-09T23:09:36-0600 - 9.00 B
2015-12-10 05:09:38.340+0000 INFO  [o.n.k.i.DiagnosticsManager]   neostore.relationshiptypestore.db.names: 2015-12-09T23:09:36-0600 - 8.00 kB
2015-12-10 05:09:38.343+0000 INFO  [o.n.k.i.DiagnosticsManager]   neostore.relationshiptypestore.db.names.id: 2015-12-09T23:09:36-0600 - 9.00 B
2015-12-10 05:09:38.345+0000 INFO  [o.n.k.i.DiagnosticsManager]   neostore.schemastore.db: 2015-12-09T23:09:37-0600 - 8.00 kB
2015-12-10 05:09:38.348+0000 INFO  [o.n.k.i.DiagnosticsManager]   neostore.schemastore.db.id: 2015-12-09T23:09:37-0600 - 9.00 B
2015-12-10 05:09:38.350+0000 INFO  [o.n.k.i.DiagnosticsManager]   neostore.transaction.db.0: 2015-12-09T23:09:37-0600 - 16.00 B
2015-12-10 05:09:38.352+0000 INFO  [o.n.k.i.DiagnosticsManager]   schema:
2015-12-10 05:09:38.354+0000 INFO  [o.n.k.i.DiagnosticsManager]     label:
2015-12-10 05:09:38.357+0000 INFO  [o.n.k.i.DiagnosticsManager]       lucene:
2015-12-10 05:09:38.359+0000 INFO  [o.n.k.i.DiagnosticsManager]         write.lock: 2015-12-09T23:09:37-0600 - 0.00 B
2015-12-10 05:09:38.361+0000 INFO  [o.n.k.i.DiagnosticsManager]       - Total: 2015-12-09T23:09:37-0600 - 0.00 B
2015-12-10 05:09:38.363+0000 INFO  [o.n.k.i.DiagnosticsManager]     - Total: 2015-12-09T23:09:37-0600 - 0.00 B
2015-12-10 05:09:38.365+0000 INFO  [o.n.k.i.DiagnosticsManager]   - Total: 2015-12-09T23:09:37-0600 - 0.00 B
2015-12-10 05:09:38.368+0000 INFO  [o.n.k.i.DiagnosticsManager]   store_lock: 2015-12-09T23:09:34-0600 - 0.00 B
2015-12-10 05:09:38.370+0000 INFO  [o.n.k.i.DiagnosticsManager] --- STARTED diagnostics for KernelDiagnostics:StoreFiles END ---
2015-12-10 05:09:38.381+0000 INFO  [o.n.k.i.DiagnosticsManager] --- SERVER STARTED START ---
2015-12-10 05:09:38.719+0000 WARN  [o.n.k.i.c.MonitorGc] GC Monitor: Application threads blocked for 245ms.
2015-12-10 05:09:39.327+0000 INFO  [o.n.k.i.DiagnosticsManager] --- SERVER STARTED END ---
2015-12-10 05:14:38.071+0000 INFO  [o.n.k.i.t.l.c.CheckPointerImpl] Check Pointing triggered by scheduler for time threshold [4870]:  Starting check pointing...
2015-12-10 05:14:38.074+0000 INFO  [o.n.k.i.t.l.c.CheckPointerImpl] Check Pointing triggered by scheduler for time threshold [4870]:  Starting store flush...
2015-12-10 05:14:38.284+0000 INFO  [o.n.k.i.s.c.CountsTracker] About to rotate counts store at transaction 4873 to [C:\561\5000\5000D2\neostore.counts.db.b], from [C:\561\5000\5000D2\neostore.counts.db.a].
2015-12-10 05:14:38.299+0000 INFO  [o.n.k.i.s.c.CountsTracker] Successfully rotated counts store at transaction 4873 to [C:\561\5000\5000D2\neostore.counts.db.b], from [C:\561\5000\5000D2\neostore.counts.db.a].
2015-12-10 05:14:38.854+0000 INFO  [o.n.k.i.t.l.c.CheckPointerImpl] Check Pointing triggered by scheduler for time threshold [4870]:  Store flush completed
2015-12-10 05:14:38.860+0000 INFO  [o.n.k.i.t.l.c.CheckPointerImpl] Check Pointing triggered by scheduler for time threshold [4870]:  Starting appending check point entry into the tx log...
2015-12-10 05:14:38.910+0000 INFO  [o.n.k.i.t.l.c.CheckPointerImpl] Check Pointing triggered by scheduler for time threshold [4870]:  Appending check point entry into the tx log completed
2015-12-10 05:14:38.916+0000 INFO  [o.n.k.i.t.l.c.CheckPointerImpl] Check Pointing triggered by scheduler for time threshold [4870]:  Check pointing completed
2015-12-10 05:14:38.920+0000 INFO  [o.n.k.i.t.l.p.LogPruningImpl] Log Rotation [0]:  Starting log pruning.
2015-12-10 05:14:38.924+0000 INFO  [o.n.k.i.t.l.p.LogPruningImpl] Log Rotation [0]:  Log pruning complete.
2015-12-10 05:19:38.959+0000 INFO  [o.n.k.i.t.l.c.CheckPointerImpl] Check Pointing triggered by scheduler for time threshold [10108]:  Starting check pointing...
2015-12-10 05:19:38.965+0000 INFO  [o.n.k.i.t.l.c.CheckPointerImpl] Check Pointing triggered by scheduler for time threshold [10108]:  Starting store flush...
2015-12-10 05:19:39.108+0000 INFO  [o.n.k.i.s.c.CountsTracker] About to rotate counts store at transaction 10108 to [C:\561\5000\5000D2\neostore.counts.db.a], from [C:\561\5000\5000D2\neostore.counts.db.b].
2015-12-10 05:19:39.117+0000 INFO  [o.n.k.i.s.c.CountsTracker] Successfully rotated counts store at transaction 10108 to [C:\561\5000\5000D2\neostore.counts.db.a], from [C:\561\5000\5000D2\neostore.counts.db.b].
2015-12-10 05:19:39.326+0000 INFO  [o.n.k.i.t.l.c.CheckPointerImpl] Check Pointing triggered by scheduler for time threshold [10108]:  Store flush completed
2015-12-10 05:19:39.332+0000 INFO  [o.n.k.i.t.l.c.CheckPointerImpl] Check Pointing triggered by scheduler for time threshold [10108]:  Starting appending check point entry into the tx log...
2015-12-10 05:19:39.365+0000 INFO  [o.n.k.i.t.l.c.CheckPointerImpl] Check Pointing triggered by scheduler for time threshold [10108]:  Appending check point entry into the tx log completed
2015-12-10 05:19:39.371+0000 INFO  [o.n.k.i.t.l.c.CheckPointerImpl] Check Pointing triggered by scheduler for time threshold [10108]:  Check pointing completed
2015-12-10 05:19:39.377+0000 INFO  [o.n.k.i.t.l.p.LogPruningImpl] Log Rotation [0]:  Starting log pruning.
2015-12-10 05:19:39.383+0000 INFO  [o.n.k.i.t.l.p.LogPruningImpl] Log Rotation [0]:  Log pruning complete.
2015-12-10 06:19:18.292+0000 WARN  [o.n.k.i.c.MonitorGc] GC Monitor: Application threads blocked for 284ms.
2015-12-10 07:19:18.513+0000 WARN  [o.n.k.i.c.MonitorGc] GC Monitor: Application threads blocked for 237ms.
2015-12-10 14:53:29.090+0000 INFO  [o.n.k.i.f.GraphDatabaseFacade] Shutdown started
2015-12-10 14:53:29.093+0000 INFO  [o.n.k.i.f.CommunityFacadeFactory] Database is now unavailable
2015-12-10 14:53:29.156+0000 INFO  [o.n.k.i.t.l.c.CheckPointerImpl] Check Pointing triggered by database shutdown [10108]:  Starting check pointing...
2015-12-10 14:53:29.162+0000 INFO  [o.n.k.i.t.l.c.CheckPointerImpl] Check Pointing triggered by database shutdown [10108]:  Starting store flush...
2015-12-10 14:53:29.178+0000 INFO  [o.n.k.i.t.l.c.CheckPointerImpl] Check Pointing triggered by database shutdown [10108]:  Store flush completed
2015-12-10 14:53:29.182+0000 INFO  [o.n.k.i.t.l.c.CheckPointerImpl] Check Pointing triggered by database shutdown [10108]:  Starting appending check point entry into the tx log...
2015-12-10 14:53:29.211+0000 INFO  [o.n.k.i.t.l.c.CheckPointerImpl] Check Pointing triggered by database shutdown [10108]:  Appending check point entry into the tx log completed
2015-12-10 14:53:29.214+0000 INFO  [o.n.k.i.t.l.c.CheckPointerImpl] Check Pointing triggered by database shutdown [10108]:  Check pointing completed
2015-12-10 14:53:29.218+0000 INFO  [o.n.k.i.t.l.p.LogPruningImpl] Log Rotation [0]:  Starting log pruning.
2015-12-10 14:53:29.221+0000 INFO  [o.n.k.i.t.l.p.LogPruningImpl] Log Rotation [0]:  Log pruning complete.
2015-12-10 14:53:30.674+0000 INFO  [o.n.k.NeoStoreDataSource] NeoStores closed
2015-12-10 14:53:30.681+0000 INFO  [o.n.k.i.DiagnosticsManager] --- STOPPING diagnostics START ---
2015-12-10 14:53:30.681+0000 INFO  [o.n.k.i.DiagnosticsManager] --- STOPPING diagnostics END ---
2015-12-11 19:59:30.927+0000 INFO  [o.n.k.i.f.CommunityFacadeFactory] No locking implementation specified, defaulting to 'community'
2015-12-11 19:59:30.994+0000 INFO  [o.n.k.AvailabilityGuard] Requirement makes database unavailable: Database available
2015-12-11 19:59:31.001+0000 INFO  [o.n.k.i.DiagnosticsManager] --- INITIALIZED diagnostics START ---
2015-12-11 19:59:31.001+0000 INFO  [o.n.k.i.DiagnosticsManager] Neo4j Kernel properties:
2015-12-11 19:59:31.001+0000 INFO  [o.n.k.i.DiagnosticsManager] org.neo4j.server.db.tuning.properties=C:\561\5000\5000D2\neo4j.properties
2015-12-11 19:59:31.001+0000 INFO  [o.n.k.i.DiagnosticsManager] org.neo4j.server.database.location=C:\561\5000\5000D2
2015-12-11 19:59:31.001+0000 INFO  [o.n.k.i.DiagnosticsManager] dbms.querylog.filename=data/log/queries.log
2015-12-11 19:59:31.001+0000 INFO  [o.n.k.i.DiagnosticsManager] dbms.security.auth_store.location=C:\561\5000\5000D2\.\dbms\auth
2015-12-11 19:59:31.001+0000 INFO  [o.n.k.i.DiagnosticsManager] dbms.security.tls_certificate_file=C:\561\5000\5000D2\.\dbms\ssl\snakeoil.cert
2015-12-11 19:59:31.001+0000 INFO  [o.n.k.i.DiagnosticsManager] remote_shell_enabled=true
2015-12-11 19:59:31.001+0000 INFO  [o.n.k.i.DiagnosticsManager] edition=Community
2015-12-11 19:59:31.001+0000 INFO  [o.n.k.i.DiagnosticsManager] dbms.security.tls_key_file=C:\561\5000\5000D2\.\dbms\ssl\snakeoil.key
2015-12-11 19:59:31.001+0000 INFO  [o.n.k.i.DiagnosticsManager] Diagnostics providers:
2015-12-11 19:59:31.001+0000 INFO  [o.n.k.i.DiagnosticsManager] org.neo4j.kernel.configuration.Config
2015-12-11 19:59:31.001+0000 INFO  [o.n.k.i.DiagnosticsManager] org.neo4j.kernel.info.DiagnosticsManager
2015-12-11 19:59:31.001+0000 INFO  [o.n.k.i.DiagnosticsManager] SYSTEM_MEMORY
2015-12-11 19:59:31.001+0000 INFO  [o.n.k.i.DiagnosticsManager] JAVA_MEMORY
2015-12-11 19:59:31.001+0000 INFO  [o.n.k.i.DiagnosticsManager] OPERATING_SYSTEM
2015-12-11 19:59:31.001+0000 INFO  [o.n.k.i.DiagnosticsManager] JAVA_VIRTUAL_MACHINE
2015-12-11 19:59:31.001+0000 INFO  [o.n.k.i.DiagnosticsManager] CLASSPATH
2015-12-11 19:59:31.001+0000 INFO  [o.n.k.i.DiagnosticsManager] LIBRARY_PATH
2015-12-11 19:59:31.001+0000 INFO  [o.n.k.i.DiagnosticsManager] SYSTEM_PROPERTIES
2015-12-11 19:59:31.001+0000 INFO  [o.n.k.i.DiagnosticsManager] NETWORK
2015-12-11 19:59:31.001+0000 INFO  [o.n.k.i.DiagnosticsManager] System memory information:
2015-12-11 19:59:31.002+0000 INFO  [o.n.k.i.DiagnosticsManager] Total Physical memory: 3.93 GB
2015-12-11 19:59:31.002+0000 INFO  [o.n.k.i.DiagnosticsManager] Free Physical memory: 2.02 GB
2015-12-11 19:59:31.002+0000 INFO  [o.n.k.i.DiagnosticsManager] Committed virtual memory: 342.55 MB
2015-12-11 19:59:31.002+0000 INFO  [o.n.k.i.DiagnosticsManager] Total swap space: 5.66 GB
2015-12-11 19:59:31.002+0000 INFO  [o.n.k.i.DiagnosticsManager] Free swap space: 3.07 GB
2015-12-11 19:59:31.002+0000 INFO  [o.n.k.i.DiagnosticsManager] JVM memory information:
2015-12-11 19:59:31.002+0000 INFO  [o.n.k.i.DiagnosticsManager] Free  memory: 26.73 MB
2015-12-11 19:59:31.002+0000 INFO  [o.n.k.i.DiagnosticsManager] Total memory: 74.50 MB
2015-12-11 19:59:31.002+0000 INFO  [o.n.k.i.DiagnosticsManager] Max   memory: 894.50 MB
2015-12-11 19:59:31.002+0000 INFO  [o.n.k.i.DiagnosticsManager] Garbage Collector: PS Scavenge: [PS Eden Space, PS Survivor Space]
2015-12-11 19:59:31.003+0000 INFO  [o.n.k.i.DiagnosticsManager] Garbage Collector: PS MarkSweep: [PS Eden Space, PS Survivor Space, PS Old Gen, PS Perm Gen]
2015-12-11 19:59:31.003+0000 INFO  [o.n.k.i.DiagnosticsManager] Memory Pool: Code Cache (Non-heap memory): committed=11.31 MB, used=11.08 MB, max=48.00 MB, threshold=0.00 B
2015-12-11 19:59:31.003+0000 INFO  [o.n.k.i.DiagnosticsManager] Memory Pool: PS Eden Space (Heap memory): committed=20.00 MB, used=1.31 MB, max=333.50 MB, threshold=?
2015-12-11 19:59:31.003+0000 INFO  [o.n.k.i.DiagnosticsManager] Memory Pool: PS Survivor Space (Heap memory): committed=1.00 MB, used=1019.70 kB, max=1.00 MB, threshold=?
2015-12-11 19:59:31.003+0000 INFO  [o.n.k.i.DiagnosticsManager] Memory Pool: PS Old Gen (Heap memory): committed=53.50 MB, used=45.47 MB, max=670.50 MB, threshold=0.00 B
2015-12-11 19:59:31.004+0000 INFO  [o.n.k.i.DiagnosticsManager] Memory Pool: PS Perm Gen (Non-heap memory): committed=65.50 MB, used=64.35 MB, max=82.00 MB, threshold=0.00 B
2015-12-11 19:59:31.004+0000 INFO  [o.n.k.i.DiagnosticsManager] Operating system information:
2015-12-11 19:59:31.004+0000 INFO  [o.n.k.i.DiagnosticsManager] Operating System: Windows 8.1; version: 6.3; arch: amd64; cpus: 8
2015-12-11 19:59:31.005+0000 INFO  [o.n.k.i.DiagnosticsManager] Process id: 5816@ATAN-B03-02
2015-12-11 19:59:31.005+0000 INFO  [o.n.k.i.DiagnosticsManager] Byte order: LITTLE_ENDIAN
2015-12-11 19:59:31.005+0000 INFO  [o.n.k.i.DiagnosticsManager] Local timezone: America/Chicago
2015-12-11 19:59:31.005+0000 INFO  [o.n.k.i.DiagnosticsManager] JVM information:
2015-12-11 19:59:31.005+0000 INFO  [o.n.k.i.DiagnosticsManager] VM Name: Java HotSpot(TM) 64-Bit Server VM
2015-12-11 19:59:31.005+0000 INFO  [o.n.k.i.DiagnosticsManager] VM Vendor: Oracle Corporation
2015-12-11 19:59:31.005+0000 INFO  [o.n.k.i.DiagnosticsManager] VM Version: 24.80-b11
2015-12-11 19:59:31.005+0000 INFO  [o.n.k.i.DiagnosticsManager] JIT compiler: HotSpot 64-Bit Tiered Compilers
2015-12-11 19:59:31.005+0000 INFO  [o.n.k.i.DiagnosticsManager] VM Arguments: [-Dexe4j.semaphoreName=Local\c:_program_files_neo4j_ce_2.3.1_bin_neo4j-ce.exe, -Dexe4j.isInstall4j=true, -Dexe4j.moduleName=C:\Program Files\Neo4j CE 2.3.1\bin\neo4j-ce.exe, -Dexe4j.tempDir=, -Dexe4j.unextractedPosition=0, -Djava.library.path=C:\Program Files (x86)\AMD APP\bin\x86_64;C:\Program Files (x86)\AMD APP\bin\x86;C:\ProgramData\Oracle\Java\javapath;C:\Windows\system32;C:\Windows;C:\Windows\System32\Wbem;C:\Windows\System32\WindowsPowerShell\v1.0\;C:\Program Files (x86)\MiKTeX 2.9\miktex\bin\;C:\Program Files\TortoiseSVN\bin;C:\Windows\system32\config\systemprofile\.dnx\bin;C:\Program Files\Microsoft DNX\Dnvm\;C:\Program Files\MATLAB\R2015b\runtime\win64;C:\Program Files\MATLAB\R2015b\bin;C:\Program Files (x86)\ATI Technologies\ATI.ACE\Core-Static;c:\program files\neo4j ce 2.3.1\jre\bin, -Dexe4j.consoleCodepage=cp0, -Dinstall4j.launcherId=24, -Dinstall4j.swt=false]
2015-12-11 19:59:31.005+0000 INFO  [o.n.k.i.DiagnosticsManager] Java classpath:
2015-12-11 19:59:31.010+0000 INFO  [o.n.k.i.DiagnosticsManager]  [loader.1] file:/C:/Program%20Files/Neo4j%20CE%202.3.1/jre/lib/ext/dnsns.jar
2015-12-11 19:59:31.010+0000 INFO  [o.n.k.i.DiagnosticsManager]  [loader.0] file:/C:/Program%20Files/Neo4j%20CE%202.3.1/bin/
2015-12-11 19:59:31.010+0000 INFO  [o.n.k.i.DiagnosticsManager]  [bootstrap] C:\Program Files\Neo4j CE 2.3.1\jre\lib\resources.jar
2015-12-11 19:59:31.010+0000 INFO  [o.n.k.i.DiagnosticsManager]  [bootstrap] C:\Program Files\Neo4j CE 2.3.1\jre\lib\jfr.jar
2015-12-11 19:59:31.010+0000 INFO  [o.n.k.i.DiagnosticsManager]  [classpath] C:\Program Files\Neo4j CE 2.3.1\.install4j\i4jruntime.jar
2015-12-11 19:59:31.010+0000 INFO  [o.n.k.i.DiagnosticsManager]  [loader.1] file:/C:/Program%20Files/Neo4j%20CE%202.3.1/jre/lib/ext/sunmscapi.jar
2015-12-11 19:59:31.010+0000 INFO  [o.n.k.i.DiagnosticsManager]  [bootstrap] C:\Program Files\Neo4j CE 2.3.1\jre\lib\jsse.jar
2015-12-11 19:59:31.010+0000 INFO  [o.n.k.i.DiagnosticsManager]  [loader.1] file:/C:/Program%20Files/Neo4j%20CE%202.3.1/jre/lib/ext/dns_sd.jar
2015-12-11 19:59:31.010+0000 INFO  [o.n.k.i.DiagnosticsManager]  [loader.0] file:/C:/Program%20Files/Neo4j%20CE%202.3.1/.install4j/i4jruntime.jar
2015-12-11 19:59:31.010+0000 INFO  [o.n.k.i.DiagnosticsManager]  [loader.0] file:/C:/Program%20Files/Neo4j%20CE%202.3.1/bin/neo4j-desktop-2.3.1.jar
2015-12-11 19:59:31.010+0000 INFO  [o.n.k.i.DiagnosticsManager]  [loader.1] file:/C:/Program%20Files/Neo4j%20CE%202.3.1/jre/lib/ext/access-bridge-64.jar
2015-12-11 19:59:31.010+0000 INFO  [o.n.k.i.DiagnosticsManager]  [loader.1] file:/C:/Program%20Files/Neo4j%20CE%202.3.1/jre/lib/ext/localedata.jar
2015-12-11 19:59:31.010+0000 INFO  [o.n.k.i.DiagnosticsManager]  [bootstrap] C:\Program Files\Neo4j CE 2.3.1\jre\lib\sunrsasign.jar
2015-12-11 19:59:31.010+0000 INFO  [o.n.k.i.DiagnosticsManager]  [bootstrap] C:\Program Files\Neo4j CE 2.3.1\jre\lib\jce.jar
2015-12-11 19:59:31.010+0000 INFO  [o.n.k.i.DiagnosticsManager]  [bootstrap] C:\Program Files\Neo4j CE 2.3.1\jre\lib\rt.jar
2015-12-11 19:59:31.010+0000 INFO  [o.n.k.i.DiagnosticsManager]  [bootstrap] C:\Program Files\Neo4j CE 2.3.1\jre\lib\charsets.jar
2015-12-11 19:59:31.010+0000 INFO  [o.n.k.i.DiagnosticsManager]  [loader.1] file:/C:/Program%20Files/Neo4j%20CE%202.3.1/jre/lib/ext/sunjce_provider.jar
2015-12-11 19:59:31.010+0000 INFO  [o.n.k.i.DiagnosticsManager]  [bootstrap] C:\Program Files\Neo4j CE 2.3.1\jre\classes
2015-12-11 19:59:31.010+0000 INFO  [o.n.k.i.DiagnosticsManager]  [loader.1] file:/C:/Program%20Files/Neo4j%20CE%202.3.1/jre/lib/ext/zipfs.jar
2015-12-11 19:59:31.010+0000 INFO  [o.n.k.i.DiagnosticsManager]  [loader.1] file:/C:/Program%20Files/Neo4j%20CE%202.3.1/jre/lib/ext/jaccess.jar
2015-12-11 19:59:31.010+0000 INFO  [o.n.k.i.DiagnosticsManager]  [loader.1] file:/C:/Program%20Files/Neo4j%20CE%202.3.1/jre/lib/ext/sunec.jar
2015-12-11 19:59:31.010+0000 INFO  [o.n.k.i.DiagnosticsManager]  [classpath] C:\Program Files\Neo4j CE 2.3.1\bin\neo4j-desktop-2.3.1.jar
2015-12-11 19:59:31.010+0000 INFO  [o.n.k.i.DiagnosticsManager] Library path:
2015-12-11 19:59:31.011+0000 INFO  [o.n.k.i.DiagnosticsManager] C:\Program Files (x86)\AMD APP\bin\x86_64
2015-12-11 19:59:31.011+0000 INFO  [o.n.k.i.DiagnosticsManager] C:\Program Files (x86)\AMD APP\bin\x86
2015-12-11 19:59:31.011+0000 INFO  [o.n.k.i.DiagnosticsManager] C:\ProgramData\Oracle\Java\javapath
2015-12-11 19:59:31.011+0000 INFO  [o.n.k.i.DiagnosticsManager] C:\Windows\System32
2015-12-11 19:59:31.011+0000 INFO  [o.n.k.i.DiagnosticsManager] C:\Windows
2015-12-11 19:59:31.012+0000 INFO  [o.n.k.i.DiagnosticsManager] C:\Windows\System32\wbem
2015-12-11 19:59:31.012+0000 INFO  [o.n.k.i.DiagnosticsManager] C:\Windows\System32\WindowsPowerShell\v1.0
2015-12-11 19:59:31.012+0000 INFO  [o.n.k.i.DiagnosticsManager] C:\Program Files (x86)\MiKTeX 2.9\miktex\bin
2015-12-11 19:59:31.012+0000 INFO  [o.n.k.i.DiagnosticsManager] C:\Program Files\TortoiseSVN\bin
2015-12-11 19:59:31.013+0000 INFO  [o.n.k.i.DiagnosticsManager] C:\Windows\System32\config\systemprofile\.dnx\bin
2015-12-11 19:59:31.013+0000 INFO  [o.n.k.i.DiagnosticsManager] C:\Program Files\Microsoft DNX\Dnvm
2015-12-11 19:59:31.013+0000 INFO  [o.n.k.i.DiagnosticsManager] C:\Program Files\MATLAB\R2015b\runtime\win64
2015-12-11 19:59:31.013+0000 INFO  [o.n.k.i.DiagnosticsManager] C:\Program Files\MATLAB\R2015b\bin
2015-12-11 19:59:31.013+0000 INFO  [o.n.k.i.DiagnosticsManager] C:\Program Files (x86)\ATI Technologies\ATI.ACE\Core-Static
2015-12-11 19:59:31.014+0000 INFO  [o.n.k.i.DiagnosticsManager] C:\Program Files\Neo4j CE 2.3.1\jre\bin
2015-12-11 19:59:31.014+0000 INFO  [o.n.k.i.DiagnosticsManager] System.properties:
2015-12-11 19:59:31.014+0000 INFO  [o.n.k.i.DiagnosticsManager] exe4j.moduleName = C:\Program Files\Neo4j CE 2.3.1\bin\neo4j-ce.exe
2015-12-11 19:59:31.014+0000 INFO  [o.n.k.i.DiagnosticsManager] exe4j.semaphoreName = Local\c:_program_files_neo4j_ce_2.3.1_bin_neo4j-ce.exe
2015-12-11 19:59:31.014+0000 INFO  [o.n.k.i.DiagnosticsManager] sun.boot.library.path = c:\program files\neo4j ce 2.3.1\jre\bin
2015-12-11 19:59:31.014+0000 INFO  [o.n.k.i.DiagnosticsManager] exe4j.consoleCodepage = cp0
2015-12-11 19:59:31.014+0000 INFO  [o.n.k.i.DiagnosticsManager] path.separator = ;
2015-12-11 19:59:31.014+0000 INFO  [o.n.k.i.DiagnosticsManager] file.encoding.pkg = sun.io
2015-12-11 19:59:31.014+0000 INFO  [o.n.k.i.DiagnosticsManager] user.country = US
2015-12-11 19:59:31.014+0000 INFO  [o.n.k.i.DiagnosticsManager] user.script = 
2015-12-11 19:59:31.014+0000 INFO  [o.n.k.i.DiagnosticsManager] sun.os.patch.level = 
2015-12-11 19:59:31.014+0000 INFO  [o.n.k.i.DiagnosticsManager] install4j.exeDir = C:\Program Files\Neo4j CE 2.3.1\bin\
2015-12-11 19:59:31.014+0000 INFO  [o.n.k.i.DiagnosticsManager] user.dir = C:\Program Files\Neo4j CE 2.3.1\bin
2015-12-11 19:59:31.014+0000 INFO  [o.n.k.i.DiagnosticsManager] neo4j.ext.udc.source = desktop
2015-12-11 19:59:31.014+0000 INFO  [o.n.k.i.DiagnosticsManager] user.variant = 
2015-12-11 19:59:31.014+0000 INFO  [o.n.k.i.DiagnosticsManager] exe4j.tempDir = 
2015-12-11 19:59:31.014+0000 INFO  [o.n.k.i.DiagnosticsManager] sun.jnu.encoding = Cp1252
2015-12-11 19:59:31.014+0000 INFO  [o.n.k.i.DiagnosticsManager] sun.awt.enableExtraMouseButtons = true
2015-12-11 19:59:31.014+0000 INFO  [o.n.k.i.DiagnosticsManager] install4j.launcherId = 24
2015-12-11 19:59:31.014+0000 INFO  [o.n.k.i.DiagnosticsManager] sun.management.compiler = HotSpot 64-Bit Tiered Compilers
2015-12-11 19:59:31.014+0000 INFO  [o.n.k.i.DiagnosticsManager] exe4j.isInstall4j = true
2015-12-11 19:59:31.014+0000 INFO  [o.n.k.i.DiagnosticsManager] install4j.swt = false
2015-12-11 19:59:31.014+0000 INFO  [o.n.k.i.DiagnosticsManager] user.home = C:\Users\cez
2015-12-11 19:59:31.014+0000 INFO  [o.n.k.i.DiagnosticsManager] user.timezone = America/Chicago
2015-12-11 19:59:31.014+0000 INFO  [o.n.k.i.DiagnosticsManager] file.encoding = Cp1252
2015-12-11 19:59:31.014+0000 INFO  [o.n.k.i.DiagnosticsManager] user.name = cez
2015-12-11 19:59:31.014+0000 INFO  [o.n.k.i.DiagnosticsManager] sun.java.command = C:\Program Files\Neo4j CE 2.3.1\bin\neo4j-ce.exe
2015-12-11 19:59:31.014+0000 INFO  [o.n.k.i.DiagnosticsManager] sun.arch.data.model = 64
2015-12-11 19:59:31.014+0000 INFO  [o.n.k.i.DiagnosticsManager] exe4j.launchName = C:\Program Files\Neo4j CE 2.3.1\bin\neo4j-ce.exe
2015-12-11 19:59:31.014+0000 INFO  [o.n.k.i.DiagnosticsManager] user.language = en
2015-12-11 19:59:31.014+0000 INFO  [o.n.k.i.DiagnosticsManager] awt.toolkit = sun.awt.windows.WToolkit
2015-12-11 19:59:31.014+0000 INFO  [o.n.k.i.DiagnosticsManager] exe4j.unextractedPosition = 0
2015-12-11 19:59:31.014+0000 INFO  [o.n.k.i.DiagnosticsManager] install4j.appDir = C:\Program Files\Neo4j CE 2.3.1\
2015-12-11 19:59:31.014+0000 INFO  [o.n.k.i.DiagnosticsManager] file.separator = \
2015-12-11 19:59:31.014+0000 INFO  [o.n.k.i.DiagnosticsManager] sun.io.unicode.encoding = UnicodeLittle
2015-12-11 19:59:31.014+0000 INFO  [o.n.k.i.DiagnosticsManager] sun.cpu.endian = little
2015-12-11 19:59:31.014+0000 INFO  [o.n.k.i.DiagnosticsManager] sun.desktop = windows
2015-12-11 19:59:31.014+0000 INFO  [o.n.k.i.DiagnosticsManager] sun.cpu.isalist = amd64
2015-12-11 19:59:31.014+0000 INFO  [o.n.k.i.DiagnosticsManager] Network information:
2015-12-11 19:59:31.032+0000 INFO  [o.n.k.i.DiagnosticsManager] Interface Software Loopback Interface 1:
2015-12-11 19:59:31.032+0000 INFO  [o.n.k.i.DiagnosticsManager]     address: 127.0.0.1
2015-12-11 19:59:31.033+0000 INFO  [o.n.k.i.DiagnosticsManager]     address: 0:0:0:0:0:0:0:1
2015-12-11 19:59:31.033+0000 INFO  [o.n.k.i.DiagnosticsManager] Interface Microsoft Kernel Debug Network Adapter:
2015-12-11 19:59:31.033+0000 INFO  [o.n.k.i.DiagnosticsManager] Interface Intel(R) 82578DM Gigabit Network Connection:
2015-12-11 19:59:31.033+0000 INFO  [o.n.k.i.DiagnosticsManager]     address: 10.24.47.166
2015-12-11 19:59:31.033+0000 INFO  [o.n.k.i.DiagnosticsManager]     address: 2610:130:101:d00:4493:c16:efa9:8b55
2015-12-11 19:59:31.033+0000 INFO  [o.n.k.i.DiagnosticsManager]     address: 2610:130:101:d00:920:e15d:79eb:345b
2015-12-11 19:59:31.033+0000 INFO  [o.n.k.i.DiagnosticsManager]     address: 2610:130:101:d00:a502:b02c:1a2d:577b
2015-12-11 19:59:31.033+0000 INFO  [o.n.k.i.DiagnosticsManager]     address: 2610:130:101:d00:dde0:9cf:9f51:157b
2015-12-11 19:59:31.033+0000 INFO  [o.n.k.i.DiagnosticsManager]     address: fe80:0:0:0:4493:c16:efa9:8b55%3
2015-12-11 19:59:31.033+0000 INFO  [o.n.k.i.DiagnosticsManager] Interface Microsoft ISATAP Adapter:
2015-12-11 19:59:31.033+0000 INFO  [o.n.k.i.DiagnosticsManager]     address: fe80:0:0:0:0:5efe:c0a8:3801%4
2015-12-11 19:59:31.033+0000 INFO  [o.n.k.i.DiagnosticsManager] Interface Teredo Tunneling Pseudo-Interface:
2015-12-11 19:59:31.033+0000 INFO  [o.n.k.i.DiagnosticsManager] Interface Microsoft ISATAP Adapter #2:
2015-12-11 19:59:31.033+0000 INFO  [o.n.k.i.DiagnosticsManager]     address: fe80:0:0:0:0:5efe:a18:2fa6%6
2015-12-11 19:59:31.033+0000 INFO  [o.n.k.i.DiagnosticsManager] Interface VirtualBox Host-Only Ethernet Adapter:
2015-12-11 19:59:31.033+0000 INFO  [o.n.k.i.DiagnosticsManager]     address: 192.168.56.1
2015-12-11 19:59:31.033+0000 INFO  [o.n.k.i.DiagnosticsManager]     address: fe80:0:0:0:4133:2d33:29c2:6efa%7
2015-12-11 19:59:31.033+0000 INFO  [o.n.k.i.DiagnosticsManager] Interface Microsoft ISATAP Adapter #3:
2015-12-11 19:59:31.033+0000 INFO  [o.n.k.i.DiagnosticsManager] Interface VirtualBox Host-Only Ethernet Adapter-WFP Native MAC Layer LightWeight Filter-0000:
2015-12-11 19:59:31.033+0000 INFO  [o.n.k.i.DiagnosticsManager] Interface VirtualBox Host-Only Ethernet Adapter-VirtualBox NDIS Light-Weight Filter-0000:
2015-12-11 19:59:31.033+0000 INFO  [o.n.k.i.DiagnosticsManager] Interface VirtualBox Host-Only Ethernet Adapter-QoS Packet Scheduler-0000:
2015-12-11 19:59:31.033+0000 INFO  [o.n.k.i.DiagnosticsManager] Interface VirtualBox Host-Only Ethernet Adapter-WFP 802.3 MAC Layer LightWeight Filter-0000:
2015-12-11 19:59:31.033+0000 INFO  [o.n.k.i.DiagnosticsManager] Interface Intel(R) 82578DM Gigabit Network Connection-WFP Native MAC Layer LightWeight Filter-0000:
2015-12-11 19:59:31.033+0000 INFO  [o.n.k.i.DiagnosticsManager] Interface Intel(R) 82578DM Gigabit Network Connection-VirtualBox NDIS Light-Weight Filter-0000:
2015-12-11 19:59:31.033+0000 INFO  [o.n.k.i.DiagnosticsManager] Interface Intel(R) 82578DM Gigabit Network Connection-QoS Packet Scheduler-0000:
2015-12-11 19:59:31.033+0000 INFO  [o.n.k.i.DiagnosticsManager] Interface Intel(R) 82578DM Gigabit Network Connection-WFP 802.3 MAC Layer LightWeight Filter-0000:
2015-12-11 19:59:31.033+0000 INFO  [o.n.k.i.DiagnosticsManager] --- INITIALIZED diagnostics END ---
2015-12-11 19:59:32.670+0000 INFO  [o.n.k.KernelHealth] Kernel health set to OK
2015-12-11 19:59:32.688+0000 INFO  [o.n.k.AvailabilityGuard] Fulfilling of requirement makes database available: Database available
2015-12-11 19:59:32.692+0000 INFO  [o.n.k.i.f.CommunityFacadeFactory] Database is now ready
2015-12-11 19:59:32.696+0000 INFO  [o.n.k.i.DiagnosticsManager] --- STARTED diagnostics for KernelDiagnostics:Versions START ---
2015-12-11 19:59:32.700+0000 INFO  [o.n.k.i.DiagnosticsManager] Graph Database: Community StoreId{creationTime=1449724177797, randomId=-6697820177847075955, storeVersion=15250506225055238, upgradeTime=1449724177797, upgradeId=1}
2015-12-11 19:59:32.703+0000 INFO  [o.n.k.i.DiagnosticsManager] Kernel version: 2.3.1
2015-12-11 19:59:32.707+0000 INFO  [o.n.k.i.DiagnosticsManager] --- STARTED diagnostics for KernelDiagnostics:Versions END ---
2015-12-11 19:59:32.711+0000 INFO  [o.n.k.i.DiagnosticsManager] --- STARTED diagnostics for NEO_STORE_VERSIONS START ---
2015-12-11 19:59:32.714+0000 INFO  [o.n.k.i.DiagnosticsManager] Store versions:
2015-12-11 19:59:32.718+0000 INFO  [o.n.k.i.DiagnosticsManager] Store versions:
2015-12-11 19:59:32.721+0000 INFO  [o.n.k.i.DiagnosticsManager] ArrayPropertyStore v0.A.6
2015-12-11 19:59:32.723+0000 INFO  [o.n.k.i.DiagnosticsManager] NodeStore v0.A.6
2015-12-11 19:59:32.726+0000 INFO  [o.n.k.i.DiagnosticsManager] StringPropertyStore v0.A.6
2015-12-11 19:59:32.728+0000 INFO  [o.n.k.i.DiagnosticsManager] PropertyIndexStore v0.A.6
2015-12-11 19:59:32.730+0000 INFO  [o.n.k.i.DiagnosticsManager] StringPropertyStore v0.A.6
2015-12-11 19:59:32.732+0000 INFO  [o.n.k.i.DiagnosticsManager] ArrayPropertyStore v0.A.6
2015-12-11 19:59:32.735+0000 INFO  [o.n.k.i.DiagnosticsManager] PropertyStore v0.A.6
2015-12-11 19:59:32.737+0000 INFO  [o.n.k.i.DiagnosticsManager] RelationshipStore v0.A.6
2015-12-11 19:59:32.739+0000 INFO  [o.n.k.i.DiagnosticsManager] StringPropertyStore v0.A.6
2015-12-11 19:59:32.741+0000 INFO  [o.n.k.i.DiagnosticsManager] RelationshipTypeStore v0.A.6
2015-12-11 19:59:32.743+0000 INFO  [o.n.k.i.DiagnosticsManager] StringPropertyStore v0.A.6
2015-12-11 19:59:32.745+0000 INFO  [o.n.k.i.DiagnosticsManager] LabelTokenStore v0.A.6
2015-12-11 19:59:32.748+0000 INFO  [o.n.k.i.DiagnosticsManager] SchemaStore v0.A.6
2015-12-11 19:59:32.750+0000 INFO  [o.n.k.i.DiagnosticsManager] RelationshipGroupStore v0.A.6
2015-12-11 19:59:32.753+0000 INFO  [o.n.k.i.DiagnosticsManager] NeoStore v0.A.6
2015-12-11 19:59:32.755+0000 INFO  [o.n.k.i.DiagnosticsManager] --- STARTED diagnostics for NEO_STORE_VERSIONS END ---
2015-12-11 19:59:32.757+0000 INFO  [o.n.k.i.DiagnosticsManager] --- STARTED diagnostics for NEO_STORE_ID_USAGE START ---
2015-12-11 19:59:32.759+0000 INFO  [o.n.k.i.DiagnosticsManager] Id usage:
2015-12-11 19:59:32.762+0000 INFO  [o.n.k.i.DiagnosticsManager] Id usage:
2015-12-11 19:59:32.764+0000 INFO  [o.n.k.i.DiagnosticsManager]   ArrayPropertyStore v0.A.6: used=1 high=0
2015-12-11 19:59:32.766+0000 INFO  [o.n.k.i.DiagnosticsManager]   NodeStore v0.A.6: used=5100 high=5099
2015-12-11 19:59:32.769+0000 INFO  [o.n.k.i.DiagnosticsManager]   StringPropertyStore v0.A.6: used=5 high=4
2015-12-11 19:59:32.771+0000 INFO  [o.n.k.i.DiagnosticsManager]   PropertyIndexStore v0.A.6: used=4 high=3
2015-12-11 19:59:32.773+0000 INFO  [o.n.k.i.DiagnosticsManager]   StringPropertyStore v0.A.6: used=1 high=0
2015-12-11 19:59:32.775+0000 INFO  [o.n.k.i.DiagnosticsManager]   ArrayPropertyStore v0.A.6: used=1 high=0
2015-12-11 19:59:32.778+0000 INFO  [o.n.k.i.DiagnosticsManager]   PropertyStore v0.A.6: used=7612 high=7611
2015-12-11 19:59:32.780+0000 INFO  [o.n.k.i.DiagnosticsManager]   RelationshipStore v0.A.6: used=5000 high=4999
2015-12-11 19:59:32.782+0000 INFO  [o.n.k.i.DiagnosticsManager]   StringPropertyStore v0.A.6: used=2 high=1
2015-12-11 19:59:32.784+0000 INFO  [o.n.k.i.DiagnosticsManager]   RelationshipTypeStore v0.A.6: used=1 high=0
2015-12-11 19:59:32.786+0000 INFO  [o.n.k.i.DiagnosticsManager]   StringPropertyStore v0.A.6: used=3 high=2
2015-12-11 19:59:32.789+0000 INFO  [o.n.k.i.DiagnosticsManager]   LabelTokenStore v0.A.6: used=2 high=1
2015-12-11 19:59:32.791+0000 INFO  [o.n.k.i.DiagnosticsManager]   SchemaStore v0.A.6: used=1 high=0
2015-12-11 19:59:32.793+0000 INFO  [o.n.k.i.DiagnosticsManager]   RelationshipGroupStore v0.A.6: used=52 high=51
2015-12-11 19:59:32.795+0000 INFO  [o.n.k.i.DiagnosticsManager]   NeoStore v0.A.6: used=13 high=12
2015-12-11 19:59:32.797+0000 INFO  [o.n.k.i.DiagnosticsManager] --- STARTED diagnostics for NEO_STORE_ID_USAGE END ---
2015-12-11 19:59:32.800+0000 INFO  [o.n.k.i.DiagnosticsManager] --- STARTED diagnostics for NEO_STORE_RECORDS START ---
2015-12-11 19:59:32.802+0000 INFO  [o.n.k.i.DiagnosticsManager] Neostore records:
2015-12-11 19:59:32.804+0000 INFO  [o.n.k.i.DiagnosticsManager] TIME (Creation time): 1449724177797
2015-12-11 19:59:32.806+0000 INFO  [o.n.k.i.DiagnosticsManager] RANDOM_NUMBER (Random number for store id): -6697820177847075955
2015-12-11 19:59:32.808+0000 INFO  [o.n.k.i.DiagnosticsManager] LOG_VERSION (Current log version): 0
2015-12-11 19:59:32.811+0000 INFO  [o.n.k.i.DiagnosticsManager] LAST_TRANSACTION_ID (Last committed transaction): 10108
2015-12-11 19:59:32.813+0000 INFO  [o.n.k.i.DiagnosticsManager] STORE_VERSION (Store format version): 15250506225055238
2015-12-11 19:59:32.815+0000 INFO  [o.n.k.i.DiagnosticsManager] FIRST_GRAPH_PROPERTY (First property record containing graph properties): -1
2015-12-11 19:59:32.817+0000 INFO  [o.n.k.i.DiagnosticsManager] LAST_CONSTRAINT_TRANSACTION (Last committed transaction containing constraint changes): 0
2015-12-11 19:59:32.819+0000 INFO  [o.n.k.i.DiagnosticsManager] UPGRADE_TRANSACTION_ID (Transaction id most recent upgrade was performed at): 1
2015-12-11 19:59:32.822+0000 INFO  [o.n.k.i.DiagnosticsManager] UPGRADE_TIME (Time of last upgrade): 1449724177797
2015-12-11 19:59:32.824+0000 INFO  [o.n.k.i.DiagnosticsManager] LAST_TRANSACTION_CHECKSUM (Checksum of last committed transaction): -160235848167
2015-12-11 19:59:32.826+0000 INFO  [o.n.k.i.DiagnosticsManager] UPGRADE_TRANSACTION_CHECKSUM (Checksum of transaction id the most recent upgrade was performed at): 0
2015-12-11 19:59:32.828+0000 INFO  [o.n.k.i.DiagnosticsManager] LAST_CLOSED_TRANSACTION_LOG_VERSION (Log version where the last transaction commit entry has been written into): 0
2015-12-11 19:59:32.831+0000 INFO  [o.n.k.i.DiagnosticsManager] LAST_CLOSED_TRANSACTION_LOG_BYTE_OFFSET (Byte offset in the log file where the last transaction commit entry has been written into): 4073558
2015-12-11 19:59:32.833+0000 INFO  [o.n.k.i.DiagnosticsManager] --- STARTED diagnostics for NEO_STORE_RECORDS END ---
2015-12-11 19:59:32.835+0000 INFO  [o.n.k.i.DiagnosticsManager] --- STARTED diagnostics for TRANSACTION_RANGE START ---
2015-12-11 19:59:32.837+0000 INFO  [o.n.k.i.DiagnosticsManager] Transaction log:
2015-12-11 19:59:32.840+0000 INFO  [o.n.k.i.DiagnosticsManager] Oldest transaction 2 found in log with version 0
2015-12-11 19:59:32.843+0000 INFO  [o.n.k.i.DiagnosticsManager] --- STARTED diagnostics for TRANSACTION_RANGE END ---
2015-12-11 19:59:32.845+0000 INFO  [o.n.k.i.DiagnosticsManager] --- STARTED diagnostics for KernelDiagnostics:StoreFiles START ---
2015-12-11 19:59:32.848+0000 INFO  [o.n.k.i.DiagnosticsManager] Disk space on partition (Total / Free / Free %): 499738734592 / 397960732672 / 79
Storage files: (filename : modification date - size)
2015-12-11 19:59:32.851+0000 INFO  [o.n.k.i.DiagnosticsManager]   dbms:
2015-12-11 19:59:32.853+0000 INFO  [o.n.k.i.DiagnosticsManager]     auth: 2015-12-09T23:09:38-0600 - 137.00 B
2015-12-11 19:59:32.856+0000 INFO  [o.n.k.i.DiagnosticsManager]     ssl:
2015-12-11 19:59:32.858+0000 INFO  [o.n.k.i.DiagnosticsManager]       snakeoil.cert: 2015-12-09T23:09:34-0600 - 630.00 B
2015-12-11 19:59:32.860+0000 INFO  [o.n.k.i.DiagnosticsManager]       snakeoil.key: 2015-12-09T23:09:34-0600 - 914.00 B
2015-12-11 19:59:32.863+0000 INFO  [o.n.k.i.DiagnosticsManager]     - Total: 2015-12-09T23:09:34-0600 - 1.51 kB
2015-12-11 19:59:32.865+0000 INFO  [o.n.k.i.DiagnosticsManager]   - Total: 2015-12-09T23:09:38-0600 - 1.64 kB
2015-12-11 19:59:32.867+0000 INFO  [o.n.k.i.DiagnosticsManager]   index:
2015-12-11 19:59:32.870+0000 INFO  [o.n.k.i.DiagnosticsManager]   - Total: 2015-12-09T23:09:37-0600 - 0.00 B
2015-12-11 19:59:32.872+0000 INFO  [o.n.k.i.DiagnosticsManager]   messages.log: 2015-12-10T08:53:30-0600 - 63.18 kB
2015-12-11 19:59:32.875+0000 INFO  [o.n.k.i.DiagnosticsManager]   neo4j.properties: 2015-12-09T23:09:34-0600 - 1.30 kB
2015-12-11 19:59:32.877+0000 INFO  [o.n.k.i.DiagnosticsManager]   neostore: 2015-12-09T23:19:39-0600 - 8.00 kB
2015-12-11 19:59:32.880+0000 INFO  [o.n.k.i.DiagnosticsManager]   neostore.counts.db.a: 2015-12-09T23:19:39-0600 - 384.00 B
2015-12-11 19:59:32.882+0000 INFO  [o.n.k.i.DiagnosticsManager]   neostore.counts.db.b: 2015-12-09T23:14:38-0600 - 384.00 B
2015-12-11 19:59:32.885+0000 INFO  [o.n.k.i.DiagnosticsManager]   neostore.id: 2015-12-11T13:59:32-0600 - 9.00 B
2015-12-11 19:59:32.887+0000 INFO  [o.n.k.i.DiagnosticsManager]   neostore.labeltokenstore.db: 2015-12-09T23:14:38-0600 - 8.00 kB
2015-12-11 19:59:32.890+0000 INFO  [o.n.k.i.DiagnosticsManager]   neostore.labeltokenstore.db.id: 2015-12-11T13:59:31-0600 - 9.00 B
2015-12-11 19:59:32.893+0000 INFO  [o.n.k.i.DiagnosticsManager]   neostore.labeltokenstore.db.names: 2015-12-09T23:14:38-0600 - 8.00 kB
2015-12-11 19:59:32.896+0000 INFO  [o.n.k.i.DiagnosticsManager]   neostore.labeltokenstore.db.names.id: 2015-12-11T13:59:31-0600 - 9.00 B
2015-12-11 19:59:32.898+0000 INFO  [o.n.k.i.DiagnosticsManager]   neostore.nodestore.db: 2015-12-09T23:19:39-0600 - 79.98 kB
2015-12-11 19:59:32.901+0000 INFO  [o.n.k.i.DiagnosticsManager]   neostore.nodestore.db.id: 2015-12-11T13:59:31-0600 - 9.00 B
2015-12-11 19:59:32.903+0000 INFO  [o.n.k.i.DiagnosticsManager]   neostore.nodestore.db.labels: 2015-12-09T23:09:35-0600 - 8.00 kB
2015-12-11 19:59:32.906+0000 INFO  [o.n.k.i.DiagnosticsManager]   neostore.nodestore.db.labels.id: 2015-12-11T13:59:31-0600 - 9.00 B
2015-12-11 19:59:32.909+0000 INFO  [o.n.k.i.DiagnosticsManager]   neostore.propertystore.db: 2015-12-10T08:53:29-0600 - 310.74 kB
2015-12-11 19:59:32.911+0000 INFO  [o.n.k.i.DiagnosticsManager]   neostore.propertystore.db.arrays: 2015-12-09T23:09:36-0600 - 8.00 kB
2015-12-11 19:59:32.914+0000 INFO  [o.n.k.i.DiagnosticsManager]   neostore.propertystore.db.arrays.id: 2015-12-11T13:59:31-0600 - 9.00 B
2015-12-11 19:59:32.917+0000 INFO  [o.n.k.i.DiagnosticsManager]   neostore.propertystore.db.id: 2015-12-11T13:59:31-0600 - 9.00 B
2015-12-11 19:59:32.919+0000 INFO  [o.n.k.i.DiagnosticsManager]   neostore.propertystore.db.index: 2015-12-09T23:14:38-0600 - 8.00 kB
2015-12-11 19:59:32.922+0000 INFO  [o.n.k.i.DiagnosticsManager]   neostore.propertystore.db.index.id: 2015-12-11T13:59:31-0600 - 9.00 B
2015-12-11 19:59:32.924+0000 INFO  [o.n.k.i.DiagnosticsManager]   neostore.propertystore.db.index.keys: 2015-12-09T23:14:38-0600 - 8.00 kB
2015-12-11 19:59:32.927+0000 INFO  [o.n.k.i.DiagnosticsManager]   neostore.propertystore.db.index.keys.id: 2015-12-11T13:59:31-0600 - 9.00 B
2015-12-11 19:59:32.930+0000 INFO  [o.n.k.i.DiagnosticsManager]   neostore.propertystore.db.strings: 2015-12-09T23:09:35-0600 - 8.00 kB
2015-12-11 19:59:32.932+0000 INFO  [o.n.k.i.DiagnosticsManager]   neostore.propertystore.db.strings.id: 2015-12-11T13:59:31-0600 - 9.00 B
2015-12-11 19:59:32.935+0000 INFO  [o.n.k.i.DiagnosticsManager]   neostore.relationshipgroupstore.db: 2015-12-09T23:19:39-0600 - 8.00 kB
2015-12-11 19:59:32.938+0000 INFO  [o.n.k.i.DiagnosticsManager]   neostore.relationshipgroupstore.db.id: 2015-12-11T13:59:32-0600 - 9.00 B
2015-12-11 19:59:32.940+0000 INFO  [o.n.k.i.DiagnosticsManager]   neostore.relationshipstore.db: 2015-12-10T08:53:29-0600 - 167.34 kB
2015-12-11 19:59:32.943+0000 INFO  [o.n.k.i.DiagnosticsManager]   neostore.relationshipstore.db.id: 2015-12-11T13:59:31-0600 - 9.00 B
2015-12-11 19:59:32.945+0000 INFO  [o.n.k.i.DiagnosticsManager]   neostore.relationshiptypestore.db: 2015-12-09T23:14:38-0600 - 8.00 kB
2015-12-11 19:59:32.948+0000 INFO  [o.n.k.i.DiagnosticsManager]   neostore.relationshiptypestore.db.id: 2015-12-11T13:59:31-0600 - 9.00 B
2015-12-11 19:59:32.951+0000 INFO  [o.n.k.i.DiagnosticsManager]   neostore.relationshiptypestore.db.names: 2015-12-09T23:14:38-0600 - 8.00 kB
2015-12-11 19:59:32.954+0000 INFO  [o.n.k.i.DiagnosticsManager]   neostore.relationshiptypestore.db.names.id: 2015-12-11T13:59:31-0600 - 9.00 B
2015-12-11 19:59:32.956+0000 INFO  [o.n.k.i.DiagnosticsManager]   neostore.schemastore.db: 2015-12-09T23:09:37-0600 - 8.00 kB
2015-12-11 19:59:32.959+0000 INFO  [o.n.k.i.DiagnosticsManager]   neostore.schemastore.db.id: 2015-12-11T13:59:31-0600 - 9.00 B
2015-12-11 19:59:32.961+0000 INFO  [o.n.k.i.DiagnosticsManager]   neostore.transaction.db.0: 2015-12-10T08:53:29-0600 - 3.88 MB
2015-12-11 19:59:32.964+0000 INFO  [o.n.k.i.DiagnosticsManager]   schema:
2015-12-11 19:59:32.966+0000 INFO  [o.n.k.i.DiagnosticsManager]     label:
2015-12-11 19:59:32.968+0000 INFO  [o.n.k.i.DiagnosticsManager]       lucene:
2015-12-11 19:59:32.971+0000 INFO  [o.n.k.i.DiagnosticsManager]         _7uf.cfs: 2015-12-09T23:19:23-0600 - 4.93 kB
2015-12-11 19:59:32.973+0000 INFO  [o.n.k.i.DiagnosticsManager]         segments.gen: 2015-12-09T23:19:39-0600 - 20.00 B
2015-12-11 19:59:32.976+0000 INFO  [o.n.k.i.DiagnosticsManager]         segments_2: 2015-12-09T23:19:39-0600 - 258.00 B
2015-12-11 19:59:32.978+0000 INFO  [o.n.k.i.DiagnosticsManager]         write.lock: 2015-12-11T13:59:32-0600 - 0.00 B
2015-12-11 19:59:32.980+0000 INFO  [o.n.k.i.DiagnosticsManager]       - Total: 2015-12-11T13:59:32-0600 - 5.21 kB
2015-12-11 19:59:32.983+0000 INFO  [o.n.k.i.DiagnosticsManager]     - Total: 2015-12-09T23:09:37-0600 - 5.21 kB
2015-12-11 19:59:32.985+0000 INFO  [o.n.k.i.DiagnosticsManager]   - Total: 2015-12-09T23:09:37-0600 - 5.21 kB
2015-12-11 19:59:32.988+0000 INFO  [o.n.k.i.DiagnosticsManager]   store_lock: 2015-12-09T23:09:34-0600 - 0.00 B
2015-12-11 19:59:32.990+0000 INFO  [o.n.k.i.DiagnosticsManager] --- STARTED diagnostics for KernelDiagnostics:StoreFiles END ---
2015-12-11 19:59:33.001+0000 INFO  [o.n.k.i.DiagnosticsManager] --- SERVER STARTED START ---
2015-12-11 19:59:33.695+0000 WARN  [o.n.k.i.c.MonitorGc] GC Monitor: Application threads blocked for 209ms.
2015-12-11 19:59:33.900+0000 INFO  [o.n.k.i.DiagnosticsManager] --- SERVER STARTED END ---
2015-12-11 20:17:10.366+0000 INFO  [o.n.k.i.f.GraphDatabaseFacade] Shutdown started
2015-12-11 20:17:10.369+0000 INFO  [o.n.k.i.f.CommunityFacadeFactory] Database is now unavailable
2015-12-11 20:17:10.433+0000 INFO  [o.n.k.i.t.l.c.CheckPointerImpl] Check Pointing triggered by database shutdown [10108]:  Starting check pointing...
2015-12-11 20:17:10.440+0000 INFO  [o.n.k.i.t.l.c.CheckPointerImpl] Check Pointing triggered by database shutdown [10108]:  Starting store flush...
2015-12-11 20:17:10.457+0000 INFO  [o.n.k.i.t.l.c.CheckPointerImpl] Check Pointing triggered by database shutdown [10108]:  Store flush completed
2015-12-11 20:17:10.461+0000 INFO  [o.n.k.i.t.l.c.CheckPointerImpl] Check Pointing triggered by database shutdown [10108]:  Starting appending check point entry into the tx log...
2015-12-11 20:17:10.489+0000 INFO  [o.n.k.i.t.l.c.CheckPointerImpl] Check Pointing triggered by database shutdown [10108]:  Appending check point entry into the tx log completed
2015-12-11 20:17:10.493+0000 INFO  [o.n.k.i.t.l.c.CheckPointerImpl] Check Pointing triggered by database shutdown [10108]:  Check pointing completed
2015-12-11 20:17:10.497+0000 INFO  [o.n.k.i.t.l.p.LogPruningImpl] Log Rotation [0]:  Starting log pruning.
2015-12-11 20:17:10.501+0000 INFO  [o.n.k.i.t.l.p.LogPruningImpl] Log Rotation [0]:  Log pruning complete.
2015-12-11 20:17:11.903+0000 INFO  [o.n.k.NeoStoreDataSource] NeoStores closed
2015-12-11 20:17:11.909+0000 INFO  [o.n.k.i.DiagnosticsManager] --- STOPPING diagnostics START ---
2015-12-11 20:17:11.909+0000 INFO  [o.n.k.i.DiagnosticsManager] --- STOPPING diagnostics END ---
