2015-12-11 05:11:43.496+0000 INFO  [o.n.k.i.f.CommunityFacadeFactory] No locking implementation specified, defaulting to 'community'
2015-12-11 05:11:43.500+0000 INFO  [o.n.k.AvailabilityGuard] Requirement makes database unavailable: Database available
2015-12-11 05:11:43.502+0000 INFO  [o.n.k.i.DiagnosticsManager] --- INITIALIZED diagnostics START ---
2015-12-11 05:11:43.502+0000 INFO  [o.n.k.i.DiagnosticsManager] Neo4j Kernel properties:
2015-12-11 05:11:43.502+0000 INFO  [o.n.k.i.DiagnosticsManager] org.neo4j.server.db.tuning.properties=C:\561\10000\10000D0\neo4j.properties
2015-12-11 05:11:43.502+0000 INFO  [o.n.k.i.DiagnosticsManager] org.neo4j.server.database.location=C:\561\10000\10000D0
2015-12-11 05:11:43.502+0000 INFO  [o.n.k.i.DiagnosticsManager] dbms.querylog.filename=data/log/queries.log
2015-12-11 05:11:43.502+0000 INFO  [o.n.k.i.DiagnosticsManager] dbms.security.auth_store.location=C:\561\10000\10000D0\.\dbms\auth
2015-12-11 05:11:43.502+0000 INFO  [o.n.k.i.DiagnosticsManager] dbms.security.tls_certificate_file=C:\561\10000\10000D0\.\dbms\ssl\snakeoil.cert
2015-12-11 05:11:43.502+0000 INFO  [o.n.k.i.DiagnosticsManager] remote_shell_enabled=true
2015-12-11 05:11:43.502+0000 INFO  [o.n.k.i.DiagnosticsManager] edition=Community
2015-12-11 05:11:43.502+0000 INFO  [o.n.k.i.DiagnosticsManager] dbms.security.tls_key_file=C:\561\10000\10000D0\.\dbms\ssl\snakeoil.key
2015-12-11 05:11:43.502+0000 INFO  [o.n.k.i.DiagnosticsManager] Diagnostics providers:
2015-12-11 05:11:43.502+0000 INFO  [o.n.k.i.DiagnosticsManager] org.neo4j.kernel.configuration.Config
2015-12-11 05:11:43.502+0000 INFO  [o.n.k.i.DiagnosticsManager] org.neo4j.kernel.info.DiagnosticsManager
2015-12-11 05:11:43.502+0000 INFO  [o.n.k.i.DiagnosticsManager] SYSTEM_MEMORY
2015-12-11 05:11:43.502+0000 INFO  [o.n.k.i.DiagnosticsManager] JAVA_MEMORY
2015-12-11 05:11:43.502+0000 INFO  [o.n.k.i.DiagnosticsManager] OPERATING_SYSTEM
2015-12-11 05:11:43.502+0000 INFO  [o.n.k.i.DiagnosticsManager] JAVA_VIRTUAL_MACHINE
2015-12-11 05:11:43.502+0000 INFO  [o.n.k.i.DiagnosticsManager] CLASSPATH
2015-12-11 05:11:43.502+0000 INFO  [o.n.k.i.DiagnosticsManager] LIBRARY_PATH
2015-12-11 05:11:43.502+0000 INFO  [o.n.k.i.DiagnosticsManager] SYSTEM_PROPERTIES
2015-12-11 05:11:43.502+0000 INFO  [o.n.k.i.DiagnosticsManager] NETWORK
2015-12-11 05:11:43.502+0000 INFO  [o.n.k.i.DiagnosticsManager] System memory information:
2015-12-11 05:11:43.502+0000 INFO  [o.n.k.i.DiagnosticsManager] Total Physical memory: 3.93 GB
2015-12-11 05:11:43.502+0000 INFO  [o.n.k.i.DiagnosticsManager] Free Physical memory: 1.98 GB
2015-12-11 05:11:43.502+0000 INFO  [o.n.k.i.DiagnosticsManager] Committed virtual memory: 386.43 MB
2015-12-11 05:11:43.502+0000 INFO  [o.n.k.i.DiagnosticsManager] Total swap space: 5.66 GB
2015-12-11 05:11:43.502+0000 INFO  [o.n.k.i.DiagnosticsManager] Free swap space: 1.89 GB
2015-12-11 05:11:43.502+0000 INFO  [o.n.k.i.DiagnosticsManager] JVM memory information:
2015-12-11 05:11:43.502+0000 INFO  [o.n.k.i.DiagnosticsManager] Free  memory: 23.27 MB
2015-12-11 05:11:43.503+0000 INFO  [o.n.k.i.DiagnosticsManager] Total memory: 82.00 MB
2015-12-11 05:11:43.503+0000 INFO  [o.n.k.i.DiagnosticsManager] Max   memory: 894.50 MB
2015-12-11 05:11:43.503+0000 INFO  [o.n.k.i.DiagnosticsManager] Garbage Collector: PS Scavenge: [PS Eden Space, PS Survivor Space]
2015-12-11 05:11:43.503+0000 INFO  [o.n.k.i.DiagnosticsManager] Garbage Collector: PS MarkSweep: [PS Eden Space, PS Survivor Space, PS Old Gen, PS Perm Gen]
2015-12-11 05:11:43.503+0000 INFO  [o.n.k.i.DiagnosticsManager] Memory Pool: Code Cache (Non-heap memory): committed=13.31 MB, used=12.45 MB, max=48.00 MB, threshold=0.00 B
2015-12-11 05:11:43.503+0000 INFO  [o.n.k.i.DiagnosticsManager] Memory Pool: PS Eden Space (Heap memory): committed=20.00 MB, used=9.01 MB, max=332.50 MB, threshold=?
2015-12-11 05:11:43.503+0000 INFO  [o.n.k.i.DiagnosticsManager] Memory Pool: PS Survivor Space (Heap memory): committed=512.00 kB, used=481.79 kB, max=512.00 kB, threshold=?
2015-12-11 05:11:43.503+0000 INFO  [o.n.k.i.DiagnosticsManager] Memory Pool: PS Old Gen (Heap memory): committed=61.50 MB, used=49.26 MB, max=670.50 MB, threshold=0.00 B
2015-12-11 05:11:43.503+0000 INFO  [o.n.k.i.DiagnosticsManager] Memory Pool: PS Perm Gen (Non-heap memory): committed=69.00 MB, used=68.81 MB, max=82.00 MB, threshold=0.00 B
2015-12-11 05:11:43.503+0000 INFO  [o.n.k.i.DiagnosticsManager] Operating system information:
2015-12-11 05:11:43.503+0000 INFO  [o.n.k.i.DiagnosticsManager] Operating System: Windows 8.1; version: 6.3; arch: amd64; cpus: 8
2015-12-11 05:11:43.504+0000 INFO  [o.n.k.i.DiagnosticsManager] Process id: 3784@ATAN-B03-02
2015-12-11 05:11:43.504+0000 INFO  [o.n.k.i.DiagnosticsManager] Byte order: LITTLE_ENDIAN
2015-12-11 05:11:43.504+0000 INFO  [o.n.k.i.DiagnosticsManager] Local timezone: America/Chicago
2015-12-11 05:11:43.504+0000 INFO  [o.n.k.i.DiagnosticsManager] JVM information:
2015-12-11 05:11:43.504+0000 INFO  [o.n.k.i.DiagnosticsManager] VM Name: Java HotSpot(TM) 64-Bit Server VM
2015-12-11 05:11:43.504+0000 INFO  [o.n.k.i.DiagnosticsManager] VM Vendor: Oracle Corporation
2015-12-11 05:11:43.504+0000 INFO  [o.n.k.i.DiagnosticsManager] VM Version: 24.80-b11
2015-12-11 05:11:43.504+0000 INFO  [o.n.k.i.DiagnosticsManager] JIT compiler: HotSpot 64-Bit Tiered Compilers
2015-12-11 05:11:43.504+0000 INFO  [o.n.k.i.DiagnosticsManager] VM Arguments: [-Dexe4j.semaphoreName=Local\c:_program_files_neo4j_ce_2.3.1_bin_neo4j-ce.exe, -Dexe4j.isInstall4j=true, -Dexe4j.moduleName=C:\Program Files\Neo4j CE 2.3.1\bin\neo4j-ce.exe, -Dexe4j.tempDir=, -Dexe4j.unextractedPosition=0, -Djava.library.path=C:\Program Files (x86)\AMD APP\bin\x86_64;C:\Program Files (x86)\AMD APP\bin\x86;C:\ProgramData\Oracle\Java\javapath;C:\Windows\system32;C:\Windows;C:\Windows\System32\Wbem;C:\Windows\System32\WindowsPowerShell\v1.0\;C:\Program Files (x86)\MiKTeX 2.9\miktex\bin\;C:\Program Files\TortoiseSVN\bin;C:\Windows\system32\config\systemprofile\.dnx\bin;C:\Program Files\Microsoft DNX\Dnvm\;C:\Program Files\MATLAB\R2015b\runtime\win64;C:\Program Files\MATLAB\R2015b\bin;C:\Program Files (x86)\ATI Technologies\ATI.ACE\Core-Static;c:\program files\neo4j ce 2.3.1\jre\bin, -Dexe4j.consoleCodepage=cp0, -Dinstall4j.launcherId=24, -Dinstall4j.swt=false]
2015-12-11 05:11:43.504+0000 INFO  [o.n.k.i.DiagnosticsManager] Java classpath:
2015-12-11 05:11:43.506+0000 INFO  [o.n.k.i.DiagnosticsManager]  [loader.1] file:/C:/Program%20Files/Neo4j%20CE%202.3.1/jre/lib/ext/dnsns.jar
2015-12-11 05:11:43.506+0000 INFO  [o.n.k.i.DiagnosticsManager]  [loader.0] file:/C:/Program%20Files/Neo4j%20CE%202.3.1/bin/
2015-12-11 05:11:43.506+0000 INFO  [o.n.k.i.DiagnosticsManager]  [bootstrap] C:\Program Files\Neo4j CE 2.3.1\jre\lib\resources.jar
2015-12-11 05:11:43.506+0000 INFO  [o.n.k.i.DiagnosticsManager]  [bootstrap] C:\Program Files\Neo4j CE 2.3.1\jre\lib\jfr.jar
2015-12-11 05:11:43.506+0000 INFO  [o.n.k.i.DiagnosticsManager]  [classpath] C:\Program Files\Neo4j CE 2.3.1\.install4j\i4jruntime.jar
2015-12-11 05:11:43.506+0000 INFO  [o.n.k.i.DiagnosticsManager]  [loader.1] file:/C:/Program%20Files/Neo4j%20CE%202.3.1/jre/lib/ext/sunmscapi.jar
2015-12-11 05:11:43.506+0000 INFO  [o.n.k.i.DiagnosticsManager]  [bootstrap] C:\Program Files\Neo4j CE 2.3.1\jre\lib\jsse.jar
2015-12-11 05:11:43.506+0000 INFO  [o.n.k.i.DiagnosticsManager]  [loader.1] file:/C:/Program%20Files/Neo4j%20CE%202.3.1/jre/lib/ext/dns_sd.jar
2015-12-11 05:11:43.506+0000 INFO  [o.n.k.i.DiagnosticsManager]  [loader.0] file:/C:/Program%20Files/Neo4j%20CE%202.3.1/.install4j/i4jruntime.jar
2015-12-11 05:11:43.506+0000 INFO  [o.n.k.i.DiagnosticsManager]  [loader.0] file:/C:/Program%20Files/Neo4j%20CE%202.3.1/bin/neo4j-desktop-2.3.1.jar
2015-12-11 05:11:43.506+0000 INFO  [o.n.k.i.DiagnosticsManager]  [loader.1] file:/C:/Program%20Files/Neo4j%20CE%202.3.1/jre/lib/ext/access-bridge-64.jar
2015-12-11 05:11:43.506+0000 INFO  [o.n.k.i.DiagnosticsManager]  [loader.1] file:/C:/Program%20Files/Neo4j%20CE%202.3.1/jre/lib/ext/localedata.jar
2015-12-11 05:11:43.506+0000 INFO  [o.n.k.i.DiagnosticsManager]  [bootstrap] C:\Program Files\Neo4j CE 2.3.1\jre\lib\sunrsasign.jar
2015-12-11 05:11:43.506+0000 INFO  [o.n.k.i.DiagnosticsManager]  [bootstrap] C:\Program Files\Neo4j CE 2.3.1\jre\lib\jce.jar
2015-12-11 05:11:43.506+0000 INFO  [o.n.k.i.DiagnosticsManager]  [bootstrap] C:\Program Files\Neo4j CE 2.3.1\jre\lib\rt.jar
2015-12-11 05:11:43.506+0000 INFO  [o.n.k.i.DiagnosticsManager]  [bootstrap] C:\Program Files\Neo4j CE 2.3.1\jre\lib\charsets.jar
2015-12-11 05:11:43.506+0000 INFO  [o.n.k.i.DiagnosticsManager]  [loader.1] file:/C:/Program%20Files/Neo4j%20CE%202.3.1/jre/lib/ext/sunjce_provider.jar
2015-12-11 05:11:43.506+0000 INFO  [o.n.k.i.DiagnosticsManager]  [bootstrap] C:\Program Files\Neo4j CE 2.3.1\jre\classes
2015-12-11 05:11:43.506+0000 INFO  [o.n.k.i.DiagnosticsManager]  [loader.1] file:/C:/Program%20Files/Neo4j%20CE%202.3.1/jre/lib/ext/zipfs.jar
2015-12-11 05:11:43.506+0000 INFO  [o.n.k.i.DiagnosticsManager]  [loader.1] file:/C:/Program%20Files/Neo4j%20CE%202.3.1/jre/lib/ext/jaccess.jar
2015-12-11 05:11:43.506+0000 INFO  [o.n.k.i.DiagnosticsManager]  [loader.1] file:/C:/Program%20Files/Neo4j%20CE%202.3.1/jre/lib/ext/sunec.jar
2015-12-11 05:11:43.506+0000 INFO  [o.n.k.i.DiagnosticsManager]  [classpath] C:\Program Files\Neo4j CE 2.3.1\bin\neo4j-desktop-2.3.1.jar
2015-12-11 05:11:43.506+0000 INFO  [o.n.k.i.DiagnosticsManager] Library path:
2015-12-11 05:11:43.506+0000 INFO  [o.n.k.i.DiagnosticsManager] C:\Program Files (x86)\AMD APP\bin\x86_64
2015-12-11 05:11:43.506+0000 INFO  [o.n.k.i.DiagnosticsManager] C:\Program Files (x86)\AMD APP\bin\x86
2015-12-11 05:11:43.507+0000 INFO  [o.n.k.i.DiagnosticsManager] C:\ProgramData\Oracle\Java\javapath
2015-12-11 05:11:43.507+0000 INFO  [o.n.k.i.DiagnosticsManager] C:\Windows\System32
2015-12-11 05:11:43.507+0000 INFO  [o.n.k.i.DiagnosticsManager] C:\Windows
2015-12-11 05:11:43.507+0000 INFO  [o.n.k.i.DiagnosticsManager] C:\Windows\System32\wbem
2015-12-11 05:11:43.507+0000 INFO  [o.n.k.i.DiagnosticsManager] C:\Windows\System32\WindowsPowerShell\v1.0
2015-12-11 05:11:43.507+0000 INFO  [o.n.k.i.DiagnosticsManager] C:\Program Files (x86)\MiKTeX 2.9\miktex\bin
2015-12-11 05:11:43.508+0000 INFO  [o.n.k.i.DiagnosticsManager] C:\Program Files\TortoiseSVN\bin
2015-12-11 05:11:43.508+0000 INFO  [o.n.k.i.DiagnosticsManager] C:\Windows\System32\config\systemprofile\.dnx\bin
2015-12-11 05:11:43.508+0000 INFO  [o.n.k.i.DiagnosticsManager] C:\Program Files\Microsoft DNX\Dnvm
2015-12-11 05:11:43.508+0000 INFO  [o.n.k.i.DiagnosticsManager] C:\Program Files\MATLAB\R2015b\runtime\win64
2015-12-11 05:11:43.508+0000 INFO  [o.n.k.i.DiagnosticsManager] C:\Program Files\MATLAB\R2015b\bin
2015-12-11 05:11:43.509+0000 INFO  [o.n.k.i.DiagnosticsManager] C:\Program Files (x86)\ATI Technologies\ATI.ACE\Core-Static
2015-12-11 05:11:43.509+0000 INFO  [o.n.k.i.DiagnosticsManager] C:\Program Files\Neo4j CE 2.3.1\jre\bin
2015-12-11 05:11:43.509+0000 INFO  [o.n.k.i.DiagnosticsManager] System.properties:
2015-12-11 05:11:43.509+0000 INFO  [o.n.k.i.DiagnosticsManager] exe4j.moduleName = C:\Program Files\Neo4j CE 2.3.1\bin\neo4j-ce.exe
2015-12-11 05:11:43.509+0000 INFO  [o.n.k.i.DiagnosticsManager] exe4j.semaphoreName = Local\c:_program_files_neo4j_ce_2.3.1_bin_neo4j-ce.exe
2015-12-11 05:11:43.509+0000 INFO  [o.n.k.i.DiagnosticsManager] sun.boot.library.path = c:\program files\neo4j ce 2.3.1\jre\bin
2015-12-11 05:11:43.509+0000 INFO  [o.n.k.i.DiagnosticsManager] exe4j.consoleCodepage = cp0
2015-12-11 05:11:43.509+0000 INFO  [o.n.k.i.DiagnosticsManager] path.separator = ;
2015-12-11 05:11:43.509+0000 INFO  [o.n.k.i.DiagnosticsManager] file.encoding.pkg = sun.io
2015-12-11 05:11:43.509+0000 INFO  [o.n.k.i.DiagnosticsManager] user.country = US
2015-12-11 05:11:43.509+0000 INFO  [o.n.k.i.DiagnosticsManager] user.script = 
2015-12-11 05:11:43.509+0000 INFO  [o.n.k.i.DiagnosticsManager] sun.os.patch.level = 
2015-12-11 05:11:43.509+0000 INFO  [o.n.k.i.DiagnosticsManager] install4j.exeDir = C:\Program Files\Neo4j CE 2.3.1\bin\
2015-12-11 05:11:43.509+0000 INFO  [o.n.k.i.DiagnosticsManager] user.dir = C:\Program Files\Neo4j CE 2.3.1\bin
2015-12-11 05:11:43.509+0000 INFO  [o.n.k.i.DiagnosticsManager] neo4j.ext.udc.source = desktop
2015-12-11 05:11:43.509+0000 INFO  [o.n.k.i.DiagnosticsManager] user.variant = 
2015-12-11 05:11:43.509+0000 INFO  [o.n.k.i.DiagnosticsManager] exe4j.tempDir = 
2015-12-11 05:11:43.509+0000 INFO  [o.n.k.i.DiagnosticsManager] sun.jnu.encoding = Cp1252
2015-12-11 05:11:43.509+0000 INFO  [o.n.k.i.DiagnosticsManager] sun.awt.enableExtraMouseButtons = true
2015-12-11 05:11:43.509+0000 INFO  [o.n.k.i.DiagnosticsManager] install4j.launcherId = 24
2015-12-11 05:11:43.509+0000 INFO  [o.n.k.i.DiagnosticsManager] sun.management.compiler = HotSpot 64-Bit Tiered Compilers
2015-12-11 05:11:43.509+0000 INFO  [o.n.k.i.DiagnosticsManager] exe4j.isInstall4j = true
2015-12-11 05:11:43.509+0000 INFO  [o.n.k.i.DiagnosticsManager] install4j.swt = false
2015-12-11 05:11:43.509+0000 INFO  [o.n.k.i.DiagnosticsManager] user.home = C:\Users\cez
2015-12-11 05:11:43.509+0000 INFO  [o.n.k.i.DiagnosticsManager] user.timezone = America/Chicago
2015-12-11 05:11:43.509+0000 INFO  [o.n.k.i.DiagnosticsManager] file.encoding = Cp1252
2015-12-11 05:11:43.509+0000 INFO  [o.n.k.i.DiagnosticsManager] user.name = cez
2015-12-11 05:11:43.509+0000 INFO  [o.n.k.i.DiagnosticsManager] sun.java.command = C:\Program Files\Neo4j CE 2.3.1\bin\neo4j-ce.exe
2015-12-11 05:11:43.509+0000 INFO  [o.n.k.i.DiagnosticsManager] sun.arch.data.model = 64
2015-12-11 05:11:43.509+0000 INFO  [o.n.k.i.DiagnosticsManager] exe4j.launchName = C:\Program Files\Neo4j CE 2.3.1\bin\neo4j-ce.exe
2015-12-11 05:11:43.509+0000 INFO  [o.n.k.i.DiagnosticsManager] user.language = en
2015-12-11 05:11:43.509+0000 INFO  [o.n.k.i.DiagnosticsManager] awt.toolkit = sun.awt.windows.WToolkit
2015-12-11 05:11:43.509+0000 INFO  [o.n.k.i.DiagnosticsManager] exe4j.unextractedPosition = 0
2015-12-11 05:11:43.509+0000 INFO  [o.n.k.i.DiagnosticsManager] install4j.appDir = C:\Program Files\Neo4j CE 2.3.1\
2015-12-11 05:11:43.509+0000 INFO  [o.n.k.i.DiagnosticsManager] file.separator = \
2015-12-11 05:11:43.509+0000 INFO  [o.n.k.i.DiagnosticsManager] sun.io.unicode.encoding = UnicodeLittle
2015-12-11 05:11:43.509+0000 INFO  [o.n.k.i.DiagnosticsManager] sun.cpu.endian = little
2015-12-11 05:11:43.509+0000 INFO  [o.n.k.i.DiagnosticsManager] sun.desktop = windows
2015-12-11 05:11:43.509+0000 INFO  [o.n.k.i.DiagnosticsManager] sun.cpu.isalist = amd64
2015-12-11 05:11:43.509+0000 INFO  [o.n.k.i.DiagnosticsManager] Network information:
2015-12-11 05:11:43.523+0000 INFO  [o.n.k.i.DiagnosticsManager] Interface Software Loopback Interface 1:
2015-12-11 05:11:43.523+0000 INFO  [o.n.k.i.DiagnosticsManager]     address: 127.0.0.1
2015-12-11 05:11:43.523+0000 INFO  [o.n.k.i.DiagnosticsManager]     address: 0:0:0:0:0:0:0:1
2015-12-11 05:11:43.523+0000 INFO  [o.n.k.i.DiagnosticsManager] Interface Microsoft Kernel Debug Network Adapter:
2015-12-11 05:11:43.523+0000 INFO  [o.n.k.i.DiagnosticsManager] Interface Intel(R) 82578DM Gigabit Network Connection:
2015-12-11 05:11:43.523+0000 INFO  [o.n.k.i.DiagnosticsManager]     address: 10.24.47.166
2015-12-11 05:11:43.523+0000 INFO  [o.n.k.i.DiagnosticsManager]     address: 2610:130:101:d00:4493:c16:efa9:8b55
2015-12-11 05:11:43.523+0000 INFO  [o.n.k.i.DiagnosticsManager]     address: 2610:130:101:d00:920:e15d:79eb:345b
2015-12-11 05:11:43.523+0000 INFO  [o.n.k.i.DiagnosticsManager]     address: 2610:130:101:d00:a502:b02c:1a2d:577b
2015-12-11 05:11:43.523+0000 INFO  [o.n.k.i.DiagnosticsManager]     address: fe80:0:0:0:4493:c16:efa9:8b55%3
2015-12-11 05:11:43.523+0000 INFO  [o.n.k.i.DiagnosticsManager] Interface Microsoft ISATAP Adapter:
2015-12-11 05:11:43.523+0000 INFO  [o.n.k.i.DiagnosticsManager]     address: fe80:0:0:0:0:5efe:c0a8:3801%4
2015-12-11 05:11:43.523+0000 INFO  [o.n.k.i.DiagnosticsManager] Interface Teredo Tunneling Pseudo-Interface:
2015-12-11 05:11:43.523+0000 INFO  [o.n.k.i.DiagnosticsManager] Interface Microsoft ISATAP Adapter #2:
2015-12-11 05:11:43.523+0000 INFO  [o.n.k.i.DiagnosticsManager]     address: fe80:0:0:0:0:5efe:a18:2fa6%6
2015-12-11 05:11:43.523+0000 INFO  [o.n.k.i.DiagnosticsManager] Interface VirtualBox Host-Only Ethernet Adapter:
2015-12-11 05:11:43.523+0000 INFO  [o.n.k.i.DiagnosticsManager]     address: 192.168.56.1
2015-12-11 05:11:43.523+0000 INFO  [o.n.k.i.DiagnosticsManager]     address: fe80:0:0:0:4133:2d33:29c2:6efa%7
2015-12-11 05:11:43.523+0000 INFO  [o.n.k.i.DiagnosticsManager] Interface Microsoft ISATAP Adapter #3:
2015-12-11 05:11:43.523+0000 INFO  [o.n.k.i.DiagnosticsManager] Interface VirtualBox Host-Only Ethernet Adapter-WFP Native MAC Layer LightWeight Filter-0000:
2015-12-11 05:11:43.523+0000 INFO  [o.n.k.i.DiagnosticsManager] Interface VirtualBox Host-Only Ethernet Adapter-VirtualBox NDIS Light-Weight Filter-0000:
2015-12-11 05:11:43.523+0000 INFO  [o.n.k.i.DiagnosticsManager] Interface VirtualBox Host-Only Ethernet Adapter-QoS Packet Scheduler-0000:
2015-12-11 05:11:43.523+0000 INFO  [o.n.k.i.DiagnosticsManager] Interface VirtualBox Host-Only Ethernet Adapter-WFP 802.3 MAC Layer LightWeight Filter-0000:
2015-12-11 05:11:43.523+0000 INFO  [o.n.k.i.DiagnosticsManager] Interface Intel(R) 82578DM Gigabit Network Connection-WFP Native MAC Layer LightWeight Filter-0000:
2015-12-11 05:11:43.523+0000 INFO  [o.n.k.i.DiagnosticsManager] Interface Intel(R) 82578DM Gigabit Network Connection-VirtualBox NDIS Light-Weight Filter-0000:
2015-12-11 05:11:43.523+0000 INFO  [o.n.k.i.DiagnosticsManager] Interface Intel(R) 82578DM Gigabit Network Connection-QoS Packet Scheduler-0000:
2015-12-11 05:11:43.523+0000 INFO  [o.n.k.i.DiagnosticsManager] Interface Intel(R) 82578DM Gigabit Network Connection-WFP 802.3 MAC Layer LightWeight Filter-0000:
2015-12-11 05:11:43.523+0000 INFO  [o.n.k.i.DiagnosticsManager] --- INITIALIZED diagnostics END ---
2015-12-11 05:11:46.129+0000 INFO  [o.n.k.a.i.i.LuceneLabelScanStore] No lucene scan store index found, this might just be first use. Preparing to rebuild.
2015-12-11 05:11:46.141+0000 INFO  [o.n.k.NeoStoreDataSource] Opened logical log [C:\561\10000\10000D0\neostore.transaction.db.0] version=0, lastTxId=1 (clean)
2015-12-11 05:11:46.148+0000 WARN  [o.n.k.i.s.MetaDataStore] Missing counts store, rebuilding it.
2015-12-11 05:11:46.209+0000 INFO  [o.n.k.a.i.i.LuceneLabelScanStore] Rebuilding lucene scan store, this may take a while
2015-12-11 05:11:46.245+0000 INFO  [o.n.k.a.i.i.LuceneLabelScanStore] Lucene scan store rebuilt (roughly -1 nodes)
2015-12-11 05:11:46.249+0000 INFO  [o.n.k.KernelHealth] Kernel health set to OK
2015-12-11 05:11:46.262+0000 INFO  [o.n.k.AvailabilityGuard] Fulfilling of requirement makes database available: Database available
2015-12-11 05:11:46.266+0000 INFO  [o.n.k.i.f.CommunityFacadeFactory] Database is now ready
2015-12-11 05:11:46.270+0000 INFO  [o.n.k.i.DiagnosticsManager] --- STARTED diagnostics for KernelDiagnostics:Versions START ---
2015-12-11 05:11:46.274+0000 INFO  [o.n.k.i.DiagnosticsManager] Graph Database: Community StoreId{creationTime=1449810706051, randomId=21570250244099432, storeVersion=15250506225055238, upgradeTime=1449810706051, upgradeId=1}
2015-12-11 05:11:46.277+0000 INFO  [o.n.k.i.DiagnosticsManager] Kernel version: 2.3.1
2015-12-11 05:11:46.281+0000 INFO  [o.n.k.i.DiagnosticsManager] --- STARTED diagnostics for KernelDiagnostics:Versions END ---
2015-12-11 05:11:46.285+0000 INFO  [o.n.k.i.DiagnosticsManager] --- STARTED diagnostics for NEO_STORE_VERSIONS START ---
2015-12-11 05:11:46.287+0000 INFO  [o.n.k.i.DiagnosticsManager] Store versions:
2015-12-11 05:11:46.290+0000 INFO  [o.n.k.i.DiagnosticsManager] Store versions:
2015-12-11 05:11:46.292+0000 INFO  [o.n.k.i.DiagnosticsManager] ArrayPropertyStore v0.A.6
2015-12-11 05:11:46.294+0000 INFO  [o.n.k.i.DiagnosticsManager] NodeStore v0.A.6
2015-12-11 05:11:46.296+0000 INFO  [o.n.k.i.DiagnosticsManager] StringPropertyStore v0.A.6
2015-12-11 05:11:46.299+0000 INFO  [o.n.k.i.DiagnosticsManager] PropertyIndexStore v0.A.6
2015-12-11 05:11:46.301+0000 INFO  [o.n.k.i.DiagnosticsManager] StringPropertyStore v0.A.6
2015-12-11 05:11:46.303+0000 INFO  [o.n.k.i.DiagnosticsManager] ArrayPropertyStore v0.A.6
2015-12-11 05:11:46.305+0000 INFO  [o.n.k.i.DiagnosticsManager] PropertyStore v0.A.6
2015-12-11 05:11:46.307+0000 INFO  [o.n.k.i.DiagnosticsManager] RelationshipStore v0.A.6
2015-12-11 05:11:46.310+0000 INFO  [o.n.k.i.DiagnosticsManager] StringPropertyStore v0.A.6
2015-12-11 05:11:46.312+0000 INFO  [o.n.k.i.DiagnosticsManager] RelationshipTypeStore v0.A.6
2015-12-11 05:11:46.314+0000 INFO  [o.n.k.i.DiagnosticsManager] StringPropertyStore v0.A.6
2015-12-11 05:11:46.317+0000 INFO  [o.n.k.i.DiagnosticsManager] LabelTokenStore v0.A.6
2015-12-11 05:11:46.319+0000 INFO  [o.n.k.i.DiagnosticsManager] SchemaStore v0.A.6
2015-12-11 05:11:46.321+0000 INFO  [o.n.k.i.DiagnosticsManager] RelationshipGroupStore v0.A.6
2015-12-11 05:11:46.323+0000 INFO  [o.n.k.i.DiagnosticsManager] NeoStore v0.A.6
2015-12-11 05:11:46.326+0000 INFO  [o.n.k.i.DiagnosticsManager] --- STARTED diagnostics for NEO_STORE_VERSIONS END ---
2015-12-11 05:11:46.328+0000 INFO  [o.n.k.i.DiagnosticsManager] --- STARTED diagnostics for NEO_STORE_ID_USAGE START ---
2015-12-11 05:11:46.330+0000 INFO  [o.n.k.i.DiagnosticsManager] Id usage:
2015-12-11 05:11:46.332+0000 INFO  [o.n.k.i.DiagnosticsManager] Id usage:
2015-12-11 05:11:46.335+0000 INFO  [o.n.k.i.DiagnosticsManager]   ArrayPropertyStore v0.A.6: used=1 high=0
2015-12-11 05:11:46.337+0000 INFO  [o.n.k.i.DiagnosticsManager]   NodeStore v0.A.6: used=0 high=-1
2015-12-11 05:11:46.340+0000 INFO  [o.n.k.i.DiagnosticsManager]   StringPropertyStore v0.A.6: used=1 high=0
2015-12-11 05:11:46.342+0000 INFO  [o.n.k.i.DiagnosticsManager]   PropertyIndexStore v0.A.6: used=0 high=-1
2015-12-11 05:11:46.345+0000 INFO  [o.n.k.i.DiagnosticsManager]   StringPropertyStore v0.A.6: used=1 high=0
2015-12-11 05:11:46.347+0000 INFO  [o.n.k.i.DiagnosticsManager]   ArrayPropertyStore v0.A.6: used=1 high=0
2015-12-11 05:11:46.350+0000 INFO  [o.n.k.i.DiagnosticsManager]   PropertyStore v0.A.6: used=0 high=-1
2015-12-11 05:11:46.353+0000 INFO  [o.n.k.i.DiagnosticsManager]   RelationshipStore v0.A.6: used=0 high=-1
2015-12-11 05:11:46.355+0000 INFO  [o.n.k.i.DiagnosticsManager]   StringPropertyStore v0.A.6: used=1 high=0
2015-12-11 05:11:46.357+0000 INFO  [o.n.k.i.DiagnosticsManager]   RelationshipTypeStore v0.A.6: used=0 high=-1
2015-12-11 05:11:46.360+0000 INFO  [o.n.k.i.DiagnosticsManager]   StringPropertyStore v0.A.6: used=1 high=0
2015-12-11 05:11:46.363+0000 INFO  [o.n.k.i.DiagnosticsManager]   LabelTokenStore v0.A.6: used=0 high=-1
2015-12-11 05:11:46.365+0000 INFO  [o.n.k.i.DiagnosticsManager]   SchemaStore v0.A.6: used=1 high=0
2015-12-11 05:11:46.368+0000 INFO  [o.n.k.i.DiagnosticsManager]   RelationshipGroupStore v0.A.6: used=1 high=0
2015-12-11 05:11:46.370+0000 INFO  [o.n.k.i.DiagnosticsManager]   NeoStore v0.A.6: used=13 high=12
2015-12-11 05:11:46.373+0000 INFO  [o.n.k.i.DiagnosticsManager] --- STARTED diagnostics for NEO_STORE_ID_USAGE END ---
2015-12-11 05:11:46.375+0000 INFO  [o.n.k.i.DiagnosticsManager] --- STARTED diagnostics for NEO_STORE_RECORDS START ---
2015-12-11 05:11:46.377+0000 INFO  [o.n.k.i.DiagnosticsManager] Neostore records:
2015-12-11 05:11:46.380+0000 INFO  [o.n.k.i.DiagnosticsManager] TIME (Creation time): 1449810706051
2015-12-11 05:11:46.382+0000 INFO  [o.n.k.i.DiagnosticsManager] RANDOM_NUMBER (Random number for store id): 21570250244099432
2015-12-11 05:11:46.384+0000 INFO  [o.n.k.i.DiagnosticsManager] LOG_VERSION (Current log version): 0
2015-12-11 05:11:46.387+0000 INFO  [o.n.k.i.DiagnosticsManager] LAST_TRANSACTION_ID (Last committed transaction): 1
2015-12-11 05:11:46.389+0000 INFO  [o.n.k.i.DiagnosticsManager] STORE_VERSION (Store format version): 15250506225055238
2015-12-11 05:11:46.391+0000 INFO  [o.n.k.i.DiagnosticsManager] FIRST_GRAPH_PROPERTY (First property record containing graph properties): -1
2015-12-11 05:11:46.394+0000 INFO  [o.n.k.i.DiagnosticsManager] LAST_CONSTRAINT_TRANSACTION (Last committed transaction containing constraint changes): 0
2015-12-11 05:11:46.396+0000 INFO  [o.n.k.i.DiagnosticsManager] UPGRADE_TRANSACTION_ID (Transaction id most recent upgrade was performed at): 1
2015-12-11 05:11:46.398+0000 INFO  [o.n.k.i.DiagnosticsManager] UPGRADE_TIME (Time of last upgrade): 1449810706051
2015-12-11 05:11:46.400+0000 INFO  [o.n.k.i.DiagnosticsManager] LAST_TRANSACTION_CHECKSUM (Checksum of last committed transaction): 0
2015-12-11 05:11:46.403+0000 INFO  [o.n.k.i.DiagnosticsManager] UPGRADE_TRANSACTION_CHECKSUM (Checksum of transaction id the most recent upgrade was performed at): 0
2015-12-11 05:11:46.405+0000 INFO  [o.n.k.i.DiagnosticsManager] LAST_CLOSED_TRANSACTION_LOG_VERSION (Log version where the last transaction commit entry has been written into): 0
2015-12-11 05:11:46.407+0000 INFO  [o.n.k.i.DiagnosticsManager] LAST_CLOSED_TRANSACTION_LOG_BYTE_OFFSET (Byte offset in the log file where the last transaction commit entry has been written into): 16
2015-12-11 05:11:46.410+0000 INFO  [o.n.k.i.DiagnosticsManager] --- STARTED diagnostics for NEO_STORE_RECORDS END ---
2015-12-11 05:11:46.412+0000 INFO  [o.n.k.i.DiagnosticsManager] --- STARTED diagnostics for TRANSACTION_RANGE START ---
2015-12-11 05:11:46.415+0000 INFO  [o.n.k.i.DiagnosticsManager] Transaction log:
2015-12-11 05:11:46.417+0000 INFO  [o.n.k.i.DiagnosticsManager] No transactions found in any log
2015-12-11 05:11:46.420+0000 INFO  [o.n.k.i.DiagnosticsManager] --- STARTED diagnostics for TRANSACTION_RANGE END ---
2015-12-11 05:11:46.422+0000 INFO  [o.n.k.i.DiagnosticsManager] --- STARTED diagnostics for KernelDiagnostics:StoreFiles START ---
2015-12-11 05:11:46.425+0000 INFO  [o.n.k.i.DiagnosticsManager] Disk space on partition (Total / Free / Free %): 499738734592 / 397611614208 / 79
Storage files: (filename : modification date - size)
2015-12-11 05:11:46.428+0000 INFO  [o.n.k.i.DiagnosticsManager]   dbms:
2015-12-11 05:11:46.431+0000 INFO  [o.n.k.i.DiagnosticsManager]     ssl:
2015-12-11 05:11:46.433+0000 INFO  [o.n.k.i.DiagnosticsManager]       snakeoil.cert: 2015-12-10T23:11:43-0600 - 630.00 B
2015-12-11 05:11:46.436+0000 INFO  [o.n.k.i.DiagnosticsManager]       snakeoil.key: 2015-12-10T23:11:43-0600 - 914.00 B
2015-12-11 05:11:46.439+0000 INFO  [o.n.k.i.DiagnosticsManager]     - Total: 2015-12-10T23:11:43-0600 - 1.51 kB
2015-12-11 05:11:46.441+0000 INFO  [o.n.k.i.DiagnosticsManager]   - Total: 2015-12-10T23:11:43-0600 - 1.51 kB
2015-12-11 05:11:46.444+0000 INFO  [o.n.k.i.DiagnosticsManager]   index:
2015-12-11 05:11:46.446+0000 INFO  [o.n.k.i.DiagnosticsManager]   - Total: 2015-12-10T23:11:46-0600 - 0.00 B
2015-12-11 05:11:46.449+0000 INFO  [o.n.k.i.DiagnosticsManager]   messages.log: 2015-12-10T23:11:46-0600 - 26.52 kB
2015-12-11 05:11:46.451+0000 INFO  [o.n.k.i.DiagnosticsManager]   neo4j.properties: 2015-12-10T23:11:43-0600 - 1.30 kB
2015-12-11 05:11:46.453+0000 INFO  [o.n.k.i.DiagnosticsManager]   neostore: 2015-12-10T23:11:46-0600 - 8.00 kB
2015-12-11 05:11:46.456+0000 INFO  [o.n.k.i.DiagnosticsManager]   neostore.counts.db.a: 2015-12-10T23:11:46-0600 - 96.00 B
2015-12-11 05:11:46.459+0000 INFO  [o.n.k.i.DiagnosticsManager]   neostore.id: 2015-12-10T23:11:46-0600 - 9.00 B
2015-12-11 05:11:46.461+0000 INFO  [o.n.k.i.DiagnosticsManager]   neostore.labeltokenstore.db: 2015-12-10T23:11:45-0600 - 0.00 B
2015-12-11 05:11:46.464+0000 INFO  [o.n.k.i.DiagnosticsManager]   neostore.labeltokenstore.db.id: 2015-12-10T23:11:45-0600 - 9.00 B
2015-12-11 05:11:46.466+0000 INFO  [o.n.k.i.DiagnosticsManager]   neostore.labeltokenstore.db.names: 2015-12-10T23:11:45-0600 - 8.00 kB
2015-12-11 05:11:46.469+0000 INFO  [o.n.k.i.DiagnosticsManager]   neostore.labeltokenstore.db.names.id: 2015-12-10T23:11:45-0600 - 9.00 B
2015-12-11 05:11:46.472+0000 INFO  [o.n.k.i.DiagnosticsManager]   neostore.nodestore.db: 2015-12-10T23:11:43-0600 - 0.00 B
2015-12-11 05:11:46.474+0000 INFO  [o.n.k.i.DiagnosticsManager]   neostore.nodestore.db.id: 2015-12-10T23:11:43-0600 - 9.00 B
2015-12-11 05:11:46.477+0000 INFO  [o.n.k.i.DiagnosticsManager]   neostore.nodestore.db.labels: 2015-12-10T23:11:43-0600 - 8.00 kB
2015-12-11 05:11:46.479+0000 INFO  [o.n.k.i.DiagnosticsManager]   neostore.nodestore.db.labels.id: 2015-12-10T23:11:43-0600 - 9.00 B
2015-12-11 05:11:46.482+0000 INFO  [o.n.k.i.DiagnosticsManager]   neostore.propertystore.db: 2015-12-10T23:11:44-0600 - 0.00 B
2015-12-11 05:11:46.484+0000 INFO  [o.n.k.i.DiagnosticsManager]   neostore.propertystore.db.arrays: 2015-12-10T23:11:44-0600 - 8.00 kB
2015-12-11 05:11:46.487+0000 INFO  [o.n.k.i.DiagnosticsManager]   neostore.propertystore.db.arrays.id: 2015-12-10T23:11:44-0600 - 9.00 B
2015-12-11 05:11:46.490+0000 INFO  [o.n.k.i.DiagnosticsManager]   neostore.propertystore.db.id: 2015-12-10T23:11:44-0600 - 9.00 B
2015-12-11 05:11:46.492+0000 INFO  [o.n.k.i.DiagnosticsManager]   neostore.propertystore.db.index: 2015-12-10T23:11:44-0600 - 0.00 B
2015-12-11 05:11:46.495+0000 INFO  [o.n.k.i.DiagnosticsManager]   neostore.propertystore.db.index.id: 2015-12-10T23:11:44-0600 - 9.00 B
2015-12-11 05:11:46.497+0000 INFO  [o.n.k.i.DiagnosticsManager]   neostore.propertystore.db.index.keys: 2015-12-10T23:11:44-0600 - 8.00 kB
2015-12-11 05:11:46.500+0000 INFO  [o.n.k.i.DiagnosticsManager]   neostore.propertystore.db.index.keys.id: 2015-12-10T23:11:44-0600 - 9.00 B
2015-12-11 05:11:46.502+0000 INFO  [o.n.k.i.DiagnosticsManager]   neostore.propertystore.db.strings: 2015-12-10T23:11:44-0600 - 8.00 kB
2015-12-11 05:11:46.505+0000 INFO  [o.n.k.i.DiagnosticsManager]   neostore.propertystore.db.strings.id: 2015-12-10T23:11:44-0600 - 9.00 B
2015-12-11 05:11:46.507+0000 INFO  [o.n.k.i.DiagnosticsManager]   neostore.relationshipgroupstore.db: 2015-12-10T23:11:45-0600 - 8.00 kB
2015-12-11 05:11:46.510+0000 INFO  [o.n.k.i.DiagnosticsManager]   neostore.relationshipgroupstore.db.id: 2015-12-10T23:11:45-0600 - 9.00 B
2015-12-11 05:11:46.513+0000 INFO  [o.n.k.i.DiagnosticsManager]   neostore.relationshipstore.db: 2015-12-10T23:11:44-0600 - 0.00 B
2015-12-11 05:11:46.515+0000 INFO  [o.n.k.i.DiagnosticsManager]   neostore.relationshipstore.db.id: 2015-12-10T23:11:44-0600 - 9.00 B
2015-12-11 05:11:46.518+0000 INFO  [o.n.k.i.DiagnosticsManager]   neostore.relationshiptypestore.db: 2015-12-10T23:11:45-0600 - 0.00 B
2015-12-11 05:11:46.520+0000 INFO  [o.n.k.i.DiagnosticsManager]   neostore.relationshiptypestore.db.id: 2015-12-10T23:11:45-0600 - 9.00 B
2015-12-11 05:11:46.523+0000 INFO  [o.n.k.i.DiagnosticsManager]   neostore.relationshiptypestore.db.names: 2015-12-10T23:11:45-0600 - 8.00 kB
2015-12-11 05:11:46.525+0000 INFO  [o.n.k.i.DiagnosticsManager]   neostore.relationshiptypestore.db.names.id: 2015-12-10T23:11:45-0600 - 9.00 B
2015-12-11 05:11:46.528+0000 INFO  [o.n.k.i.DiagnosticsManager]   neostore.schemastore.db: 2015-12-10T23:11:45-0600 - 8.00 kB
2015-12-11 05:11:46.530+0000 INFO  [o.n.k.i.DiagnosticsManager]   neostore.schemastore.db.id: 2015-12-10T23:11:45-0600 - 9.00 B
2015-12-11 05:11:46.533+0000 INFO  [o.n.k.i.DiagnosticsManager]   neostore.transaction.db.0: 2015-12-10T23:11:46-0600 - 16.00 B
2015-12-11 05:11:46.535+0000 INFO  [o.n.k.i.DiagnosticsManager]   schema:
2015-12-11 05:11:46.538+0000 INFO  [o.n.k.i.DiagnosticsManager]     label:
2015-12-11 05:11:46.540+0000 INFO  [o.n.k.i.DiagnosticsManager]       lucene:
2015-12-11 05:11:46.543+0000 INFO  [o.n.k.i.DiagnosticsManager]         write.lock: 2015-12-10T23:11:46-0600 - 0.00 B
2015-12-11 05:11:46.545+0000 INFO  [o.n.k.i.DiagnosticsManager]       - Total: 2015-12-10T23:11:46-0600 - 0.00 B
2015-12-11 05:11:46.547+0000 INFO  [o.n.k.i.DiagnosticsManager]     - Total: 2015-12-10T23:11:46-0600 - 0.00 B
2015-12-11 05:11:46.550+0000 INFO  [o.n.k.i.DiagnosticsManager]   - Total: 2015-12-10T23:11:46-0600 - 0.00 B
2015-12-11 05:11:46.552+0000 INFO  [o.n.k.i.DiagnosticsManager]   store_lock: 2015-12-10T23:11:43-0600 - 0.00 B
2015-12-11 05:11:46.554+0000 INFO  [o.n.k.i.DiagnosticsManager] --- STARTED diagnostics for KernelDiagnostics:StoreFiles END ---
2015-12-11 05:11:46.566+0000 INFO  [o.n.k.i.DiagnosticsManager] --- SERVER STARTED START ---
2015-12-11 05:11:47.635+0000 INFO  [o.n.k.i.DiagnosticsManager] --- SERVER STARTED END ---
2015-12-11 05:16:46.272+0000 INFO  [o.n.k.i.t.l.c.CheckPointerImpl] Check Pointing triggered by scheduler for time threshold [2829]:  Starting check pointing...
2015-12-11 05:16:46.275+0000 INFO  [o.n.k.i.t.l.c.CheckPointerImpl] Check Pointing triggered by scheduler for time threshold [2829]:  Starting store flush...
2015-12-11 05:16:46.476+0000 INFO  [o.n.k.i.s.c.CountsTracker] About to rotate counts store at transaction 2831 to [C:\561\10000\10000D0\neostore.counts.db.b], from [C:\561\10000\10000D0\neostore.counts.db.a].
2015-12-11 05:16:46.490+0000 INFO  [o.n.k.i.s.c.CountsTracker] Successfully rotated counts store at transaction 2831 to [C:\561\10000\10000D0\neostore.counts.db.b], from [C:\561\10000\10000D0\neostore.counts.db.a].
2015-12-11 05:16:46.845+0000 INFO  [o.n.k.i.t.l.c.CheckPointerImpl] Check Pointing triggered by scheduler for time threshold [2829]:  Store flush completed
2015-12-11 05:16:46.851+0000 INFO  [o.n.k.i.t.l.c.CheckPointerImpl] Check Pointing triggered by scheduler for time threshold [2829]:  Starting appending check point entry into the tx log...
2015-12-11 05:16:46.877+0000 INFO  [o.n.k.i.t.l.c.CheckPointerImpl] Check Pointing triggered by scheduler for time threshold [2829]:  Appending check point entry into the tx log completed
2015-12-11 05:16:46.883+0000 INFO  [o.n.k.i.t.l.c.CheckPointerImpl] Check Pointing triggered by scheduler for time threshold [2829]:  Check pointing completed
2015-12-11 05:16:46.889+0000 INFO  [o.n.k.i.t.l.p.LogPruningImpl] Log Rotation [0]:  Starting log pruning.
2015-12-11 05:16:46.894+0000 INFO  [o.n.k.i.t.l.p.LogPruningImpl] Log Rotation [0]:  Log pruning complete.
2015-12-11 05:21:46.926+0000 INFO  [o.n.k.i.t.l.c.CheckPointerImpl] Check Pointing triggered by scheduler for time threshold [7470]:  Starting check pointing...
2015-12-11 05:21:46.929+0000 INFO  [o.n.k.i.t.l.c.CheckPointerImpl] Check Pointing triggered by scheduler for time threshold [7470]:  Starting store flush...
2015-12-11 05:21:47.179+0000 INFO  [o.n.k.i.s.c.CountsTracker] About to rotate counts store at transaction 7473 to [C:\561\10000\10000D0\neostore.counts.db.a], from [C:\561\10000\10000D0\neostore.counts.db.b].
2015-12-11 05:21:47.193+0000 INFO  [o.n.k.i.s.c.CountsTracker] Successfully rotated counts store at transaction 7473 to [C:\561\10000\10000D0\neostore.counts.db.a], from [C:\561\10000\10000D0\neostore.counts.db.b].
2015-12-11 05:21:47.643+0000 INFO  [o.n.k.i.t.l.c.CheckPointerImpl] Check Pointing triggered by scheduler for time threshold [7470]:  Store flush completed
2015-12-11 05:21:47.646+0000 INFO  [o.n.k.i.t.l.c.CheckPointerImpl] Check Pointing triggered by scheduler for time threshold [7470]:  Starting appending check point entry into the tx log...
2015-12-11 05:21:47.680+0000 INFO  [o.n.k.i.t.l.c.CheckPointerImpl] Check Pointing triggered by scheduler for time threshold [7470]:  Appending check point entry into the tx log completed
2015-12-11 05:21:47.683+0000 INFO  [o.n.k.i.t.l.c.CheckPointerImpl] Check Pointing triggered by scheduler for time threshold [7470]:  Check pointing completed
2015-12-11 05:21:47.687+0000 INFO  [o.n.k.i.t.l.p.LogPruningImpl] Log Rotation [0]:  Starting log pruning.
2015-12-11 05:21:47.690+0000 INFO  [o.n.k.i.t.l.p.LogPruningImpl] Log Rotation [0]:  Log pruning complete.
2015-12-11 05:26:47.727+0000 INFO  [o.n.k.i.t.l.c.CheckPointerImpl] Check Pointing triggered by scheduler for time threshold [10006]:  Starting check pointing...
2015-12-11 05:26:47.734+0000 INFO  [o.n.k.i.t.l.c.CheckPointerImpl] Check Pointing triggered by scheduler for time threshold [10006]:  Starting store flush...
2015-12-11 05:26:47.849+0000 INFO  [o.n.k.i.s.c.CountsTracker] About to rotate counts store at transaction 10006 to [C:\561\10000\10000D0\neostore.counts.db.b], from [C:\561\10000\10000D0\neostore.counts.db.a].
2015-12-11 05:26:47.858+0000 INFO  [o.n.k.i.s.c.CountsTracker] Successfully rotated counts store at transaction 10006 to [C:\561\10000\10000D0\neostore.counts.db.b], from [C:\561\10000\10000D0\neostore.counts.db.a].
2015-12-11 05:26:47.958+0000 INFO  [o.n.k.i.t.l.c.CheckPointerImpl] Check Pointing triggered by scheduler for time threshold [10006]:  Store flush completed
2015-12-11 05:26:47.962+0000 INFO  [o.n.k.i.t.l.c.CheckPointerImpl] Check Pointing triggered by scheduler for time threshold [10006]:  Starting appending check point entry into the tx log...
2015-12-11 05:26:47.989+0000 INFO  [o.n.k.i.t.l.c.CheckPointerImpl] Check Pointing triggered by scheduler for time threshold [10006]:  Appending check point entry into the tx log completed
2015-12-11 05:26:47.993+0000 INFO  [o.n.k.i.t.l.c.CheckPointerImpl] Check Pointing triggered by scheduler for time threshold [10006]:  Check pointing completed
2015-12-11 05:26:47.997+0000 INFO  [o.n.k.i.t.l.p.LogPruningImpl] Log Rotation [0]:  Starting log pruning.
2015-12-11 05:26:48.001+0000 INFO  [o.n.k.i.t.l.p.LogPruningImpl] Log Rotation [0]:  Log pruning complete.
2015-12-11 05:27:13.273+0000 INFO  [o.n.k.i.f.GraphDatabaseFacade] Shutdown started
2015-12-11 05:27:13.275+0000 INFO  [o.n.k.i.f.CommunityFacadeFactory] Database is now unavailable
2015-12-11 05:27:14.752+0000 INFO  [o.n.k.i.t.l.c.CheckPointerImpl] Check Pointing triggered by database shutdown [10006]:  Starting check pointing...
2015-12-11 05:27:14.752+0000 INFO  [o.n.k.i.t.l.c.CheckPointerImpl] Check Pointing triggered by database shutdown [10006]:  Starting store flush...
2015-12-11 21:30:41.819+0000 INFO  [o.n.k.i.f.CommunityFacadeFactory] No locking implementation specified, defaulting to 'community'
2015-12-11 21:30:41.843+0000 INFO  [o.n.k.AvailabilityGuard] Requirement makes database unavailable: Database available
2015-12-11 21:30:41.845+0000 INFO  [o.n.k.i.DiagnosticsManager] --- INITIALIZED diagnostics START ---
2015-12-11 21:30:41.845+0000 INFO  [o.n.k.i.DiagnosticsManager] Neo4j Kernel properties:
2015-12-11 21:30:41.845+0000 INFO  [o.n.k.i.DiagnosticsManager] org.neo4j.server.db.tuning.properties=C:\561\10000\10000D0\neo4j.properties
2015-12-11 21:30:41.845+0000 INFO  [o.n.k.i.DiagnosticsManager] org.neo4j.server.database.location=C:\561\10000\10000D0
2015-12-11 21:30:41.845+0000 INFO  [o.n.k.i.DiagnosticsManager] dbms.querylog.filename=data/log/queries.log
2015-12-11 21:30:41.845+0000 INFO  [o.n.k.i.DiagnosticsManager] dbms.security.auth_store.location=C:\561\10000\10000D0\.\dbms\auth
2015-12-11 21:30:41.845+0000 INFO  [o.n.k.i.DiagnosticsManager] dbms.security.tls_certificate_file=C:\561\10000\10000D0\.\dbms\ssl\snakeoil.cert
2015-12-11 21:30:41.845+0000 INFO  [o.n.k.i.DiagnosticsManager] remote_shell_enabled=true
2015-12-11 21:30:41.845+0000 INFO  [o.n.k.i.DiagnosticsManager] edition=Community
2015-12-11 21:30:41.845+0000 INFO  [o.n.k.i.DiagnosticsManager] dbms.security.tls_key_file=C:\561\10000\10000D0\.\dbms\ssl\snakeoil.key
2015-12-11 21:30:41.845+0000 INFO  [o.n.k.i.DiagnosticsManager] Diagnostics providers:
2015-12-11 21:30:41.845+0000 INFO  [o.n.k.i.DiagnosticsManager] org.neo4j.kernel.configuration.Config
2015-12-11 21:30:41.845+0000 INFO  [o.n.k.i.DiagnosticsManager] org.neo4j.kernel.info.DiagnosticsManager
2015-12-11 21:30:41.845+0000 INFO  [o.n.k.i.DiagnosticsManager] SYSTEM_MEMORY
2015-12-11 21:30:41.845+0000 INFO  [o.n.k.i.DiagnosticsManager] JAVA_MEMORY
2015-12-11 21:30:41.845+0000 INFO  [o.n.k.i.DiagnosticsManager] OPERATING_SYSTEM
2015-12-11 21:30:41.845+0000 INFO  [o.n.k.i.DiagnosticsManager] JAVA_VIRTUAL_MACHINE
2015-12-11 21:30:41.845+0000 INFO  [o.n.k.i.DiagnosticsManager] CLASSPATH
2015-12-11 21:30:41.845+0000 INFO  [o.n.k.i.DiagnosticsManager] LIBRARY_PATH
2015-12-11 21:30:41.845+0000 INFO  [o.n.k.i.DiagnosticsManager] SYSTEM_PROPERTIES
2015-12-11 21:30:41.845+0000 INFO  [o.n.k.i.DiagnosticsManager] NETWORK
2015-12-11 21:30:41.845+0000 INFO  [o.n.k.i.DiagnosticsManager] System memory information:
2015-12-11 21:30:41.846+0000 INFO  [o.n.k.i.DiagnosticsManager] Total Physical memory: 3.93 GB
2015-12-11 21:30:41.846+0000 INFO  [o.n.k.i.DiagnosticsManager] Free Physical memory: 1.95 GB
2015-12-11 21:30:41.846+0000 INFO  [o.n.k.i.DiagnosticsManager] Committed virtual memory: 349.75 MB
2015-12-11 21:30:41.846+0000 INFO  [o.n.k.i.DiagnosticsManager] Total swap space: 5.66 GB
2015-12-11 21:30:41.846+0000 INFO  [o.n.k.i.DiagnosticsManager] Free swap space: 2.84 GB
2015-12-11 21:30:41.846+0000 INFO  [o.n.k.i.DiagnosticsManager] JVM memory information:
2015-12-11 21:30:41.847+0000 INFO  [o.n.k.i.DiagnosticsManager] Free  memory: 38.35 MB
2015-12-11 21:30:41.847+0000 INFO  [o.n.k.i.DiagnosticsManager] Total memory: 84.50 MB
2015-12-11 21:30:41.847+0000 INFO  [o.n.k.i.DiagnosticsManager] Max   memory: 894.50 MB
2015-12-11 21:30:41.847+0000 INFO  [o.n.k.i.DiagnosticsManager] Garbage Collector: PS Scavenge: [PS Eden Space, PS Survivor Space]
2015-12-11 21:30:41.847+0000 INFO  [o.n.k.i.DiagnosticsManager] Garbage Collector: PS MarkSweep: [PS Eden Space, PS Survivor Space, PS Old Gen, PS Perm Gen]
2015-12-11 21:30:41.847+0000 INFO  [o.n.k.i.DiagnosticsManager] Memory Pool: Code Cache (Non-heap memory): committed=11.38 MB, used=11.15 MB, max=48.00 MB, threshold=0.00 B
2015-12-11 21:30:41.847+0000 INFO  [o.n.k.i.DiagnosticsManager] Memory Pool: PS Eden Space (Heap memory): committed=16.50 MB, used=2.78 MB, max=330.00 MB, threshold=?
2015-12-11 21:30:41.847+0000 INFO  [o.n.k.i.DiagnosticsManager] Memory Pool: PS Survivor Space (Heap memory): committed=512.00 kB, used=0.00 B, max=512.00 kB, threshold=?
2015-12-11 21:30:41.847+0000 INFO  [o.n.k.i.DiagnosticsManager] Memory Pool: PS Old Gen (Heap memory): committed=67.50 MB, used=43.37 MB, max=670.50 MB, threshold=0.00 B
2015-12-11 21:30:41.847+0000 INFO  [o.n.k.i.DiagnosticsManager] Memory Pool: PS Perm Gen (Non-heap memory): committed=65.00 MB, used=64.67 MB, max=82.00 MB, threshold=0.00 B
2015-12-11 21:30:41.847+0000 INFO  [o.n.k.i.DiagnosticsManager] Operating system information:
2015-12-11 21:30:41.847+0000 INFO  [o.n.k.i.DiagnosticsManager] Operating System: Windows 8.1; version: 6.3; arch: amd64; cpus: 8
2015-12-11 21:30:41.848+0000 INFO  [o.n.k.i.DiagnosticsManager] Process id: 5816@ATAN-B03-02
2015-12-11 21:30:41.848+0000 INFO  [o.n.k.i.DiagnosticsManager] Byte order: LITTLE_ENDIAN
2015-12-11 21:30:41.848+0000 INFO  [o.n.k.i.DiagnosticsManager] Local timezone: America/Chicago
2015-12-11 21:30:41.848+0000 INFO  [o.n.k.i.DiagnosticsManager] JVM information:
2015-12-11 21:30:41.848+0000 INFO  [o.n.k.i.DiagnosticsManager] VM Name: Java HotSpot(TM) 64-Bit Server VM
2015-12-11 21:30:41.848+0000 INFO  [o.n.k.i.DiagnosticsManager] VM Vendor: Oracle Corporation
2015-12-11 21:30:41.848+0000 INFO  [o.n.k.i.DiagnosticsManager] VM Version: 24.80-b11
2015-12-11 21:30:41.848+0000 INFO  [o.n.k.i.DiagnosticsManager] JIT compiler: HotSpot 64-Bit Tiered Compilers
2015-12-11 21:30:41.848+0000 INFO  [o.n.k.i.DiagnosticsManager] VM Arguments: [-Dexe4j.semaphoreName=Local\c:_program_files_neo4j_ce_2.3.1_bin_neo4j-ce.exe, -Dexe4j.isInstall4j=true, -Dexe4j.moduleName=C:\Program Files\Neo4j CE 2.3.1\bin\neo4j-ce.exe, -Dexe4j.tempDir=, -Dexe4j.unextractedPosition=0, -Djava.library.path=C:\Program Files (x86)\AMD APP\bin\x86_64;C:\Program Files (x86)\AMD APP\bin\x86;C:\ProgramData\Oracle\Java\javapath;C:\Windows\system32;C:\Windows;C:\Windows\System32\Wbem;C:\Windows\System32\WindowsPowerShell\v1.0\;C:\Program Files (x86)\MiKTeX 2.9\miktex\bin\;C:\Program Files\TortoiseSVN\bin;C:\Windows\system32\config\systemprofile\.dnx\bin;C:\Program Files\Microsoft DNX\Dnvm\;C:\Program Files\MATLAB\R2015b\runtime\win64;C:\Program Files\MATLAB\R2015b\bin;C:\Program Files (x86)\ATI Technologies\ATI.ACE\Core-Static;c:\program files\neo4j ce 2.3.1\jre\bin, -Dexe4j.consoleCodepage=cp0, -Dinstall4j.launcherId=24, -Dinstall4j.swt=false]
2015-12-11 21:30:41.848+0000 INFO  [o.n.k.i.DiagnosticsManager] Java classpath:
2015-12-11 21:30:41.850+0000 INFO  [o.n.k.i.DiagnosticsManager]  [loader.1] file:/C:/Program%20Files/Neo4j%20CE%202.3.1/jre/lib/ext/dnsns.jar
2015-12-11 21:30:41.850+0000 INFO  [o.n.k.i.DiagnosticsManager]  [loader.0] file:/C:/Program%20Files/Neo4j%20CE%202.3.1/bin/
2015-12-11 21:30:41.850+0000 INFO  [o.n.k.i.DiagnosticsManager]  [bootstrap] C:\Program Files\Neo4j CE 2.3.1\jre\lib\resources.jar
2015-12-11 21:30:41.850+0000 INFO  [o.n.k.i.DiagnosticsManager]  [bootstrap] C:\Program Files\Neo4j CE 2.3.1\jre\lib\jfr.jar
2015-12-11 21:30:41.850+0000 INFO  [o.n.k.i.DiagnosticsManager]  [classpath] C:\Program Files\Neo4j CE 2.3.1\.install4j\i4jruntime.jar
2015-12-11 21:30:41.850+0000 INFO  [o.n.k.i.DiagnosticsManager]  [loader.1] file:/C:/Program%20Files/Neo4j%20CE%202.3.1/jre/lib/ext/sunmscapi.jar
2015-12-11 21:30:41.850+0000 INFO  [o.n.k.i.DiagnosticsManager]  [bootstrap] C:\Program Files\Neo4j CE 2.3.1\jre\lib\jsse.jar
2015-12-11 21:30:41.850+0000 INFO  [o.n.k.i.DiagnosticsManager]  [loader.1] file:/C:/Program%20Files/Neo4j%20CE%202.3.1/jre/lib/ext/dns_sd.jar
2015-12-11 21:30:41.850+0000 INFO  [o.n.k.i.DiagnosticsManager]  [loader.0] file:/C:/Program%20Files/Neo4j%20CE%202.3.1/.install4j/i4jruntime.jar
2015-12-11 21:30:41.850+0000 INFO  [o.n.k.i.DiagnosticsManager]  [loader.0] file:/C:/Program%20Files/Neo4j%20CE%202.3.1/bin/neo4j-desktop-2.3.1.jar
2015-12-11 21:30:41.850+0000 INFO  [o.n.k.i.DiagnosticsManager]  [loader.1] file:/C:/Program%20Files/Neo4j%20CE%202.3.1/jre/lib/ext/access-bridge-64.jar
2015-12-11 21:30:41.850+0000 INFO  [o.n.k.i.DiagnosticsManager]  [loader.1] file:/C:/Program%20Files/Neo4j%20CE%202.3.1/jre/lib/ext/localedata.jar
2015-12-11 21:30:41.850+0000 INFO  [o.n.k.i.DiagnosticsManager]  [bootstrap] C:\Program Files\Neo4j CE 2.3.1\jre\lib\sunrsasign.jar
2015-12-11 21:30:41.850+0000 INFO  [o.n.k.i.DiagnosticsManager]  [bootstrap] C:\Program Files\Neo4j CE 2.3.1\jre\lib\jce.jar
2015-12-11 21:30:41.850+0000 INFO  [o.n.k.i.DiagnosticsManager]  [bootstrap] C:\Program Files\Neo4j CE 2.3.1\jre\lib\rt.jar
2015-12-11 21:30:41.850+0000 INFO  [o.n.k.i.DiagnosticsManager]  [bootstrap] C:\Program Files\Neo4j CE 2.3.1\jre\lib\charsets.jar
2015-12-11 21:30:41.850+0000 INFO  [o.n.k.i.DiagnosticsManager]  [loader.1] file:/C:/Program%20Files/Neo4j%20CE%202.3.1/jre/lib/ext/sunjce_provider.jar
2015-12-11 21:30:41.850+0000 INFO  [o.n.k.i.DiagnosticsManager]  [bootstrap] C:\Program Files\Neo4j CE 2.3.1\jre\classes
2015-12-11 21:30:41.850+0000 INFO  [o.n.k.i.DiagnosticsManager]  [loader.1] file:/C:/Program%20Files/Neo4j%20CE%202.3.1/jre/lib/ext/zipfs.jar
2015-12-11 21:30:41.850+0000 INFO  [o.n.k.i.DiagnosticsManager]  [loader.1] file:/C:/Program%20Files/Neo4j%20CE%202.3.1/jre/lib/ext/jaccess.jar
2015-12-11 21:30:41.850+0000 INFO  [o.n.k.i.DiagnosticsManager]  [loader.1] file:/C:/Program%20Files/Neo4j%20CE%202.3.1/jre/lib/ext/sunec.jar
2015-12-11 21:30:41.850+0000 INFO  [o.n.k.i.DiagnosticsManager]  [classpath] C:\Program Files\Neo4j CE 2.3.1\bin\neo4j-desktop-2.3.1.jar
2015-12-11 21:30:41.850+0000 INFO  [o.n.k.i.DiagnosticsManager] Library path:
2015-12-11 21:30:41.850+0000 INFO  [o.n.k.i.DiagnosticsManager] C:\Program Files (x86)\AMD APP\bin\x86_64
2015-12-11 21:30:41.850+0000 INFO  [o.n.k.i.DiagnosticsManager] C:\Program Files (x86)\AMD APP\bin\x86
2015-12-11 21:30:41.851+0000 INFO  [o.n.k.i.DiagnosticsManager] C:\ProgramData\Oracle\Java\javapath
2015-12-11 21:30:41.851+0000 INFO  [o.n.k.i.DiagnosticsManager] C:\Windows\System32
2015-12-11 21:30:41.851+0000 INFO  [o.n.k.i.DiagnosticsManager] C:\Windows
2015-12-11 21:30:41.851+0000 INFO  [o.n.k.i.DiagnosticsManager] C:\Windows\System32\wbem
2015-12-11 21:30:41.851+0000 INFO  [o.n.k.i.DiagnosticsManager] C:\Windows\System32\WindowsPowerShell\v1.0
2015-12-11 21:30:41.852+0000 INFO  [o.n.k.i.DiagnosticsManager] C:\Program Files (x86)\MiKTeX 2.9\miktex\bin
2015-12-11 21:30:41.852+0000 INFO  [o.n.k.i.DiagnosticsManager] C:\Program Files\TortoiseSVN\bin
2015-12-11 21:30:41.852+0000 INFO  [o.n.k.i.DiagnosticsManager] C:\Windows\System32\config\systemprofile\.dnx\bin
2015-12-11 21:30:41.852+0000 INFO  [o.n.k.i.DiagnosticsManager] C:\Program Files\Microsoft DNX\Dnvm
2015-12-11 21:30:41.852+0000 INFO  [o.n.k.i.DiagnosticsManager] C:\Program Files\MATLAB\R2015b\runtime\win64
2015-12-11 21:30:41.852+0000 INFO  [o.n.k.i.DiagnosticsManager] C:\Program Files\MATLAB\R2015b\bin
2015-12-11 21:30:41.853+0000 INFO  [o.n.k.i.DiagnosticsManager] C:\Program Files (x86)\ATI Technologies\ATI.ACE\Core-Static
2015-12-11 21:30:41.853+0000 INFO  [o.n.k.i.DiagnosticsManager] C:\Program Files\Neo4j CE 2.3.1\jre\bin
2015-12-11 21:30:41.853+0000 INFO  [o.n.k.i.DiagnosticsManager] System.properties:
2015-12-11 21:30:41.853+0000 INFO  [o.n.k.i.DiagnosticsManager] exe4j.moduleName = C:\Program Files\Neo4j CE 2.3.1\bin\neo4j-ce.exe
2015-12-11 21:30:41.853+0000 INFO  [o.n.k.i.DiagnosticsManager] exe4j.semaphoreName = Local\c:_program_files_neo4j_ce_2.3.1_bin_neo4j-ce.exe
2015-12-11 21:30:41.853+0000 INFO  [o.n.k.i.DiagnosticsManager] sun.boot.library.path = c:\program files\neo4j ce 2.3.1\jre\bin
2015-12-11 21:30:41.853+0000 INFO  [o.n.k.i.DiagnosticsManager] exe4j.consoleCodepage = cp0
2015-12-11 21:30:41.853+0000 INFO  [o.n.k.i.DiagnosticsManager] path.separator = ;
2015-12-11 21:30:41.853+0000 INFO  [o.n.k.i.DiagnosticsManager] file.encoding.pkg = sun.io
2015-12-11 21:30:41.853+0000 INFO  [o.n.k.i.DiagnosticsManager] user.country = US
2015-12-11 21:30:41.853+0000 INFO  [o.n.k.i.DiagnosticsManager] user.script = 
2015-12-11 21:30:41.853+0000 INFO  [o.n.k.i.DiagnosticsManager] sun.os.patch.level = 
2015-12-11 21:30:41.853+0000 INFO  [o.n.k.i.DiagnosticsManager] install4j.exeDir = C:\Program Files\Neo4j CE 2.3.1\bin\
2015-12-11 21:30:41.853+0000 INFO  [o.n.k.i.DiagnosticsManager] user.dir = C:\Program Files\Neo4j CE 2.3.1\bin
2015-12-11 21:30:41.853+0000 INFO  [o.n.k.i.DiagnosticsManager] neo4j.ext.udc.source = desktop
2015-12-11 21:30:41.853+0000 INFO  [o.n.k.i.DiagnosticsManager] user.variant = 
2015-12-11 21:30:41.853+0000 INFO  [o.n.k.i.DiagnosticsManager] exe4j.tempDir = 
2015-12-11 21:30:41.853+0000 INFO  [o.n.k.i.DiagnosticsManager] sun.jnu.encoding = Cp1252
2015-12-11 21:30:41.853+0000 INFO  [o.n.k.i.DiagnosticsManager] sun.awt.enableExtraMouseButtons = true
2015-12-11 21:30:41.853+0000 INFO  [o.n.k.i.DiagnosticsManager] install4j.launcherId = 24
2015-12-11 21:30:41.853+0000 INFO  [o.n.k.i.DiagnosticsManager] sun.management.compiler = HotSpot 64-Bit Tiered Compilers
2015-12-11 21:30:41.853+0000 INFO  [o.n.k.i.DiagnosticsManager] exe4j.isInstall4j = true
2015-12-11 21:30:41.853+0000 INFO  [o.n.k.i.DiagnosticsManager] install4j.swt = false
2015-12-11 21:30:41.853+0000 INFO  [o.n.k.i.DiagnosticsManager] user.home = C:\Users\cez
2015-12-11 21:30:41.853+0000 INFO  [o.n.k.i.DiagnosticsManager] user.timezone = America/Chicago
2015-12-11 21:30:41.853+0000 INFO  [o.n.k.i.DiagnosticsManager] file.encoding = Cp1252
2015-12-11 21:30:41.853+0000 INFO  [o.n.k.i.DiagnosticsManager] user.name = cez
2015-12-11 21:30:41.853+0000 INFO  [o.n.k.i.DiagnosticsManager] sun.java.command = C:\Program Files\Neo4j CE 2.3.1\bin\neo4j-ce.exe
2015-12-11 21:30:41.853+0000 INFO  [o.n.k.i.DiagnosticsManager] sun.arch.data.model = 64
2015-12-11 21:30:41.853+0000 INFO  [o.n.k.i.DiagnosticsManager] exe4j.launchName = C:\Program Files\Neo4j CE 2.3.1\bin\neo4j-ce.exe
2015-12-11 21:30:41.853+0000 INFO  [o.n.k.i.DiagnosticsManager] user.language = en
2015-12-11 21:30:41.853+0000 INFO  [o.n.k.i.DiagnosticsManager] awt.toolkit = sun.awt.windows.WToolkit
2015-12-11 21:30:41.853+0000 INFO  [o.n.k.i.DiagnosticsManager] exe4j.unextractedPosition = 0
2015-12-11 21:30:41.853+0000 INFO  [o.n.k.i.DiagnosticsManager] install4j.appDir = C:\Program Files\Neo4j CE 2.3.1\
2015-12-11 21:30:41.853+0000 INFO  [o.n.k.i.DiagnosticsManager] file.separator = \
2015-12-11 21:30:41.853+0000 INFO  [o.n.k.i.DiagnosticsManager] sun.io.unicode.encoding = UnicodeLittle
2015-12-11 21:30:41.853+0000 INFO  [o.n.k.i.DiagnosticsManager] sun.cpu.endian = little
2015-12-11 21:30:41.853+0000 INFO  [o.n.k.i.DiagnosticsManager] sun.desktop = windows
2015-12-11 21:30:41.853+0000 INFO  [o.n.k.i.DiagnosticsManager] sun.cpu.isalist = amd64
2015-12-11 21:30:41.853+0000 INFO  [o.n.k.i.DiagnosticsManager] Network information:
2015-12-11 21:30:41.866+0000 INFO  [o.n.k.i.DiagnosticsManager] Interface Software Loopback Interface 1:
2015-12-11 21:30:41.866+0000 INFO  [o.n.k.i.DiagnosticsManager]     address: 127.0.0.1
2015-12-11 21:30:41.866+0000 INFO  [o.n.k.i.DiagnosticsManager]     address: 0:0:0:0:0:0:0:1
2015-12-11 21:30:41.866+0000 INFO  [o.n.k.i.DiagnosticsManager] Interface Microsoft Kernel Debug Network Adapter:
2015-12-11 21:30:41.866+0000 INFO  [o.n.k.i.DiagnosticsManager] Interface Intel(R) 82578DM Gigabit Network Connection:
2015-12-11 21:30:41.866+0000 INFO  [o.n.k.i.DiagnosticsManager]     address: 10.24.47.166
2015-12-11 21:30:41.866+0000 INFO  [o.n.k.i.DiagnosticsManager]     address: 2610:130:101:d00:4493:c16:efa9:8b55
2015-12-11 21:30:41.866+0000 INFO  [o.n.k.i.DiagnosticsManager]     address: 2610:130:101:d00:920:e15d:79eb:345b
2015-12-11 21:30:41.866+0000 INFO  [o.n.k.i.DiagnosticsManager]     address: 2610:130:101:d00:a502:b02c:1a2d:577b
2015-12-11 21:30:41.866+0000 INFO  [o.n.k.i.DiagnosticsManager]     address: 2610:130:101:d00:dde0:9cf:9f51:157b
2015-12-11 21:30:41.866+0000 INFO  [o.n.k.i.DiagnosticsManager]     address: fe80:0:0:0:4493:c16:efa9:8b55%3
2015-12-11 21:30:41.866+0000 INFO  [o.n.k.i.DiagnosticsManager] Interface Microsoft ISATAP Adapter:
2015-12-11 21:30:41.867+0000 INFO  [o.n.k.i.DiagnosticsManager]     address: fe80:0:0:0:0:5efe:c0a8:3801%4
2015-12-11 21:30:41.867+0000 INFO  [o.n.k.i.DiagnosticsManager] Interface Teredo Tunneling Pseudo-Interface:
2015-12-11 21:30:41.867+0000 INFO  [o.n.k.i.DiagnosticsManager] Interface Microsoft ISATAP Adapter #2:
2015-12-11 21:30:41.867+0000 INFO  [o.n.k.i.DiagnosticsManager]     address: fe80:0:0:0:0:5efe:a18:2fa6%6
2015-12-11 21:30:41.867+0000 INFO  [o.n.k.i.DiagnosticsManager] Interface VirtualBox Host-Only Ethernet Adapter:
2015-12-11 21:30:41.867+0000 INFO  [o.n.k.i.DiagnosticsManager]     address: 192.168.56.1
2015-12-11 21:30:41.867+0000 INFO  [o.n.k.i.DiagnosticsManager]     address: fe80:0:0:0:4133:2d33:29c2:6efa%7
2015-12-11 21:30:41.867+0000 INFO  [o.n.k.i.DiagnosticsManager] Interface Microsoft ISATAP Adapter #3:
2015-12-11 21:30:41.867+0000 INFO  [o.n.k.i.DiagnosticsManager] Interface VirtualBox Host-Only Ethernet Adapter-WFP Native MAC Layer LightWeight Filter-0000:
2015-12-11 21:30:41.867+0000 INFO  [o.n.k.i.DiagnosticsManager] Interface VirtualBox Host-Only Ethernet Adapter-VirtualBox NDIS Light-Weight Filter-0000:
2015-12-11 21:30:41.867+0000 INFO  [o.n.k.i.DiagnosticsManager] Interface VirtualBox Host-Only Ethernet Adapter-QoS Packet Scheduler-0000:
2015-12-11 21:30:41.867+0000 INFO  [o.n.k.i.DiagnosticsManager] Interface VirtualBox Host-Only Ethernet Adapter-WFP 802.3 MAC Layer LightWeight Filter-0000:
2015-12-11 21:30:41.867+0000 INFO  [o.n.k.i.DiagnosticsManager] Interface Intel(R) 82578DM Gigabit Network Connection-WFP Native MAC Layer LightWeight Filter-0000:
2015-12-11 21:30:41.867+0000 INFO  [o.n.k.i.DiagnosticsManager] Interface Intel(R) 82578DM Gigabit Network Connection-VirtualBox NDIS Light-Weight Filter-0000:
2015-12-11 21:30:41.867+0000 INFO  [o.n.k.i.DiagnosticsManager] Interface Intel(R) 82578DM Gigabit Network Connection-QoS Packet Scheduler-0000:
2015-12-11 21:30:41.867+0000 INFO  [o.n.k.i.DiagnosticsManager] Interface Intel(R) 82578DM Gigabit Network Connection-WFP 802.3 MAC Layer LightWeight Filter-0000:
2015-12-11 21:30:41.867+0000 INFO  [o.n.k.i.DiagnosticsManager] --- INITIALIZED diagnostics END ---
2015-12-11 21:30:42.902+0000 INFO  [o.n.k.i.s.DynamicArrayStore] Rebuilding id generator for[C:\561\10000\10000D0\neostore.nodestore.db.labels] ...
2015-12-11 21:30:42.999+0000 INFO  [o.n.k.i.s.DynamicArrayStore] [C:\561\10000\10000D0\neostore.nodestore.db.labels] high id=1 (defragged=0)
2015-12-11 21:30:43.004+0000 INFO  [o.n.k.i.s.DynamicArrayStore] C:\561\10000\10000D0\neostore.nodestore.db.labels rebuild id generator, highId=1 defragged count=0
2015-12-11 21:30:43.010+0000 INFO  [o.n.k.i.s.NodeStore] Rebuilding id generator for[C:\561\10000\10000D0\neostore.nodestore.db] ...
2015-12-11 21:30:43.092+0000 INFO  [o.n.k.i.s.NodeStore] [C:\561\10000\10000D0\neostore.nodestore.db] high id=10000 (defragged=0)
2015-12-11 21:30:43.099+0000 INFO  [o.n.k.i.s.NodeStore] C:\561\10000\10000D0\neostore.nodestore.db rebuild id generator, highId=10000 defragged count=0
2015-12-11 21:30:43.105+0000 INFO  [o.n.k.i.s.DynamicStringStore] Rebuilding id generator for[C:\561\10000\10000D0\neostore.propertystore.db.index.keys] ...
2015-12-11 21:30:43.192+0000 INFO  [o.n.k.i.s.DynamicStringStore] [C:\561\10000\10000D0\neostore.propertystore.db.index.keys] high id=5 (defragged=0)
2015-12-11 21:30:43.198+0000 INFO  [o.n.k.i.s.DynamicStringStore] C:\561\10000\10000D0\neostore.propertystore.db.index.keys rebuild id generator, highId=5 defragged count=0
2015-12-11 21:30:43.204+0000 INFO  [o.n.k.i.s.PropertyKeyTokenStore] Rebuilding id generator for[C:\561\10000\10000D0\neostore.propertystore.db.index] ...
2015-12-11 21:30:43.293+0000 INFO  [o.n.k.i.s.PropertyKeyTokenStore] [C:\561\10000\10000D0\neostore.propertystore.db.index] high id=4 (defragged=0)
2015-12-11 21:30:43.299+0000 INFO  [o.n.k.i.s.PropertyKeyTokenStore] C:\561\10000\10000D0\neostore.propertystore.db.index rebuild id generator, highId=4 defragged count=0
2015-12-11 21:30:43.424+0000 INFO  [o.n.k.i.s.DynamicStringStore] Rebuilding id generator for[C:\561\10000\10000D0\neostore.propertystore.db.strings] ...
2015-12-11 21:30:43.507+0000 INFO  [o.n.k.i.s.DynamicStringStore] [C:\561\10000\10000D0\neostore.propertystore.db.strings] high id=1 (defragged=0)
2015-12-11 21:30:43.513+0000 INFO  [o.n.k.i.s.DynamicStringStore] C:\561\10000\10000D0\neostore.propertystore.db.strings rebuild id generator, highId=1 defragged count=0
2015-12-11 21:30:43.519+0000 INFO  [o.n.k.i.s.DynamicArrayStore] Rebuilding id generator for[C:\561\10000\10000D0\neostore.propertystore.db.arrays] ...
2015-12-11 21:30:43.605+0000 INFO  [o.n.k.i.s.DynamicArrayStore] [C:\561\10000\10000D0\neostore.propertystore.db.arrays] high id=1 (defragged=0)
2015-12-11 21:30:43.611+0000 INFO  [o.n.k.i.s.DynamicArrayStore] C:\561\10000\10000D0\neostore.propertystore.db.arrays rebuild id generator, highId=1 defragged count=0
2015-12-11 21:30:43.617+0000 INFO  [o.n.k.i.s.PropertyStore] Rebuilding id generator for[C:\561\10000\10000D0\neostore.propertystore.db] ...
2015-12-11 21:30:43.713+0000 INFO  [o.n.k.i.s.PropertyStore] [C:\561\10000\10000D0\neostore.propertystore.db] high id=20000 (defragged=0)
2015-12-11 21:30:43.719+0000 INFO  [o.n.k.i.s.PropertyStore] C:\561\10000\10000D0\neostore.propertystore.db rebuild id generator, highId=20000 defragged count=0
2015-12-11 21:30:43.725+0000 INFO  [o.n.k.i.s.RelationshipStore] Rebuilding id generator for[C:\561\10000\10000D0\neostore.relationshipstore.db] ...
2015-12-11 21:30:43.812+0000 INFO  [o.n.k.i.s.RelationshipStore] [C:\561\10000\10000D0\neostore.relationshipstore.db] high id=0 (defragged=0)
2015-12-11 21:30:43.817+0000 INFO  [o.n.k.i.s.RelationshipStore] C:\561\10000\10000D0\neostore.relationshipstore.db rebuild id generator, highId=0 defragged count=0
2015-12-11 21:30:43.823+0000 INFO  [o.n.k.i.s.DynamicStringStore] Rebuilding id generator for[C:\561\10000\10000D0\neostore.relationshiptypestore.db.names] ...
2015-12-11 21:30:43.912+0000 INFO  [o.n.k.i.s.DynamicStringStore] [C:\561\10000\10000D0\neostore.relationshiptypestore.db.names] high id=1 (defragged=0)
2015-12-11 21:30:43.917+0000 INFO  [o.n.k.i.s.DynamicStringStore] C:\561\10000\10000D0\neostore.relationshiptypestore.db.names rebuild id generator, highId=1 defragged count=0
2015-12-11 21:30:43.923+0000 INFO  [o.n.k.i.s.RelationshipTypeTokenStore] Rebuilding id generator for[C:\561\10000\10000D0\neostore.relationshiptypestore.db] ...
2015-12-11 21:30:44.014+0000 INFO  [o.n.k.i.s.RelationshipTypeTokenStore] [C:\561\10000\10000D0\neostore.relationshiptypestore.db] high id=0 (defragged=0)
2015-12-11 21:30:44.020+0000 INFO  [o.n.k.i.s.RelationshipTypeTokenStore] C:\561\10000\10000D0\neostore.relationshiptypestore.db rebuild id generator, highId=0 defragged count=0
2015-12-11 21:30:44.160+0000 INFO  [o.n.k.i.s.DynamicStringStore] Rebuilding id generator for[C:\561\10000\10000D0\neostore.labeltokenstore.db.names] ...
2015-12-11 21:30:44.254+0000 INFO  [o.n.k.i.s.DynamicStringStore] [C:\561\10000\10000D0\neostore.labeltokenstore.db.names] high id=2 (defragged=0)
2015-12-11 21:30:44.260+0000 INFO  [o.n.k.i.s.DynamicStringStore] C:\561\10000\10000D0\neostore.labeltokenstore.db.names rebuild id generator, highId=2 defragged count=0
2015-12-11 21:30:44.266+0000 INFO  [o.n.k.i.s.LabelTokenStore] Rebuilding id generator for[C:\561\10000\10000D0\neostore.labeltokenstore.db] ...
2015-12-11 21:30:44.362+0000 INFO  [o.n.k.i.s.LabelTokenStore] [C:\561\10000\10000D0\neostore.labeltokenstore.db] high id=1 (defragged=0)
2015-12-11 21:30:44.368+0000 INFO  [o.n.k.i.s.LabelTokenStore] C:\561\10000\10000D0\neostore.labeltokenstore.db rebuild id generator, highId=1 defragged count=0
2015-12-11 21:30:44.501+0000 INFO  [o.n.k.i.s.SchemaStore] Rebuilding id generator for[C:\561\10000\10000D0\neostore.schemastore.db] ...
2015-12-11 21:30:44.593+0000 INFO  [o.n.k.i.s.SchemaStore] [C:\561\10000\10000D0\neostore.schemastore.db] high id=1 (defragged=0)
2015-12-11 21:30:44.599+0000 INFO  [o.n.k.i.s.SchemaStore] C:\561\10000\10000D0\neostore.schemastore.db rebuild id generator, highId=1 defragged count=0
2015-12-11 21:30:44.605+0000 INFO  [o.n.k.i.s.RelationshipGroupStore] Rebuilding id generator for[C:\561\10000\10000D0\neostore.relationshipgroupstore.db] ...
2015-12-11 21:30:44.693+0000 INFO  [o.n.k.i.s.RelationshipGroupStore] [C:\561\10000\10000D0\neostore.relationshipgroupstore.db] high id=1 (defragged=0)
2015-12-11 21:30:44.699+0000 INFO  [o.n.k.i.s.RelationshipGroupStore] C:\561\10000\10000D0\neostore.relationshipgroupstore.db rebuild id generator, highId=1 defragged count=0
2015-12-11 21:30:44.705+0000 INFO  [o.n.k.i.s.MetaDataStore] Rebuilding id generator for[C:\561\10000\10000D0\neostore] ...
2015-12-11 21:30:44.792+0000 INFO  [o.n.k.i.s.MetaDataStore] [C:\561\10000\10000D0\neostore] high id=13 (defragged=0)
2015-12-11 21:30:44.798+0000 INFO  [o.n.k.i.s.MetaDataStore] C:\561\10000\10000D0\neostore rebuild id generator, highId=13 defragged count=0
2015-12-11 21:30:44.805+0000 INFO  [o.n.k.KernelHealth] Kernel health set to OK
2015-12-11 21:30:44.845+0000 INFO  [o.n.k.AvailabilityGuard] Fulfilling of requirement makes database available: Database available
2015-12-11 21:30:44.849+0000 INFO  [o.n.k.i.f.CommunityFacadeFactory] Database is now ready
2015-12-11 21:30:44.853+0000 INFO  [o.n.k.i.DiagnosticsManager] --- STARTED diagnostics for KernelDiagnostics:Versions START ---
2015-12-11 21:30:44.857+0000 INFO  [o.n.k.i.DiagnosticsManager] Graph Database: Community StoreId{creationTime=1449810706051, randomId=21570250244099432, storeVersion=15250506225055238, upgradeTime=1449810706051, upgradeId=1}
2015-12-11 21:30:44.861+0000 INFO  [o.n.k.i.DiagnosticsManager] Kernel version: 2.3.1
2015-12-11 21:30:44.866+0000 INFO  [o.n.k.i.DiagnosticsManager] --- STARTED diagnostics for KernelDiagnostics:Versions END ---
2015-12-11 21:30:44.870+0000 INFO  [o.n.k.i.DiagnosticsManager] --- STARTED diagnostics for NEO_STORE_VERSIONS START ---
2015-12-11 21:30:44.874+0000 INFO  [o.n.k.i.DiagnosticsManager] Store versions:
2015-12-11 21:30:44.877+0000 INFO  [o.n.k.i.DiagnosticsManager] Store versions:
2015-12-11 21:30:44.880+0000 INFO  [o.n.k.i.DiagnosticsManager] ArrayPropertyStore v0.A.6
2015-12-11 21:30:44.882+0000 INFO  [o.n.k.i.DiagnosticsManager] NodeStore v0.A.6
2015-12-11 21:30:44.884+0000 INFO  [o.n.k.i.DiagnosticsManager] StringPropertyStore v0.A.6
2015-12-11 21:30:44.887+0000 INFO  [o.n.k.i.DiagnosticsManager] PropertyIndexStore v0.A.6
2015-12-11 21:30:44.889+0000 INFO  [o.n.k.i.DiagnosticsManager] StringPropertyStore v0.A.6
2015-12-11 21:30:44.891+0000 INFO  [o.n.k.i.DiagnosticsManager] ArrayPropertyStore v0.A.6
2015-12-11 21:30:44.894+0000 INFO  [o.n.k.i.DiagnosticsManager] PropertyStore v0.A.6
2015-12-11 21:30:44.896+0000 INFO  [o.n.k.i.DiagnosticsManager] RelationshipStore v0.A.6
2015-12-11 21:30:44.898+0000 INFO  [o.n.k.i.DiagnosticsManager] StringPropertyStore v0.A.6
2015-12-11 21:30:44.900+0000 INFO  [o.n.k.i.DiagnosticsManager] RelationshipTypeStore v0.A.6
2015-12-11 21:30:44.903+0000 INFO  [o.n.k.i.DiagnosticsManager] StringPropertyStore v0.A.6
2015-12-11 21:30:44.905+0000 INFO  [o.n.k.i.DiagnosticsManager] LabelTokenStore v0.A.6
2015-12-11 21:30:44.907+0000 INFO  [o.n.k.i.DiagnosticsManager] SchemaStore v0.A.6
2015-12-11 21:30:44.910+0000 INFO  [o.n.k.i.DiagnosticsManager] RelationshipGroupStore v0.A.6
2015-12-11 21:30:44.912+0000 INFO  [o.n.k.i.DiagnosticsManager] NeoStore v0.A.6
2015-12-11 21:30:44.914+0000 INFO  [o.n.k.i.DiagnosticsManager] --- STARTED diagnostics for NEO_STORE_VERSIONS END ---
2015-12-11 21:30:44.917+0000 INFO  [o.n.k.i.DiagnosticsManager] --- STARTED diagnostics for NEO_STORE_ID_USAGE START ---
2015-12-11 21:30:44.919+0000 INFO  [o.n.k.i.DiagnosticsManager] Id usage:
2015-12-11 21:30:44.921+0000 INFO  [o.n.k.i.DiagnosticsManager] Id usage:
2015-12-11 21:30:44.924+0000 INFO  [o.n.k.i.DiagnosticsManager]   ArrayPropertyStore v0.A.6: used=1 high=0
2015-12-11 21:30:44.926+0000 INFO  [o.n.k.i.DiagnosticsManager]   NodeStore v0.A.6: used=10000 high=9999
2015-12-11 21:30:44.928+0000 INFO  [o.n.k.i.DiagnosticsManager]   StringPropertyStore v0.A.6: used=5 high=4
2015-12-11 21:30:44.931+0000 INFO  [o.n.k.i.DiagnosticsManager]   PropertyIndexStore v0.A.6: used=4 high=3
2015-12-11 21:30:44.933+0000 INFO  [o.n.k.i.DiagnosticsManager]   StringPropertyStore v0.A.6: used=1 high=0
2015-12-11 21:30:44.935+0000 INFO  [o.n.k.i.DiagnosticsManager]   ArrayPropertyStore v0.A.6: used=1 high=0
2015-12-11 21:30:44.938+0000 INFO  [o.n.k.i.DiagnosticsManager]   PropertyStore v0.A.6: used=20000 high=19999
2015-12-11 21:30:44.940+0000 INFO  [o.n.k.i.DiagnosticsManager]   RelationshipStore v0.A.6: used=0 high=-1
2015-12-11 21:30:44.942+0000 INFO  [o.n.k.i.DiagnosticsManager]   StringPropertyStore v0.A.6: used=1 high=0
2015-12-11 21:30:44.945+0000 INFO  [o.n.k.i.DiagnosticsManager]   RelationshipTypeStore v0.A.6: used=0 high=-1
2015-12-11 21:30:44.947+0000 INFO  [o.n.k.i.DiagnosticsManager]   StringPropertyStore v0.A.6: used=2 high=1
2015-12-11 21:30:44.950+0000 INFO  [o.n.k.i.DiagnosticsManager]   LabelTokenStore v0.A.6: used=1 high=0
2015-12-11 21:30:44.952+0000 INFO  [o.n.k.i.DiagnosticsManager]   SchemaStore v0.A.6: used=1 high=0
2015-12-11 21:30:44.954+0000 INFO  [o.n.k.i.DiagnosticsManager]   RelationshipGroupStore v0.A.6: used=1 high=0
2015-12-11 21:30:44.957+0000 INFO  [o.n.k.i.DiagnosticsManager]   NeoStore v0.A.6: used=13 high=12
2015-12-11 21:30:44.959+0000 INFO  [o.n.k.i.DiagnosticsManager] --- STARTED diagnostics for NEO_STORE_ID_USAGE END ---
2015-12-11 21:30:44.962+0000 INFO  [o.n.k.i.DiagnosticsManager] --- STARTED diagnostics for NEO_STORE_RECORDS START ---
2015-12-11 21:30:44.965+0000 INFO  [o.n.k.i.DiagnosticsManager] Neostore records:
2015-12-11 21:30:44.968+0000 INFO  [o.n.k.i.DiagnosticsManager] TIME (Creation time): 1449810706051
2015-12-11 21:30:44.970+0000 INFO  [o.n.k.i.DiagnosticsManager] RANDOM_NUMBER (Random number for store id): 21570250244099432
2015-12-11 21:30:44.972+0000 INFO  [o.n.k.i.DiagnosticsManager] LOG_VERSION (Current log version): 0
2015-12-11 21:30:44.975+0000 INFO  [o.n.k.i.DiagnosticsManager] LAST_TRANSACTION_ID (Last committed transaction): 10006
2015-12-11 21:30:44.977+0000 INFO  [o.n.k.i.DiagnosticsManager] STORE_VERSION (Store format version): 15250506225055238
2015-12-11 21:30:44.979+0000 INFO  [o.n.k.i.DiagnosticsManager] FIRST_GRAPH_PROPERTY (First property record containing graph properties): -1
2015-12-11 21:30:44.982+0000 INFO  [o.n.k.i.DiagnosticsManager] LAST_CONSTRAINT_TRANSACTION (Last committed transaction containing constraint changes): 0
2015-12-11 21:30:44.984+0000 INFO  [o.n.k.i.DiagnosticsManager] UPGRADE_TRANSACTION_ID (Transaction id most recent upgrade was performed at): 1
2015-12-11 21:30:44.986+0000 INFO  [o.n.k.i.DiagnosticsManager] UPGRADE_TIME (Time of last upgrade): 1449810706051
2015-12-11 21:30:44.989+0000 INFO  [o.n.k.i.DiagnosticsManager] LAST_TRANSACTION_CHECKSUM (Checksum of last committed transaction): -162154015087
2015-12-11 21:30:44.991+0000 INFO  [o.n.k.i.DiagnosticsManager] UPGRADE_TRANSACTION_CHECKSUM (Checksum of transaction id the most recent upgrade was performed at): 0
2015-12-11 21:30:44.993+0000 INFO  [o.n.k.i.DiagnosticsManager] LAST_CLOSED_TRANSACTION_LOG_VERSION (Log version where the last transaction commit entry has been written into): 0
2015-12-11 21:30:44.996+0000 INFO  [o.n.k.i.DiagnosticsManager] LAST_CLOSED_TRANSACTION_LOG_BYTE_OFFSET (Byte offset in the log file where the last transaction commit entry has been written into): 3379950
2015-12-11 21:30:44.999+0000 INFO  [o.n.k.i.DiagnosticsManager] --- STARTED diagnostics for NEO_STORE_RECORDS END ---
2015-12-11 21:30:45.001+0000 INFO  [o.n.k.i.DiagnosticsManager] --- STARTED diagnostics for TRANSACTION_RANGE START ---
2015-12-11 21:30:45.004+0000 INFO  [o.n.k.i.DiagnosticsManager] Transaction log:
2015-12-11 21:30:45.007+0000 INFO  [o.n.k.i.DiagnosticsManager] Oldest transaction 2 found in log with version 0
2015-12-11 21:30:45.009+0000 INFO  [o.n.k.i.DiagnosticsManager] --- STARTED diagnostics for TRANSACTION_RANGE END ---
2015-12-11 21:30:45.012+0000 INFO  [o.n.k.i.DiagnosticsManager] --- STARTED diagnostics for KernelDiagnostics:StoreFiles START ---
2015-12-11 21:30:45.015+0000 INFO  [o.n.k.i.DiagnosticsManager] Disk space on partition (Total / Free / Free %): 499738734592 / 397956173824 / 79
Storage files: (filename : modification date - size)
2015-12-11 21:30:45.018+0000 INFO  [o.n.k.i.DiagnosticsManager]   dbms:
2015-12-11 21:30:45.021+0000 INFO  [o.n.k.i.DiagnosticsManager]     auth: 2015-12-10T23:11:46-0600 - 137.00 B
2015-12-11 21:30:45.024+0000 INFO  [o.n.k.i.DiagnosticsManager]     ssl:
2015-12-11 21:30:45.027+0000 INFO  [o.n.k.i.DiagnosticsManager]       snakeoil.cert: 2015-12-10T23:11:43-0600 - 630.00 B
2015-12-11 21:30:45.029+0000 INFO  [o.n.k.i.DiagnosticsManager]       snakeoil.key: 2015-12-10T23:11:43-0600 - 914.00 B
2015-12-11 21:30:45.031+0000 INFO  [o.n.k.i.DiagnosticsManager]     - Total: 2015-12-10T23:11:43-0600 - 1.51 kB
2015-12-11 21:30:45.034+0000 INFO  [o.n.k.i.DiagnosticsManager]   - Total: 2015-12-10T23:11:46-0600 - 1.64 kB
2015-12-11 21:30:45.036+0000 INFO  [o.n.k.i.DiagnosticsManager]   index:
2015-12-11 21:30:45.039+0000 INFO  [o.n.k.i.DiagnosticsManager]   - Total: 2015-12-10T23:11:46-0600 - 0.00 B
2015-12-11 21:30:45.041+0000 INFO  [o.n.k.i.DiagnosticsManager]   messages.log: 2015-12-10T23:27:15-0600 - 70.22 kB
2015-12-11 21:30:45.044+0000 INFO  [o.n.k.i.DiagnosticsManager]   neo4j.properties: 2015-12-10T23:11:43-0600 - 1.30 kB
2015-12-11 21:30:45.046+0000 INFO  [o.n.k.i.DiagnosticsManager]   neostore: 2015-12-10T23:26:47-0600 - 8.00 kB
2015-12-11 21:30:45.048+0000 INFO  [o.n.k.i.DiagnosticsManager]   neostore.counts.db.a: 2015-12-10T23:21:47-0600 - 160.00 B
2015-12-11 21:30:45.051+0000 INFO  [o.n.k.i.DiagnosticsManager]   neostore.counts.db.b: 2015-12-10T23:26:47-0600 - 160.00 B
2015-12-11 21:30:45.054+0000 INFO  [o.n.k.i.DiagnosticsManager]   neostore.id: 2015-12-11T15:30:44-0600 - 9.00 B
2015-12-11 21:30:45.057+0000 INFO  [o.n.k.i.DiagnosticsManager]   neostore.labeltokenstore.db: 2015-12-10T23:16:46-0600 - 8.00 kB
2015-12-11 21:30:45.060+0000 INFO  [o.n.k.i.DiagnosticsManager]   neostore.labeltokenstore.db.id: 2015-12-11T15:30:44-0600 - 9.00 B
2015-12-11 21:30:45.062+0000 INFO  [o.n.k.i.DiagnosticsManager]   neostore.labeltokenstore.db.names: 2015-12-10T23:16:46-0600 - 8.00 kB
2015-12-11 21:30:45.065+0000 INFO  [o.n.k.i.DiagnosticsManager]   neostore.labeltokenstore.db.names.id: 2015-12-11T15:30:44-0600 - 9.00 B
2015-12-11 21:30:45.067+0000 INFO  [o.n.k.i.DiagnosticsManager]   neostore.nodestore.db: 2015-12-10T23:27:15-0600 - 151.96 kB
2015-12-11 21:30:45.070+0000 INFO  [o.n.k.i.DiagnosticsManager]   neostore.nodestore.db.id: 2015-12-11T15:30:43-0600 - 9.00 B
2015-12-11 21:30:45.073+0000 INFO  [o.n.k.i.DiagnosticsManager]   neostore.nodestore.db.labels: 2015-12-10T23:11:43-0600 - 8.00 kB
2015-12-11 21:30:45.075+0000 INFO  [o.n.k.i.DiagnosticsManager]   neostore.nodestore.db.labels.id: 2015-12-11T15:30:42-0600 - 9.00 B
2015-12-11 21:30:45.078+0000 INFO  [o.n.k.i.DiagnosticsManager]   neostore.propertystore.db: 2015-12-10T23:27:15-0600 - 804.75 kB
2015-12-11 21:30:45.080+0000 INFO  [o.n.k.i.DiagnosticsManager]   neostore.propertystore.db.arrays: 2015-12-10T23:11:44-0600 - 8.00 kB
2015-12-11 21:30:45.083+0000 INFO  [o.n.k.i.DiagnosticsManager]   neostore.propertystore.db.arrays.id: 2015-12-11T15:30:43-0600 - 9.00 B
2015-12-11 21:30:45.086+0000 INFO  [o.n.k.i.DiagnosticsManager]   neostore.propertystore.db.id: 2015-12-11T15:30:43-0600 - 9.00 B
2015-12-11 21:30:45.089+0000 INFO  [o.n.k.i.DiagnosticsManager]   neostore.propertystore.db.index: 2015-12-10T23:16:46-0600 - 8.00 kB
2015-12-11 21:30:45.092+0000 INFO  [o.n.k.i.DiagnosticsManager]   neostore.propertystore.db.index.id: 2015-12-11T15:30:43-0600 - 9.00 B
2015-12-11 21:30:45.094+0000 INFO  [o.n.k.i.DiagnosticsManager]   neostore.propertystore.db.index.keys: 2015-12-10T23:16:46-0600 - 8.00 kB
2015-12-11 21:30:45.097+0000 INFO  [o.n.k.i.DiagnosticsManager]   neostore.propertystore.db.index.keys.id: 2015-12-11T15:30:43-0600 - 9.00 B
2015-12-11 21:30:45.100+0000 INFO  [o.n.k.i.DiagnosticsManager]   neostore.propertystore.db.strings: 2015-12-10T23:11:44-0600 - 8.00 kB
2015-12-11 21:30:45.102+0000 INFO  [o.n.k.i.DiagnosticsManager]   neostore.propertystore.db.strings.id: 2015-12-11T15:30:43-0600 - 9.00 B
2015-12-11 21:30:45.105+0000 INFO  [o.n.k.i.DiagnosticsManager]   neostore.relationshipgroupstore.db: 2015-12-10T23:11:45-0600 - 8.00 kB
2015-12-11 21:30:45.108+0000 INFO  [o.n.k.i.DiagnosticsManager]   neostore.relationshipgroupstore.db.id: 2015-12-11T15:30:44-0600 - 9.00 B
2015-12-11 21:30:45.110+0000 INFO  [o.n.k.i.DiagnosticsManager]   neostore.relationshipstore.db: 2015-12-10T23:11:44-0600 - 0.00 B
2015-12-11 21:30:45.113+0000 INFO  [o.n.k.i.DiagnosticsManager]   neostore.relationshipstore.db.id: 2015-12-11T15:30:43-0600 - 9.00 B
2015-12-11 21:30:45.124+0000 INFO  [o.n.k.i.DiagnosticsManager]   neostore.relationshiptypestore.db: 2015-12-10T23:11:45-0600 - 8.00 kB
2015-12-11 21:30:45.127+0000 INFO  [o.n.k.i.DiagnosticsManager]   neostore.relationshiptypestore.db.id: 2015-12-11T15:30:44-0600 - 9.00 B
2015-12-11 21:30:45.129+0000 INFO  [o.n.k.i.DiagnosticsManager]   neostore.relationshiptypestore.db.names: 2015-12-10T23:11:45-0600 - 8.00 kB
2015-12-11 21:30:45.132+0000 INFO  [o.n.k.i.DiagnosticsManager]   neostore.relationshiptypestore.db.names.id: 2015-12-11T15:30:43-0600 - 9.00 B
2015-12-11 21:30:45.135+0000 INFO  [o.n.k.i.DiagnosticsManager]   neostore.schemastore.db: 2015-12-10T23:11:45-0600 - 8.00 kB
2015-12-11 21:30:45.137+0000 INFO  [o.n.k.i.DiagnosticsManager]   neostore.schemastore.db.id: 2015-12-11T15:30:44-0600 - 9.00 B
2015-12-11 21:30:45.140+0000 INFO  [o.n.k.i.DiagnosticsManager]   neostore.transaction.db.0: 2015-12-10T23:26:47-0600 - 3.22 MB
2015-12-11 21:30:45.142+0000 INFO  [o.n.k.i.DiagnosticsManager]   schema:
2015-12-11 21:30:45.144+0000 INFO  [o.n.k.i.DiagnosticsManager]     label:
2015-12-11 21:30:45.146+0000 INFO  [o.n.k.i.DiagnosticsManager]       lucene:
2015-12-11 21:30:45.149+0000 INFO  [o.n.k.i.DiagnosticsManager]         _fej.cfs: 2015-12-10T23:24:32-0600 - 9.68 kB
2015-12-11 21:30:45.151+0000 INFO  [o.n.k.i.DiagnosticsManager]         segments.gen: 2015-12-10T23:26:47-0600 - 20.00 B
2015-12-11 21:30:45.153+0000 INFO  [o.n.k.i.DiagnosticsManager]         segments_3: 2015-12-10T23:26:47-0600 - 258.00 B
2015-12-11 21:30:45.156+0000 INFO  [o.n.k.i.DiagnosticsManager]         write.lock: 2015-12-10T23:11:46-0600 - 0.00 B
2015-12-11 21:30:45.158+0000 INFO  [o.n.k.i.DiagnosticsManager]       - Total: 2015-12-11T15:30:42-0600 - 9.95 kB
2015-12-11 21:30:45.160+0000 INFO  [o.n.k.i.DiagnosticsManager]     - Total: 2015-12-10T23:11:46-0600 - 9.95 kB
2015-12-11 21:30:45.162+0000 INFO  [o.n.k.i.DiagnosticsManager]   - Total: 2015-12-10T23:11:46-0600 - 9.95 kB
2015-12-11 21:30:45.165+0000 INFO  [o.n.k.i.DiagnosticsManager]   store_lock: 2015-12-10T23:11:43-0600 - 0.00 B
2015-12-11 21:30:45.167+0000 INFO  [o.n.k.i.DiagnosticsManager] --- STARTED diagnostics for KernelDiagnostics:StoreFiles END ---
2015-12-11 21:30:45.178+0000 INFO  [o.n.k.i.DiagnosticsManager] --- SERVER STARTED START ---
2015-12-11 21:30:45.836+0000 INFO  [o.n.k.i.DiagnosticsManager] --- SERVER STARTED END ---
2015-12-11 21:39:55.302+0000 INFO  [o.n.k.i.f.GraphDatabaseFacade] Shutdown started
2015-12-11 21:39:55.305+0000 INFO  [o.n.k.i.f.CommunityFacadeFactory] Database is now unavailable
2015-12-11 21:39:55.352+0000 INFO  [o.n.k.i.t.l.c.CheckPointerImpl] Check Pointing triggered by database shutdown [10006]:  Starting check pointing...
2015-12-11 21:39:55.355+0000 INFO  [o.n.k.i.t.l.c.CheckPointerImpl] Check Pointing triggered by database shutdown [10006]:  Starting store flush...
2015-12-11 21:39:55.374+0000 INFO  [o.n.k.i.t.l.c.CheckPointerImpl] Check Pointing triggered by database shutdown [10006]:  Store flush completed
2015-12-11 21:39:55.377+0000 INFO  [o.n.k.i.t.l.c.CheckPointerImpl] Check Pointing triggered by database shutdown [10006]:  Starting appending check point entry into the tx log...
2015-12-11 21:39:55.414+0000 INFO  [o.n.k.i.t.l.c.CheckPointerImpl] Check Pointing triggered by database shutdown [10006]:  Appending check point entry into the tx log completed
2015-12-11 21:39:55.420+0000 INFO  [o.n.k.i.t.l.c.CheckPointerImpl] Check Pointing triggered by database shutdown [10006]:  Check pointing completed
2015-12-11 21:39:55.426+0000 INFO  [o.n.k.i.t.l.p.LogPruningImpl] Log Rotation [0]:  Starting log pruning.
2015-12-11 21:39:55.432+0000 INFO  [o.n.k.i.t.l.p.LogPruningImpl] Log Rotation [0]:  Log pruning complete.
2015-12-11 21:39:56.778+0000 INFO  [o.n.k.NeoStoreDataSource] NeoStores closed
2015-12-11 21:39:56.784+0000 INFO  [o.n.k.i.DiagnosticsManager] --- STOPPING diagnostics START ---
2015-12-11 21:39:56.784+0000 INFO  [o.n.k.i.DiagnosticsManager] --- STOPPING diagnostics END ---
