2015-12-10 04:00:39.536+0000 INFO  [o.n.k.i.f.CommunityFacadeFactory] No locking implementation specified, defaulting to 'community'
2015-12-10 04:00:39.538+0000 INFO  [o.n.k.AvailabilityGuard] Requirement makes database unavailable: Database available
2015-12-10 04:00:39.540+0000 INFO  [o.n.k.i.DiagnosticsManager] --- INITIALIZED diagnostics START ---
2015-12-10 04:00:39.540+0000 INFO  [o.n.k.i.DiagnosticsManager] Neo4j Kernel properties:
2015-12-10 04:00:39.540+0000 INFO  [o.n.k.i.DiagnosticsManager] org.neo4j.server.db.tuning.properties=C:\561\3000\3000D5\neo4j.properties
2015-12-10 04:00:39.540+0000 INFO  [o.n.k.i.DiagnosticsManager] org.neo4j.server.database.location=C:\561\3000\3000D5
2015-12-10 04:00:39.540+0000 INFO  [o.n.k.i.DiagnosticsManager] dbms.querylog.filename=data/log/queries.log
2015-12-10 04:00:39.540+0000 INFO  [o.n.k.i.DiagnosticsManager] dbms.security.auth_store.location=C:\561\3000\3000D5\.\dbms\auth
2015-12-10 04:00:39.540+0000 INFO  [o.n.k.i.DiagnosticsManager] dbms.security.tls_certificate_file=C:\561\3000\3000D5\.\dbms\ssl\snakeoil.cert
2015-12-10 04:00:39.540+0000 INFO  [o.n.k.i.DiagnosticsManager] remote_shell_enabled=true
2015-12-10 04:00:39.540+0000 INFO  [o.n.k.i.DiagnosticsManager] edition=Community
2015-12-10 04:00:39.540+0000 INFO  [o.n.k.i.DiagnosticsManager] dbms.security.tls_key_file=C:\561\3000\3000D5\.\dbms\ssl\snakeoil.key
2015-12-10 04:00:39.540+0000 INFO  [o.n.k.i.DiagnosticsManager] Diagnostics providers:
2015-12-10 04:00:39.540+0000 INFO  [o.n.k.i.DiagnosticsManager] org.neo4j.kernel.configuration.Config
2015-12-10 04:00:39.540+0000 INFO  [o.n.k.i.DiagnosticsManager] org.neo4j.kernel.info.DiagnosticsManager
2015-12-10 04:00:39.540+0000 INFO  [o.n.k.i.DiagnosticsManager] SYSTEM_MEMORY
2015-12-10 04:00:39.540+0000 INFO  [o.n.k.i.DiagnosticsManager] JAVA_MEMORY
2015-12-10 04:00:39.540+0000 INFO  [o.n.k.i.DiagnosticsManager] OPERATING_SYSTEM
2015-12-10 04:00:39.540+0000 INFO  [o.n.k.i.DiagnosticsManager] JAVA_VIRTUAL_MACHINE
2015-12-10 04:00:39.540+0000 INFO  [o.n.k.i.DiagnosticsManager] CLASSPATH
2015-12-10 04:00:39.540+0000 INFO  [o.n.k.i.DiagnosticsManager] LIBRARY_PATH
2015-12-10 04:00:39.540+0000 INFO  [o.n.k.i.DiagnosticsManager] SYSTEM_PROPERTIES
2015-12-10 04:00:39.540+0000 INFO  [o.n.k.i.DiagnosticsManager] NETWORK
2015-12-10 04:00:39.540+0000 INFO  [o.n.k.i.DiagnosticsManager] System memory information:
2015-12-10 04:00:39.540+0000 INFO  [o.n.k.i.DiagnosticsManager] Total Physical memory: 3.93 GB
2015-12-10 04:00:39.540+0000 INFO  [o.n.k.i.DiagnosticsManager] Free Physical memory: 1.89 GB
2015-12-10 04:00:39.541+0000 INFO  [o.n.k.i.DiagnosticsManager] Committed virtual memory: 374.47 MB
2015-12-10 04:00:39.541+0000 INFO  [o.n.k.i.DiagnosticsManager] Total swap space: 5.66 GB
2015-12-10 04:00:39.541+0000 INFO  [o.n.k.i.DiagnosticsManager] Free swap space: 2.33 GB
2015-12-10 04:00:39.541+0000 INFO  [o.n.k.i.DiagnosticsManager] JVM memory information:
2015-12-10 04:00:39.541+0000 INFO  [o.n.k.i.DiagnosticsManager] Free  memory: 39.34 MB
2015-12-10 04:00:39.541+0000 INFO  [o.n.k.i.DiagnosticsManager] Total memory: 101.50 MB
2015-12-10 04:00:39.541+0000 INFO  [o.n.k.i.DiagnosticsManager] Max   memory: 894.50 MB
2015-12-10 04:00:39.541+0000 INFO  [o.n.k.i.DiagnosticsManager] Garbage Collector: PS Scavenge: [PS Eden Space, PS Survivor Space]
2015-12-10 04:00:39.541+0000 INFO  [o.n.k.i.DiagnosticsManager] Garbage Collector: PS MarkSweep: [PS Eden Space, PS Survivor Space, PS Old Gen, PS Perm Gen]
2015-12-10 04:00:39.541+0000 INFO  [o.n.k.i.DiagnosticsManager] Memory Pool: Code Cache (Non-heap memory): committed=12.69 MB, used=12.47 MB, max=48.00 MB, threshold=0.00 B
2015-12-10 04:00:39.541+0000 INFO  [o.n.k.i.DiagnosticsManager] Memory Pool: PS Eden Space (Heap memory): committed=15.50 MB, used=1.47 MB, max=329.00 MB, threshold=?
2015-12-10 04:00:39.541+0000 INFO  [o.n.k.i.DiagnosticsManager] Memory Pool: PS Survivor Space (Heap memory): committed=1.00 MB, used=0.00 B, max=1.00 MB, threshold=?
2015-12-10 04:00:39.541+0000 INFO  [o.n.k.i.DiagnosticsManager] Memory Pool: PS Old Gen (Heap memory): committed=85.00 MB, used=60.68 MB, max=670.50 MB, threshold=0.00 B
2015-12-10 04:00:39.541+0000 INFO  [o.n.k.i.DiagnosticsManager] Memory Pool: PS Perm Gen (Non-heap memory): committed=64.50 MB, used=64.14 MB, max=82.00 MB, threshold=0.00 B
2015-12-10 04:00:39.541+0000 INFO  [o.n.k.i.DiagnosticsManager] Operating system information:
2015-12-10 04:00:39.541+0000 INFO  [o.n.k.i.DiagnosticsManager] Operating System: Windows 8.1; version: 6.3; arch: amd64; cpus: 8
2015-12-10 04:00:39.543+0000 INFO  [o.n.k.i.DiagnosticsManager] Process id: 3784@ATAN-B03-02
2015-12-10 04:00:39.543+0000 INFO  [o.n.k.i.DiagnosticsManager] Byte order: LITTLE_ENDIAN
2015-12-10 04:00:39.543+0000 INFO  [o.n.k.i.DiagnosticsManager] Local timezone: America/Chicago
2015-12-10 04:00:39.543+0000 INFO  [o.n.k.i.DiagnosticsManager] JVM information:
2015-12-10 04:00:39.543+0000 INFO  [o.n.k.i.DiagnosticsManager] VM Name: Java HotSpot(TM) 64-Bit Server VM
2015-12-10 04:00:39.543+0000 INFO  [o.n.k.i.DiagnosticsManager] VM Vendor: Oracle Corporation
2015-12-10 04:00:39.543+0000 INFO  [o.n.k.i.DiagnosticsManager] VM Version: 24.80-b11
2015-12-10 04:00:39.543+0000 INFO  [o.n.k.i.DiagnosticsManager] JIT compiler: HotSpot 64-Bit Tiered Compilers
2015-12-10 04:00:39.543+0000 INFO  [o.n.k.i.DiagnosticsManager] VM Arguments: [-Dexe4j.semaphoreName=Local\c:_program_files_neo4j_ce_2.3.1_bin_neo4j-ce.exe, -Dexe4j.isInstall4j=true, -Dexe4j.moduleName=C:\Program Files\Neo4j CE 2.3.1\bin\neo4j-ce.exe, -Dexe4j.tempDir=, -Dexe4j.unextractedPosition=0, -Djava.library.path=C:\Program Files (x86)\AMD APP\bin\x86_64;C:\Program Files (x86)\AMD APP\bin\x86;C:\ProgramData\Oracle\Java\javapath;C:\Windows\system32;C:\Windows;C:\Windows\System32\Wbem;C:\Windows\System32\WindowsPowerShell\v1.0\;C:\Program Files (x86)\MiKTeX 2.9\miktex\bin\;C:\Program Files\TortoiseSVN\bin;C:\Windows\system32\config\systemprofile\.dnx\bin;C:\Program Files\Microsoft DNX\Dnvm\;C:\Program Files\MATLAB\R2015b\runtime\win64;C:\Program Files\MATLAB\R2015b\bin;C:\Program Files (x86)\ATI Technologies\ATI.ACE\Core-Static;c:\program files\neo4j ce 2.3.1\jre\bin, -Dexe4j.consoleCodepage=cp0, -Dinstall4j.launcherId=24, -Dinstall4j.swt=false]
2015-12-10 04:00:39.543+0000 INFO  [o.n.k.i.DiagnosticsManager] Java classpath:
2015-12-10 04:00:39.544+0000 INFO  [o.n.k.i.DiagnosticsManager]  [loader.1] file:/C:/Program%20Files/Neo4j%20CE%202.3.1/jre/lib/ext/dnsns.jar
2015-12-10 04:00:39.544+0000 INFO  [o.n.k.i.DiagnosticsManager]  [loader.0] file:/C:/Program%20Files/Neo4j%20CE%202.3.1/bin/
2015-12-10 04:00:39.544+0000 INFO  [o.n.k.i.DiagnosticsManager]  [bootstrap] C:\Program Files\Neo4j CE 2.3.1\jre\lib\resources.jar
2015-12-10 04:00:39.544+0000 INFO  [o.n.k.i.DiagnosticsManager]  [bootstrap] C:\Program Files\Neo4j CE 2.3.1\jre\lib\jfr.jar
2015-12-10 04:00:39.544+0000 INFO  [o.n.k.i.DiagnosticsManager]  [classpath] C:\Program Files\Neo4j CE 2.3.1\.install4j\i4jruntime.jar
2015-12-10 04:00:39.544+0000 INFO  [o.n.k.i.DiagnosticsManager]  [loader.1] file:/C:/Program%20Files/Neo4j%20CE%202.3.1/jre/lib/ext/sunmscapi.jar
2015-12-10 04:00:39.544+0000 INFO  [o.n.k.i.DiagnosticsManager]  [bootstrap] C:\Program Files\Neo4j CE 2.3.1\jre\lib\jsse.jar
2015-12-10 04:00:39.544+0000 INFO  [o.n.k.i.DiagnosticsManager]  [loader.1] file:/C:/Program%20Files/Neo4j%20CE%202.3.1/jre/lib/ext/dns_sd.jar
2015-12-10 04:00:39.544+0000 INFO  [o.n.k.i.DiagnosticsManager]  [loader.0] file:/C:/Program%20Files/Neo4j%20CE%202.3.1/.install4j/i4jruntime.jar
2015-12-10 04:00:39.544+0000 INFO  [o.n.k.i.DiagnosticsManager]  [loader.0] file:/C:/Program%20Files/Neo4j%20CE%202.3.1/bin/neo4j-desktop-2.3.1.jar
2015-12-10 04:00:39.544+0000 INFO  [o.n.k.i.DiagnosticsManager]  [loader.1] file:/C:/Program%20Files/Neo4j%20CE%202.3.1/jre/lib/ext/access-bridge-64.jar
2015-12-10 04:00:39.544+0000 INFO  [o.n.k.i.DiagnosticsManager]  [loader.1] file:/C:/Program%20Files/Neo4j%20CE%202.3.1/jre/lib/ext/localedata.jar
2015-12-10 04:00:39.544+0000 INFO  [o.n.k.i.DiagnosticsManager]  [bootstrap] C:\Program Files\Neo4j CE 2.3.1\jre\lib\sunrsasign.jar
2015-12-10 04:00:39.544+0000 INFO  [o.n.k.i.DiagnosticsManager]  [bootstrap] C:\Program Files\Neo4j CE 2.3.1\jre\lib\jce.jar
2015-12-10 04:00:39.544+0000 INFO  [o.n.k.i.DiagnosticsManager]  [bootstrap] C:\Program Files\Neo4j CE 2.3.1\jre\lib\rt.jar
2015-12-10 04:00:39.544+0000 INFO  [o.n.k.i.DiagnosticsManager]  [bootstrap] C:\Program Files\Neo4j CE 2.3.1\jre\lib\charsets.jar
2015-12-10 04:00:39.544+0000 INFO  [o.n.k.i.DiagnosticsManager]  [loader.1] file:/C:/Program%20Files/Neo4j%20CE%202.3.1/jre/lib/ext/sunjce_provider.jar
2015-12-10 04:00:39.544+0000 INFO  [o.n.k.i.DiagnosticsManager]  [bootstrap] C:\Program Files\Neo4j CE 2.3.1\jre\classes
2015-12-10 04:00:39.544+0000 INFO  [o.n.k.i.DiagnosticsManager]  [loader.1] file:/C:/Program%20Files/Neo4j%20CE%202.3.1/jre/lib/ext/zipfs.jar
2015-12-10 04:00:39.544+0000 INFO  [o.n.k.i.DiagnosticsManager]  [loader.1] file:/C:/Program%20Files/Neo4j%20CE%202.3.1/jre/lib/ext/jaccess.jar
2015-12-10 04:00:39.544+0000 INFO  [o.n.k.i.DiagnosticsManager]  [loader.1] file:/C:/Program%20Files/Neo4j%20CE%202.3.1/jre/lib/ext/sunec.jar
2015-12-10 04:00:39.544+0000 INFO  [o.n.k.i.DiagnosticsManager]  [classpath] C:\Program Files\Neo4j CE 2.3.1\bin\neo4j-desktop-2.3.1.jar
2015-12-10 04:00:39.544+0000 INFO  [o.n.k.i.DiagnosticsManager] Library path:
2015-12-10 04:00:39.545+0000 INFO  [o.n.k.i.DiagnosticsManager] C:\Program Files (x86)\AMD APP\bin\x86_64
2015-12-10 04:00:39.545+0000 INFO  [o.n.k.i.DiagnosticsManager] C:\Program Files (x86)\AMD APP\bin\x86
2015-12-10 04:00:39.545+0000 INFO  [o.n.k.i.DiagnosticsManager] C:\ProgramData\Oracle\Java\javapath
2015-12-10 04:00:39.545+0000 INFO  [o.n.k.i.DiagnosticsManager] C:\Windows\System32
2015-12-10 04:00:39.545+0000 INFO  [o.n.k.i.DiagnosticsManager] C:\Windows
2015-12-10 04:00:39.545+0000 INFO  [o.n.k.i.DiagnosticsManager] C:\Windows\System32\wbem
2015-12-10 04:00:39.546+0000 INFO  [o.n.k.i.DiagnosticsManager] C:\Windows\System32\WindowsPowerShell\v1.0
2015-12-10 04:00:39.546+0000 INFO  [o.n.k.i.DiagnosticsManager] C:\Program Files (x86)\MiKTeX 2.9\miktex\bin
2015-12-10 04:00:39.546+0000 INFO  [o.n.k.i.DiagnosticsManager] C:\Program Files\TortoiseSVN\bin
2015-12-10 04:00:39.546+0000 INFO  [o.n.k.i.DiagnosticsManager] C:\Windows\System32\config\systemprofile\.dnx\bin
2015-12-10 04:00:39.546+0000 INFO  [o.n.k.i.DiagnosticsManager] C:\Program Files\Microsoft DNX\Dnvm
2015-12-10 04:00:39.547+0000 INFO  [o.n.k.i.DiagnosticsManager] C:\Program Files\MATLAB\R2015b\runtime\win64
2015-12-10 04:00:39.547+0000 INFO  [o.n.k.i.DiagnosticsManager] C:\Program Files\MATLAB\R2015b\bin
2015-12-10 04:00:39.547+0000 INFO  [o.n.k.i.DiagnosticsManager] C:\Program Files (x86)\ATI Technologies\ATI.ACE\Core-Static
2015-12-10 04:00:39.547+0000 INFO  [o.n.k.i.DiagnosticsManager] C:\Program Files\Neo4j CE 2.3.1\jre\bin
2015-12-10 04:00:39.547+0000 INFO  [o.n.k.i.DiagnosticsManager] System.properties:
2015-12-10 04:00:39.547+0000 INFO  [o.n.k.i.DiagnosticsManager] exe4j.moduleName = C:\Program Files\Neo4j CE 2.3.1\bin\neo4j-ce.exe
2015-12-10 04:00:39.547+0000 INFO  [o.n.k.i.DiagnosticsManager] exe4j.semaphoreName = Local\c:_program_files_neo4j_ce_2.3.1_bin_neo4j-ce.exe
2015-12-10 04:00:39.547+0000 INFO  [o.n.k.i.DiagnosticsManager] sun.boot.library.path = c:\program files\neo4j ce 2.3.1\jre\bin
2015-12-10 04:00:39.547+0000 INFO  [o.n.k.i.DiagnosticsManager] exe4j.consoleCodepage = cp0
2015-12-10 04:00:39.547+0000 INFO  [o.n.k.i.DiagnosticsManager] path.separator = ;
2015-12-10 04:00:39.547+0000 INFO  [o.n.k.i.DiagnosticsManager] file.encoding.pkg = sun.io
2015-12-10 04:00:39.547+0000 INFO  [o.n.k.i.DiagnosticsManager] user.country = US
2015-12-10 04:00:39.547+0000 INFO  [o.n.k.i.DiagnosticsManager] user.script = 
2015-12-10 04:00:39.547+0000 INFO  [o.n.k.i.DiagnosticsManager] sun.os.patch.level = 
2015-12-10 04:00:39.547+0000 INFO  [o.n.k.i.DiagnosticsManager] install4j.exeDir = C:\Program Files\Neo4j CE 2.3.1\bin\
2015-12-10 04:00:39.547+0000 INFO  [o.n.k.i.DiagnosticsManager] user.dir = C:\Program Files\Neo4j CE 2.3.1\bin
2015-12-10 04:00:39.547+0000 INFO  [o.n.k.i.DiagnosticsManager] neo4j.ext.udc.source = desktop
2015-12-10 04:00:39.547+0000 INFO  [o.n.k.i.DiagnosticsManager] user.variant = 
2015-12-10 04:00:39.547+0000 INFO  [o.n.k.i.DiagnosticsManager] exe4j.tempDir = 
2015-12-10 04:00:39.547+0000 INFO  [o.n.k.i.DiagnosticsManager] sun.jnu.encoding = Cp1252
2015-12-10 04:00:39.547+0000 INFO  [o.n.k.i.DiagnosticsManager] sun.awt.enableExtraMouseButtons = true
2015-12-10 04:00:39.547+0000 INFO  [o.n.k.i.DiagnosticsManager] install4j.launcherId = 24
2015-12-10 04:00:39.547+0000 INFO  [o.n.k.i.DiagnosticsManager] sun.management.compiler = HotSpot 64-Bit Tiered Compilers
2015-12-10 04:00:39.547+0000 INFO  [o.n.k.i.DiagnosticsManager] exe4j.isInstall4j = true
2015-12-10 04:00:39.547+0000 INFO  [o.n.k.i.DiagnosticsManager] install4j.swt = false
2015-12-10 04:00:39.547+0000 INFO  [o.n.k.i.DiagnosticsManager] user.home = C:\Users\cez
2015-12-10 04:00:39.548+0000 INFO  [o.n.k.i.DiagnosticsManager] user.timezone = America/Chicago
2015-12-10 04:00:39.548+0000 INFO  [o.n.k.i.DiagnosticsManager] file.encoding = Cp1252
2015-12-10 04:00:39.548+0000 INFO  [o.n.k.i.DiagnosticsManager] user.name = cez
2015-12-10 04:00:39.548+0000 INFO  [o.n.k.i.DiagnosticsManager] sun.java.command = C:\Program Files\Neo4j CE 2.3.1\bin\neo4j-ce.exe
2015-12-10 04:00:39.548+0000 INFO  [o.n.k.i.DiagnosticsManager] sun.arch.data.model = 64
2015-12-10 04:00:39.548+0000 INFO  [o.n.k.i.DiagnosticsManager] exe4j.launchName = C:\Program Files\Neo4j CE 2.3.1\bin\neo4j-ce.exe
2015-12-10 04:00:39.548+0000 INFO  [o.n.k.i.DiagnosticsManager] user.language = en
2015-12-10 04:00:39.548+0000 INFO  [o.n.k.i.DiagnosticsManager] awt.toolkit = sun.awt.windows.WToolkit
2015-12-10 04:00:39.548+0000 INFO  [o.n.k.i.DiagnosticsManager] exe4j.unextractedPosition = 0
2015-12-10 04:00:39.548+0000 INFO  [o.n.k.i.DiagnosticsManager] install4j.appDir = C:\Program Files\Neo4j CE 2.3.1\
2015-12-10 04:00:39.548+0000 INFO  [o.n.k.i.DiagnosticsManager] file.separator = \
2015-12-10 04:00:39.548+0000 INFO  [o.n.k.i.DiagnosticsManager] sun.io.unicode.encoding = UnicodeLittle
2015-12-10 04:00:39.548+0000 INFO  [o.n.k.i.DiagnosticsManager] sun.cpu.endian = little
2015-12-10 04:00:39.548+0000 INFO  [o.n.k.i.DiagnosticsManager] sun.desktop = windows
2015-12-10 04:00:39.548+0000 INFO  [o.n.k.i.DiagnosticsManager] sun.cpu.isalist = amd64
2015-12-10 04:00:39.548+0000 INFO  [o.n.k.i.DiagnosticsManager] Network information:
2015-12-10 04:00:39.562+0000 INFO  [o.n.k.i.DiagnosticsManager] Interface Software Loopback Interface 1:
2015-12-10 04:00:39.562+0000 INFO  [o.n.k.i.DiagnosticsManager]     address: 127.0.0.1
2015-12-10 04:00:39.562+0000 INFO  [o.n.k.i.DiagnosticsManager]     address: 0:0:0:0:0:0:0:1
2015-12-10 04:00:39.562+0000 INFO  [o.n.k.i.DiagnosticsManager] Interface Microsoft Kernel Debug Network Adapter:
2015-12-10 04:00:39.562+0000 INFO  [o.n.k.i.DiagnosticsManager] Interface Intel(R) 82578DM Gigabit Network Connection:
2015-12-10 04:00:39.562+0000 INFO  [o.n.k.i.DiagnosticsManager]     address: 10.24.47.166
2015-12-10 04:00:39.562+0000 INFO  [o.n.k.i.DiagnosticsManager]     address: 2610:130:101:d00:4493:c16:efa9:8b55
2015-12-10 04:00:39.562+0000 INFO  [o.n.k.i.DiagnosticsManager]     address: 2610:130:101:d00:a502:b02c:1a2d:577b
2015-12-10 04:00:39.562+0000 INFO  [o.n.k.i.DiagnosticsManager]     address: fe80:0:0:0:4493:c16:efa9:8b55%3
2015-12-10 04:00:39.562+0000 INFO  [o.n.k.i.DiagnosticsManager] Interface Microsoft ISATAP Adapter:
2015-12-10 04:00:39.562+0000 INFO  [o.n.k.i.DiagnosticsManager]     address: fe80:0:0:0:0:5efe:c0a8:3801%4
2015-12-10 04:00:39.562+0000 INFO  [o.n.k.i.DiagnosticsManager] Interface Teredo Tunneling Pseudo-Interface:
2015-12-10 04:00:39.562+0000 INFO  [o.n.k.i.DiagnosticsManager] Interface Microsoft ISATAP Adapter #2:
2015-12-10 04:00:39.562+0000 INFO  [o.n.k.i.DiagnosticsManager]     address: fe80:0:0:0:0:5efe:a18:2fa6%6
2015-12-10 04:00:39.562+0000 INFO  [o.n.k.i.DiagnosticsManager] Interface VirtualBox Host-Only Ethernet Adapter:
2015-12-10 04:00:39.562+0000 INFO  [o.n.k.i.DiagnosticsManager]     address: 192.168.56.1
2015-12-10 04:00:39.562+0000 INFO  [o.n.k.i.DiagnosticsManager]     address: fe80:0:0:0:4133:2d33:29c2:6efa%7
2015-12-10 04:00:39.562+0000 INFO  [o.n.k.i.DiagnosticsManager] Interface Microsoft ISATAP Adapter #3:
2015-12-10 04:00:39.562+0000 INFO  [o.n.k.i.DiagnosticsManager] Interface VirtualBox Host-Only Ethernet Adapter-WFP Native MAC Layer LightWeight Filter-0000:
2015-12-10 04:00:39.562+0000 INFO  [o.n.k.i.DiagnosticsManager] Interface VirtualBox Host-Only Ethernet Adapter-VirtualBox NDIS Light-Weight Filter-0000:
2015-12-10 04:00:39.562+0000 INFO  [o.n.k.i.DiagnosticsManager] Interface VirtualBox Host-Only Ethernet Adapter-QoS Packet Scheduler-0000:
2015-12-10 04:00:39.562+0000 INFO  [o.n.k.i.DiagnosticsManager] Interface VirtualBox Host-Only Ethernet Adapter-WFP 802.3 MAC Layer LightWeight Filter-0000:
2015-12-10 04:00:39.563+0000 INFO  [o.n.k.i.DiagnosticsManager] Interface Intel(R) 82578DM Gigabit Network Connection-WFP Native MAC Layer LightWeight Filter-0000:
2015-12-10 04:00:39.563+0000 INFO  [o.n.k.i.DiagnosticsManager] Interface Intel(R) 82578DM Gigabit Network Connection-VirtualBox NDIS Light-Weight Filter-0000:
2015-12-10 04:00:39.563+0000 INFO  [o.n.k.i.DiagnosticsManager] Interface Intel(R) 82578DM Gigabit Network Connection-QoS Packet Scheduler-0000:
2015-12-10 04:00:39.563+0000 INFO  [o.n.k.i.DiagnosticsManager] Interface Intel(R) 82578DM Gigabit Network Connection-WFP 802.3 MAC Layer LightWeight Filter-0000:
2015-12-10 04:00:39.563+0000 INFO  [o.n.k.i.DiagnosticsManager] --- INITIALIZED diagnostics END ---
2015-12-10 04:00:42.196+0000 INFO  [o.n.k.a.i.i.LuceneLabelScanStore] No lucene scan store index found, this might just be first use. Preparing to rebuild.
2015-12-10 04:00:42.201+0000 INFO  [o.n.k.NeoStoreDataSource] Opened logical log [C:\561\3000\3000D5\neostore.transaction.db.0] version=0, lastTxId=1 (clean)
2015-12-10 04:00:42.204+0000 WARN  [o.n.k.i.s.MetaDataStore] Missing counts store, rebuilding it.
2015-12-10 04:00:42.262+0000 INFO  [o.n.k.a.i.i.LuceneLabelScanStore] Rebuilding lucene scan store, this may take a while
2015-12-10 04:00:42.266+0000 INFO  [o.n.k.a.i.i.LuceneLabelScanStore] Lucene scan store rebuilt (roughly -1 nodes)
2015-12-10 04:00:42.269+0000 INFO  [o.n.k.KernelHealth] Kernel health set to OK
2015-12-10 04:00:42.278+0000 INFO  [o.n.k.AvailabilityGuard] Fulfilling of requirement makes database available: Database available
2015-12-10 04:00:42.280+0000 INFO  [o.n.k.i.f.CommunityFacadeFactory] Database is now ready
2015-12-10 04:00:42.283+0000 INFO  [o.n.k.i.DiagnosticsManager] --- STARTED diagnostics for KernelDiagnostics:Versions START ---
2015-12-10 04:00:42.286+0000 INFO  [o.n.k.i.DiagnosticsManager] Graph Database: Community StoreId{creationTime=1449720042061, randomId=6320687560847445247, storeVersion=15250506225055238, upgradeTime=1449720042061, upgradeId=1}
2015-12-10 04:00:42.288+0000 INFO  [o.n.k.i.DiagnosticsManager] Kernel version: 2.3.1
2015-12-10 04:00:42.291+0000 INFO  [o.n.k.i.DiagnosticsManager] --- STARTED diagnostics for KernelDiagnostics:Versions END ---
2015-12-10 04:00:42.293+0000 INFO  [o.n.k.i.DiagnosticsManager] --- STARTED diagnostics for NEO_STORE_VERSIONS START ---
2015-12-10 04:00:42.296+0000 INFO  [o.n.k.i.DiagnosticsManager] Store versions:
2015-12-10 04:00:42.298+0000 INFO  [o.n.k.i.DiagnosticsManager] Store versions:
2015-12-10 04:00:42.302+0000 INFO  [o.n.k.i.DiagnosticsManager] ArrayPropertyStore v0.A.6
2015-12-10 04:00:42.304+0000 INFO  [o.n.k.i.DiagnosticsManager] NodeStore v0.A.6
2015-12-10 04:00:42.307+0000 INFO  [o.n.k.i.DiagnosticsManager] StringPropertyStore v0.A.6
2015-12-10 04:00:42.309+0000 INFO  [o.n.k.i.DiagnosticsManager] PropertyIndexStore v0.A.6
2015-12-10 04:00:42.311+0000 INFO  [o.n.k.i.DiagnosticsManager] StringPropertyStore v0.A.6
2015-12-10 04:00:42.314+0000 INFO  [o.n.k.i.DiagnosticsManager] ArrayPropertyStore v0.A.6
2015-12-10 04:00:42.316+0000 INFO  [o.n.k.i.DiagnosticsManager] PropertyStore v0.A.6
2015-12-10 04:00:42.319+0000 INFO  [o.n.k.i.DiagnosticsManager] RelationshipStore v0.A.6
2015-12-10 04:00:42.321+0000 INFO  [o.n.k.i.DiagnosticsManager] StringPropertyStore v0.A.6
2015-12-10 04:00:42.324+0000 INFO  [o.n.k.i.DiagnosticsManager] RelationshipTypeStore v0.A.6
2015-12-10 04:00:42.326+0000 INFO  [o.n.k.i.DiagnosticsManager] StringPropertyStore v0.A.6
2015-12-10 04:00:42.328+0000 INFO  [o.n.k.i.DiagnosticsManager] LabelTokenStore v0.A.6
2015-12-10 04:00:42.330+0000 INFO  [o.n.k.i.DiagnosticsManager] SchemaStore v0.A.6
2015-12-10 04:00:42.333+0000 INFO  [o.n.k.i.DiagnosticsManager] RelationshipGroupStore v0.A.6
2015-12-10 04:00:42.335+0000 INFO  [o.n.k.i.DiagnosticsManager] NeoStore v0.A.6
2015-12-10 04:00:42.337+0000 INFO  [o.n.k.i.DiagnosticsManager] --- STARTED diagnostics for NEO_STORE_VERSIONS END ---
2015-12-10 04:00:42.340+0000 INFO  [o.n.k.i.DiagnosticsManager] --- STARTED diagnostics for NEO_STORE_ID_USAGE START ---
2015-12-10 04:00:42.342+0000 INFO  [o.n.k.i.DiagnosticsManager] Id usage:
2015-12-10 04:00:42.344+0000 INFO  [o.n.k.i.DiagnosticsManager] Id usage:
2015-12-10 04:00:42.347+0000 INFO  [o.n.k.i.DiagnosticsManager]   ArrayPropertyStore v0.A.6: used=1 high=0
2015-12-10 04:00:42.349+0000 INFO  [o.n.k.i.DiagnosticsManager]   NodeStore v0.A.6: used=0 high=-1
2015-12-10 04:00:42.351+0000 INFO  [o.n.k.i.DiagnosticsManager]   StringPropertyStore v0.A.6: used=1 high=0
2015-12-10 04:00:42.354+0000 INFO  [o.n.k.i.DiagnosticsManager]   PropertyIndexStore v0.A.6: used=0 high=-1
2015-12-10 04:00:42.356+0000 INFO  [o.n.k.i.DiagnosticsManager]   StringPropertyStore v0.A.6: used=1 high=0
2015-12-10 04:00:42.358+0000 INFO  [o.n.k.i.DiagnosticsManager]   ArrayPropertyStore v0.A.6: used=1 high=0
2015-12-10 04:00:42.361+0000 INFO  [o.n.k.i.DiagnosticsManager]   PropertyStore v0.A.6: used=0 high=-1
2015-12-10 04:00:42.363+0000 INFO  [o.n.k.i.DiagnosticsManager]   RelationshipStore v0.A.6: used=0 high=-1
2015-12-10 04:00:42.366+0000 INFO  [o.n.k.i.DiagnosticsManager]   StringPropertyStore v0.A.6: used=1 high=0
2015-12-10 04:00:42.368+0000 INFO  [o.n.k.i.DiagnosticsManager]   RelationshipTypeStore v0.A.6: used=0 high=-1
2015-12-10 04:00:42.371+0000 INFO  [o.n.k.i.DiagnosticsManager]   StringPropertyStore v0.A.6: used=1 high=0
2015-12-10 04:00:42.373+0000 INFO  [o.n.k.i.DiagnosticsManager]   LabelTokenStore v0.A.6: used=0 high=-1
2015-12-10 04:00:42.376+0000 INFO  [o.n.k.i.DiagnosticsManager]   SchemaStore v0.A.6: used=1 high=0
2015-12-10 04:00:42.378+0000 INFO  [o.n.k.i.DiagnosticsManager]   RelationshipGroupStore v0.A.6: used=1 high=0
2015-12-10 04:00:42.380+0000 INFO  [o.n.k.i.DiagnosticsManager]   NeoStore v0.A.6: used=13 high=12
2015-12-10 04:00:42.383+0000 INFO  [o.n.k.i.DiagnosticsManager] --- STARTED diagnostics for NEO_STORE_ID_USAGE END ---
2015-12-10 04:00:42.385+0000 INFO  [o.n.k.i.DiagnosticsManager] --- STARTED diagnostics for NEO_STORE_RECORDS START ---
2015-12-10 04:00:42.387+0000 INFO  [o.n.k.i.DiagnosticsManager] Neostore records:
2015-12-10 04:00:42.390+0000 INFO  [o.n.k.i.DiagnosticsManager] TIME (Creation time): 1449720042061
2015-12-10 04:00:42.392+0000 INFO  [o.n.k.i.DiagnosticsManager] RANDOM_NUMBER (Random number for store id): 6320687560847445247
2015-12-10 04:00:42.394+0000 INFO  [o.n.k.i.DiagnosticsManager] LOG_VERSION (Current log version): 0
2015-12-10 04:00:42.397+0000 INFO  [o.n.k.i.DiagnosticsManager] LAST_TRANSACTION_ID (Last committed transaction): 1
2015-12-10 04:00:42.399+0000 INFO  [o.n.k.i.DiagnosticsManager] STORE_VERSION (Store format version): 15250506225055238
2015-12-10 04:00:42.401+0000 INFO  [o.n.k.i.DiagnosticsManager] FIRST_GRAPH_PROPERTY (First property record containing graph properties): -1
2015-12-10 04:00:42.404+0000 INFO  [o.n.k.i.DiagnosticsManager] LAST_CONSTRAINT_TRANSACTION (Last committed transaction containing constraint changes): 0
2015-12-10 04:00:42.406+0000 INFO  [o.n.k.i.DiagnosticsManager] UPGRADE_TRANSACTION_ID (Transaction id most recent upgrade was performed at): 1
2015-12-10 04:00:42.408+0000 INFO  [o.n.k.i.DiagnosticsManager] UPGRADE_TIME (Time of last upgrade): 1449720042061
2015-12-10 04:00:42.411+0000 INFO  [o.n.k.i.DiagnosticsManager] LAST_TRANSACTION_CHECKSUM (Checksum of last committed transaction): 0
2015-12-10 04:00:42.413+0000 INFO  [o.n.k.i.DiagnosticsManager] UPGRADE_TRANSACTION_CHECKSUM (Checksum of transaction id the most recent upgrade was performed at): 0
2015-12-10 04:00:42.415+0000 INFO  [o.n.k.i.DiagnosticsManager] LAST_CLOSED_TRANSACTION_LOG_VERSION (Log version where the last transaction commit entry has been written into): 0
2015-12-10 04:00:42.418+0000 INFO  [o.n.k.i.DiagnosticsManager] LAST_CLOSED_TRANSACTION_LOG_BYTE_OFFSET (Byte offset in the log file where the last transaction commit entry has been written into): 16
2015-12-10 04:00:42.420+0000 INFO  [o.n.k.i.DiagnosticsManager] --- STARTED diagnostics for NEO_STORE_RECORDS END ---
2015-12-10 04:00:42.422+0000 INFO  [o.n.k.i.DiagnosticsManager] --- STARTED diagnostics for TRANSACTION_RANGE START ---
2015-12-10 04:00:42.425+0000 INFO  [o.n.k.i.DiagnosticsManager] Transaction log:
2015-12-10 04:00:42.428+0000 INFO  [o.n.k.i.DiagnosticsManager] No transactions found in any log
2015-12-10 04:00:42.430+0000 INFO  [o.n.k.i.DiagnosticsManager] --- STARTED diagnostics for TRANSACTION_RANGE END ---
2015-12-10 04:00:42.433+0000 INFO  [o.n.k.i.DiagnosticsManager] --- STARTED diagnostics for KernelDiagnostics:StoreFiles START ---
2015-12-10 04:00:42.435+0000 INFO  [o.n.k.i.DiagnosticsManager] Disk space on partition (Total / Free / Free %): 499738734592 / 397742784512 / 79
Storage files: (filename : modification date - size)
2015-12-10 04:00:42.438+0000 INFO  [o.n.k.i.DiagnosticsManager]   dbms:
2015-12-10 04:00:42.441+0000 INFO  [o.n.k.i.DiagnosticsManager]     ssl:
2015-12-10 04:00:42.443+0000 INFO  [o.n.k.i.DiagnosticsManager]       snakeoil.cert: 2015-12-09T22:00:39-0600 - 630.00 B
2015-12-10 04:00:42.446+0000 INFO  [o.n.k.i.DiagnosticsManager]       snakeoil.key: 2015-12-09T22:00:39-0600 - 914.00 B
2015-12-10 04:00:42.448+0000 INFO  [o.n.k.i.DiagnosticsManager]     - Total: 2015-12-09T22:00:39-0600 - 1.51 kB
2015-12-10 04:00:42.451+0000 INFO  [o.n.k.i.DiagnosticsManager]   - Total: 2015-12-09T22:00:39-0600 - 1.51 kB
2015-12-10 04:00:42.453+0000 INFO  [o.n.k.i.DiagnosticsManager]   index:
2015-12-10 04:00:42.456+0000 INFO  [o.n.k.i.DiagnosticsManager]   - Total: 2015-12-09T22:00:42-0600 - 0.00 B
2015-12-10 04:00:42.458+0000 INFO  [o.n.k.i.DiagnosticsManager]   messages.log: 2015-12-09T22:00:40-0600 - 26.40 kB
2015-12-10 04:00:42.460+0000 INFO  [o.n.k.i.DiagnosticsManager]   neo4j.properties: 2015-12-09T22:00:39-0600 - 1.30 kB
2015-12-10 04:00:42.463+0000 INFO  [o.n.k.i.DiagnosticsManager]   neostore: 2015-12-09T22:00:42-0600 - 8.00 kB
2015-12-10 04:00:42.466+0000 INFO  [o.n.k.i.DiagnosticsManager]   neostore.counts.db.a: 2015-12-09T22:00:42-0600 - 96.00 B
2015-12-10 04:00:42.469+0000 INFO  [o.n.k.i.DiagnosticsManager]   neostore.id: 2015-12-09T22:00:42-0600 - 9.00 B
2015-12-10 04:00:42.471+0000 INFO  [o.n.k.i.DiagnosticsManager]   neostore.labeltokenstore.db: 2015-12-09T22:00:41-0600 - 0.00 B
2015-12-10 04:00:42.474+0000 INFO  [o.n.k.i.DiagnosticsManager]   neostore.labeltokenstore.db.id: 2015-12-09T22:00:41-0600 - 9.00 B
2015-12-10 04:00:42.476+0000 INFO  [o.n.k.i.DiagnosticsManager]   neostore.labeltokenstore.db.names: 2015-12-09T22:00:41-0600 - 8.00 kB
2015-12-10 04:00:42.479+0000 INFO  [o.n.k.i.DiagnosticsManager]   neostore.labeltokenstore.db.names.id: 2015-12-09T22:00:41-0600 - 9.00 B
2015-12-10 04:00:42.482+0000 INFO  [o.n.k.i.DiagnosticsManager]   neostore.nodestore.db: 2015-12-09T22:00:39-0600 - 0.00 B
2015-12-10 04:00:42.484+0000 INFO  [o.n.k.i.DiagnosticsManager]   neostore.nodestore.db.id: 2015-12-09T22:00:39-0600 - 9.00 B
2015-12-10 04:00:42.487+0000 INFO  [o.n.k.i.DiagnosticsManager]   neostore.nodestore.db.labels: 2015-12-09T22:00:39-0600 - 8.00 kB
2015-12-10 04:00:42.489+0000 INFO  [o.n.k.i.DiagnosticsManager]   neostore.nodestore.db.labels.id: 2015-12-09T22:00:39-0600 - 9.00 B
2015-12-10 04:00:42.491+0000 INFO  [o.n.k.i.DiagnosticsManager]   neostore.propertystore.db: 2015-12-09T22:00:40-0600 - 0.00 B
2015-12-10 04:00:42.494+0000 INFO  [o.n.k.i.DiagnosticsManager]   neostore.propertystore.db.arrays: 2015-12-09T22:00:40-0600 - 8.00 kB
2015-12-10 04:00:42.496+0000 INFO  [o.n.k.i.DiagnosticsManager]   neostore.propertystore.db.arrays.id: 2015-12-09T22:00:40-0600 - 9.00 B
2015-12-10 04:00:42.499+0000 INFO  [o.n.k.i.DiagnosticsManager]   neostore.propertystore.db.id: 2015-12-09T22:00:40-0600 - 9.00 B
2015-12-10 04:00:42.501+0000 INFO  [o.n.k.i.DiagnosticsManager]   neostore.propertystore.db.index: 2015-12-09T22:00:40-0600 - 0.00 B
2015-12-10 04:00:42.503+0000 INFO  [o.n.k.i.DiagnosticsManager]   neostore.propertystore.db.index.id: 2015-12-09T22:00:40-0600 - 9.00 B
2015-12-10 04:00:42.506+0000 INFO  [o.n.k.i.DiagnosticsManager]   neostore.propertystore.db.index.keys: 2015-12-09T22:00:40-0600 - 8.00 kB
2015-12-10 04:00:42.508+0000 INFO  [o.n.k.i.DiagnosticsManager]   neostore.propertystore.db.index.keys.id: 2015-12-09T22:00:40-0600 - 9.00 B
2015-12-10 04:00:42.511+0000 INFO  [o.n.k.i.DiagnosticsManager]   neostore.propertystore.db.strings: 2015-12-09T22:00:40-0600 - 8.00 kB
2015-12-10 04:00:42.513+0000 INFO  [o.n.k.i.DiagnosticsManager]   neostore.propertystore.db.strings.id: 2015-12-09T22:00:40-0600 - 9.00 B
2015-12-10 04:00:42.515+0000 INFO  [o.n.k.i.DiagnosticsManager]   neostore.relationshipgroupstore.db: 2015-12-09T22:00:41-0600 - 8.00 kB
2015-12-10 04:00:42.518+0000 INFO  [o.n.k.i.DiagnosticsManager]   neostore.relationshipgroupstore.db.id: 2015-12-09T22:00:42-0600 - 9.00 B
2015-12-10 04:00:42.521+0000 INFO  [o.n.k.i.DiagnosticsManager]   neostore.relationshipstore.db: 2015-12-09T22:00:40-0600 - 0.00 B
2015-12-10 04:00:42.523+0000 INFO  [o.n.k.i.DiagnosticsManager]   neostore.relationshipstore.db.id: 2015-12-09T22:00:40-0600 - 9.00 B
2015-12-10 04:00:42.525+0000 INFO  [o.n.k.i.DiagnosticsManager]   neostore.relationshiptypestore.db: 2015-12-09T22:00:41-0600 - 0.00 B
2015-12-10 04:00:42.528+0000 INFO  [o.n.k.i.DiagnosticsManager]   neostore.relationshiptypestore.db.id: 2015-12-09T22:00:41-0600 - 9.00 B
2015-12-10 04:00:42.530+0000 INFO  [o.n.k.i.DiagnosticsManager]   neostore.relationshiptypestore.db.names: 2015-12-09T22:00:41-0600 - 8.00 kB
2015-12-10 04:00:42.533+0000 INFO  [o.n.k.i.DiagnosticsManager]   neostore.relationshiptypestore.db.names.id: 2015-12-09T22:00:41-0600 - 9.00 B
2015-12-10 04:00:42.535+0000 INFO  [o.n.k.i.DiagnosticsManager]   neostore.schemastore.db: 2015-12-09T22:00:41-0600 - 8.00 kB
2015-12-10 04:00:42.538+0000 INFO  [o.n.k.i.DiagnosticsManager]   neostore.schemastore.db.id: 2015-12-09T22:00:41-0600 - 9.00 B
2015-12-10 04:00:42.540+0000 INFO  [o.n.k.i.DiagnosticsManager]   neostore.transaction.db.0: 2015-12-09T22:00:42-0600 - 16.00 B
2015-12-10 04:00:42.543+0000 INFO  [o.n.k.i.DiagnosticsManager]   schema:
2015-12-10 04:00:42.545+0000 INFO  [o.n.k.i.DiagnosticsManager]     label:
2015-12-10 04:00:42.547+0000 INFO  [o.n.k.i.DiagnosticsManager]       lucene:
2015-12-10 04:00:42.550+0000 INFO  [o.n.k.i.DiagnosticsManager]         write.lock: 2015-12-09T22:00:42-0600 - 0.00 B
2015-12-10 04:00:42.552+0000 INFO  [o.n.k.i.DiagnosticsManager]       - Total: 2015-12-09T22:00:42-0600 - 0.00 B
2015-12-10 04:00:42.555+0000 INFO  [o.n.k.i.DiagnosticsManager]     - Total: 2015-12-09T22:00:42-0600 - 0.00 B
2015-12-10 04:00:42.557+0000 INFO  [o.n.k.i.DiagnosticsManager]   - Total: 2015-12-09T22:00:42-0600 - 0.00 B
2015-12-10 04:00:42.559+0000 INFO  [o.n.k.i.DiagnosticsManager]   store_lock: 2015-12-09T22:00:39-0600 - 0.00 B
2015-12-10 04:00:42.562+0000 INFO  [o.n.k.i.DiagnosticsManager] --- STARTED diagnostics for KernelDiagnostics:StoreFiles END ---
2015-12-10 04:00:42.573+0000 INFO  [o.n.k.i.DiagnosticsManager] --- SERVER STARTED START ---
2015-12-10 04:00:43.277+0000 INFO  [o.n.k.i.DiagnosticsManager] --- SERVER STARTED END ---
2015-12-10 04:05:42.305+0000 INFO  [o.n.k.i.t.l.c.CheckPointerImpl] Check Pointing triggered by scheduler for time threshold [5553]:  Starting check pointing...
2015-12-10 04:05:42.311+0000 INFO  [o.n.k.i.t.l.c.CheckPointerImpl] Check Pointing triggered by scheduler for time threshold [5553]:  Starting store flush...
2015-12-10 04:05:42.542+0000 INFO  [o.n.k.i.s.c.CountsTracker] About to rotate counts store at transaction 5556 to [C:\561\3000\3000D5\neostore.counts.db.b], from [C:\561\3000\3000D5\neostore.counts.db.a].
2015-12-10 04:05:42.546+0000 INFO  [o.n.k.i.s.c.CountsTracker] Successfully rotated counts store at transaction 5556 to [C:\561\3000\3000D5\neostore.counts.db.b], from [C:\561\3000\3000D5\neostore.counts.db.a].
2015-12-10 04:05:43.040+0000 INFO  [o.n.k.i.t.l.c.CheckPointerImpl] Check Pointing triggered by scheduler for time threshold [5553]:  Store flush completed
2015-12-10 04:05:43.044+0000 INFO  [o.n.k.i.t.l.c.CheckPointerImpl] Check Pointing triggered by scheduler for time threshold [5553]:  Starting appending check point entry into the tx log...
2015-12-10 04:05:43.100+0000 INFO  [o.n.k.i.t.l.c.CheckPointerImpl] Check Pointing triggered by scheduler for time threshold [5553]:  Appending check point entry into the tx log completed
2015-12-10 04:05:43.104+0000 INFO  [o.n.k.i.t.l.c.CheckPointerImpl] Check Pointing triggered by scheduler for time threshold [5553]:  Check pointing completed
2015-12-10 04:05:43.107+0000 INFO  [o.n.k.i.t.l.p.LogPruningImpl] Log Rotation [0]:  Starting log pruning.
2015-12-10 04:05:43.111+0000 INFO  [o.n.k.i.t.l.p.LogPruningImpl] Log Rotation [0]:  Log pruning complete.
2015-12-10 04:06:59.078+0000 INFO  [o.n.k.i.f.GraphDatabaseFacade] Shutdown started
2015-12-10 04:06:59.080+0000 INFO  [o.n.k.i.f.CommunityFacadeFactory] Database is now unavailable
2015-12-10 04:06:59.167+0000 INFO  [o.n.k.i.s.c.CountsTracker] About to rotate counts store at transaction 6311 to [C:\561\3000\3000D5\neostore.counts.db.a], from [C:\561\3000\3000D5\neostore.counts.db.b].
2015-12-10 04:06:59.174+0000 INFO  [o.n.k.i.s.c.CountsTracker] Successfully rotated counts store at transaction 6311 to [C:\561\3000\3000D5\neostore.counts.db.a], from [C:\561\3000\3000D5\neostore.counts.db.b].
2015-12-10 04:06:59.294+0000 INFO  [o.n.k.i.t.l.c.CheckPointerImpl] Check Pointing triggered by database shutdown [6311]:  Starting check pointing...
2015-12-10 04:06:59.299+0000 INFO  [o.n.k.i.t.l.c.CheckPointerImpl] Check Pointing triggered by database shutdown [6311]:  Starting store flush...
2015-12-10 04:06:59.319+0000 INFO  [o.n.k.i.t.l.c.CheckPointerImpl] Check Pointing triggered by database shutdown [6311]:  Store flush completed
2015-12-10 04:06:59.324+0000 INFO  [o.n.k.i.t.l.c.CheckPointerImpl] Check Pointing triggered by database shutdown [6311]:  Starting appending check point entry into the tx log...
2015-12-10 04:06:59.350+0000 INFO  [o.n.k.i.t.l.c.CheckPointerImpl] Check Pointing triggered by database shutdown [6311]:  Appending check point entry into the tx log completed
2015-12-10 04:06:59.356+0000 INFO  [o.n.k.i.t.l.c.CheckPointerImpl] Check Pointing triggered by database shutdown [6311]:  Check pointing completed
2015-12-10 04:06:59.362+0000 INFO  [o.n.k.i.t.l.p.LogPruningImpl] Log Rotation [0]:  Starting log pruning.
2015-12-10 04:06:59.368+0000 INFO  [o.n.k.i.t.l.p.LogPruningImpl] Log Rotation [0]:  Log pruning complete.
2015-12-10 04:07:01.124+0000 INFO  [o.n.k.NeoStoreDataSource] NeoStores closed
2015-12-10 04:07:01.130+0000 INFO  [o.n.k.i.DiagnosticsManager] --- STOPPING diagnostics START ---
2015-12-10 04:07:01.130+0000 INFO  [o.n.k.i.DiagnosticsManager] --- STOPPING diagnostics END ---
2015-12-11 02:40:58.384+0000 INFO  [o.n.k.i.f.CommunityFacadeFactory] No locking implementation specified, defaulting to 'community'
2015-12-11 02:40:58.431+0000 INFO  [o.n.k.AvailabilityGuard] Requirement makes database unavailable: Database available
2015-12-11 02:40:58.438+0000 INFO  [o.n.k.i.DiagnosticsManager] --- INITIALIZED diagnostics START ---
2015-12-11 02:40:58.438+0000 INFO  [o.n.k.i.DiagnosticsManager] Neo4j Kernel properties:
2015-12-11 02:40:58.438+0000 INFO  [o.n.k.i.DiagnosticsManager] org.neo4j.server.db.tuning.properties=C:\561\3000\3000D5\neo4j.properties
2015-12-11 02:40:58.438+0000 INFO  [o.n.k.i.DiagnosticsManager] org.neo4j.server.database.location=C:\561\3000\3000D5
2015-12-11 02:40:58.438+0000 INFO  [o.n.k.i.DiagnosticsManager] dbms.querylog.filename=data/log/queries.log
2015-12-11 02:40:58.438+0000 INFO  [o.n.k.i.DiagnosticsManager] dbms.security.auth_store.location=C:\561\3000\3000D5\.\dbms\auth
2015-12-11 02:40:58.438+0000 INFO  [o.n.k.i.DiagnosticsManager] dbms.security.tls_certificate_file=C:\561\3000\3000D5\.\dbms\ssl\snakeoil.cert
2015-12-11 02:40:58.438+0000 INFO  [o.n.k.i.DiagnosticsManager] remote_shell_enabled=true
2015-12-11 02:40:58.438+0000 INFO  [o.n.k.i.DiagnosticsManager] edition=Community
2015-12-11 02:40:58.438+0000 INFO  [o.n.k.i.DiagnosticsManager] dbms.security.tls_key_file=C:\561\3000\3000D5\.\dbms\ssl\snakeoil.key
2015-12-11 02:40:58.438+0000 INFO  [o.n.k.i.DiagnosticsManager] Diagnostics providers:
2015-12-11 02:40:58.438+0000 INFO  [o.n.k.i.DiagnosticsManager] org.neo4j.kernel.configuration.Config
2015-12-11 02:40:58.438+0000 INFO  [o.n.k.i.DiagnosticsManager] org.neo4j.kernel.info.DiagnosticsManager
2015-12-11 02:40:58.438+0000 INFO  [o.n.k.i.DiagnosticsManager] SYSTEM_MEMORY
2015-12-11 02:40:58.438+0000 INFO  [o.n.k.i.DiagnosticsManager] JAVA_MEMORY
2015-12-11 02:40:58.439+0000 INFO  [o.n.k.i.DiagnosticsManager] OPERATING_SYSTEM
2015-12-11 02:40:58.439+0000 INFO  [o.n.k.i.DiagnosticsManager] JAVA_VIRTUAL_MACHINE
2015-12-11 02:40:58.439+0000 INFO  [o.n.k.i.DiagnosticsManager] CLASSPATH
2015-12-11 02:40:58.439+0000 INFO  [o.n.k.i.DiagnosticsManager] LIBRARY_PATH
2015-12-11 02:40:58.439+0000 INFO  [o.n.k.i.DiagnosticsManager] SYSTEM_PROPERTIES
2015-12-11 02:40:58.439+0000 INFO  [o.n.k.i.DiagnosticsManager] NETWORK
2015-12-11 02:40:58.439+0000 INFO  [o.n.k.i.DiagnosticsManager] System memory information:
2015-12-11 02:40:58.439+0000 INFO  [o.n.k.i.DiagnosticsManager] Total Physical memory: 3.93 GB
2015-12-11 02:40:58.439+0000 INFO  [o.n.k.i.DiagnosticsManager] Free Physical memory: 1.98 GB
2015-12-11 02:40:58.439+0000 INFO  [o.n.k.i.DiagnosticsManager] Committed virtual memory: 383.99 MB
2015-12-11 02:40:58.439+0000 INFO  [o.n.k.i.DiagnosticsManager] Total swap space: 5.66 GB
2015-12-11 02:40:58.439+0000 INFO  [o.n.k.i.DiagnosticsManager] Free swap space: 1.77 GB
2015-12-11 02:40:58.439+0000 INFO  [o.n.k.i.DiagnosticsManager] JVM memory information:
2015-12-11 02:40:58.439+0000 INFO  [o.n.k.i.DiagnosticsManager] Free  memory: 9.61 MB
2015-12-11 02:40:58.440+0000 INFO  [o.n.k.i.DiagnosticsManager] Total memory: 80.50 MB
2015-12-11 02:40:58.440+0000 INFO  [o.n.k.i.DiagnosticsManager] Max   memory: 894.50 MB
2015-12-11 02:40:58.440+0000 INFO  [o.n.k.i.DiagnosticsManager] Garbage Collector: PS Scavenge: [PS Eden Space, PS Survivor Space]
2015-12-11 02:40:58.440+0000 INFO  [o.n.k.i.DiagnosticsManager] Garbage Collector: PS MarkSweep: [PS Eden Space, PS Survivor Space, PS Old Gen, PS Perm Gen]
2015-12-11 02:40:58.440+0000 INFO  [o.n.k.i.DiagnosticsManager] Memory Pool: Code Cache (Non-heap memory): committed=13.31 MB, used=12.37 MB, max=48.00 MB, threshold=0.00 B
2015-12-11 02:40:58.440+0000 INFO  [o.n.k.i.DiagnosticsManager] Memory Pool: PS Eden Space (Heap memory): committed=20.00 MB, used=15.97 MB, max=334.00 MB, threshold=?
2015-12-11 02:40:58.440+0000 INFO  [o.n.k.i.DiagnosticsManager] Memory Pool: PS Survivor Space (Heap memory): committed=512.00 kB, used=485.34 kB, max=512.00 kB, threshold=?
2015-12-11 02:40:58.441+0000 INFO  [o.n.k.i.DiagnosticsManager] Memory Pool: PS Old Gen (Heap memory): committed=60.00 MB, used=54.47 MB, max=670.50 MB, threshold=0.00 B
2015-12-11 02:40:58.441+0000 INFO  [o.n.k.i.DiagnosticsManager] Memory Pool: PS Perm Gen (Non-heap memory): committed=69.00 MB, used=68.75 MB, max=82.00 MB, threshold=0.00 B
2015-12-11 02:40:58.441+0000 INFO  [o.n.k.i.DiagnosticsManager] Operating system information:
2015-12-11 02:40:58.441+0000 INFO  [o.n.k.i.DiagnosticsManager] Operating System: Windows 8.1; version: 6.3; arch: amd64; cpus: 8
2015-12-11 02:40:58.443+0000 INFO  [o.n.k.i.DiagnosticsManager] Process id: 3784@ATAN-B03-02
2015-12-11 02:40:58.443+0000 INFO  [o.n.k.i.DiagnosticsManager] Byte order: LITTLE_ENDIAN
2015-12-11 02:40:58.443+0000 INFO  [o.n.k.i.DiagnosticsManager] Local timezone: America/Chicago
2015-12-11 02:40:58.443+0000 INFO  [o.n.k.i.DiagnosticsManager] JVM information:
2015-12-11 02:40:58.443+0000 INFO  [o.n.k.i.DiagnosticsManager] VM Name: Java HotSpot(TM) 64-Bit Server VM
2015-12-11 02:40:58.443+0000 INFO  [o.n.k.i.DiagnosticsManager] VM Vendor: Oracle Corporation
2015-12-11 02:40:58.443+0000 INFO  [o.n.k.i.DiagnosticsManager] VM Version: 24.80-b11
2015-12-11 02:40:58.443+0000 INFO  [o.n.k.i.DiagnosticsManager] JIT compiler: HotSpot 64-Bit Tiered Compilers
2015-12-11 02:40:58.443+0000 INFO  [o.n.k.i.DiagnosticsManager] VM Arguments: [-Dexe4j.semaphoreName=Local\c:_program_files_neo4j_ce_2.3.1_bin_neo4j-ce.exe, -Dexe4j.isInstall4j=true, -Dexe4j.moduleName=C:\Program Files\Neo4j CE 2.3.1\bin\neo4j-ce.exe, -Dexe4j.tempDir=, -Dexe4j.unextractedPosition=0, -Djava.library.path=C:\Program Files (x86)\AMD APP\bin\x86_64;C:\Program Files (x86)\AMD APP\bin\x86;C:\ProgramData\Oracle\Java\javapath;C:\Windows\system32;C:\Windows;C:\Windows\System32\Wbem;C:\Windows\System32\WindowsPowerShell\v1.0\;C:\Program Files (x86)\MiKTeX 2.9\miktex\bin\;C:\Program Files\TortoiseSVN\bin;C:\Windows\system32\config\systemprofile\.dnx\bin;C:\Program Files\Microsoft DNX\Dnvm\;C:\Program Files\MATLAB\R2015b\runtime\win64;C:\Program Files\MATLAB\R2015b\bin;C:\Program Files (x86)\ATI Technologies\ATI.ACE\Core-Static;c:\program files\neo4j ce 2.3.1\jre\bin, -Dexe4j.consoleCodepage=cp0, -Dinstall4j.launcherId=24, -Dinstall4j.swt=false]
2015-12-11 02:40:58.443+0000 INFO  [o.n.k.i.DiagnosticsManager] Java classpath:
2015-12-11 02:40:58.447+0000 INFO  [o.n.k.i.DiagnosticsManager]  [loader.1] file:/C:/Program%20Files/Neo4j%20CE%202.3.1/jre/lib/ext/dnsns.jar
2015-12-11 02:40:58.447+0000 INFO  [o.n.k.i.DiagnosticsManager]  [loader.0] file:/C:/Program%20Files/Neo4j%20CE%202.3.1/bin/
2015-12-11 02:40:58.447+0000 INFO  [o.n.k.i.DiagnosticsManager]  [bootstrap] C:\Program Files\Neo4j CE 2.3.1\jre\lib\resources.jar
2015-12-11 02:40:58.447+0000 INFO  [o.n.k.i.DiagnosticsManager]  [bootstrap] C:\Program Files\Neo4j CE 2.3.1\jre\lib\jfr.jar
2015-12-11 02:40:58.447+0000 INFO  [o.n.k.i.DiagnosticsManager]  [classpath] C:\Program Files\Neo4j CE 2.3.1\.install4j\i4jruntime.jar
2015-12-11 02:40:58.448+0000 INFO  [o.n.k.i.DiagnosticsManager]  [loader.1] file:/C:/Program%20Files/Neo4j%20CE%202.3.1/jre/lib/ext/sunmscapi.jar
2015-12-11 02:40:58.448+0000 INFO  [o.n.k.i.DiagnosticsManager]  [bootstrap] C:\Program Files\Neo4j CE 2.3.1\jre\lib\jsse.jar
2015-12-11 02:40:58.448+0000 INFO  [o.n.k.i.DiagnosticsManager]  [loader.1] file:/C:/Program%20Files/Neo4j%20CE%202.3.1/jre/lib/ext/dns_sd.jar
2015-12-11 02:40:58.448+0000 INFO  [o.n.k.i.DiagnosticsManager]  [loader.0] file:/C:/Program%20Files/Neo4j%20CE%202.3.1/.install4j/i4jruntime.jar
2015-12-11 02:40:58.448+0000 INFO  [o.n.k.i.DiagnosticsManager]  [loader.0] file:/C:/Program%20Files/Neo4j%20CE%202.3.1/bin/neo4j-desktop-2.3.1.jar
2015-12-11 02:40:58.448+0000 INFO  [o.n.k.i.DiagnosticsManager]  [loader.1] file:/C:/Program%20Files/Neo4j%20CE%202.3.1/jre/lib/ext/access-bridge-64.jar
2015-12-11 02:40:58.448+0000 INFO  [o.n.k.i.DiagnosticsManager]  [loader.1] file:/C:/Program%20Files/Neo4j%20CE%202.3.1/jre/lib/ext/localedata.jar
2015-12-11 02:40:58.448+0000 INFO  [o.n.k.i.DiagnosticsManager]  [bootstrap] C:\Program Files\Neo4j CE 2.3.1\jre\lib\sunrsasign.jar
2015-12-11 02:40:58.448+0000 INFO  [o.n.k.i.DiagnosticsManager]  [bootstrap] C:\Program Files\Neo4j CE 2.3.1\jre\lib\jce.jar
2015-12-11 02:40:58.448+0000 INFO  [o.n.k.i.DiagnosticsManager]  [bootstrap] C:\Program Files\Neo4j CE 2.3.1\jre\lib\rt.jar
2015-12-11 02:40:58.448+0000 INFO  [o.n.k.i.DiagnosticsManager]  [bootstrap] C:\Program Files\Neo4j CE 2.3.1\jre\lib\charsets.jar
2015-12-11 02:40:58.448+0000 INFO  [o.n.k.i.DiagnosticsManager]  [loader.1] file:/C:/Program%20Files/Neo4j%20CE%202.3.1/jre/lib/ext/sunjce_provider.jar
2015-12-11 02:40:58.448+0000 INFO  [o.n.k.i.DiagnosticsManager]  [bootstrap] C:\Program Files\Neo4j CE 2.3.1\jre\classes
2015-12-11 02:40:58.448+0000 INFO  [o.n.k.i.DiagnosticsManager]  [loader.1] file:/C:/Program%20Files/Neo4j%20CE%202.3.1/jre/lib/ext/zipfs.jar
2015-12-11 02:40:58.448+0000 INFO  [o.n.k.i.DiagnosticsManager]  [loader.1] file:/C:/Program%20Files/Neo4j%20CE%202.3.1/jre/lib/ext/jaccess.jar
2015-12-11 02:40:58.448+0000 INFO  [o.n.k.i.DiagnosticsManager]  [loader.1] file:/C:/Program%20Files/Neo4j%20CE%202.3.1/jre/lib/ext/sunec.jar
2015-12-11 02:40:58.448+0000 INFO  [o.n.k.i.DiagnosticsManager]  [classpath] C:\Program Files\Neo4j CE 2.3.1\bin\neo4j-desktop-2.3.1.jar
2015-12-11 02:40:58.448+0000 INFO  [o.n.k.i.DiagnosticsManager] Library path:
2015-12-11 02:40:58.449+0000 INFO  [o.n.k.i.DiagnosticsManager] C:\Program Files (x86)\AMD APP\bin\x86_64
2015-12-11 02:40:58.449+0000 INFO  [o.n.k.i.DiagnosticsManager] C:\Program Files (x86)\AMD APP\bin\x86
2015-12-11 02:40:58.450+0000 INFO  [o.n.k.i.DiagnosticsManager] C:\ProgramData\Oracle\Java\javapath
2015-12-11 02:40:58.450+0000 INFO  [o.n.k.i.DiagnosticsManager] C:\Windows\System32
2015-12-11 02:40:58.450+0000 INFO  [o.n.k.i.DiagnosticsManager] C:\Windows
2015-12-11 02:40:58.451+0000 INFO  [o.n.k.i.DiagnosticsManager] C:\Windows\System32\wbem
2015-12-11 02:40:58.451+0000 INFO  [o.n.k.i.DiagnosticsManager] C:\Windows\System32\WindowsPowerShell\v1.0
2015-12-11 02:40:58.452+0000 INFO  [o.n.k.i.DiagnosticsManager] C:\Program Files (x86)\MiKTeX 2.9\miktex\bin
2015-12-11 02:40:58.452+0000 INFO  [o.n.k.i.DiagnosticsManager] C:\Program Files\TortoiseSVN\bin
2015-12-11 02:40:58.452+0000 INFO  [o.n.k.i.DiagnosticsManager] C:\Windows\System32\config\systemprofile\.dnx\bin
2015-12-11 02:40:58.453+0000 INFO  [o.n.k.i.DiagnosticsManager] C:\Program Files\Microsoft DNX\Dnvm
2015-12-11 02:40:58.453+0000 INFO  [o.n.k.i.DiagnosticsManager] C:\Program Files\MATLAB\R2015b\runtime\win64
2015-12-11 02:40:58.454+0000 INFO  [o.n.k.i.DiagnosticsManager] C:\Program Files\MATLAB\R2015b\bin
2015-12-11 02:40:58.454+0000 INFO  [o.n.k.i.DiagnosticsManager] C:\Program Files (x86)\ATI Technologies\ATI.ACE\Core-Static
2015-12-11 02:40:58.455+0000 INFO  [o.n.k.i.DiagnosticsManager] C:\Program Files\Neo4j CE 2.3.1\jre\bin
2015-12-11 02:40:58.455+0000 INFO  [o.n.k.i.DiagnosticsManager] System.properties:
2015-12-11 02:40:58.455+0000 INFO  [o.n.k.i.DiagnosticsManager] exe4j.moduleName = C:\Program Files\Neo4j CE 2.3.1\bin\neo4j-ce.exe
2015-12-11 02:40:58.455+0000 INFO  [o.n.k.i.DiagnosticsManager] exe4j.semaphoreName = Local\c:_program_files_neo4j_ce_2.3.1_bin_neo4j-ce.exe
2015-12-11 02:40:58.455+0000 INFO  [o.n.k.i.DiagnosticsManager] sun.boot.library.path = c:\program files\neo4j ce 2.3.1\jre\bin
2015-12-11 02:40:58.455+0000 INFO  [o.n.k.i.DiagnosticsManager] exe4j.consoleCodepage = cp0
2015-12-11 02:40:58.455+0000 INFO  [o.n.k.i.DiagnosticsManager] path.separator = ;
2015-12-11 02:40:58.455+0000 INFO  [o.n.k.i.DiagnosticsManager] file.encoding.pkg = sun.io
2015-12-11 02:40:58.455+0000 INFO  [o.n.k.i.DiagnosticsManager] user.country = US
2015-12-11 02:40:58.455+0000 INFO  [o.n.k.i.DiagnosticsManager] user.script = 
2015-12-11 02:40:58.455+0000 INFO  [o.n.k.i.DiagnosticsManager] sun.os.patch.level = 
2015-12-11 02:40:58.455+0000 INFO  [o.n.k.i.DiagnosticsManager] install4j.exeDir = C:\Program Files\Neo4j CE 2.3.1\bin\
2015-12-11 02:40:58.455+0000 INFO  [o.n.k.i.DiagnosticsManager] user.dir = C:\Program Files\Neo4j CE 2.3.1\bin
2015-12-11 02:40:58.455+0000 INFO  [o.n.k.i.DiagnosticsManager] neo4j.ext.udc.source = desktop
2015-12-11 02:40:58.455+0000 INFO  [o.n.k.i.DiagnosticsManager] user.variant = 
2015-12-11 02:40:58.455+0000 INFO  [o.n.k.i.DiagnosticsManager] exe4j.tempDir = 
2015-12-11 02:40:58.455+0000 INFO  [o.n.k.i.DiagnosticsManager] sun.jnu.encoding = Cp1252
2015-12-11 02:40:58.455+0000 INFO  [o.n.k.i.DiagnosticsManager] sun.awt.enableExtraMouseButtons = true
2015-12-11 02:40:58.456+0000 INFO  [o.n.k.i.DiagnosticsManager] install4j.launcherId = 24
2015-12-11 02:40:58.456+0000 INFO  [o.n.k.i.DiagnosticsManager] sun.management.compiler = HotSpot 64-Bit Tiered Compilers
2015-12-11 02:40:58.456+0000 INFO  [o.n.k.i.DiagnosticsManager] exe4j.isInstall4j = true
2015-12-11 02:40:58.456+0000 INFO  [o.n.k.i.DiagnosticsManager] install4j.swt = false
2015-12-11 02:40:58.456+0000 INFO  [o.n.k.i.DiagnosticsManager] user.home = C:\Users\cez
2015-12-11 02:40:58.456+0000 INFO  [o.n.k.i.DiagnosticsManager] user.timezone = America/Chicago
2015-12-11 02:40:58.456+0000 INFO  [o.n.k.i.DiagnosticsManager] file.encoding = Cp1252
2015-12-11 02:40:58.456+0000 INFO  [o.n.k.i.DiagnosticsManager] user.name = cez
2015-12-11 02:40:58.456+0000 INFO  [o.n.k.i.DiagnosticsManager] sun.java.command = C:\Program Files\Neo4j CE 2.3.1\bin\neo4j-ce.exe
2015-12-11 02:40:58.456+0000 INFO  [o.n.k.i.DiagnosticsManager] sun.arch.data.model = 64
2015-12-11 02:40:58.456+0000 INFO  [o.n.k.i.DiagnosticsManager] exe4j.launchName = C:\Program Files\Neo4j CE 2.3.1\bin\neo4j-ce.exe
2015-12-11 02:40:58.456+0000 INFO  [o.n.k.i.DiagnosticsManager] user.language = en
2015-12-11 02:40:58.456+0000 INFO  [o.n.k.i.DiagnosticsManager] awt.toolkit = sun.awt.windows.WToolkit
2015-12-11 02:40:58.456+0000 INFO  [o.n.k.i.DiagnosticsManager] exe4j.unextractedPosition = 0
2015-12-11 02:40:58.456+0000 INFO  [o.n.k.i.DiagnosticsManager] install4j.appDir = C:\Program Files\Neo4j CE 2.3.1\
2015-12-11 02:40:58.456+0000 INFO  [o.n.k.i.DiagnosticsManager] file.separator = \
2015-12-11 02:40:58.456+0000 INFO  [o.n.k.i.DiagnosticsManager] sun.io.unicode.encoding = UnicodeLittle
2015-12-11 02:40:58.456+0000 INFO  [o.n.k.i.DiagnosticsManager] sun.cpu.endian = little
2015-12-11 02:40:58.456+0000 INFO  [o.n.k.i.DiagnosticsManager] sun.desktop = windows
2015-12-11 02:40:58.456+0000 INFO  [o.n.k.i.DiagnosticsManager] sun.cpu.isalist = amd64
2015-12-11 02:40:58.456+0000 INFO  [o.n.k.i.DiagnosticsManager] Network information:
2015-12-11 02:40:58.482+0000 INFO  [o.n.k.i.DiagnosticsManager] Interface Software Loopback Interface 1:
2015-12-11 02:40:58.483+0000 INFO  [o.n.k.i.DiagnosticsManager]     address: 127.0.0.1
2015-12-11 02:40:58.483+0000 INFO  [o.n.k.i.DiagnosticsManager]     address: 0:0:0:0:0:0:0:1
2015-12-11 02:40:58.483+0000 INFO  [o.n.k.i.DiagnosticsManager] Interface Microsoft Kernel Debug Network Adapter:
2015-12-11 02:40:58.483+0000 INFO  [o.n.k.i.DiagnosticsManager] Interface Intel(R) 82578DM Gigabit Network Connection:
2015-12-11 02:40:58.483+0000 INFO  [o.n.k.i.DiagnosticsManager]     address: 10.24.47.166
2015-12-11 02:40:58.483+0000 INFO  [o.n.k.i.DiagnosticsManager]     address: 2610:130:101:d00:4493:c16:efa9:8b55
2015-12-11 02:40:58.483+0000 INFO  [o.n.k.i.DiagnosticsManager]     address: 2610:130:101:d00:920:e15d:79eb:345b
2015-12-11 02:40:58.483+0000 INFO  [o.n.k.i.DiagnosticsManager]     address: 2610:130:101:d00:a502:b02c:1a2d:577b
2015-12-11 02:40:58.483+0000 INFO  [o.n.k.i.DiagnosticsManager]     address: fe80:0:0:0:4493:c16:efa9:8b55%3
2015-12-11 02:40:58.483+0000 INFO  [o.n.k.i.DiagnosticsManager] Interface Microsoft ISATAP Adapter:
2015-12-11 02:40:58.483+0000 INFO  [o.n.k.i.DiagnosticsManager]     address: fe80:0:0:0:0:5efe:c0a8:3801%4
2015-12-11 02:40:58.483+0000 INFO  [o.n.k.i.DiagnosticsManager] Interface Teredo Tunneling Pseudo-Interface:
2015-12-11 02:40:58.483+0000 INFO  [o.n.k.i.DiagnosticsManager] Interface Microsoft ISATAP Adapter #2:
2015-12-11 02:40:58.483+0000 INFO  [o.n.k.i.DiagnosticsManager]     address: fe80:0:0:0:0:5efe:a18:2fa6%6
2015-12-11 02:40:58.483+0000 INFO  [o.n.k.i.DiagnosticsManager] Interface VirtualBox Host-Only Ethernet Adapter:
2015-12-11 02:40:58.483+0000 INFO  [o.n.k.i.DiagnosticsManager]     address: 192.168.56.1
2015-12-11 02:40:58.483+0000 INFO  [o.n.k.i.DiagnosticsManager]     address: fe80:0:0:0:4133:2d33:29c2:6efa%7
2015-12-11 02:40:58.483+0000 INFO  [o.n.k.i.DiagnosticsManager] Interface Microsoft ISATAP Adapter #3:
2015-12-11 02:40:58.483+0000 INFO  [o.n.k.i.DiagnosticsManager] Interface VirtualBox Host-Only Ethernet Adapter-WFP Native MAC Layer LightWeight Filter-0000:
2015-12-11 02:40:58.483+0000 INFO  [o.n.k.i.DiagnosticsManager] Interface VirtualBox Host-Only Ethernet Adapter-VirtualBox NDIS Light-Weight Filter-0000:
2015-12-11 02:40:58.483+0000 INFO  [o.n.k.i.DiagnosticsManager] Interface VirtualBox Host-Only Ethernet Adapter-QoS Packet Scheduler-0000:
2015-12-11 02:40:58.483+0000 INFO  [o.n.k.i.DiagnosticsManager] Interface VirtualBox Host-Only Ethernet Adapter-WFP 802.3 MAC Layer LightWeight Filter-0000:
2015-12-11 02:40:58.483+0000 INFO  [o.n.k.i.DiagnosticsManager] Interface Intel(R) 82578DM Gigabit Network Connection-WFP Native MAC Layer LightWeight Filter-0000:
2015-12-11 02:40:58.483+0000 INFO  [o.n.k.i.DiagnosticsManager] Interface Intel(R) 82578DM Gigabit Network Connection-VirtualBox NDIS Light-Weight Filter-0000:
2015-12-11 02:40:58.483+0000 INFO  [o.n.k.i.DiagnosticsManager] Interface Intel(R) 82578DM Gigabit Network Connection-QoS Packet Scheduler-0000:
2015-12-11 02:40:58.483+0000 INFO  [o.n.k.i.DiagnosticsManager] Interface Intel(R) 82578DM Gigabit Network Connection-WFP 802.3 MAC Layer LightWeight Filter-0000:
2015-12-11 02:40:58.483+0000 INFO  [o.n.k.i.DiagnosticsManager] --- INITIALIZED diagnostics END ---
2015-12-11 02:40:59.940+0000 INFO  [o.n.k.KernelHealth] Kernel health set to OK
2015-12-11 02:40:59.950+0000 INFO  [o.n.k.AvailabilityGuard] Fulfilling of requirement makes database available: Database available
2015-12-11 02:40:59.952+0000 INFO  [o.n.k.i.f.CommunityFacadeFactory] Database is now ready
2015-12-11 02:40:59.955+0000 INFO  [o.n.k.i.DiagnosticsManager] --- STARTED diagnostics for KernelDiagnostics:Versions START ---
2015-12-11 02:40:59.958+0000 INFO  [o.n.k.i.DiagnosticsManager] Graph Database: Community StoreId{creationTime=1449720042061, randomId=6320687560847445247, storeVersion=15250506225055238, upgradeTime=1449720042061, upgradeId=1}
2015-12-11 02:40:59.960+0000 INFO  [o.n.k.i.DiagnosticsManager] Kernel version: 2.3.1
2015-12-11 02:40:59.964+0000 INFO  [o.n.k.i.DiagnosticsManager] --- STARTED diagnostics for KernelDiagnostics:Versions END ---
2015-12-11 02:40:59.966+0000 INFO  [o.n.k.i.DiagnosticsManager] --- STARTED diagnostics for NEO_STORE_VERSIONS START ---
2015-12-11 02:40:59.969+0000 INFO  [o.n.k.i.DiagnosticsManager] Store versions:
2015-12-11 02:40:59.972+0000 INFO  [o.n.k.i.DiagnosticsManager] Store versions:
2015-12-11 02:40:59.975+0000 INFO  [o.n.k.i.DiagnosticsManager] ArrayPropertyStore v0.A.6
2015-12-11 02:40:59.977+0000 INFO  [o.n.k.i.DiagnosticsManager] NodeStore v0.A.6
2015-12-11 02:40:59.980+0000 INFO  [o.n.k.i.DiagnosticsManager] StringPropertyStore v0.A.6
2015-12-11 02:40:59.982+0000 INFO  [o.n.k.i.DiagnosticsManager] PropertyIndexStore v0.A.6
2015-12-11 02:40:59.984+0000 INFO  [o.n.k.i.DiagnosticsManager] StringPropertyStore v0.A.6
2015-12-11 02:40:59.987+0000 INFO  [o.n.k.i.DiagnosticsManager] ArrayPropertyStore v0.A.6
2015-12-11 02:40:59.989+0000 INFO  [o.n.k.i.DiagnosticsManager] PropertyStore v0.A.6
2015-12-11 02:40:59.991+0000 INFO  [o.n.k.i.DiagnosticsManager] RelationshipStore v0.A.6
2015-12-11 02:40:59.993+0000 INFO  [o.n.k.i.DiagnosticsManager] StringPropertyStore v0.A.6
2015-12-11 02:40:59.996+0000 INFO  [o.n.k.i.DiagnosticsManager] RelationshipTypeStore v0.A.6
2015-12-11 02:40:59.998+0000 INFO  [o.n.k.i.DiagnosticsManager] StringPropertyStore v0.A.6
2015-12-11 02:41:00.001+0000 INFO  [o.n.k.i.DiagnosticsManager] LabelTokenStore v0.A.6
2015-12-11 02:41:00.003+0000 INFO  [o.n.k.i.DiagnosticsManager] SchemaStore v0.A.6
2015-12-11 02:41:00.005+0000 INFO  [o.n.k.i.DiagnosticsManager] RelationshipGroupStore v0.A.6
2015-12-11 02:41:00.008+0000 INFO  [o.n.k.i.DiagnosticsManager] NeoStore v0.A.6
2015-12-11 02:41:00.010+0000 INFO  [o.n.k.i.DiagnosticsManager] --- STARTED diagnostics for NEO_STORE_VERSIONS END ---
2015-12-11 02:41:00.013+0000 INFO  [o.n.k.i.DiagnosticsManager] --- STARTED diagnostics for NEO_STORE_ID_USAGE START ---
2015-12-11 02:41:00.015+0000 INFO  [o.n.k.i.DiagnosticsManager] Id usage:
2015-12-11 02:41:00.017+0000 INFO  [o.n.k.i.DiagnosticsManager] Id usage:
2015-12-11 02:41:00.020+0000 INFO  [o.n.k.i.DiagnosticsManager]   ArrayPropertyStore v0.A.6: used=1 high=0
2015-12-11 02:41:00.022+0000 INFO  [o.n.k.i.DiagnosticsManager]   NodeStore v0.A.6: used=3202 high=3201
2015-12-11 02:41:00.024+0000 INFO  [o.n.k.i.DiagnosticsManager]   StringPropertyStore v0.A.6: used=4 high=3
2015-12-11 02:41:00.026+0000 INFO  [o.n.k.i.DiagnosticsManager]   PropertyIndexStore v0.A.6: used=3 high=2
2015-12-11 02:41:00.029+0000 INFO  [o.n.k.i.DiagnosticsManager]   StringPropertyStore v0.A.6: used=1 high=0
2015-12-11 02:41:00.031+0000 INFO  [o.n.k.i.DiagnosticsManager]   ArrayPropertyStore v0.A.6: used=1 high=0
2015-12-11 02:41:00.033+0000 INFO  [o.n.k.i.DiagnosticsManager]   PropertyStore v0.A.6: used=3202 high=3201
2015-12-11 02:41:00.036+0000 INFO  [o.n.k.i.DiagnosticsManager]   RelationshipStore v0.A.6: used=3200 high=3199
2015-12-11 02:41:00.038+0000 INFO  [o.n.k.i.DiagnosticsManager]   StringPropertyStore v0.A.6: used=3 high=2
2015-12-11 02:41:00.040+0000 INFO  [o.n.k.i.DiagnosticsManager]   RelationshipTypeStore v0.A.6: used=2 high=1
2015-12-11 02:41:00.042+0000 INFO  [o.n.k.i.DiagnosticsManager]   StringPropertyStore v0.A.6: used=4 high=3
2015-12-11 02:41:00.045+0000 INFO  [o.n.k.i.DiagnosticsManager]   LabelTokenStore v0.A.6: used=3 high=2
2015-12-11 02:41:00.047+0000 INFO  [o.n.k.i.DiagnosticsManager]   SchemaStore v0.A.6: used=1 high=0
2015-12-11 02:41:00.050+0000 INFO  [o.n.k.i.DiagnosticsManager]   RelationshipGroupStore v0.A.6: used=3 high=2
2015-12-11 02:41:00.052+0000 INFO  [o.n.k.i.DiagnosticsManager]   NeoStore v0.A.6: used=13 high=12
2015-12-11 02:41:00.055+0000 INFO  [o.n.k.i.DiagnosticsManager] --- STARTED diagnostics for NEO_STORE_ID_USAGE END ---
2015-12-11 02:41:00.057+0000 INFO  [o.n.k.i.DiagnosticsManager] --- STARTED diagnostics for NEO_STORE_RECORDS START ---
2015-12-11 02:41:00.059+0000 INFO  [o.n.k.i.DiagnosticsManager] Neostore records:
2015-12-11 02:41:00.062+0000 INFO  [o.n.k.i.DiagnosticsManager] TIME (Creation time): 1449720042061
2015-12-11 02:41:00.064+0000 INFO  [o.n.k.i.DiagnosticsManager] RANDOM_NUMBER (Random number for store id): 6320687560847445247
2015-12-11 02:41:00.066+0000 INFO  [o.n.k.i.DiagnosticsManager] LOG_VERSION (Current log version): 0
2015-12-11 02:41:00.069+0000 INFO  [o.n.k.i.DiagnosticsManager] LAST_TRANSACTION_ID (Last committed transaction): 6311
2015-12-11 02:41:00.071+0000 INFO  [o.n.k.i.DiagnosticsManager] STORE_VERSION (Store format version): 15250506225055238
2015-12-11 02:41:00.073+0000 INFO  [o.n.k.i.DiagnosticsManager] FIRST_GRAPH_PROPERTY (First property record containing graph properties): -1
2015-12-11 02:41:00.075+0000 INFO  [o.n.k.i.DiagnosticsManager] LAST_CONSTRAINT_TRANSACTION (Last committed transaction containing constraint changes): 0
2015-12-11 02:41:00.077+0000 INFO  [o.n.k.i.DiagnosticsManager] UPGRADE_TRANSACTION_ID (Transaction id most recent upgrade was performed at): 1
2015-12-11 02:41:00.080+0000 INFO  [o.n.k.i.DiagnosticsManager] UPGRADE_TIME (Time of last upgrade): 1449720042061
2015-12-11 02:41:00.082+0000 INFO  [o.n.k.i.DiagnosticsManager] LAST_TRANSACTION_CHECKSUM (Checksum of last committed transaction): -161782543149
2015-12-11 02:41:00.084+0000 INFO  [o.n.k.i.DiagnosticsManager] UPGRADE_TRANSACTION_CHECKSUM (Checksum of transaction id the most recent upgrade was performed at): 0
2015-12-11 02:41:00.086+0000 INFO  [o.n.k.i.DiagnosticsManager] LAST_CLOSED_TRANSACTION_LOG_VERSION (Log version where the last transaction commit entry has been written into): 0
2015-12-11 02:41:00.089+0000 INFO  [o.n.k.i.DiagnosticsManager] LAST_CLOSED_TRANSACTION_LOG_BYTE_OFFSET (Byte offset in the log file where the last transaction commit entry has been written into): 2308112
2015-12-11 02:41:00.091+0000 INFO  [o.n.k.i.DiagnosticsManager] --- STARTED diagnostics for NEO_STORE_RECORDS END ---
2015-12-11 02:41:00.093+0000 INFO  [o.n.k.i.DiagnosticsManager] --- STARTED diagnostics for TRANSACTION_RANGE START ---
2015-12-11 02:41:00.095+0000 INFO  [o.n.k.i.DiagnosticsManager] Transaction log:
2015-12-11 02:41:00.098+0000 INFO  [o.n.k.i.DiagnosticsManager] Oldest transaction 2 found in log with version 0
2015-12-11 02:41:00.101+0000 INFO  [o.n.k.i.DiagnosticsManager] --- STARTED diagnostics for TRANSACTION_RANGE END ---
2015-12-11 02:41:00.103+0000 INFO  [o.n.k.i.DiagnosticsManager] --- STARTED diagnostics for KernelDiagnostics:StoreFiles START ---
2015-12-11 02:41:00.106+0000 INFO  [o.n.k.i.DiagnosticsManager] Disk space on partition (Total / Free / Free %): 499738734592 / 397635690496 / 79
Storage files: (filename : modification date - size)
2015-12-11 02:41:00.109+0000 INFO  [o.n.k.i.DiagnosticsManager]   dbms:
2015-12-11 02:41:00.120+0000 INFO  [o.n.k.i.DiagnosticsManager]     auth: 2015-12-09T22:00:42-0600 - 137.00 B
2015-12-11 02:41:00.122+0000 INFO  [o.n.k.i.DiagnosticsManager]     ssl:
2015-12-11 02:41:00.124+0000 INFO  [o.n.k.i.DiagnosticsManager]       snakeoil.cert: 2015-12-09T22:00:39-0600 - 630.00 B
2015-12-11 02:41:00.127+0000 INFO  [o.n.k.i.DiagnosticsManager]       snakeoil.key: 2015-12-09T22:00:39-0600 - 914.00 B
2015-12-11 02:41:00.129+0000 INFO  [o.n.k.i.DiagnosticsManager]     - Total: 2015-12-09T22:00:39-0600 - 1.51 kB
2015-12-11 02:41:00.131+0000 INFO  [o.n.k.i.DiagnosticsManager]   - Total: 2015-12-09T22:00:42-0600 - 1.64 kB
2015-12-11 02:41:00.133+0000 INFO  [o.n.k.i.DiagnosticsManager]   index:
2015-12-11 02:41:00.135+0000 INFO  [o.n.k.i.DiagnosticsManager]   - Total: 2015-12-09T22:00:42-0600 - 0.00 B
2015-12-11 02:41:00.138+0000 INFO  [o.n.k.i.DiagnosticsManager]   messages.log: 2015-12-10T20:40:59-0600 - 61.53 kB
2015-12-11 02:41:00.140+0000 INFO  [o.n.k.i.DiagnosticsManager]   neo4j.properties: 2015-12-09T22:00:39-0600 - 1.30 kB
2015-12-11 02:41:00.142+0000 INFO  [o.n.k.i.DiagnosticsManager]   neostore: 2015-12-09T22:06:59-0600 - 8.00 kB
2015-12-11 02:41:00.145+0000 INFO  [o.n.k.i.DiagnosticsManager]   neostore.counts.db.a: 2015-12-09T22:06:59-0600 - 576.00 B
2015-12-11 02:41:00.147+0000 INFO  [o.n.k.i.DiagnosticsManager]   neostore.counts.db.b: 2015-12-09T22:05:42-0600 - 576.00 B
2015-12-11 02:41:00.150+0000 INFO  [o.n.k.i.DiagnosticsManager]   neostore.id: 2015-12-10T20:40:59-0600 - 9.00 B
2015-12-11 02:41:00.152+0000 INFO  [o.n.k.i.DiagnosticsManager]   neostore.labeltokenstore.db: 2015-12-09T22:05:42-0600 - 8.00 kB
2015-12-11 02:41:00.155+0000 INFO  [o.n.k.i.DiagnosticsManager]   neostore.labeltokenstore.db.id: 2015-12-10T20:40:59-0600 - 9.00 B
2015-12-11 02:41:00.157+0000 INFO  [o.n.k.i.DiagnosticsManager]   neostore.labeltokenstore.db.names: 2015-12-09T22:05:42-0600 - 8.00 kB
2015-12-11 02:41:00.159+0000 INFO  [o.n.k.i.DiagnosticsManager]   neostore.labeltokenstore.db.names.id: 2015-12-10T20:40:59-0600 - 9.00 B
2015-12-11 02:41:00.161+0000 INFO  [o.n.k.i.DiagnosticsManager]   neostore.nodestore.db: 2015-12-09T22:06:59-0600 - 47.99 kB
2015-12-11 02:41:00.164+0000 INFO  [o.n.k.i.DiagnosticsManager]   neostore.nodestore.db.id: 2015-12-10T20:40:58-0600 - 9.00 B
2015-12-11 02:41:00.166+0000 INFO  [o.n.k.i.DiagnosticsManager]   neostore.nodestore.db.labels: 2015-12-09T22:00:39-0600 - 8.00 kB
2015-12-11 02:41:00.169+0000 INFO  [o.n.k.i.DiagnosticsManager]   neostore.nodestore.db.labels.id: 2015-12-10T20:40:58-0600 - 9.00 B
2015-12-11 02:41:00.171+0000 INFO  [o.n.k.i.DiagnosticsManager]   neostore.propertystore.db: 2015-12-09T22:06:59-0600 - 135.45 kB
2015-12-11 02:41:00.173+0000 INFO  [o.n.k.i.DiagnosticsManager]   neostore.propertystore.db.arrays: 2015-12-09T22:00:40-0600 - 8.00 kB
2015-12-11 02:41:00.176+0000 INFO  [o.n.k.i.DiagnosticsManager]   neostore.propertystore.db.arrays.id: 2015-12-10T20:40:58-0600 - 9.00 B
2015-12-11 02:41:00.178+0000 INFO  [o.n.k.i.DiagnosticsManager]   neostore.propertystore.db.id: 2015-12-10T20:40:58-0600 - 9.00 B
2015-12-11 02:41:00.181+0000 INFO  [o.n.k.i.DiagnosticsManager]   neostore.propertystore.db.index: 2015-12-09T22:05:42-0600 - 8.00 kB
2015-12-11 02:41:00.183+0000 INFO  [o.n.k.i.DiagnosticsManager]   neostore.propertystore.db.index.id: 2015-12-10T20:40:58-0600 - 9.00 B
2015-12-11 02:41:00.185+0000 INFO  [o.n.k.i.DiagnosticsManager]   neostore.propertystore.db.index.keys: 2015-12-09T22:05:42-0600 - 8.00 kB
2015-12-11 02:41:00.188+0000 INFO  [o.n.k.i.DiagnosticsManager]   neostore.propertystore.db.index.keys.id: 2015-12-10T20:40:58-0600 - 9.00 B
2015-12-11 02:41:00.190+0000 INFO  [o.n.k.i.DiagnosticsManager]   neostore.propertystore.db.strings: 2015-12-09T22:00:40-0600 - 8.00 kB
2015-12-11 02:41:00.193+0000 INFO  [o.n.k.i.DiagnosticsManager]   neostore.propertystore.db.strings.id: 2015-12-10T20:40:58-0600 - 9.00 B
2015-12-11 02:41:00.195+0000 INFO  [o.n.k.i.DiagnosticsManager]   neostore.relationshipgroupstore.db: 2015-12-09T22:05:42-0600 - 8.00 kB
2015-12-11 02:41:00.197+0000 INFO  [o.n.k.i.DiagnosticsManager]   neostore.relationshipgroupstore.db.id: 2015-12-10T20:40:59-0600 - 9.00 B
2015-12-11 02:41:00.199+0000 INFO  [o.n.k.i.DiagnosticsManager]   neostore.relationshipstore.db: 2015-12-09T22:06:59-0600 - 111.56 kB
2015-12-11 02:41:00.202+0000 INFO  [o.n.k.i.DiagnosticsManager]   neostore.relationshipstore.db.id: 2015-12-10T20:40:59-0600 - 9.00 B
2015-12-11 02:41:00.204+0000 INFO  [o.n.k.i.DiagnosticsManager]   neostore.relationshiptypestore.db: 2015-12-09T22:05:42-0600 - 8.00 kB
2015-12-11 02:41:00.207+0000 INFO  [o.n.k.i.DiagnosticsManager]   neostore.relationshiptypestore.db.id: 2015-12-10T20:40:59-0600 - 9.00 B
2015-12-11 02:41:00.209+0000 INFO  [o.n.k.i.DiagnosticsManager]   neostore.relationshiptypestore.db.names: 2015-12-09T22:05:42-0600 - 8.00 kB
2015-12-11 02:41:00.211+0000 INFO  [o.n.k.i.DiagnosticsManager]   neostore.relationshiptypestore.db.names.id: 2015-12-10T20:40:59-0600 - 9.00 B
2015-12-11 02:41:00.214+0000 INFO  [o.n.k.i.DiagnosticsManager]   neostore.schemastore.db: 2015-12-09T22:00:41-0600 - 8.00 kB
2015-12-11 02:41:00.216+0000 INFO  [o.n.k.i.DiagnosticsManager]   neostore.schemastore.db.id: 2015-12-10T20:40:59-0600 - 9.00 B
2015-12-11 02:41:00.218+0000 INFO  [o.n.k.i.DiagnosticsManager]   neostore.transaction.db.0: 2015-12-09T22:06:59-0600 - 2.20 MB
2015-12-11 02:41:00.221+0000 INFO  [o.n.k.i.DiagnosticsManager]   schema:
2015-12-11 02:41:00.223+0000 INFO  [o.n.k.i.DiagnosticsManager]     label:
2015-12-11 02:41:00.225+0000 INFO  [o.n.k.i.DiagnosticsManager]       lucene:
2015-12-11 02:41:00.227+0000 INFO  [o.n.k.i.DiagnosticsManager]         _4wz.cfs: 2015-12-09T22:06:20-0600 - 3.14 kB
2015-12-11 02:41:00.230+0000 INFO  [o.n.k.i.DiagnosticsManager]         segments.gen: 2015-12-09T22:06:59-0600 - 20.00 B
2015-12-11 02:41:00.232+0000 INFO  [o.n.k.i.DiagnosticsManager]         segments_2: 2015-12-09T22:06:59-0600 - 258.00 B
2015-12-11 02:41:00.234+0000 INFO  [o.n.k.i.DiagnosticsManager]         write.lock: 2015-12-10T20:40:59-0600 - 0.00 B
2015-12-11 02:41:00.236+0000 INFO  [o.n.k.i.DiagnosticsManager]       - Total: 2015-12-10T20:40:59-0600 - 3.41 kB
2015-12-11 02:41:00.238+0000 INFO  [o.n.k.i.DiagnosticsManager]     - Total: 2015-12-09T22:00:42-0600 - 3.41 kB
2015-12-11 02:41:00.240+0000 INFO  [o.n.k.i.DiagnosticsManager]   - Total: 2015-12-09T22:00:42-0600 - 3.41 kB
2015-12-11 02:41:00.242+0000 INFO  [o.n.k.i.DiagnosticsManager]   store_lock: 2015-12-09T22:00:39-0600 - 0.00 B
2015-12-11 02:41:00.245+0000 INFO  [o.n.k.i.DiagnosticsManager] --- STARTED diagnostics for KernelDiagnostics:StoreFiles END ---
2015-12-11 02:41:00.254+0000 INFO  [o.n.k.i.DiagnosticsManager] --- SERVER STARTED START ---
2015-12-11 02:41:00.898+0000 INFO  [o.n.k.i.DiagnosticsManager] --- SERVER STARTED END ---
2015-12-11 03:10:23.025+0000 INFO  [o.n.k.i.f.GraphDatabaseFacade] Shutdown started
2015-12-11 03:10:23.030+0000 INFO  [o.n.k.i.f.CommunityFacadeFactory] Database is now unavailable
2015-12-11 03:10:23.059+0000 INFO  [o.n.k.i.t.l.c.CheckPointerImpl] Check Pointing triggered by database shutdown [6311]:  Starting check pointing...
2015-12-11 03:10:23.065+0000 INFO  [o.n.k.i.t.l.c.CheckPointerImpl] Check Pointing triggered by database shutdown [6311]:  Starting store flush...
2015-12-11 03:10:23.085+0000 INFO  [o.n.k.i.t.l.c.CheckPointerImpl] Check Pointing triggered by database shutdown [6311]:  Store flush completed
2015-12-11 03:10:23.091+0000 INFO  [o.n.k.i.t.l.c.CheckPointerImpl] Check Pointing triggered by database shutdown [6311]:  Starting appending check point entry into the tx log...
2015-12-11 03:10:23.119+0000 INFO  [o.n.k.i.t.l.c.CheckPointerImpl] Check Pointing triggered by database shutdown [6311]:  Appending check point entry into the tx log completed
2015-12-11 03:10:23.122+0000 INFO  [o.n.k.i.t.l.c.CheckPointerImpl] Check Pointing triggered by database shutdown [6311]:  Check pointing completed
2015-12-11 03:10:23.126+0000 INFO  [o.n.k.i.t.l.p.LogPruningImpl] Log Rotation [0]:  Starting log pruning.
2015-12-11 03:10:23.129+0000 INFO  [o.n.k.i.t.l.p.LogPruningImpl] Log Rotation [0]:  Log pruning complete.
2015-12-11 03:10:24.589+0000 INFO  [o.n.k.NeoStoreDataSource] NeoStores closed
2015-12-11 03:10:24.595+0000 INFO  [o.n.k.i.DiagnosticsManager] --- STOPPING diagnostics START ---
2015-12-11 03:10:24.595+0000 INFO  [o.n.k.i.DiagnosticsManager] --- STOPPING diagnostics END ---
