2015-12-10 15:20:10.453+0000 INFO  [o.n.k.i.f.CommunityFacadeFactory] No locking implementation specified, defaulting to 'community'
2015-12-10 15:20:10.456+0000 INFO  [o.n.k.AvailabilityGuard] Requirement makes database unavailable: Database available
2015-12-10 15:20:10.458+0000 INFO  [o.n.k.i.DiagnosticsManager] --- INITIALIZED diagnostics START ---
2015-12-10 15:20:10.458+0000 INFO  [o.n.k.i.DiagnosticsManager] Neo4j Kernel properties:
2015-12-10 15:20:10.458+0000 INFO  [o.n.k.i.DiagnosticsManager] org.neo4j.server.db.tuning.properties=C:\561\5000\5000D5\neo4j.properties
2015-12-10 15:20:10.458+0000 INFO  [o.n.k.i.DiagnosticsManager] org.neo4j.server.database.location=C:\561\5000\5000D5
2015-12-10 15:20:10.458+0000 INFO  [o.n.k.i.DiagnosticsManager] dbms.querylog.filename=data/log/queries.log
2015-12-10 15:20:10.458+0000 INFO  [o.n.k.i.DiagnosticsManager] dbms.security.auth_store.location=C:\561\5000\5000D5\.\dbms\auth
2015-12-10 15:20:10.458+0000 INFO  [o.n.k.i.DiagnosticsManager] dbms.security.tls_certificate_file=C:\561\5000\5000D5\.\dbms\ssl\snakeoil.cert
2015-12-10 15:20:10.458+0000 INFO  [o.n.k.i.DiagnosticsManager] remote_shell_enabled=true
2015-12-10 15:20:10.458+0000 INFO  [o.n.k.i.DiagnosticsManager] edition=Community
2015-12-10 15:20:10.458+0000 INFO  [o.n.k.i.DiagnosticsManager] dbms.security.tls_key_file=C:\561\5000\5000D5\.\dbms\ssl\snakeoil.key
2015-12-10 15:20:10.458+0000 INFO  [o.n.k.i.DiagnosticsManager] Diagnostics providers:
2015-12-10 15:20:10.458+0000 INFO  [o.n.k.i.DiagnosticsManager] org.neo4j.kernel.configuration.Config
2015-12-10 15:20:10.458+0000 INFO  [o.n.k.i.DiagnosticsManager] org.neo4j.kernel.info.DiagnosticsManager
2015-12-10 15:20:10.458+0000 INFO  [o.n.k.i.DiagnosticsManager] SYSTEM_MEMORY
2015-12-10 15:20:10.458+0000 INFO  [o.n.k.i.DiagnosticsManager] JAVA_MEMORY
2015-12-10 15:20:10.458+0000 INFO  [o.n.k.i.DiagnosticsManager] OPERATING_SYSTEM
2015-12-10 15:20:10.458+0000 INFO  [o.n.k.i.DiagnosticsManager] JAVA_VIRTUAL_MACHINE
2015-12-10 15:20:10.458+0000 INFO  [o.n.k.i.DiagnosticsManager] CLASSPATH
2015-12-10 15:20:10.458+0000 INFO  [o.n.k.i.DiagnosticsManager] LIBRARY_PATH
2015-12-10 15:20:10.458+0000 INFO  [o.n.k.i.DiagnosticsManager] SYSTEM_PROPERTIES
2015-12-10 15:20:10.458+0000 INFO  [o.n.k.i.DiagnosticsManager] NETWORK
2015-12-10 15:20:10.458+0000 INFO  [o.n.k.i.DiagnosticsManager] System memory information:
2015-12-10 15:20:10.459+0000 INFO  [o.n.k.i.DiagnosticsManager] Total Physical memory: 3.93 GB
2015-12-10 15:20:10.459+0000 INFO  [o.n.k.i.DiagnosticsManager] Free Physical memory: 2.19 GB
2015-12-10 15:20:10.459+0000 INFO  [o.n.k.i.DiagnosticsManager] Committed virtual memory: 364.72 MB
2015-12-10 15:20:10.459+0000 INFO  [o.n.k.i.DiagnosticsManager] Total swap space: 5.66 GB
2015-12-10 15:20:10.459+0000 INFO  [o.n.k.i.DiagnosticsManager] Free swap space: 2.29 GB
2015-12-10 15:20:10.459+0000 INFO  [o.n.k.i.DiagnosticsManager] JVM memory information:
2015-12-10 15:20:10.459+0000 INFO  [o.n.k.i.DiagnosticsManager] Free  memory: 19.34 MB
2015-12-10 15:20:10.459+0000 INFO  [o.n.k.i.DiagnosticsManager] Total memory: 90.00 MB
2015-12-10 15:20:10.459+0000 INFO  [o.n.k.i.DiagnosticsManager] Max   memory: 894.50 MB
2015-12-10 15:20:10.459+0000 INFO  [o.n.k.i.DiagnosticsManager] Garbage Collector: PS Scavenge: [PS Eden Space, PS Survivor Space]
2015-12-10 15:20:10.459+0000 INFO  [o.n.k.i.DiagnosticsManager] Garbage Collector: PS MarkSweep: [PS Eden Space, PS Survivor Space, PS Old Gen, PS Perm Gen]
2015-12-10 15:20:10.459+0000 INFO  [o.n.k.i.DiagnosticsManager] Memory Pool: Code Cache (Non-heap memory): committed=12.81 MB, used=12.54 MB, max=48.00 MB, threshold=0.00 B
2015-12-10 15:20:10.459+0000 INFO  [o.n.k.i.DiagnosticsManager] Memory Pool: PS Eden Space (Heap memory): committed=16.50 MB, used=3.99 MB, max=330.00 MB, threshold=?
2015-12-10 15:20:10.459+0000 INFO  [o.n.k.i.DiagnosticsManager] Memory Pool: PS Survivor Space (Heap memory): committed=1.00 MB, used=1017.09 kB, max=1.00 MB, threshold=?
2015-12-10 15:20:10.459+0000 INFO  [o.n.k.i.DiagnosticsManager] Memory Pool: PS Old Gen (Heap memory): committed=72.50 MB, used=65.68 MB, max=670.50 MB, threshold=0.00 B
2015-12-10 15:20:10.459+0000 INFO  [o.n.k.i.DiagnosticsManager] Memory Pool: PS Perm Gen (Non-heap memory): committed=64.50 MB, used=64.36 MB, max=82.00 MB, threshold=0.00 B
2015-12-10 15:20:10.459+0000 INFO  [o.n.k.i.DiagnosticsManager] Operating system information:
2015-12-10 15:20:10.459+0000 INFO  [o.n.k.i.DiagnosticsManager] Operating System: Windows 8.1; version: 6.3; arch: amd64; cpus: 8
2015-12-10 15:20:10.460+0000 INFO  [o.n.k.i.DiagnosticsManager] Process id: 3784@ATAN-B03-02
2015-12-10 15:20:10.460+0000 INFO  [o.n.k.i.DiagnosticsManager] Byte order: LITTLE_ENDIAN
2015-12-10 15:20:10.460+0000 INFO  [o.n.k.i.DiagnosticsManager] Local timezone: America/Chicago
2015-12-10 15:20:10.460+0000 INFO  [o.n.k.i.DiagnosticsManager] JVM information:
2015-12-10 15:20:10.460+0000 INFO  [o.n.k.i.DiagnosticsManager] VM Name: Java HotSpot(TM) 64-Bit Server VM
2015-12-10 15:20:10.460+0000 INFO  [o.n.k.i.DiagnosticsManager] VM Vendor: Oracle Corporation
2015-12-10 15:20:10.460+0000 INFO  [o.n.k.i.DiagnosticsManager] VM Version: 24.80-b11
2015-12-10 15:20:10.460+0000 INFO  [o.n.k.i.DiagnosticsManager] JIT compiler: HotSpot 64-Bit Tiered Compilers
2015-12-10 15:20:10.460+0000 INFO  [o.n.k.i.DiagnosticsManager] VM Arguments: [-Dexe4j.semaphoreName=Local\c:_program_files_neo4j_ce_2.3.1_bin_neo4j-ce.exe, -Dexe4j.isInstall4j=true, -Dexe4j.moduleName=C:\Program Files\Neo4j CE 2.3.1\bin\neo4j-ce.exe, -Dexe4j.tempDir=, -Dexe4j.unextractedPosition=0, -Djava.library.path=C:\Program Files (x86)\AMD APP\bin\x86_64;C:\Program Files (x86)\AMD APP\bin\x86;C:\ProgramData\Oracle\Java\javapath;C:\Windows\system32;C:\Windows;C:\Windows\System32\Wbem;C:\Windows\System32\WindowsPowerShell\v1.0\;C:\Program Files (x86)\MiKTeX 2.9\miktex\bin\;C:\Program Files\TortoiseSVN\bin;C:\Windows\system32\config\systemprofile\.dnx\bin;C:\Program Files\Microsoft DNX\Dnvm\;C:\Program Files\MATLAB\R2015b\runtime\win64;C:\Program Files\MATLAB\R2015b\bin;C:\Program Files (x86)\ATI Technologies\ATI.ACE\Core-Static;c:\program files\neo4j ce 2.3.1\jre\bin, -Dexe4j.consoleCodepage=cp0, -Dinstall4j.launcherId=24, -Dinstall4j.swt=false]
2015-12-10 15:20:10.460+0000 INFO  [o.n.k.i.DiagnosticsManager] Java classpath:
2015-12-10 15:20:10.462+0000 INFO  [o.n.k.i.DiagnosticsManager]  [loader.1] file:/C:/Program%20Files/Neo4j%20CE%202.3.1/jre/lib/ext/dnsns.jar
2015-12-10 15:20:10.462+0000 INFO  [o.n.k.i.DiagnosticsManager]  [loader.0] file:/C:/Program%20Files/Neo4j%20CE%202.3.1/bin/
2015-12-10 15:20:10.462+0000 INFO  [o.n.k.i.DiagnosticsManager]  [bootstrap] C:\Program Files\Neo4j CE 2.3.1\jre\lib\resources.jar
2015-12-10 15:20:10.462+0000 INFO  [o.n.k.i.DiagnosticsManager]  [bootstrap] C:\Program Files\Neo4j CE 2.3.1\jre\lib\jfr.jar
2015-12-10 15:20:10.462+0000 INFO  [o.n.k.i.DiagnosticsManager]  [classpath] C:\Program Files\Neo4j CE 2.3.1\.install4j\i4jruntime.jar
2015-12-10 15:20:10.462+0000 INFO  [o.n.k.i.DiagnosticsManager]  [loader.1] file:/C:/Program%20Files/Neo4j%20CE%202.3.1/jre/lib/ext/sunmscapi.jar
2015-12-10 15:20:10.462+0000 INFO  [o.n.k.i.DiagnosticsManager]  [bootstrap] C:\Program Files\Neo4j CE 2.3.1\jre\lib\jsse.jar
2015-12-10 15:20:10.462+0000 INFO  [o.n.k.i.DiagnosticsManager]  [loader.1] file:/C:/Program%20Files/Neo4j%20CE%202.3.1/jre/lib/ext/dns_sd.jar
2015-12-10 15:20:10.462+0000 INFO  [o.n.k.i.DiagnosticsManager]  [loader.0] file:/C:/Program%20Files/Neo4j%20CE%202.3.1/.install4j/i4jruntime.jar
2015-12-10 15:20:10.462+0000 INFO  [o.n.k.i.DiagnosticsManager]  [loader.0] file:/C:/Program%20Files/Neo4j%20CE%202.3.1/bin/neo4j-desktop-2.3.1.jar
2015-12-10 15:20:10.462+0000 INFO  [o.n.k.i.DiagnosticsManager]  [loader.1] file:/C:/Program%20Files/Neo4j%20CE%202.3.1/jre/lib/ext/access-bridge-64.jar
2015-12-10 15:20:10.462+0000 INFO  [o.n.k.i.DiagnosticsManager]  [loader.1] file:/C:/Program%20Files/Neo4j%20CE%202.3.1/jre/lib/ext/localedata.jar
2015-12-10 15:20:10.462+0000 INFO  [o.n.k.i.DiagnosticsManager]  [bootstrap] C:\Program Files\Neo4j CE 2.3.1\jre\lib\sunrsasign.jar
2015-12-10 15:20:10.462+0000 INFO  [o.n.k.i.DiagnosticsManager]  [bootstrap] C:\Program Files\Neo4j CE 2.3.1\jre\lib\jce.jar
2015-12-10 15:20:10.462+0000 INFO  [o.n.k.i.DiagnosticsManager]  [bootstrap] C:\Program Files\Neo4j CE 2.3.1\jre\lib\rt.jar
2015-12-10 15:20:10.462+0000 INFO  [o.n.k.i.DiagnosticsManager]  [bootstrap] C:\Program Files\Neo4j CE 2.3.1\jre\lib\charsets.jar
2015-12-10 15:20:10.462+0000 INFO  [o.n.k.i.DiagnosticsManager]  [loader.1] file:/C:/Program%20Files/Neo4j%20CE%202.3.1/jre/lib/ext/sunjce_provider.jar
2015-12-10 15:20:10.462+0000 INFO  [o.n.k.i.DiagnosticsManager]  [bootstrap] C:\Program Files\Neo4j CE 2.3.1\jre\classes
2015-12-10 15:20:10.462+0000 INFO  [o.n.k.i.DiagnosticsManager]  [loader.1] file:/C:/Program%20Files/Neo4j%20CE%202.3.1/jre/lib/ext/zipfs.jar
2015-12-10 15:20:10.462+0000 INFO  [o.n.k.i.DiagnosticsManager]  [loader.1] file:/C:/Program%20Files/Neo4j%20CE%202.3.1/jre/lib/ext/jaccess.jar
2015-12-10 15:20:10.462+0000 INFO  [o.n.k.i.DiagnosticsManager]  [loader.1] file:/C:/Program%20Files/Neo4j%20CE%202.3.1/jre/lib/ext/sunec.jar
2015-12-10 15:20:10.462+0000 INFO  [o.n.k.i.DiagnosticsManager]  [classpath] C:\Program Files\Neo4j CE 2.3.1\bin\neo4j-desktop-2.3.1.jar
2015-12-10 15:20:10.462+0000 INFO  [o.n.k.i.DiagnosticsManager] Library path:
2015-12-10 15:20:10.463+0000 INFO  [o.n.k.i.DiagnosticsManager] C:\Program Files (x86)\AMD APP\bin\x86_64
2015-12-10 15:20:10.463+0000 INFO  [o.n.k.i.DiagnosticsManager] C:\Program Files (x86)\AMD APP\bin\x86
2015-12-10 15:20:10.463+0000 INFO  [o.n.k.i.DiagnosticsManager] C:\ProgramData\Oracle\Java\javapath
2015-12-10 15:20:10.463+0000 INFO  [o.n.k.i.DiagnosticsManager] C:\Windows\System32
2015-12-10 15:20:10.463+0000 INFO  [o.n.k.i.DiagnosticsManager] C:\Windows
2015-12-10 15:20:10.463+0000 INFO  [o.n.k.i.DiagnosticsManager] C:\Windows\System32\wbem
2015-12-10 15:20:10.464+0000 INFO  [o.n.k.i.DiagnosticsManager] C:\Windows\System32\WindowsPowerShell\v1.0
2015-12-10 15:20:10.464+0000 INFO  [o.n.k.i.DiagnosticsManager] C:\Program Files (x86)\MiKTeX 2.9\miktex\bin
2015-12-10 15:20:10.464+0000 INFO  [o.n.k.i.DiagnosticsManager] C:\Program Files\TortoiseSVN\bin
2015-12-10 15:20:10.464+0000 INFO  [o.n.k.i.DiagnosticsManager] C:\Windows\System32\config\systemprofile\.dnx\bin
2015-12-10 15:20:10.464+0000 INFO  [o.n.k.i.DiagnosticsManager] C:\Program Files\Microsoft DNX\Dnvm
2015-12-10 15:20:10.465+0000 INFO  [o.n.k.i.DiagnosticsManager] C:\Program Files\MATLAB\R2015b\runtime\win64
2015-12-10 15:20:10.465+0000 INFO  [o.n.k.i.DiagnosticsManager] C:\Program Files\MATLAB\R2015b\bin
2015-12-10 15:20:10.465+0000 INFO  [o.n.k.i.DiagnosticsManager] C:\Program Files (x86)\ATI Technologies\ATI.ACE\Core-Static
2015-12-10 15:20:10.465+0000 INFO  [o.n.k.i.DiagnosticsManager] C:\Program Files\Neo4j CE 2.3.1\jre\bin
2015-12-10 15:20:10.465+0000 INFO  [o.n.k.i.DiagnosticsManager] System.properties:
2015-12-10 15:20:10.465+0000 INFO  [o.n.k.i.DiagnosticsManager] exe4j.moduleName = C:\Program Files\Neo4j CE 2.3.1\bin\neo4j-ce.exe
2015-12-10 15:20:10.465+0000 INFO  [o.n.k.i.DiagnosticsManager] exe4j.semaphoreName = Local\c:_program_files_neo4j_ce_2.3.1_bin_neo4j-ce.exe
2015-12-10 15:20:10.465+0000 INFO  [o.n.k.i.DiagnosticsManager] sun.boot.library.path = c:\program files\neo4j ce 2.3.1\jre\bin
2015-12-10 15:20:10.465+0000 INFO  [o.n.k.i.DiagnosticsManager] exe4j.consoleCodepage = cp0
2015-12-10 15:20:10.465+0000 INFO  [o.n.k.i.DiagnosticsManager] path.separator = ;
2015-12-10 15:20:10.465+0000 INFO  [o.n.k.i.DiagnosticsManager] file.encoding.pkg = sun.io
2015-12-10 15:20:10.465+0000 INFO  [o.n.k.i.DiagnosticsManager] user.country = US
2015-12-10 15:20:10.465+0000 INFO  [o.n.k.i.DiagnosticsManager] user.script = 
2015-12-10 15:20:10.465+0000 INFO  [o.n.k.i.DiagnosticsManager] sun.os.patch.level = 
2015-12-10 15:20:10.465+0000 INFO  [o.n.k.i.DiagnosticsManager] install4j.exeDir = C:\Program Files\Neo4j CE 2.3.1\bin\
2015-12-10 15:20:10.465+0000 INFO  [o.n.k.i.DiagnosticsManager] user.dir = C:\Program Files\Neo4j CE 2.3.1\bin
2015-12-10 15:20:10.465+0000 INFO  [o.n.k.i.DiagnosticsManager] neo4j.ext.udc.source = desktop
2015-12-10 15:20:10.465+0000 INFO  [o.n.k.i.DiagnosticsManager] user.variant = 
2015-12-10 15:20:10.465+0000 INFO  [o.n.k.i.DiagnosticsManager] exe4j.tempDir = 
2015-12-10 15:20:10.465+0000 INFO  [o.n.k.i.DiagnosticsManager] sun.jnu.encoding = Cp1252
2015-12-10 15:20:10.465+0000 INFO  [o.n.k.i.DiagnosticsManager] sun.awt.enableExtraMouseButtons = true
2015-12-10 15:20:10.465+0000 INFO  [o.n.k.i.DiagnosticsManager] install4j.launcherId = 24
2015-12-10 15:20:10.465+0000 INFO  [o.n.k.i.DiagnosticsManager] sun.management.compiler = HotSpot 64-Bit Tiered Compilers
2015-12-10 15:20:10.465+0000 INFO  [o.n.k.i.DiagnosticsManager] exe4j.isInstall4j = true
2015-12-10 15:20:10.465+0000 INFO  [o.n.k.i.DiagnosticsManager] install4j.swt = false
2015-12-10 15:20:10.465+0000 INFO  [o.n.k.i.DiagnosticsManager] user.home = C:\Users\cez
2015-12-10 15:20:10.465+0000 INFO  [o.n.k.i.DiagnosticsManager] user.timezone = America/Chicago
2015-12-10 15:20:10.466+0000 INFO  [o.n.k.i.DiagnosticsManager] file.encoding = Cp1252
2015-12-10 15:20:10.466+0000 INFO  [o.n.k.i.DiagnosticsManager] user.name = cez
2015-12-10 15:20:10.466+0000 INFO  [o.n.k.i.DiagnosticsManager] sun.java.command = C:\Program Files\Neo4j CE 2.3.1\bin\neo4j-ce.exe
2015-12-10 15:20:10.466+0000 INFO  [o.n.k.i.DiagnosticsManager] sun.arch.data.model = 64
2015-12-10 15:20:10.466+0000 INFO  [o.n.k.i.DiagnosticsManager] exe4j.launchName = C:\Program Files\Neo4j CE 2.3.1\bin\neo4j-ce.exe
2015-12-10 15:20:10.466+0000 INFO  [o.n.k.i.DiagnosticsManager] user.language = en
2015-12-10 15:20:10.466+0000 INFO  [o.n.k.i.DiagnosticsManager] awt.toolkit = sun.awt.windows.WToolkit
2015-12-10 15:20:10.466+0000 INFO  [o.n.k.i.DiagnosticsManager] exe4j.unextractedPosition = 0
2015-12-10 15:20:10.466+0000 INFO  [o.n.k.i.DiagnosticsManager] install4j.appDir = C:\Program Files\Neo4j CE 2.3.1\
2015-12-10 15:20:10.466+0000 INFO  [o.n.k.i.DiagnosticsManager] file.separator = \
2015-12-10 15:20:10.466+0000 INFO  [o.n.k.i.DiagnosticsManager] sun.io.unicode.encoding = UnicodeLittle
2015-12-10 15:20:10.466+0000 INFO  [o.n.k.i.DiagnosticsManager] sun.cpu.endian = little
2015-12-10 15:20:10.466+0000 INFO  [o.n.k.i.DiagnosticsManager] sun.desktop = windows
2015-12-10 15:20:10.466+0000 INFO  [o.n.k.i.DiagnosticsManager] sun.cpu.isalist = amd64
2015-12-10 15:20:10.466+0000 INFO  [o.n.k.i.DiagnosticsManager] Network information:
2015-12-10 15:20:10.479+0000 INFO  [o.n.k.i.DiagnosticsManager] Interface Software Loopback Interface 1:
2015-12-10 15:20:10.479+0000 INFO  [o.n.k.i.DiagnosticsManager]     address: 127.0.0.1
2015-12-10 15:20:10.479+0000 INFO  [o.n.k.i.DiagnosticsManager]     address: 0:0:0:0:0:0:0:1
2015-12-10 15:20:10.479+0000 INFO  [o.n.k.i.DiagnosticsManager] Interface Microsoft Kernel Debug Network Adapter:
2015-12-10 15:20:10.479+0000 INFO  [o.n.k.i.DiagnosticsManager] Interface Intel(R) 82578DM Gigabit Network Connection:
2015-12-10 15:20:10.479+0000 INFO  [o.n.k.i.DiagnosticsManager]     address: 10.24.47.166
2015-12-10 15:20:10.479+0000 INFO  [o.n.k.i.DiagnosticsManager]     address: 2610:130:101:d00:4493:c16:efa9:8b55
2015-12-10 15:20:10.479+0000 INFO  [o.n.k.i.DiagnosticsManager]     address: 2610:130:101:d00:a502:b02c:1a2d:577b
2015-12-10 15:20:10.479+0000 INFO  [o.n.k.i.DiagnosticsManager]     address: fe80:0:0:0:4493:c16:efa9:8b55%3
2015-12-10 15:20:10.479+0000 INFO  [o.n.k.i.DiagnosticsManager] Interface Microsoft ISATAP Adapter:
2015-12-10 15:20:10.479+0000 INFO  [o.n.k.i.DiagnosticsManager]     address: fe80:0:0:0:0:5efe:c0a8:3801%4
2015-12-10 15:20:10.479+0000 INFO  [o.n.k.i.DiagnosticsManager] Interface Teredo Tunneling Pseudo-Interface:
2015-12-10 15:20:10.479+0000 INFO  [o.n.k.i.DiagnosticsManager] Interface Microsoft ISATAP Adapter #2:
2015-12-10 15:20:10.479+0000 INFO  [o.n.k.i.DiagnosticsManager]     address: fe80:0:0:0:0:5efe:a18:2fa6%6
2015-12-10 15:20:10.479+0000 INFO  [o.n.k.i.DiagnosticsManager] Interface VirtualBox Host-Only Ethernet Adapter:
2015-12-10 15:20:10.479+0000 INFO  [o.n.k.i.DiagnosticsManager]     address: 192.168.56.1
2015-12-10 15:20:10.479+0000 INFO  [o.n.k.i.DiagnosticsManager]     address: fe80:0:0:0:4133:2d33:29c2:6efa%7
2015-12-10 15:20:10.479+0000 INFO  [o.n.k.i.DiagnosticsManager] Interface Microsoft ISATAP Adapter #3:
2015-12-10 15:20:10.479+0000 INFO  [o.n.k.i.DiagnosticsManager] Interface VirtualBox Host-Only Ethernet Adapter-WFP Native MAC Layer LightWeight Filter-0000:
2015-12-10 15:20:10.479+0000 INFO  [o.n.k.i.DiagnosticsManager] Interface VirtualBox Host-Only Ethernet Adapter-VirtualBox NDIS Light-Weight Filter-0000:
2015-12-10 15:20:10.479+0000 INFO  [o.n.k.i.DiagnosticsManager] Interface VirtualBox Host-Only Ethernet Adapter-QoS Packet Scheduler-0000:
2015-12-10 15:20:10.479+0000 INFO  [o.n.k.i.DiagnosticsManager] Interface VirtualBox Host-Only Ethernet Adapter-WFP 802.3 MAC Layer LightWeight Filter-0000:
2015-12-10 15:20:10.479+0000 INFO  [o.n.k.i.DiagnosticsManager] Interface Intel(R) 82578DM Gigabit Network Connection-WFP Native MAC Layer LightWeight Filter-0000:
2015-12-10 15:20:10.480+0000 INFO  [o.n.k.i.DiagnosticsManager] Interface Intel(R) 82578DM Gigabit Network Connection-VirtualBox NDIS Light-Weight Filter-0000:
2015-12-10 15:20:10.480+0000 INFO  [o.n.k.i.DiagnosticsManager] Interface Intel(R) 82578DM Gigabit Network Connection-QoS Packet Scheduler-0000:
2015-12-10 15:20:10.480+0000 INFO  [o.n.k.i.DiagnosticsManager] Interface Intel(R) 82578DM Gigabit Network Connection-WFP 802.3 MAC Layer LightWeight Filter-0000:
2015-12-10 15:20:10.480+0000 INFO  [o.n.k.i.DiagnosticsManager] --- INITIALIZED diagnostics END ---
2015-12-10 15:20:13.196+0000 INFO  [o.n.k.a.i.i.LuceneLabelScanStore] No lucene scan store index found, this might just be first use. Preparing to rebuild.
2015-12-10 15:20:13.202+0000 INFO  [o.n.k.NeoStoreDataSource] Opened logical log [C:\561\5000\5000D5\neostore.transaction.db.0] version=0, lastTxId=1 (clean)
2015-12-10 15:20:13.205+0000 WARN  [o.n.k.i.s.MetaDataStore] Missing counts store, rebuilding it.
2015-12-10 15:20:13.275+0000 INFO  [o.n.k.a.i.i.LuceneLabelScanStore] Rebuilding lucene scan store, this may take a while
2015-12-10 15:20:13.295+0000 INFO  [o.n.k.a.i.i.LuceneLabelScanStore] Lucene scan store rebuilt (roughly -1 nodes)
2015-12-10 15:20:13.298+0000 INFO  [o.n.k.KernelHealth] Kernel health set to OK
2015-12-10 15:20:13.307+0000 INFO  [o.n.k.AvailabilityGuard] Fulfilling of requirement makes database available: Database available
2015-12-10 15:20:13.309+0000 INFO  [o.n.k.i.f.CommunityFacadeFactory] Database is now ready
2015-12-10 15:20:13.311+0000 INFO  [o.n.k.i.DiagnosticsManager] --- STARTED diagnostics for KernelDiagnostics:Versions START ---
2015-12-10 15:20:13.314+0000 INFO  [o.n.k.i.DiagnosticsManager] Graph Database: Community StoreId{creationTime=1449760813087, randomId=-2353222228136493374, storeVersion=15250506225055238, upgradeTime=1449760813087, upgradeId=1}
2015-12-10 15:20:13.316+0000 INFO  [o.n.k.i.DiagnosticsManager] Kernel version: 2.3.1
2015-12-10 15:20:13.318+0000 INFO  [o.n.k.i.DiagnosticsManager] --- STARTED diagnostics for KernelDiagnostics:Versions END ---
2015-12-10 15:20:13.321+0000 INFO  [o.n.k.i.DiagnosticsManager] --- STARTED diagnostics for NEO_STORE_VERSIONS START ---
2015-12-10 15:20:13.323+0000 INFO  [o.n.k.i.DiagnosticsManager] Store versions:
2015-12-10 15:20:13.325+0000 INFO  [o.n.k.i.DiagnosticsManager] Store versions:
2015-12-10 15:20:13.328+0000 INFO  [o.n.k.i.DiagnosticsManager] ArrayPropertyStore v0.A.6
2015-12-10 15:20:13.330+0000 INFO  [o.n.k.i.DiagnosticsManager] NodeStore v0.A.6
2015-12-10 15:20:13.333+0000 INFO  [o.n.k.i.DiagnosticsManager] StringPropertyStore v0.A.6
2015-12-10 15:20:13.335+0000 INFO  [o.n.k.i.DiagnosticsManager] PropertyIndexStore v0.A.6
2015-12-10 15:20:13.337+0000 INFO  [o.n.k.i.DiagnosticsManager] StringPropertyStore v0.A.6
2015-12-10 15:20:13.340+0000 INFO  [o.n.k.i.DiagnosticsManager] ArrayPropertyStore v0.A.6
2015-12-10 15:20:13.342+0000 INFO  [o.n.k.i.DiagnosticsManager] PropertyStore v0.A.6
2015-12-10 15:20:13.345+0000 INFO  [o.n.k.i.DiagnosticsManager] RelationshipStore v0.A.6
2015-12-10 15:20:13.347+0000 INFO  [o.n.k.i.DiagnosticsManager] StringPropertyStore v0.A.6
2015-12-10 15:20:13.350+0000 INFO  [o.n.k.i.DiagnosticsManager] RelationshipTypeStore v0.A.6
2015-12-10 15:20:13.352+0000 INFO  [o.n.k.i.DiagnosticsManager] StringPropertyStore v0.A.6
2015-12-10 15:20:13.355+0000 INFO  [o.n.k.i.DiagnosticsManager] LabelTokenStore v0.A.6
2015-12-10 15:20:13.357+0000 INFO  [o.n.k.i.DiagnosticsManager] SchemaStore v0.A.6
2015-12-10 15:20:13.359+0000 INFO  [o.n.k.i.DiagnosticsManager] RelationshipGroupStore v0.A.6
2015-12-10 15:20:13.362+0000 INFO  [o.n.k.i.DiagnosticsManager] NeoStore v0.A.6
2015-12-10 15:20:13.364+0000 INFO  [o.n.k.i.DiagnosticsManager] --- STARTED diagnostics for NEO_STORE_VERSIONS END ---
2015-12-10 15:20:13.367+0000 INFO  [o.n.k.i.DiagnosticsManager] --- STARTED diagnostics for NEO_STORE_ID_USAGE START ---
2015-12-10 15:20:13.369+0000 INFO  [o.n.k.i.DiagnosticsManager] Id usage:
2015-12-10 15:20:13.371+0000 INFO  [o.n.k.i.DiagnosticsManager] Id usage:
2015-12-10 15:20:13.374+0000 INFO  [o.n.k.i.DiagnosticsManager]   ArrayPropertyStore v0.A.6: used=1 high=0
2015-12-10 15:20:13.377+0000 INFO  [o.n.k.i.DiagnosticsManager]   NodeStore v0.A.6: used=0 high=-1
2015-12-10 15:20:13.379+0000 INFO  [o.n.k.i.DiagnosticsManager]   StringPropertyStore v0.A.6: used=1 high=0
2015-12-10 15:20:13.382+0000 INFO  [o.n.k.i.DiagnosticsManager]   PropertyIndexStore v0.A.6: used=0 high=-1
2015-12-10 15:20:13.384+0000 INFO  [o.n.k.i.DiagnosticsManager]   StringPropertyStore v0.A.6: used=1 high=0
2015-12-10 15:20:13.387+0000 INFO  [o.n.k.i.DiagnosticsManager]   ArrayPropertyStore v0.A.6: used=1 high=0
2015-12-10 15:20:13.389+0000 INFO  [o.n.k.i.DiagnosticsManager]   PropertyStore v0.A.6: used=0 high=-1
2015-12-10 15:20:13.391+0000 INFO  [o.n.k.i.DiagnosticsManager]   RelationshipStore v0.A.6: used=0 high=-1
2015-12-10 15:20:13.394+0000 INFO  [o.n.k.i.DiagnosticsManager]   StringPropertyStore v0.A.6: used=1 high=0
2015-12-10 15:20:13.396+0000 INFO  [o.n.k.i.DiagnosticsManager]   RelationshipTypeStore v0.A.6: used=0 high=-1
2015-12-10 15:20:13.399+0000 INFO  [o.n.k.i.DiagnosticsManager]   StringPropertyStore v0.A.6: used=1 high=0
2015-12-10 15:20:13.401+0000 INFO  [o.n.k.i.DiagnosticsManager]   LabelTokenStore v0.A.6: used=0 high=-1
2015-12-10 15:20:13.404+0000 INFO  [o.n.k.i.DiagnosticsManager]   SchemaStore v0.A.6: used=1 high=0
2015-12-10 15:20:13.406+0000 INFO  [o.n.k.i.DiagnosticsManager]   RelationshipGroupStore v0.A.6: used=1 high=0
2015-12-10 15:20:13.408+0000 INFO  [o.n.k.i.DiagnosticsManager]   NeoStore v0.A.6: used=13 high=12
2015-12-10 15:20:13.410+0000 INFO  [o.n.k.i.DiagnosticsManager] --- STARTED diagnostics for NEO_STORE_ID_USAGE END ---
2015-12-10 15:20:13.413+0000 INFO  [o.n.k.i.DiagnosticsManager] --- STARTED diagnostics for NEO_STORE_RECORDS START ---
2015-12-10 15:20:13.415+0000 INFO  [o.n.k.i.DiagnosticsManager] Neostore records:
2015-12-10 15:20:13.418+0000 INFO  [o.n.k.i.DiagnosticsManager] TIME (Creation time): 1449760813087
2015-12-10 15:20:13.420+0000 INFO  [o.n.k.i.DiagnosticsManager] RANDOM_NUMBER (Random number for store id): -2353222228136493374
2015-12-10 15:20:13.422+0000 INFO  [o.n.k.i.DiagnosticsManager] LOG_VERSION (Current log version): 0
2015-12-10 15:20:13.425+0000 INFO  [o.n.k.i.DiagnosticsManager] LAST_TRANSACTION_ID (Last committed transaction): 1
2015-12-10 15:20:13.427+0000 INFO  [o.n.k.i.DiagnosticsManager] STORE_VERSION (Store format version): 15250506225055238
2015-12-10 15:20:13.430+0000 INFO  [o.n.k.i.DiagnosticsManager] FIRST_GRAPH_PROPERTY (First property record containing graph properties): -1
2015-12-10 15:20:13.432+0000 INFO  [o.n.k.i.DiagnosticsManager] LAST_CONSTRAINT_TRANSACTION (Last committed transaction containing constraint changes): 0
2015-12-10 15:20:13.435+0000 INFO  [o.n.k.i.DiagnosticsManager] UPGRADE_TRANSACTION_ID (Transaction id most recent upgrade was performed at): 1
2015-12-10 15:20:13.437+0000 INFO  [o.n.k.i.DiagnosticsManager] UPGRADE_TIME (Time of last upgrade): 1449760813087
2015-12-10 15:20:13.440+0000 INFO  [o.n.k.i.DiagnosticsManager] LAST_TRANSACTION_CHECKSUM (Checksum of last committed transaction): 0
2015-12-10 15:20:13.442+0000 INFO  [o.n.k.i.DiagnosticsManager] UPGRADE_TRANSACTION_CHECKSUM (Checksum of transaction id the most recent upgrade was performed at): 0
2015-12-10 15:20:13.444+0000 INFO  [o.n.k.i.DiagnosticsManager] LAST_CLOSED_TRANSACTION_LOG_VERSION (Log version where the last transaction commit entry has been written into): 0
2015-12-10 15:20:13.447+0000 INFO  [o.n.k.i.DiagnosticsManager] LAST_CLOSED_TRANSACTION_LOG_BYTE_OFFSET (Byte offset in the log file where the last transaction commit entry has been written into): 16
2015-12-10 15:20:13.449+0000 INFO  [o.n.k.i.DiagnosticsManager] --- STARTED diagnostics for NEO_STORE_RECORDS END ---
2015-12-10 15:20:13.452+0000 INFO  [o.n.k.i.DiagnosticsManager] --- STARTED diagnostics for TRANSACTION_RANGE START ---
2015-12-10 15:20:13.454+0000 INFO  [o.n.k.i.DiagnosticsManager] Transaction log:
2015-12-10 15:20:13.457+0000 INFO  [o.n.k.i.DiagnosticsManager] No transactions found in any log
2015-12-10 15:20:13.460+0000 INFO  [o.n.k.i.DiagnosticsManager] --- STARTED diagnostics for TRANSACTION_RANGE END ---
2015-12-10 15:20:13.463+0000 INFO  [o.n.k.i.DiagnosticsManager] --- STARTED diagnostics for KernelDiagnostics:StoreFiles START ---
2015-12-10 15:20:13.466+0000 INFO  [o.n.k.i.DiagnosticsManager] Disk space on partition (Total / Free / Free %): 499738734592 / 397801517056 / 79
Storage files: (filename : modification date - size)
2015-12-10 15:20:13.470+0000 INFO  [o.n.k.i.DiagnosticsManager]   dbms:
2015-12-10 15:20:13.472+0000 INFO  [o.n.k.i.DiagnosticsManager]     ssl:
2015-12-10 15:20:13.475+0000 INFO  [o.n.k.i.DiagnosticsManager]       snakeoil.cert: 2015-12-10T09:20:10-0600 - 630.00 B
2015-12-10 15:20:13.478+0000 INFO  [o.n.k.i.DiagnosticsManager]       snakeoil.key: 2015-12-10T09:20:10-0600 - 914.00 B
2015-12-10 15:20:13.480+0000 INFO  [o.n.k.i.DiagnosticsManager]     - Total: 2015-12-10T09:20:10-0600 - 1.51 kB
2015-12-10 15:20:13.483+0000 INFO  [o.n.k.i.DiagnosticsManager]   - Total: 2015-12-10T09:20:10-0600 - 1.51 kB
2015-12-10 15:20:13.485+0000 INFO  [o.n.k.i.DiagnosticsManager]   index:
2015-12-10 15:20:13.488+0000 INFO  [o.n.k.i.DiagnosticsManager]   - Total: 2015-12-10T09:20:13-0600 - 0.00 B
2015-12-10 15:20:13.490+0000 INFO  [o.n.k.i.DiagnosticsManager]   messages.log: 2015-12-10T09:20:10-0600 - 26.40 kB
2015-12-10 15:20:13.493+0000 INFO  [o.n.k.i.DiagnosticsManager]   neo4j.properties: 2015-12-10T09:20:10-0600 - 1.30 kB
2015-12-10 15:20:13.495+0000 INFO  [o.n.k.i.DiagnosticsManager]   neostore: 2015-12-10T09:20:13-0600 - 8.00 kB
2015-12-10 15:20:13.498+0000 INFO  [o.n.k.i.DiagnosticsManager]   neostore.counts.db.a: 2015-12-10T09:20:13-0600 - 96.00 B
2015-12-10 15:20:13.500+0000 INFO  [o.n.k.i.DiagnosticsManager]   neostore.id: 2015-12-10T09:20:13-0600 - 9.00 B
2015-12-10 15:20:13.503+0000 INFO  [o.n.k.i.DiagnosticsManager]   neostore.labeltokenstore.db: 2015-12-10T09:20:12-0600 - 0.00 B
2015-12-10 15:20:13.506+0000 INFO  [o.n.k.i.DiagnosticsManager]   neostore.labeltokenstore.db.id: 2015-12-10T09:20:12-0600 - 9.00 B
2015-12-10 15:20:13.508+0000 INFO  [o.n.k.i.DiagnosticsManager]   neostore.labeltokenstore.db.names: 2015-12-10T09:20:12-0600 - 8.00 kB
2015-12-10 15:20:13.511+0000 INFO  [o.n.k.i.DiagnosticsManager]   neostore.labeltokenstore.db.names.id: 2015-12-10T09:20:12-0600 - 9.00 B
2015-12-10 15:20:13.513+0000 INFO  [o.n.k.i.DiagnosticsManager]   neostore.nodestore.db: 2015-12-10T09:20:10-0600 - 0.00 B
2015-12-10 15:20:13.516+0000 INFO  [o.n.k.i.DiagnosticsManager]   neostore.nodestore.db.id: 2015-12-10T09:20:10-0600 - 9.00 B
2015-12-10 15:20:13.518+0000 INFO  [o.n.k.i.DiagnosticsManager]   neostore.nodestore.db.labels: 2015-12-10T09:20:10-0600 - 8.00 kB
2015-12-10 15:20:13.521+0000 INFO  [o.n.k.i.DiagnosticsManager]   neostore.nodestore.db.labels.id: 2015-12-10T09:20:10-0600 - 9.00 B
2015-12-10 15:20:13.523+0000 INFO  [o.n.k.i.DiagnosticsManager]   neostore.propertystore.db: 2015-12-10T09:20:11-0600 - 0.00 B
2015-12-10 15:20:13.525+0000 INFO  [o.n.k.i.DiagnosticsManager]   neostore.propertystore.db.arrays: 2015-12-10T09:20:11-0600 - 8.00 kB
2015-12-10 15:20:13.528+0000 INFO  [o.n.k.i.DiagnosticsManager]   neostore.propertystore.db.arrays.id: 2015-12-10T09:20:11-0600 - 9.00 B
2015-12-10 15:20:13.530+0000 INFO  [o.n.k.i.DiagnosticsManager]   neostore.propertystore.db.id: 2015-12-10T09:20:11-0600 - 9.00 B
2015-12-10 15:20:13.533+0000 INFO  [o.n.k.i.DiagnosticsManager]   neostore.propertystore.db.index: 2015-12-10T09:20:11-0600 - 0.00 B
2015-12-10 15:20:13.535+0000 INFO  [o.n.k.i.DiagnosticsManager]   neostore.propertystore.db.index.id: 2015-12-10T09:20:11-0600 - 9.00 B
2015-12-10 15:20:13.537+0000 INFO  [o.n.k.i.DiagnosticsManager]   neostore.propertystore.db.index.keys: 2015-12-10T09:20:11-0600 - 8.00 kB
2015-12-10 15:20:13.540+0000 INFO  [o.n.k.i.DiagnosticsManager]   neostore.propertystore.db.index.keys.id: 2015-12-10T09:20:11-0600 - 9.00 B
2015-12-10 15:20:13.542+0000 INFO  [o.n.k.i.DiagnosticsManager]   neostore.propertystore.db.strings: 2015-12-10T09:20:11-0600 - 8.00 kB
2015-12-10 15:20:13.545+0000 INFO  [o.n.k.i.DiagnosticsManager]   neostore.propertystore.db.strings.id: 2015-12-10T09:20:11-0600 - 9.00 B
2015-12-10 15:20:13.548+0000 INFO  [o.n.k.i.DiagnosticsManager]   neostore.relationshipgroupstore.db: 2015-12-10T09:20:12-0600 - 8.00 kB
2015-12-10 15:20:13.551+0000 INFO  [o.n.k.i.DiagnosticsManager]   neostore.relationshipgroupstore.db.id: 2015-12-10T09:20:13-0600 - 9.00 B
2015-12-10 15:20:13.553+0000 INFO  [o.n.k.i.DiagnosticsManager]   neostore.relationshipstore.db: 2015-12-10T09:20:11-0600 - 0.00 B
2015-12-10 15:20:13.556+0000 INFO  [o.n.k.i.DiagnosticsManager]   neostore.relationshipstore.db.id: 2015-12-10T09:20:11-0600 - 9.00 B
2015-12-10 15:20:13.558+0000 INFO  [o.n.k.i.DiagnosticsManager]   neostore.relationshiptypestore.db: 2015-12-10T09:20:12-0600 - 0.00 B
2015-12-10 15:20:13.561+0000 INFO  [o.n.k.i.DiagnosticsManager]   neostore.relationshiptypestore.db.id: 2015-12-10T09:20:12-0600 - 9.00 B
2015-12-10 15:20:13.564+0000 INFO  [o.n.k.i.DiagnosticsManager]   neostore.relationshiptypestore.db.names: 2015-12-10T09:20:12-0600 - 8.00 kB
2015-12-10 15:20:13.567+0000 INFO  [o.n.k.i.DiagnosticsManager]   neostore.relationshiptypestore.db.names.id: 2015-12-10T09:20:12-0600 - 9.00 B
2015-12-10 15:20:13.569+0000 INFO  [o.n.k.i.DiagnosticsManager]   neostore.schemastore.db: 2015-12-10T09:20:12-0600 - 8.00 kB
2015-12-10 15:20:13.572+0000 INFO  [o.n.k.i.DiagnosticsManager]   neostore.schemastore.db.id: 2015-12-10T09:20:12-0600 - 9.00 B
2015-12-10 15:20:13.574+0000 INFO  [o.n.k.i.DiagnosticsManager]   neostore.transaction.db.0: 2015-12-10T09:20:13-0600 - 16.00 B
2015-12-10 15:20:13.576+0000 INFO  [o.n.k.i.DiagnosticsManager]   schema:
2015-12-10 15:20:13.579+0000 INFO  [o.n.k.i.DiagnosticsManager]     label:
2015-12-10 15:20:13.581+0000 INFO  [o.n.k.i.DiagnosticsManager]       lucene:
2015-12-10 15:20:13.584+0000 INFO  [o.n.k.i.DiagnosticsManager]         write.lock: 2015-12-10T09:20:13-0600 - 0.00 B
2015-12-10 15:20:13.586+0000 INFO  [o.n.k.i.DiagnosticsManager]       - Total: 2015-12-10T09:20:13-0600 - 0.00 B
2015-12-10 15:20:13.588+0000 INFO  [o.n.k.i.DiagnosticsManager]     - Total: 2015-12-10T09:20:13-0600 - 0.00 B
2015-12-10 15:20:13.591+0000 INFO  [o.n.k.i.DiagnosticsManager]   - Total: 2015-12-10T09:20:13-0600 - 0.00 B
2015-12-10 15:20:13.593+0000 INFO  [o.n.k.i.DiagnosticsManager]   store_lock: 2015-12-10T09:20:10-0600 - 0.00 B
2015-12-10 15:20:13.595+0000 INFO  [o.n.k.i.DiagnosticsManager] --- STARTED diagnostics for KernelDiagnostics:StoreFiles END ---
2015-12-10 15:20:13.606+0000 INFO  [o.n.k.i.DiagnosticsManager] --- SERVER STARTED START ---
2015-12-10 15:20:13.983+0000 WARN  [o.n.k.i.c.MonitorGc] GC Monitor: Application threads blocked for 274ms.
2015-12-10 15:20:14.578+0000 INFO  [o.n.k.i.DiagnosticsManager] --- SERVER STARTED END ---
2015-12-10 15:25:13.499+0000 INFO  [o.n.k.i.t.l.c.CheckPointerImpl] Check Pointing triggered by scheduler for time threshold [4989]:  Starting check pointing...
2015-12-10 15:25:13.502+0000 INFO  [o.n.k.i.t.l.c.CheckPointerImpl] Check Pointing triggered by scheduler for time threshold [4989]:  Starting store flush...
2015-12-10 15:25:13.708+0000 INFO  [o.n.k.i.s.c.CountsTracker] About to rotate counts store at transaction 4992 to [C:\561\5000\5000D5\neostore.counts.db.b], from [C:\561\5000\5000D5\neostore.counts.db.a].
2015-12-10 15:25:13.717+0000 INFO  [o.n.k.i.s.c.CountsTracker] Successfully rotated counts store at transaction 4992 to [C:\561\5000\5000D5\neostore.counts.db.b], from [C:\561\5000\5000D5\neostore.counts.db.a].
2015-12-10 15:25:14.309+0000 INFO  [o.n.k.i.t.l.c.CheckPointerImpl] Check Pointing triggered by scheduler for time threshold [4989]:  Store flush completed
2015-12-10 15:25:14.313+0000 INFO  [o.n.k.i.t.l.c.CheckPointerImpl] Check Pointing triggered by scheduler for time threshold [4989]:  Starting appending check point entry into the tx log...
2015-12-10 15:25:14.357+0000 INFO  [o.n.k.i.t.l.c.CheckPointerImpl] Check Pointing triggered by scheduler for time threshold [4989]:  Appending check point entry into the tx log completed
2015-12-10 15:25:14.361+0000 INFO  [o.n.k.i.t.l.c.CheckPointerImpl] Check Pointing triggered by scheduler for time threshold [4989]:  Check pointing completed
2015-12-10 15:25:14.365+0000 INFO  [o.n.k.i.t.l.p.LogPruningImpl] Log Rotation [0]:  Starting log pruning.
2015-12-10 15:25:14.371+0000 INFO  [o.n.k.i.t.l.p.LogPruningImpl] Log Rotation [0]:  Log pruning complete.
2015-12-10 15:30:14.404+0000 INFO  [o.n.k.i.t.l.c.CheckPointerImpl] Check Pointing triggered by scheduler for time threshold [10100]:  Starting check pointing...
2015-12-10 15:30:14.408+0000 INFO  [o.n.k.i.t.l.c.CheckPointerImpl] Check Pointing triggered by scheduler for time threshold [10100]:  Starting store flush...
2015-12-10 15:30:14.695+0000 INFO  [o.n.k.i.s.c.CountsTracker] About to rotate counts store at transaction 10104 to [C:\561\5000\5000D5\neostore.counts.db.a], from [C:\561\5000\5000D5\neostore.counts.db.b].
2015-12-10 15:30:14.724+0000 INFO  [o.n.k.i.s.c.CountsTracker] Successfully rotated counts store at transaction 10104 to [C:\561\5000\5000D5\neostore.counts.db.a], from [C:\561\5000\5000D5\neostore.counts.db.b].
2015-12-10 15:30:15.128+0000 INFO  [o.n.k.i.t.l.c.CheckPointerImpl] Check Pointing triggered by scheduler for time threshold [10100]:  Store flush completed
2015-12-10 15:30:15.134+0000 INFO  [o.n.k.i.t.l.c.CheckPointerImpl] Check Pointing triggered by scheduler for time threshold [10100]:  Starting appending check point entry into the tx log...
2015-12-10 15:30:15.168+0000 INFO  [o.n.k.i.t.l.c.CheckPointerImpl] Check Pointing triggered by scheduler for time threshold [10100]:  Appending check point entry into the tx log completed
2015-12-10 15:30:15.178+0000 INFO  [o.n.k.i.t.l.c.CheckPointerImpl] Check Pointing triggered by scheduler for time threshold [10100]:  Check pointing completed
2015-12-10 15:30:15.184+0000 INFO  [o.n.k.i.t.l.p.LogPruningImpl] Log Rotation [0]:  Starting log pruning.
2015-12-10 15:30:15.190+0000 INFO  [o.n.k.i.t.l.p.LogPruningImpl] Log Rotation [0]:  Log pruning complete.
2015-12-10 15:35:15.292+0000 INFO  [o.n.k.i.t.l.c.CheckPointerImpl] Check Pointing triggered by scheduler for time threshold [10311]:  Starting check pointing...
2015-12-10 15:35:15.298+0000 INFO  [o.n.k.i.t.l.c.CheckPointerImpl] Check Pointing triggered by scheduler for time threshold [10311]:  Starting store flush...
2015-12-10 15:35:15.394+0000 INFO  [o.n.k.i.s.c.CountsTracker] About to rotate counts store at transaction 10311 to [C:\561\5000\5000D5\neostore.counts.db.b], from [C:\561\5000\5000D5\neostore.counts.db.a].
2015-12-10 15:35:15.408+0000 INFO  [o.n.k.i.s.c.CountsTracker] Successfully rotated counts store at transaction 10311 to [C:\561\5000\5000D5\neostore.counts.db.b], from [C:\561\5000\5000D5\neostore.counts.db.a].
2015-12-10 15:35:15.480+0000 INFO  [o.n.k.i.t.l.c.CheckPointerImpl] Check Pointing triggered by scheduler for time threshold [10311]:  Store flush completed
2015-12-10 15:35:15.484+0000 INFO  [o.n.k.i.t.l.c.CheckPointerImpl] Check Pointing triggered by scheduler for time threshold [10311]:  Starting appending check point entry into the tx log...
2015-12-10 15:35:15.514+0000 INFO  [o.n.k.i.t.l.c.CheckPointerImpl] Check Pointing triggered by scheduler for time threshold [10311]:  Appending check point entry into the tx log completed
2015-12-10 15:35:15.518+0000 INFO  [o.n.k.i.t.l.c.CheckPointerImpl] Check Pointing triggered by scheduler for time threshold [10311]:  Check pointing completed
2015-12-10 15:35:15.521+0000 INFO  [o.n.k.i.t.l.p.LogPruningImpl] Log Rotation [0]:  Starting log pruning.
2015-12-10 15:35:15.525+0000 INFO  [o.n.k.i.t.l.p.LogPruningImpl] Log Rotation [0]:  Log pruning complete.
2015-12-10 15:41:31.802+0000 INFO  [o.n.k.i.f.GraphDatabaseFacade] Shutdown started
2015-12-10 15:41:31.805+0000 INFO  [o.n.k.i.f.CommunityFacadeFactory] Database is now unavailable
2015-12-10 15:41:31.843+0000 INFO  [o.n.k.i.t.l.c.CheckPointerImpl] Check Pointing triggered by database shutdown [10311]:  Starting check pointing...
2015-12-10 15:41:31.846+0000 INFO  [o.n.k.i.t.l.c.CheckPointerImpl] Check Pointing triggered by database shutdown [10311]:  Starting store flush...
2015-12-10 15:41:31.860+0000 INFO  [o.n.k.i.t.l.c.CheckPointerImpl] Check Pointing triggered by database shutdown [10311]:  Store flush completed
2015-12-10 15:41:31.863+0000 INFO  [o.n.k.i.t.l.c.CheckPointerImpl] Check Pointing triggered by database shutdown [10311]:  Starting appending check point entry into the tx log...
2015-12-10 15:41:31.896+0000 INFO  [o.n.k.i.t.l.c.CheckPointerImpl] Check Pointing triggered by database shutdown [10311]:  Appending check point entry into the tx log completed
2015-12-10 15:41:31.898+0000 INFO  [o.n.k.i.t.l.c.CheckPointerImpl] Check Pointing triggered by database shutdown [10311]:  Check pointing completed
2015-12-10 15:41:31.901+0000 INFO  [o.n.k.i.t.l.p.LogPruningImpl] Log Rotation [0]:  Starting log pruning.
2015-12-10 15:41:31.904+0000 INFO  [o.n.k.i.t.l.p.LogPruningImpl] Log Rotation [0]:  Log pruning complete.
2015-12-10 15:41:33.224+0000 INFO  [o.n.k.NeoStoreDataSource] NeoStores closed
2015-12-10 15:41:33.230+0000 INFO  [o.n.k.i.DiagnosticsManager] --- STOPPING diagnostics START ---
2015-12-10 15:41:33.230+0000 INFO  [o.n.k.i.DiagnosticsManager] --- STOPPING diagnostics END ---
2015-12-11 21:07:50.366+0000 INFO  [o.n.k.i.f.CommunityFacadeFactory] No locking implementation specified, defaulting to 'community'
2015-12-11 21:07:50.405+0000 INFO  [o.n.k.AvailabilityGuard] Requirement makes database unavailable: Database available
2015-12-11 21:07:50.408+0000 INFO  [o.n.k.i.DiagnosticsManager] --- INITIALIZED diagnostics START ---
2015-12-11 21:07:50.408+0000 INFO  [o.n.k.i.DiagnosticsManager] Neo4j Kernel properties:
2015-12-11 21:07:50.408+0000 INFO  [o.n.k.i.DiagnosticsManager] org.neo4j.server.db.tuning.properties=C:\561\5000\5000D5\neo4j.properties
2015-12-11 21:07:50.408+0000 INFO  [o.n.k.i.DiagnosticsManager] org.neo4j.server.database.location=C:\561\5000\5000D5
2015-12-11 21:07:50.408+0000 INFO  [o.n.k.i.DiagnosticsManager] dbms.querylog.filename=data/log/queries.log
2015-12-11 21:07:50.408+0000 INFO  [o.n.k.i.DiagnosticsManager] dbms.security.auth_store.location=C:\561\5000\5000D5\.\dbms\auth
2015-12-11 21:07:50.408+0000 INFO  [o.n.k.i.DiagnosticsManager] dbms.security.tls_certificate_file=C:\561\5000\5000D5\.\dbms\ssl\snakeoil.cert
2015-12-11 21:07:50.408+0000 INFO  [o.n.k.i.DiagnosticsManager] remote_shell_enabled=true
2015-12-11 21:07:50.408+0000 INFO  [o.n.k.i.DiagnosticsManager] edition=Community
2015-12-11 21:07:50.408+0000 INFO  [o.n.k.i.DiagnosticsManager] dbms.security.tls_key_file=C:\561\5000\5000D5\.\dbms\ssl\snakeoil.key
2015-12-11 21:07:50.408+0000 INFO  [o.n.k.i.DiagnosticsManager] Diagnostics providers:
2015-12-11 21:07:50.408+0000 INFO  [o.n.k.i.DiagnosticsManager] org.neo4j.kernel.configuration.Config
2015-12-11 21:07:50.408+0000 INFO  [o.n.k.i.DiagnosticsManager] org.neo4j.kernel.info.DiagnosticsManager
2015-12-11 21:07:50.408+0000 INFO  [o.n.k.i.DiagnosticsManager] SYSTEM_MEMORY
2015-12-11 21:07:50.408+0000 INFO  [o.n.k.i.DiagnosticsManager] JAVA_MEMORY
2015-12-11 21:07:50.408+0000 INFO  [o.n.k.i.DiagnosticsManager] OPERATING_SYSTEM
2015-12-11 21:07:50.408+0000 INFO  [o.n.k.i.DiagnosticsManager] JAVA_VIRTUAL_MACHINE
2015-12-11 21:07:50.408+0000 INFO  [o.n.k.i.DiagnosticsManager] CLASSPATH
2015-12-11 21:07:50.408+0000 INFO  [o.n.k.i.DiagnosticsManager] LIBRARY_PATH
2015-12-11 21:07:50.408+0000 INFO  [o.n.k.i.DiagnosticsManager] SYSTEM_PROPERTIES
2015-12-11 21:07:50.408+0000 INFO  [o.n.k.i.DiagnosticsManager] NETWORK
2015-12-11 21:07:50.408+0000 INFO  [o.n.k.i.DiagnosticsManager] System memory information:
2015-12-11 21:07:50.409+0000 INFO  [o.n.k.i.DiagnosticsManager] Total Physical memory: 3.93 GB
2015-12-11 21:07:50.409+0000 INFO  [o.n.k.i.DiagnosticsManager] Free Physical memory: 1.96 GB
2015-12-11 21:07:50.409+0000 INFO  [o.n.k.i.DiagnosticsManager] Committed virtual memory: 338.71 MB
2015-12-11 21:07:50.409+0000 INFO  [o.n.k.i.DiagnosticsManager] Total swap space: 5.66 GB
2015-12-11 21:07:50.409+0000 INFO  [o.n.k.i.DiagnosticsManager] Free swap space: 2.83 GB
2015-12-11 21:07:50.409+0000 INFO  [o.n.k.i.DiagnosticsManager] JVM memory information:
2015-12-11 21:07:50.409+0000 INFO  [o.n.k.i.DiagnosticsManager] Free  memory: 24.63 MB
2015-12-11 21:07:50.409+0000 INFO  [o.n.k.i.DiagnosticsManager] Total memory: 74.00 MB
2015-12-11 21:07:50.409+0000 INFO  [o.n.k.i.DiagnosticsManager] Max   memory: 894.50 MB
2015-12-11 21:07:50.409+0000 INFO  [o.n.k.i.DiagnosticsManager] Garbage Collector: PS Scavenge: [PS Eden Space, PS Survivor Space]
2015-12-11 21:07:50.409+0000 INFO  [o.n.k.i.DiagnosticsManager] Garbage Collector: PS MarkSweep: [PS Eden Space, PS Survivor Space, PS Old Gen, PS Perm Gen]
2015-12-11 21:07:50.409+0000 INFO  [o.n.k.i.DiagnosticsManager] Memory Pool: Code Cache (Non-heap memory): committed=11.31 MB, used=11.10 MB, max=48.00 MB, threshold=0.00 B
2015-12-11 21:07:50.409+0000 INFO  [o.n.k.i.DiagnosticsManager] Memory Pool: PS Eden Space (Heap memory): committed=20.00 MB, used=5.96 MB, max=334.50 MB, threshold=?
2015-12-11 21:07:50.409+0000 INFO  [o.n.k.i.DiagnosticsManager] Memory Pool: PS Survivor Space (Heap memory): committed=512.00 kB, used=500.56 kB, max=512.00 kB, threshold=?
2015-12-11 21:07:50.409+0000 INFO  [o.n.k.i.DiagnosticsManager] Memory Pool: PS Old Gen (Heap memory): committed=53.50 MB, used=42.92 MB, max=670.50 MB, threshold=0.00 B
2015-12-11 21:07:50.409+0000 INFO  [o.n.k.i.DiagnosticsManager] Memory Pool: PS Perm Gen (Non-heap memory): committed=65.50 MB, used=64.71 MB, max=82.00 MB, threshold=0.00 B
2015-12-11 21:07:50.409+0000 INFO  [o.n.k.i.DiagnosticsManager] Operating system information:
2015-12-11 21:07:50.409+0000 INFO  [o.n.k.i.DiagnosticsManager] Operating System: Windows 8.1; version: 6.3; arch: amd64; cpus: 8
2015-12-11 21:07:50.410+0000 INFO  [o.n.k.i.DiagnosticsManager] Process id: 5816@ATAN-B03-02
2015-12-11 21:07:50.410+0000 INFO  [o.n.k.i.DiagnosticsManager] Byte order: LITTLE_ENDIAN
2015-12-11 21:07:50.410+0000 INFO  [o.n.k.i.DiagnosticsManager] Local timezone: America/Chicago
2015-12-11 21:07:50.410+0000 INFO  [o.n.k.i.DiagnosticsManager] JVM information:
2015-12-11 21:07:50.410+0000 INFO  [o.n.k.i.DiagnosticsManager] VM Name: Java HotSpot(TM) 64-Bit Server VM
2015-12-11 21:07:50.410+0000 INFO  [o.n.k.i.DiagnosticsManager] VM Vendor: Oracle Corporation
2015-12-11 21:07:50.410+0000 INFO  [o.n.k.i.DiagnosticsManager] VM Version: 24.80-b11
2015-12-11 21:07:50.410+0000 INFO  [o.n.k.i.DiagnosticsManager] JIT compiler: HotSpot 64-Bit Tiered Compilers
2015-12-11 21:07:50.410+0000 INFO  [o.n.k.i.DiagnosticsManager] VM Arguments: [-Dexe4j.semaphoreName=Local\c:_program_files_neo4j_ce_2.3.1_bin_neo4j-ce.exe, -Dexe4j.isInstall4j=true, -Dexe4j.moduleName=C:\Program Files\Neo4j CE 2.3.1\bin\neo4j-ce.exe, -Dexe4j.tempDir=, -Dexe4j.unextractedPosition=0, -Djava.library.path=C:\Program Files (x86)\AMD APP\bin\x86_64;C:\Program Files (x86)\AMD APP\bin\x86;C:\ProgramData\Oracle\Java\javapath;C:\Windows\system32;C:\Windows;C:\Windows\System32\Wbem;C:\Windows\System32\WindowsPowerShell\v1.0\;C:\Program Files (x86)\MiKTeX 2.9\miktex\bin\;C:\Program Files\TortoiseSVN\bin;C:\Windows\system32\config\systemprofile\.dnx\bin;C:\Program Files\Microsoft DNX\Dnvm\;C:\Program Files\MATLAB\R2015b\runtime\win64;C:\Program Files\MATLAB\R2015b\bin;C:\Program Files (x86)\ATI Technologies\ATI.ACE\Core-Static;c:\program files\neo4j ce 2.3.1\jre\bin, -Dexe4j.consoleCodepage=cp0, -Dinstall4j.launcherId=24, -Dinstall4j.swt=false]
2015-12-11 21:07:50.410+0000 INFO  [o.n.k.i.DiagnosticsManager] Java classpath:
2015-12-11 21:07:50.412+0000 INFO  [o.n.k.i.DiagnosticsManager]  [loader.1] file:/C:/Program%20Files/Neo4j%20CE%202.3.1/jre/lib/ext/dnsns.jar
2015-12-11 21:07:50.412+0000 INFO  [o.n.k.i.DiagnosticsManager]  [loader.0] file:/C:/Program%20Files/Neo4j%20CE%202.3.1/bin/
2015-12-11 21:07:50.412+0000 INFO  [o.n.k.i.DiagnosticsManager]  [bootstrap] C:\Program Files\Neo4j CE 2.3.1\jre\lib\resources.jar
2015-12-11 21:07:50.412+0000 INFO  [o.n.k.i.DiagnosticsManager]  [bootstrap] C:\Program Files\Neo4j CE 2.3.1\jre\lib\jfr.jar
2015-12-11 21:07:50.412+0000 INFO  [o.n.k.i.DiagnosticsManager]  [classpath] C:\Program Files\Neo4j CE 2.3.1\.install4j\i4jruntime.jar
2015-12-11 21:07:50.412+0000 INFO  [o.n.k.i.DiagnosticsManager]  [loader.1] file:/C:/Program%20Files/Neo4j%20CE%202.3.1/jre/lib/ext/sunmscapi.jar
2015-12-11 21:07:50.412+0000 INFO  [o.n.k.i.DiagnosticsManager]  [bootstrap] C:\Program Files\Neo4j CE 2.3.1\jre\lib\jsse.jar
2015-12-11 21:07:50.412+0000 INFO  [o.n.k.i.DiagnosticsManager]  [loader.1] file:/C:/Program%20Files/Neo4j%20CE%202.3.1/jre/lib/ext/dns_sd.jar
2015-12-11 21:07:50.412+0000 INFO  [o.n.k.i.DiagnosticsManager]  [loader.0] file:/C:/Program%20Files/Neo4j%20CE%202.3.1/.install4j/i4jruntime.jar
2015-12-11 21:07:50.412+0000 INFO  [o.n.k.i.DiagnosticsManager]  [loader.0] file:/C:/Program%20Files/Neo4j%20CE%202.3.1/bin/neo4j-desktop-2.3.1.jar
2015-12-11 21:07:50.412+0000 INFO  [o.n.k.i.DiagnosticsManager]  [loader.1] file:/C:/Program%20Files/Neo4j%20CE%202.3.1/jre/lib/ext/access-bridge-64.jar
2015-12-11 21:07:50.412+0000 INFO  [o.n.k.i.DiagnosticsManager]  [loader.1] file:/C:/Program%20Files/Neo4j%20CE%202.3.1/jre/lib/ext/localedata.jar
2015-12-11 21:07:50.412+0000 INFO  [o.n.k.i.DiagnosticsManager]  [bootstrap] C:\Program Files\Neo4j CE 2.3.1\jre\lib\sunrsasign.jar
2015-12-11 21:07:50.412+0000 INFO  [o.n.k.i.DiagnosticsManager]  [bootstrap] C:\Program Files\Neo4j CE 2.3.1\jre\lib\jce.jar
2015-12-11 21:07:50.412+0000 INFO  [o.n.k.i.DiagnosticsManager]  [bootstrap] C:\Program Files\Neo4j CE 2.3.1\jre\lib\rt.jar
2015-12-11 21:07:50.412+0000 INFO  [o.n.k.i.DiagnosticsManager]  [bootstrap] C:\Program Files\Neo4j CE 2.3.1\jre\lib\charsets.jar
2015-12-11 21:07:50.412+0000 INFO  [o.n.k.i.DiagnosticsManager]  [loader.1] file:/C:/Program%20Files/Neo4j%20CE%202.3.1/jre/lib/ext/sunjce_provider.jar
2015-12-11 21:07:50.412+0000 INFO  [o.n.k.i.DiagnosticsManager]  [bootstrap] C:\Program Files\Neo4j CE 2.3.1\jre\classes
2015-12-11 21:07:50.412+0000 INFO  [o.n.k.i.DiagnosticsManager]  [loader.1] file:/C:/Program%20Files/Neo4j%20CE%202.3.1/jre/lib/ext/zipfs.jar
2015-12-11 21:07:50.412+0000 INFO  [o.n.k.i.DiagnosticsManager]  [loader.1] file:/C:/Program%20Files/Neo4j%20CE%202.3.1/jre/lib/ext/jaccess.jar
2015-12-11 21:07:50.412+0000 INFO  [o.n.k.i.DiagnosticsManager]  [loader.1] file:/C:/Program%20Files/Neo4j%20CE%202.3.1/jre/lib/ext/sunec.jar
2015-12-11 21:07:50.412+0000 INFO  [o.n.k.i.DiagnosticsManager]  [classpath] C:\Program Files\Neo4j CE 2.3.1\bin\neo4j-desktop-2.3.1.jar
2015-12-11 21:07:50.412+0000 INFO  [o.n.k.i.DiagnosticsManager] Library path:
2015-12-11 21:07:50.413+0000 INFO  [o.n.k.i.DiagnosticsManager] C:\Program Files (x86)\AMD APP\bin\x86_64
2015-12-11 21:07:50.413+0000 INFO  [o.n.k.i.DiagnosticsManager] C:\Program Files (x86)\AMD APP\bin\x86
2015-12-11 21:07:50.413+0000 INFO  [o.n.k.i.DiagnosticsManager] C:\ProgramData\Oracle\Java\javapath
2015-12-11 21:07:50.413+0000 INFO  [o.n.k.i.DiagnosticsManager] C:\Windows\System32
2015-12-11 21:07:50.413+0000 INFO  [o.n.k.i.DiagnosticsManager] C:\Windows
2015-12-11 21:07:50.413+0000 INFO  [o.n.k.i.DiagnosticsManager] C:\Windows\System32\wbem
2015-12-11 21:07:50.414+0000 INFO  [o.n.k.i.DiagnosticsManager] C:\Windows\System32\WindowsPowerShell\v1.0
2015-12-11 21:07:50.414+0000 INFO  [o.n.k.i.DiagnosticsManager] C:\Program Files (x86)\MiKTeX 2.9\miktex\bin
2015-12-11 21:07:50.414+0000 INFO  [o.n.k.i.DiagnosticsManager] C:\Program Files\TortoiseSVN\bin
2015-12-11 21:07:50.414+0000 INFO  [o.n.k.i.DiagnosticsManager] C:\Windows\System32\config\systemprofile\.dnx\bin
2015-12-11 21:07:50.414+0000 INFO  [o.n.k.i.DiagnosticsManager] C:\Program Files\Microsoft DNX\Dnvm
2015-12-11 21:07:50.414+0000 INFO  [o.n.k.i.DiagnosticsManager] C:\Program Files\MATLAB\R2015b\runtime\win64
2015-12-11 21:07:50.415+0000 INFO  [o.n.k.i.DiagnosticsManager] C:\Program Files\MATLAB\R2015b\bin
2015-12-11 21:07:50.415+0000 INFO  [o.n.k.i.DiagnosticsManager] C:\Program Files (x86)\ATI Technologies\ATI.ACE\Core-Static
2015-12-11 21:07:50.415+0000 INFO  [o.n.k.i.DiagnosticsManager] C:\Program Files\Neo4j CE 2.3.1\jre\bin
2015-12-11 21:07:50.415+0000 INFO  [o.n.k.i.DiagnosticsManager] System.properties:
2015-12-11 21:07:50.415+0000 INFO  [o.n.k.i.DiagnosticsManager] exe4j.moduleName = C:\Program Files\Neo4j CE 2.3.1\bin\neo4j-ce.exe
2015-12-11 21:07:50.415+0000 INFO  [o.n.k.i.DiagnosticsManager] exe4j.semaphoreName = Local\c:_program_files_neo4j_ce_2.3.1_bin_neo4j-ce.exe
2015-12-11 21:07:50.415+0000 INFO  [o.n.k.i.DiagnosticsManager] sun.boot.library.path = c:\program files\neo4j ce 2.3.1\jre\bin
2015-12-11 21:07:50.415+0000 INFO  [o.n.k.i.DiagnosticsManager] exe4j.consoleCodepage = cp0
2015-12-11 21:07:50.415+0000 INFO  [o.n.k.i.DiagnosticsManager] path.separator = ;
2015-12-11 21:07:50.415+0000 INFO  [o.n.k.i.DiagnosticsManager] file.encoding.pkg = sun.io
2015-12-11 21:07:50.415+0000 INFO  [o.n.k.i.DiagnosticsManager] user.country = US
2015-12-11 21:07:50.415+0000 INFO  [o.n.k.i.DiagnosticsManager] user.script = 
2015-12-11 21:07:50.415+0000 INFO  [o.n.k.i.DiagnosticsManager] sun.os.patch.level = 
2015-12-11 21:07:50.415+0000 INFO  [o.n.k.i.DiagnosticsManager] install4j.exeDir = C:\Program Files\Neo4j CE 2.3.1\bin\
2015-12-11 21:07:50.415+0000 INFO  [o.n.k.i.DiagnosticsManager] user.dir = C:\Program Files\Neo4j CE 2.3.1\bin
2015-12-11 21:07:50.415+0000 INFO  [o.n.k.i.DiagnosticsManager] neo4j.ext.udc.source = desktop
2015-12-11 21:07:50.415+0000 INFO  [o.n.k.i.DiagnosticsManager] user.variant = 
2015-12-11 21:07:50.415+0000 INFO  [o.n.k.i.DiagnosticsManager] exe4j.tempDir = 
2015-12-11 21:07:50.415+0000 INFO  [o.n.k.i.DiagnosticsManager] sun.jnu.encoding = Cp1252
2015-12-11 21:07:50.415+0000 INFO  [o.n.k.i.DiagnosticsManager] sun.awt.enableExtraMouseButtons = true
2015-12-11 21:07:50.415+0000 INFO  [o.n.k.i.DiagnosticsManager] install4j.launcherId = 24
2015-12-11 21:07:50.415+0000 INFO  [o.n.k.i.DiagnosticsManager] sun.management.compiler = HotSpot 64-Bit Tiered Compilers
2015-12-11 21:07:50.415+0000 INFO  [o.n.k.i.DiagnosticsManager] exe4j.isInstall4j = true
2015-12-11 21:07:50.415+0000 INFO  [o.n.k.i.DiagnosticsManager] install4j.swt = false
2015-12-11 21:07:50.415+0000 INFO  [o.n.k.i.DiagnosticsManager] user.home = C:\Users\cez
2015-12-11 21:07:50.415+0000 INFO  [o.n.k.i.DiagnosticsManager] user.timezone = America/Chicago
2015-12-11 21:07:50.415+0000 INFO  [o.n.k.i.DiagnosticsManager] file.encoding = Cp1252
2015-12-11 21:07:50.415+0000 INFO  [o.n.k.i.DiagnosticsManager] user.name = cez
2015-12-11 21:07:50.416+0000 INFO  [o.n.k.i.DiagnosticsManager] sun.java.command = C:\Program Files\Neo4j CE 2.3.1\bin\neo4j-ce.exe
2015-12-11 21:07:50.416+0000 INFO  [o.n.k.i.DiagnosticsManager] sun.arch.data.model = 64
2015-12-11 21:07:50.416+0000 INFO  [o.n.k.i.DiagnosticsManager] exe4j.launchName = C:\Program Files\Neo4j CE 2.3.1\bin\neo4j-ce.exe
2015-12-11 21:07:50.416+0000 INFO  [o.n.k.i.DiagnosticsManager] user.language = en
2015-12-11 21:07:50.416+0000 INFO  [o.n.k.i.DiagnosticsManager] awt.toolkit = sun.awt.windows.WToolkit
2015-12-11 21:07:50.416+0000 INFO  [o.n.k.i.DiagnosticsManager] exe4j.unextractedPosition = 0
2015-12-11 21:07:50.416+0000 INFO  [o.n.k.i.DiagnosticsManager] install4j.appDir = C:\Program Files\Neo4j CE 2.3.1\
2015-12-11 21:07:50.416+0000 INFO  [o.n.k.i.DiagnosticsManager] file.separator = \
2015-12-11 21:07:50.416+0000 INFO  [o.n.k.i.DiagnosticsManager] sun.io.unicode.encoding = UnicodeLittle
2015-12-11 21:07:50.416+0000 INFO  [o.n.k.i.DiagnosticsManager] sun.cpu.endian = little
2015-12-11 21:07:50.416+0000 INFO  [o.n.k.i.DiagnosticsManager] sun.desktop = windows
2015-12-11 21:07:50.416+0000 INFO  [o.n.k.i.DiagnosticsManager] sun.cpu.isalist = amd64
2015-12-11 21:07:50.416+0000 INFO  [o.n.k.i.DiagnosticsManager] Network information:
2015-12-11 21:07:50.430+0000 INFO  [o.n.k.i.DiagnosticsManager] Interface Software Loopback Interface 1:
2015-12-11 21:07:50.430+0000 INFO  [o.n.k.i.DiagnosticsManager]     address: 127.0.0.1
2015-12-11 21:07:50.430+0000 INFO  [o.n.k.i.DiagnosticsManager]     address: 0:0:0:0:0:0:0:1
2015-12-11 21:07:50.430+0000 INFO  [o.n.k.i.DiagnosticsManager] Interface Microsoft Kernel Debug Network Adapter:
2015-12-11 21:07:50.430+0000 INFO  [o.n.k.i.DiagnosticsManager] Interface Intel(R) 82578DM Gigabit Network Connection:
2015-12-11 21:07:50.430+0000 INFO  [o.n.k.i.DiagnosticsManager]     address: 10.24.47.166
2015-12-11 21:07:50.430+0000 INFO  [o.n.k.i.DiagnosticsManager]     address: 2610:130:101:d00:4493:c16:efa9:8b55
2015-12-11 21:07:50.430+0000 INFO  [o.n.k.i.DiagnosticsManager]     address: 2610:130:101:d00:920:e15d:79eb:345b
2015-12-11 21:07:50.430+0000 INFO  [o.n.k.i.DiagnosticsManager]     address: 2610:130:101:d00:a502:b02c:1a2d:577b
2015-12-11 21:07:50.430+0000 INFO  [o.n.k.i.DiagnosticsManager]     address: 2610:130:101:d00:dde0:9cf:9f51:157b
2015-12-11 21:07:50.430+0000 INFO  [o.n.k.i.DiagnosticsManager]     address: fe80:0:0:0:4493:c16:efa9:8b55%3
2015-12-11 21:07:50.430+0000 INFO  [o.n.k.i.DiagnosticsManager] Interface Microsoft ISATAP Adapter:
2015-12-11 21:07:50.430+0000 INFO  [o.n.k.i.DiagnosticsManager]     address: fe80:0:0:0:0:5efe:c0a8:3801%4
2015-12-11 21:07:50.430+0000 INFO  [o.n.k.i.DiagnosticsManager] Interface Teredo Tunneling Pseudo-Interface:
2015-12-11 21:07:50.430+0000 INFO  [o.n.k.i.DiagnosticsManager] Interface Microsoft ISATAP Adapter #2:
2015-12-11 21:07:50.430+0000 INFO  [o.n.k.i.DiagnosticsManager]     address: fe80:0:0:0:0:5efe:a18:2fa6%6
2015-12-11 21:07:50.430+0000 INFO  [o.n.k.i.DiagnosticsManager] Interface VirtualBox Host-Only Ethernet Adapter:
2015-12-11 21:07:50.430+0000 INFO  [o.n.k.i.DiagnosticsManager]     address: 192.168.56.1
2015-12-11 21:07:50.430+0000 INFO  [o.n.k.i.DiagnosticsManager]     address: fe80:0:0:0:4133:2d33:29c2:6efa%7
2015-12-11 21:07:50.430+0000 INFO  [o.n.k.i.DiagnosticsManager] Interface Microsoft ISATAP Adapter #3:
2015-12-11 21:07:50.430+0000 INFO  [o.n.k.i.DiagnosticsManager] Interface VirtualBox Host-Only Ethernet Adapter-WFP Native MAC Layer LightWeight Filter-0000:
2015-12-11 21:07:50.430+0000 INFO  [o.n.k.i.DiagnosticsManager] Interface VirtualBox Host-Only Ethernet Adapter-VirtualBox NDIS Light-Weight Filter-0000:
2015-12-11 21:07:50.430+0000 INFO  [o.n.k.i.DiagnosticsManager] Interface VirtualBox Host-Only Ethernet Adapter-QoS Packet Scheduler-0000:
2015-12-11 21:07:50.430+0000 INFO  [o.n.k.i.DiagnosticsManager] Interface VirtualBox Host-Only Ethernet Adapter-WFP 802.3 MAC Layer LightWeight Filter-0000:
2015-12-11 21:07:50.430+0000 INFO  [o.n.k.i.DiagnosticsManager] Interface Intel(R) 82578DM Gigabit Network Connection-WFP Native MAC Layer LightWeight Filter-0000:
2015-12-11 21:07:50.430+0000 INFO  [o.n.k.i.DiagnosticsManager] Interface Intel(R) 82578DM Gigabit Network Connection-VirtualBox NDIS Light-Weight Filter-0000:
2015-12-11 21:07:50.430+0000 INFO  [o.n.k.i.DiagnosticsManager] Interface Intel(R) 82578DM Gigabit Network Connection-QoS Packet Scheduler-0000:
2015-12-11 21:07:50.430+0000 INFO  [o.n.k.i.DiagnosticsManager] Interface Intel(R) 82578DM Gigabit Network Connection-WFP 802.3 MAC Layer LightWeight Filter-0000:
2015-12-11 21:07:50.430+0000 INFO  [o.n.k.i.DiagnosticsManager] --- INITIALIZED diagnostics END ---
2015-12-11 21:07:52.369+0000 INFO  [o.n.k.KernelHealth] Kernel health set to OK
2015-12-11 21:07:52.376+0000 INFO  [o.n.k.AvailabilityGuard] Fulfilling of requirement makes database available: Database available
2015-12-11 21:07:52.379+0000 INFO  [o.n.k.i.f.CommunityFacadeFactory] Database is now ready
2015-12-11 21:07:52.381+0000 INFO  [o.n.k.i.DiagnosticsManager] --- STARTED diagnostics for KernelDiagnostics:Versions START ---
2015-12-11 21:07:52.383+0000 INFO  [o.n.k.i.DiagnosticsManager] Graph Database: Community StoreId{creationTime=1449760813087, randomId=-2353222228136493374, storeVersion=15250506225055238, upgradeTime=1449760813087, upgradeId=1}
2015-12-11 21:07:52.385+0000 INFO  [o.n.k.i.DiagnosticsManager] Kernel version: 2.3.1
2015-12-11 21:07:52.388+0000 INFO  [o.n.k.i.DiagnosticsManager] --- STARTED diagnostics for KernelDiagnostics:Versions END ---
2015-12-11 21:07:52.390+0000 INFO  [o.n.k.i.DiagnosticsManager] --- STARTED diagnostics for NEO_STORE_VERSIONS START ---
2015-12-11 21:07:52.392+0000 INFO  [o.n.k.i.DiagnosticsManager] Store versions:
2015-12-11 21:07:52.395+0000 INFO  [o.n.k.i.DiagnosticsManager] Store versions:
2015-12-11 21:07:52.397+0000 INFO  [o.n.k.i.DiagnosticsManager] ArrayPropertyStore v0.A.6
2015-12-11 21:07:52.399+0000 INFO  [o.n.k.i.DiagnosticsManager] NodeStore v0.A.6
2015-12-11 21:07:52.402+0000 INFO  [o.n.k.i.DiagnosticsManager] StringPropertyStore v0.A.6
2015-12-11 21:07:52.404+0000 INFO  [o.n.k.i.DiagnosticsManager] PropertyIndexStore v0.A.6
2015-12-11 21:07:52.406+0000 INFO  [o.n.k.i.DiagnosticsManager] StringPropertyStore v0.A.6
2015-12-11 21:07:52.408+0000 INFO  [o.n.k.i.DiagnosticsManager] ArrayPropertyStore v0.A.6
2015-12-11 21:07:52.410+0000 INFO  [o.n.k.i.DiagnosticsManager] PropertyStore v0.A.6
2015-12-11 21:07:52.412+0000 INFO  [o.n.k.i.DiagnosticsManager] RelationshipStore v0.A.6
2015-12-11 21:07:52.415+0000 INFO  [o.n.k.i.DiagnosticsManager] StringPropertyStore v0.A.6
2015-12-11 21:07:52.417+0000 INFO  [o.n.k.i.DiagnosticsManager] RelationshipTypeStore v0.A.6
2015-12-11 21:07:52.419+0000 INFO  [o.n.k.i.DiagnosticsManager] StringPropertyStore v0.A.6
2015-12-11 21:07:52.421+0000 INFO  [o.n.k.i.DiagnosticsManager] LabelTokenStore v0.A.6
2015-12-11 21:07:52.424+0000 INFO  [o.n.k.i.DiagnosticsManager] SchemaStore v0.A.6
2015-12-11 21:07:52.426+0000 INFO  [o.n.k.i.DiagnosticsManager] RelationshipGroupStore v0.A.6
2015-12-11 21:07:52.428+0000 INFO  [o.n.k.i.DiagnosticsManager] NeoStore v0.A.6
2015-12-11 21:07:52.430+0000 INFO  [o.n.k.i.DiagnosticsManager] --- STARTED diagnostics for NEO_STORE_VERSIONS END ---
2015-12-11 21:07:52.432+0000 INFO  [o.n.k.i.DiagnosticsManager] --- STARTED diagnostics for NEO_STORE_ID_USAGE START ---
2015-12-11 21:07:52.435+0000 INFO  [o.n.k.i.DiagnosticsManager] Id usage:
2015-12-11 21:07:52.437+0000 INFO  [o.n.k.i.DiagnosticsManager] Id usage:
2015-12-11 21:07:52.439+0000 INFO  [o.n.k.i.DiagnosticsManager]   ArrayPropertyStore v0.A.6: used=1 high=0
2015-12-11 21:07:52.442+0000 INFO  [o.n.k.i.DiagnosticsManager]   NodeStore v0.A.6: used=5202 high=5201
2015-12-11 21:07:52.444+0000 INFO  [o.n.k.i.DiagnosticsManager]   StringPropertyStore v0.A.6: used=4 high=3
2015-12-11 21:07:52.446+0000 INFO  [o.n.k.i.DiagnosticsManager]   PropertyIndexStore v0.A.6: used=3 high=2
2015-12-11 21:07:52.448+0000 INFO  [o.n.k.i.DiagnosticsManager]   StringPropertyStore v0.A.6: used=1 high=0
2015-12-11 21:07:52.450+0000 INFO  [o.n.k.i.DiagnosticsManager]   ArrayPropertyStore v0.A.6: used=1 high=0
2015-12-11 21:07:52.453+0000 INFO  [o.n.k.i.DiagnosticsManager]   PropertyStore v0.A.6: used=5202 high=5201
2015-12-11 21:07:52.455+0000 INFO  [o.n.k.i.DiagnosticsManager]   RelationshipStore v0.A.6: used=5200 high=5199
2015-12-11 21:07:52.457+0000 INFO  [o.n.k.i.DiagnosticsManager]   StringPropertyStore v0.A.6: used=3 high=2
2015-12-11 21:07:52.459+0000 INFO  [o.n.k.i.DiagnosticsManager]   RelationshipTypeStore v0.A.6: used=2 high=1
2015-12-11 21:07:52.461+0000 INFO  [o.n.k.i.DiagnosticsManager]   StringPropertyStore v0.A.6: used=4 high=3
2015-12-11 21:07:52.464+0000 INFO  [o.n.k.i.DiagnosticsManager]   LabelTokenStore v0.A.6: used=3 high=2
2015-12-11 21:07:52.467+0000 INFO  [o.n.k.i.DiagnosticsManager]   SchemaStore v0.A.6: used=1 high=0
2015-12-11 21:07:52.469+0000 INFO  [o.n.k.i.DiagnosticsManager]   RelationshipGroupStore v0.A.6: used=3 high=2
2015-12-11 21:07:52.471+0000 INFO  [o.n.k.i.DiagnosticsManager]   NeoStore v0.A.6: used=13 high=12
2015-12-11 21:07:52.473+0000 INFO  [o.n.k.i.DiagnosticsManager] --- STARTED diagnostics for NEO_STORE_ID_USAGE END ---
2015-12-11 21:07:52.476+0000 INFO  [o.n.k.i.DiagnosticsManager] --- STARTED diagnostics for NEO_STORE_RECORDS START ---
2015-12-11 21:07:52.478+0000 INFO  [o.n.k.i.DiagnosticsManager] Neostore records:
2015-12-11 21:07:52.480+0000 INFO  [o.n.k.i.DiagnosticsManager] TIME (Creation time): 1449760813087
2015-12-11 21:07:52.482+0000 INFO  [o.n.k.i.DiagnosticsManager] RANDOM_NUMBER (Random number for store id): -2353222228136493374
2015-12-11 21:07:52.485+0000 INFO  [o.n.k.i.DiagnosticsManager] LOG_VERSION (Current log version): 0
2015-12-11 21:07:52.487+0000 INFO  [o.n.k.i.DiagnosticsManager] LAST_TRANSACTION_ID (Last committed transaction): 10311
2015-12-11 21:07:52.489+0000 INFO  [o.n.k.i.DiagnosticsManager] STORE_VERSION (Store format version): 15250506225055238
2015-12-11 21:07:52.491+0000 INFO  [o.n.k.i.DiagnosticsManager] FIRST_GRAPH_PROPERTY (First property record containing graph properties): -1
2015-12-11 21:07:52.494+0000 INFO  [o.n.k.i.DiagnosticsManager] LAST_CONSTRAINT_TRANSACTION (Last committed transaction containing constraint changes): 0
2015-12-11 21:07:52.496+0000 INFO  [o.n.k.i.DiagnosticsManager] UPGRADE_TRANSACTION_ID (Transaction id most recent upgrade was performed at): 1
2015-12-11 21:07:52.498+0000 INFO  [o.n.k.i.DiagnosticsManager] UPGRADE_TIME (Time of last upgrade): 1449760813087
2015-12-11 21:07:52.501+0000 INFO  [o.n.k.i.DiagnosticsManager] LAST_TRANSACTION_CHECKSUM (Checksum of last committed transaction): -162222222795
2015-12-11 21:07:52.503+0000 INFO  [o.n.k.i.DiagnosticsManager] UPGRADE_TRANSACTION_CHECKSUM (Checksum of transaction id the most recent upgrade was performed at): 0
2015-12-11 21:07:52.505+0000 INFO  [o.n.k.i.DiagnosticsManager] LAST_CLOSED_TRANSACTION_LOG_VERSION (Log version where the last transaction commit entry has been written into): 0
2015-12-11 21:07:52.507+0000 INFO  [o.n.k.i.DiagnosticsManager] LAST_CLOSED_TRANSACTION_LOG_BYTE_OFFSET (Byte offset in the log file where the last transaction commit entry has been written into): 3746130
2015-12-11 21:07:52.510+0000 INFO  [o.n.k.i.DiagnosticsManager] --- STARTED diagnostics for NEO_STORE_RECORDS END ---
2015-12-11 21:07:52.512+0000 INFO  [o.n.k.i.DiagnosticsManager] --- STARTED diagnostics for TRANSACTION_RANGE START ---
2015-12-11 21:07:52.514+0000 INFO  [o.n.k.i.DiagnosticsManager] Transaction log:
2015-12-11 21:07:52.517+0000 INFO  [o.n.k.i.DiagnosticsManager] Oldest transaction 2 found in log with version 0
2015-12-11 21:07:52.519+0000 INFO  [o.n.k.i.DiagnosticsManager] --- STARTED diagnostics for TRANSACTION_RANGE END ---
2015-12-11 21:07:52.522+0000 INFO  [o.n.k.i.DiagnosticsManager] --- STARTED diagnostics for KernelDiagnostics:StoreFiles START ---
2015-12-11 21:07:52.526+0000 INFO  [o.n.k.i.DiagnosticsManager] Disk space on partition (Total / Free / Free %): 499738734592 / 397956210688 / 79
Storage files: (filename : modification date - size)
2015-12-11 21:07:52.529+0000 INFO  [o.n.k.i.DiagnosticsManager]   dbms:
2015-12-11 21:07:52.531+0000 INFO  [o.n.k.i.DiagnosticsManager]     auth: 2015-12-10T09:20:13-0600 - 137.00 B
2015-12-11 21:07:52.533+0000 INFO  [o.n.k.i.DiagnosticsManager]     ssl:
2015-12-11 21:07:52.536+0000 INFO  [o.n.k.i.DiagnosticsManager]       snakeoil.cert: 2015-12-10T09:20:10-0600 - 630.00 B
2015-12-11 21:07:52.539+0000 INFO  [o.n.k.i.DiagnosticsManager]       snakeoil.key: 2015-12-10T09:20:10-0600 - 914.00 B
2015-12-11 21:07:52.541+0000 INFO  [o.n.k.i.DiagnosticsManager]     - Total: 2015-12-10T09:20:10-0600 - 1.51 kB
2015-12-11 21:07:52.543+0000 INFO  [o.n.k.i.DiagnosticsManager]   - Total: 2015-12-10T09:20:13-0600 - 1.64 kB
2015-12-11 21:07:52.546+0000 INFO  [o.n.k.i.DiagnosticsManager]   index:
2015-12-11 21:07:52.548+0000 INFO  [o.n.k.i.DiagnosticsManager]   - Total: 2015-12-10T09:20:13-0600 - 0.00 B
2015-12-11 21:07:52.551+0000 INFO  [o.n.k.i.DiagnosticsManager]   messages.log: 2015-12-10T09:41:33-0600 - 64.59 kB
2015-12-11 21:07:52.553+0000 INFO  [o.n.k.i.DiagnosticsManager]   neo4j.properties: 2015-12-10T09:20:10-0600 - 1.30 kB
2015-12-11 21:07:52.555+0000 INFO  [o.n.k.i.DiagnosticsManager]   neostore: 2015-12-10T09:35:15-0600 - 8.00 kB
2015-12-11 21:07:52.558+0000 INFO  [o.n.k.i.DiagnosticsManager]   neostore.counts.db.a: 2015-12-10T09:30:14-0600 - 576.00 B
2015-12-11 21:07:52.560+0000 INFO  [o.n.k.i.DiagnosticsManager]   neostore.counts.db.b: 2015-12-10T09:35:15-0600 - 576.00 B
2015-12-11 21:07:52.563+0000 INFO  [o.n.k.i.DiagnosticsManager]   neostore.id: 2015-12-11T15:07:51-0600 - 9.00 B
2015-12-11 21:07:52.566+0000 INFO  [o.n.k.i.DiagnosticsManager]   neostore.labeltokenstore.db: 2015-12-10T09:25:13-0600 - 8.00 kB
2015-12-11 21:07:52.568+0000 INFO  [o.n.k.i.DiagnosticsManager]   neostore.labeltokenstore.db.id: 2015-12-11T15:07:51-0600 - 9.00 B
2015-12-11 21:07:52.571+0000 INFO  [o.n.k.i.DiagnosticsManager]   neostore.labeltokenstore.db.names: 2015-12-10T09:25:14-0600 - 8.00 kB
2015-12-11 21:07:52.574+0000 INFO  [o.n.k.i.DiagnosticsManager]   neostore.labeltokenstore.db.names.id: 2015-12-11T15:07:51-0600 - 9.00 B
2015-12-11 21:07:52.576+0000 INFO  [o.n.k.i.DiagnosticsManager]   neostore.nodestore.db: 2015-12-10T09:35:15-0600 - 79.98 kB
2015-12-11 21:07:52.579+0000 INFO  [o.n.k.i.DiagnosticsManager]   neostore.nodestore.db.id: 2015-12-11T15:07:50-0600 - 9.00 B
2015-12-11 21:07:52.581+0000 INFO  [o.n.k.i.DiagnosticsManager]   neostore.nodestore.db.labels: 2015-12-10T09:20:10-0600 - 8.00 kB
2015-12-11 21:07:52.584+0000 INFO  [o.n.k.i.DiagnosticsManager]   neostore.nodestore.db.labels.id: 2015-12-11T15:07:50-0600 - 9.00 B
2015-12-11 21:07:52.587+0000 INFO  [o.n.k.i.DiagnosticsManager]   neostore.propertystore.db: 2015-12-10T09:41:32-0600 - 215.13 kB
2015-12-11 21:07:52.589+0000 INFO  [o.n.k.i.DiagnosticsManager]   neostore.propertystore.db.arrays: 2015-12-10T09:20:11-0600 - 8.00 kB
2015-12-11 21:07:52.592+0000 INFO  [o.n.k.i.DiagnosticsManager]   neostore.propertystore.db.arrays.id: 2015-12-11T15:07:50-0600 - 9.00 B
2015-12-11 21:07:52.595+0000 INFO  [o.n.k.i.DiagnosticsManager]   neostore.propertystore.db.id: 2015-12-11T15:07:50-0600 - 9.00 B
2015-12-11 21:07:52.597+0000 INFO  [o.n.k.i.DiagnosticsManager]   neostore.propertystore.db.index: 2015-12-10T09:25:14-0600 - 8.00 kB
2015-12-11 21:07:52.600+0000 INFO  [o.n.k.i.DiagnosticsManager]   neostore.propertystore.db.index.id: 2015-12-11T15:07:50-0600 - 9.00 B
2015-12-11 21:07:52.603+0000 INFO  [o.n.k.i.DiagnosticsManager]   neostore.propertystore.db.index.keys: 2015-12-10T09:25:14-0600 - 8.00 kB
2015-12-11 21:07:52.606+0000 INFO  [o.n.k.i.DiagnosticsManager]   neostore.propertystore.db.index.keys.id: 2015-12-11T15:07:50-0600 - 9.00 B
2015-12-11 21:07:52.608+0000 INFO  [o.n.k.i.DiagnosticsManager]   neostore.propertystore.db.strings: 2015-12-10T09:20:11-0600 - 8.00 kB
2015-12-11 21:07:52.611+0000 INFO  [o.n.k.i.DiagnosticsManager]   neostore.propertystore.db.strings.id: 2015-12-11T15:07:50-0600 - 9.00 B
2015-12-11 21:07:52.613+0000 INFO  [o.n.k.i.DiagnosticsManager]   neostore.relationshipgroupstore.db: 2015-12-10T09:25:13-0600 - 8.00 kB
2015-12-11 21:07:52.616+0000 INFO  [o.n.k.i.DiagnosticsManager]   neostore.relationshipgroupstore.db.id: 2015-12-11T15:07:51-0600 - 9.00 B
2015-12-11 21:07:52.619+0000 INFO  [o.n.k.i.DiagnosticsManager]   neostore.relationshipstore.db: 2015-12-10T09:41:32-0600 - 175.31 kB
2015-12-11 21:07:52.621+0000 INFO  [o.n.k.i.DiagnosticsManager]   neostore.relationshipstore.db.id: 2015-12-11T15:07:51-0600 - 9.00 B
2015-12-11 21:07:52.624+0000 INFO  [o.n.k.i.DiagnosticsManager]   neostore.relationshiptypestore.db: 2015-12-10T09:25:14-0600 - 8.00 kB
2015-12-11 21:07:52.627+0000 INFO  [o.n.k.i.DiagnosticsManager]   neostore.relationshiptypestore.db.id: 2015-12-11T15:07:51-0600 - 9.00 B
2015-12-11 21:07:52.629+0000 INFO  [o.n.k.i.DiagnosticsManager]   neostore.relationshiptypestore.db.names: 2015-12-10T09:25:14-0600 - 8.00 kB
2015-12-11 21:07:52.632+0000 INFO  [o.n.k.i.DiagnosticsManager]   neostore.relationshiptypestore.db.names.id: 2015-12-11T15:07:51-0600 - 9.00 B
2015-12-11 21:07:52.635+0000 INFO  [o.n.k.i.DiagnosticsManager]   neostore.schemastore.db: 2015-12-10T09:20:12-0600 - 8.00 kB
2015-12-11 21:07:52.638+0000 INFO  [o.n.k.i.DiagnosticsManager]   neostore.schemastore.db.id: 2015-12-11T15:07:51-0600 - 9.00 B
2015-12-11 21:07:52.640+0000 INFO  [o.n.k.i.DiagnosticsManager]   neostore.transaction.db.0: 2015-12-10T09:41:31-0600 - 3.57 MB
2015-12-11 21:07:52.642+0000 INFO  [o.n.k.i.DiagnosticsManager]   schema:
2015-12-11 21:07:52.645+0000 INFO  [o.n.k.i.DiagnosticsManager]     label:
2015-12-11 21:07:52.647+0000 INFO  [o.n.k.i.DiagnosticsManager]       lucene:
2015-12-11 21:07:52.649+0000 INFO  [o.n.k.i.DiagnosticsManager]         _803.cfs: 2015-12-10T09:30:26-0600 - 5.04 kB
2015-12-11 21:07:52.652+0000 INFO  [o.n.k.i.DiagnosticsManager]         segments.gen: 2015-12-10T09:35:15-0600 - 20.00 B
2015-12-11 21:07:52.654+0000 INFO  [o.n.k.i.DiagnosticsManager]         segments_3: 2015-12-10T09:35:15-0600 - 258.00 B
2015-12-11 21:07:52.656+0000 INFO  [o.n.k.i.DiagnosticsManager]         write.lock: 2015-12-11T15:07:51-0600 - 0.00 B
2015-12-11 21:07:52.658+0000 INFO  [o.n.k.i.DiagnosticsManager]       - Total: 2015-12-11T15:07:51-0600 - 5.31 kB
2015-12-11 21:07:52.660+0000 INFO  [o.n.k.i.DiagnosticsManager]     - Total: 2015-12-10T09:20:13-0600 - 5.31 kB
2015-12-11 21:07:52.663+0000 INFO  [o.n.k.i.DiagnosticsManager]   - Total: 2015-12-10T09:20:13-0600 - 5.31 kB
2015-12-11 21:07:52.665+0000 INFO  [o.n.k.i.DiagnosticsManager]   store_lock: 2015-12-10T09:20:10-0600 - 0.00 B
2015-12-11 21:07:52.667+0000 INFO  [o.n.k.i.DiagnosticsManager] --- STARTED diagnostics for KernelDiagnostics:StoreFiles END ---
2015-12-11 21:07:52.678+0000 INFO  [o.n.k.i.DiagnosticsManager] --- SERVER STARTED START ---
2015-12-11 21:07:53.317+0000 INFO  [o.n.k.i.DiagnosticsManager] --- SERVER STARTED END ---
2015-12-11 21:28:02.376+0000 INFO  [o.n.k.i.f.GraphDatabaseFacade] Shutdown started
2015-12-11 21:28:02.382+0000 INFO  [o.n.k.i.f.CommunityFacadeFactory] Database is now unavailable
2015-12-11 21:28:02.646+0000 INFO  [o.n.k.i.t.l.c.CheckPointerImpl] Check Pointing triggered by database shutdown [10311]:  Starting check pointing...
2015-12-11 21:28:02.652+0000 INFO  [o.n.k.i.t.l.c.CheckPointerImpl] Check Pointing triggered by database shutdown [10311]:  Starting store flush...
2015-12-11 21:28:02.726+0000 INFO  [o.n.k.i.t.l.c.CheckPointerImpl] Check Pointing triggered by database shutdown [10311]:  Store flush completed
2015-12-11 21:28:02.732+0000 INFO  [o.n.k.i.t.l.c.CheckPointerImpl] Check Pointing triggered by database shutdown [10311]:  Starting appending check point entry into the tx log...
2015-12-11 21:28:02.769+0000 INFO  [o.n.k.i.t.l.c.CheckPointerImpl] Check Pointing triggered by database shutdown [10311]:  Appending check point entry into the tx log completed
2015-12-11 21:28:02.775+0000 INFO  [o.n.k.i.t.l.c.CheckPointerImpl] Check Pointing triggered by database shutdown [10311]:  Check pointing completed
2015-12-11 21:28:02.781+0000 INFO  [o.n.k.i.t.l.p.LogPruningImpl] Log Rotation [0]:  Starting log pruning.
2015-12-11 21:28:02.787+0000 INFO  [o.n.k.i.t.l.p.LogPruningImpl] Log Rotation [0]:  Log pruning complete.
2015-12-11 21:28:04.292+0000 INFO  [o.n.k.NeoStoreDataSource] NeoStores closed
2015-12-11 21:28:04.299+0000 INFO  [o.n.k.i.DiagnosticsManager] --- STOPPING diagnostics START ---
2015-12-11 21:28:04.299+0000 INFO  [o.n.k.i.DiagnosticsManager] --- STOPPING diagnostics END ---
