2015-12-10 04:47:27.930+0000 INFO  [o.n.k.i.f.CommunityFacadeFactory] No locking implementation specified, defaulting to 'community'
2015-12-10 04:47:27.933+0000 INFO  [o.n.k.AvailabilityGuard] Requirement makes database unavailable: Database available
2015-12-10 04:47:27.935+0000 INFO  [o.n.k.i.DiagnosticsManager] --- INITIALIZED diagnostics START ---
2015-12-10 04:47:27.935+0000 INFO  [o.n.k.i.DiagnosticsManager] Neo4j Kernel properties:
2015-12-10 04:47:27.935+0000 INFO  [o.n.k.i.DiagnosticsManager] org.neo4j.server.db.tuning.properties=C:\561\4000\4000D5\neo4j.properties
2015-12-10 04:47:27.935+0000 INFO  [o.n.k.i.DiagnosticsManager] org.neo4j.server.database.location=C:\561\4000\4000D5
2015-12-10 04:47:27.935+0000 INFO  [o.n.k.i.DiagnosticsManager] dbms.querylog.filename=data/log/queries.log
2015-12-10 04:47:27.935+0000 INFO  [o.n.k.i.DiagnosticsManager] dbms.security.auth_store.location=C:\561\4000\4000D5\.\dbms\auth
2015-12-10 04:47:27.935+0000 INFO  [o.n.k.i.DiagnosticsManager] dbms.security.tls_certificate_file=C:\561\4000\4000D5\.\dbms\ssl\snakeoil.cert
2015-12-10 04:47:27.935+0000 INFO  [o.n.k.i.DiagnosticsManager] remote_shell_enabled=true
2015-12-10 04:47:27.935+0000 INFO  [o.n.k.i.DiagnosticsManager] edition=Community
2015-12-10 04:47:27.935+0000 INFO  [o.n.k.i.DiagnosticsManager] dbms.security.tls_key_file=C:\561\4000\4000D5\.\dbms\ssl\snakeoil.key
2015-12-10 04:47:27.935+0000 INFO  [o.n.k.i.DiagnosticsManager] Diagnostics providers:
2015-12-10 04:47:27.936+0000 INFO  [o.n.k.i.DiagnosticsManager] org.neo4j.kernel.configuration.Config
2015-12-10 04:47:27.936+0000 INFO  [o.n.k.i.DiagnosticsManager] org.neo4j.kernel.info.DiagnosticsManager
2015-12-10 04:47:27.936+0000 INFO  [o.n.k.i.DiagnosticsManager] SYSTEM_MEMORY
2015-12-10 04:47:27.936+0000 INFO  [o.n.k.i.DiagnosticsManager] JAVA_MEMORY
2015-12-10 04:47:27.936+0000 INFO  [o.n.k.i.DiagnosticsManager] OPERATING_SYSTEM
2015-12-10 04:47:27.936+0000 INFO  [o.n.k.i.DiagnosticsManager] JAVA_VIRTUAL_MACHINE
2015-12-10 04:47:27.936+0000 INFO  [o.n.k.i.DiagnosticsManager] CLASSPATH
2015-12-10 04:47:27.936+0000 INFO  [o.n.k.i.DiagnosticsManager] LIBRARY_PATH
2015-12-10 04:47:27.936+0000 INFO  [o.n.k.i.DiagnosticsManager] SYSTEM_PROPERTIES
2015-12-10 04:47:27.936+0000 INFO  [o.n.k.i.DiagnosticsManager] NETWORK
2015-12-10 04:47:27.936+0000 INFO  [o.n.k.i.DiagnosticsManager] System memory information:
2015-12-10 04:47:27.936+0000 INFO  [o.n.k.i.DiagnosticsManager] Total Physical memory: 3.93 GB
2015-12-10 04:47:27.936+0000 INFO  [o.n.k.i.DiagnosticsManager] Free Physical memory: 1.90 GB
2015-12-10 04:47:27.936+0000 INFO  [o.n.k.i.DiagnosticsManager] Committed virtual memory: 369.78 MB
2015-12-10 04:47:27.936+0000 INFO  [o.n.k.i.DiagnosticsManager] Total swap space: 5.66 GB
2015-12-10 04:47:27.936+0000 INFO  [o.n.k.i.DiagnosticsManager] Free swap space: 2.39 GB
2015-12-10 04:47:27.936+0000 INFO  [o.n.k.i.DiagnosticsManager] JVM memory information:
2015-12-10 04:47:27.936+0000 INFO  [o.n.k.i.DiagnosticsManager] Free  memory: 36.54 MB
2015-12-10 04:47:27.936+0000 INFO  [o.n.k.i.DiagnosticsManager] Total memory: 100.00 MB
2015-12-10 04:47:27.936+0000 INFO  [o.n.k.i.DiagnosticsManager] Max   memory: 894.50 MB
2015-12-10 04:47:27.936+0000 INFO  [o.n.k.i.DiagnosticsManager] Garbage Collector: PS Scavenge: [PS Eden Space, PS Survivor Space]
2015-12-10 04:47:27.936+0000 INFO  [o.n.k.i.DiagnosticsManager] Garbage Collector: PS MarkSweep: [PS Eden Space, PS Survivor Space, PS Old Gen, PS Perm Gen]
2015-12-10 04:47:27.936+0000 INFO  [o.n.k.i.DiagnosticsManager] Memory Pool: Code Cache (Non-heap memory): committed=12.81 MB, used=12.45 MB, max=48.00 MB, threshold=0.00 B
2015-12-10 04:47:27.936+0000 INFO  [o.n.k.i.DiagnosticsManager] Memory Pool: PS Eden Space (Heap memory): committed=17.00 MB, used=4.47 MB, max=330.50 MB, threshold=?
2015-12-10 04:47:27.936+0000 INFO  [o.n.k.i.DiagnosticsManager] Memory Pool: PS Survivor Space (Heap memory): committed=1.00 MB, used=0.00 B, max=1.00 MB, threshold=?
2015-12-10 04:47:27.936+0000 INFO  [o.n.k.i.DiagnosticsManager] Memory Pool: PS Old Gen (Heap memory): committed=82.00 MB, used=58.99 MB, max=670.50 MB, threshold=0.00 B
2015-12-10 04:47:27.936+0000 INFO  [o.n.k.i.DiagnosticsManager] Memory Pool: PS Perm Gen (Non-heap memory): committed=64.50 MB, used=64.47 MB, max=82.00 MB, threshold=0.00 B
2015-12-10 04:47:27.936+0000 INFO  [o.n.k.i.DiagnosticsManager] Operating system information:
2015-12-10 04:47:27.937+0000 INFO  [o.n.k.i.DiagnosticsManager] Operating System: Windows 8.1; version: 6.3; arch: amd64; cpus: 8
2015-12-10 04:47:27.937+0000 INFO  [o.n.k.i.DiagnosticsManager] Process id: 3784@ATAN-B03-02
2015-12-10 04:47:27.937+0000 INFO  [o.n.k.i.DiagnosticsManager] Byte order: LITTLE_ENDIAN
2015-12-10 04:47:27.937+0000 INFO  [o.n.k.i.DiagnosticsManager] Local timezone: America/Chicago
2015-12-10 04:47:27.937+0000 INFO  [o.n.k.i.DiagnosticsManager] JVM information:
2015-12-10 04:47:27.937+0000 INFO  [o.n.k.i.DiagnosticsManager] VM Name: Java HotSpot(TM) 64-Bit Server VM
2015-12-10 04:47:27.937+0000 INFO  [o.n.k.i.DiagnosticsManager] VM Vendor: Oracle Corporation
2015-12-10 04:47:27.937+0000 INFO  [o.n.k.i.DiagnosticsManager] VM Version: 24.80-b11
2015-12-10 04:47:27.937+0000 INFO  [o.n.k.i.DiagnosticsManager] JIT compiler: HotSpot 64-Bit Tiered Compilers
2015-12-10 04:47:27.937+0000 INFO  [o.n.k.i.DiagnosticsManager] VM Arguments: [-Dexe4j.semaphoreName=Local\c:_program_files_neo4j_ce_2.3.1_bin_neo4j-ce.exe, -Dexe4j.isInstall4j=true, -Dexe4j.moduleName=C:\Program Files\Neo4j CE 2.3.1\bin\neo4j-ce.exe, -Dexe4j.tempDir=, -Dexe4j.unextractedPosition=0, -Djava.library.path=C:\Program Files (x86)\AMD APP\bin\x86_64;C:\Program Files (x86)\AMD APP\bin\x86;C:\ProgramData\Oracle\Java\javapath;C:\Windows\system32;C:\Windows;C:\Windows\System32\Wbem;C:\Windows\System32\WindowsPowerShell\v1.0\;C:\Program Files (x86)\MiKTeX 2.9\miktex\bin\;C:\Program Files\TortoiseSVN\bin;C:\Windows\system32\config\systemprofile\.dnx\bin;C:\Program Files\Microsoft DNX\Dnvm\;C:\Program Files\MATLAB\R2015b\runtime\win64;C:\Program Files\MATLAB\R2015b\bin;C:\Program Files (x86)\ATI Technologies\ATI.ACE\Core-Static;c:\program files\neo4j ce 2.3.1\jre\bin, -Dexe4j.consoleCodepage=cp0, -Dinstall4j.launcherId=24, -Dinstall4j.swt=false]
2015-12-10 04:47:27.937+0000 INFO  [o.n.k.i.DiagnosticsManager] Java classpath:
2015-12-10 04:47:27.939+0000 INFO  [o.n.k.i.DiagnosticsManager]  [loader.1] file:/C:/Program%20Files/Neo4j%20CE%202.3.1/jre/lib/ext/dnsns.jar
2015-12-10 04:47:27.939+0000 INFO  [o.n.k.i.DiagnosticsManager]  [loader.0] file:/C:/Program%20Files/Neo4j%20CE%202.3.1/bin/
2015-12-10 04:47:27.939+0000 INFO  [o.n.k.i.DiagnosticsManager]  [bootstrap] C:\Program Files\Neo4j CE 2.3.1\jre\lib\resources.jar
2015-12-10 04:47:27.939+0000 INFO  [o.n.k.i.DiagnosticsManager]  [bootstrap] C:\Program Files\Neo4j CE 2.3.1\jre\lib\jfr.jar
2015-12-10 04:47:27.939+0000 INFO  [o.n.k.i.DiagnosticsManager]  [classpath] C:\Program Files\Neo4j CE 2.3.1\.install4j\i4jruntime.jar
2015-12-10 04:47:27.939+0000 INFO  [o.n.k.i.DiagnosticsManager]  [loader.1] file:/C:/Program%20Files/Neo4j%20CE%202.3.1/jre/lib/ext/sunmscapi.jar
2015-12-10 04:47:27.939+0000 INFO  [o.n.k.i.DiagnosticsManager]  [bootstrap] C:\Program Files\Neo4j CE 2.3.1\jre\lib\jsse.jar
2015-12-10 04:47:27.939+0000 INFO  [o.n.k.i.DiagnosticsManager]  [loader.1] file:/C:/Program%20Files/Neo4j%20CE%202.3.1/jre/lib/ext/dns_sd.jar
2015-12-10 04:47:27.939+0000 INFO  [o.n.k.i.DiagnosticsManager]  [loader.0] file:/C:/Program%20Files/Neo4j%20CE%202.3.1/.install4j/i4jruntime.jar
2015-12-10 04:47:27.939+0000 INFO  [o.n.k.i.DiagnosticsManager]  [loader.0] file:/C:/Program%20Files/Neo4j%20CE%202.3.1/bin/neo4j-desktop-2.3.1.jar
2015-12-10 04:47:27.939+0000 INFO  [o.n.k.i.DiagnosticsManager]  [loader.1] file:/C:/Program%20Files/Neo4j%20CE%202.3.1/jre/lib/ext/access-bridge-64.jar
2015-12-10 04:47:27.939+0000 INFO  [o.n.k.i.DiagnosticsManager]  [loader.1] file:/C:/Program%20Files/Neo4j%20CE%202.3.1/jre/lib/ext/localedata.jar
2015-12-10 04:47:27.939+0000 INFO  [o.n.k.i.DiagnosticsManager]  [bootstrap] C:\Program Files\Neo4j CE 2.3.1\jre\lib\sunrsasign.jar
2015-12-10 04:47:27.939+0000 INFO  [o.n.k.i.DiagnosticsManager]  [bootstrap] C:\Program Files\Neo4j CE 2.3.1\jre\lib\jce.jar
2015-12-10 04:47:27.939+0000 INFO  [o.n.k.i.DiagnosticsManager]  [bootstrap] C:\Program Files\Neo4j CE 2.3.1\jre\lib\rt.jar
2015-12-10 04:47:27.939+0000 INFO  [o.n.k.i.DiagnosticsManager]  [bootstrap] C:\Program Files\Neo4j CE 2.3.1\jre\lib\charsets.jar
2015-12-10 04:47:27.939+0000 INFO  [o.n.k.i.DiagnosticsManager]  [loader.1] file:/C:/Program%20Files/Neo4j%20CE%202.3.1/jre/lib/ext/sunjce_provider.jar
2015-12-10 04:47:27.939+0000 INFO  [o.n.k.i.DiagnosticsManager]  [bootstrap] C:\Program Files\Neo4j CE 2.3.1\jre\classes
2015-12-10 04:47:27.939+0000 INFO  [o.n.k.i.DiagnosticsManager]  [loader.1] file:/C:/Program%20Files/Neo4j%20CE%202.3.1/jre/lib/ext/zipfs.jar
2015-12-10 04:47:27.939+0000 INFO  [o.n.k.i.DiagnosticsManager]  [loader.1] file:/C:/Program%20Files/Neo4j%20CE%202.3.1/jre/lib/ext/jaccess.jar
2015-12-10 04:47:27.939+0000 INFO  [o.n.k.i.DiagnosticsManager]  [loader.1] file:/C:/Program%20Files/Neo4j%20CE%202.3.1/jre/lib/ext/sunec.jar
2015-12-10 04:47:27.939+0000 INFO  [o.n.k.i.DiagnosticsManager]  [classpath] C:\Program Files\Neo4j CE 2.3.1\bin\neo4j-desktop-2.3.1.jar
2015-12-10 04:47:27.939+0000 INFO  [o.n.k.i.DiagnosticsManager] Library path:
2015-12-10 04:47:27.940+0000 INFO  [o.n.k.i.DiagnosticsManager] C:\Program Files (x86)\AMD APP\bin\x86_64
2015-12-10 04:47:27.940+0000 INFO  [o.n.k.i.DiagnosticsManager] C:\Program Files (x86)\AMD APP\bin\x86
2015-12-10 04:47:27.940+0000 INFO  [o.n.k.i.DiagnosticsManager] C:\ProgramData\Oracle\Java\javapath
2015-12-10 04:47:27.940+0000 INFO  [o.n.k.i.DiagnosticsManager] C:\Windows\System32
2015-12-10 04:47:27.940+0000 INFO  [o.n.k.i.DiagnosticsManager] C:\Windows
2015-12-10 04:47:27.940+0000 INFO  [o.n.k.i.DiagnosticsManager] C:\Windows\System32\wbem
2015-12-10 04:47:27.940+0000 INFO  [o.n.k.i.DiagnosticsManager] C:\Windows\System32\WindowsPowerShell\v1.0
2015-12-10 04:47:27.941+0000 INFO  [o.n.k.i.DiagnosticsManager] C:\Program Files (x86)\MiKTeX 2.9\miktex\bin
2015-12-10 04:47:27.941+0000 INFO  [o.n.k.i.DiagnosticsManager] C:\Program Files\TortoiseSVN\bin
2015-12-10 04:47:27.941+0000 INFO  [o.n.k.i.DiagnosticsManager] C:\Windows\System32\config\systemprofile\.dnx\bin
2015-12-10 04:47:27.941+0000 INFO  [o.n.k.i.DiagnosticsManager] C:\Program Files\Microsoft DNX\Dnvm
2015-12-10 04:47:27.941+0000 INFO  [o.n.k.i.DiagnosticsManager] C:\Program Files\MATLAB\R2015b\runtime\win64
2015-12-10 04:47:27.941+0000 INFO  [o.n.k.i.DiagnosticsManager] C:\Program Files\MATLAB\R2015b\bin
2015-12-10 04:47:27.942+0000 INFO  [o.n.k.i.DiagnosticsManager] C:\Program Files (x86)\ATI Technologies\ATI.ACE\Core-Static
2015-12-10 04:47:27.942+0000 INFO  [o.n.k.i.DiagnosticsManager] C:\Program Files\Neo4j CE 2.3.1\jre\bin
2015-12-10 04:47:27.942+0000 INFO  [o.n.k.i.DiagnosticsManager] System.properties:
2015-12-10 04:47:27.942+0000 INFO  [o.n.k.i.DiagnosticsManager] exe4j.moduleName = C:\Program Files\Neo4j CE 2.3.1\bin\neo4j-ce.exe
2015-12-10 04:47:27.942+0000 INFO  [o.n.k.i.DiagnosticsManager] exe4j.semaphoreName = Local\c:_program_files_neo4j_ce_2.3.1_bin_neo4j-ce.exe
2015-12-10 04:47:27.942+0000 INFO  [o.n.k.i.DiagnosticsManager] sun.boot.library.path = c:\program files\neo4j ce 2.3.1\jre\bin
2015-12-10 04:47:27.942+0000 INFO  [o.n.k.i.DiagnosticsManager] exe4j.consoleCodepage = cp0
2015-12-10 04:47:27.942+0000 INFO  [o.n.k.i.DiagnosticsManager] path.separator = ;
2015-12-10 04:47:27.942+0000 INFO  [o.n.k.i.DiagnosticsManager] file.encoding.pkg = sun.io
2015-12-10 04:47:27.942+0000 INFO  [o.n.k.i.DiagnosticsManager] user.country = US
2015-12-10 04:47:27.942+0000 INFO  [o.n.k.i.DiagnosticsManager] user.script = 
2015-12-10 04:47:27.942+0000 INFO  [o.n.k.i.DiagnosticsManager] sun.os.patch.level = 
2015-12-10 04:47:27.942+0000 INFO  [o.n.k.i.DiagnosticsManager] install4j.exeDir = C:\Program Files\Neo4j CE 2.3.1\bin\
2015-12-10 04:47:27.942+0000 INFO  [o.n.k.i.DiagnosticsManager] user.dir = C:\Program Files\Neo4j CE 2.3.1\bin
2015-12-10 04:47:27.942+0000 INFO  [o.n.k.i.DiagnosticsManager] neo4j.ext.udc.source = desktop
2015-12-10 04:47:27.942+0000 INFO  [o.n.k.i.DiagnosticsManager] user.variant = 
2015-12-10 04:47:27.942+0000 INFO  [o.n.k.i.DiagnosticsManager] exe4j.tempDir = 
2015-12-10 04:47:27.942+0000 INFO  [o.n.k.i.DiagnosticsManager] sun.jnu.encoding = Cp1252
2015-12-10 04:47:27.942+0000 INFO  [o.n.k.i.DiagnosticsManager] sun.awt.enableExtraMouseButtons = true
2015-12-10 04:47:27.942+0000 INFO  [o.n.k.i.DiagnosticsManager] install4j.launcherId = 24
2015-12-10 04:47:27.942+0000 INFO  [o.n.k.i.DiagnosticsManager] sun.management.compiler = HotSpot 64-Bit Tiered Compilers
2015-12-10 04:47:27.942+0000 INFO  [o.n.k.i.DiagnosticsManager] exe4j.isInstall4j = true
2015-12-10 04:47:27.942+0000 INFO  [o.n.k.i.DiagnosticsManager] install4j.swt = false
2015-12-10 04:47:27.942+0000 INFO  [o.n.k.i.DiagnosticsManager] user.home = C:\Users\cez
2015-12-10 04:47:27.942+0000 INFO  [o.n.k.i.DiagnosticsManager] user.timezone = America/Chicago
2015-12-10 04:47:27.942+0000 INFO  [o.n.k.i.DiagnosticsManager] file.encoding = Cp1252
2015-12-10 04:47:27.942+0000 INFO  [o.n.k.i.DiagnosticsManager] user.name = cez
2015-12-10 04:47:27.942+0000 INFO  [o.n.k.i.DiagnosticsManager] sun.java.command = C:\Program Files\Neo4j CE 2.3.1\bin\neo4j-ce.exe
2015-12-10 04:47:27.942+0000 INFO  [o.n.k.i.DiagnosticsManager] sun.arch.data.model = 64
2015-12-10 04:47:27.942+0000 INFO  [o.n.k.i.DiagnosticsManager] exe4j.launchName = C:\Program Files\Neo4j CE 2.3.1\bin\neo4j-ce.exe
2015-12-10 04:47:27.942+0000 INFO  [o.n.k.i.DiagnosticsManager] user.language = en
2015-12-10 04:47:27.942+0000 INFO  [o.n.k.i.DiagnosticsManager] awt.toolkit = sun.awt.windows.WToolkit
2015-12-10 04:47:27.942+0000 INFO  [o.n.k.i.DiagnosticsManager] exe4j.unextractedPosition = 0
2015-12-10 04:47:27.942+0000 INFO  [o.n.k.i.DiagnosticsManager] install4j.appDir = C:\Program Files\Neo4j CE 2.3.1\
2015-12-10 04:47:27.942+0000 INFO  [o.n.k.i.DiagnosticsManager] file.separator = \
2015-12-10 04:47:27.942+0000 INFO  [o.n.k.i.DiagnosticsManager] sun.io.unicode.encoding = UnicodeLittle
2015-12-10 04:47:27.942+0000 INFO  [o.n.k.i.DiagnosticsManager] sun.cpu.endian = little
2015-12-10 04:47:27.942+0000 INFO  [o.n.k.i.DiagnosticsManager] sun.desktop = windows
2015-12-10 04:47:27.942+0000 INFO  [o.n.k.i.DiagnosticsManager] sun.cpu.isalist = amd64
2015-12-10 04:47:27.942+0000 INFO  [o.n.k.i.DiagnosticsManager] Network information:
2015-12-10 04:47:27.955+0000 INFO  [o.n.k.i.DiagnosticsManager] Interface Software Loopback Interface 1:
2015-12-10 04:47:27.955+0000 INFO  [o.n.k.i.DiagnosticsManager]     address: 127.0.0.1
2015-12-10 04:47:27.955+0000 INFO  [o.n.k.i.DiagnosticsManager]     address: 0:0:0:0:0:0:0:1
2015-12-10 04:47:27.955+0000 INFO  [o.n.k.i.DiagnosticsManager] Interface Microsoft Kernel Debug Network Adapter:
2015-12-10 04:47:27.955+0000 INFO  [o.n.k.i.DiagnosticsManager] Interface Intel(R) 82578DM Gigabit Network Connection:
2015-12-10 04:47:27.955+0000 INFO  [o.n.k.i.DiagnosticsManager]     address: 10.24.47.166
2015-12-10 04:47:27.955+0000 INFO  [o.n.k.i.DiagnosticsManager]     address: 2610:130:101:d00:4493:c16:efa9:8b55
2015-12-10 04:47:27.956+0000 INFO  [o.n.k.i.DiagnosticsManager]     address: 2610:130:101:d00:a502:b02c:1a2d:577b
2015-12-10 04:47:27.956+0000 INFO  [o.n.k.i.DiagnosticsManager]     address: fe80:0:0:0:4493:c16:efa9:8b55%3
2015-12-10 04:47:27.956+0000 INFO  [o.n.k.i.DiagnosticsManager] Interface Microsoft ISATAP Adapter:
2015-12-10 04:47:27.956+0000 INFO  [o.n.k.i.DiagnosticsManager]     address: fe80:0:0:0:0:5efe:c0a8:3801%4
2015-12-10 04:47:27.956+0000 INFO  [o.n.k.i.DiagnosticsManager] Interface Teredo Tunneling Pseudo-Interface:
2015-12-10 04:47:27.956+0000 INFO  [o.n.k.i.DiagnosticsManager] Interface Microsoft ISATAP Adapter #2:
2015-12-10 04:47:27.956+0000 INFO  [o.n.k.i.DiagnosticsManager]     address: fe80:0:0:0:0:5efe:a18:2fa6%6
2015-12-10 04:47:27.956+0000 INFO  [o.n.k.i.DiagnosticsManager] Interface VirtualBox Host-Only Ethernet Adapter:
2015-12-10 04:47:27.956+0000 INFO  [o.n.k.i.DiagnosticsManager]     address: 192.168.56.1
2015-12-10 04:47:27.956+0000 INFO  [o.n.k.i.DiagnosticsManager]     address: fe80:0:0:0:4133:2d33:29c2:6efa%7
2015-12-10 04:47:27.956+0000 INFO  [o.n.k.i.DiagnosticsManager] Interface Microsoft ISATAP Adapter #3:
2015-12-10 04:47:27.956+0000 INFO  [o.n.k.i.DiagnosticsManager] Interface VirtualBox Host-Only Ethernet Adapter-WFP Native MAC Layer LightWeight Filter-0000:
2015-12-10 04:47:27.956+0000 INFO  [o.n.k.i.DiagnosticsManager] Interface VirtualBox Host-Only Ethernet Adapter-VirtualBox NDIS Light-Weight Filter-0000:
2015-12-10 04:47:27.956+0000 INFO  [o.n.k.i.DiagnosticsManager] Interface VirtualBox Host-Only Ethernet Adapter-QoS Packet Scheduler-0000:
2015-12-10 04:47:27.956+0000 INFO  [o.n.k.i.DiagnosticsManager] Interface VirtualBox Host-Only Ethernet Adapter-WFP 802.3 MAC Layer LightWeight Filter-0000:
2015-12-10 04:47:27.956+0000 INFO  [o.n.k.i.DiagnosticsManager] Interface Intel(R) 82578DM Gigabit Network Connection-WFP Native MAC Layer LightWeight Filter-0000:
2015-12-10 04:47:27.956+0000 INFO  [o.n.k.i.DiagnosticsManager] Interface Intel(R) 82578DM Gigabit Network Connection-VirtualBox NDIS Light-Weight Filter-0000:
2015-12-10 04:47:27.956+0000 INFO  [o.n.k.i.DiagnosticsManager] Interface Intel(R) 82578DM Gigabit Network Connection-QoS Packet Scheduler-0000:
2015-12-10 04:47:27.956+0000 INFO  [o.n.k.i.DiagnosticsManager] Interface Intel(R) 82578DM Gigabit Network Connection-WFP 802.3 MAC Layer LightWeight Filter-0000:
2015-12-10 04:47:27.956+0000 INFO  [o.n.k.i.DiagnosticsManager] --- INITIALIZED diagnostics END ---
2015-12-10 04:47:30.884+0000 INFO  [o.n.k.a.i.i.LuceneLabelScanStore] No lucene scan store index found, this might just be first use. Preparing to rebuild.
2015-12-10 04:47:30.894+0000 INFO  [o.n.k.NeoStoreDataSource] Opened logical log [C:\561\4000\4000D5\neostore.transaction.db.0] version=0, lastTxId=1 (clean)
2015-12-10 04:47:30.902+0000 WARN  [o.n.k.i.s.MetaDataStore] Missing counts store, rebuilding it.
2015-12-10 04:47:30.966+0000 INFO  [o.n.k.a.i.i.LuceneLabelScanStore] Rebuilding lucene scan store, this may take a while
2015-12-10 04:47:30.972+0000 INFO  [o.n.k.a.i.i.LuceneLabelScanStore] Lucene scan store rebuilt (roughly -1 nodes)
2015-12-10 04:47:30.980+0000 INFO  [o.n.k.KernelHealth] Kernel health set to OK
2015-12-10 04:47:30.997+0000 INFO  [o.n.k.AvailabilityGuard] Fulfilling of requirement makes database available: Database available
2015-12-10 04:47:30.999+0000 INFO  [o.n.k.i.f.CommunityFacadeFactory] Database is now ready
2015-12-10 04:47:31.003+0000 INFO  [o.n.k.i.DiagnosticsManager] --- STARTED diagnostics for KernelDiagnostics:Versions START ---
2015-12-10 04:47:31.007+0000 INFO  [o.n.k.i.DiagnosticsManager] Graph Database: Community StoreId{creationTime=1449722850771, randomId=4402179281445607341, storeVersion=15250506225055238, upgradeTime=1449722850771, upgradeId=1}
2015-12-10 04:47:31.012+0000 INFO  [o.n.k.i.DiagnosticsManager] Kernel version: 2.3.1
2015-12-10 04:47:31.014+0000 INFO  [o.n.k.i.DiagnosticsManager] --- STARTED diagnostics for KernelDiagnostics:Versions END ---
2015-12-10 04:47:31.018+0000 INFO  [o.n.k.i.DiagnosticsManager] --- STARTED diagnostics for NEO_STORE_VERSIONS START ---
2015-12-10 04:47:31.022+0000 INFO  [o.n.k.i.DiagnosticsManager] Store versions:
2015-12-10 04:47:31.027+0000 INFO  [o.n.k.i.DiagnosticsManager] Store versions:
2015-12-10 04:47:31.029+0000 INFO  [o.n.k.i.DiagnosticsManager] ArrayPropertyStore v0.A.6
2015-12-10 04:47:31.030+0000 INFO  [o.n.k.i.DiagnosticsManager] NodeStore v0.A.6
2015-12-10 04:47:31.034+0000 INFO  [o.n.k.i.DiagnosticsManager] StringPropertyStore v0.A.6
2015-12-10 04:47:31.035+0000 INFO  [o.n.k.i.DiagnosticsManager] PropertyIndexStore v0.A.6
2015-12-10 04:47:31.037+0000 INFO  [o.n.k.i.DiagnosticsManager] StringPropertyStore v0.A.6
2015-12-10 04:47:31.041+0000 INFO  [o.n.k.i.DiagnosticsManager] ArrayPropertyStore v0.A.6
2015-12-10 04:47:31.042+0000 INFO  [o.n.k.i.DiagnosticsManager] PropertyStore v0.A.6
2015-12-10 04:47:31.044+0000 INFO  [o.n.k.i.DiagnosticsManager] RelationshipStore v0.A.6
2015-12-10 04:47:31.046+0000 INFO  [o.n.k.i.DiagnosticsManager] StringPropertyStore v0.A.6
2015-12-10 04:47:31.050+0000 INFO  [o.n.k.i.DiagnosticsManager] RelationshipTypeStore v0.A.6
2015-12-10 04:47:31.051+0000 INFO  [o.n.k.i.DiagnosticsManager] StringPropertyStore v0.A.6
2015-12-10 04:47:31.053+0000 INFO  [o.n.k.i.DiagnosticsManager] LabelTokenStore v0.A.6
2015-12-10 04:47:31.056+0000 INFO  [o.n.k.i.DiagnosticsManager] SchemaStore v0.A.6
2015-12-10 04:47:31.058+0000 INFO  [o.n.k.i.DiagnosticsManager] RelationshipGroupStore v0.A.6
2015-12-10 04:47:31.060+0000 INFO  [o.n.k.i.DiagnosticsManager] NeoStore v0.A.6
2015-12-10 04:47:31.062+0000 INFO  [o.n.k.i.DiagnosticsManager] --- STARTED diagnostics for NEO_STORE_VERSIONS END ---
2015-12-10 04:47:31.065+0000 INFO  [o.n.k.i.DiagnosticsManager] --- STARTED diagnostics for NEO_STORE_ID_USAGE START ---
2015-12-10 04:47:31.067+0000 INFO  [o.n.k.i.DiagnosticsManager] Id usage:
2015-12-10 04:47:31.069+0000 INFO  [o.n.k.i.DiagnosticsManager] Id usage:
2015-12-10 04:47:31.072+0000 INFO  [o.n.k.i.DiagnosticsManager]   ArrayPropertyStore v0.A.6: used=1 high=0
2015-12-10 04:47:31.074+0000 INFO  [o.n.k.i.DiagnosticsManager]   NodeStore v0.A.6: used=0 high=-1
2015-12-10 04:47:31.076+0000 INFO  [o.n.k.i.DiagnosticsManager]   StringPropertyStore v0.A.6: used=1 high=0
2015-12-10 04:47:31.080+0000 INFO  [o.n.k.i.DiagnosticsManager]   PropertyIndexStore v0.A.6: used=0 high=-1
2015-12-10 04:47:31.081+0000 INFO  [o.n.k.i.DiagnosticsManager]   StringPropertyStore v0.A.6: used=1 high=0
2015-12-10 04:47:31.083+0000 INFO  [o.n.k.i.DiagnosticsManager]   ArrayPropertyStore v0.A.6: used=1 high=0
2015-12-10 04:47:31.087+0000 INFO  [o.n.k.i.DiagnosticsManager]   PropertyStore v0.A.6: used=0 high=-1
2015-12-10 04:47:31.089+0000 INFO  [o.n.k.i.DiagnosticsManager]   RelationshipStore v0.A.6: used=0 high=-1
2015-12-10 04:47:31.090+0000 INFO  [o.n.k.i.DiagnosticsManager]   StringPropertyStore v0.A.6: used=1 high=0
2015-12-10 04:47:31.092+0000 INFO  [o.n.k.i.DiagnosticsManager]   RelationshipTypeStore v0.A.6: used=0 high=-1
2015-12-10 04:47:31.096+0000 INFO  [o.n.k.i.DiagnosticsManager]   StringPropertyStore v0.A.6: used=1 high=0
2015-12-10 04:47:31.097+0000 INFO  [o.n.k.i.DiagnosticsManager]   LabelTokenStore v0.A.6: used=0 high=-1
2015-12-10 04:47:31.099+0000 INFO  [o.n.k.i.DiagnosticsManager]   SchemaStore v0.A.6: used=1 high=0
2015-12-10 04:47:31.101+0000 INFO  [o.n.k.i.DiagnosticsManager]   RelationshipGroupStore v0.A.6: used=1 high=0
2015-12-10 04:47:31.103+0000 INFO  [o.n.k.i.DiagnosticsManager]   NeoStore v0.A.6: used=13 high=12
2015-12-10 04:47:31.107+0000 INFO  [o.n.k.i.DiagnosticsManager] --- STARTED diagnostics for NEO_STORE_ID_USAGE END ---
2015-12-10 04:47:31.109+0000 INFO  [o.n.k.i.DiagnosticsManager] --- STARTED diagnostics for NEO_STORE_RECORDS START ---
2015-12-10 04:47:31.110+0000 INFO  [o.n.k.i.DiagnosticsManager] Neostore records:
2015-12-10 04:47:31.112+0000 INFO  [o.n.k.i.DiagnosticsManager] TIME (Creation time): 1449722850771
2015-12-10 04:47:31.114+0000 INFO  [o.n.k.i.DiagnosticsManager] RANDOM_NUMBER (Random number for store id): 4402179281445607341
2015-12-10 04:47:31.116+0000 INFO  [o.n.k.i.DiagnosticsManager] LOG_VERSION (Current log version): 0
2015-12-10 04:47:31.120+0000 INFO  [o.n.k.i.DiagnosticsManager] LAST_TRANSACTION_ID (Last committed transaction): 1
2015-12-10 04:47:31.121+0000 INFO  [o.n.k.i.DiagnosticsManager] STORE_VERSION (Store format version): 15250506225055238
2015-12-10 04:47:31.123+0000 INFO  [o.n.k.i.DiagnosticsManager] FIRST_GRAPH_PROPERTY (First property record containing graph properties): -1
2015-12-10 04:47:31.125+0000 INFO  [o.n.k.i.DiagnosticsManager] LAST_CONSTRAINT_TRANSACTION (Last committed transaction containing constraint changes): 0
2015-12-10 04:47:31.127+0000 INFO  [o.n.k.i.DiagnosticsManager] UPGRADE_TRANSACTION_ID (Transaction id most recent upgrade was performed at): 1
2015-12-10 04:47:31.130+0000 INFO  [o.n.k.i.DiagnosticsManager] UPGRADE_TIME (Time of last upgrade): 1449722850771
2015-12-10 04:47:31.132+0000 INFO  [o.n.k.i.DiagnosticsManager] LAST_TRANSACTION_CHECKSUM (Checksum of last committed transaction): 0
2015-12-10 04:47:31.135+0000 INFO  [o.n.k.i.DiagnosticsManager] UPGRADE_TRANSACTION_CHECKSUM (Checksum of transaction id the most recent upgrade was performed at): 0
2015-12-10 04:47:31.137+0000 INFO  [o.n.k.i.DiagnosticsManager] LAST_CLOSED_TRANSACTION_LOG_VERSION (Log version where the last transaction commit entry has been written into): 0
2015-12-10 04:47:31.139+0000 INFO  [o.n.k.i.DiagnosticsManager] LAST_CLOSED_TRANSACTION_LOG_BYTE_OFFSET (Byte offset in the log file where the last transaction commit entry has been written into): 16
2015-12-10 04:47:31.141+0000 INFO  [o.n.k.i.DiagnosticsManager] --- STARTED diagnostics for NEO_STORE_RECORDS END ---
2015-12-10 04:47:31.143+0000 INFO  [o.n.k.i.DiagnosticsManager] --- STARTED diagnostics for TRANSACTION_RANGE START ---
2015-12-10 04:47:31.145+0000 INFO  [o.n.k.i.DiagnosticsManager] Transaction log:
2015-12-10 04:47:31.148+0000 INFO  [o.n.k.i.DiagnosticsManager] No transactions found in any log
2015-12-10 04:47:31.150+0000 INFO  [o.n.k.i.DiagnosticsManager] --- STARTED diagnostics for TRANSACTION_RANGE END ---
2015-12-10 04:47:31.152+0000 INFO  [o.n.k.i.DiagnosticsManager] --- STARTED diagnostics for KernelDiagnostics:StoreFiles START ---
2015-12-10 04:47:31.155+0000 INFO  [o.n.k.i.DiagnosticsManager] Disk space on partition (Total / Free / Free %): 499738734592 / 397719351296 / 79
Storage files: (filename : modification date - size)
2015-12-10 04:47:31.158+0000 INFO  [o.n.k.i.DiagnosticsManager]   dbms:
2015-12-10 04:47:31.160+0000 INFO  [o.n.k.i.DiagnosticsManager]     ssl:
2015-12-10 04:47:31.162+0000 INFO  [o.n.k.i.DiagnosticsManager]       snakeoil.cert: 2015-12-09T22:47:27-0600 - 630.00 B
2015-12-10 04:47:31.165+0000 INFO  [o.n.k.i.DiagnosticsManager]       snakeoil.key: 2015-12-09T22:47:27-0600 - 914.00 B
2015-12-10 04:47:31.167+0000 INFO  [o.n.k.i.DiagnosticsManager]     - Total: 2015-12-09T22:47:27-0600 - 1.51 kB
2015-12-10 04:47:31.169+0000 INFO  [o.n.k.i.DiagnosticsManager]   - Total: 2015-12-09T22:47:27-0600 - 1.51 kB
2015-12-10 04:47:31.171+0000 INFO  [o.n.k.i.DiagnosticsManager]   index:
2015-12-10 04:47:31.174+0000 INFO  [o.n.k.i.DiagnosticsManager]   - Total: 2015-12-09T22:47:30-0600 - 0.00 B
2015-12-10 04:47:31.176+0000 INFO  [o.n.k.i.DiagnosticsManager]   messages.log: 2015-12-09T22:47:27-0600 - 26.40 kB
2015-12-10 04:47:31.178+0000 INFO  [o.n.k.i.DiagnosticsManager]   neo4j.properties: 2015-12-09T22:47:27-0600 - 1.30 kB
2015-12-10 04:47:31.181+0000 INFO  [o.n.k.i.DiagnosticsManager]   neostore: 2015-12-09T22:47:30-0600 - 8.00 kB
2015-12-10 04:47:31.183+0000 INFO  [o.n.k.i.DiagnosticsManager]   neostore.counts.db.a: 2015-12-09T22:47:30-0600 - 96.00 B
2015-12-10 04:47:31.185+0000 INFO  [o.n.k.i.DiagnosticsManager]   neostore.id: 2015-12-09T22:47:30-0600 - 9.00 B
2015-12-10 04:47:31.188+0000 INFO  [o.n.k.i.DiagnosticsManager]   neostore.labeltokenstore.db: 2015-12-09T22:47:30-0600 - 0.00 B
2015-12-10 04:47:31.190+0000 INFO  [o.n.k.i.DiagnosticsManager]   neostore.labeltokenstore.db.id: 2015-12-09T22:47:30-0600 - 9.00 B
2015-12-10 04:47:31.192+0000 INFO  [o.n.k.i.DiagnosticsManager]   neostore.labeltokenstore.db.names: 2015-12-09T22:47:30-0600 - 8.00 kB
2015-12-10 04:47:31.195+0000 INFO  [o.n.k.i.DiagnosticsManager]   neostore.labeltokenstore.db.names.id: 2015-12-09T22:47:30-0600 - 9.00 B
2015-12-10 04:47:31.197+0000 INFO  [o.n.k.i.DiagnosticsManager]   neostore.nodestore.db: 2015-12-09T22:47:28-0600 - 0.00 B
2015-12-10 04:47:31.200+0000 INFO  [o.n.k.i.DiagnosticsManager]   neostore.nodestore.db.id: 2015-12-09T22:47:28-0600 - 9.00 B
2015-12-10 04:47:31.202+0000 INFO  [o.n.k.i.DiagnosticsManager]   neostore.nodestore.db.labels: 2015-12-09T22:47:28-0600 - 8.00 kB
2015-12-10 04:47:31.205+0000 INFO  [o.n.k.i.DiagnosticsManager]   neostore.nodestore.db.labels.id: 2015-12-09T22:47:28-0600 - 9.00 B
2015-12-10 04:47:31.207+0000 INFO  [o.n.k.i.DiagnosticsManager]   neostore.propertystore.db: 2015-12-09T22:47:29-0600 - 0.00 B
2015-12-10 04:47:31.209+0000 INFO  [o.n.k.i.DiagnosticsManager]   neostore.propertystore.db.arrays: 2015-12-09T22:47:29-0600 - 8.00 kB
2015-12-10 04:47:31.212+0000 INFO  [o.n.k.i.DiagnosticsManager]   neostore.propertystore.db.arrays.id: 2015-12-09T22:47:29-0600 - 9.00 B
2015-12-10 04:47:31.215+0000 INFO  [o.n.k.i.DiagnosticsManager]   neostore.propertystore.db.id: 2015-12-09T22:47:29-0600 - 9.00 B
2015-12-10 04:47:31.217+0000 INFO  [o.n.k.i.DiagnosticsManager]   neostore.propertystore.db.index: 2015-12-09T22:47:28-0600 - 0.00 B
2015-12-10 04:47:31.220+0000 INFO  [o.n.k.i.DiagnosticsManager]   neostore.propertystore.db.index.id: 2015-12-09T22:47:28-0600 - 9.00 B
2015-12-10 04:47:31.223+0000 INFO  [o.n.k.i.DiagnosticsManager]   neostore.propertystore.db.index.keys: 2015-12-09T22:47:28-0600 - 8.00 kB
2015-12-10 04:47:31.225+0000 INFO  [o.n.k.i.DiagnosticsManager]   neostore.propertystore.db.index.keys.id: 2015-12-09T22:47:28-0600 - 9.00 B
2015-12-10 04:47:31.228+0000 INFO  [o.n.k.i.DiagnosticsManager]   neostore.propertystore.db.strings: 2015-12-09T22:47:28-0600 - 8.00 kB
2015-12-10 04:47:31.231+0000 INFO  [o.n.k.i.DiagnosticsManager]   neostore.propertystore.db.strings.id: 2015-12-09T22:47:28-0600 - 9.00 B
2015-12-10 04:47:31.233+0000 INFO  [o.n.k.i.DiagnosticsManager]   neostore.relationshipgroupstore.db: 2015-12-09T22:47:30-0600 - 8.00 kB
2015-12-10 04:47:31.236+0000 INFO  [o.n.k.i.DiagnosticsManager]   neostore.relationshipgroupstore.db.id: 2015-12-09T22:47:30-0600 - 9.00 B
2015-12-10 04:47:31.239+0000 INFO  [o.n.k.i.DiagnosticsManager]   neostore.relationshipstore.db: 2015-12-09T22:47:29-0600 - 0.00 B
2015-12-10 04:47:31.241+0000 INFO  [o.n.k.i.DiagnosticsManager]   neostore.relationshipstore.db.id: 2015-12-09T22:47:29-0600 - 9.00 B
2015-12-10 04:47:31.244+0000 INFO  [o.n.k.i.DiagnosticsManager]   neostore.relationshiptypestore.db: 2015-12-09T22:47:29-0600 - 0.00 B
2015-12-10 04:47:31.247+0000 INFO  [o.n.k.i.DiagnosticsManager]   neostore.relationshiptypestore.db.id: 2015-12-09T22:47:29-0600 - 9.00 B
2015-12-10 04:47:31.249+0000 INFO  [o.n.k.i.DiagnosticsManager]   neostore.relationshiptypestore.db.names: 2015-12-09T22:47:29-0600 - 8.00 kB
2015-12-10 04:47:31.252+0000 INFO  [o.n.k.i.DiagnosticsManager]   neostore.relationshiptypestore.db.names.id: 2015-12-09T22:47:29-0600 - 9.00 B
2015-12-10 04:47:31.254+0000 INFO  [o.n.k.i.DiagnosticsManager]   neostore.schemastore.db: 2015-12-09T22:47:30-0600 - 8.00 kB
2015-12-10 04:47:31.257+0000 INFO  [o.n.k.i.DiagnosticsManager]   neostore.schemastore.db.id: 2015-12-09T22:47:30-0600 - 9.00 B
2015-12-10 04:47:31.259+0000 INFO  [o.n.k.i.DiagnosticsManager]   neostore.transaction.db.0: 2015-12-09T22:47:30-0600 - 16.00 B
2015-12-10 04:47:31.261+0000 INFO  [o.n.k.i.DiagnosticsManager]   schema:
2015-12-10 04:47:31.264+0000 INFO  [o.n.k.i.DiagnosticsManager]     label:
2015-12-10 04:47:31.266+0000 INFO  [o.n.k.i.DiagnosticsManager]       lucene:
2015-12-10 04:47:31.269+0000 INFO  [o.n.k.i.DiagnosticsManager]         write.lock: 2015-12-09T22:47:30-0600 - 0.00 B
2015-12-10 04:47:31.271+0000 INFO  [o.n.k.i.DiagnosticsManager]       - Total: 2015-12-09T22:47:30-0600 - 0.00 B
2015-12-10 04:47:31.273+0000 INFO  [o.n.k.i.DiagnosticsManager]     - Total: 2015-12-09T22:47:30-0600 - 0.00 B
2015-12-10 04:47:31.276+0000 INFO  [o.n.k.i.DiagnosticsManager]   - Total: 2015-12-09T22:47:30-0600 - 0.00 B
2015-12-10 04:47:31.278+0000 INFO  [o.n.k.i.DiagnosticsManager]   store_lock: 2015-12-09T22:47:27-0600 - 0.00 B
2015-12-10 04:47:31.280+0000 INFO  [o.n.k.i.DiagnosticsManager] --- STARTED diagnostics for KernelDiagnostics:StoreFiles END ---
2015-12-10 04:47:31.291+0000 INFO  [o.n.k.i.DiagnosticsManager] --- SERVER STARTED START ---
2015-12-10 04:47:31.953+0000 INFO  [o.n.k.i.DiagnosticsManager] --- SERVER STARTED END ---
2015-12-10 04:52:31.010+0000 INFO  [o.n.k.i.t.l.c.CheckPointerImpl] Check Pointing triggered by scheduler for time threshold [5271]:  Starting check pointing...
2015-12-10 04:52:31.017+0000 INFO  [o.n.k.i.t.l.c.CheckPointerImpl] Check Pointing triggered by scheduler for time threshold [5271]:  Starting store flush...
2015-12-10 04:52:31.260+0000 INFO  [o.n.k.i.s.c.CountsTracker] About to rotate counts store at transaction 5274 to [C:\561\4000\4000D5\neostore.counts.db.b], from [C:\561\4000\4000D5\neostore.counts.db.a].
2015-12-10 04:52:31.276+0000 INFO  [o.n.k.i.s.c.CountsTracker] Successfully rotated counts store at transaction 5274 to [C:\561\4000\4000D5\neostore.counts.db.b], from [C:\561\4000\4000D5\neostore.counts.db.a].
2015-12-10 04:52:31.712+0000 INFO  [o.n.k.i.t.l.c.CheckPointerImpl] Check Pointing triggered by scheduler for time threshold [5271]:  Store flush completed
2015-12-10 04:52:31.715+0000 INFO  [o.n.k.i.t.l.c.CheckPointerImpl] Check Pointing triggered by scheduler for time threshold [5271]:  Starting appending check point entry into the tx log...
2015-12-10 04:52:31.760+0000 INFO  [o.n.k.i.t.l.c.CheckPointerImpl] Check Pointing triggered by scheduler for time threshold [5271]:  Appending check point entry into the tx log completed
2015-12-10 04:52:31.762+0000 INFO  [o.n.k.i.t.l.c.CheckPointerImpl] Check Pointing triggered by scheduler for time threshold [5271]:  Check pointing completed
2015-12-10 04:52:31.764+0000 INFO  [o.n.k.i.t.l.p.LogPruningImpl] Log Rotation [0]:  Starting log pruning.
2015-12-10 04:52:31.767+0000 INFO  [o.n.k.i.t.l.p.LogPruningImpl] Log Rotation [0]:  Log pruning complete.
2015-12-10 04:55:46.433+0000 INFO  [o.n.k.i.f.GraphDatabaseFacade] Shutdown started
2015-12-10 04:55:46.436+0000 INFO  [o.n.k.i.f.CommunityFacadeFactory] Database is now unavailable
2015-12-10 04:55:46.584+0000 INFO  [o.n.k.i.s.c.CountsTracker] About to rotate counts store at transaction 8311 to [C:\561\4000\4000D5\neostore.counts.db.a], from [C:\561\4000\4000D5\neostore.counts.db.b].
2015-12-10 04:55:46.598+0000 INFO  [o.n.k.i.s.c.CountsTracker] Successfully rotated counts store at transaction 8311 to [C:\561\4000\4000D5\neostore.counts.db.a], from [C:\561\4000\4000D5\neostore.counts.db.b].
2015-12-10 04:55:46.814+0000 INFO  [o.n.k.i.t.l.c.CheckPointerImpl] Check Pointing triggered by database shutdown [8311]:  Starting check pointing...
2015-12-10 04:55:46.821+0000 INFO  [o.n.k.i.t.l.c.CheckPointerImpl] Check Pointing triggered by database shutdown [8311]:  Starting store flush...
2015-12-10 04:55:46.846+0000 INFO  [o.n.k.i.t.l.c.CheckPointerImpl] Check Pointing triggered by database shutdown [8311]:  Store flush completed
2015-12-10 04:55:46.853+0000 INFO  [o.n.k.i.t.l.c.CheckPointerImpl] Check Pointing triggered by database shutdown [8311]:  Starting appending check point entry into the tx log...
2015-12-10 04:55:46.888+0000 INFO  [o.n.k.i.t.l.c.CheckPointerImpl] Check Pointing triggered by database shutdown [8311]:  Appending check point entry into the tx log completed
2015-12-10 04:55:46.893+0000 INFO  [o.n.k.i.t.l.c.CheckPointerImpl] Check Pointing triggered by database shutdown [8311]:  Check pointing completed
2015-12-10 04:55:46.897+0000 INFO  [o.n.k.i.t.l.p.LogPruningImpl] Log Rotation [0]:  Starting log pruning.
2015-12-10 04:55:46.901+0000 INFO  [o.n.k.i.t.l.p.LogPruningImpl] Log Rotation [0]:  Log pruning complete.
2015-12-10 04:55:48.363+0000 INFO  [o.n.k.NeoStoreDataSource] NeoStores closed
2015-12-10 04:55:48.370+0000 INFO  [o.n.k.i.DiagnosticsManager] --- STOPPING diagnostics START ---
2015-12-10 04:55:48.370+0000 INFO  [o.n.k.i.DiagnosticsManager] --- STOPPING diagnostics END ---
2015-12-11 04:55:27.903+0000 INFO  [o.n.k.i.f.CommunityFacadeFactory] No locking implementation specified, defaulting to 'community'
2015-12-11 04:55:27.947+0000 INFO  [o.n.k.AvailabilityGuard] Requirement makes database unavailable: Database available
2015-12-11 04:55:27.953+0000 INFO  [o.n.k.i.DiagnosticsManager] --- INITIALIZED diagnostics START ---
2015-12-11 04:55:27.953+0000 INFO  [o.n.k.i.DiagnosticsManager] Neo4j Kernel properties:
2015-12-11 04:55:27.953+0000 INFO  [o.n.k.i.DiagnosticsManager] org.neo4j.server.db.tuning.properties=C:\561\4000\4000D5\neo4j.properties
2015-12-11 04:55:27.953+0000 INFO  [o.n.k.i.DiagnosticsManager] org.neo4j.server.database.location=C:\561\4000\4000D5
2015-12-11 04:55:27.953+0000 INFO  [o.n.k.i.DiagnosticsManager] dbms.querylog.filename=data/log/queries.log
2015-12-11 04:55:27.953+0000 INFO  [o.n.k.i.DiagnosticsManager] dbms.security.auth_store.location=C:\561\4000\4000D5\.\dbms\auth
2015-12-11 04:55:27.953+0000 INFO  [o.n.k.i.DiagnosticsManager] dbms.security.tls_certificate_file=C:\561\4000\4000D5\.\dbms\ssl\snakeoil.cert
2015-12-11 04:55:27.953+0000 INFO  [o.n.k.i.DiagnosticsManager] remote_shell_enabled=true
2015-12-11 04:55:27.953+0000 INFO  [o.n.k.i.DiagnosticsManager] edition=Community
2015-12-11 04:55:27.953+0000 INFO  [o.n.k.i.DiagnosticsManager] dbms.security.tls_key_file=C:\561\4000\4000D5\.\dbms\ssl\snakeoil.key
2015-12-11 04:55:27.953+0000 INFO  [o.n.k.i.DiagnosticsManager] Diagnostics providers:
2015-12-11 04:55:27.953+0000 INFO  [o.n.k.i.DiagnosticsManager] org.neo4j.kernel.configuration.Config
2015-12-11 04:55:27.953+0000 INFO  [o.n.k.i.DiagnosticsManager] org.neo4j.kernel.info.DiagnosticsManager
2015-12-11 04:55:27.953+0000 INFO  [o.n.k.i.DiagnosticsManager] SYSTEM_MEMORY
2015-12-11 04:55:27.953+0000 INFO  [o.n.k.i.DiagnosticsManager] JAVA_MEMORY
2015-12-11 04:55:27.953+0000 INFO  [o.n.k.i.DiagnosticsManager] OPERATING_SYSTEM
2015-12-11 04:55:27.953+0000 INFO  [o.n.k.i.DiagnosticsManager] JAVA_VIRTUAL_MACHINE
2015-12-11 04:55:27.953+0000 INFO  [o.n.k.i.DiagnosticsManager] CLASSPATH
2015-12-11 04:55:27.953+0000 INFO  [o.n.k.i.DiagnosticsManager] LIBRARY_PATH
2015-12-11 04:55:27.953+0000 INFO  [o.n.k.i.DiagnosticsManager] SYSTEM_PROPERTIES
2015-12-11 04:55:27.953+0000 INFO  [o.n.k.i.DiagnosticsManager] NETWORK
2015-12-11 04:55:27.953+0000 INFO  [o.n.k.i.DiagnosticsManager] System memory information:
2015-12-11 04:55:27.953+0000 INFO  [o.n.k.i.DiagnosticsManager] Total Physical memory: 3.93 GB
2015-12-11 04:55:27.954+0000 INFO  [o.n.k.i.DiagnosticsManager] Free Physical memory: 1.95 GB
2015-12-11 04:55:27.954+0000 INFO  [o.n.k.i.DiagnosticsManager] Committed virtual memory: 375.30 MB
2015-12-11 04:55:27.954+0000 INFO  [o.n.k.i.DiagnosticsManager] Total swap space: 5.66 GB
2015-12-11 04:55:27.954+0000 INFO  [o.n.k.i.DiagnosticsManager] Free swap space: 1.75 GB
2015-12-11 04:55:27.954+0000 INFO  [o.n.k.i.DiagnosticsManager] JVM memory information:
2015-12-11 04:55:27.954+0000 INFO  [o.n.k.i.DiagnosticsManager] Free  memory: 21.92 MB
2015-12-11 04:55:27.954+0000 INFO  [o.n.k.i.DiagnosticsManager] Total memory: 81.50 MB
2015-12-11 04:55:27.954+0000 INFO  [o.n.k.i.DiagnosticsManager] Max   memory: 894.50 MB
2015-12-11 04:55:27.954+0000 INFO  [o.n.k.i.DiagnosticsManager] Garbage Collector: PS Scavenge: [PS Eden Space, PS Survivor Space]
2015-12-11 04:55:27.954+0000 INFO  [o.n.k.i.DiagnosticsManager] Garbage Collector: PS MarkSweep: [PS Eden Space, PS Survivor Space, PS Old Gen, PS Perm Gen]
2015-12-11 04:55:27.954+0000 INFO  [o.n.k.i.DiagnosticsManager] Memory Pool: Code Cache (Non-heap memory): committed=13.31 MB, used=12.41 MB, max=48.00 MB, threshold=0.00 B
2015-12-11 04:55:27.954+0000 INFO  [o.n.k.i.DiagnosticsManager] Memory Pool: PS Eden Space (Heap memory): committed=20.00 MB, used=2.73 MB, max=330.00 MB, threshold=?
2015-12-11 04:55:27.955+0000 INFO  [o.n.k.i.DiagnosticsManager] Memory Pool: PS Survivor Space (Heap memory): committed=512.00 kB, used=497.02 kB, max=512.00 kB, threshold=?
2015-12-11 04:55:27.955+0000 INFO  [o.n.k.i.DiagnosticsManager] Memory Pool: PS Old Gen (Heap memory): committed=61.00 MB, used=56.36 MB, max=670.50 MB, threshold=0.00 B
2015-12-11 04:55:27.955+0000 INFO  [o.n.k.i.DiagnosticsManager] Memory Pool: PS Perm Gen (Non-heap memory): committed=69.00 MB, used=68.71 MB, max=82.00 MB, threshold=0.00 B
2015-12-11 04:55:27.955+0000 INFO  [o.n.k.i.DiagnosticsManager] Operating system information:
2015-12-11 04:55:27.955+0000 INFO  [o.n.k.i.DiagnosticsManager] Operating System: Windows 8.1; version: 6.3; arch: amd64; cpus: 8
2015-12-11 04:55:27.956+0000 INFO  [o.n.k.i.DiagnosticsManager] Process id: 3784@ATAN-B03-02
2015-12-11 04:55:27.956+0000 INFO  [o.n.k.i.DiagnosticsManager] Byte order: LITTLE_ENDIAN
2015-12-11 04:55:27.956+0000 INFO  [o.n.k.i.DiagnosticsManager] Local timezone: America/Chicago
2015-12-11 04:55:27.956+0000 INFO  [o.n.k.i.DiagnosticsManager] JVM information:
2015-12-11 04:55:27.956+0000 INFO  [o.n.k.i.DiagnosticsManager] VM Name: Java HotSpot(TM) 64-Bit Server VM
2015-12-11 04:55:27.956+0000 INFO  [o.n.k.i.DiagnosticsManager] VM Vendor: Oracle Corporation
2015-12-11 04:55:27.956+0000 INFO  [o.n.k.i.DiagnosticsManager] VM Version: 24.80-b11
2015-12-11 04:55:27.956+0000 INFO  [o.n.k.i.DiagnosticsManager] JIT compiler: HotSpot 64-Bit Tiered Compilers
2015-12-11 04:55:27.956+0000 INFO  [o.n.k.i.DiagnosticsManager] VM Arguments: [-Dexe4j.semaphoreName=Local\c:_program_files_neo4j_ce_2.3.1_bin_neo4j-ce.exe, -Dexe4j.isInstall4j=true, -Dexe4j.moduleName=C:\Program Files\Neo4j CE 2.3.1\bin\neo4j-ce.exe, -Dexe4j.tempDir=, -Dexe4j.unextractedPosition=0, -Djava.library.path=C:\Program Files (x86)\AMD APP\bin\x86_64;C:\Program Files (x86)\AMD APP\bin\x86;C:\ProgramData\Oracle\Java\javapath;C:\Windows\system32;C:\Windows;C:\Windows\System32\Wbem;C:\Windows\System32\WindowsPowerShell\v1.0\;C:\Program Files (x86)\MiKTeX 2.9\miktex\bin\;C:\Program Files\TortoiseSVN\bin;C:\Windows\system32\config\systemprofile\.dnx\bin;C:\Program Files\Microsoft DNX\Dnvm\;C:\Program Files\MATLAB\R2015b\runtime\win64;C:\Program Files\MATLAB\R2015b\bin;C:\Program Files (x86)\ATI Technologies\ATI.ACE\Core-Static;c:\program files\neo4j ce 2.3.1\jre\bin, -Dexe4j.consoleCodepage=cp0, -Dinstall4j.launcherId=24, -Dinstall4j.swt=false]
2015-12-11 04:55:27.956+0000 INFO  [o.n.k.i.DiagnosticsManager] Java classpath:
2015-12-11 04:55:27.960+0000 INFO  [o.n.k.i.DiagnosticsManager]  [loader.1] file:/C:/Program%20Files/Neo4j%20CE%202.3.1/jre/lib/ext/dnsns.jar
2015-12-11 04:55:27.960+0000 INFO  [o.n.k.i.DiagnosticsManager]  [loader.0] file:/C:/Program%20Files/Neo4j%20CE%202.3.1/bin/
2015-12-11 04:55:27.960+0000 INFO  [o.n.k.i.DiagnosticsManager]  [bootstrap] C:\Program Files\Neo4j CE 2.3.1\jre\lib\resources.jar
2015-12-11 04:55:27.960+0000 INFO  [o.n.k.i.DiagnosticsManager]  [bootstrap] C:\Program Files\Neo4j CE 2.3.1\jre\lib\jfr.jar
2015-12-11 04:55:27.960+0000 INFO  [o.n.k.i.DiagnosticsManager]  [classpath] C:\Program Files\Neo4j CE 2.3.1\.install4j\i4jruntime.jar
2015-12-11 04:55:27.960+0000 INFO  [o.n.k.i.DiagnosticsManager]  [loader.1] file:/C:/Program%20Files/Neo4j%20CE%202.3.1/jre/lib/ext/sunmscapi.jar
2015-12-11 04:55:27.960+0000 INFO  [o.n.k.i.DiagnosticsManager]  [bootstrap] C:\Program Files\Neo4j CE 2.3.1\jre\lib\jsse.jar
2015-12-11 04:55:27.960+0000 INFO  [o.n.k.i.DiagnosticsManager]  [loader.1] file:/C:/Program%20Files/Neo4j%20CE%202.3.1/jre/lib/ext/dns_sd.jar
2015-12-11 04:55:27.960+0000 INFO  [o.n.k.i.DiagnosticsManager]  [loader.0] file:/C:/Program%20Files/Neo4j%20CE%202.3.1/.install4j/i4jruntime.jar
2015-12-11 04:55:27.960+0000 INFO  [o.n.k.i.DiagnosticsManager]  [loader.0] file:/C:/Program%20Files/Neo4j%20CE%202.3.1/bin/neo4j-desktop-2.3.1.jar
2015-12-11 04:55:27.960+0000 INFO  [o.n.k.i.DiagnosticsManager]  [loader.1] file:/C:/Program%20Files/Neo4j%20CE%202.3.1/jre/lib/ext/access-bridge-64.jar
2015-12-11 04:55:27.960+0000 INFO  [o.n.k.i.DiagnosticsManager]  [loader.1] file:/C:/Program%20Files/Neo4j%20CE%202.3.1/jre/lib/ext/localedata.jar
2015-12-11 04:55:27.960+0000 INFO  [o.n.k.i.DiagnosticsManager]  [bootstrap] C:\Program Files\Neo4j CE 2.3.1\jre\lib\sunrsasign.jar
2015-12-11 04:55:27.960+0000 INFO  [o.n.k.i.DiagnosticsManager]  [bootstrap] C:\Program Files\Neo4j CE 2.3.1\jre\lib\jce.jar
2015-12-11 04:55:27.960+0000 INFO  [o.n.k.i.DiagnosticsManager]  [bootstrap] C:\Program Files\Neo4j CE 2.3.1\jre\lib\rt.jar
2015-12-11 04:55:27.960+0000 INFO  [o.n.k.i.DiagnosticsManager]  [bootstrap] C:\Program Files\Neo4j CE 2.3.1\jre\lib\charsets.jar
2015-12-11 04:55:27.960+0000 INFO  [o.n.k.i.DiagnosticsManager]  [loader.1] file:/C:/Program%20Files/Neo4j%20CE%202.3.1/jre/lib/ext/sunjce_provider.jar
2015-12-11 04:55:27.961+0000 INFO  [o.n.k.i.DiagnosticsManager]  [bootstrap] C:\Program Files\Neo4j CE 2.3.1\jre\classes
2015-12-11 04:55:27.961+0000 INFO  [o.n.k.i.DiagnosticsManager]  [loader.1] file:/C:/Program%20Files/Neo4j%20CE%202.3.1/jre/lib/ext/zipfs.jar
2015-12-11 04:55:27.961+0000 INFO  [o.n.k.i.DiagnosticsManager]  [loader.1] file:/C:/Program%20Files/Neo4j%20CE%202.3.1/jre/lib/ext/jaccess.jar
2015-12-11 04:55:27.961+0000 INFO  [o.n.k.i.DiagnosticsManager]  [loader.1] file:/C:/Program%20Files/Neo4j%20CE%202.3.1/jre/lib/ext/sunec.jar
2015-12-11 04:55:27.961+0000 INFO  [o.n.k.i.DiagnosticsManager]  [classpath] C:\Program Files\Neo4j CE 2.3.1\bin\neo4j-desktop-2.3.1.jar
2015-12-11 04:55:27.961+0000 INFO  [o.n.k.i.DiagnosticsManager] Library path:
2015-12-11 04:55:27.961+0000 INFO  [o.n.k.i.DiagnosticsManager] C:\Program Files (x86)\AMD APP\bin\x86_64
2015-12-11 04:55:27.962+0000 INFO  [o.n.k.i.DiagnosticsManager] C:\Program Files (x86)\AMD APP\bin\x86
2015-12-11 04:55:27.962+0000 INFO  [o.n.k.i.DiagnosticsManager] C:\ProgramData\Oracle\Java\javapath
2015-12-11 04:55:27.962+0000 INFO  [o.n.k.i.DiagnosticsManager] C:\Windows\System32
2015-12-11 04:55:27.962+0000 INFO  [o.n.k.i.DiagnosticsManager] C:\Windows
2015-12-11 04:55:27.963+0000 INFO  [o.n.k.i.DiagnosticsManager] C:\Windows\System32\wbem
2015-12-11 04:55:27.963+0000 INFO  [o.n.k.i.DiagnosticsManager] C:\Windows\System32\WindowsPowerShell\v1.0
2015-12-11 04:55:27.963+0000 INFO  [o.n.k.i.DiagnosticsManager] C:\Program Files (x86)\MiKTeX 2.9\miktex\bin
2015-12-11 04:55:27.963+0000 INFO  [o.n.k.i.DiagnosticsManager] C:\Program Files\TortoiseSVN\bin
2015-12-11 04:55:27.963+0000 INFO  [o.n.k.i.DiagnosticsManager] C:\Windows\System32\config\systemprofile\.dnx\bin
2015-12-11 04:55:27.963+0000 INFO  [o.n.k.i.DiagnosticsManager] C:\Program Files\Microsoft DNX\Dnvm
2015-12-11 04:55:27.964+0000 INFO  [o.n.k.i.DiagnosticsManager] C:\Program Files\MATLAB\R2015b\runtime\win64
2015-12-11 04:55:27.964+0000 INFO  [o.n.k.i.DiagnosticsManager] C:\Program Files\MATLAB\R2015b\bin
2015-12-11 04:55:27.964+0000 INFO  [o.n.k.i.DiagnosticsManager] C:\Program Files (x86)\ATI Technologies\ATI.ACE\Core-Static
2015-12-11 04:55:27.964+0000 INFO  [o.n.k.i.DiagnosticsManager] C:\Program Files\Neo4j CE 2.3.1\jre\bin
2015-12-11 04:55:27.964+0000 INFO  [o.n.k.i.DiagnosticsManager] System.properties:
2015-12-11 04:55:27.964+0000 INFO  [o.n.k.i.DiagnosticsManager] exe4j.moduleName = C:\Program Files\Neo4j CE 2.3.1\bin\neo4j-ce.exe
2015-12-11 04:55:27.964+0000 INFO  [o.n.k.i.DiagnosticsManager] exe4j.semaphoreName = Local\c:_program_files_neo4j_ce_2.3.1_bin_neo4j-ce.exe
2015-12-11 04:55:27.964+0000 INFO  [o.n.k.i.DiagnosticsManager] sun.boot.library.path = c:\program files\neo4j ce 2.3.1\jre\bin
2015-12-11 04:55:27.964+0000 INFO  [o.n.k.i.DiagnosticsManager] exe4j.consoleCodepage = cp0
2015-12-11 04:55:27.964+0000 INFO  [o.n.k.i.DiagnosticsManager] path.separator = ;
2015-12-11 04:55:27.964+0000 INFO  [o.n.k.i.DiagnosticsManager] file.encoding.pkg = sun.io
2015-12-11 04:55:27.965+0000 INFO  [o.n.k.i.DiagnosticsManager] user.country = US
2015-12-11 04:55:27.965+0000 INFO  [o.n.k.i.DiagnosticsManager] user.script = 
2015-12-11 04:55:27.965+0000 INFO  [o.n.k.i.DiagnosticsManager] sun.os.patch.level = 
2015-12-11 04:55:27.965+0000 INFO  [o.n.k.i.DiagnosticsManager] install4j.exeDir = C:\Program Files\Neo4j CE 2.3.1\bin\
2015-12-11 04:55:27.965+0000 INFO  [o.n.k.i.DiagnosticsManager] user.dir = C:\Program Files\Neo4j CE 2.3.1\bin
2015-12-11 04:55:27.965+0000 INFO  [o.n.k.i.DiagnosticsManager] neo4j.ext.udc.source = desktop
2015-12-11 04:55:27.965+0000 INFO  [o.n.k.i.DiagnosticsManager] user.variant = 
2015-12-11 04:55:27.965+0000 INFO  [o.n.k.i.DiagnosticsManager] exe4j.tempDir = 
2015-12-11 04:55:27.965+0000 INFO  [o.n.k.i.DiagnosticsManager] sun.jnu.encoding = Cp1252
2015-12-11 04:55:27.965+0000 INFO  [o.n.k.i.DiagnosticsManager] sun.awt.enableExtraMouseButtons = true
2015-12-11 04:55:27.965+0000 INFO  [o.n.k.i.DiagnosticsManager] install4j.launcherId = 24
2015-12-11 04:55:27.965+0000 INFO  [o.n.k.i.DiagnosticsManager] sun.management.compiler = HotSpot 64-Bit Tiered Compilers
2015-12-11 04:55:27.965+0000 INFO  [o.n.k.i.DiagnosticsManager] exe4j.isInstall4j = true
2015-12-11 04:55:27.965+0000 INFO  [o.n.k.i.DiagnosticsManager] install4j.swt = false
2015-12-11 04:55:27.965+0000 INFO  [o.n.k.i.DiagnosticsManager] user.home = C:\Users\cez
2015-12-11 04:55:27.965+0000 INFO  [o.n.k.i.DiagnosticsManager] user.timezone = America/Chicago
2015-12-11 04:55:27.965+0000 INFO  [o.n.k.i.DiagnosticsManager] file.encoding = Cp1252
2015-12-11 04:55:27.965+0000 INFO  [o.n.k.i.DiagnosticsManager] user.name = cez
2015-12-11 04:55:27.965+0000 INFO  [o.n.k.i.DiagnosticsManager] sun.java.command = C:\Program Files\Neo4j CE 2.3.1\bin\neo4j-ce.exe
2015-12-11 04:55:27.965+0000 INFO  [o.n.k.i.DiagnosticsManager] sun.arch.data.model = 64
2015-12-11 04:55:27.965+0000 INFO  [o.n.k.i.DiagnosticsManager] exe4j.launchName = C:\Program Files\Neo4j CE 2.3.1\bin\neo4j-ce.exe
2015-12-11 04:55:27.965+0000 INFO  [o.n.k.i.DiagnosticsManager] user.language = en
2015-12-11 04:55:27.965+0000 INFO  [o.n.k.i.DiagnosticsManager] awt.toolkit = sun.awt.windows.WToolkit
2015-12-11 04:55:27.965+0000 INFO  [o.n.k.i.DiagnosticsManager] exe4j.unextractedPosition = 0
2015-12-11 04:55:27.965+0000 INFO  [o.n.k.i.DiagnosticsManager] install4j.appDir = C:\Program Files\Neo4j CE 2.3.1\
2015-12-11 04:55:27.965+0000 INFO  [o.n.k.i.DiagnosticsManager] file.separator = \
2015-12-11 04:55:27.965+0000 INFO  [o.n.k.i.DiagnosticsManager] sun.io.unicode.encoding = UnicodeLittle
2015-12-11 04:55:27.965+0000 INFO  [o.n.k.i.DiagnosticsManager] sun.cpu.endian = little
2015-12-11 04:55:27.965+0000 INFO  [o.n.k.i.DiagnosticsManager] sun.desktop = windows
2015-12-11 04:55:27.965+0000 INFO  [o.n.k.i.DiagnosticsManager] sun.cpu.isalist = amd64
2015-12-11 04:55:27.965+0000 INFO  [o.n.k.i.DiagnosticsManager] Network information:
2015-12-11 04:55:27.980+0000 INFO  [o.n.k.i.DiagnosticsManager] Interface Software Loopback Interface 1:
2015-12-11 04:55:27.980+0000 INFO  [o.n.k.i.DiagnosticsManager]     address: 127.0.0.1
2015-12-11 04:55:27.981+0000 INFO  [o.n.k.i.DiagnosticsManager]     address: 0:0:0:0:0:0:0:1
2015-12-11 04:55:27.981+0000 INFO  [o.n.k.i.DiagnosticsManager] Interface Microsoft Kernel Debug Network Adapter:
2015-12-11 04:55:27.981+0000 INFO  [o.n.k.i.DiagnosticsManager] Interface Intel(R) 82578DM Gigabit Network Connection:
2015-12-11 04:55:27.981+0000 INFO  [o.n.k.i.DiagnosticsManager]     address: 10.24.47.166
2015-12-11 04:55:27.981+0000 INFO  [o.n.k.i.DiagnosticsManager]     address: 2610:130:101:d00:4493:c16:efa9:8b55
2015-12-11 04:55:27.981+0000 INFO  [o.n.k.i.DiagnosticsManager]     address: 2610:130:101:d00:920:e15d:79eb:345b
2015-12-11 04:55:27.981+0000 INFO  [o.n.k.i.DiagnosticsManager]     address: 2610:130:101:d00:a502:b02c:1a2d:577b
2015-12-11 04:55:27.981+0000 INFO  [o.n.k.i.DiagnosticsManager]     address: fe80:0:0:0:4493:c16:efa9:8b55%3
2015-12-11 04:55:27.981+0000 INFO  [o.n.k.i.DiagnosticsManager] Interface Microsoft ISATAP Adapter:
2015-12-11 04:55:27.981+0000 INFO  [o.n.k.i.DiagnosticsManager]     address: fe80:0:0:0:0:5efe:c0a8:3801%4
2015-12-11 04:55:27.981+0000 INFO  [o.n.k.i.DiagnosticsManager] Interface Teredo Tunneling Pseudo-Interface:
2015-12-11 04:55:27.981+0000 INFO  [o.n.k.i.DiagnosticsManager] Interface Microsoft ISATAP Adapter #2:
2015-12-11 04:55:27.981+0000 INFO  [o.n.k.i.DiagnosticsManager]     address: fe80:0:0:0:0:5efe:a18:2fa6%6
2015-12-11 04:55:27.981+0000 INFO  [o.n.k.i.DiagnosticsManager] Interface VirtualBox Host-Only Ethernet Adapter:
2015-12-11 04:55:27.981+0000 INFO  [o.n.k.i.DiagnosticsManager]     address: 192.168.56.1
2015-12-11 04:55:27.981+0000 INFO  [o.n.k.i.DiagnosticsManager]     address: fe80:0:0:0:4133:2d33:29c2:6efa%7
2015-12-11 04:55:27.981+0000 INFO  [o.n.k.i.DiagnosticsManager] Interface Microsoft ISATAP Adapter #3:
2015-12-11 04:55:27.981+0000 INFO  [o.n.k.i.DiagnosticsManager] Interface VirtualBox Host-Only Ethernet Adapter-WFP Native MAC Layer LightWeight Filter-0000:
2015-12-11 04:55:27.981+0000 INFO  [o.n.k.i.DiagnosticsManager] Interface VirtualBox Host-Only Ethernet Adapter-VirtualBox NDIS Light-Weight Filter-0000:
2015-12-11 04:55:27.981+0000 INFO  [o.n.k.i.DiagnosticsManager] Interface VirtualBox Host-Only Ethernet Adapter-QoS Packet Scheduler-0000:
2015-12-11 04:55:27.981+0000 INFO  [o.n.k.i.DiagnosticsManager] Interface VirtualBox Host-Only Ethernet Adapter-WFP 802.3 MAC Layer LightWeight Filter-0000:
2015-12-11 04:55:27.981+0000 INFO  [o.n.k.i.DiagnosticsManager] Interface Intel(R) 82578DM Gigabit Network Connection-WFP Native MAC Layer LightWeight Filter-0000:
2015-12-11 04:55:27.981+0000 INFO  [o.n.k.i.DiagnosticsManager] Interface Intel(R) 82578DM Gigabit Network Connection-VirtualBox NDIS Light-Weight Filter-0000:
2015-12-11 04:55:27.981+0000 INFO  [o.n.k.i.DiagnosticsManager] Interface Intel(R) 82578DM Gigabit Network Connection-QoS Packet Scheduler-0000:
2015-12-11 04:55:27.981+0000 INFO  [o.n.k.i.DiagnosticsManager] Interface Intel(R) 82578DM Gigabit Network Connection-WFP 802.3 MAC Layer LightWeight Filter-0000:
2015-12-11 04:55:27.981+0000 INFO  [o.n.k.i.DiagnosticsManager] --- INITIALIZED diagnostics END ---
2015-12-11 04:55:29.373+0000 INFO  [o.n.k.KernelHealth] Kernel health set to OK
2015-12-11 04:55:29.388+0000 INFO  [o.n.k.AvailabilityGuard] Fulfilling of requirement makes database available: Database available
2015-12-11 04:55:29.392+0000 INFO  [o.n.k.i.f.CommunityFacadeFactory] Database is now ready
2015-12-11 04:55:29.396+0000 INFO  [o.n.k.i.DiagnosticsManager] --- STARTED diagnostics for KernelDiagnostics:Versions START ---
2015-12-11 04:55:29.399+0000 INFO  [o.n.k.i.DiagnosticsManager] Graph Database: Community StoreId{creationTime=1449722850771, randomId=4402179281445607341, storeVersion=15250506225055238, upgradeTime=1449722850771, upgradeId=1}
2015-12-11 04:55:29.403+0000 INFO  [o.n.k.i.DiagnosticsManager] Kernel version: 2.3.1
2015-12-11 04:55:29.406+0000 INFO  [o.n.k.i.DiagnosticsManager] --- STARTED diagnostics for KernelDiagnostics:Versions END ---
2015-12-11 04:55:29.410+0000 INFO  [o.n.k.i.DiagnosticsManager] --- STARTED diagnostics for NEO_STORE_VERSIONS START ---
2015-12-11 04:55:29.413+0000 INFO  [o.n.k.i.DiagnosticsManager] Store versions:
2015-12-11 04:55:29.417+0000 INFO  [o.n.k.i.DiagnosticsManager] Store versions:
2015-12-11 04:55:29.421+0000 INFO  [o.n.k.i.DiagnosticsManager] ArrayPropertyStore v0.A.6
2015-12-11 04:55:29.424+0000 INFO  [o.n.k.i.DiagnosticsManager] NodeStore v0.A.6
2015-12-11 04:55:29.428+0000 INFO  [o.n.k.i.DiagnosticsManager] StringPropertyStore v0.A.6
2015-12-11 04:55:29.431+0000 INFO  [o.n.k.i.DiagnosticsManager] PropertyIndexStore v0.A.6
2015-12-11 04:55:29.434+0000 INFO  [o.n.k.i.DiagnosticsManager] StringPropertyStore v0.A.6
2015-12-11 04:55:29.436+0000 INFO  [o.n.k.i.DiagnosticsManager] ArrayPropertyStore v0.A.6
2015-12-11 04:55:29.438+0000 INFO  [o.n.k.i.DiagnosticsManager] PropertyStore v0.A.6
2015-12-11 04:55:29.441+0000 INFO  [o.n.k.i.DiagnosticsManager] RelationshipStore v0.A.6
2015-12-11 04:55:29.443+0000 INFO  [o.n.k.i.DiagnosticsManager] StringPropertyStore v0.A.6
2015-12-11 04:55:29.445+0000 INFO  [o.n.k.i.DiagnosticsManager] RelationshipTypeStore v0.A.6
2015-12-11 04:55:29.447+0000 INFO  [o.n.k.i.DiagnosticsManager] StringPropertyStore v0.A.6
2015-12-11 04:55:29.450+0000 INFO  [o.n.k.i.DiagnosticsManager] LabelTokenStore v0.A.6
2015-12-11 04:55:29.452+0000 INFO  [o.n.k.i.DiagnosticsManager] SchemaStore v0.A.6
2015-12-11 04:55:29.454+0000 INFO  [o.n.k.i.DiagnosticsManager] RelationshipGroupStore v0.A.6
2015-12-11 04:55:29.457+0000 INFO  [o.n.k.i.DiagnosticsManager] NeoStore v0.A.6
2015-12-11 04:55:29.459+0000 INFO  [o.n.k.i.DiagnosticsManager] --- STARTED diagnostics for NEO_STORE_VERSIONS END ---
2015-12-11 04:55:29.461+0000 INFO  [o.n.k.i.DiagnosticsManager] --- STARTED diagnostics for NEO_STORE_ID_USAGE START ---
2015-12-11 04:55:29.464+0000 INFO  [o.n.k.i.DiagnosticsManager] Id usage:
2015-12-11 04:55:29.466+0000 INFO  [o.n.k.i.DiagnosticsManager] Id usage:
2015-12-11 04:55:29.468+0000 INFO  [o.n.k.i.DiagnosticsManager]   ArrayPropertyStore v0.A.6: used=1 high=0
2015-12-11 04:55:29.470+0000 INFO  [o.n.k.i.DiagnosticsManager]   NodeStore v0.A.6: used=4202 high=4201
2015-12-11 04:55:29.473+0000 INFO  [o.n.k.i.DiagnosticsManager]   StringPropertyStore v0.A.6: used=4 high=3
2015-12-11 04:55:29.475+0000 INFO  [o.n.k.i.DiagnosticsManager]   PropertyIndexStore v0.A.6: used=3 high=2
2015-12-11 04:55:29.478+0000 INFO  [o.n.k.i.DiagnosticsManager]   StringPropertyStore v0.A.6: used=1 high=0
2015-12-11 04:55:29.480+0000 INFO  [o.n.k.i.DiagnosticsManager]   ArrayPropertyStore v0.A.6: used=1 high=0
2015-12-11 04:55:29.482+0000 INFO  [o.n.k.i.DiagnosticsManager]   PropertyStore v0.A.6: used=4202 high=4201
2015-12-11 04:55:29.484+0000 INFO  [o.n.k.i.DiagnosticsManager]   RelationshipStore v0.A.6: used=4200 high=4199
2015-12-11 04:55:29.487+0000 INFO  [o.n.k.i.DiagnosticsManager]   StringPropertyStore v0.A.6: used=3 high=2
2015-12-11 04:55:29.489+0000 INFO  [o.n.k.i.DiagnosticsManager]   RelationshipTypeStore v0.A.6: used=2 high=1
2015-12-11 04:55:29.491+0000 INFO  [o.n.k.i.DiagnosticsManager]   StringPropertyStore v0.A.6: used=4 high=3
2015-12-11 04:55:29.493+0000 INFO  [o.n.k.i.DiagnosticsManager]   LabelTokenStore v0.A.6: used=3 high=2
2015-12-11 04:55:29.495+0000 INFO  [o.n.k.i.DiagnosticsManager]   SchemaStore v0.A.6: used=1 high=0
2015-12-11 04:55:29.498+0000 INFO  [o.n.k.i.DiagnosticsManager]   RelationshipGroupStore v0.A.6: used=3 high=2
2015-12-11 04:55:29.500+0000 INFO  [o.n.k.i.DiagnosticsManager]   NeoStore v0.A.6: used=13 high=12
2015-12-11 04:55:29.502+0000 INFO  [o.n.k.i.DiagnosticsManager] --- STARTED diagnostics for NEO_STORE_ID_USAGE END ---
2015-12-11 04:55:29.504+0000 INFO  [o.n.k.i.DiagnosticsManager] --- STARTED diagnostics for NEO_STORE_RECORDS START ---
2015-12-11 04:55:29.507+0000 INFO  [o.n.k.i.DiagnosticsManager] Neostore records:
2015-12-11 04:55:29.509+0000 INFO  [o.n.k.i.DiagnosticsManager] TIME (Creation time): 1449722850771
2015-12-11 04:55:29.511+0000 INFO  [o.n.k.i.DiagnosticsManager] RANDOM_NUMBER (Random number for store id): 4402179281445607341
2015-12-11 04:55:29.513+0000 INFO  [o.n.k.i.DiagnosticsManager] LOG_VERSION (Current log version): 0
2015-12-11 04:55:29.515+0000 INFO  [o.n.k.i.DiagnosticsManager] LAST_TRANSACTION_ID (Last committed transaction): 8311
2015-12-11 04:55:29.517+0000 INFO  [o.n.k.i.DiagnosticsManager] STORE_VERSION (Store format version): 15250506225055238
2015-12-11 04:55:29.519+0000 INFO  [o.n.k.i.DiagnosticsManager] FIRST_GRAPH_PROPERTY (First property record containing graph properties): -1
2015-12-11 04:55:29.521+0000 INFO  [o.n.k.i.DiagnosticsManager] LAST_CONSTRAINT_TRANSACTION (Last committed transaction containing constraint changes): 0
2015-12-11 04:55:29.523+0000 INFO  [o.n.k.i.DiagnosticsManager] UPGRADE_TRANSACTION_ID (Transaction id most recent upgrade was performed at): 1
2015-12-11 04:55:29.526+0000 INFO  [o.n.k.i.DiagnosticsManager] UPGRADE_TIME (Time of last upgrade): 1449722850771
2015-12-11 04:55:29.528+0000 INFO  [o.n.k.i.DiagnosticsManager] LAST_TRANSACTION_CHECKSUM (Checksum of last committed transaction): -159075215142
2015-12-11 04:55:29.530+0000 INFO  [o.n.k.i.DiagnosticsManager] UPGRADE_TRANSACTION_CHECKSUM (Checksum of transaction id the most recent upgrade was performed at): 0
2015-12-11 04:55:29.533+0000 INFO  [o.n.k.i.DiagnosticsManager] LAST_CLOSED_TRANSACTION_LOG_VERSION (Log version where the last transaction commit entry has been written into): 0
2015-12-11 04:55:29.535+0000 INFO  [o.n.k.i.DiagnosticsManager] LAST_CLOSED_TRANSACTION_LOG_BYTE_OFFSET (Byte offset in the log file where the last transaction commit entry has been written into): 3027112
2015-12-11 04:55:29.537+0000 INFO  [o.n.k.i.DiagnosticsManager] --- STARTED diagnostics for NEO_STORE_RECORDS END ---
2015-12-11 04:55:29.539+0000 INFO  [o.n.k.i.DiagnosticsManager] --- STARTED diagnostics for TRANSACTION_RANGE START ---
2015-12-11 04:55:29.541+0000 INFO  [o.n.k.i.DiagnosticsManager] Transaction log:
2015-12-11 04:55:29.544+0000 INFO  [o.n.k.i.DiagnosticsManager] Oldest transaction 2 found in log with version 0
2015-12-11 04:55:29.547+0000 INFO  [o.n.k.i.DiagnosticsManager] --- STARTED diagnostics for TRANSACTION_RANGE END ---
2015-12-11 04:55:29.549+0000 INFO  [o.n.k.i.DiagnosticsManager] --- STARTED diagnostics for KernelDiagnostics:StoreFiles START ---
2015-12-11 04:55:29.552+0000 INFO  [o.n.k.i.DiagnosticsManager] Disk space on partition (Total / Free / Free %): 499738734592 / 397616771072 / 79
Storage files: (filename : modification date - size)
2015-12-11 04:55:29.554+0000 INFO  [o.n.k.i.DiagnosticsManager]   dbms:
2015-12-11 04:55:29.557+0000 INFO  [o.n.k.i.DiagnosticsManager]     auth: 2015-12-09T22:47:31-0600 - 137.00 B
2015-12-11 04:55:29.559+0000 INFO  [o.n.k.i.DiagnosticsManager]     ssl:
2015-12-11 04:55:29.561+0000 INFO  [o.n.k.i.DiagnosticsManager]       snakeoil.cert: 2015-12-09T22:47:27-0600 - 630.00 B
2015-12-11 04:55:29.563+0000 INFO  [o.n.k.i.DiagnosticsManager]       snakeoil.key: 2015-12-09T22:47:27-0600 - 914.00 B
2015-12-11 04:55:29.566+0000 INFO  [o.n.k.i.DiagnosticsManager]     - Total: 2015-12-09T22:47:27-0600 - 1.51 kB
2015-12-11 04:55:29.568+0000 INFO  [o.n.k.i.DiagnosticsManager]   - Total: 2015-12-09T22:47:31-0600 - 1.64 kB
2015-12-11 04:55:29.570+0000 INFO  [o.n.k.i.DiagnosticsManager]   index:
2015-12-11 04:55:29.572+0000 INFO  [o.n.k.i.DiagnosticsManager]   - Total: 2015-12-09T22:47:30-0600 - 0.00 B
2015-12-11 04:55:29.574+0000 INFO  [o.n.k.i.DiagnosticsManager]   messages.log: 2015-12-09T22:55:48-0600 - 61.53 kB
2015-12-11 04:55:29.576+0000 INFO  [o.n.k.i.DiagnosticsManager]   neo4j.properties: 2015-12-09T22:47:27-0600 - 1.30 kB
2015-12-11 04:55:29.579+0000 INFO  [o.n.k.i.DiagnosticsManager]   neostore: 2015-12-09T22:55:46-0600 - 8.00 kB
2015-12-11 04:55:29.581+0000 INFO  [o.n.k.i.DiagnosticsManager]   neostore.counts.db.a: 2015-12-09T22:55:46-0600 - 576.00 B
2015-12-11 04:55:29.583+0000 INFO  [o.n.k.i.DiagnosticsManager]   neostore.counts.db.b: 2015-12-09T22:52:31-0600 - 576.00 B
2015-12-11 04:55:29.585+0000 INFO  [o.n.k.i.DiagnosticsManager]   neostore.id: 2015-12-10T22:55:29-0600 - 9.00 B
2015-12-11 04:55:29.588+0000 INFO  [o.n.k.i.DiagnosticsManager]   neostore.labeltokenstore.db: 2015-12-09T22:52:31-0600 - 8.00 kB
2015-12-11 04:55:29.590+0000 INFO  [o.n.k.i.DiagnosticsManager]   neostore.labeltokenstore.db.id: 2015-12-10T22:55:28-0600 - 9.00 B
2015-12-11 04:55:29.592+0000 INFO  [o.n.k.i.DiagnosticsManager]   neostore.labeltokenstore.db.names: 2015-12-09T22:52:31-0600 - 8.00 kB
2015-12-11 04:55:29.595+0000 INFO  [o.n.k.i.DiagnosticsManager]   neostore.labeltokenstore.db.names.id: 2015-12-10T22:55:28-0600 - 9.00 B
2015-12-11 04:55:29.597+0000 INFO  [o.n.k.i.DiagnosticsManager]   neostore.nodestore.db: 2015-12-09T22:55:46-0600 - 63.98 kB
2015-12-11 04:55:29.600+0000 INFO  [o.n.k.i.DiagnosticsManager]   neostore.nodestore.db.id: 2015-12-10T22:55:28-0600 - 9.00 B
2015-12-11 04:55:29.602+0000 INFO  [o.n.k.i.DiagnosticsManager]   neostore.nodestore.db.labels: 2015-12-09T22:47:28-0600 - 8.00 kB
2015-12-11 04:55:29.604+0000 INFO  [o.n.k.i.DiagnosticsManager]   neostore.nodestore.db.labels.id: 2015-12-10T22:55:28-0600 - 9.00 B
2015-12-11 04:55:29.606+0000 INFO  [o.n.k.i.DiagnosticsManager]   neostore.propertystore.db: 2015-12-09T22:55:47-0600 - 175.29 kB
2015-12-11 04:55:29.609+0000 INFO  [o.n.k.i.DiagnosticsManager]   neostore.propertystore.db.arrays: 2015-12-09T22:47:29-0600 - 8.00 kB
2015-12-11 04:55:29.611+0000 INFO  [o.n.k.i.DiagnosticsManager]   neostore.propertystore.db.arrays.id: 2015-12-10T22:55:28-0600 - 9.00 B
2015-12-11 04:55:29.613+0000 INFO  [o.n.k.i.DiagnosticsManager]   neostore.propertystore.db.id: 2015-12-10T22:55:28-0600 - 9.00 B
2015-12-11 04:55:29.616+0000 INFO  [o.n.k.i.DiagnosticsManager]   neostore.propertystore.db.index: 2015-12-09T22:52:31-0600 - 8.00 kB
2015-12-11 04:55:29.618+0000 INFO  [o.n.k.i.DiagnosticsManager]   neostore.propertystore.db.index.id: 2015-12-10T22:55:28-0600 - 9.00 B
2015-12-11 04:55:29.620+0000 INFO  [o.n.k.i.DiagnosticsManager]   neostore.propertystore.db.index.keys: 2015-12-09T22:52:31-0600 - 8.00 kB
2015-12-11 04:55:29.623+0000 INFO  [o.n.k.i.DiagnosticsManager]   neostore.propertystore.db.index.keys.id: 2015-12-10T22:55:28-0600 - 9.00 B
2015-12-11 04:55:29.625+0000 INFO  [o.n.k.i.DiagnosticsManager]   neostore.propertystore.db.strings: 2015-12-09T22:47:28-0600 - 8.00 kB
2015-12-11 04:55:29.628+0000 INFO  [o.n.k.i.DiagnosticsManager]   neostore.propertystore.db.strings.id: 2015-12-10T22:55:28-0600 - 9.00 B
2015-12-11 04:55:29.630+0000 INFO  [o.n.k.i.DiagnosticsManager]   neostore.relationshipgroupstore.db: 2015-12-09T22:52:31-0600 - 8.00 kB
2015-12-11 04:55:29.632+0000 INFO  [o.n.k.i.DiagnosticsManager]   neostore.relationshipgroupstore.db.id: 2015-12-10T22:55:28-0600 - 9.00 B
2015-12-11 04:55:29.634+0000 INFO  [o.n.k.i.DiagnosticsManager]   neostore.relationshipstore.db: 2015-12-09T22:55:47-0600 - 143.44 kB
2015-12-11 04:55:29.637+0000 INFO  [o.n.k.i.DiagnosticsManager]   neostore.relationshipstore.db.id: 2015-12-10T22:55:28-0600 - 9.00 B
2015-12-11 04:55:29.639+0000 INFO  [o.n.k.i.DiagnosticsManager]   neostore.relationshiptypestore.db: 2015-12-09T22:52:31-0600 - 8.00 kB
2015-12-11 04:55:29.641+0000 INFO  [o.n.k.i.DiagnosticsManager]   neostore.relationshiptypestore.db.id: 2015-12-10T22:55:28-0600 - 9.00 B
2015-12-11 04:55:29.644+0000 INFO  [o.n.k.i.DiagnosticsManager]   neostore.relationshiptypestore.db.names: 2015-12-09T22:52:31-0600 - 8.00 kB
2015-12-11 04:55:29.646+0000 INFO  [o.n.k.i.DiagnosticsManager]   neostore.relationshiptypestore.db.names.id: 2015-12-10T22:55:28-0600 - 9.00 B
2015-12-11 04:55:29.648+0000 INFO  [o.n.k.i.DiagnosticsManager]   neostore.schemastore.db: 2015-12-09T22:47:30-0600 - 8.00 kB
2015-12-11 04:55:29.651+0000 INFO  [o.n.k.i.DiagnosticsManager]   neostore.schemastore.db.id: 2015-12-10T22:55:28-0600 - 9.00 B
2015-12-11 04:55:29.653+0000 INFO  [o.n.k.i.DiagnosticsManager]   neostore.transaction.db.0: 2015-12-09T22:55:46-0600 - 2.89 MB
2015-12-11 04:55:29.655+0000 INFO  [o.n.k.i.DiagnosticsManager]   schema:
2015-12-11 04:55:29.657+0000 INFO  [o.n.k.i.DiagnosticsManager]     label:
2015-12-11 04:55:29.660+0000 INFO  [o.n.k.i.DiagnosticsManager]       lucene:
2015-12-11 04:55:29.662+0000 INFO  [o.n.k.i.DiagnosticsManager]         _6gj.cfs: 2015-12-09T22:55:30-0600 - 4.07 kB
2015-12-11 04:55:29.664+0000 INFO  [o.n.k.i.DiagnosticsManager]         segments.gen: 2015-12-09T22:55:46-0600 - 20.00 B
2015-12-11 04:55:29.666+0000 INFO  [o.n.k.i.DiagnosticsManager]         segments_2: 2015-12-09T22:55:46-0600 - 258.00 B
2015-12-11 04:55:29.668+0000 INFO  [o.n.k.i.DiagnosticsManager]         write.lock: 2015-12-10T22:55:29-0600 - 0.00 B
2015-12-11 04:55:29.671+0000 INFO  [o.n.k.i.DiagnosticsManager]       - Total: 2015-12-10T22:55:29-0600 - 4.35 kB
2015-12-11 04:55:29.673+0000 INFO  [o.n.k.i.DiagnosticsManager]     - Total: 2015-12-09T22:47:30-0600 - 4.35 kB
2015-12-11 04:55:29.675+0000 INFO  [o.n.k.i.DiagnosticsManager]   - Total: 2015-12-09T22:47:30-0600 - 4.35 kB
2015-12-11 04:55:29.677+0000 INFO  [o.n.k.i.DiagnosticsManager]   store_lock: 2015-12-09T22:47:27-0600 - 0.00 B
2015-12-11 04:55:29.679+0000 INFO  [o.n.k.i.DiagnosticsManager] --- STARTED diagnostics for KernelDiagnostics:StoreFiles END ---
2015-12-11 04:55:29.689+0000 INFO  [o.n.k.i.DiagnosticsManager] --- SERVER STARTED START ---
2015-12-11 04:55:30.546+0000 INFO  [o.n.k.i.DiagnosticsManager] --- SERVER STARTED END ---
2015-12-11 05:11:04.461+0000 INFO  [o.n.k.i.f.GraphDatabaseFacade] Shutdown started
2015-12-11 05:11:04.464+0000 INFO  [o.n.k.i.f.CommunityFacadeFactory] Database is now unavailable
2015-12-11 05:11:04.525+0000 INFO  [o.n.k.i.t.l.c.CheckPointerImpl] Check Pointing triggered by database shutdown [8311]:  Starting check pointing...
2015-12-11 05:11:04.531+0000 INFO  [o.n.k.i.t.l.c.CheckPointerImpl] Check Pointing triggered by database shutdown [8311]:  Starting store flush...
2015-12-11 05:11:04.550+0000 INFO  [o.n.k.i.t.l.c.CheckPointerImpl] Check Pointing triggered by database shutdown [8311]:  Store flush completed
2015-12-11 05:11:04.556+0000 INFO  [o.n.k.i.t.l.c.CheckPointerImpl] Check Pointing triggered by database shutdown [8311]:  Starting appending check point entry into the tx log...
2015-12-11 05:11:04.590+0000 INFO  [o.n.k.i.t.l.c.CheckPointerImpl] Check Pointing triggered by database shutdown [8311]:  Appending check point entry into the tx log completed
2015-12-11 05:11:04.594+0000 INFO  [o.n.k.i.t.l.c.CheckPointerImpl] Check Pointing triggered by database shutdown [8311]:  Check pointing completed
2015-12-11 05:11:04.598+0000 INFO  [o.n.k.i.t.l.p.LogPruningImpl] Log Rotation [0]:  Starting log pruning.
2015-12-11 05:11:04.602+0000 INFO  [o.n.k.i.t.l.p.LogPruningImpl] Log Rotation [0]:  Log pruning complete.
2015-12-11 05:11:05.911+0000 INFO  [o.n.k.NeoStoreDataSource] NeoStores closed
2015-12-11 05:11:05.917+0000 INFO  [o.n.k.i.DiagnosticsManager] --- STOPPING diagnostics START ---
2015-12-11 05:11:05.917+0000 INFO  [o.n.k.i.DiagnosticsManager] --- STOPPING diagnostics END ---
