2015-12-08 03:23:19.872+0000 INFO  [o.n.k.i.f.CommunityFacadeFactory] No locking implementation specified, defaulting to 'community'
2015-12-08 03:23:19.873+0000 INFO  [o.n.k.AvailabilityGuard] Requirement makes database unavailable: Database available
2015-12-08 03:23:19.874+0000 INFO  [o.n.k.i.DiagnosticsManager] --- INITIALIZED diagnostics START ---
2015-12-08 03:23:19.874+0000 INFO  [o.n.k.i.DiagnosticsManager] Neo4j Kernel properties:
2015-12-08 03:23:19.874+0000 INFO  [o.n.k.i.DiagnosticsManager] org.neo4j.server.db.tuning.properties=A:\Files\git\COMS561_GraphDatabase_Research\Data Generate Code\Diff_Person_Number\1000\1000D0\neo4j.properties
2015-12-08 03:23:19.874+0000 INFO  [o.n.k.i.DiagnosticsManager] org.neo4j.server.database.location=A:\Files\git\COMS561_GraphDatabase_Research\Data Generate Code\Diff_Person_Number\1000\1000D0
2015-12-08 03:23:19.874+0000 INFO  [o.n.k.i.DiagnosticsManager] dbms.querylog.filename=data/log/queries.log
2015-12-08 03:23:19.874+0000 INFO  [o.n.k.i.DiagnosticsManager] dbms.security.auth_store.location=A:\Files\git\COMS561_GraphDatabase_Research\Data Generate Code\Diff_Person_Number\1000\1000D0\.\dbms\auth
2015-12-08 03:23:19.874+0000 INFO  [o.n.k.i.DiagnosticsManager] dbms.security.tls_certificate_file=A:\Files\git\COMS561_GraphDatabase_Research\Data Generate Code\Diff_Person_Number\1000\1000D0\.\dbms\ssl\snakeoil.cert
2015-12-08 03:23:19.874+0000 INFO  [o.n.k.i.DiagnosticsManager] remote_shell_enabled=true
2015-12-08 03:23:19.874+0000 INFO  [o.n.k.i.DiagnosticsManager] edition=Community
2015-12-08 03:23:19.874+0000 INFO  [o.n.k.i.DiagnosticsManager] dbms.security.tls_key_file=A:\Files\git\COMS561_GraphDatabase_Research\Data Generate Code\Diff_Person_Number\1000\1000D0\.\dbms\ssl\snakeoil.key
2015-12-08 03:23:19.874+0000 INFO  [o.n.k.i.DiagnosticsManager] Diagnostics providers:
2015-12-08 03:23:19.874+0000 INFO  [o.n.k.i.DiagnosticsManager] org.neo4j.kernel.configuration.Config
2015-12-08 03:23:19.874+0000 INFO  [o.n.k.i.DiagnosticsManager] org.neo4j.kernel.info.DiagnosticsManager
2015-12-08 03:23:19.874+0000 INFO  [o.n.k.i.DiagnosticsManager] SYSTEM_MEMORY
2015-12-08 03:23:19.874+0000 INFO  [o.n.k.i.DiagnosticsManager] JAVA_MEMORY
2015-12-08 03:23:19.874+0000 INFO  [o.n.k.i.DiagnosticsManager] OPERATING_SYSTEM
2015-12-08 03:23:19.874+0000 INFO  [o.n.k.i.DiagnosticsManager] JAVA_VIRTUAL_MACHINE
2015-12-08 03:23:19.874+0000 INFO  [o.n.k.i.DiagnosticsManager] CLASSPATH
2015-12-08 03:23:19.874+0000 INFO  [o.n.k.i.DiagnosticsManager] LIBRARY_PATH
2015-12-08 03:23:19.874+0000 INFO  [o.n.k.i.DiagnosticsManager] SYSTEM_PROPERTIES
2015-12-08 03:23:19.874+0000 INFO  [o.n.k.i.DiagnosticsManager] NETWORK
2015-12-08 03:23:19.874+0000 INFO  [o.n.k.i.DiagnosticsManager] System memory information:
2015-12-08 03:23:19.874+0000 INFO  [o.n.k.i.DiagnosticsManager] Total Physical memory: 15.86 GB
2015-12-08 03:23:19.874+0000 INFO  [o.n.k.i.DiagnosticsManager] Free Physical memory: 10.86 GB
2015-12-08 03:23:19.874+0000 INFO  [o.n.k.i.DiagnosticsManager] Committed virtual memory: 705.41 MB
2015-12-08 03:23:19.874+0000 INFO  [o.n.k.i.DiagnosticsManager] Total swap space: 18.24 GB
2015-12-08 03:23:19.874+0000 INFO  [o.n.k.i.DiagnosticsManager] Free swap space: 12.27 GB
2015-12-08 03:23:19.874+0000 INFO  [o.n.k.i.DiagnosticsManager] JVM memory information:
2015-12-08 03:23:19.874+0000 INFO  [o.n.k.i.DiagnosticsManager] Free  memory: 186.78 MB
2015-12-08 03:23:19.875+0000 INFO  [o.n.k.i.DiagnosticsManager] Total memory: 346.50 MB
2015-12-08 03:23:19.875+0000 INFO  [o.n.k.i.DiagnosticsManager] Max   memory: 3.53 GB
2015-12-08 03:23:19.875+0000 INFO  [o.n.k.i.DiagnosticsManager] Garbage Collector: PS Scavenge: [PS Eden Space, PS Survivor Space]
2015-12-08 03:23:19.875+0000 INFO  [o.n.k.i.DiagnosticsManager] Garbage Collector: PS MarkSweep: [PS Eden Space, PS Survivor Space, PS Old Gen, PS Perm Gen]
2015-12-08 03:23:19.875+0000 INFO  [o.n.k.i.DiagnosticsManager] Memory Pool: Code Cache (Non-heap memory): committed=2.44 MB, used=1.80 MB, max=48.00 MB, threshold=0.00 B
2015-12-08 03:23:19.875+0000 INFO  [o.n.k.i.DiagnosticsManager] Memory Pool: PS Eden Space (Heap memory): committed=136.00 MB, used=82.42 MB, max=1.24 GB, threshold=?
2015-12-08 03:23:19.875+0000 INFO  [o.n.k.i.DiagnosticsManager] Memory Pool: PS Survivor Space (Heap memory): committed=41.50 MB, used=2.00 MB, max=41.50 MB, threshold=?
2015-12-08 03:23:19.875+0000 INFO  [o.n.k.i.DiagnosticsManager] Memory Pool: PS Old Gen (Heap memory): committed=169.00 MB, used=75.29 MB, max=2.64 GB, threshold=0.00 B
2015-12-08 03:23:19.875+0000 INFO  [o.n.k.i.DiagnosticsManager] Memory Pool: PS Perm Gen (Non-heap memory): committed=63.50 MB, used=55.95 MB, max=82.00 MB, threshold=0.00 B
2015-12-08 03:23:19.875+0000 INFO  [o.n.k.i.DiagnosticsManager] Operating system information:
2015-12-08 03:23:19.876+0000 INFO  [o.n.k.i.DiagnosticsManager] Operating System: Windows 8.1; version: 6.3; arch: amd64; cpus: 8
2015-12-08 03:23:19.876+0000 INFO  [o.n.k.i.DiagnosticsManager] Process id: 14144@GTX
2015-12-08 03:23:19.876+0000 INFO  [o.n.k.i.DiagnosticsManager] Byte order: LITTLE_ENDIAN
2015-12-08 03:23:19.876+0000 INFO  [o.n.k.i.DiagnosticsManager] Local timezone: America/Chicago
2015-12-08 03:23:19.876+0000 INFO  [o.n.k.i.DiagnosticsManager] JVM information:
2015-12-08 03:23:19.876+0000 INFO  [o.n.k.i.DiagnosticsManager] VM Name: Java HotSpot(TM) 64-Bit Server VM
2015-12-08 03:23:19.876+0000 INFO  [o.n.k.i.DiagnosticsManager] VM Vendor: Oracle Corporation
2015-12-08 03:23:19.876+0000 INFO  [o.n.k.i.DiagnosticsManager] VM Version: 24.80-b11
2015-12-08 03:23:19.876+0000 INFO  [o.n.k.i.DiagnosticsManager] JIT compiler: HotSpot 64-Bit Tiered Compilers
2015-12-08 03:23:19.876+0000 INFO  [o.n.k.i.DiagnosticsManager] VM Arguments: [-Dexe4j.semaphoreName=Local\a:_applications_neo4j_ce_2.3.0_bin_neo4j-ce.exe, -Dexe4j.isInstall4j=true, -Dexe4j.moduleName=A:\Applications\Neo4j CE 2.3.0\bin\neo4j-ce.exe, -Dexe4j.tempDir=, -Dexe4j.unextractedPosition=0, -Djava.library.path=C:\Users\Tianxiang Gao\algs4\java\bin;A:\Applications\Python34\Lib\site-packages\PyQt5;A:\Applications\Python34\;A:\Applications\Python34\Scripts;C:\ProgramData\Oracle\Java\javapath;C:\Program Files (x86)\Intel\iCLS Client\;C:\Program Files\Intel\iCLS Client\;C:\WINDOWS\system32;C:\WINDOWS;C:\WINDOWS\System32\Wbem;C:\WINDOWS\System32\WindowsPowerShell\v1.0\;C:\Program Files\Intel\Intel(R) Management Engine Components\DAL;C:\Program Files (x86)\Intel\Intel(R) Management Engine Components\DAL;C:\Program Files\Intel\Intel(R) Management Engine Components\IPT;C:\Program Files (x86)\Intel\Intel(R) Management Engine Components\IPT;C:\Program Files (x86)\Intel\OpenCL SDK\3.0\bin\x86;C:\Program Files (x86)\Intel\OpenCL SDK\3.0\bin\x64;C:\Program Files (x86)\Calibre2\;C:\Program Files\Microsoft\Web Platform Installer\;C:\Users\Tianxiang Gao\.dnx\bin;C:\Program Files\Microsoft DNX\Dnvm\;C:\Program Files\TortoiseSVN\bin;C:\Users\Tianxiang Gao\.dnx\bin;C:\Program Files\Microsoft DNX\Dnvm\;C:\Program Files (x86)\Windows Kits\8.1\Windows Performance Toolkit\;C:\Program Files\Microsoft SQL Server\120\Tools\Binn\;C:\Program Files (x86)\MySQL\MySQL Fabric 1.5 & MySQL Utilities 1.5\;C:\Program Files (x86)\MySQL\MySQL Fabric 1.5 & MySQL Utilities 1.5\Doctrine extensions for PHP\;C:\Program Files (x86)\NVIDIA Corporation\PhysX\Common;C:\Program Files (x86)\Windows Live\Shared;C:\Users\Tianxiang Gao\algs4\bin;C:\Users\Tianxiang Gao\algs4\java\bin;A:\Applications\texlive\2014\bin\win32;A:\Applications\Microsoft VS Code\bin;a:\applications\neo4j ce 2.3.0\jre\bin, -Dexe4j.consoleCodepage=cp0, -Dinstall4j.launcherId=24, -Dinstall4j.swt=false]
2015-12-08 03:23:19.876+0000 INFO  [o.n.k.i.DiagnosticsManager] Java classpath:
2015-12-08 03:23:19.877+0000 INFO  [o.n.k.i.DiagnosticsManager]  [loader.1] file:/A:/Applications/Neo4j%20CE%202.3.0/jre/lib/ext/sunjce_provider.jar
2015-12-08 03:23:19.877+0000 INFO  [o.n.k.i.DiagnosticsManager]  [bootstrap] A:\Applications\Neo4j CE 2.3.0\jre\lib\jfr.jar
2015-12-08 03:23:19.877+0000 INFO  [o.n.k.i.DiagnosticsManager]  [loader.1] file:/A:/Applications/Neo4j%20CE%202.3.0/jre/lib/ext/dns_sd.jar
2015-12-08 03:23:19.877+0000 INFO  [o.n.k.i.DiagnosticsManager]  [bootstrap] A:\Applications\Neo4j CE 2.3.0\jre\lib\sunrsasign.jar
2015-12-08 03:23:19.877+0000 INFO  [o.n.k.i.DiagnosticsManager]  [bootstrap] A:\Applications\Neo4j CE 2.3.0\jre\lib\jsse.jar
2015-12-08 03:23:19.878+0000 INFO  [o.n.k.i.DiagnosticsManager]  [classpath] A:\Applications\Neo4j CE 2.3.0\bin\neo4j-desktop-2.3.1.jar
2015-12-08 03:23:19.878+0000 INFO  [o.n.k.i.DiagnosticsManager]  [loader.1] file:/A:/Applications/Neo4j%20CE%202.3.0/jre/lib/ext/jaccess.jar
2015-12-08 03:23:19.878+0000 INFO  [o.n.k.i.DiagnosticsManager]  [loader.1] file:/A:/Applications/Neo4j%20CE%202.3.0/jre/lib/ext/sunmscapi.jar
2015-12-08 03:23:19.878+0000 INFO  [o.n.k.i.DiagnosticsManager]  [loader.0] file:/A:/Applications/Neo4j%20CE%202.3.0/bin/
2015-12-08 03:23:19.878+0000 INFO  [o.n.k.i.DiagnosticsManager]  [bootstrap] A:\Applications\Neo4j CE 2.3.0\jre\lib\resources.jar
2015-12-08 03:23:19.878+0000 INFO  [o.n.k.i.DiagnosticsManager]  [loader.0] file:/A:/Applications/Neo4j%20CE%202.3.0/.install4j/i4jruntime.jar
2015-12-08 03:23:19.878+0000 INFO  [o.n.k.i.DiagnosticsManager]  [loader.1] file:/A:/Applications/Neo4j%20CE%202.3.0/jre/lib/ext/access-bridge-64.jar
2015-12-08 03:23:19.878+0000 INFO  [o.n.k.i.DiagnosticsManager]  [loader.1] file:/A:/Applications/Neo4j%20CE%202.3.0/jre/lib/ext/sunec.jar
2015-12-08 03:23:19.878+0000 INFO  [o.n.k.i.DiagnosticsManager]  [loader.1] file:/A:/Applications/Neo4j%20CE%202.3.0/jre/lib/ext/dnsns.jar
2015-12-08 03:23:19.878+0000 INFO  [o.n.k.i.DiagnosticsManager]  [bootstrap] A:\Applications\Neo4j CE 2.3.0\jre\lib\rt.jar
2015-12-08 03:23:19.878+0000 INFO  [o.n.k.i.DiagnosticsManager]  [bootstrap] A:\Applications\Neo4j CE 2.3.0\jre\lib\jce.jar
2015-12-08 03:23:19.878+0000 INFO  [o.n.k.i.DiagnosticsManager]  [classpath] A:\Applications\Neo4j CE 2.3.0\.install4j\i4jruntime.jar
2015-12-08 03:23:19.878+0000 INFO  [o.n.k.i.DiagnosticsManager]  [bootstrap] A:\Applications\Neo4j CE 2.3.0\jre\classes
2015-12-08 03:23:19.878+0000 INFO  [o.n.k.i.DiagnosticsManager]  [loader.1] file:/A:/Applications/Neo4j%20CE%202.3.0/jre/lib/ext/localedata.jar
2015-12-08 03:23:19.878+0000 INFO  [o.n.k.i.DiagnosticsManager]  [loader.0] file:/A:/Applications/Neo4j%20CE%202.3.0/bin/neo4j-desktop-2.3.1.jar
2015-12-08 03:23:19.878+0000 INFO  [o.n.k.i.DiagnosticsManager]  [bootstrap] A:\Applications\Neo4j CE 2.3.0\jre\lib\charsets.jar
2015-12-08 03:23:19.878+0000 INFO  [o.n.k.i.DiagnosticsManager]  [loader.1] file:/A:/Applications/Neo4j%20CE%202.3.0/jre/lib/ext/zipfs.jar
2015-12-08 03:23:19.878+0000 INFO  [o.n.k.i.DiagnosticsManager] Library path:
2015-12-08 03:23:19.878+0000 INFO  [o.n.k.i.DiagnosticsManager] C:\Users\Tianxiang Gao\algs4\java\bin
2015-12-08 03:23:19.878+0000 INFO  [o.n.k.i.DiagnosticsManager] A:\Applications\Python34\Lib\site-packages\PyQt5
2015-12-08 03:23:19.878+0000 INFO  [o.n.k.i.DiagnosticsManager] A:\Applications\Python34
2015-12-08 03:23:19.878+0000 INFO  [o.n.k.i.DiagnosticsManager] A:\Applications\Python34\Scripts
2015-12-08 03:23:19.878+0000 INFO  [o.n.k.i.DiagnosticsManager] C:\ProgramData\Oracle\Java\javapath
2015-12-08 03:23:19.879+0000 INFO  [o.n.k.i.DiagnosticsManager] C:\Program Files (x86)\Intel\iCLS Client
2015-12-08 03:23:19.879+0000 INFO  [o.n.k.i.DiagnosticsManager] C:\Program Files\Intel\iCLS Client
2015-12-08 03:23:19.879+0000 INFO  [o.n.k.i.DiagnosticsManager] C:\Windows\System32
2015-12-08 03:23:19.879+0000 INFO  [o.n.k.i.DiagnosticsManager] C:\Windows
2015-12-08 03:23:19.879+0000 INFO  [o.n.k.i.DiagnosticsManager] C:\Windows\System32\wbem
2015-12-08 03:23:19.879+0000 INFO  [o.n.k.i.DiagnosticsManager] C:\Windows\System32\WindowsPowerShell\v1.0
2015-12-08 03:23:19.879+0000 INFO  [o.n.k.i.DiagnosticsManager] C:\Program Files\Intel\Intel(R) Management Engine Components\DAL
2015-12-08 03:23:19.879+0000 INFO  [o.n.k.i.DiagnosticsManager] C:\Program Files (x86)\Intel\Intel(R) Management Engine Components\DAL
2015-12-08 03:23:19.879+0000 INFO  [o.n.k.i.DiagnosticsManager] C:\Program Files\Intel\Intel(R) Management Engine Components\IPT
2015-12-08 03:23:19.880+0000 INFO  [o.n.k.i.DiagnosticsManager] C:\Program Files (x86)\Intel\Intel(R) Management Engine Components\IPT
2015-12-08 03:23:19.880+0000 INFO  [o.n.k.i.DiagnosticsManager] C:\Program Files (x86)\Intel\OpenCL SDK\3.0\bin\x86
2015-12-08 03:23:19.880+0000 INFO  [o.n.k.i.DiagnosticsManager] C:\Program Files (x86)\Intel\OpenCL SDK\3.0\bin\x64
2015-12-08 03:23:19.880+0000 INFO  [o.n.k.i.DiagnosticsManager] C:\Program Files (x86)\Calibre2
2015-12-08 03:23:19.880+0000 INFO  [o.n.k.i.DiagnosticsManager] C:\Program Files\Microsoft\Web Platform Installer
2015-12-08 03:23:19.880+0000 INFO  [o.n.k.i.DiagnosticsManager] C:\Users\Tianxiang Gao\.dnx\bin
2015-12-08 03:23:19.880+0000 INFO  [o.n.k.i.DiagnosticsManager] C:\Program Files\Microsoft DNX\Dnvm
2015-12-08 03:23:19.880+0000 INFO  [o.n.k.i.DiagnosticsManager] C:\Program Files\TortoiseSVN\bin
2015-12-08 03:23:19.880+0000 INFO  [o.n.k.i.DiagnosticsManager] C:\Users\Tianxiang Gao\.dnx\bin
2015-12-08 03:23:19.881+0000 INFO  [o.n.k.i.DiagnosticsManager] C:\Program Files\Microsoft DNX\Dnvm
2015-12-08 03:23:19.881+0000 INFO  [o.n.k.i.DiagnosticsManager] C:\Program Files (x86)\Windows Kits\8.1\Windows Performance Toolkit
2015-12-08 03:23:19.881+0000 INFO  [o.n.k.i.DiagnosticsManager] C:\Program Files\Microsoft SQL Server\120\Tools\Binn
2015-12-08 03:23:19.881+0000 INFO  [o.n.k.i.DiagnosticsManager] C:\Program Files (x86)\MySQL\MySQL Fabric 1.5 & MySQL Utilities 1.5
2015-12-08 03:23:19.881+0000 INFO  [o.n.k.i.DiagnosticsManager] C:\Program Files (x86)\MySQL\MySQL Fabric 1.5 & MySQL Utilities 1.5\Doctrine extensions for PHP
2015-12-08 03:23:19.881+0000 INFO  [o.n.k.i.DiagnosticsManager] C:\Program Files (x86)\NVIDIA Corporation\PhysX\Common
2015-12-08 03:23:19.881+0000 INFO  [o.n.k.i.DiagnosticsManager] C:\Program Files (x86)\Windows Live\Shared
2015-12-08 03:23:19.881+0000 INFO  [o.n.k.i.DiagnosticsManager] C:\Users\Tianxiang Gao\algs4\bin
2015-12-08 03:23:19.881+0000 INFO  [o.n.k.i.DiagnosticsManager] C:\Users\Tianxiang Gao\algs4\java\bin
2015-12-08 03:23:19.882+0000 INFO  [o.n.k.i.DiagnosticsManager] A:\Applications\texlive\2014\bin\win32
2015-12-08 03:23:19.882+0000 INFO  [o.n.k.i.DiagnosticsManager] A:\Applications\Microsoft VS Code\bin
2015-12-08 03:23:19.882+0000 INFO  [o.n.k.i.DiagnosticsManager] A:\Applications\Neo4j CE 2.3.0\jre\bin
2015-12-08 03:23:19.882+0000 INFO  [o.n.k.i.DiagnosticsManager] System.properties:
2015-12-08 03:23:19.882+0000 INFO  [o.n.k.i.DiagnosticsManager] exe4j.moduleName = A:\Applications\Neo4j CE 2.3.0\bin\neo4j-ce.exe
2015-12-08 03:23:19.882+0000 INFO  [o.n.k.i.DiagnosticsManager] exe4j.semaphoreName = Local\a:_applications_neo4j_ce_2.3.0_bin_neo4j-ce.exe
2015-12-08 03:23:19.882+0000 INFO  [o.n.k.i.DiagnosticsManager] sun.boot.library.path = a:\applications\neo4j ce 2.3.0\jre\bin
2015-12-08 03:23:19.882+0000 INFO  [o.n.k.i.DiagnosticsManager] exe4j.consoleCodepage = cp0
2015-12-08 03:23:19.882+0000 INFO  [o.n.k.i.DiagnosticsManager] path.separator = ;
2015-12-08 03:23:19.882+0000 INFO  [o.n.k.i.DiagnosticsManager] file.encoding.pkg = sun.io
2015-12-08 03:23:19.882+0000 INFO  [o.n.k.i.DiagnosticsManager] user.country = US
2015-12-08 03:23:19.882+0000 INFO  [o.n.k.i.DiagnosticsManager] user.script = 
2015-12-08 03:23:19.882+0000 INFO  [o.n.k.i.DiagnosticsManager] sun.os.patch.level = 
2015-12-08 03:23:19.882+0000 INFO  [o.n.k.i.DiagnosticsManager] install4j.exeDir = A:\Applications\Neo4j CE 2.3.0\bin\
2015-12-08 03:23:19.882+0000 INFO  [o.n.k.i.DiagnosticsManager] user.dir = A:\Applications\Neo4j CE 2.3.0\bin
2015-12-08 03:23:19.882+0000 INFO  [o.n.k.i.DiagnosticsManager] neo4j.ext.udc.source = desktop
2015-12-08 03:23:19.882+0000 INFO  [o.n.k.i.DiagnosticsManager] user.variant = 
2015-12-08 03:23:19.882+0000 INFO  [o.n.k.i.DiagnosticsManager] exe4j.tempDir = 
2015-12-08 03:23:19.882+0000 INFO  [o.n.k.i.DiagnosticsManager] sun.jnu.encoding = Cp1252
2015-12-08 03:23:19.882+0000 INFO  [o.n.k.i.DiagnosticsManager] sun.awt.enableExtraMouseButtons = true
2015-12-08 03:23:19.882+0000 INFO  [o.n.k.i.DiagnosticsManager] install4j.launcherId = 24
2015-12-08 03:23:19.882+0000 INFO  [o.n.k.i.DiagnosticsManager] sun.management.compiler = HotSpot 64-Bit Tiered Compilers
2015-12-08 03:23:19.882+0000 INFO  [o.n.k.i.DiagnosticsManager] exe4j.isInstall4j = true
2015-12-08 03:23:19.882+0000 INFO  [o.n.k.i.DiagnosticsManager] install4j.swt = false
2015-12-08 03:23:19.882+0000 INFO  [o.n.k.i.DiagnosticsManager] user.home = C:\Users\Tianxiang Gao
2015-12-08 03:23:19.882+0000 INFO  [o.n.k.i.DiagnosticsManager] user.timezone = America/Chicago
2015-12-08 03:23:19.882+0000 INFO  [o.n.k.i.DiagnosticsManager] file.encoding = Cp1252
2015-12-08 03:23:19.882+0000 INFO  [o.n.k.i.DiagnosticsManager] user.name = Tianxiang Gao
2015-12-08 03:23:19.882+0000 INFO  [o.n.k.i.DiagnosticsManager] sun.java.command = A:\Applications\Neo4j CE 2.3.0\bin\neo4j-ce.exe
2015-12-08 03:23:19.882+0000 INFO  [o.n.k.i.DiagnosticsManager] sun.arch.data.model = 64
2015-12-08 03:23:19.882+0000 INFO  [o.n.k.i.DiagnosticsManager] exe4j.launchName = A:\Applications\Neo4j CE 2.3.0\bin\neo4j-ce.exe
2015-12-08 03:23:19.882+0000 INFO  [o.n.k.i.DiagnosticsManager] user.language = en
2015-12-08 03:23:19.882+0000 INFO  [o.n.k.i.DiagnosticsManager] awt.toolkit = sun.awt.windows.WToolkit
2015-12-08 03:23:19.882+0000 INFO  [o.n.k.i.DiagnosticsManager] exe4j.unextractedPosition = 0
2015-12-08 03:23:19.882+0000 INFO  [o.n.k.i.DiagnosticsManager] install4j.appDir = A:\Applications\Neo4j CE 2.3.0\
2015-12-08 03:23:19.882+0000 INFO  [o.n.k.i.DiagnosticsManager] file.separator = \
2015-12-08 03:23:19.882+0000 INFO  [o.n.k.i.DiagnosticsManager] sun.io.unicode.encoding = UnicodeLittle
2015-12-08 03:23:19.882+0000 INFO  [o.n.k.i.DiagnosticsManager] sun.cpu.endian = little
2015-12-08 03:23:19.882+0000 INFO  [o.n.k.i.DiagnosticsManager] sun.desktop = windows
2015-12-08 03:23:19.883+0000 INFO  [o.n.k.i.DiagnosticsManager] sun.cpu.isalist = amd64
2015-12-08 03:23:19.883+0000 INFO  [o.n.k.i.DiagnosticsManager] Network information:
2015-12-08 03:23:19.904+0000 INFO  [o.n.k.i.DiagnosticsManager] Interface Software Loopback Interface 1:
2015-12-08 03:23:19.904+0000 INFO  [o.n.k.i.DiagnosticsManager]     address: 127.0.0.1
2015-12-08 03:23:19.904+0000 INFO  [o.n.k.i.DiagnosticsManager]     address: 0:0:0:0:0:0:0:1
2015-12-08 03:23:19.905+0000 INFO  [o.n.k.i.DiagnosticsManager] Interface Cisco AnyConnect Secure Mobility Client Virtual Miniport Adapter for Windows x64:
2015-12-08 03:23:19.905+0000 INFO  [o.n.k.i.DiagnosticsManager] Interface Microsoft Wi-Fi Direct Virtual Adapter:
2015-12-08 03:23:19.905+0000 INFO  [o.n.k.i.DiagnosticsManager]     address: fe80:0:0:0:544d:e5e7:7b32:c3c3%3
2015-12-08 03:23:19.905+0000 INFO  [o.n.k.i.DiagnosticsManager] Interface Microsoft ISATAP Adapter #2:
2015-12-08 03:23:19.905+0000 INFO  [o.n.k.i.DiagnosticsManager]     address: fe80:0:0:0:0:5efe:c0a8:3801%4
2015-12-08 03:23:19.905+0000 INFO  [o.n.k.i.DiagnosticsManager] Interface TP-LINK 802.11ac Network Adapter:
2015-12-08 03:23:19.905+0000 INFO  [o.n.k.i.DiagnosticsManager]     address: 192.168.31.202
2015-12-08 03:23:19.905+0000 INFO  [o.n.k.i.DiagnosticsManager]     address: fe80:0:0:0:802:6916:2940:f9eb%5
2015-12-08 03:23:19.905+0000 INFO  [o.n.k.i.DiagnosticsManager] Interface Microsoft Kernel Debug Network Adapter:
2015-12-08 03:23:19.905+0000 INFO  [o.n.k.i.DiagnosticsManager] Interface Microsoft ISATAP Adapter #3:
2015-12-08 03:23:19.905+0000 INFO  [o.n.k.i.DiagnosticsManager] Interface Microsoft ISATAP Adapter:
2015-12-08 03:23:19.905+0000 INFO  [o.n.k.i.DiagnosticsManager]     address: fe80:0:0:0:0:5efe:c0a8:1fca%8
2015-12-08 03:23:19.905+0000 INFO  [o.n.k.i.DiagnosticsManager] Interface Intel(R) Ethernet Connection I217-V:
2015-12-08 03:23:19.905+0000 INFO  [o.n.k.i.DiagnosticsManager]     address: fe80:0:0:0:241a:9e37:da70:5f39%9
2015-12-08 03:23:19.905+0000 INFO  [o.n.k.i.DiagnosticsManager] Interface Microsoft Wi-Fi Direct Virtual Adapter #2:
2015-12-08 03:23:19.905+0000 INFO  [o.n.k.i.DiagnosticsManager] Interface Microsoft Teredo Tunneling Adapter:
2015-12-08 03:23:19.905+0000 INFO  [o.n.k.i.DiagnosticsManager]     address: 2001:0:5ef5:79fb:2468:dcea:be91:160
2015-12-08 03:23:19.905+0000 INFO  [o.n.k.i.DiagnosticsManager]     address: fe80:0:0:0:2468:dcea:be91:160%11
2015-12-08 03:23:19.905+0000 INFO  [o.n.k.i.DiagnosticsManager] Interface VirtualBox Host-Only Ethernet Adapter:
2015-12-08 03:23:19.905+0000 INFO  [o.n.k.i.DiagnosticsManager]     address: 192.168.56.1
2015-12-08 03:23:19.905+0000 INFO  [o.n.k.i.DiagnosticsManager]     address: fe80:0:0:0:9d5b:f171:efb6:d216%12
2015-12-08 03:23:19.905+0000 INFO  [o.n.k.i.DiagnosticsManager] Interface VirtualBox Host-Only Ethernet Adapter-WFP Native MAC Layer LightWeight Filter-0000:
2015-12-08 03:23:19.905+0000 INFO  [o.n.k.i.DiagnosticsManager] Interface VirtualBox Host-Only Ethernet Adapter-VirtualBox NDIS Light-Weight Filter-0000:
2015-12-08 03:23:19.905+0000 INFO  [o.n.k.i.DiagnosticsManager] Interface VirtualBox Host-Only Ethernet Adapter-QoS Packet Scheduler-0000:
2015-12-08 03:23:19.905+0000 INFO  [o.n.k.i.DiagnosticsManager] Interface VirtualBox Host-Only Ethernet Adapter-WFP 802.3 MAC Layer LightWeight Filter-0000:
2015-12-08 03:23:19.905+0000 INFO  [o.n.k.i.DiagnosticsManager] Interface Intel(R) Ethernet Connection I217-V-WFP Native MAC Layer LightWeight Filter-0000:
2015-12-08 03:23:19.905+0000 INFO  [o.n.k.i.DiagnosticsManager] Interface Intel(R) Ethernet Connection I217-V-VirtualBox NDIS Light-Weight Filter-0000:
2015-12-08 03:23:19.905+0000 INFO  [o.n.k.i.DiagnosticsManager] Interface Intel(R) Ethernet Connection I217-V-QoS Packet Scheduler-0000:
2015-12-08 03:23:19.905+0000 INFO  [o.n.k.i.DiagnosticsManager] Interface Intel(R) Ethernet Connection I217-V-WFP 802.3 MAC Layer LightWeight Filter-0000:
2015-12-08 03:23:19.906+0000 INFO  [o.n.k.i.DiagnosticsManager] Interface TP-LINK 802.11ac Network Adapter-WFP Native MAC Layer LightWeight Filter-0000:
2015-12-08 03:23:19.906+0000 INFO  [o.n.k.i.DiagnosticsManager] Interface TP-LINK 802.11ac Network Adapter-Virtual WiFi Filter Driver-0000:
2015-12-08 03:23:19.906+0000 INFO  [o.n.k.i.DiagnosticsManager] Interface TP-LINK 802.11ac Network Adapter-Native WiFi Filter Driver-0000:
2015-12-08 03:23:19.906+0000 INFO  [o.n.k.i.DiagnosticsManager] Interface TP-LINK 802.11ac Network Adapter-VirtualBox NDIS Light-Weight Filter-0000:
2015-12-08 03:23:19.906+0000 INFO  [o.n.k.i.DiagnosticsManager] Interface TP-LINK 802.11ac Network Adapter-QoS Packet Scheduler-0000:
2015-12-08 03:23:19.906+0000 INFO  [o.n.k.i.DiagnosticsManager] Interface TP-LINK 802.11ac Network Adapter-WFP 802.3 MAC Layer LightWeight Filter-0000:
2015-12-08 03:23:19.906+0000 INFO  [o.n.k.i.DiagnosticsManager] Interface Microsoft Wi-Fi Direct Virtual Adapter-WFP Native MAC Layer LightWeight Filter-0000:
2015-12-08 03:23:19.906+0000 INFO  [o.n.k.i.DiagnosticsManager] Interface Microsoft Wi-Fi Direct Virtual Adapter-Native WiFi Filter Driver-0000:
2015-12-08 03:23:19.906+0000 INFO  [o.n.k.i.DiagnosticsManager] Interface Microsoft Wi-Fi Direct Virtual Adapter-VirtualBox NDIS Light-Weight Filter-0000:
2015-12-08 03:23:19.906+0000 INFO  [o.n.k.i.DiagnosticsManager] Interface Microsoft Wi-Fi Direct Virtual Adapter-QoS Packet Scheduler-0000:
2015-12-08 03:23:19.906+0000 INFO  [o.n.k.i.DiagnosticsManager] Interface Microsoft Wi-Fi Direct Virtual Adapter-WFP 802.3 MAC Layer LightWeight Filter-0000:
2015-12-08 03:23:19.906+0000 INFO  [o.n.k.i.DiagnosticsManager] --- INITIALIZED diagnostics END ---
2015-12-08 03:23:22.722+0000 INFO  [o.n.k.a.i.i.LuceneLabelScanStore] No lucene scan store index found, this might just be first use. Preparing to rebuild.
2015-12-08 03:23:22.725+0000 INFO  [o.n.k.NeoStoreDataSource] Opened logical log [A:\Files\git\COMS561_GraphDatabase_Research\Data Generate Code\Diff_Person_Number\1000\1000D0\neostore.transaction.db.0] version=0, lastTxId=1 (clean)
2015-12-08 03:23:22.726+0000 WARN  [o.n.k.i.s.MetaDataStore] Missing counts store, rebuilding it.
2015-12-08 03:23:22.792+0000 INFO  [o.n.k.a.i.i.LuceneLabelScanStore] Rebuilding lucene scan store, this may take a while
2015-12-08 03:23:22.792+0000 INFO  [o.n.k.a.i.i.LuceneLabelScanStore] Lucene scan store rebuilt (roughly -1 nodes)
2015-12-08 03:23:22.793+0000 INFO  [o.n.k.KernelHealth] Kernel health set to OK
2015-12-08 03:23:22.813+0000 INFO  [o.n.k.AvailabilityGuard] Fulfilling of requirement makes database available: Database available
2015-12-08 03:23:22.814+0000 INFO  [o.n.k.i.f.CommunityFacadeFactory] Database is now ready
2015-12-08 03:23:22.814+0000 INFO  [o.n.k.i.DiagnosticsManager] --- STARTED diagnostics for KernelDiagnostics:Versions START ---
2015-12-08 03:23:22.814+0000 INFO  [o.n.k.i.DiagnosticsManager] Graph Database: Community StoreId{creationTime=1449545002630, randomId=-2949302124068995170, storeVersion=15250506225055238, upgradeTime=1449545002630, upgradeId=1}
2015-12-08 03:23:22.814+0000 INFO  [o.n.k.i.DiagnosticsManager] Kernel version: 2.3.1
2015-12-08 03:23:22.815+0000 INFO  [o.n.k.i.DiagnosticsManager] --- STARTED diagnostics for KernelDiagnostics:Versions END ---
2015-12-08 03:23:22.815+0000 INFO  [o.n.k.i.DiagnosticsManager] --- STARTED diagnostics for NEO_STORE_VERSIONS START ---
2015-12-08 03:23:22.815+0000 INFO  [o.n.k.i.DiagnosticsManager] Store versions:
2015-12-08 03:23:22.815+0000 INFO  [o.n.k.i.DiagnosticsManager] Store versions:
2015-12-08 03:23:22.815+0000 INFO  [o.n.k.i.DiagnosticsManager] ArrayPropertyStore v0.A.6
2015-12-08 03:23:22.815+0000 INFO  [o.n.k.i.DiagnosticsManager] NodeStore v0.A.6
2015-12-08 03:23:22.816+0000 INFO  [o.n.k.i.DiagnosticsManager] StringPropertyStore v0.A.6
2015-12-08 03:23:22.816+0000 INFO  [o.n.k.i.DiagnosticsManager] PropertyIndexStore v0.A.6
2015-12-08 03:23:22.816+0000 INFO  [o.n.k.i.DiagnosticsManager] StringPropertyStore v0.A.6
2015-12-08 03:23:22.816+0000 INFO  [o.n.k.i.DiagnosticsManager] ArrayPropertyStore v0.A.6
2015-12-08 03:23:22.816+0000 INFO  [o.n.k.i.DiagnosticsManager] PropertyStore v0.A.6
2015-12-08 03:23:22.816+0000 INFO  [o.n.k.i.DiagnosticsManager] RelationshipStore v0.A.6
2015-12-08 03:23:22.817+0000 INFO  [o.n.k.i.DiagnosticsManager] StringPropertyStore v0.A.6
2015-12-08 03:23:22.817+0000 INFO  [o.n.k.i.DiagnosticsManager] RelationshipTypeStore v0.A.6
2015-12-08 03:23:22.817+0000 INFO  [o.n.k.i.DiagnosticsManager] StringPropertyStore v0.A.6
2015-12-08 03:23:22.817+0000 INFO  [o.n.k.i.DiagnosticsManager] LabelTokenStore v0.A.6
2015-12-08 03:23:22.817+0000 INFO  [o.n.k.i.DiagnosticsManager] SchemaStore v0.A.6
2015-12-08 03:23:22.817+0000 INFO  [o.n.k.i.DiagnosticsManager] RelationshipGroupStore v0.A.6
2015-12-08 03:23:22.817+0000 INFO  [o.n.k.i.DiagnosticsManager] NeoStore v0.A.6
2015-12-08 03:23:22.818+0000 INFO  [o.n.k.i.DiagnosticsManager] --- STARTED diagnostics for NEO_STORE_VERSIONS END ---
2015-12-08 03:23:22.818+0000 INFO  [o.n.k.i.DiagnosticsManager] --- STARTED diagnostics for NEO_STORE_ID_USAGE START ---
2015-12-08 03:23:22.818+0000 INFO  [o.n.k.i.DiagnosticsManager] Id usage:
2015-12-08 03:23:22.818+0000 INFO  [o.n.k.i.DiagnosticsManager] Id usage:
2015-12-08 03:23:22.819+0000 INFO  [o.n.k.i.DiagnosticsManager]   ArrayPropertyStore v0.A.6: used=1 high=0
2015-12-08 03:23:22.819+0000 INFO  [o.n.k.i.DiagnosticsManager]   NodeStore v0.A.6: used=0 high=-1
2015-12-08 03:23:22.819+0000 INFO  [o.n.k.i.DiagnosticsManager]   StringPropertyStore v0.A.6: used=1 high=0
2015-12-08 03:23:22.819+0000 INFO  [o.n.k.i.DiagnosticsManager]   PropertyIndexStore v0.A.6: used=0 high=-1
2015-12-08 03:23:22.820+0000 INFO  [o.n.k.i.DiagnosticsManager]   StringPropertyStore v0.A.6: used=1 high=0
2015-12-08 03:23:22.820+0000 INFO  [o.n.k.i.DiagnosticsManager]   ArrayPropertyStore v0.A.6: used=1 high=0
2015-12-08 03:23:22.820+0000 INFO  [o.n.k.i.DiagnosticsManager]   PropertyStore v0.A.6: used=0 high=-1
2015-12-08 03:23:22.821+0000 INFO  [o.n.k.i.DiagnosticsManager]   RelationshipStore v0.A.6: used=0 high=-1
2015-12-08 03:23:22.821+0000 INFO  [o.n.k.i.DiagnosticsManager]   StringPropertyStore v0.A.6: used=1 high=0
2015-12-08 03:23:22.821+0000 INFO  [o.n.k.i.DiagnosticsManager]   RelationshipTypeStore v0.A.6: used=0 high=-1
2015-12-08 03:23:22.822+0000 INFO  [o.n.k.i.DiagnosticsManager]   StringPropertyStore v0.A.6: used=1 high=0
2015-12-08 03:23:22.822+0000 INFO  [o.n.k.i.DiagnosticsManager]   LabelTokenStore v0.A.6: used=0 high=-1
2015-12-08 03:23:22.822+0000 INFO  [o.n.k.i.DiagnosticsManager]   SchemaStore v0.A.6: used=1 high=0
2015-12-08 03:23:22.823+0000 INFO  [o.n.k.i.DiagnosticsManager]   RelationshipGroupStore v0.A.6: used=1 high=0
2015-12-08 03:23:22.823+0000 INFO  [o.n.k.i.DiagnosticsManager]   NeoStore v0.A.6: used=13 high=12
2015-12-08 03:23:22.823+0000 INFO  [o.n.k.i.DiagnosticsManager] --- STARTED diagnostics for NEO_STORE_ID_USAGE END ---
2015-12-08 03:23:22.823+0000 INFO  [o.n.k.i.DiagnosticsManager] --- STARTED diagnostics for NEO_STORE_RECORDS START ---
2015-12-08 03:23:22.823+0000 INFO  [o.n.k.i.DiagnosticsManager] Neostore records:
2015-12-08 03:23:22.824+0000 INFO  [o.n.k.i.DiagnosticsManager] TIME (Creation time): 1449545002630
2015-12-08 03:23:22.824+0000 INFO  [o.n.k.i.DiagnosticsManager] RANDOM_NUMBER (Random number for store id): -2949302124068995170
2015-12-08 03:23:22.824+0000 INFO  [o.n.k.i.DiagnosticsManager] LOG_VERSION (Current log version): 0
2015-12-08 03:23:22.824+0000 INFO  [o.n.k.i.DiagnosticsManager] LAST_TRANSACTION_ID (Last committed transaction): 1
2015-12-08 03:23:22.824+0000 INFO  [o.n.k.i.DiagnosticsManager] STORE_VERSION (Store format version): 15250506225055238
2015-12-08 03:23:22.825+0000 INFO  [o.n.k.i.DiagnosticsManager] FIRST_GRAPH_PROPERTY (First property record containing graph properties): -1
2015-12-08 03:23:22.825+0000 INFO  [o.n.k.i.DiagnosticsManager] LAST_CONSTRAINT_TRANSACTION (Last committed transaction containing constraint changes): 0
2015-12-08 03:23:22.825+0000 INFO  [o.n.k.i.DiagnosticsManager] UPGRADE_TRANSACTION_ID (Transaction id most recent upgrade was performed at): 1
2015-12-08 03:23:22.825+0000 INFO  [o.n.k.i.DiagnosticsManager] UPGRADE_TIME (Time of last upgrade): 1449545002630
2015-12-08 03:23:22.825+0000 INFO  [o.n.k.i.DiagnosticsManager] LAST_TRANSACTION_CHECKSUM (Checksum of last committed transaction): 0
2015-12-08 03:23:22.825+0000 INFO  [o.n.k.i.DiagnosticsManager] UPGRADE_TRANSACTION_CHECKSUM (Checksum of transaction id the most recent upgrade was performed at): 0
2015-12-08 03:23:22.826+0000 INFO  [o.n.k.i.DiagnosticsManager] LAST_CLOSED_TRANSACTION_LOG_VERSION (Log version where the last transaction commit entry has been written into): 0
2015-12-08 03:23:22.826+0000 INFO  [o.n.k.i.DiagnosticsManager] LAST_CLOSED_TRANSACTION_LOG_BYTE_OFFSET (Byte offset in the log file where the last transaction commit entry has been written into): 16
2015-12-08 03:23:22.826+0000 INFO  [o.n.k.i.DiagnosticsManager] --- STARTED diagnostics for NEO_STORE_RECORDS END ---
2015-12-08 03:23:22.826+0000 INFO  [o.n.k.i.DiagnosticsManager] --- STARTED diagnostics for TRANSACTION_RANGE START ---
2015-12-08 03:23:22.826+0000 INFO  [o.n.k.i.DiagnosticsManager] Transaction log:
2015-12-08 03:23:22.827+0000 INFO  [o.n.k.i.DiagnosticsManager] No transactions found in any log
2015-12-08 03:23:22.827+0000 INFO  [o.n.k.i.DiagnosticsManager] --- STARTED diagnostics for TRANSACTION_RANGE END ---
2015-12-08 03:23:22.828+0000 INFO  [o.n.k.i.DiagnosticsManager] --- STARTED diagnostics for KernelDiagnostics:StoreFiles START ---
2015-12-08 03:23:22.831+0000 INFO  [o.n.k.i.DiagnosticsManager] Disk space on partition (Total / Free / Free %): 3001778413568 / 2553131794432 / 85
Storage files: (filename : modification date - size)
2015-12-08 03:23:22.832+0000 INFO  [o.n.k.i.DiagnosticsManager]   dbms:
2015-12-08 03:23:22.832+0000 INFO  [o.n.k.i.DiagnosticsManager]     ssl:
2015-12-08 03:23:22.833+0000 INFO  [o.n.k.i.DiagnosticsManager]       snakeoil.cert: 2015-12-07T21:23:19-0600 - 630.00 B
2015-12-08 03:23:22.834+0000 INFO  [o.n.k.i.DiagnosticsManager]       snakeoil.key: 2015-12-07T21:23:19-0600 - 914.00 B
2015-12-08 03:23:22.834+0000 INFO  [o.n.k.i.DiagnosticsManager]     - Total: 2015-12-07T21:23:19-0600 - 1.51 kB
2015-12-08 03:23:22.835+0000 INFO  [o.n.k.i.DiagnosticsManager]   - Total: 2015-12-07T21:23:19-0600 - 1.51 kB
2015-12-08 03:23:22.835+0000 INFO  [o.n.k.i.DiagnosticsManager]   index:
2015-12-08 03:23:22.836+0000 INFO  [o.n.k.i.DiagnosticsManager]   - Total: 2015-12-07T21:23:22-0600 - 0.00 B
2015-12-08 03:23:22.843+0000 INFO  [o.n.k.i.DiagnosticsManager]   messages.log: 2015-12-07T21:23:19-0600 - 32.28 kB
2015-12-08 03:23:22.844+0000 INFO  [o.n.k.i.DiagnosticsManager]   neo4j.properties: 2015-12-07T21:23:19-0600 - 1.30 kB
2015-12-08 03:23:22.845+0000 INFO  [o.n.k.i.DiagnosticsManager]   neostore: 2015-12-07T21:23:22-0600 - 8.00 kB
2015-12-08 03:23:22.845+0000 INFO  [o.n.k.i.DiagnosticsManager]   neostore.counts.db.a: 2015-12-07T21:23:22-0600 - 96.00 B
2015-12-08 03:23:22.847+0000 INFO  [o.n.k.i.DiagnosticsManager]   neostore.id: 2015-12-07T21:23:22-0600 - 9.00 B
2015-12-08 03:23:22.847+0000 INFO  [o.n.k.i.DiagnosticsManager]   neostore.labeltokenstore.db: 2015-12-07T21:23:21-0600 - 0.00 B
2015-12-08 03:23:22.848+0000 INFO  [o.n.k.i.DiagnosticsManager]   neostore.labeltokenstore.db.id: 2015-12-07T21:23:22-0600 - 9.00 B
2015-12-08 03:23:22.848+0000 INFO  [o.n.k.i.DiagnosticsManager]   neostore.labeltokenstore.db.names: 2015-12-07T21:23:21-0600 - 8.00 kB
2015-12-08 03:23:22.849+0000 INFO  [o.n.k.i.DiagnosticsManager]   neostore.labeltokenstore.db.names.id: 2015-12-07T21:23:21-0600 - 9.00 B
2015-12-08 03:23:22.849+0000 INFO  [o.n.k.i.DiagnosticsManager]   neostore.nodestore.db: 2015-12-07T21:23:20-0600 - 0.00 B
2015-12-08 03:23:22.850+0000 INFO  [o.n.k.i.DiagnosticsManager]   neostore.nodestore.db.id: 2015-12-07T21:23:20-0600 - 9.00 B
2015-12-08 03:23:22.850+0000 INFO  [o.n.k.i.DiagnosticsManager]   neostore.nodestore.db.labels: 2015-12-07T21:23:20-0600 - 8.00 kB
2015-12-08 03:23:22.851+0000 INFO  [o.n.k.i.DiagnosticsManager]   neostore.nodestore.db.labels.id: 2015-12-07T21:23:20-0600 - 9.00 B
2015-12-08 03:23:22.852+0000 INFO  [o.n.k.i.DiagnosticsManager]   neostore.propertystore.db: 2015-12-07T21:23:21-0600 - 0.00 B
2015-12-08 03:23:22.852+0000 INFO  [o.n.k.i.DiagnosticsManager]   neostore.propertystore.db.arrays: 2015-12-07T21:23:21-0600 - 8.00 kB
2015-12-08 03:23:22.853+0000 INFO  [o.n.k.i.DiagnosticsManager]   neostore.propertystore.db.arrays.id: 2015-12-07T21:23:21-0600 - 9.00 B
2015-12-08 03:23:22.853+0000 INFO  [o.n.k.i.DiagnosticsManager]   neostore.propertystore.db.id: 2015-12-07T21:23:21-0600 - 9.00 B
2015-12-08 03:23:22.854+0000 INFO  [o.n.k.i.DiagnosticsManager]   neostore.propertystore.db.index: 2015-12-07T21:23:20-0600 - 0.00 B
2015-12-08 03:23:22.854+0000 INFO  [o.n.k.i.DiagnosticsManager]   neostore.propertystore.db.index.id: 2015-12-07T21:23:20-0600 - 9.00 B
2015-12-08 03:23:22.855+0000 INFO  [o.n.k.i.DiagnosticsManager]   neostore.propertystore.db.index.keys: 2015-12-07T21:23:20-0600 - 8.00 kB
2015-12-08 03:23:22.856+0000 INFO  [o.n.k.i.DiagnosticsManager]   neostore.propertystore.db.index.keys.id: 2015-12-07T21:23:20-0600 - 9.00 B
2015-12-08 03:23:22.856+0000 INFO  [o.n.k.i.DiagnosticsManager]   neostore.propertystore.db.strings: 2015-12-07T21:23:20-0600 - 8.00 kB
2015-12-08 03:23:22.857+0000 INFO  [o.n.k.i.DiagnosticsManager]   neostore.propertystore.db.strings.id: 2015-12-07T21:23:20-0600 - 9.00 B
2015-12-08 03:23:22.857+0000 INFO  [o.n.k.i.DiagnosticsManager]   neostore.relationshipgroupstore.db: 2015-12-07T21:23:22-0600 - 8.00 kB
2015-12-08 03:23:22.858+0000 INFO  [o.n.k.i.DiagnosticsManager]   neostore.relationshipgroupstore.db.id: 2015-12-07T21:23:22-0600 - 9.00 B
2015-12-08 03:23:22.858+0000 INFO  [o.n.k.i.DiagnosticsManager]   neostore.relationshipstore.db: 2015-12-07T21:23:21-0600 - 0.00 B
2015-12-08 03:23:22.859+0000 INFO  [o.n.k.i.DiagnosticsManager]   neostore.relationshipstore.db.id: 2015-12-07T21:23:21-0600 - 9.00 B
2015-12-08 03:23:22.859+0000 INFO  [o.n.k.i.DiagnosticsManager]   neostore.relationshiptypestore.db: 2015-12-07T21:23:21-0600 - 0.00 B
2015-12-08 03:23:22.860+0000 INFO  [o.n.k.i.DiagnosticsManager]   neostore.relationshiptypestore.db.id: 2015-12-07T21:23:21-0600 - 9.00 B
2015-12-08 03:23:22.860+0000 INFO  [o.n.k.i.DiagnosticsManager]   neostore.relationshiptypestore.db.names: 2015-12-07T21:23:21-0600 - 8.00 kB
2015-12-08 03:23:22.861+0000 INFO  [o.n.k.i.DiagnosticsManager]   neostore.relationshiptypestore.db.names.id: 2015-12-07T21:23:21-0600 - 9.00 B
2015-12-08 03:23:22.861+0000 INFO  [o.n.k.i.DiagnosticsManager]   neostore.schemastore.db: 2015-12-07T21:23:22-0600 - 8.00 kB
2015-12-08 03:23:22.862+0000 INFO  [o.n.k.i.DiagnosticsManager]   neostore.schemastore.db.id: 2015-12-07T21:23:22-0600 - 9.00 B
2015-12-08 03:23:22.862+0000 INFO  [o.n.k.i.DiagnosticsManager]   neostore.transaction.db.0: 2015-12-07T21:23:22-0600 - 16.00 B
2015-12-08 03:23:22.862+0000 INFO  [o.n.k.i.DiagnosticsManager]   schema:
2015-12-08 03:23:22.862+0000 INFO  [o.n.k.i.DiagnosticsManager]     label:
2015-12-08 03:23:22.863+0000 INFO  [o.n.k.i.DiagnosticsManager]       lucene:
2015-12-08 03:23:22.863+0000 INFO  [o.n.k.i.DiagnosticsManager]         write.lock: 2015-12-07T21:23:22-0600 - 0.00 B
2015-12-08 03:23:22.863+0000 INFO  [o.n.k.i.DiagnosticsManager]       - Total: 2015-12-07T21:23:22-0600 - 0.00 B
2015-12-08 03:23:22.864+0000 INFO  [o.n.k.i.DiagnosticsManager]     - Total: 2015-12-07T21:23:22-0600 - 0.00 B
2015-12-08 03:23:22.864+0000 INFO  [o.n.k.i.DiagnosticsManager]   - Total: 2015-12-07T21:23:22-0600 - 0.00 B
2015-12-08 03:23:22.864+0000 INFO  [o.n.k.i.DiagnosticsManager]   store_lock: 2015-12-07T21:23:19-0600 - 0.00 B
2015-12-08 03:23:22.864+0000 INFO  [o.n.k.i.DiagnosticsManager] --- STARTED diagnostics for KernelDiagnostics:StoreFiles END ---
2015-12-08 03:23:22.897+0000 INFO  [o.n.k.i.DiagnosticsManager] --- SERVER STARTED START ---
2015-12-08 03:23:23.472+0000 WARN  [o.n.k.i.c.MonitorGc] GC Monitor: Application threads blocked for 257ms.
2015-12-08 03:23:23.588+0000 INFO  [o.n.k.i.DiagnosticsManager] --- SERVER STARTED END ---
2015-12-08 03:25:22.142+0000 INFO  [o.n.k.i.f.GraphDatabaseFacade] Shutdown started
2015-12-08 03:25:22.142+0000 INFO  [o.n.k.i.f.CommunityFacadeFactory] Database is now unavailable
2015-12-08 03:25:22.196+0000 INFO  [o.n.k.i.s.c.CountsTracker] About to rotate counts store at transaction 7 to [A:\Files\git\COMS561_GraphDatabase_Research\Data Generate Code\Diff_Person_Number\1000\1000D0\neostore.counts.db.b], from [A:\Files\git\COMS561_GraphDatabase_Research\Data Generate Code\Diff_Person_Number\1000\1000D0\neostore.counts.db.a].
2015-12-08 03:25:22.198+0000 INFO  [o.n.k.i.s.c.CountsTracker] Successfully rotated counts store at transaction 7 to [A:\Files\git\COMS561_GraphDatabase_Research\Data Generate Code\Diff_Person_Number\1000\1000D0\neostore.counts.db.b], from [A:\Files\git\COMS561_GraphDatabase_Research\Data Generate Code\Diff_Person_Number\1000\1000D0\neostore.counts.db.a].
2015-12-08 03:25:22.321+0000 INFO  [o.n.k.i.t.l.c.CheckPointerImpl] Check Pointing triggered by database shutdown [7]:  Starting check pointing...
2015-12-08 03:25:22.321+0000 INFO  [o.n.k.i.t.l.c.CheckPointerImpl] Check Pointing triggered by database shutdown [7]:  Starting store flush...
2015-12-08 03:25:22.324+0000 INFO  [o.n.k.i.t.l.c.CheckPointerImpl] Check Pointing triggered by database shutdown [7]:  Store flush completed
2015-12-08 03:25:22.324+0000 INFO  [o.n.k.i.t.l.c.CheckPointerImpl] Check Pointing triggered by database shutdown [7]:  Starting appending check point entry into the tx log...
2015-12-08 03:25:22.343+0000 INFO  [o.n.k.i.t.l.c.CheckPointerImpl] Check Pointing triggered by database shutdown [7]:  Appending check point entry into the tx log completed
2015-12-08 03:25:22.343+0000 INFO  [o.n.k.i.t.l.c.CheckPointerImpl] Check Pointing triggered by database shutdown [7]:  Check pointing completed
2015-12-08 03:25:22.343+0000 INFO  [o.n.k.i.t.l.p.LogPruningImpl] Log Rotation [0]:  Starting log pruning.
2015-12-08 03:25:22.343+0000 INFO  [o.n.k.i.t.l.p.LogPruningImpl] Log Rotation [0]:  Log pruning complete.
2015-12-08 03:25:23.884+0000 INFO  [o.n.k.NeoStoreDataSource] NeoStores closed
2015-12-08 03:25:23.885+0000 INFO  [o.n.k.i.DiagnosticsManager] --- STOPPING diagnostics START ---
2015-12-08 03:25:23.885+0000 INFO  [o.n.k.i.DiagnosticsManager] --- STOPPING diagnostics END ---
