2015-12-10 04:07:11.100+0000 INFO  [o.n.k.i.f.CommunityFacadeFactory] No locking implementation specified, defaulting to 'community'
2015-12-10 04:07:11.104+0000 INFO  [o.n.k.AvailabilityGuard] Requirement makes database unavailable: Database available
2015-12-10 04:07:11.106+0000 INFO  [o.n.k.i.DiagnosticsManager] --- INITIALIZED diagnostics START ---
2015-12-10 04:07:11.106+0000 INFO  [o.n.k.i.DiagnosticsManager] Neo4j Kernel properties:
2015-12-10 04:07:11.106+0000 INFO  [o.n.k.i.DiagnosticsManager] org.neo4j.server.db.tuning.properties=C:\561\4000\4000D0\neo4j.properties
2015-12-10 04:07:11.106+0000 INFO  [o.n.k.i.DiagnosticsManager] org.neo4j.server.database.location=C:\561\4000\4000D0
2015-12-10 04:07:11.106+0000 INFO  [o.n.k.i.DiagnosticsManager] dbms.querylog.filename=data/log/queries.log
2015-12-10 04:07:11.106+0000 INFO  [o.n.k.i.DiagnosticsManager] dbms.security.auth_store.location=C:\561\4000\4000D0\.\dbms\auth
2015-12-10 04:07:11.106+0000 INFO  [o.n.k.i.DiagnosticsManager] dbms.security.tls_certificate_file=C:\561\4000\4000D0\.\dbms\ssl\snakeoil.cert
2015-12-10 04:07:11.106+0000 INFO  [o.n.k.i.DiagnosticsManager] remote_shell_enabled=true
2015-12-10 04:07:11.106+0000 INFO  [o.n.k.i.DiagnosticsManager] edition=Community
2015-12-10 04:07:11.106+0000 INFO  [o.n.k.i.DiagnosticsManager] dbms.security.tls_key_file=C:\561\4000\4000D0\.\dbms\ssl\snakeoil.key
2015-12-10 04:07:11.106+0000 INFO  [o.n.k.i.DiagnosticsManager] Diagnostics providers:
2015-12-10 04:07:11.106+0000 INFO  [o.n.k.i.DiagnosticsManager] org.neo4j.kernel.configuration.Config
2015-12-10 04:07:11.106+0000 INFO  [o.n.k.i.DiagnosticsManager] org.neo4j.kernel.info.DiagnosticsManager
2015-12-10 04:07:11.106+0000 INFO  [o.n.k.i.DiagnosticsManager] SYSTEM_MEMORY
2015-12-10 04:07:11.106+0000 INFO  [o.n.k.i.DiagnosticsManager] JAVA_MEMORY
2015-12-10 04:07:11.106+0000 INFO  [o.n.k.i.DiagnosticsManager] OPERATING_SYSTEM
2015-12-10 04:07:11.106+0000 INFO  [o.n.k.i.DiagnosticsManager] JAVA_VIRTUAL_MACHINE
2015-12-10 04:07:11.106+0000 INFO  [o.n.k.i.DiagnosticsManager] CLASSPATH
2015-12-10 04:07:11.106+0000 INFO  [o.n.k.i.DiagnosticsManager] LIBRARY_PATH
2015-12-10 04:07:11.106+0000 INFO  [o.n.k.i.DiagnosticsManager] SYSTEM_PROPERTIES
2015-12-10 04:07:11.106+0000 INFO  [o.n.k.i.DiagnosticsManager] NETWORK
2015-12-10 04:07:11.106+0000 INFO  [o.n.k.i.DiagnosticsManager] System memory information:
2015-12-10 04:07:11.106+0000 INFO  [o.n.k.i.DiagnosticsManager] Total Physical memory: 3.93 GB
2015-12-10 04:07:11.106+0000 INFO  [o.n.k.i.DiagnosticsManager] Free Physical memory: 1.92 GB
2015-12-10 04:07:11.107+0000 INFO  [o.n.k.i.DiagnosticsManager] Committed virtual memory: 354.57 MB
2015-12-10 04:07:11.107+0000 INFO  [o.n.k.i.DiagnosticsManager] Total swap space: 5.66 GB
2015-12-10 04:07:11.107+0000 INFO  [o.n.k.i.DiagnosticsManager] Free swap space: 2.35 GB
2015-12-10 04:07:11.107+0000 INFO  [o.n.k.i.DiagnosticsManager] JVM memory information:
2015-12-10 04:07:11.107+0000 INFO  [o.n.k.i.DiagnosticsManager] Free  memory: 23.25 MB
2015-12-10 04:07:11.107+0000 INFO  [o.n.k.i.DiagnosticsManager] Total memory: 90.00 MB
2015-12-10 04:07:11.107+0000 INFO  [o.n.k.i.DiagnosticsManager] Max   memory: 894.50 MB
2015-12-10 04:07:11.107+0000 INFO  [o.n.k.i.DiagnosticsManager] Garbage Collector: PS Scavenge: [PS Eden Space, PS Survivor Space]
2015-12-10 04:07:11.107+0000 INFO  [o.n.k.i.DiagnosticsManager] Garbage Collector: PS MarkSweep: [PS Eden Space, PS Survivor Space, PS Old Gen, PS Perm Gen]
2015-12-10 04:07:11.107+0000 INFO  [o.n.k.i.DiagnosticsManager] Memory Pool: Code Cache (Non-heap memory): committed=12.69 MB, used=12.50 MB, max=48.00 MB, threshold=0.00 B
2015-12-10 04:07:11.107+0000 INFO  [o.n.k.i.DiagnosticsManager] Memory Pool: PS Eden Space (Heap memory): committed=19.50 MB, used=7.78 MB, max=331.50 MB, threshold=?
2015-12-10 04:07:11.107+0000 INFO  [o.n.k.i.DiagnosticsManager] Memory Pool: PS Survivor Space (Heap memory): committed=1.00 MB, used=1012.55 kB, max=1.00 MB, threshold=?
2015-12-10 04:07:11.107+0000 INFO  [o.n.k.i.DiagnosticsManager] Memory Pool: PS Old Gen (Heap memory): committed=69.50 MB, used=57.98 MB, max=670.50 MB, threshold=0.00 B
2015-12-10 04:07:11.107+0000 INFO  [o.n.k.i.DiagnosticsManager] Memory Pool: PS Perm Gen (Non-heap memory): committed=64.50 MB, used=64.14 MB, max=82.00 MB, threshold=0.00 B
2015-12-10 04:07:11.107+0000 INFO  [o.n.k.i.DiagnosticsManager] Operating system information:
2015-12-10 04:07:11.107+0000 INFO  [o.n.k.i.DiagnosticsManager] Operating System: Windows 8.1; version: 6.3; arch: amd64; cpus: 8
2015-12-10 04:07:11.108+0000 INFO  [o.n.k.i.DiagnosticsManager] Process id: 3784@ATAN-B03-02
2015-12-10 04:07:11.108+0000 INFO  [o.n.k.i.DiagnosticsManager] Byte order: LITTLE_ENDIAN
2015-12-10 04:07:11.108+0000 INFO  [o.n.k.i.DiagnosticsManager] Local timezone: America/Chicago
2015-12-10 04:07:11.108+0000 INFO  [o.n.k.i.DiagnosticsManager] JVM information:
2015-12-10 04:07:11.108+0000 INFO  [o.n.k.i.DiagnosticsManager] VM Name: Java HotSpot(TM) 64-Bit Server VM
2015-12-10 04:07:11.108+0000 INFO  [o.n.k.i.DiagnosticsManager] VM Vendor: Oracle Corporation
2015-12-10 04:07:11.108+0000 INFO  [o.n.k.i.DiagnosticsManager] VM Version: 24.80-b11
2015-12-10 04:07:11.108+0000 INFO  [o.n.k.i.DiagnosticsManager] JIT compiler: HotSpot 64-Bit Tiered Compilers
2015-12-10 04:07:11.108+0000 INFO  [o.n.k.i.DiagnosticsManager] VM Arguments: [-Dexe4j.semaphoreName=Local\c:_program_files_neo4j_ce_2.3.1_bin_neo4j-ce.exe, -Dexe4j.isInstall4j=true, -Dexe4j.moduleName=C:\Program Files\Neo4j CE 2.3.1\bin\neo4j-ce.exe, -Dexe4j.tempDir=, -Dexe4j.unextractedPosition=0, -Djava.library.path=C:\Program Files (x86)\AMD APP\bin\x86_64;C:\Program Files (x86)\AMD APP\bin\x86;C:\ProgramData\Oracle\Java\javapath;C:\Windows\system32;C:\Windows;C:\Windows\System32\Wbem;C:\Windows\System32\WindowsPowerShell\v1.0\;C:\Program Files (x86)\MiKTeX 2.9\miktex\bin\;C:\Program Files\TortoiseSVN\bin;C:\Windows\system32\config\systemprofile\.dnx\bin;C:\Program Files\Microsoft DNX\Dnvm\;C:\Program Files\MATLAB\R2015b\runtime\win64;C:\Program Files\MATLAB\R2015b\bin;C:\Program Files (x86)\ATI Technologies\ATI.ACE\Core-Static;c:\program files\neo4j ce 2.3.1\jre\bin, -Dexe4j.consoleCodepage=cp0, -Dinstall4j.launcherId=24, -Dinstall4j.swt=false]
2015-12-10 04:07:11.108+0000 INFO  [o.n.k.i.DiagnosticsManager] Java classpath:
2015-12-10 04:07:11.110+0000 INFO  [o.n.k.i.DiagnosticsManager]  [loader.1] file:/C:/Program%20Files/Neo4j%20CE%202.3.1/jre/lib/ext/dnsns.jar
2015-12-10 04:07:11.110+0000 INFO  [o.n.k.i.DiagnosticsManager]  [loader.0] file:/C:/Program%20Files/Neo4j%20CE%202.3.1/bin/
2015-12-10 04:07:11.110+0000 INFO  [o.n.k.i.DiagnosticsManager]  [bootstrap] C:\Program Files\Neo4j CE 2.3.1\jre\lib\resources.jar
2015-12-10 04:07:11.110+0000 INFO  [o.n.k.i.DiagnosticsManager]  [bootstrap] C:\Program Files\Neo4j CE 2.3.1\jre\lib\jfr.jar
2015-12-10 04:07:11.110+0000 INFO  [o.n.k.i.DiagnosticsManager]  [classpath] C:\Program Files\Neo4j CE 2.3.1\.install4j\i4jruntime.jar
2015-12-10 04:07:11.110+0000 INFO  [o.n.k.i.DiagnosticsManager]  [loader.1] file:/C:/Program%20Files/Neo4j%20CE%202.3.1/jre/lib/ext/sunmscapi.jar
2015-12-10 04:07:11.110+0000 INFO  [o.n.k.i.DiagnosticsManager]  [bootstrap] C:\Program Files\Neo4j CE 2.3.1\jre\lib\jsse.jar
2015-12-10 04:07:11.110+0000 INFO  [o.n.k.i.DiagnosticsManager]  [loader.1] file:/C:/Program%20Files/Neo4j%20CE%202.3.1/jre/lib/ext/dns_sd.jar
2015-12-10 04:07:11.110+0000 INFO  [o.n.k.i.DiagnosticsManager]  [loader.0] file:/C:/Program%20Files/Neo4j%20CE%202.3.1/.install4j/i4jruntime.jar
2015-12-10 04:07:11.110+0000 INFO  [o.n.k.i.DiagnosticsManager]  [loader.0] file:/C:/Program%20Files/Neo4j%20CE%202.3.1/bin/neo4j-desktop-2.3.1.jar
2015-12-10 04:07:11.110+0000 INFO  [o.n.k.i.DiagnosticsManager]  [loader.1] file:/C:/Program%20Files/Neo4j%20CE%202.3.1/jre/lib/ext/access-bridge-64.jar
2015-12-10 04:07:11.110+0000 INFO  [o.n.k.i.DiagnosticsManager]  [loader.1] file:/C:/Program%20Files/Neo4j%20CE%202.3.1/jre/lib/ext/localedata.jar
2015-12-10 04:07:11.110+0000 INFO  [o.n.k.i.DiagnosticsManager]  [bootstrap] C:\Program Files\Neo4j CE 2.3.1\jre\lib\sunrsasign.jar
2015-12-10 04:07:11.110+0000 INFO  [o.n.k.i.DiagnosticsManager]  [bootstrap] C:\Program Files\Neo4j CE 2.3.1\jre\lib\jce.jar
2015-12-10 04:07:11.110+0000 INFO  [o.n.k.i.DiagnosticsManager]  [bootstrap] C:\Program Files\Neo4j CE 2.3.1\jre\lib\rt.jar
2015-12-10 04:07:11.110+0000 INFO  [o.n.k.i.DiagnosticsManager]  [bootstrap] C:\Program Files\Neo4j CE 2.3.1\jre\lib\charsets.jar
2015-12-10 04:07:11.110+0000 INFO  [o.n.k.i.DiagnosticsManager]  [loader.1] file:/C:/Program%20Files/Neo4j%20CE%202.3.1/jre/lib/ext/sunjce_provider.jar
2015-12-10 04:07:11.110+0000 INFO  [o.n.k.i.DiagnosticsManager]  [bootstrap] C:\Program Files\Neo4j CE 2.3.1\jre\classes
2015-12-10 04:07:11.110+0000 INFO  [o.n.k.i.DiagnosticsManager]  [loader.1] file:/C:/Program%20Files/Neo4j%20CE%202.3.1/jre/lib/ext/zipfs.jar
2015-12-10 04:07:11.110+0000 INFO  [o.n.k.i.DiagnosticsManager]  [loader.1] file:/C:/Program%20Files/Neo4j%20CE%202.3.1/jre/lib/ext/jaccess.jar
2015-12-10 04:07:11.110+0000 INFO  [o.n.k.i.DiagnosticsManager]  [loader.1] file:/C:/Program%20Files/Neo4j%20CE%202.3.1/jre/lib/ext/sunec.jar
2015-12-10 04:07:11.110+0000 INFO  [o.n.k.i.DiagnosticsManager]  [classpath] C:\Program Files\Neo4j CE 2.3.1\bin\neo4j-desktop-2.3.1.jar
2015-12-10 04:07:11.110+0000 INFO  [o.n.k.i.DiagnosticsManager] Library path:
2015-12-10 04:07:11.110+0000 INFO  [o.n.k.i.DiagnosticsManager] C:\Program Files (x86)\AMD APP\bin\x86_64
2015-12-10 04:07:11.110+0000 INFO  [o.n.k.i.DiagnosticsManager] C:\Program Files (x86)\AMD APP\bin\x86
2015-12-10 04:07:11.111+0000 INFO  [o.n.k.i.DiagnosticsManager] C:\ProgramData\Oracle\Java\javapath
2015-12-10 04:07:11.111+0000 INFO  [o.n.k.i.DiagnosticsManager] C:\Windows\System32
2015-12-10 04:07:11.111+0000 INFO  [o.n.k.i.DiagnosticsManager] C:\Windows
2015-12-10 04:07:11.111+0000 INFO  [o.n.k.i.DiagnosticsManager] C:\Windows\System32\wbem
2015-12-10 04:07:11.111+0000 INFO  [o.n.k.i.DiagnosticsManager] C:\Windows\System32\WindowsPowerShell\v1.0
2015-12-10 04:07:11.111+0000 INFO  [o.n.k.i.DiagnosticsManager] C:\Program Files (x86)\MiKTeX 2.9\miktex\bin
2015-12-10 04:07:11.112+0000 INFO  [o.n.k.i.DiagnosticsManager] C:\Program Files\TortoiseSVN\bin
2015-12-10 04:07:11.112+0000 INFO  [o.n.k.i.DiagnosticsManager] C:\Windows\System32\config\systemprofile\.dnx\bin
2015-12-10 04:07:11.112+0000 INFO  [o.n.k.i.DiagnosticsManager] C:\Program Files\Microsoft DNX\Dnvm
2015-12-10 04:07:11.112+0000 INFO  [o.n.k.i.DiagnosticsManager] C:\Program Files\MATLAB\R2015b\runtime\win64
2015-12-10 04:07:11.112+0000 INFO  [o.n.k.i.DiagnosticsManager] C:\Program Files\MATLAB\R2015b\bin
2015-12-10 04:07:11.112+0000 INFO  [o.n.k.i.DiagnosticsManager] C:\Program Files (x86)\ATI Technologies\ATI.ACE\Core-Static
2015-12-10 04:07:11.113+0000 INFO  [o.n.k.i.DiagnosticsManager] C:\Program Files\Neo4j CE 2.3.1\jre\bin
2015-12-10 04:07:11.113+0000 INFO  [o.n.k.i.DiagnosticsManager] System.properties:
2015-12-10 04:07:11.113+0000 INFO  [o.n.k.i.DiagnosticsManager] exe4j.moduleName = C:\Program Files\Neo4j CE 2.3.1\bin\neo4j-ce.exe
2015-12-10 04:07:11.113+0000 INFO  [o.n.k.i.DiagnosticsManager] exe4j.semaphoreName = Local\c:_program_files_neo4j_ce_2.3.1_bin_neo4j-ce.exe
2015-12-10 04:07:11.113+0000 INFO  [o.n.k.i.DiagnosticsManager] sun.boot.library.path = c:\program files\neo4j ce 2.3.1\jre\bin
2015-12-10 04:07:11.113+0000 INFO  [o.n.k.i.DiagnosticsManager] exe4j.consoleCodepage = cp0
2015-12-10 04:07:11.113+0000 INFO  [o.n.k.i.DiagnosticsManager] path.separator = ;
2015-12-10 04:07:11.113+0000 INFO  [o.n.k.i.DiagnosticsManager] file.encoding.pkg = sun.io
2015-12-10 04:07:11.113+0000 INFO  [o.n.k.i.DiagnosticsManager] user.country = US
2015-12-10 04:07:11.113+0000 INFO  [o.n.k.i.DiagnosticsManager] user.script = 
2015-12-10 04:07:11.113+0000 INFO  [o.n.k.i.DiagnosticsManager] sun.os.patch.level = 
2015-12-10 04:07:11.113+0000 INFO  [o.n.k.i.DiagnosticsManager] install4j.exeDir = C:\Program Files\Neo4j CE 2.3.1\bin\
2015-12-10 04:07:11.113+0000 INFO  [o.n.k.i.DiagnosticsManager] user.dir = C:\Program Files\Neo4j CE 2.3.1\bin
2015-12-10 04:07:11.113+0000 INFO  [o.n.k.i.DiagnosticsManager] neo4j.ext.udc.source = desktop
2015-12-10 04:07:11.113+0000 INFO  [o.n.k.i.DiagnosticsManager] user.variant = 
2015-12-10 04:07:11.113+0000 INFO  [o.n.k.i.DiagnosticsManager] exe4j.tempDir = 
2015-12-10 04:07:11.113+0000 INFO  [o.n.k.i.DiagnosticsManager] sun.jnu.encoding = Cp1252
2015-12-10 04:07:11.113+0000 INFO  [o.n.k.i.DiagnosticsManager] sun.awt.enableExtraMouseButtons = true
2015-12-10 04:07:11.113+0000 INFO  [o.n.k.i.DiagnosticsManager] install4j.launcherId = 24
2015-12-10 04:07:11.113+0000 INFO  [o.n.k.i.DiagnosticsManager] sun.management.compiler = HotSpot 64-Bit Tiered Compilers
2015-12-10 04:07:11.113+0000 INFO  [o.n.k.i.DiagnosticsManager] exe4j.isInstall4j = true
2015-12-10 04:07:11.113+0000 INFO  [o.n.k.i.DiagnosticsManager] install4j.swt = false
2015-12-10 04:07:11.113+0000 INFO  [o.n.k.i.DiagnosticsManager] user.home = C:\Users\cez
2015-12-10 04:07:11.113+0000 INFO  [o.n.k.i.DiagnosticsManager] user.timezone = America/Chicago
2015-12-10 04:07:11.113+0000 INFO  [o.n.k.i.DiagnosticsManager] file.encoding = Cp1252
2015-12-10 04:07:11.113+0000 INFO  [o.n.k.i.DiagnosticsManager] user.name = cez
2015-12-10 04:07:11.113+0000 INFO  [o.n.k.i.DiagnosticsManager] sun.java.command = C:\Program Files\Neo4j CE 2.3.1\bin\neo4j-ce.exe
2015-12-10 04:07:11.113+0000 INFO  [o.n.k.i.DiagnosticsManager] sun.arch.data.model = 64
2015-12-10 04:07:11.113+0000 INFO  [o.n.k.i.DiagnosticsManager] exe4j.launchName = C:\Program Files\Neo4j CE 2.3.1\bin\neo4j-ce.exe
2015-12-10 04:07:11.113+0000 INFO  [o.n.k.i.DiagnosticsManager] user.language = en
2015-12-10 04:07:11.113+0000 INFO  [o.n.k.i.DiagnosticsManager] awt.toolkit = sun.awt.windows.WToolkit
2015-12-10 04:07:11.113+0000 INFO  [o.n.k.i.DiagnosticsManager] exe4j.unextractedPosition = 0
2015-12-10 04:07:11.113+0000 INFO  [o.n.k.i.DiagnosticsManager] install4j.appDir = C:\Program Files\Neo4j CE 2.3.1\
2015-12-10 04:07:11.113+0000 INFO  [o.n.k.i.DiagnosticsManager] file.separator = \
2015-12-10 04:07:11.113+0000 INFO  [o.n.k.i.DiagnosticsManager] sun.io.unicode.encoding = UnicodeLittle
2015-12-10 04:07:11.113+0000 INFO  [o.n.k.i.DiagnosticsManager] sun.cpu.endian = little
2015-12-10 04:07:11.113+0000 INFO  [o.n.k.i.DiagnosticsManager] sun.desktop = windows
2015-12-10 04:07:11.113+0000 INFO  [o.n.k.i.DiagnosticsManager] sun.cpu.isalist = amd64
2015-12-10 04:07:11.113+0000 INFO  [o.n.k.i.DiagnosticsManager] Network information:
2015-12-10 04:07:11.127+0000 INFO  [o.n.k.i.DiagnosticsManager] Interface Software Loopback Interface 1:
2015-12-10 04:07:11.127+0000 INFO  [o.n.k.i.DiagnosticsManager]     address: 127.0.0.1
2015-12-10 04:07:11.127+0000 INFO  [o.n.k.i.DiagnosticsManager]     address: 0:0:0:0:0:0:0:1
2015-12-10 04:07:11.127+0000 INFO  [o.n.k.i.DiagnosticsManager] Interface Microsoft Kernel Debug Network Adapter:
2015-12-10 04:07:11.127+0000 INFO  [o.n.k.i.DiagnosticsManager] Interface Intel(R) 82578DM Gigabit Network Connection:
2015-12-10 04:07:11.127+0000 INFO  [o.n.k.i.DiagnosticsManager]     address: 10.24.47.166
2015-12-10 04:07:11.127+0000 INFO  [o.n.k.i.DiagnosticsManager]     address: 2610:130:101:d00:4493:c16:efa9:8b55
2015-12-10 04:07:11.127+0000 INFO  [o.n.k.i.DiagnosticsManager]     address: 2610:130:101:d00:a502:b02c:1a2d:577b
2015-12-10 04:07:11.127+0000 INFO  [o.n.k.i.DiagnosticsManager]     address: fe80:0:0:0:4493:c16:efa9:8b55%3
2015-12-10 04:07:11.127+0000 INFO  [o.n.k.i.DiagnosticsManager] Interface Microsoft ISATAP Adapter:
2015-12-10 04:07:11.127+0000 INFO  [o.n.k.i.DiagnosticsManager]     address: fe80:0:0:0:0:5efe:c0a8:3801%4
2015-12-10 04:07:11.127+0000 INFO  [o.n.k.i.DiagnosticsManager] Interface Teredo Tunneling Pseudo-Interface:
2015-12-10 04:07:11.127+0000 INFO  [o.n.k.i.DiagnosticsManager] Interface Microsoft ISATAP Adapter #2:
2015-12-10 04:07:11.127+0000 INFO  [o.n.k.i.DiagnosticsManager]     address: fe80:0:0:0:0:5efe:a18:2fa6%6
2015-12-10 04:07:11.127+0000 INFO  [o.n.k.i.DiagnosticsManager] Interface VirtualBox Host-Only Ethernet Adapter:
2015-12-10 04:07:11.127+0000 INFO  [o.n.k.i.DiagnosticsManager]     address: 192.168.56.1
2015-12-10 04:07:11.127+0000 INFO  [o.n.k.i.DiagnosticsManager]     address: fe80:0:0:0:4133:2d33:29c2:6efa%7
2015-12-10 04:07:11.127+0000 INFO  [o.n.k.i.DiagnosticsManager] Interface Microsoft ISATAP Adapter #3:
2015-12-10 04:07:11.127+0000 INFO  [o.n.k.i.DiagnosticsManager] Interface VirtualBox Host-Only Ethernet Adapter-WFP Native MAC Layer LightWeight Filter-0000:
2015-12-10 04:07:11.127+0000 INFO  [o.n.k.i.DiagnosticsManager] Interface VirtualBox Host-Only Ethernet Adapter-VirtualBox NDIS Light-Weight Filter-0000:
2015-12-10 04:07:11.127+0000 INFO  [o.n.k.i.DiagnosticsManager] Interface VirtualBox Host-Only Ethernet Adapter-QoS Packet Scheduler-0000:
2015-12-10 04:07:11.127+0000 INFO  [o.n.k.i.DiagnosticsManager] Interface VirtualBox Host-Only Ethernet Adapter-WFP 802.3 MAC Layer LightWeight Filter-0000:
2015-12-10 04:07:11.127+0000 INFO  [o.n.k.i.DiagnosticsManager] Interface Intel(R) 82578DM Gigabit Network Connection-WFP Native MAC Layer LightWeight Filter-0000:
2015-12-10 04:07:11.127+0000 INFO  [o.n.k.i.DiagnosticsManager] Interface Intel(R) 82578DM Gigabit Network Connection-VirtualBox NDIS Light-Weight Filter-0000:
2015-12-10 04:07:11.127+0000 INFO  [o.n.k.i.DiagnosticsManager] Interface Intel(R) 82578DM Gigabit Network Connection-QoS Packet Scheduler-0000:
2015-12-10 04:07:11.127+0000 INFO  [o.n.k.i.DiagnosticsManager] Interface Intel(R) 82578DM Gigabit Network Connection-WFP 802.3 MAC Layer LightWeight Filter-0000:
2015-12-10 04:07:11.127+0000 INFO  [o.n.k.i.DiagnosticsManager] --- INITIALIZED diagnostics END ---
2015-12-10 04:07:13.856+0000 INFO  [o.n.k.a.i.i.LuceneLabelScanStore] No lucene scan store index found, this might just be first use. Preparing to rebuild.
2015-12-10 04:07:13.862+0000 INFO  [o.n.k.NeoStoreDataSource] Opened logical log [C:\561\4000\4000D0\neostore.transaction.db.0] version=0, lastTxId=1 (clean)
2015-12-10 04:07:13.866+0000 WARN  [o.n.k.i.s.MetaDataStore] Missing counts store, rebuilding it.
2015-12-10 04:07:13.936+0000 INFO  [o.n.k.a.i.i.LuceneLabelScanStore] Rebuilding lucene scan store, this may take a while
2015-12-10 04:07:13.939+0000 INFO  [o.n.k.a.i.i.LuceneLabelScanStore] Lucene scan store rebuilt (roughly -1 nodes)
2015-12-10 04:07:13.942+0000 INFO  [o.n.k.KernelHealth] Kernel health set to OK
2015-12-10 04:07:13.950+0000 INFO  [o.n.k.AvailabilityGuard] Fulfilling of requirement makes database available: Database available
2015-12-10 04:07:13.952+0000 INFO  [o.n.k.i.f.CommunityFacadeFactory] Database is now ready
2015-12-10 04:07:13.955+0000 INFO  [o.n.k.i.DiagnosticsManager] --- STARTED diagnostics for KernelDiagnostics:Versions START ---
2015-12-10 04:07:13.959+0000 INFO  [o.n.k.i.DiagnosticsManager] Graph Database: Community StoreId{creationTime=1449720433754, randomId=-5950405942413506351, storeVersion=15250506225055238, upgradeTime=1449720433754, upgradeId=1}
2015-12-10 04:07:13.961+0000 INFO  [o.n.k.i.DiagnosticsManager] Kernel version: 2.3.1
2015-12-10 04:07:13.964+0000 INFO  [o.n.k.i.DiagnosticsManager] --- STARTED diagnostics for KernelDiagnostics:Versions END ---
2015-12-10 04:07:13.967+0000 INFO  [o.n.k.i.DiagnosticsManager] --- STARTED diagnostics for NEO_STORE_VERSIONS START ---
2015-12-10 04:07:13.969+0000 INFO  [o.n.k.i.DiagnosticsManager] Store versions:
2015-12-10 04:07:13.972+0000 INFO  [o.n.k.i.DiagnosticsManager] Store versions:
2015-12-10 04:07:13.974+0000 INFO  [o.n.k.i.DiagnosticsManager] ArrayPropertyStore v0.A.6
2015-12-10 04:07:13.977+0000 INFO  [o.n.k.i.DiagnosticsManager] NodeStore v0.A.6
2015-12-10 04:07:13.979+0000 INFO  [o.n.k.i.DiagnosticsManager] StringPropertyStore v0.A.6
2015-12-10 04:07:13.982+0000 INFO  [o.n.k.i.DiagnosticsManager] PropertyIndexStore v0.A.6
2015-12-10 04:07:13.984+0000 INFO  [o.n.k.i.DiagnosticsManager] StringPropertyStore v0.A.6
2015-12-10 04:07:13.987+0000 INFO  [o.n.k.i.DiagnosticsManager] ArrayPropertyStore v0.A.6
2015-12-10 04:07:13.990+0000 INFO  [o.n.k.i.DiagnosticsManager] PropertyStore v0.A.6
2015-12-10 04:07:13.992+0000 INFO  [o.n.k.i.DiagnosticsManager] RelationshipStore v0.A.6
2015-12-10 04:07:13.995+0000 INFO  [o.n.k.i.DiagnosticsManager] StringPropertyStore v0.A.6
2015-12-10 04:07:13.997+0000 INFO  [o.n.k.i.DiagnosticsManager] RelationshipTypeStore v0.A.6
2015-12-10 04:07:14.000+0000 INFO  [o.n.k.i.DiagnosticsManager] StringPropertyStore v0.A.6
2015-12-10 04:07:14.003+0000 INFO  [o.n.k.i.DiagnosticsManager] LabelTokenStore v0.A.6
2015-12-10 04:07:14.005+0000 INFO  [o.n.k.i.DiagnosticsManager] SchemaStore v0.A.6
2015-12-10 04:07:14.008+0000 INFO  [o.n.k.i.DiagnosticsManager] RelationshipGroupStore v0.A.6
2015-12-10 04:07:14.010+0000 INFO  [o.n.k.i.DiagnosticsManager] NeoStore v0.A.6
2015-12-10 04:07:14.013+0000 INFO  [o.n.k.i.DiagnosticsManager] --- STARTED diagnostics for NEO_STORE_VERSIONS END ---
2015-12-10 04:07:14.016+0000 INFO  [o.n.k.i.DiagnosticsManager] --- STARTED diagnostics for NEO_STORE_ID_USAGE START ---
2015-12-10 04:07:14.018+0000 INFO  [o.n.k.i.DiagnosticsManager] Id usage:
2015-12-10 04:07:14.021+0000 INFO  [o.n.k.i.DiagnosticsManager] Id usage:
2015-12-10 04:07:14.023+0000 INFO  [o.n.k.i.DiagnosticsManager]   ArrayPropertyStore v0.A.6: used=1 high=0
2015-12-10 04:07:14.026+0000 INFO  [o.n.k.i.DiagnosticsManager]   NodeStore v0.A.6: used=0 high=-1
2015-12-10 04:07:14.029+0000 INFO  [o.n.k.i.DiagnosticsManager]   StringPropertyStore v0.A.6: used=1 high=0
2015-12-10 04:07:14.031+0000 INFO  [o.n.k.i.DiagnosticsManager]   PropertyIndexStore v0.A.6: used=0 high=-1
2015-12-10 04:07:14.034+0000 INFO  [o.n.k.i.DiagnosticsManager]   StringPropertyStore v0.A.6: used=1 high=0
2015-12-10 04:07:14.036+0000 INFO  [o.n.k.i.DiagnosticsManager]   ArrayPropertyStore v0.A.6: used=1 high=0
2015-12-10 04:07:14.039+0000 INFO  [o.n.k.i.DiagnosticsManager]   PropertyStore v0.A.6: used=0 high=-1
2015-12-10 04:07:14.041+0000 INFO  [o.n.k.i.DiagnosticsManager]   RelationshipStore v0.A.6: used=0 high=-1
2015-12-10 04:07:14.043+0000 INFO  [o.n.k.i.DiagnosticsManager]   StringPropertyStore v0.A.6: used=1 high=0
2015-12-10 04:07:14.046+0000 INFO  [o.n.k.i.DiagnosticsManager]   RelationshipTypeStore v0.A.6: used=0 high=-1
2015-12-10 04:07:14.049+0000 INFO  [o.n.k.i.DiagnosticsManager]   StringPropertyStore v0.A.6: used=1 high=0
2015-12-10 04:07:14.051+0000 INFO  [o.n.k.i.DiagnosticsManager]   LabelTokenStore v0.A.6: used=0 high=-1
2015-12-10 04:07:14.054+0000 INFO  [o.n.k.i.DiagnosticsManager]   SchemaStore v0.A.6: used=1 high=0
2015-12-10 04:07:14.056+0000 INFO  [o.n.k.i.DiagnosticsManager]   RelationshipGroupStore v0.A.6: used=1 high=0
2015-12-10 04:07:14.058+0000 INFO  [o.n.k.i.DiagnosticsManager]   NeoStore v0.A.6: used=13 high=12
2015-12-10 04:07:14.061+0000 INFO  [o.n.k.i.DiagnosticsManager] --- STARTED diagnostics for NEO_STORE_ID_USAGE END ---
2015-12-10 04:07:14.063+0000 INFO  [o.n.k.i.DiagnosticsManager] --- STARTED diagnostics for NEO_STORE_RECORDS START ---
2015-12-10 04:07:14.066+0000 INFO  [o.n.k.i.DiagnosticsManager] Neostore records:
2015-12-10 04:07:14.069+0000 INFO  [o.n.k.i.DiagnosticsManager] TIME (Creation time): 1449720433754
2015-12-10 04:07:14.071+0000 INFO  [o.n.k.i.DiagnosticsManager] RANDOM_NUMBER (Random number for store id): -5950405942413506351
2015-12-10 04:07:14.074+0000 INFO  [o.n.k.i.DiagnosticsManager] LOG_VERSION (Current log version): 0
2015-12-10 04:07:14.076+0000 INFO  [o.n.k.i.DiagnosticsManager] LAST_TRANSACTION_ID (Last committed transaction): 1
2015-12-10 04:07:14.079+0000 INFO  [o.n.k.i.DiagnosticsManager] STORE_VERSION (Store format version): 15250506225055238
2015-12-10 04:07:14.081+0000 INFO  [o.n.k.i.DiagnosticsManager] FIRST_GRAPH_PROPERTY (First property record containing graph properties): -1
2015-12-10 04:07:14.084+0000 INFO  [o.n.k.i.DiagnosticsManager] LAST_CONSTRAINT_TRANSACTION (Last committed transaction containing constraint changes): 0
2015-12-10 04:07:14.086+0000 INFO  [o.n.k.i.DiagnosticsManager] UPGRADE_TRANSACTION_ID (Transaction id most recent upgrade was performed at): 1
2015-12-10 04:07:14.089+0000 INFO  [o.n.k.i.DiagnosticsManager] UPGRADE_TIME (Time of last upgrade): 1449720433754
2015-12-10 04:07:14.091+0000 INFO  [o.n.k.i.DiagnosticsManager] LAST_TRANSACTION_CHECKSUM (Checksum of last committed transaction): 0
2015-12-10 04:07:14.094+0000 INFO  [o.n.k.i.DiagnosticsManager] UPGRADE_TRANSACTION_CHECKSUM (Checksum of transaction id the most recent upgrade was performed at): 0
2015-12-10 04:07:14.096+0000 INFO  [o.n.k.i.DiagnosticsManager] LAST_CLOSED_TRANSACTION_LOG_VERSION (Log version where the last transaction commit entry has been written into): 0
2015-12-10 04:07:14.099+0000 INFO  [o.n.k.i.DiagnosticsManager] LAST_CLOSED_TRANSACTION_LOG_BYTE_OFFSET (Byte offset in the log file where the last transaction commit entry has been written into): 16
2015-12-10 04:07:14.101+0000 INFO  [o.n.k.i.DiagnosticsManager] --- STARTED diagnostics for NEO_STORE_RECORDS END ---
2015-12-10 04:07:14.104+0000 INFO  [o.n.k.i.DiagnosticsManager] --- STARTED diagnostics for TRANSACTION_RANGE START ---
2015-12-10 04:07:14.106+0000 INFO  [o.n.k.i.DiagnosticsManager] Transaction log:
2015-12-10 04:07:14.110+0000 INFO  [o.n.k.i.DiagnosticsManager] No transactions found in any log
2015-12-10 04:07:14.113+0000 INFO  [o.n.k.i.DiagnosticsManager] --- STARTED diagnostics for TRANSACTION_RANGE END ---
2015-12-10 04:07:14.115+0000 INFO  [o.n.k.i.DiagnosticsManager] --- STARTED diagnostics for KernelDiagnostics:StoreFiles START ---
2015-12-10 04:07:14.119+0000 INFO  [o.n.k.i.DiagnosticsManager] Disk space on partition (Total / Free / Free %): 499738734592 / 397740060672 / 79
Storage files: (filename : modification date - size)
2015-12-10 04:07:14.122+0000 INFO  [o.n.k.i.DiagnosticsManager]   dbms:
2015-12-10 04:07:14.125+0000 INFO  [o.n.k.i.DiagnosticsManager]     ssl:
2015-12-10 04:07:14.128+0000 INFO  [o.n.k.i.DiagnosticsManager]       snakeoil.cert: 2015-12-09T22:07:11-0600 - 630.00 B
2015-12-10 04:07:14.131+0000 INFO  [o.n.k.i.DiagnosticsManager]       snakeoil.key: 2015-12-09T22:07:11-0600 - 914.00 B
2015-12-10 04:07:14.133+0000 INFO  [o.n.k.i.DiagnosticsManager]     - Total: 2015-12-09T22:07:11-0600 - 1.51 kB
2015-12-10 04:07:14.136+0000 INFO  [o.n.k.i.DiagnosticsManager]   - Total: 2015-12-09T22:07:11-0600 - 1.51 kB
2015-12-10 04:07:14.139+0000 INFO  [o.n.k.i.DiagnosticsManager]   index:
2015-12-10 04:07:14.142+0000 INFO  [o.n.k.i.DiagnosticsManager]   - Total: 2015-12-09T22:07:13-0600 - 0.00 B
2015-12-10 04:07:14.146+0000 INFO  [o.n.k.i.DiagnosticsManager]   messages.log: 2015-12-09T22:07:11-0600 - 26.40 kB
2015-12-10 04:07:14.149+0000 INFO  [o.n.k.i.DiagnosticsManager]   neo4j.properties: 2015-12-09T22:07:10-0600 - 1.30 kB
2015-12-10 04:07:14.152+0000 INFO  [o.n.k.i.DiagnosticsManager]   neostore: 2015-12-09T22:07:13-0600 - 8.00 kB
2015-12-10 04:07:14.154+0000 INFO  [o.n.k.i.DiagnosticsManager]   neostore.counts.db.a: 2015-12-09T22:07:13-0600 - 96.00 B
2015-12-10 04:07:14.157+0000 INFO  [o.n.k.i.DiagnosticsManager]   neostore.id: 2015-12-09T22:07:13-0600 - 9.00 B
2015-12-10 04:07:14.160+0000 INFO  [o.n.k.i.DiagnosticsManager]   neostore.labeltokenstore.db: 2015-12-09T22:07:13-0600 - 0.00 B
2015-12-10 04:07:14.163+0000 INFO  [o.n.k.i.DiagnosticsManager]   neostore.labeltokenstore.db.id: 2015-12-09T22:07:13-0600 - 9.00 B
2015-12-10 04:07:14.166+0000 INFO  [o.n.k.i.DiagnosticsManager]   neostore.labeltokenstore.db.names: 2015-12-09T22:07:12-0600 - 8.00 kB
2015-12-10 04:07:14.169+0000 INFO  [o.n.k.i.DiagnosticsManager]   neostore.labeltokenstore.db.names.id: 2015-12-09T22:07:12-0600 - 9.00 B
2015-12-10 04:07:14.172+0000 INFO  [o.n.k.i.DiagnosticsManager]   neostore.nodestore.db: 2015-12-09T22:07:11-0600 - 0.00 B
2015-12-10 04:07:14.175+0000 INFO  [o.n.k.i.DiagnosticsManager]   neostore.nodestore.db.id: 2015-12-09T22:07:11-0600 - 9.00 B
2015-12-10 04:07:14.177+0000 INFO  [o.n.k.i.DiagnosticsManager]   neostore.nodestore.db.labels: 2015-12-09T22:07:11-0600 - 8.00 kB
2015-12-10 04:07:14.181+0000 INFO  [o.n.k.i.DiagnosticsManager]   neostore.nodestore.db.labels.id: 2015-12-09T22:07:11-0600 - 9.00 B
2015-12-10 04:07:14.183+0000 INFO  [o.n.k.i.DiagnosticsManager]   neostore.propertystore.db: 2015-12-09T22:07:12-0600 - 0.00 B
2015-12-10 04:07:14.186+0000 INFO  [o.n.k.i.DiagnosticsManager]   neostore.propertystore.db.arrays: 2015-12-09T22:07:12-0600 - 8.00 kB
2015-12-10 04:07:14.188+0000 INFO  [o.n.k.i.DiagnosticsManager]   neostore.propertystore.db.arrays.id: 2015-12-09T22:07:12-0600 - 9.00 B
2015-12-10 04:07:14.191+0000 INFO  [o.n.k.i.DiagnosticsManager]   neostore.propertystore.db.id: 2015-12-09T22:07:12-0600 - 9.00 B
2015-12-10 04:07:14.193+0000 INFO  [o.n.k.i.DiagnosticsManager]   neostore.propertystore.db.index: 2015-12-09T22:07:11-0600 - 0.00 B
2015-12-10 04:07:14.196+0000 INFO  [o.n.k.i.DiagnosticsManager]   neostore.propertystore.db.index.id: 2015-12-09T22:07:11-0600 - 9.00 B
2015-12-10 04:07:14.198+0000 INFO  [o.n.k.i.DiagnosticsManager]   neostore.propertystore.db.index.keys: 2015-12-09T22:07:11-0600 - 8.00 kB
2015-12-10 04:07:14.201+0000 INFO  [o.n.k.i.DiagnosticsManager]   neostore.propertystore.db.index.keys.id: 2015-12-09T22:07:11-0600 - 9.00 B
2015-12-10 04:07:14.203+0000 INFO  [o.n.k.i.DiagnosticsManager]   neostore.propertystore.db.strings: 2015-12-09T22:07:11-0600 - 8.00 kB
2015-12-10 04:07:14.206+0000 INFO  [o.n.k.i.DiagnosticsManager]   neostore.propertystore.db.strings.id: 2015-12-09T22:07:12-0600 - 9.00 B
2015-12-10 04:07:14.208+0000 INFO  [o.n.k.i.DiagnosticsManager]   neostore.relationshipgroupstore.db: 2015-12-09T22:07:13-0600 - 8.00 kB
2015-12-10 04:07:14.211+0000 INFO  [o.n.k.i.DiagnosticsManager]   neostore.relationshipgroupstore.db.id: 2015-12-09T22:07:13-0600 - 9.00 B
2015-12-10 04:07:14.214+0000 INFO  [o.n.k.i.DiagnosticsManager]   neostore.relationshipstore.db: 2015-12-09T22:07:12-0600 - 0.00 B
2015-12-10 04:07:14.216+0000 INFO  [o.n.k.i.DiagnosticsManager]   neostore.relationshipstore.db.id: 2015-12-09T22:07:12-0600 - 9.00 B
2015-12-10 04:07:14.219+0000 INFO  [o.n.k.i.DiagnosticsManager]   neostore.relationshiptypestore.db: 2015-12-09T22:07:12-0600 - 0.00 B
2015-12-10 04:07:14.222+0000 INFO  [o.n.k.i.DiagnosticsManager]   neostore.relationshiptypestore.db.id: 2015-12-09T22:07:12-0600 - 9.00 B
2015-12-10 04:07:14.225+0000 INFO  [o.n.k.i.DiagnosticsManager]   neostore.relationshiptypestore.db.names: 2015-12-09T22:07:12-0600 - 8.00 kB
2015-12-10 04:07:14.228+0000 INFO  [o.n.k.i.DiagnosticsManager]   neostore.relationshiptypestore.db.names.id: 2015-12-09T22:07:12-0600 - 9.00 B
2015-12-10 04:07:14.231+0000 INFO  [o.n.k.i.DiagnosticsManager]   neostore.schemastore.db: 2015-12-09T22:07:13-0600 - 8.00 kB
2015-12-10 04:07:14.233+0000 INFO  [o.n.k.i.DiagnosticsManager]   neostore.schemastore.db.id: 2015-12-09T22:07:13-0600 - 9.00 B
2015-12-10 04:07:14.236+0000 INFO  [o.n.k.i.DiagnosticsManager]   neostore.transaction.db.0: 2015-12-09T22:07:13-0600 - 16.00 B
2015-12-10 04:07:14.239+0000 INFO  [o.n.k.i.DiagnosticsManager]   schema:
2015-12-10 04:07:14.241+0000 INFO  [o.n.k.i.DiagnosticsManager]     label:
2015-12-10 04:07:14.244+0000 INFO  [o.n.k.i.DiagnosticsManager]       lucene:
2015-12-10 04:07:14.246+0000 INFO  [o.n.k.i.DiagnosticsManager]         write.lock: 2015-12-09T22:07:13-0600 - 0.00 B
2015-12-10 04:07:14.249+0000 INFO  [o.n.k.i.DiagnosticsManager]       - Total: 2015-12-09T22:07:13-0600 - 0.00 B
2015-12-10 04:07:14.252+0000 INFO  [o.n.k.i.DiagnosticsManager]     - Total: 2015-12-09T22:07:13-0600 - 0.00 B
2015-12-10 04:07:14.254+0000 INFO  [o.n.k.i.DiagnosticsManager]   - Total: 2015-12-09T22:07:13-0600 - 0.00 B
2015-12-10 04:07:14.257+0000 INFO  [o.n.k.i.DiagnosticsManager]   store_lock: 2015-12-09T22:07:11-0600 - 0.00 B
2015-12-10 04:07:14.259+0000 INFO  [o.n.k.i.DiagnosticsManager] --- STARTED diagnostics for KernelDiagnostics:StoreFiles END ---
2015-12-10 04:07:14.271+0000 INFO  [o.n.k.i.DiagnosticsManager] --- SERVER STARTED START ---
2015-12-10 04:07:14.685+0000 WARN  [o.n.k.i.c.MonitorGc] GC Monitor: Application threads blocked for 336ms.
2015-12-10 04:07:15.337+0000 INFO  [o.n.k.i.DiagnosticsManager] --- SERVER STARTED END ---
2015-12-10 04:12:13.967+0000 INFO  [o.n.k.i.t.l.c.CheckPointerImpl] Check Pointing triggered by scheduler for time threshold [4006]:  Starting check pointing...
2015-12-10 04:12:13.974+0000 INFO  [o.n.k.i.t.l.c.CheckPointerImpl] Check Pointing triggered by scheduler for time threshold [4006]:  Starting store flush...
2015-12-10 04:12:14.132+0000 INFO  [o.n.k.i.s.c.CountsTracker] About to rotate counts store at transaction 4006 to [C:\561\4000\4000D0\neostore.counts.db.b], from [C:\561\4000\4000D0\neostore.counts.db.a].
2015-12-10 04:12:14.146+0000 INFO  [o.n.k.i.s.c.CountsTracker] Successfully rotated counts store at transaction 4006 to [C:\561\4000\4000D0\neostore.counts.db.b], from [C:\561\4000\4000D0\neostore.counts.db.a].
2015-12-10 04:12:14.360+0000 INFO  [o.n.k.i.t.l.c.CheckPointerImpl] Check Pointing triggered by scheduler for time threshold [4006]:  Store flush completed
2015-12-10 04:12:14.366+0000 INFO  [o.n.k.i.t.l.c.CheckPointerImpl] Check Pointing triggered by scheduler for time threshold [4006]:  Starting appending check point entry into the tx log...
2015-12-10 04:12:14.395+0000 INFO  [o.n.k.i.t.l.c.CheckPointerImpl] Check Pointing triggered by scheduler for time threshold [4006]:  Appending check point entry into the tx log completed
2015-12-10 04:12:14.401+0000 INFO  [o.n.k.i.t.l.c.CheckPointerImpl] Check Pointing triggered by scheduler for time threshold [4006]:  Check pointing completed
2015-12-10 04:12:14.408+0000 INFO  [o.n.k.i.t.l.p.LogPruningImpl] Log Rotation [0]:  Starting log pruning.
2015-12-10 04:12:14.414+0000 INFO  [o.n.k.i.t.l.p.LogPruningImpl] Log Rotation [0]:  Log pruning complete.
2015-12-10 04:12:34.783+0000 INFO  [o.n.k.i.f.GraphDatabaseFacade] Shutdown started
2015-12-10 04:12:34.786+0000 INFO  [o.n.k.i.f.CommunityFacadeFactory] Database is now unavailable
2015-12-10 04:12:34.875+0000 INFO  [o.n.k.i.t.l.c.CheckPointerImpl] Check Pointing triggered by database shutdown [4006]:  Starting check pointing...
2015-12-10 04:12:34.882+0000 INFO  [o.n.k.i.t.l.c.CheckPointerImpl] Check Pointing triggered by database shutdown [4006]:  Starting store flush...
2015-12-10 04:12:34.908+0000 INFO  [o.n.k.i.t.l.c.CheckPointerImpl] Check Pointing triggered by database shutdown [4006]:  Store flush completed
2015-12-10 04:12:34.914+0000 INFO  [o.n.k.i.t.l.c.CheckPointerImpl] Check Pointing triggered by database shutdown [4006]:  Starting appending check point entry into the tx log...
2015-12-10 04:12:34.938+0000 INFO  [o.n.k.i.t.l.c.CheckPointerImpl] Check Pointing triggered by database shutdown [4006]:  Appending check point entry into the tx log completed
2015-12-10 04:12:34.945+0000 INFO  [o.n.k.i.t.l.c.CheckPointerImpl] Check Pointing triggered by database shutdown [4006]:  Check pointing completed
2015-12-10 04:12:34.951+0000 INFO  [o.n.k.i.t.l.p.LogPruningImpl] Log Rotation [0]:  Starting log pruning.
2015-12-10 04:12:34.958+0000 INFO  [o.n.k.i.t.l.p.LogPruningImpl] Log Rotation [0]:  Log pruning complete.
2015-12-10 04:12:36.215+0000 INFO  [o.n.k.NeoStoreDataSource] NeoStores closed
2015-12-10 04:12:36.221+0000 INFO  [o.n.k.i.DiagnosticsManager] --- STOPPING diagnostics START ---
2015-12-10 04:12:36.221+0000 INFO  [o.n.k.i.DiagnosticsManager] --- STOPPING diagnostics END ---
2015-12-11 03:10:32.981+0000 INFO  [o.n.k.i.f.CommunityFacadeFactory] No locking implementation specified, defaulting to 'community'
2015-12-11 03:10:33.011+0000 INFO  [o.n.k.AvailabilityGuard] Requirement makes database unavailable: Database available
2015-12-11 03:10:33.014+0000 INFO  [o.n.k.i.DiagnosticsManager] --- INITIALIZED diagnostics START ---
2015-12-11 03:10:33.014+0000 INFO  [o.n.k.i.DiagnosticsManager] Neo4j Kernel properties:
2015-12-11 03:10:33.014+0000 INFO  [o.n.k.i.DiagnosticsManager] org.neo4j.server.db.tuning.properties=C:\561\4000\4000D0\neo4j.properties
2015-12-11 03:10:33.014+0000 INFO  [o.n.k.i.DiagnosticsManager] org.neo4j.server.database.location=C:\561\4000\4000D0
2015-12-11 03:10:33.014+0000 INFO  [o.n.k.i.DiagnosticsManager] dbms.querylog.filename=data/log/queries.log
2015-12-11 03:10:33.014+0000 INFO  [o.n.k.i.DiagnosticsManager] dbms.security.auth_store.location=C:\561\4000\4000D0\.\dbms\auth
2015-12-11 03:10:33.014+0000 INFO  [o.n.k.i.DiagnosticsManager] dbms.security.tls_certificate_file=C:\561\4000\4000D0\.\dbms\ssl\snakeoil.cert
2015-12-11 03:10:33.014+0000 INFO  [o.n.k.i.DiagnosticsManager] remote_shell_enabled=true
2015-12-11 03:10:33.014+0000 INFO  [o.n.k.i.DiagnosticsManager] edition=Community
2015-12-11 03:10:33.014+0000 INFO  [o.n.k.i.DiagnosticsManager] dbms.security.tls_key_file=C:\561\4000\4000D0\.\dbms\ssl\snakeoil.key
2015-12-11 03:10:33.014+0000 INFO  [o.n.k.i.DiagnosticsManager] Diagnostics providers:
2015-12-11 03:10:33.014+0000 INFO  [o.n.k.i.DiagnosticsManager] org.neo4j.kernel.configuration.Config
2015-12-11 03:10:33.014+0000 INFO  [o.n.k.i.DiagnosticsManager] org.neo4j.kernel.info.DiagnosticsManager
2015-12-11 03:10:33.014+0000 INFO  [o.n.k.i.DiagnosticsManager] SYSTEM_MEMORY
2015-12-11 03:10:33.014+0000 INFO  [o.n.k.i.DiagnosticsManager] JAVA_MEMORY
2015-12-11 03:10:33.014+0000 INFO  [o.n.k.i.DiagnosticsManager] OPERATING_SYSTEM
2015-12-11 03:10:33.014+0000 INFO  [o.n.k.i.DiagnosticsManager] JAVA_VIRTUAL_MACHINE
2015-12-11 03:10:33.014+0000 INFO  [o.n.k.i.DiagnosticsManager] CLASSPATH
2015-12-11 03:10:33.014+0000 INFO  [o.n.k.i.DiagnosticsManager] LIBRARY_PATH
2015-12-11 03:10:33.014+0000 INFO  [o.n.k.i.DiagnosticsManager] SYSTEM_PROPERTIES
2015-12-11 03:10:33.014+0000 INFO  [o.n.k.i.DiagnosticsManager] NETWORK
2015-12-11 03:10:33.014+0000 INFO  [o.n.k.i.DiagnosticsManager] System memory information:
2015-12-11 03:10:33.014+0000 INFO  [o.n.k.i.DiagnosticsManager] Total Physical memory: 3.93 GB
2015-12-11 03:10:33.014+0000 INFO  [o.n.k.i.DiagnosticsManager] Free Physical memory: 1.96 GB
2015-12-11 03:10:33.014+0000 INFO  [o.n.k.i.DiagnosticsManager] Committed virtual memory: 378.05 MB
2015-12-11 03:10:33.014+0000 INFO  [o.n.k.i.DiagnosticsManager] Total swap space: 5.66 GB
2015-12-11 03:10:33.014+0000 INFO  [o.n.k.i.DiagnosticsManager] Free swap space: 1.82 GB
2015-12-11 03:10:33.014+0000 INFO  [o.n.k.i.DiagnosticsManager] JVM memory information:
2015-12-11 03:10:33.014+0000 INFO  [o.n.k.i.DiagnosticsManager] Free  memory: 9.38 MB
2015-12-11 03:10:33.014+0000 INFO  [o.n.k.i.DiagnosticsManager] Total memory: 80.50 MB
2015-12-11 03:10:33.014+0000 INFO  [o.n.k.i.DiagnosticsManager] Max   memory: 894.50 MB
2015-12-11 03:10:33.014+0000 INFO  [o.n.k.i.DiagnosticsManager] Garbage Collector: PS Scavenge: [PS Eden Space, PS Survivor Space]
2015-12-11 03:10:33.014+0000 INFO  [o.n.k.i.DiagnosticsManager] Garbage Collector: PS MarkSweep: [PS Eden Space, PS Survivor Space, PS Old Gen, PS Perm Gen]
2015-12-11 03:10:33.015+0000 INFO  [o.n.k.i.DiagnosticsManager] Memory Pool: Code Cache (Non-heap memory): committed=13.31 MB, used=12.35 MB, max=48.00 MB, threshold=0.00 B
2015-12-11 03:10:33.015+0000 INFO  [o.n.k.i.DiagnosticsManager] Memory Pool: PS Eden Space (Heap memory): committed=20.00 MB, used=18.94 MB, max=334.00 MB, threshold=?
2015-12-11 03:10:33.015+0000 INFO  [o.n.k.i.DiagnosticsManager] Memory Pool: PS Survivor Space (Heap memory): committed=512.00 kB, used=416.00 kB, max=512.00 kB, threshold=?
2015-12-11 03:10:33.015+0000 INFO  [o.n.k.i.DiagnosticsManager] Memory Pool: PS Old Gen (Heap memory): committed=60.00 MB, used=51.79 MB, max=670.50 MB, threshold=0.00 B
2015-12-11 03:10:33.015+0000 INFO  [o.n.k.i.DiagnosticsManager] Memory Pool: PS Perm Gen (Non-heap memory): committed=69.00 MB, used=68.70 MB, max=82.00 MB, threshold=0.00 B
2015-12-11 03:10:33.015+0000 INFO  [o.n.k.i.DiagnosticsManager] Operating system information:
2015-12-11 03:10:33.015+0000 INFO  [o.n.k.i.DiagnosticsManager] Operating System: Windows 8.1; version: 6.3; arch: amd64; cpus: 8
2015-12-11 03:10:33.016+0000 INFO  [o.n.k.i.DiagnosticsManager] Process id: 3784@ATAN-B03-02
2015-12-11 03:10:33.016+0000 INFO  [o.n.k.i.DiagnosticsManager] Byte order: LITTLE_ENDIAN
2015-12-11 03:10:33.016+0000 INFO  [o.n.k.i.DiagnosticsManager] Local timezone: America/Chicago
2015-12-11 03:10:33.016+0000 INFO  [o.n.k.i.DiagnosticsManager] JVM information:
2015-12-11 03:10:33.016+0000 INFO  [o.n.k.i.DiagnosticsManager] VM Name: Java HotSpot(TM) 64-Bit Server VM
2015-12-11 03:10:33.016+0000 INFO  [o.n.k.i.DiagnosticsManager] VM Vendor: Oracle Corporation
2015-12-11 03:10:33.016+0000 INFO  [o.n.k.i.DiagnosticsManager] VM Version: 24.80-b11
2015-12-11 03:10:33.016+0000 INFO  [o.n.k.i.DiagnosticsManager] JIT compiler: HotSpot 64-Bit Tiered Compilers
2015-12-11 03:10:33.016+0000 INFO  [o.n.k.i.DiagnosticsManager] VM Arguments: [-Dexe4j.semaphoreName=Local\c:_program_files_neo4j_ce_2.3.1_bin_neo4j-ce.exe, -Dexe4j.isInstall4j=true, -Dexe4j.moduleName=C:\Program Files\Neo4j CE 2.3.1\bin\neo4j-ce.exe, -Dexe4j.tempDir=, -Dexe4j.unextractedPosition=0, -Djava.library.path=C:\Program Files (x86)\AMD APP\bin\x86_64;C:\Program Files (x86)\AMD APP\bin\x86;C:\ProgramData\Oracle\Java\javapath;C:\Windows\system32;C:\Windows;C:\Windows\System32\Wbem;C:\Windows\System32\WindowsPowerShell\v1.0\;C:\Program Files (x86)\MiKTeX 2.9\miktex\bin\;C:\Program Files\TortoiseSVN\bin;C:\Windows\system32\config\systemprofile\.dnx\bin;C:\Program Files\Microsoft DNX\Dnvm\;C:\Program Files\MATLAB\R2015b\runtime\win64;C:\Program Files\MATLAB\R2015b\bin;C:\Program Files (x86)\ATI Technologies\ATI.ACE\Core-Static;c:\program files\neo4j ce 2.3.1\jre\bin, -Dexe4j.consoleCodepage=cp0, -Dinstall4j.launcherId=24, -Dinstall4j.swt=false]
2015-12-11 03:10:33.016+0000 INFO  [o.n.k.i.DiagnosticsManager] Java classpath:
2015-12-11 03:10:33.017+0000 INFO  [o.n.k.i.DiagnosticsManager]  [loader.1] file:/C:/Program%20Files/Neo4j%20CE%202.3.1/jre/lib/ext/dnsns.jar
2015-12-11 03:10:33.017+0000 INFO  [o.n.k.i.DiagnosticsManager]  [loader.0] file:/C:/Program%20Files/Neo4j%20CE%202.3.1/bin/
2015-12-11 03:10:33.017+0000 INFO  [o.n.k.i.DiagnosticsManager]  [bootstrap] C:\Program Files\Neo4j CE 2.3.1\jre\lib\resources.jar
2015-12-11 03:10:33.017+0000 INFO  [o.n.k.i.DiagnosticsManager]  [bootstrap] C:\Program Files\Neo4j CE 2.3.1\jre\lib\jfr.jar
2015-12-11 03:10:33.017+0000 INFO  [o.n.k.i.DiagnosticsManager]  [classpath] C:\Program Files\Neo4j CE 2.3.1\.install4j\i4jruntime.jar
2015-12-11 03:10:33.017+0000 INFO  [o.n.k.i.DiagnosticsManager]  [loader.1] file:/C:/Program%20Files/Neo4j%20CE%202.3.1/jre/lib/ext/sunmscapi.jar
2015-12-11 03:10:33.017+0000 INFO  [o.n.k.i.DiagnosticsManager]  [bootstrap] C:\Program Files\Neo4j CE 2.3.1\jre\lib\jsse.jar
2015-12-11 03:10:33.017+0000 INFO  [o.n.k.i.DiagnosticsManager]  [loader.1] file:/C:/Program%20Files/Neo4j%20CE%202.3.1/jre/lib/ext/dns_sd.jar
2015-12-11 03:10:33.017+0000 INFO  [o.n.k.i.DiagnosticsManager]  [loader.0] file:/C:/Program%20Files/Neo4j%20CE%202.3.1/.install4j/i4jruntime.jar
2015-12-11 03:10:33.017+0000 INFO  [o.n.k.i.DiagnosticsManager]  [loader.0] file:/C:/Program%20Files/Neo4j%20CE%202.3.1/bin/neo4j-desktop-2.3.1.jar
2015-12-11 03:10:33.018+0000 INFO  [o.n.k.i.DiagnosticsManager]  [loader.1] file:/C:/Program%20Files/Neo4j%20CE%202.3.1/jre/lib/ext/access-bridge-64.jar
2015-12-11 03:10:33.018+0000 INFO  [o.n.k.i.DiagnosticsManager]  [loader.1] file:/C:/Program%20Files/Neo4j%20CE%202.3.1/jre/lib/ext/localedata.jar
2015-12-11 03:10:33.018+0000 INFO  [o.n.k.i.DiagnosticsManager]  [bootstrap] C:\Program Files\Neo4j CE 2.3.1\jre\lib\sunrsasign.jar
2015-12-11 03:10:33.018+0000 INFO  [o.n.k.i.DiagnosticsManager]  [bootstrap] C:\Program Files\Neo4j CE 2.3.1\jre\lib\jce.jar
2015-12-11 03:10:33.018+0000 INFO  [o.n.k.i.DiagnosticsManager]  [bootstrap] C:\Program Files\Neo4j CE 2.3.1\jre\lib\rt.jar
2015-12-11 03:10:33.018+0000 INFO  [o.n.k.i.DiagnosticsManager]  [bootstrap] C:\Program Files\Neo4j CE 2.3.1\jre\lib\charsets.jar
2015-12-11 03:10:33.018+0000 INFO  [o.n.k.i.DiagnosticsManager]  [loader.1] file:/C:/Program%20Files/Neo4j%20CE%202.3.1/jre/lib/ext/sunjce_provider.jar
2015-12-11 03:10:33.018+0000 INFO  [o.n.k.i.DiagnosticsManager]  [bootstrap] C:\Program Files\Neo4j CE 2.3.1\jre\classes
2015-12-11 03:10:33.018+0000 INFO  [o.n.k.i.DiagnosticsManager]  [loader.1] file:/C:/Program%20Files/Neo4j%20CE%202.3.1/jre/lib/ext/zipfs.jar
2015-12-11 03:10:33.018+0000 INFO  [o.n.k.i.DiagnosticsManager]  [loader.1] file:/C:/Program%20Files/Neo4j%20CE%202.3.1/jre/lib/ext/jaccess.jar
2015-12-11 03:10:33.018+0000 INFO  [o.n.k.i.DiagnosticsManager]  [loader.1] file:/C:/Program%20Files/Neo4j%20CE%202.3.1/jre/lib/ext/sunec.jar
2015-12-11 03:10:33.018+0000 INFO  [o.n.k.i.DiagnosticsManager]  [classpath] C:\Program Files\Neo4j CE 2.3.1\bin\neo4j-desktop-2.3.1.jar
2015-12-11 03:10:33.018+0000 INFO  [o.n.k.i.DiagnosticsManager] Library path:
2015-12-11 03:10:33.018+0000 INFO  [o.n.k.i.DiagnosticsManager] C:\Program Files (x86)\AMD APP\bin\x86_64
2015-12-11 03:10:33.018+0000 INFO  [o.n.k.i.DiagnosticsManager] C:\Program Files (x86)\AMD APP\bin\x86
2015-12-11 03:10:33.018+0000 INFO  [o.n.k.i.DiagnosticsManager] C:\ProgramData\Oracle\Java\javapath
2015-12-11 03:10:33.018+0000 INFO  [o.n.k.i.DiagnosticsManager] C:\Windows\System32
2015-12-11 03:10:33.018+0000 INFO  [o.n.k.i.DiagnosticsManager] C:\Windows
2015-12-11 03:10:33.019+0000 INFO  [o.n.k.i.DiagnosticsManager] C:\Windows\System32\wbem
2015-12-11 03:10:33.019+0000 INFO  [o.n.k.i.DiagnosticsManager] C:\Windows\System32\WindowsPowerShell\v1.0
2015-12-11 03:10:33.019+0000 INFO  [o.n.k.i.DiagnosticsManager] C:\Program Files (x86)\MiKTeX 2.9\miktex\bin
2015-12-11 03:10:33.019+0000 INFO  [o.n.k.i.DiagnosticsManager] C:\Program Files\TortoiseSVN\bin
2015-12-11 03:10:33.019+0000 INFO  [o.n.k.i.DiagnosticsManager] C:\Windows\System32\config\systemprofile\.dnx\bin
2015-12-11 03:10:33.020+0000 INFO  [o.n.k.i.DiagnosticsManager] C:\Program Files\Microsoft DNX\Dnvm
2015-12-11 03:10:33.020+0000 INFO  [o.n.k.i.DiagnosticsManager] C:\Program Files\MATLAB\R2015b\runtime\win64
2015-12-11 03:10:33.020+0000 INFO  [o.n.k.i.DiagnosticsManager] C:\Program Files\MATLAB\R2015b\bin
2015-12-11 03:10:33.020+0000 INFO  [o.n.k.i.DiagnosticsManager] C:\Program Files (x86)\ATI Technologies\ATI.ACE\Core-Static
2015-12-11 03:10:33.020+0000 INFO  [o.n.k.i.DiagnosticsManager] C:\Program Files\Neo4j CE 2.3.1\jre\bin
2015-12-11 03:10:33.020+0000 INFO  [o.n.k.i.DiagnosticsManager] System.properties:
2015-12-11 03:10:33.020+0000 INFO  [o.n.k.i.DiagnosticsManager] exe4j.moduleName = C:\Program Files\Neo4j CE 2.3.1\bin\neo4j-ce.exe
2015-12-11 03:10:33.020+0000 INFO  [o.n.k.i.DiagnosticsManager] exe4j.semaphoreName = Local\c:_program_files_neo4j_ce_2.3.1_bin_neo4j-ce.exe
2015-12-11 03:10:33.020+0000 INFO  [o.n.k.i.DiagnosticsManager] sun.boot.library.path = c:\program files\neo4j ce 2.3.1\jre\bin
2015-12-11 03:10:33.020+0000 INFO  [o.n.k.i.DiagnosticsManager] exe4j.consoleCodepage = cp0
2015-12-11 03:10:33.020+0000 INFO  [o.n.k.i.DiagnosticsManager] path.separator = ;
2015-12-11 03:10:33.020+0000 INFO  [o.n.k.i.DiagnosticsManager] file.encoding.pkg = sun.io
2015-12-11 03:10:33.020+0000 INFO  [o.n.k.i.DiagnosticsManager] user.country = US
2015-12-11 03:10:33.020+0000 INFO  [o.n.k.i.DiagnosticsManager] user.script = 
2015-12-11 03:10:33.020+0000 INFO  [o.n.k.i.DiagnosticsManager] sun.os.patch.level = 
2015-12-11 03:10:33.020+0000 INFO  [o.n.k.i.DiagnosticsManager] install4j.exeDir = C:\Program Files\Neo4j CE 2.3.1\bin\
2015-12-11 03:10:33.020+0000 INFO  [o.n.k.i.DiagnosticsManager] user.dir = C:\Program Files\Neo4j CE 2.3.1\bin
2015-12-11 03:10:33.020+0000 INFO  [o.n.k.i.DiagnosticsManager] neo4j.ext.udc.source = desktop
2015-12-11 03:10:33.021+0000 INFO  [o.n.k.i.DiagnosticsManager] user.variant = 
2015-12-11 03:10:33.021+0000 INFO  [o.n.k.i.DiagnosticsManager] exe4j.tempDir = 
2015-12-11 03:10:33.021+0000 INFO  [o.n.k.i.DiagnosticsManager] sun.jnu.encoding = Cp1252
2015-12-11 03:10:33.021+0000 INFO  [o.n.k.i.DiagnosticsManager] sun.awt.enableExtraMouseButtons = true
2015-12-11 03:10:33.021+0000 INFO  [o.n.k.i.DiagnosticsManager] install4j.launcherId = 24
2015-12-11 03:10:33.021+0000 INFO  [o.n.k.i.DiagnosticsManager] sun.management.compiler = HotSpot 64-Bit Tiered Compilers
2015-12-11 03:10:33.021+0000 INFO  [o.n.k.i.DiagnosticsManager] exe4j.isInstall4j = true
2015-12-11 03:10:33.021+0000 INFO  [o.n.k.i.DiagnosticsManager] install4j.swt = false
2015-12-11 03:10:33.021+0000 INFO  [o.n.k.i.DiagnosticsManager] user.home = C:\Users\cez
2015-12-11 03:10:33.021+0000 INFO  [o.n.k.i.DiagnosticsManager] user.timezone = America/Chicago
2015-12-11 03:10:33.021+0000 INFO  [o.n.k.i.DiagnosticsManager] file.encoding = Cp1252
2015-12-11 03:10:33.021+0000 INFO  [o.n.k.i.DiagnosticsManager] user.name = cez
2015-12-11 03:10:33.021+0000 INFO  [o.n.k.i.DiagnosticsManager] sun.java.command = C:\Program Files\Neo4j CE 2.3.1\bin\neo4j-ce.exe
2015-12-11 03:10:33.021+0000 INFO  [o.n.k.i.DiagnosticsManager] sun.arch.data.model = 64
2015-12-11 03:10:33.021+0000 INFO  [o.n.k.i.DiagnosticsManager] exe4j.launchName = C:\Program Files\Neo4j CE 2.3.1\bin\neo4j-ce.exe
2015-12-11 03:10:33.021+0000 INFO  [o.n.k.i.DiagnosticsManager] user.language = en
2015-12-11 03:10:33.021+0000 INFO  [o.n.k.i.DiagnosticsManager] awt.toolkit = sun.awt.windows.WToolkit
2015-12-11 03:10:33.021+0000 INFO  [o.n.k.i.DiagnosticsManager] exe4j.unextractedPosition = 0
2015-12-11 03:10:33.021+0000 INFO  [o.n.k.i.DiagnosticsManager] install4j.appDir = C:\Program Files\Neo4j CE 2.3.1\
2015-12-11 03:10:33.021+0000 INFO  [o.n.k.i.DiagnosticsManager] file.separator = \
2015-12-11 03:10:33.021+0000 INFO  [o.n.k.i.DiagnosticsManager] sun.io.unicode.encoding = UnicodeLittle
2015-12-11 03:10:33.021+0000 INFO  [o.n.k.i.DiagnosticsManager] sun.cpu.endian = little
2015-12-11 03:10:33.021+0000 INFO  [o.n.k.i.DiagnosticsManager] sun.desktop = windows
2015-12-11 03:10:33.021+0000 INFO  [o.n.k.i.DiagnosticsManager] sun.cpu.isalist = amd64
2015-12-11 03:10:33.021+0000 INFO  [o.n.k.i.DiagnosticsManager] Network information:
2015-12-11 03:10:33.034+0000 INFO  [o.n.k.i.DiagnosticsManager] Interface Software Loopback Interface 1:
2015-12-11 03:10:33.034+0000 INFO  [o.n.k.i.DiagnosticsManager]     address: 127.0.0.1
2015-12-11 03:10:33.034+0000 INFO  [o.n.k.i.DiagnosticsManager]     address: 0:0:0:0:0:0:0:1
2015-12-11 03:10:33.034+0000 INFO  [o.n.k.i.DiagnosticsManager] Interface Microsoft Kernel Debug Network Adapter:
2015-12-11 03:10:33.034+0000 INFO  [o.n.k.i.DiagnosticsManager] Interface Intel(R) 82578DM Gigabit Network Connection:
2015-12-11 03:10:33.034+0000 INFO  [o.n.k.i.DiagnosticsManager]     address: 10.24.47.166
2015-12-11 03:10:33.034+0000 INFO  [o.n.k.i.DiagnosticsManager]     address: 2610:130:101:d00:4493:c16:efa9:8b55
2015-12-11 03:10:33.034+0000 INFO  [o.n.k.i.DiagnosticsManager]     address: 2610:130:101:d00:920:e15d:79eb:345b
2015-12-11 03:10:33.034+0000 INFO  [o.n.k.i.DiagnosticsManager]     address: 2610:130:101:d00:a502:b02c:1a2d:577b
2015-12-11 03:10:33.034+0000 INFO  [o.n.k.i.DiagnosticsManager]     address: fe80:0:0:0:4493:c16:efa9:8b55%3
2015-12-11 03:10:33.034+0000 INFO  [o.n.k.i.DiagnosticsManager] Interface Microsoft ISATAP Adapter:
2015-12-11 03:10:33.034+0000 INFO  [o.n.k.i.DiagnosticsManager]     address: fe80:0:0:0:0:5efe:c0a8:3801%4
2015-12-11 03:10:33.034+0000 INFO  [o.n.k.i.DiagnosticsManager] Interface Teredo Tunneling Pseudo-Interface:
2015-12-11 03:10:33.034+0000 INFO  [o.n.k.i.DiagnosticsManager] Interface Microsoft ISATAP Adapter #2:
2015-12-11 03:10:33.034+0000 INFO  [o.n.k.i.DiagnosticsManager]     address: fe80:0:0:0:0:5efe:a18:2fa6%6
2015-12-11 03:10:33.034+0000 INFO  [o.n.k.i.DiagnosticsManager] Interface VirtualBox Host-Only Ethernet Adapter:
2015-12-11 03:10:33.034+0000 INFO  [o.n.k.i.DiagnosticsManager]     address: 192.168.56.1
2015-12-11 03:10:33.035+0000 INFO  [o.n.k.i.DiagnosticsManager]     address: fe80:0:0:0:4133:2d33:29c2:6efa%7
2015-12-11 03:10:33.035+0000 INFO  [o.n.k.i.DiagnosticsManager] Interface Microsoft ISATAP Adapter #3:
2015-12-11 03:10:33.035+0000 INFO  [o.n.k.i.DiagnosticsManager] Interface VirtualBox Host-Only Ethernet Adapter-WFP Native MAC Layer LightWeight Filter-0000:
2015-12-11 03:10:33.035+0000 INFO  [o.n.k.i.DiagnosticsManager] Interface VirtualBox Host-Only Ethernet Adapter-VirtualBox NDIS Light-Weight Filter-0000:
2015-12-11 03:10:33.035+0000 INFO  [o.n.k.i.DiagnosticsManager] Interface VirtualBox Host-Only Ethernet Adapter-QoS Packet Scheduler-0000:
2015-12-11 03:10:33.035+0000 INFO  [o.n.k.i.DiagnosticsManager] Interface VirtualBox Host-Only Ethernet Adapter-WFP 802.3 MAC Layer LightWeight Filter-0000:
2015-12-11 03:10:33.035+0000 INFO  [o.n.k.i.DiagnosticsManager] Interface Intel(R) 82578DM Gigabit Network Connection-WFP Native MAC Layer LightWeight Filter-0000:
2015-12-11 03:10:33.035+0000 INFO  [o.n.k.i.DiagnosticsManager] Interface Intel(R) 82578DM Gigabit Network Connection-VirtualBox NDIS Light-Weight Filter-0000:
2015-12-11 03:10:33.035+0000 INFO  [o.n.k.i.DiagnosticsManager] Interface Intel(R) 82578DM Gigabit Network Connection-QoS Packet Scheduler-0000:
2015-12-11 03:10:33.035+0000 INFO  [o.n.k.i.DiagnosticsManager] Interface Intel(R) 82578DM Gigabit Network Connection-WFP 802.3 MAC Layer LightWeight Filter-0000:
2015-12-11 03:10:33.035+0000 INFO  [o.n.k.i.DiagnosticsManager] --- INITIALIZED diagnostics END ---
2015-12-11 03:10:34.253+0000 INFO  [o.n.k.KernelHealth] Kernel health set to OK
2015-12-11 03:10:34.265+0000 INFO  [o.n.k.AvailabilityGuard] Fulfilling of requirement makes database available: Database available
2015-12-11 03:10:34.267+0000 INFO  [o.n.k.i.f.CommunityFacadeFactory] Database is now ready
2015-12-11 03:10:34.269+0000 INFO  [o.n.k.i.DiagnosticsManager] --- STARTED diagnostics for KernelDiagnostics:Versions START ---
2015-12-11 03:10:34.272+0000 INFO  [o.n.k.i.DiagnosticsManager] Graph Database: Community StoreId{creationTime=1449720433754, randomId=-5950405942413506351, storeVersion=15250506225055238, upgradeTime=1449720433754, upgradeId=1}
2015-12-11 03:10:34.274+0000 INFO  [o.n.k.i.DiagnosticsManager] Kernel version: 2.3.1
2015-12-11 03:10:34.276+0000 INFO  [o.n.k.i.DiagnosticsManager] --- STARTED diagnostics for KernelDiagnostics:Versions END ---
2015-12-11 03:10:34.279+0000 INFO  [o.n.k.i.DiagnosticsManager] --- STARTED diagnostics for NEO_STORE_VERSIONS START ---
2015-12-11 03:10:34.281+0000 INFO  [o.n.k.i.DiagnosticsManager] Store versions:
2015-12-11 03:10:34.283+0000 INFO  [o.n.k.i.DiagnosticsManager] Store versions:
2015-12-11 03:10:34.285+0000 INFO  [o.n.k.i.DiagnosticsManager] ArrayPropertyStore v0.A.6
2015-12-11 03:10:34.287+0000 INFO  [o.n.k.i.DiagnosticsManager] NodeStore v0.A.6
2015-12-11 03:10:34.290+0000 INFO  [o.n.k.i.DiagnosticsManager] StringPropertyStore v0.A.6
2015-12-11 03:10:34.292+0000 INFO  [o.n.k.i.DiagnosticsManager] PropertyIndexStore v0.A.6
2015-12-11 03:10:34.294+0000 INFO  [o.n.k.i.DiagnosticsManager] StringPropertyStore v0.A.6
2015-12-11 03:10:34.296+0000 INFO  [o.n.k.i.DiagnosticsManager] ArrayPropertyStore v0.A.6
2015-12-11 03:10:34.299+0000 INFO  [o.n.k.i.DiagnosticsManager] PropertyStore v0.A.6
2015-12-11 03:10:34.301+0000 INFO  [o.n.k.i.DiagnosticsManager] RelationshipStore v0.A.6
2015-12-11 03:10:34.303+0000 INFO  [o.n.k.i.DiagnosticsManager] StringPropertyStore v0.A.6
2015-12-11 03:10:34.306+0000 INFO  [o.n.k.i.DiagnosticsManager] RelationshipTypeStore v0.A.6
2015-12-11 03:10:34.308+0000 INFO  [o.n.k.i.DiagnosticsManager] StringPropertyStore v0.A.6
2015-12-11 03:10:34.311+0000 INFO  [o.n.k.i.DiagnosticsManager] LabelTokenStore v0.A.6
2015-12-11 03:10:34.313+0000 INFO  [o.n.k.i.DiagnosticsManager] SchemaStore v0.A.6
2015-12-11 03:10:34.315+0000 INFO  [o.n.k.i.DiagnosticsManager] RelationshipGroupStore v0.A.6
2015-12-11 03:10:34.317+0000 INFO  [o.n.k.i.DiagnosticsManager] NeoStore v0.A.6
2015-12-11 03:10:34.320+0000 INFO  [o.n.k.i.DiagnosticsManager] --- STARTED diagnostics for NEO_STORE_VERSIONS END ---
2015-12-11 03:10:34.322+0000 INFO  [o.n.k.i.DiagnosticsManager] --- STARTED diagnostics for NEO_STORE_ID_USAGE START ---
2015-12-11 03:10:34.324+0000 INFO  [o.n.k.i.DiagnosticsManager] Id usage:
2015-12-11 03:10:34.326+0000 INFO  [o.n.k.i.DiagnosticsManager] Id usage:
2015-12-11 03:10:34.329+0000 INFO  [o.n.k.i.DiagnosticsManager]   ArrayPropertyStore v0.A.6: used=1 high=0
2015-12-11 03:10:34.331+0000 INFO  [o.n.k.i.DiagnosticsManager]   NodeStore v0.A.6: used=4000 high=3999
2015-12-11 03:10:34.333+0000 INFO  [o.n.k.i.DiagnosticsManager]   StringPropertyStore v0.A.6: used=5 high=4
2015-12-11 03:10:34.336+0000 INFO  [o.n.k.i.DiagnosticsManager]   PropertyIndexStore v0.A.6: used=4 high=3
2015-12-11 03:10:34.338+0000 INFO  [o.n.k.i.DiagnosticsManager]   StringPropertyStore v0.A.6: used=1 high=0
2015-12-11 03:10:34.340+0000 INFO  [o.n.k.i.DiagnosticsManager]   ArrayPropertyStore v0.A.6: used=1 high=0
2015-12-11 03:10:34.343+0000 INFO  [o.n.k.i.DiagnosticsManager]   PropertyStore v0.A.6: used=8000 high=7999
2015-12-11 03:10:34.345+0000 INFO  [o.n.k.i.DiagnosticsManager]   RelationshipStore v0.A.6: used=0 high=-1
2015-12-11 03:10:34.347+0000 INFO  [o.n.k.i.DiagnosticsManager]   StringPropertyStore v0.A.6: used=1 high=0
2015-12-11 03:10:34.349+0000 INFO  [o.n.k.i.DiagnosticsManager]   RelationshipTypeStore v0.A.6: used=0 high=-1
2015-12-11 03:10:34.352+0000 INFO  [o.n.k.i.DiagnosticsManager]   StringPropertyStore v0.A.6: used=2 high=1
2015-12-11 03:10:34.354+0000 INFO  [o.n.k.i.DiagnosticsManager]   LabelTokenStore v0.A.6: used=1 high=0
2015-12-11 03:10:34.356+0000 INFO  [o.n.k.i.DiagnosticsManager]   SchemaStore v0.A.6: used=1 high=0
2015-12-11 03:10:34.359+0000 INFO  [o.n.k.i.DiagnosticsManager]   RelationshipGroupStore v0.A.6: used=1 high=0
2015-12-11 03:10:34.361+0000 INFO  [o.n.k.i.DiagnosticsManager]   NeoStore v0.A.6: used=13 high=12
2015-12-11 03:10:34.363+0000 INFO  [o.n.k.i.DiagnosticsManager] --- STARTED diagnostics for NEO_STORE_ID_USAGE END ---
2015-12-11 03:10:34.365+0000 INFO  [o.n.k.i.DiagnosticsManager] --- STARTED diagnostics for NEO_STORE_RECORDS START ---
2015-12-11 03:10:34.368+0000 INFO  [o.n.k.i.DiagnosticsManager] Neostore records:
2015-12-11 03:10:34.370+0000 INFO  [o.n.k.i.DiagnosticsManager] TIME (Creation time): 1449720433754
2015-12-11 03:10:34.372+0000 INFO  [o.n.k.i.DiagnosticsManager] RANDOM_NUMBER (Random number for store id): -5950405942413506351
2015-12-11 03:10:34.374+0000 INFO  [o.n.k.i.DiagnosticsManager] LOG_VERSION (Current log version): 0
2015-12-11 03:10:34.376+0000 INFO  [o.n.k.i.DiagnosticsManager] LAST_TRANSACTION_ID (Last committed transaction): 4006
2015-12-11 03:10:34.379+0000 INFO  [o.n.k.i.DiagnosticsManager] STORE_VERSION (Store format version): 15250506225055238
2015-12-11 03:10:34.381+0000 INFO  [o.n.k.i.DiagnosticsManager] FIRST_GRAPH_PROPERTY (First property record containing graph properties): -1
2015-12-11 03:10:34.383+0000 INFO  [o.n.k.i.DiagnosticsManager] LAST_CONSTRAINT_TRANSACTION (Last committed transaction containing constraint changes): 0
2015-12-11 03:10:34.385+0000 INFO  [o.n.k.i.DiagnosticsManager] UPGRADE_TRANSACTION_ID (Transaction id most recent upgrade was performed at): 1
2015-12-11 03:10:34.387+0000 INFO  [o.n.k.i.DiagnosticsManager] UPGRADE_TIME (Time of last upgrade): 1449720433754
2015-12-11 03:10:34.389+0000 INFO  [o.n.k.i.DiagnosticsManager] LAST_TRANSACTION_CHECKSUM (Checksum of last committed transaction): -160759738482
2015-12-11 03:10:34.391+0000 INFO  [o.n.k.i.DiagnosticsManager] UPGRADE_TRANSACTION_CHECKSUM (Checksum of transaction id the most recent upgrade was performed at): 0
2015-12-11 03:10:34.393+0000 INFO  [o.n.k.i.DiagnosticsManager] LAST_CLOSED_TRANSACTION_LOG_VERSION (Log version where the last transaction commit entry has been written into): 0
2015-12-11 03:10:34.395+0000 INFO  [o.n.k.i.DiagnosticsManager] LAST_CLOSED_TRANSACTION_LOG_BYTE_OFFSET (Byte offset in the log file where the last transaction commit entry has been written into): 1352370
2015-12-11 03:10:34.397+0000 INFO  [o.n.k.i.DiagnosticsManager] --- STARTED diagnostics for NEO_STORE_RECORDS END ---
2015-12-11 03:10:34.399+0000 INFO  [o.n.k.i.DiagnosticsManager] --- STARTED diagnostics for TRANSACTION_RANGE START ---
2015-12-11 03:10:34.401+0000 INFO  [o.n.k.i.DiagnosticsManager] Transaction log:
2015-12-11 03:10:34.404+0000 INFO  [o.n.k.i.DiagnosticsManager] Oldest transaction 2 found in log with version 0
2015-12-11 03:10:34.406+0000 INFO  [o.n.k.i.DiagnosticsManager] --- STARTED diagnostics for TRANSACTION_RANGE END ---
2015-12-11 03:10:34.409+0000 INFO  [o.n.k.i.DiagnosticsManager] --- STARTED diagnostics for KernelDiagnostics:StoreFiles START ---
2015-12-11 03:10:34.411+0000 INFO  [o.n.k.i.DiagnosticsManager] Disk space on partition (Total / Free / Free %): 499738734592 / 397633241088 / 79
Storage files: (filename : modification date - size)
2015-12-11 03:10:34.414+0000 INFO  [o.n.k.i.DiagnosticsManager]   dbms:
2015-12-11 03:10:34.416+0000 INFO  [o.n.k.i.DiagnosticsManager]     auth: 2015-12-09T22:07:14-0600 - 137.00 B
2015-12-11 03:10:34.418+0000 INFO  [o.n.k.i.DiagnosticsManager]     ssl:
2015-12-11 03:10:34.421+0000 INFO  [o.n.k.i.DiagnosticsManager]       snakeoil.cert: 2015-12-09T22:07:11-0600 - 630.00 B
2015-12-11 03:10:34.423+0000 INFO  [o.n.k.i.DiagnosticsManager]       snakeoil.key: 2015-12-09T22:07:11-0600 - 914.00 B
2015-12-11 03:10:34.425+0000 INFO  [o.n.k.i.DiagnosticsManager]     - Total: 2015-12-09T22:07:11-0600 - 1.51 kB
2015-12-11 03:10:34.427+0000 INFO  [o.n.k.i.DiagnosticsManager]   - Total: 2015-12-09T22:07:14-0600 - 1.64 kB
2015-12-11 03:10:34.430+0000 INFO  [o.n.k.i.DiagnosticsManager]   index:
2015-12-11 03:10:34.432+0000 INFO  [o.n.k.i.DiagnosticsManager]   - Total: 2015-12-09T22:07:13-0600 - 0.00 B
2015-12-11 03:10:34.434+0000 INFO  [o.n.k.i.DiagnosticsManager]   messages.log: 2015-12-10T21:10:34-0600 - 61.23 kB
2015-12-11 03:10:34.436+0000 INFO  [o.n.k.i.DiagnosticsManager]   neo4j.properties: 2015-12-09T22:07:10-0600 - 1.30 kB
2015-12-11 03:10:34.438+0000 INFO  [o.n.k.i.DiagnosticsManager]   neostore: 2015-12-09T22:12:14-0600 - 8.00 kB
2015-12-11 03:10:34.441+0000 INFO  [o.n.k.i.DiagnosticsManager]   neostore.counts.db.a: 2015-12-09T22:07:13-0600 - 96.00 B
2015-12-11 03:10:34.443+0000 INFO  [o.n.k.i.DiagnosticsManager]   neostore.counts.db.b: 2015-12-09T22:12:14-0600 - 160.00 B
2015-12-11 03:10:34.445+0000 INFO  [o.n.k.i.DiagnosticsManager]   neostore.id: 2015-12-10T21:10:33-0600 - 9.00 B
2015-12-11 03:10:34.448+0000 INFO  [o.n.k.i.DiagnosticsManager]   neostore.labeltokenstore.db: 2015-12-09T22:12:14-0600 - 8.00 kB
2015-12-11 03:10:34.450+0000 INFO  [o.n.k.i.DiagnosticsManager]   neostore.labeltokenstore.db.id: 2015-12-10T21:10:33-0600 - 9.00 B
2015-12-11 03:10:34.452+0000 INFO  [o.n.k.i.DiagnosticsManager]   neostore.labeltokenstore.db.names: 2015-12-09T22:12:14-0600 - 8.00 kB
2015-12-11 03:10:34.455+0000 INFO  [o.n.k.i.DiagnosticsManager]   neostore.labeltokenstore.db.names.id: 2015-12-10T21:10:33-0600 - 9.00 B
2015-12-11 03:10:34.457+0000 INFO  [o.n.k.i.DiagnosticsManager]   neostore.nodestore.db: 2015-12-09T22:12:14-0600 - 63.98 kB
2015-12-11 03:10:34.459+0000 INFO  [o.n.k.i.DiagnosticsManager]   neostore.nodestore.db.id: 2015-12-10T21:10:33-0600 - 9.00 B
2015-12-11 03:10:34.462+0000 INFO  [o.n.k.i.DiagnosticsManager]   neostore.nodestore.db.labels: 2015-12-09T22:07:11-0600 - 8.00 kB
2015-12-11 03:10:34.464+0000 INFO  [o.n.k.i.DiagnosticsManager]   neostore.nodestore.db.labels.id: 2015-12-10T21:10:33-0600 - 9.00 B
2015-12-11 03:10:34.467+0000 INFO  [o.n.k.i.DiagnosticsManager]   neostore.propertystore.db: 2015-12-09T22:12:35-0600 - 326.68 kB
2015-12-11 03:10:34.469+0000 INFO  [o.n.k.i.DiagnosticsManager]   neostore.propertystore.db.arrays: 2015-12-09T22:07:12-0600 - 8.00 kB
2015-12-11 03:10:34.472+0000 INFO  [o.n.k.i.DiagnosticsManager]   neostore.propertystore.db.arrays.id: 2015-12-10T21:10:33-0600 - 9.00 B
2015-12-11 03:10:34.475+0000 INFO  [o.n.k.i.DiagnosticsManager]   neostore.propertystore.db.id: 2015-12-10T21:10:33-0600 - 9.00 B
2015-12-11 03:10:34.477+0000 INFO  [o.n.k.i.DiagnosticsManager]   neostore.propertystore.db.index: 2015-12-09T22:12:14-0600 - 8.00 kB
2015-12-11 03:10:34.479+0000 INFO  [o.n.k.i.DiagnosticsManager]   neostore.propertystore.db.index.id: 2015-12-10T21:10:33-0600 - 9.00 B
2015-12-11 03:10:34.482+0000 INFO  [o.n.k.i.DiagnosticsManager]   neostore.propertystore.db.index.keys: 2015-12-09T22:12:14-0600 - 8.00 kB
2015-12-11 03:10:34.485+0000 INFO  [o.n.k.i.DiagnosticsManager]   neostore.propertystore.db.index.keys.id: 2015-12-10T21:10:33-0600 - 9.00 B
2015-12-11 03:10:34.487+0000 INFO  [o.n.k.i.DiagnosticsManager]   neostore.propertystore.db.strings: 2015-12-09T22:07:11-0600 - 8.00 kB
2015-12-11 03:10:34.490+0000 INFO  [o.n.k.i.DiagnosticsManager]   neostore.propertystore.db.strings.id: 2015-12-10T21:10:33-0600 - 9.00 B
2015-12-11 03:10:34.492+0000 INFO  [o.n.k.i.DiagnosticsManager]   neostore.relationshipgroupstore.db: 2015-12-09T22:07:13-0600 - 8.00 kB
2015-12-11 03:10:34.495+0000 INFO  [o.n.k.i.DiagnosticsManager]   neostore.relationshipgroupstore.db.id: 2015-12-10T21:10:33-0600 - 9.00 B
2015-12-11 03:10:34.497+0000 INFO  [o.n.k.i.DiagnosticsManager]   neostore.relationshipstore.db: 2015-12-09T22:07:12-0600 - 0.00 B
2015-12-11 03:10:34.500+0000 INFO  [o.n.k.i.DiagnosticsManager]   neostore.relationshipstore.db.id: 2015-12-10T21:10:33-0600 - 9.00 B
2015-12-11 03:10:34.502+0000 INFO  [o.n.k.i.DiagnosticsManager]   neostore.relationshiptypestore.db: 2015-12-09T22:07:12-0600 - 0.00 B
2015-12-11 03:10:34.504+0000 INFO  [o.n.k.i.DiagnosticsManager]   neostore.relationshiptypestore.db.id: 2015-12-10T21:10:33-0600 - 9.00 B
2015-12-11 03:10:34.506+0000 INFO  [o.n.k.i.DiagnosticsManager]   neostore.relationshiptypestore.db.names: 2015-12-09T22:07:12-0600 - 8.00 kB
2015-12-11 03:10:34.509+0000 INFO  [o.n.k.i.DiagnosticsManager]   neostore.relationshiptypestore.db.names.id: 2015-12-10T21:10:33-0600 - 9.00 B
2015-12-11 03:10:34.511+0000 INFO  [o.n.k.i.DiagnosticsManager]   neostore.schemastore.db: 2015-12-09T22:07:13-0600 - 8.00 kB
2015-12-11 03:10:34.514+0000 INFO  [o.n.k.i.DiagnosticsManager]   neostore.schemastore.db.id: 2015-12-10T21:10:33-0600 - 9.00 B
2015-12-11 03:10:34.516+0000 INFO  [o.n.k.i.DiagnosticsManager]   neostore.transaction.db.0: 2015-12-09T22:12:34-0600 - 1.29 MB
2015-12-11 03:10:34.518+0000 INFO  [o.n.k.i.DiagnosticsManager]   schema:
2015-12-11 03:10:34.520+0000 INFO  [o.n.k.i.DiagnosticsManager]     label:
2015-12-11 03:10:34.522+0000 INFO  [o.n.k.i.DiagnosticsManager]       lucene:
2015-12-11 03:10:34.524+0000 INFO  [o.n.k.i.DiagnosticsManager]         _65b.cfs: 2015-12-09T22:12:03-0600 - 3.83 kB
2015-12-11 03:10:34.527+0000 INFO  [o.n.k.i.DiagnosticsManager]         segments.gen: 2015-12-09T22:12:14-0600 - 20.00 B
2015-12-11 03:10:34.529+0000 INFO  [o.n.k.i.DiagnosticsManager]         segments_1: 2015-12-09T22:12:14-0600 - 258.00 B
2015-12-11 03:10:34.531+0000 INFO  [o.n.k.i.DiagnosticsManager]         write.lock: 2015-12-10T21:10:34-0600 - 0.00 B
2015-12-11 03:10:34.534+0000 INFO  [o.n.k.i.DiagnosticsManager]       - Total: 2015-12-10T21:10:34-0600 - 4.10 kB
2015-12-11 03:10:34.536+0000 INFO  [o.n.k.i.DiagnosticsManager]     - Total: 2015-12-09T22:07:13-0600 - 4.10 kB
2015-12-11 03:10:34.538+0000 INFO  [o.n.k.i.DiagnosticsManager]   - Total: 2015-12-09T22:07:13-0600 - 4.10 kB
2015-12-11 03:10:34.541+0000 INFO  [o.n.k.i.DiagnosticsManager]   store_lock: 2015-12-09T22:07:11-0600 - 0.00 B
2015-12-11 03:10:34.543+0000 INFO  [o.n.k.i.DiagnosticsManager] --- STARTED diagnostics for KernelDiagnostics:StoreFiles END ---
2015-12-11 03:10:34.553+0000 INFO  [o.n.k.i.DiagnosticsManager] --- SERVER STARTED START ---
2015-12-11 03:10:35.212+0000 INFO  [o.n.k.i.DiagnosticsManager] --- SERVER STARTED END ---
2015-12-11 03:25:05.057+0000 INFO  [o.n.k.i.f.GraphDatabaseFacade] Shutdown started
2015-12-11 03:25:05.059+0000 INFO  [o.n.k.i.f.CommunityFacadeFactory] Database is now unavailable
2015-12-11 03:25:05.092+0000 INFO  [o.n.k.i.t.l.c.CheckPointerImpl] Check Pointing triggered by database shutdown [4006]:  Starting check pointing...
2015-12-11 03:25:05.095+0000 INFO  [o.n.k.i.t.l.c.CheckPointerImpl] Check Pointing triggered by database shutdown [4006]:  Starting store flush...
2015-12-11 03:25:05.114+0000 INFO  [o.n.k.i.t.l.c.CheckPointerImpl] Check Pointing triggered by database shutdown [4006]:  Store flush completed
2015-12-11 03:25:05.117+0000 INFO  [o.n.k.i.t.l.c.CheckPointerImpl] Check Pointing triggered by database shutdown [4006]:  Starting appending check point entry into the tx log...
2015-12-11 03:25:05.147+0000 INFO  [o.n.k.i.t.l.c.CheckPointerImpl] Check Pointing triggered by database shutdown [4006]:  Appending check point entry into the tx log completed
2015-12-11 03:25:05.153+0000 INFO  [o.n.k.i.t.l.c.CheckPointerImpl] Check Pointing triggered by database shutdown [4006]:  Check pointing completed
2015-12-11 03:25:05.159+0000 INFO  [o.n.k.i.t.l.p.LogPruningImpl] Log Rotation [0]:  Starting log pruning.
2015-12-11 03:25:05.164+0000 INFO  [o.n.k.i.t.l.p.LogPruningImpl] Log Rotation [0]:  Log pruning complete.
2015-12-11 03:25:06.334+0000 INFO  [o.n.k.NeoStoreDataSource] NeoStores closed
2015-12-11 03:25:06.340+0000 INFO  [o.n.k.i.DiagnosticsManager] --- STOPPING diagnostics START ---
2015-12-11 03:25:06.341+0000 INFO  [o.n.k.i.DiagnosticsManager] --- STOPPING diagnostics END ---
