2015-12-09 22:11:39.989+0000 INFO  [o.n.k.i.f.CommunityFacadeFactory] No locking implementation specified, defaulting to 'community'
2015-12-09 22:11:39.992+0000 INFO  [o.n.k.AvailabilityGuard] Requirement makes database unavailable: Database available
2015-12-09 22:11:39.994+0000 INFO  [o.n.k.i.DiagnosticsManager] --- INITIALIZED diagnostics START ---
2015-12-09 22:11:39.994+0000 INFO  [o.n.k.i.DiagnosticsManager] Neo4j Kernel properties:
2015-12-09 22:11:39.994+0000 INFO  [o.n.k.i.DiagnosticsManager] org.neo4j.server.db.tuning.properties=C:\561\2000\2000D4\neo4j.properties
2015-12-09 22:11:39.994+0000 INFO  [o.n.k.i.DiagnosticsManager] org.neo4j.server.database.location=C:\561\2000\2000D4
2015-12-09 22:11:39.995+0000 INFO  [o.n.k.i.DiagnosticsManager] dbms.querylog.filename=data/log/queries.log
2015-12-09 22:11:39.995+0000 INFO  [o.n.k.i.DiagnosticsManager] dbms.security.auth_store.location=C:\561\2000\2000D4\.\dbms\auth
2015-12-09 22:11:39.995+0000 INFO  [o.n.k.i.DiagnosticsManager] dbms.security.tls_certificate_file=C:\561\2000\2000D4\.\dbms\ssl\snakeoil.cert
2015-12-09 22:11:39.995+0000 INFO  [o.n.k.i.DiagnosticsManager] remote_shell_enabled=true
2015-12-09 22:11:39.995+0000 INFO  [o.n.k.i.DiagnosticsManager] edition=Community
2015-12-09 22:11:39.995+0000 INFO  [o.n.k.i.DiagnosticsManager] dbms.security.tls_key_file=C:\561\2000\2000D4\.\dbms\ssl\snakeoil.key
2015-12-09 22:11:39.995+0000 INFO  [o.n.k.i.DiagnosticsManager] Diagnostics providers:
2015-12-09 22:11:39.995+0000 INFO  [o.n.k.i.DiagnosticsManager] org.neo4j.kernel.configuration.Config
2015-12-09 22:11:39.995+0000 INFO  [o.n.k.i.DiagnosticsManager] org.neo4j.kernel.info.DiagnosticsManager
2015-12-09 22:11:39.995+0000 INFO  [o.n.k.i.DiagnosticsManager] SYSTEM_MEMORY
2015-12-09 22:11:39.995+0000 INFO  [o.n.k.i.DiagnosticsManager] JAVA_MEMORY
2015-12-09 22:11:39.995+0000 INFO  [o.n.k.i.DiagnosticsManager] OPERATING_SYSTEM
2015-12-09 22:11:39.995+0000 INFO  [o.n.k.i.DiagnosticsManager] JAVA_VIRTUAL_MACHINE
2015-12-09 22:11:39.995+0000 INFO  [o.n.k.i.DiagnosticsManager] CLASSPATH
2015-12-09 22:11:39.995+0000 INFO  [o.n.k.i.DiagnosticsManager] LIBRARY_PATH
2015-12-09 22:11:39.995+0000 INFO  [o.n.k.i.DiagnosticsManager] SYSTEM_PROPERTIES
2015-12-09 22:11:39.995+0000 INFO  [o.n.k.i.DiagnosticsManager] NETWORK
2015-12-09 22:11:39.995+0000 INFO  [o.n.k.i.DiagnosticsManager] System memory information:
2015-12-09 22:11:39.995+0000 INFO  [o.n.k.i.DiagnosticsManager] Total Physical memory: 3.93 GB
2015-12-09 22:11:39.995+0000 INFO  [o.n.k.i.DiagnosticsManager] Free Physical memory: 2.03 GB
2015-12-09 22:11:39.995+0000 INFO  [o.n.k.i.DiagnosticsManager] Committed virtual memory: 339.19 MB
2015-12-09 22:11:39.995+0000 INFO  [o.n.k.i.DiagnosticsManager] Total swap space: 5.05 GB
2015-12-09 22:11:39.995+0000 INFO  [o.n.k.i.DiagnosticsManager] Free swap space: 2.53 GB
2015-12-09 22:11:39.995+0000 INFO  [o.n.k.i.DiagnosticsManager] JVM memory information:
2015-12-09 22:11:39.995+0000 INFO  [o.n.k.i.DiagnosticsManager] Free  memory: 21.21 MB
2015-12-09 22:11:39.995+0000 INFO  [o.n.k.i.DiagnosticsManager] Total memory: 88.50 MB
2015-12-09 22:11:39.995+0000 INFO  [o.n.k.i.DiagnosticsManager] Max   memory: 894.50 MB
2015-12-09 22:11:39.995+0000 INFO  [o.n.k.i.DiagnosticsManager] Garbage Collector: PS Scavenge: [PS Eden Space, PS Survivor Space]
2015-12-09 22:11:39.995+0000 INFO  [o.n.k.i.DiagnosticsManager] Garbage Collector: PS MarkSweep: [PS Eden Space, PS Survivor Space, PS Old Gen, PS Perm Gen]
2015-12-09 22:11:39.995+0000 INFO  [o.n.k.i.DiagnosticsManager] Memory Pool: Code Cache (Non-heap memory): committed=10.81 MB, used=10.59 MB, max=48.00 MB, threshold=0.00 B
2015-12-09 22:11:39.995+0000 INFO  [o.n.k.i.DiagnosticsManager] Memory Pool: PS Eden Space (Heap memory): committed=20.00 MB, used=12.22 MB, max=333.50 MB, threshold=?
2015-12-09 22:11:39.995+0000 INFO  [o.n.k.i.DiagnosticsManager] Memory Pool: PS Survivor Space (Heap memory): committed=1.00 MB, used=800.00 kB, max=1.00 MB, threshold=?
2015-12-09 22:11:39.996+0000 INFO  [o.n.k.i.DiagnosticsManager] Memory Pool: PS Old Gen (Heap memory): committed=67.50 MB, used=54.29 MB, max=670.50 MB, threshold=0.00 B
2015-12-09 22:11:39.996+0000 INFO  [o.n.k.i.DiagnosticsManager] Memory Pool: PS Perm Gen (Non-heap memory): committed=64.00 MB, used=63.61 MB, max=82.00 MB, threshold=0.00 B
2015-12-09 22:11:39.996+0000 INFO  [o.n.k.i.DiagnosticsManager] Operating system information:
2015-12-09 22:11:39.996+0000 INFO  [o.n.k.i.DiagnosticsManager] Operating System: Windows 8.1; version: 6.3; arch: amd64; cpus: 8
2015-12-09 22:11:39.996+0000 INFO  [o.n.k.i.DiagnosticsManager] Process id: 3784@ATAN-B03-02
2015-12-09 22:11:39.996+0000 INFO  [o.n.k.i.DiagnosticsManager] Byte order: LITTLE_ENDIAN
2015-12-09 22:11:39.996+0000 INFO  [o.n.k.i.DiagnosticsManager] Local timezone: America/Chicago
2015-12-09 22:11:39.996+0000 INFO  [o.n.k.i.DiagnosticsManager] JVM information:
2015-12-09 22:11:39.996+0000 INFO  [o.n.k.i.DiagnosticsManager] VM Name: Java HotSpot(TM) 64-Bit Server VM
2015-12-09 22:11:39.996+0000 INFO  [o.n.k.i.DiagnosticsManager] VM Vendor: Oracle Corporation
2015-12-09 22:11:39.996+0000 INFO  [o.n.k.i.DiagnosticsManager] VM Version: 24.80-b11
2015-12-09 22:11:39.996+0000 INFO  [o.n.k.i.DiagnosticsManager] JIT compiler: HotSpot 64-Bit Tiered Compilers
2015-12-09 22:11:39.996+0000 INFO  [o.n.k.i.DiagnosticsManager] VM Arguments: [-Dexe4j.semaphoreName=Local\c:_program_files_neo4j_ce_2.3.1_bin_neo4j-ce.exe, -Dexe4j.isInstall4j=true, -Dexe4j.moduleName=C:\Program Files\Neo4j CE 2.3.1\bin\neo4j-ce.exe, -Dexe4j.tempDir=, -Dexe4j.unextractedPosition=0, -Djava.library.path=C:\Program Files (x86)\AMD APP\bin\x86_64;C:\Program Files (x86)\AMD APP\bin\x86;C:\ProgramData\Oracle\Java\javapath;C:\Windows\system32;C:\Windows;C:\Windows\System32\Wbem;C:\Windows\System32\WindowsPowerShell\v1.0\;C:\Program Files (x86)\MiKTeX 2.9\miktex\bin\;C:\Program Files\TortoiseSVN\bin;C:\Windows\system32\config\systemprofile\.dnx\bin;C:\Program Files\Microsoft DNX\Dnvm\;C:\Program Files\MATLAB\R2015b\runtime\win64;C:\Program Files\MATLAB\R2015b\bin;C:\Program Files (x86)\ATI Technologies\ATI.ACE\Core-Static;c:\program files\neo4j ce 2.3.1\jre\bin, -Dexe4j.consoleCodepage=cp0, -Dinstall4j.launcherId=24, -Dinstall4j.swt=false]
2015-12-09 22:11:39.996+0000 INFO  [o.n.k.i.DiagnosticsManager] Java classpath:
2015-12-09 22:11:39.998+0000 INFO  [o.n.k.i.DiagnosticsManager]  [loader.1] file:/C:/Program%20Files/Neo4j%20CE%202.3.1/jre/lib/ext/dnsns.jar
2015-12-09 22:11:39.998+0000 INFO  [o.n.k.i.DiagnosticsManager]  [loader.0] file:/C:/Program%20Files/Neo4j%20CE%202.3.1/bin/
2015-12-09 22:11:39.998+0000 INFO  [o.n.k.i.DiagnosticsManager]  [bootstrap] C:\Program Files\Neo4j CE 2.3.1\jre\lib\resources.jar
2015-12-09 22:11:39.998+0000 INFO  [o.n.k.i.DiagnosticsManager]  [bootstrap] C:\Program Files\Neo4j CE 2.3.1\jre\lib\jfr.jar
2015-12-09 22:11:39.998+0000 INFO  [o.n.k.i.DiagnosticsManager]  [classpath] C:\Program Files\Neo4j CE 2.3.1\.install4j\i4jruntime.jar
2015-12-09 22:11:39.998+0000 INFO  [o.n.k.i.DiagnosticsManager]  [loader.1] file:/C:/Program%20Files/Neo4j%20CE%202.3.1/jre/lib/ext/sunmscapi.jar
2015-12-09 22:11:39.998+0000 INFO  [o.n.k.i.DiagnosticsManager]  [bootstrap] C:\Program Files\Neo4j CE 2.3.1\jre\lib\jsse.jar
2015-12-09 22:11:39.998+0000 INFO  [o.n.k.i.DiagnosticsManager]  [loader.1] file:/C:/Program%20Files/Neo4j%20CE%202.3.1/jre/lib/ext/dns_sd.jar
2015-12-09 22:11:39.998+0000 INFO  [o.n.k.i.DiagnosticsManager]  [loader.0] file:/C:/Program%20Files/Neo4j%20CE%202.3.1/.install4j/i4jruntime.jar
2015-12-09 22:11:39.998+0000 INFO  [o.n.k.i.DiagnosticsManager]  [loader.0] file:/C:/Program%20Files/Neo4j%20CE%202.3.1/bin/neo4j-desktop-2.3.1.jar
2015-12-09 22:11:39.998+0000 INFO  [o.n.k.i.DiagnosticsManager]  [loader.1] file:/C:/Program%20Files/Neo4j%20CE%202.3.1/jre/lib/ext/access-bridge-64.jar
2015-12-09 22:11:39.998+0000 INFO  [o.n.k.i.DiagnosticsManager]  [loader.1] file:/C:/Program%20Files/Neo4j%20CE%202.3.1/jre/lib/ext/localedata.jar
2015-12-09 22:11:39.998+0000 INFO  [o.n.k.i.DiagnosticsManager]  [bootstrap] C:\Program Files\Neo4j CE 2.3.1\jre\lib\sunrsasign.jar
2015-12-09 22:11:39.998+0000 INFO  [o.n.k.i.DiagnosticsManager]  [bootstrap] C:\Program Files\Neo4j CE 2.3.1\jre\lib\jce.jar
2015-12-09 22:11:39.998+0000 INFO  [o.n.k.i.DiagnosticsManager]  [bootstrap] C:\Program Files\Neo4j CE 2.3.1\jre\lib\rt.jar
2015-12-09 22:11:39.999+0000 INFO  [o.n.k.i.DiagnosticsManager]  [bootstrap] C:\Program Files\Neo4j CE 2.3.1\jre\lib\charsets.jar
2015-12-09 22:11:39.999+0000 INFO  [o.n.k.i.DiagnosticsManager]  [loader.1] file:/C:/Program%20Files/Neo4j%20CE%202.3.1/jre/lib/ext/sunjce_provider.jar
2015-12-09 22:11:39.999+0000 INFO  [o.n.k.i.DiagnosticsManager]  [bootstrap] C:\Program Files\Neo4j CE 2.3.1\jre\classes
2015-12-09 22:11:39.999+0000 INFO  [o.n.k.i.DiagnosticsManager]  [loader.1] file:/C:/Program%20Files/Neo4j%20CE%202.3.1/jre/lib/ext/zipfs.jar
2015-12-09 22:11:39.999+0000 INFO  [o.n.k.i.DiagnosticsManager]  [loader.1] file:/C:/Program%20Files/Neo4j%20CE%202.3.1/jre/lib/ext/jaccess.jar
2015-12-09 22:11:39.999+0000 INFO  [o.n.k.i.DiagnosticsManager]  [loader.1] file:/C:/Program%20Files/Neo4j%20CE%202.3.1/jre/lib/ext/sunec.jar
2015-12-09 22:11:39.999+0000 INFO  [o.n.k.i.DiagnosticsManager]  [classpath] C:\Program Files\Neo4j CE 2.3.1\bin\neo4j-desktop-2.3.1.jar
2015-12-09 22:11:39.999+0000 INFO  [o.n.k.i.DiagnosticsManager] Library path:
2015-12-09 22:11:39.999+0000 INFO  [o.n.k.i.DiagnosticsManager] C:\Program Files (x86)\AMD APP\bin\x86_64
2015-12-09 22:11:39.999+0000 INFO  [o.n.k.i.DiagnosticsManager] C:\Program Files (x86)\AMD APP\bin\x86
2015-12-09 22:11:39.999+0000 INFO  [o.n.k.i.DiagnosticsManager] C:\ProgramData\Oracle\Java\javapath
2015-12-09 22:11:39.999+0000 INFO  [o.n.k.i.DiagnosticsManager] C:\Windows\System32
2015-12-09 22:11:39.999+0000 INFO  [o.n.k.i.DiagnosticsManager] C:\Windows
2015-12-09 22:11:40.000+0000 INFO  [o.n.k.i.DiagnosticsManager] C:\Windows\System32\wbem
2015-12-09 22:11:40.000+0000 INFO  [o.n.k.i.DiagnosticsManager] C:\Windows\System32\WindowsPowerShell\v1.0
2015-12-09 22:11:40.000+0000 INFO  [o.n.k.i.DiagnosticsManager] C:\Program Files (x86)\MiKTeX 2.9\miktex\bin
2015-12-09 22:11:40.000+0000 INFO  [o.n.k.i.DiagnosticsManager] C:\Program Files\TortoiseSVN\bin
2015-12-09 22:11:40.000+0000 INFO  [o.n.k.i.DiagnosticsManager] C:\Windows\System32\config\systemprofile\.dnx\bin
2015-12-09 22:11:40.001+0000 INFO  [o.n.k.i.DiagnosticsManager] C:\Program Files\Microsoft DNX\Dnvm
2015-12-09 22:11:40.001+0000 INFO  [o.n.k.i.DiagnosticsManager] C:\Program Files\MATLAB\R2015b\runtime\win64
2015-12-09 22:11:40.001+0000 INFO  [o.n.k.i.DiagnosticsManager] C:\Program Files\MATLAB\R2015b\bin
2015-12-09 22:11:40.001+0000 INFO  [o.n.k.i.DiagnosticsManager] C:\Program Files (x86)\ATI Technologies\ATI.ACE\Core-Static
2015-12-09 22:11:40.001+0000 INFO  [o.n.k.i.DiagnosticsManager] C:\Program Files\Neo4j CE 2.3.1\jre\bin
2015-12-09 22:11:40.001+0000 INFO  [o.n.k.i.DiagnosticsManager] System.properties:
2015-12-09 22:11:40.001+0000 INFO  [o.n.k.i.DiagnosticsManager] exe4j.moduleName = C:\Program Files\Neo4j CE 2.3.1\bin\neo4j-ce.exe
2015-12-09 22:11:40.001+0000 INFO  [o.n.k.i.DiagnosticsManager] exe4j.semaphoreName = Local\c:_program_files_neo4j_ce_2.3.1_bin_neo4j-ce.exe
2015-12-09 22:11:40.001+0000 INFO  [o.n.k.i.DiagnosticsManager] sun.boot.library.path = c:\program files\neo4j ce 2.3.1\jre\bin
2015-12-09 22:11:40.001+0000 INFO  [o.n.k.i.DiagnosticsManager] exe4j.consoleCodepage = cp0
2015-12-09 22:11:40.001+0000 INFO  [o.n.k.i.DiagnosticsManager] path.separator = ;
2015-12-09 22:11:40.001+0000 INFO  [o.n.k.i.DiagnosticsManager] file.encoding.pkg = sun.io
2015-12-09 22:11:40.001+0000 INFO  [o.n.k.i.DiagnosticsManager] user.country = US
2015-12-09 22:11:40.001+0000 INFO  [o.n.k.i.DiagnosticsManager] user.script = 
2015-12-09 22:11:40.001+0000 INFO  [o.n.k.i.DiagnosticsManager] sun.os.patch.level = 
2015-12-09 22:11:40.001+0000 INFO  [o.n.k.i.DiagnosticsManager] install4j.exeDir = C:\Program Files\Neo4j CE 2.3.1\bin\
2015-12-09 22:11:40.001+0000 INFO  [o.n.k.i.DiagnosticsManager] user.dir = C:\Program Files\Neo4j CE 2.3.1\bin
2015-12-09 22:11:40.001+0000 INFO  [o.n.k.i.DiagnosticsManager] neo4j.ext.udc.source = desktop
2015-12-09 22:11:40.001+0000 INFO  [o.n.k.i.DiagnosticsManager] user.variant = 
2015-12-09 22:11:40.001+0000 INFO  [o.n.k.i.DiagnosticsManager] exe4j.tempDir = 
2015-12-09 22:11:40.001+0000 INFO  [o.n.k.i.DiagnosticsManager] sun.jnu.encoding = Cp1252
2015-12-09 22:11:40.002+0000 INFO  [o.n.k.i.DiagnosticsManager] sun.awt.enableExtraMouseButtons = true
2015-12-09 22:11:40.002+0000 INFO  [o.n.k.i.DiagnosticsManager] install4j.launcherId = 24
2015-12-09 22:11:40.002+0000 INFO  [o.n.k.i.DiagnosticsManager] sun.management.compiler = HotSpot 64-Bit Tiered Compilers
2015-12-09 22:11:40.002+0000 INFO  [o.n.k.i.DiagnosticsManager] exe4j.isInstall4j = true
2015-12-09 22:11:40.002+0000 INFO  [o.n.k.i.DiagnosticsManager] install4j.swt = false
2015-12-09 22:11:40.002+0000 INFO  [o.n.k.i.DiagnosticsManager] user.home = C:\Users\cez
2015-12-09 22:11:40.002+0000 INFO  [o.n.k.i.DiagnosticsManager] user.timezone = America/Chicago
2015-12-09 22:11:40.002+0000 INFO  [o.n.k.i.DiagnosticsManager] file.encoding = Cp1252
2015-12-09 22:11:40.002+0000 INFO  [o.n.k.i.DiagnosticsManager] user.name = cez
2015-12-09 22:11:40.002+0000 INFO  [o.n.k.i.DiagnosticsManager] sun.java.command = C:\Program Files\Neo4j CE 2.3.1\bin\neo4j-ce.exe
2015-12-09 22:11:40.002+0000 INFO  [o.n.k.i.DiagnosticsManager] sun.arch.data.model = 64
2015-12-09 22:11:40.002+0000 INFO  [o.n.k.i.DiagnosticsManager] exe4j.launchName = C:\Program Files\Neo4j CE 2.3.1\bin\neo4j-ce.exe
2015-12-09 22:11:40.002+0000 INFO  [o.n.k.i.DiagnosticsManager] user.language = en
2015-12-09 22:11:40.002+0000 INFO  [o.n.k.i.DiagnosticsManager] awt.toolkit = sun.awt.windows.WToolkit
2015-12-09 22:11:40.002+0000 INFO  [o.n.k.i.DiagnosticsManager] exe4j.unextractedPosition = 0
2015-12-09 22:11:40.002+0000 INFO  [o.n.k.i.DiagnosticsManager] install4j.appDir = C:\Program Files\Neo4j CE 2.3.1\
2015-12-09 22:11:40.002+0000 INFO  [o.n.k.i.DiagnosticsManager] file.separator = \
2015-12-09 22:11:40.002+0000 INFO  [o.n.k.i.DiagnosticsManager] sun.io.unicode.encoding = UnicodeLittle
2015-12-09 22:11:40.002+0000 INFO  [o.n.k.i.DiagnosticsManager] sun.cpu.endian = little
2015-12-09 22:11:40.002+0000 INFO  [o.n.k.i.DiagnosticsManager] sun.desktop = windows
2015-12-09 22:11:40.002+0000 INFO  [o.n.k.i.DiagnosticsManager] sun.cpu.isalist = amd64
2015-12-09 22:11:40.002+0000 INFO  [o.n.k.i.DiagnosticsManager] Network information:
2015-12-09 22:11:40.015+0000 INFO  [o.n.k.i.DiagnosticsManager] Interface Software Loopback Interface 1:
2015-12-09 22:11:40.015+0000 INFO  [o.n.k.i.DiagnosticsManager]     address: 127.0.0.1
2015-12-09 22:11:40.015+0000 INFO  [o.n.k.i.DiagnosticsManager]     address: 0:0:0:0:0:0:0:1
2015-12-09 22:11:40.015+0000 INFO  [o.n.k.i.DiagnosticsManager] Interface Microsoft Kernel Debug Network Adapter:
2015-12-09 22:11:40.015+0000 INFO  [o.n.k.i.DiagnosticsManager] Interface Intel(R) 82578DM Gigabit Network Connection:
2015-12-09 22:11:40.015+0000 INFO  [o.n.k.i.DiagnosticsManager]     address: 10.24.47.166
2015-12-09 22:11:40.015+0000 INFO  [o.n.k.i.DiagnosticsManager]     address: 2610:130:101:d00:4493:c16:efa9:8b55
2015-12-09 22:11:40.015+0000 INFO  [o.n.k.i.DiagnosticsManager]     address: 2610:130:101:d00:a502:b02c:1a2d:577b
2015-12-09 22:11:40.015+0000 INFO  [o.n.k.i.DiagnosticsManager]     address: fe80:0:0:0:4493:c16:efa9:8b55%3
2015-12-09 22:11:40.015+0000 INFO  [o.n.k.i.DiagnosticsManager] Interface Microsoft ISATAP Adapter:
2015-12-09 22:11:40.016+0000 INFO  [o.n.k.i.DiagnosticsManager]     address: fe80:0:0:0:0:5efe:c0a8:3801%4
2015-12-09 22:11:40.016+0000 INFO  [o.n.k.i.DiagnosticsManager] Interface Teredo Tunneling Pseudo-Interface:
2015-12-09 22:11:40.016+0000 INFO  [o.n.k.i.DiagnosticsManager] Interface Microsoft ISATAP Adapter #2:
2015-12-09 22:11:40.016+0000 INFO  [o.n.k.i.DiagnosticsManager]     address: fe80:0:0:0:0:5efe:a18:2fa6%6
2015-12-09 22:11:40.016+0000 INFO  [o.n.k.i.DiagnosticsManager] Interface VirtualBox Host-Only Ethernet Adapter:
2015-12-09 22:11:40.016+0000 INFO  [o.n.k.i.DiagnosticsManager]     address: 192.168.56.1
2015-12-09 22:11:40.016+0000 INFO  [o.n.k.i.DiagnosticsManager]     address: fe80:0:0:0:4133:2d33:29c2:6efa%7
2015-12-09 22:11:40.016+0000 INFO  [o.n.k.i.DiagnosticsManager] Interface Microsoft ISATAP Adapter #3:
2015-12-09 22:11:40.016+0000 INFO  [o.n.k.i.DiagnosticsManager] Interface VirtualBox Host-Only Ethernet Adapter-WFP Native MAC Layer LightWeight Filter-0000:
2015-12-09 22:11:40.016+0000 INFO  [o.n.k.i.DiagnosticsManager] Interface VirtualBox Host-Only Ethernet Adapter-VirtualBox NDIS Light-Weight Filter-0000:
2015-12-09 22:11:40.016+0000 INFO  [o.n.k.i.DiagnosticsManager] Interface VirtualBox Host-Only Ethernet Adapter-QoS Packet Scheduler-0000:
2015-12-09 22:11:40.016+0000 INFO  [o.n.k.i.DiagnosticsManager] Interface VirtualBox Host-Only Ethernet Adapter-WFP 802.3 MAC Layer LightWeight Filter-0000:
2015-12-09 22:11:40.016+0000 INFO  [o.n.k.i.DiagnosticsManager] Interface Intel(R) 82578DM Gigabit Network Connection-WFP Native MAC Layer LightWeight Filter-0000:
2015-12-09 22:11:40.016+0000 INFO  [o.n.k.i.DiagnosticsManager] Interface Intel(R) 82578DM Gigabit Network Connection-VirtualBox NDIS Light-Weight Filter-0000:
2015-12-09 22:11:40.016+0000 INFO  [o.n.k.i.DiagnosticsManager] Interface Intel(R) 82578DM Gigabit Network Connection-QoS Packet Scheduler-0000:
2015-12-09 22:11:40.016+0000 INFO  [o.n.k.i.DiagnosticsManager] Interface Intel(R) 82578DM Gigabit Network Connection-WFP 802.3 MAC Layer LightWeight Filter-0000:
2015-12-09 22:11:40.016+0000 INFO  [o.n.k.i.DiagnosticsManager] --- INITIALIZED diagnostics END ---
2015-12-09 22:11:42.851+0000 INFO  [o.n.k.a.i.i.LuceneLabelScanStore] No lucene scan store index found, this might just be first use. Preparing to rebuild.
2015-12-09 22:11:42.856+0000 INFO  [o.n.k.NeoStoreDataSource] Opened logical log [C:\561\2000\2000D4\neostore.transaction.db.0] version=0, lastTxId=1 (clean)
2015-12-09 22:11:42.860+0000 WARN  [o.n.k.i.s.MetaDataStore] Missing counts store, rebuilding it.
2015-12-09 22:11:42.919+0000 INFO  [o.n.k.a.i.i.LuceneLabelScanStore] Rebuilding lucene scan store, this may take a while
2015-12-09 22:11:42.922+0000 INFO  [o.n.k.a.i.i.LuceneLabelScanStore] Lucene scan store rebuilt (roughly -1 nodes)
2015-12-09 22:11:42.925+0000 INFO  [o.n.k.KernelHealth] Kernel health set to OK
2015-12-09 22:11:42.934+0000 INFO  [o.n.k.AvailabilityGuard] Fulfilling of requirement makes database available: Database available
2015-12-09 22:11:42.936+0000 INFO  [o.n.k.i.f.CommunityFacadeFactory] Database is now ready
2015-12-09 22:11:42.940+0000 INFO  [o.n.k.i.DiagnosticsManager] --- STARTED diagnostics for KernelDiagnostics:Versions START ---
2015-12-09 22:11:42.942+0000 INFO  [o.n.k.i.DiagnosticsManager] Graph Database: Community StoreId{creationTime=1449699102741, randomId=-3115265531713833594, storeVersion=15250506225055238, upgradeTime=1449699102741, upgradeId=1}
2015-12-09 22:11:42.945+0000 INFO  [o.n.k.i.DiagnosticsManager] Kernel version: 2.3.1
2015-12-09 22:11:42.948+0000 INFO  [o.n.k.i.DiagnosticsManager] --- STARTED diagnostics for KernelDiagnostics:Versions END ---
2015-12-09 22:11:42.951+0000 INFO  [o.n.k.i.DiagnosticsManager] --- STARTED diagnostics for NEO_STORE_VERSIONS START ---
2015-12-09 22:11:42.954+0000 INFO  [o.n.k.i.DiagnosticsManager] Store versions:
2015-12-09 22:11:42.956+0000 INFO  [o.n.k.i.DiagnosticsManager] Store versions:
2015-12-09 22:11:42.959+0000 INFO  [o.n.k.i.DiagnosticsManager] ArrayPropertyStore v0.A.6
2015-12-09 22:11:42.961+0000 INFO  [o.n.k.i.DiagnosticsManager] NodeStore v0.A.6
2015-12-09 22:11:42.964+0000 INFO  [o.n.k.i.DiagnosticsManager] StringPropertyStore v0.A.6
2015-12-09 22:11:42.967+0000 INFO  [o.n.k.i.DiagnosticsManager] PropertyIndexStore v0.A.6
2015-12-09 22:11:42.969+0000 INFO  [o.n.k.i.DiagnosticsManager] StringPropertyStore v0.A.6
2015-12-09 22:11:42.971+0000 INFO  [o.n.k.i.DiagnosticsManager] ArrayPropertyStore v0.A.6
2015-12-09 22:11:42.974+0000 INFO  [o.n.k.i.DiagnosticsManager] PropertyStore v0.A.6
2015-12-09 22:11:42.977+0000 INFO  [o.n.k.i.DiagnosticsManager] RelationshipStore v0.A.6
2015-12-09 22:11:42.979+0000 INFO  [o.n.k.i.DiagnosticsManager] StringPropertyStore v0.A.6
2015-12-09 22:11:42.982+0000 INFO  [o.n.k.i.DiagnosticsManager] RelationshipTypeStore v0.A.6
2015-12-09 22:11:42.984+0000 INFO  [o.n.k.i.DiagnosticsManager] StringPropertyStore v0.A.6
2015-12-09 22:11:42.987+0000 INFO  [o.n.k.i.DiagnosticsManager] LabelTokenStore v0.A.6
2015-12-09 22:11:42.990+0000 INFO  [o.n.k.i.DiagnosticsManager] SchemaStore v0.A.6
2015-12-09 22:11:42.992+0000 INFO  [o.n.k.i.DiagnosticsManager] RelationshipGroupStore v0.A.6
2015-12-09 22:11:42.995+0000 INFO  [o.n.k.i.DiagnosticsManager] NeoStore v0.A.6
2015-12-09 22:11:42.997+0000 INFO  [o.n.k.i.DiagnosticsManager] --- STARTED diagnostics for NEO_STORE_VERSIONS END ---
2015-12-09 22:11:43.000+0000 INFO  [o.n.k.i.DiagnosticsManager] --- STARTED diagnostics for NEO_STORE_ID_USAGE START ---
2015-12-09 22:11:43.002+0000 INFO  [o.n.k.i.DiagnosticsManager] Id usage:
2015-12-09 22:11:43.005+0000 INFO  [o.n.k.i.DiagnosticsManager] Id usage:
2015-12-09 22:11:43.007+0000 INFO  [o.n.k.i.DiagnosticsManager]   ArrayPropertyStore v0.A.6: used=1 high=0
2015-12-09 22:11:43.010+0000 INFO  [o.n.k.i.DiagnosticsManager]   NodeStore v0.A.6: used=0 high=-1
2015-12-09 22:11:43.012+0000 INFO  [o.n.k.i.DiagnosticsManager]   StringPropertyStore v0.A.6: used=1 high=0
2015-12-09 22:11:43.015+0000 INFO  [o.n.k.i.DiagnosticsManager]   PropertyIndexStore v0.A.6: used=0 high=-1
2015-12-09 22:11:43.018+0000 INFO  [o.n.k.i.DiagnosticsManager]   StringPropertyStore v0.A.6: used=1 high=0
2015-12-09 22:11:43.020+0000 INFO  [o.n.k.i.DiagnosticsManager]   ArrayPropertyStore v0.A.6: used=1 high=0
2015-12-09 22:11:43.023+0000 INFO  [o.n.k.i.DiagnosticsManager]   PropertyStore v0.A.6: used=0 high=-1
2015-12-09 22:11:43.025+0000 INFO  [o.n.k.i.DiagnosticsManager]   RelationshipStore v0.A.6: used=0 high=-1
2015-12-09 22:11:43.028+0000 INFO  [o.n.k.i.DiagnosticsManager]   StringPropertyStore v0.A.6: used=1 high=0
2015-12-09 22:11:43.030+0000 INFO  [o.n.k.i.DiagnosticsManager]   RelationshipTypeStore v0.A.6: used=0 high=-1
2015-12-09 22:11:43.032+0000 INFO  [o.n.k.i.DiagnosticsManager]   StringPropertyStore v0.A.6: used=1 high=0
2015-12-09 22:11:43.035+0000 INFO  [o.n.k.i.DiagnosticsManager]   LabelTokenStore v0.A.6: used=0 high=-1
2015-12-09 22:11:43.037+0000 INFO  [o.n.k.i.DiagnosticsManager]   SchemaStore v0.A.6: used=1 high=0
2015-12-09 22:11:43.040+0000 INFO  [o.n.k.i.DiagnosticsManager]   RelationshipGroupStore v0.A.6: used=1 high=0
2015-12-09 22:11:43.042+0000 INFO  [o.n.k.i.DiagnosticsManager]   NeoStore v0.A.6: used=13 high=12
2015-12-09 22:11:43.045+0000 INFO  [o.n.k.i.DiagnosticsManager] --- STARTED diagnostics for NEO_STORE_ID_USAGE END ---
2015-12-09 22:11:43.047+0000 INFO  [o.n.k.i.DiagnosticsManager] --- STARTED diagnostics for NEO_STORE_RECORDS START ---
2015-12-09 22:11:43.050+0000 INFO  [o.n.k.i.DiagnosticsManager] Neostore records:
2015-12-09 22:11:43.052+0000 INFO  [o.n.k.i.DiagnosticsManager] TIME (Creation time): 1449699102741
2015-12-09 22:11:43.055+0000 INFO  [o.n.k.i.DiagnosticsManager] RANDOM_NUMBER (Random number for store id): -3115265531713833594
2015-12-09 22:11:43.057+0000 INFO  [o.n.k.i.DiagnosticsManager] LOG_VERSION (Current log version): 0
2015-12-09 22:11:43.060+0000 INFO  [o.n.k.i.DiagnosticsManager] LAST_TRANSACTION_ID (Last committed transaction): 1
2015-12-09 22:11:43.062+0000 INFO  [o.n.k.i.DiagnosticsManager] STORE_VERSION (Store format version): 15250506225055238
2015-12-09 22:11:43.065+0000 INFO  [o.n.k.i.DiagnosticsManager] FIRST_GRAPH_PROPERTY (First property record containing graph properties): -1
2015-12-09 22:11:43.067+0000 INFO  [o.n.k.i.DiagnosticsManager] LAST_CONSTRAINT_TRANSACTION (Last committed transaction containing constraint changes): 0
2015-12-09 22:11:43.070+0000 INFO  [o.n.k.i.DiagnosticsManager] UPGRADE_TRANSACTION_ID (Transaction id most recent upgrade was performed at): 1
2015-12-09 22:11:43.073+0000 INFO  [o.n.k.i.DiagnosticsManager] UPGRADE_TIME (Time of last upgrade): 1449699102741
2015-12-09 22:11:43.076+0000 INFO  [o.n.k.i.DiagnosticsManager] LAST_TRANSACTION_CHECKSUM (Checksum of last committed transaction): 0
2015-12-09 22:11:43.078+0000 INFO  [o.n.k.i.DiagnosticsManager] UPGRADE_TRANSACTION_CHECKSUM (Checksum of transaction id the most recent upgrade was performed at): 0
2015-12-09 22:11:43.081+0000 INFO  [o.n.k.i.DiagnosticsManager] LAST_CLOSED_TRANSACTION_LOG_VERSION (Log version where the last transaction commit entry has been written into): 0
2015-12-09 22:11:43.083+0000 INFO  [o.n.k.i.DiagnosticsManager] LAST_CLOSED_TRANSACTION_LOG_BYTE_OFFSET (Byte offset in the log file where the last transaction commit entry has been written into): 16
2015-12-09 22:11:43.086+0000 INFO  [o.n.k.i.DiagnosticsManager] --- STARTED diagnostics for NEO_STORE_RECORDS END ---
2015-12-09 22:11:43.088+0000 INFO  [o.n.k.i.DiagnosticsManager] --- STARTED diagnostics for TRANSACTION_RANGE START ---
2015-12-09 22:11:43.091+0000 INFO  [o.n.k.i.DiagnosticsManager] Transaction log:
2015-12-09 22:11:43.094+0000 INFO  [o.n.k.i.DiagnosticsManager] No transactions found in any log
2015-12-09 22:11:43.097+0000 INFO  [o.n.k.i.DiagnosticsManager] --- STARTED diagnostics for TRANSACTION_RANGE END ---
2015-12-09 22:11:43.100+0000 INFO  [o.n.k.i.DiagnosticsManager] --- STARTED diagnostics for KernelDiagnostics:StoreFiles START ---
2015-12-09 22:11:43.104+0000 INFO  [o.n.k.i.DiagnosticsManager] Disk space on partition (Total / Free / Free %): 499738734592 / 397686054912 / 79
Storage files: (filename : modification date - size)
2015-12-09 22:11:43.107+0000 INFO  [o.n.k.i.DiagnosticsManager]   dbms:
2015-12-09 22:11:43.110+0000 INFO  [o.n.k.i.DiagnosticsManager]     ssl:
2015-12-09 22:11:43.113+0000 INFO  [o.n.k.i.DiagnosticsManager]       snakeoil.cert: 2015-12-09T16:11:39-0600 - 630.00 B
2015-12-09 22:11:43.115+0000 INFO  [o.n.k.i.DiagnosticsManager]       snakeoil.key: 2015-12-09T16:11:39-0600 - 914.00 B
2015-12-09 22:11:43.118+0000 INFO  [o.n.k.i.DiagnosticsManager]     - Total: 2015-12-09T16:11:39-0600 - 1.51 kB
2015-12-09 22:11:43.121+0000 INFO  [o.n.k.i.DiagnosticsManager]   - Total: 2015-12-09T16:11:39-0600 - 1.51 kB
2015-12-09 22:11:43.123+0000 INFO  [o.n.k.i.DiagnosticsManager]   index:
2015-12-09 22:11:43.126+0000 INFO  [o.n.k.i.DiagnosticsManager]   - Total: 2015-12-09T16:11:42-0600 - 0.00 B
2015-12-09 22:11:43.129+0000 INFO  [o.n.k.i.DiagnosticsManager]   messages.log: 2015-12-09T16:11:42-0600 - 26.40 kB
2015-12-09 22:11:43.132+0000 INFO  [o.n.k.i.DiagnosticsManager]   neo4j.properties: 2015-12-09T16:11:39-0600 - 1.30 kB
2015-12-09 22:11:43.134+0000 INFO  [o.n.k.i.DiagnosticsManager]   neostore: 2015-12-09T16:11:42-0600 - 8.00 kB
2015-12-09 22:11:43.137+0000 INFO  [o.n.k.i.DiagnosticsManager]   neostore.counts.db.a: 2015-12-09T16:11:42-0600 - 96.00 B
2015-12-09 22:11:43.140+0000 INFO  [o.n.k.i.DiagnosticsManager]   neostore.id: 2015-12-09T16:11:42-0600 - 9.00 B
2015-12-09 22:11:43.144+0000 INFO  [o.n.k.i.DiagnosticsManager]   neostore.labeltokenstore.db: 2015-12-09T16:11:42-0600 - 0.00 B
2015-12-09 22:11:43.147+0000 INFO  [o.n.k.i.DiagnosticsManager]   neostore.labeltokenstore.db.id: 2015-12-09T16:11:42-0600 - 9.00 B
2015-12-09 22:11:43.149+0000 INFO  [o.n.k.i.DiagnosticsManager]   neostore.labeltokenstore.db.names: 2015-12-09T16:11:41-0600 - 8.00 kB
2015-12-09 22:11:43.152+0000 INFO  [o.n.k.i.DiagnosticsManager]   neostore.labeltokenstore.db.names.id: 2015-12-09T16:11:42-0600 - 9.00 B
2015-12-09 22:11:43.155+0000 INFO  [o.n.k.i.DiagnosticsManager]   neostore.nodestore.db: 2015-12-09T16:11:40-0600 - 0.00 B
2015-12-09 22:11:43.158+0000 INFO  [o.n.k.i.DiagnosticsManager]   neostore.nodestore.db.id: 2015-12-09T16:11:40-0600 - 9.00 B
2015-12-09 22:11:43.160+0000 INFO  [o.n.k.i.DiagnosticsManager]   neostore.nodestore.db.labels: 2015-12-09T16:11:40-0600 - 8.00 kB
2015-12-09 22:11:43.163+0000 INFO  [o.n.k.i.DiagnosticsManager]   neostore.nodestore.db.labels.id: 2015-12-09T16:11:40-0600 - 9.00 B
2015-12-09 22:11:43.165+0000 INFO  [o.n.k.i.DiagnosticsManager]   neostore.propertystore.db: 2015-12-09T16:11:41-0600 - 0.00 B
2015-12-09 22:11:43.168+0000 INFO  [o.n.k.i.DiagnosticsManager]   neostore.propertystore.db.arrays: 2015-12-09T16:11:41-0600 - 8.00 kB
2015-12-09 22:11:43.170+0000 INFO  [o.n.k.i.DiagnosticsManager]   neostore.propertystore.db.arrays.id: 2015-12-09T16:11:41-0600 - 9.00 B
2015-12-09 22:11:43.173+0000 INFO  [o.n.k.i.DiagnosticsManager]   neostore.propertystore.db.id: 2015-12-09T16:11:41-0600 - 9.00 B
2015-12-09 22:11:43.175+0000 INFO  [o.n.k.i.DiagnosticsManager]   neostore.propertystore.db.index: 2015-12-09T16:11:40-0600 - 0.00 B
2015-12-09 22:11:43.178+0000 INFO  [o.n.k.i.DiagnosticsManager]   neostore.propertystore.db.index.id: 2015-12-09T16:11:40-0600 - 9.00 B
2015-12-09 22:11:43.180+0000 INFO  [o.n.k.i.DiagnosticsManager]   neostore.propertystore.db.index.keys: 2015-12-09T16:11:40-0600 - 8.00 kB
2015-12-09 22:11:43.183+0000 INFO  [o.n.k.i.DiagnosticsManager]   neostore.propertystore.db.index.keys.id: 2015-12-09T16:11:40-0600 - 9.00 B
2015-12-09 22:11:43.185+0000 INFO  [o.n.k.i.DiagnosticsManager]   neostore.propertystore.db.strings: 2015-12-09T16:11:40-0600 - 8.00 kB
2015-12-09 22:11:43.188+0000 INFO  [o.n.k.i.DiagnosticsManager]   neostore.propertystore.db.strings.id: 2015-12-09T16:11:40-0600 - 9.00 B
2015-12-09 22:11:43.191+0000 INFO  [o.n.k.i.DiagnosticsManager]   neostore.relationshipgroupstore.db: 2015-12-09T16:11:42-0600 - 8.00 kB
2015-12-09 22:11:43.193+0000 INFO  [o.n.k.i.DiagnosticsManager]   neostore.relationshipgroupstore.db.id: 2015-12-09T16:11:42-0600 - 9.00 B
2015-12-09 22:11:43.196+0000 INFO  [o.n.k.i.DiagnosticsManager]   neostore.relationshipstore.db: 2015-12-09T16:11:41-0600 - 0.00 B
2015-12-09 22:11:43.198+0000 INFO  [o.n.k.i.DiagnosticsManager]   neostore.relationshipstore.db.id: 2015-12-09T16:11:41-0600 - 9.00 B
2015-12-09 22:11:43.201+0000 INFO  [o.n.k.i.DiagnosticsManager]   neostore.relationshiptypestore.db: 2015-12-09T16:11:41-0600 - 0.00 B
2015-12-09 22:11:43.203+0000 INFO  [o.n.k.i.DiagnosticsManager]   neostore.relationshiptypestore.db.id: 2015-12-09T16:11:41-0600 - 9.00 B
2015-12-09 22:11:43.206+0000 INFO  [o.n.k.i.DiagnosticsManager]   neostore.relationshiptypestore.db.names: 2015-12-09T16:11:41-0600 - 8.00 kB
2015-12-09 22:11:43.209+0000 INFO  [o.n.k.i.DiagnosticsManager]   neostore.relationshiptypestore.db.names.id: 2015-12-09T16:11:41-0600 - 9.00 B
2015-12-09 22:11:43.212+0000 INFO  [o.n.k.i.DiagnosticsManager]   neostore.schemastore.db: 2015-12-09T16:11:42-0600 - 8.00 kB
2015-12-09 22:11:43.215+0000 INFO  [o.n.k.i.DiagnosticsManager]   neostore.schemastore.db.id: 2015-12-09T16:11:42-0600 - 9.00 B
2015-12-09 22:11:43.217+0000 INFO  [o.n.k.i.DiagnosticsManager]   neostore.transaction.db.0: 2015-12-09T16:11:42-0600 - 16.00 B
2015-12-09 22:11:43.219+0000 INFO  [o.n.k.i.DiagnosticsManager]   schema:
2015-12-09 22:11:43.222+0000 INFO  [o.n.k.i.DiagnosticsManager]     label:
2015-12-09 22:11:43.225+0000 INFO  [o.n.k.i.DiagnosticsManager]       lucene:
2015-12-09 22:11:43.227+0000 INFO  [o.n.k.i.DiagnosticsManager]         write.lock: 2015-12-09T16:11:42-0600 - 0.00 B
2015-12-09 22:11:43.230+0000 INFO  [o.n.k.i.DiagnosticsManager]       - Total: 2015-12-09T16:11:42-0600 - 0.00 B
2015-12-09 22:11:43.232+0000 INFO  [o.n.k.i.DiagnosticsManager]     - Total: 2015-12-09T16:11:42-0600 - 0.00 B
2015-12-09 22:11:43.235+0000 INFO  [o.n.k.i.DiagnosticsManager]   - Total: 2015-12-09T16:11:42-0600 - 0.00 B
2015-12-09 22:11:43.237+0000 INFO  [o.n.k.i.DiagnosticsManager]   store_lock: 2015-12-09T16:11:40-0600 - 0.00 B
2015-12-09 22:11:43.240+0000 INFO  [o.n.k.i.DiagnosticsManager] --- STARTED diagnostics for KernelDiagnostics:StoreFiles END ---
2015-12-09 22:11:43.252+0000 INFO  [o.n.k.i.DiagnosticsManager] --- SERVER STARTED START ---
2015-12-09 22:11:43.566+0000 WARN  [o.n.k.i.c.MonitorGc] GC Monitor: Application threads blocked for 230ms.
2015-12-09 22:11:44.252+0000 INFO  [o.n.k.i.DiagnosticsManager] --- SERVER STARTED END ---
2015-12-09 22:16:42.940+0000 INFO  [o.n.k.i.t.l.c.CheckPointerImpl] Check Pointing triggered by scheduler for time threshold [4509]:  Starting check pointing...
2015-12-09 22:16:42.948+0000 INFO  [o.n.k.i.t.l.c.CheckPointerImpl] Check Pointing triggered by scheduler for time threshold [4509]:  Starting store flush...
2015-12-09 22:16:43.049+0000 INFO  [o.n.k.i.s.c.CountsTracker] About to rotate counts store at transaction 4509 to [C:\561\2000\2000D4\neostore.counts.db.b], from [C:\561\2000\2000D4\neostore.counts.db.a].
2015-12-09 22:16:43.064+0000 INFO  [o.n.k.i.s.c.CountsTracker] Successfully rotated counts store at transaction 4509 to [C:\561\2000\2000D4\neostore.counts.db.b], from [C:\561\2000\2000D4\neostore.counts.db.a].
2015-12-09 22:16:43.200+0000 INFO  [o.n.k.i.t.l.c.CheckPointerImpl] Check Pointing triggered by scheduler for time threshold [4509]:  Store flush completed
2015-12-09 22:16:43.202+0000 INFO  [o.n.k.i.t.l.c.CheckPointerImpl] Check Pointing triggered by scheduler for time threshold [4509]:  Starting appending check point entry into the tx log...
2015-12-09 22:16:43.237+0000 INFO  [o.n.k.i.t.l.c.CheckPointerImpl] Check Pointing triggered by scheduler for time threshold [4509]:  Appending check point entry into the tx log completed
2015-12-09 22:16:43.240+0000 INFO  [o.n.k.i.t.l.c.CheckPointerImpl] Check Pointing triggered by scheduler for time threshold [4509]:  Check pointing completed
2015-12-09 22:16:43.243+0000 INFO  [o.n.k.i.t.l.p.LogPruningImpl] Log Rotation [0]:  Starting log pruning.
2015-12-09 22:16:43.246+0000 INFO  [o.n.k.i.t.l.p.LogPruningImpl] Log Rotation [0]:  Log pruning complete.
2015-12-09 22:17:44.887+0000 INFO  [o.n.k.i.f.GraphDatabaseFacade] Shutdown started
2015-12-09 22:17:44.892+0000 INFO  [o.n.k.i.f.CommunityFacadeFactory] Database is now unavailable
2015-12-09 22:17:44.969+0000 INFO  [o.n.k.i.t.l.c.CheckPointerImpl] Check Pointing triggered by database shutdown [4509]:  Starting check pointing...
2015-12-09 22:17:44.974+0000 INFO  [o.n.k.i.t.l.c.CheckPointerImpl] Check Pointing triggered by database shutdown [4509]:  Starting store flush...
2015-12-09 22:17:44.989+0000 INFO  [o.n.k.i.t.l.c.CheckPointerImpl] Check Pointing triggered by database shutdown [4509]:  Store flush completed
2015-12-09 22:17:44.993+0000 INFO  [o.n.k.i.t.l.c.CheckPointerImpl] Check Pointing triggered by database shutdown [4509]:  Starting appending check point entry into the tx log...
2015-12-09 22:17:45.028+0000 INFO  [o.n.k.i.t.l.c.CheckPointerImpl] Check Pointing triggered by database shutdown [4509]:  Appending check point entry into the tx log completed
2015-12-09 22:17:45.032+0000 INFO  [o.n.k.i.t.l.c.CheckPointerImpl] Check Pointing triggered by database shutdown [4509]:  Check pointing completed
2015-12-09 22:17:45.035+0000 INFO  [o.n.k.i.t.l.p.LogPruningImpl] Log Rotation [0]:  Starting log pruning.
2015-12-09 22:17:45.038+0000 INFO  [o.n.k.i.t.l.p.LogPruningImpl] Log Rotation [0]:  Log pruning complete.
2015-12-09 22:17:46.453+0000 INFO  [o.n.k.NeoStoreDataSource] NeoStores closed
2015-12-09 22:17:46.460+0000 INFO  [o.n.k.i.DiagnosticsManager] --- STOPPING diagnostics START ---
2015-12-09 22:17:46.460+0000 INFO  [o.n.k.i.DiagnosticsManager] --- STOPPING diagnostics END ---
2015-12-10 22:45:39.399+0000 INFO  [o.n.k.i.f.CommunityFacadeFactory] No locking implementation specified, defaulting to 'community'
2015-12-10 22:45:39.421+0000 INFO  [o.n.k.AvailabilityGuard] Requirement makes database unavailable: Database available
2015-12-10 22:45:39.424+0000 INFO  [o.n.k.i.DiagnosticsManager] --- INITIALIZED diagnostics START ---
2015-12-10 22:45:39.424+0000 INFO  [o.n.k.i.DiagnosticsManager] Neo4j Kernel properties:
2015-12-10 22:45:39.424+0000 INFO  [o.n.k.i.DiagnosticsManager] org.neo4j.server.db.tuning.properties=C:\561\2000\2000D4\neo4j.properties
2015-12-10 22:45:39.424+0000 INFO  [o.n.k.i.DiagnosticsManager] org.neo4j.server.database.location=C:\561\2000\2000D4
2015-12-10 22:45:39.424+0000 INFO  [o.n.k.i.DiagnosticsManager] dbms.querylog.filename=data/log/queries.log
2015-12-10 22:45:39.424+0000 INFO  [o.n.k.i.DiagnosticsManager] dbms.security.auth_store.location=C:\561\2000\2000D4\.\dbms\auth
2015-12-10 22:45:39.424+0000 INFO  [o.n.k.i.DiagnosticsManager] dbms.security.tls_certificate_file=C:\561\2000\2000D4\.\dbms\ssl\snakeoil.cert
2015-12-10 22:45:39.424+0000 INFO  [o.n.k.i.DiagnosticsManager] remote_shell_enabled=true
2015-12-10 22:45:39.424+0000 INFO  [o.n.k.i.DiagnosticsManager] edition=Community
2015-12-10 22:45:39.424+0000 INFO  [o.n.k.i.DiagnosticsManager] dbms.security.tls_key_file=C:\561\2000\2000D4\.\dbms\ssl\snakeoil.key
2015-12-10 22:45:39.424+0000 INFO  [o.n.k.i.DiagnosticsManager] Diagnostics providers:
2015-12-10 22:45:39.424+0000 INFO  [o.n.k.i.DiagnosticsManager] org.neo4j.kernel.configuration.Config
2015-12-10 22:45:39.424+0000 INFO  [o.n.k.i.DiagnosticsManager] org.neo4j.kernel.info.DiagnosticsManager
2015-12-10 22:45:39.424+0000 INFO  [o.n.k.i.DiagnosticsManager] SYSTEM_MEMORY
2015-12-10 22:45:39.424+0000 INFO  [o.n.k.i.DiagnosticsManager] JAVA_MEMORY
2015-12-10 22:45:39.424+0000 INFO  [o.n.k.i.DiagnosticsManager] OPERATING_SYSTEM
2015-12-10 22:45:39.424+0000 INFO  [o.n.k.i.DiagnosticsManager] JAVA_VIRTUAL_MACHINE
2015-12-10 22:45:39.424+0000 INFO  [o.n.k.i.DiagnosticsManager] CLASSPATH
2015-12-10 22:45:39.424+0000 INFO  [o.n.k.i.DiagnosticsManager] LIBRARY_PATH
2015-12-10 22:45:39.424+0000 INFO  [o.n.k.i.DiagnosticsManager] SYSTEM_PROPERTIES
2015-12-10 22:45:39.424+0000 INFO  [o.n.k.i.DiagnosticsManager] NETWORK
2015-12-10 22:45:39.424+0000 INFO  [o.n.k.i.DiagnosticsManager] System memory information:
2015-12-10 22:45:39.424+0000 INFO  [o.n.k.i.DiagnosticsManager] Total Physical memory: 3.93 GB
2015-12-10 22:45:39.424+0000 INFO  [o.n.k.i.DiagnosticsManager] Free Physical memory: 2.03 GB
2015-12-10 22:45:39.424+0000 INFO  [o.n.k.i.DiagnosticsManager] Committed virtual memory: 376.38 MB
2015-12-10 22:45:39.424+0000 INFO  [o.n.k.i.DiagnosticsManager] Total swap space: 5.66 GB
2015-12-10 22:45:39.424+0000 INFO  [o.n.k.i.DiagnosticsManager] Free swap space: 1.84 GB
2015-12-10 22:45:39.424+0000 INFO  [o.n.k.i.DiagnosticsManager] JVM memory information:
2015-12-10 22:45:39.424+0000 INFO  [o.n.k.i.DiagnosticsManager] Free  memory: 19.68 MB
2015-12-10 22:45:39.424+0000 INFO  [o.n.k.i.DiagnosticsManager] Total memory: 79.00 MB
2015-12-10 22:45:39.424+0000 INFO  [o.n.k.i.DiagnosticsManager] Max   memory: 894.50 MB
2015-12-10 22:45:39.424+0000 INFO  [o.n.k.i.DiagnosticsManager] Garbage Collector: PS Scavenge: [PS Eden Space, PS Survivor Space]
2015-12-10 22:45:39.424+0000 INFO  [o.n.k.i.DiagnosticsManager] Garbage Collector: PS MarkSweep: [PS Eden Space, PS Survivor Space, PS Old Gen, PS Perm Gen]
2015-12-10 22:45:39.425+0000 INFO  [o.n.k.i.DiagnosticsManager] Memory Pool: Code Cache (Non-heap memory): committed=13.31 MB, used=12.32 MB, max=48.00 MB, threshold=0.00 B
2015-12-10 22:45:39.425+0000 INFO  [o.n.k.i.DiagnosticsManager] Memory Pool: PS Eden Space (Heap memory): committed=20.00 MB, used=9.06 MB, max=334.50 MB, threshold=?
2015-12-10 22:45:39.425+0000 INFO  [o.n.k.i.DiagnosticsManager] Memory Pool: PS Survivor Space (Heap memory): committed=512.00 kB, used=512.00 kB, max=512.00 kB, threshold=?
2015-12-10 22:45:39.425+0000 INFO  [o.n.k.i.DiagnosticsManager] Memory Pool: PS Old Gen (Heap memory): committed=58.50 MB, used=49.76 MB, max=670.50 MB, threshold=0.00 B
2015-12-10 22:45:39.425+0000 INFO  [o.n.k.i.DiagnosticsManager] Memory Pool: PS Perm Gen (Non-heap memory): committed=69.50 MB, used=68.65 MB, max=82.00 MB, threshold=0.00 B
2015-12-10 22:45:39.425+0000 INFO  [o.n.k.i.DiagnosticsManager] Operating system information:
2015-12-10 22:45:39.425+0000 INFO  [o.n.k.i.DiagnosticsManager] Operating System: Windows 8.1; version: 6.3; arch: amd64; cpus: 8
2015-12-10 22:45:39.426+0000 INFO  [o.n.k.i.DiagnosticsManager] Process id: 3784@ATAN-B03-02
2015-12-10 22:45:39.426+0000 INFO  [o.n.k.i.DiagnosticsManager] Byte order: LITTLE_ENDIAN
2015-12-10 22:45:39.426+0000 INFO  [o.n.k.i.DiagnosticsManager] Local timezone: America/Chicago
2015-12-10 22:45:39.426+0000 INFO  [o.n.k.i.DiagnosticsManager] JVM information:
2015-12-10 22:45:39.426+0000 INFO  [o.n.k.i.DiagnosticsManager] VM Name: Java HotSpot(TM) 64-Bit Server VM
2015-12-10 22:45:39.426+0000 INFO  [o.n.k.i.DiagnosticsManager] VM Vendor: Oracle Corporation
2015-12-10 22:45:39.426+0000 INFO  [o.n.k.i.DiagnosticsManager] VM Version: 24.80-b11
2015-12-10 22:45:39.426+0000 INFO  [o.n.k.i.DiagnosticsManager] JIT compiler: HotSpot 64-Bit Tiered Compilers
2015-12-10 22:45:39.426+0000 INFO  [o.n.k.i.DiagnosticsManager] VM Arguments: [-Dexe4j.semaphoreName=Local\c:_program_files_neo4j_ce_2.3.1_bin_neo4j-ce.exe, -Dexe4j.isInstall4j=true, -Dexe4j.moduleName=C:\Program Files\Neo4j CE 2.3.1\bin\neo4j-ce.exe, -Dexe4j.tempDir=, -Dexe4j.unextractedPosition=0, -Djava.library.path=C:\Program Files (x86)\AMD APP\bin\x86_64;C:\Program Files (x86)\AMD APP\bin\x86;C:\ProgramData\Oracle\Java\javapath;C:\Windows\system32;C:\Windows;C:\Windows\System32\Wbem;C:\Windows\System32\WindowsPowerShell\v1.0\;C:\Program Files (x86)\MiKTeX 2.9\miktex\bin\;C:\Program Files\TortoiseSVN\bin;C:\Windows\system32\config\systemprofile\.dnx\bin;C:\Program Files\Microsoft DNX\Dnvm\;C:\Program Files\MATLAB\R2015b\runtime\win64;C:\Program Files\MATLAB\R2015b\bin;C:\Program Files (x86)\ATI Technologies\ATI.ACE\Core-Static;c:\program files\neo4j ce 2.3.1\jre\bin, -Dexe4j.consoleCodepage=cp0, -Dinstall4j.launcherId=24, -Dinstall4j.swt=false]
2015-12-10 22:45:39.426+0000 INFO  [o.n.k.i.DiagnosticsManager] Java classpath:
2015-12-10 22:45:39.428+0000 INFO  [o.n.k.i.DiagnosticsManager]  [loader.1] file:/C:/Program%20Files/Neo4j%20CE%202.3.1/jre/lib/ext/dnsns.jar
2015-12-10 22:45:39.428+0000 INFO  [o.n.k.i.DiagnosticsManager]  [loader.0] file:/C:/Program%20Files/Neo4j%20CE%202.3.1/bin/
2015-12-10 22:45:39.428+0000 INFO  [o.n.k.i.DiagnosticsManager]  [bootstrap] C:\Program Files\Neo4j CE 2.3.1\jre\lib\resources.jar
2015-12-10 22:45:39.428+0000 INFO  [o.n.k.i.DiagnosticsManager]  [bootstrap] C:\Program Files\Neo4j CE 2.3.1\jre\lib\jfr.jar
2015-12-10 22:45:39.428+0000 INFO  [o.n.k.i.DiagnosticsManager]  [classpath] C:\Program Files\Neo4j CE 2.3.1\.install4j\i4jruntime.jar
2015-12-10 22:45:39.428+0000 INFO  [o.n.k.i.DiagnosticsManager]  [loader.1] file:/C:/Program%20Files/Neo4j%20CE%202.3.1/jre/lib/ext/sunmscapi.jar
2015-12-10 22:45:39.428+0000 INFO  [o.n.k.i.DiagnosticsManager]  [bootstrap] C:\Program Files\Neo4j CE 2.3.1\jre\lib\jsse.jar
2015-12-10 22:45:39.428+0000 INFO  [o.n.k.i.DiagnosticsManager]  [loader.1] file:/C:/Program%20Files/Neo4j%20CE%202.3.1/jre/lib/ext/dns_sd.jar
2015-12-10 22:45:39.428+0000 INFO  [o.n.k.i.DiagnosticsManager]  [loader.0] file:/C:/Program%20Files/Neo4j%20CE%202.3.1/.install4j/i4jruntime.jar
2015-12-10 22:45:39.428+0000 INFO  [o.n.k.i.DiagnosticsManager]  [loader.0] file:/C:/Program%20Files/Neo4j%20CE%202.3.1/bin/neo4j-desktop-2.3.1.jar
2015-12-10 22:45:39.428+0000 INFO  [o.n.k.i.DiagnosticsManager]  [loader.1] file:/C:/Program%20Files/Neo4j%20CE%202.3.1/jre/lib/ext/access-bridge-64.jar
2015-12-10 22:45:39.428+0000 INFO  [o.n.k.i.DiagnosticsManager]  [loader.1] file:/C:/Program%20Files/Neo4j%20CE%202.3.1/jre/lib/ext/localedata.jar
2015-12-10 22:45:39.428+0000 INFO  [o.n.k.i.DiagnosticsManager]  [bootstrap] C:\Program Files\Neo4j CE 2.3.1\jre\lib\sunrsasign.jar
2015-12-10 22:45:39.428+0000 INFO  [o.n.k.i.DiagnosticsManager]  [bootstrap] C:\Program Files\Neo4j CE 2.3.1\jre\lib\jce.jar
2015-12-10 22:45:39.428+0000 INFO  [o.n.k.i.DiagnosticsManager]  [bootstrap] C:\Program Files\Neo4j CE 2.3.1\jre\lib\rt.jar
2015-12-10 22:45:39.428+0000 INFO  [o.n.k.i.DiagnosticsManager]  [bootstrap] C:\Program Files\Neo4j CE 2.3.1\jre\lib\charsets.jar
2015-12-10 22:45:39.428+0000 INFO  [o.n.k.i.DiagnosticsManager]  [loader.1] file:/C:/Program%20Files/Neo4j%20CE%202.3.1/jre/lib/ext/sunjce_provider.jar
2015-12-10 22:45:39.428+0000 INFO  [o.n.k.i.DiagnosticsManager]  [bootstrap] C:\Program Files\Neo4j CE 2.3.1\jre\classes
2015-12-10 22:45:39.428+0000 INFO  [o.n.k.i.DiagnosticsManager]  [loader.1] file:/C:/Program%20Files/Neo4j%20CE%202.3.1/jre/lib/ext/zipfs.jar
2015-12-10 22:45:39.428+0000 INFO  [o.n.k.i.DiagnosticsManager]  [loader.1] file:/C:/Program%20Files/Neo4j%20CE%202.3.1/jre/lib/ext/jaccess.jar
2015-12-10 22:45:39.428+0000 INFO  [o.n.k.i.DiagnosticsManager]  [loader.1] file:/C:/Program%20Files/Neo4j%20CE%202.3.1/jre/lib/ext/sunec.jar
2015-12-10 22:45:39.428+0000 INFO  [o.n.k.i.DiagnosticsManager]  [classpath] C:\Program Files\Neo4j CE 2.3.1\bin\neo4j-desktop-2.3.1.jar
2015-12-10 22:45:39.428+0000 INFO  [o.n.k.i.DiagnosticsManager] Library path:
2015-12-10 22:45:39.428+0000 INFO  [o.n.k.i.DiagnosticsManager] C:\Program Files (x86)\AMD APP\bin\x86_64
2015-12-10 22:45:39.429+0000 INFO  [o.n.k.i.DiagnosticsManager] C:\Program Files (x86)\AMD APP\bin\x86
2015-12-10 22:45:39.429+0000 INFO  [o.n.k.i.DiagnosticsManager] C:\ProgramData\Oracle\Java\javapath
2015-12-10 22:45:39.429+0000 INFO  [o.n.k.i.DiagnosticsManager] C:\Windows\System32
2015-12-10 22:45:39.429+0000 INFO  [o.n.k.i.DiagnosticsManager] C:\Windows
2015-12-10 22:45:39.429+0000 INFO  [o.n.k.i.DiagnosticsManager] C:\Windows\System32\wbem
2015-12-10 22:45:39.429+0000 INFO  [o.n.k.i.DiagnosticsManager] C:\Windows\System32\WindowsPowerShell\v1.0
2015-12-10 22:45:39.430+0000 INFO  [o.n.k.i.DiagnosticsManager] C:\Program Files (x86)\MiKTeX 2.9\miktex\bin
2015-12-10 22:45:39.430+0000 INFO  [o.n.k.i.DiagnosticsManager] C:\Program Files\TortoiseSVN\bin
2015-12-10 22:45:39.430+0000 INFO  [o.n.k.i.DiagnosticsManager] C:\Windows\System32\config\systemprofile\.dnx\bin
2015-12-10 22:45:39.430+0000 INFO  [o.n.k.i.DiagnosticsManager] C:\Program Files\Microsoft DNX\Dnvm
2015-12-10 22:45:39.430+0000 INFO  [o.n.k.i.DiagnosticsManager] C:\Program Files\MATLAB\R2015b\runtime\win64
2015-12-10 22:45:39.431+0000 INFO  [o.n.k.i.DiagnosticsManager] C:\Program Files\MATLAB\R2015b\bin
2015-12-10 22:45:39.431+0000 INFO  [o.n.k.i.DiagnosticsManager] C:\Program Files (x86)\ATI Technologies\ATI.ACE\Core-Static
2015-12-10 22:45:39.431+0000 INFO  [o.n.k.i.DiagnosticsManager] C:\Program Files\Neo4j CE 2.3.1\jre\bin
2015-12-10 22:45:39.431+0000 INFO  [o.n.k.i.DiagnosticsManager] System.properties:
2015-12-10 22:45:39.431+0000 INFO  [o.n.k.i.DiagnosticsManager] exe4j.moduleName = C:\Program Files\Neo4j CE 2.3.1\bin\neo4j-ce.exe
2015-12-10 22:45:39.431+0000 INFO  [o.n.k.i.DiagnosticsManager] exe4j.semaphoreName = Local\c:_program_files_neo4j_ce_2.3.1_bin_neo4j-ce.exe
2015-12-10 22:45:39.431+0000 INFO  [o.n.k.i.DiagnosticsManager] sun.boot.library.path = c:\program files\neo4j ce 2.3.1\jre\bin
2015-12-10 22:45:39.431+0000 INFO  [o.n.k.i.DiagnosticsManager] exe4j.consoleCodepage = cp0
2015-12-10 22:45:39.431+0000 INFO  [o.n.k.i.DiagnosticsManager] path.separator = ;
2015-12-10 22:45:39.431+0000 INFO  [o.n.k.i.DiagnosticsManager] file.encoding.pkg = sun.io
2015-12-10 22:45:39.431+0000 INFO  [o.n.k.i.DiagnosticsManager] user.country = US
2015-12-10 22:45:39.431+0000 INFO  [o.n.k.i.DiagnosticsManager] user.script = 
2015-12-10 22:45:39.431+0000 INFO  [o.n.k.i.DiagnosticsManager] sun.os.patch.level = 
2015-12-10 22:45:39.431+0000 INFO  [o.n.k.i.DiagnosticsManager] install4j.exeDir = C:\Program Files\Neo4j CE 2.3.1\bin\
2015-12-10 22:45:39.431+0000 INFO  [o.n.k.i.DiagnosticsManager] user.dir = C:\Program Files\Neo4j CE 2.3.1\bin
2015-12-10 22:45:39.431+0000 INFO  [o.n.k.i.DiagnosticsManager] neo4j.ext.udc.source = desktop
2015-12-10 22:45:39.431+0000 INFO  [o.n.k.i.DiagnosticsManager] user.variant = 
2015-12-10 22:45:39.431+0000 INFO  [o.n.k.i.DiagnosticsManager] exe4j.tempDir = 
2015-12-10 22:45:39.431+0000 INFO  [o.n.k.i.DiagnosticsManager] sun.jnu.encoding = Cp1252
2015-12-10 22:45:39.431+0000 INFO  [o.n.k.i.DiagnosticsManager] sun.awt.enableExtraMouseButtons = true
2015-12-10 22:45:39.431+0000 INFO  [o.n.k.i.DiagnosticsManager] install4j.launcherId = 24
2015-12-10 22:45:39.431+0000 INFO  [o.n.k.i.DiagnosticsManager] sun.management.compiler = HotSpot 64-Bit Tiered Compilers
2015-12-10 22:45:39.431+0000 INFO  [o.n.k.i.DiagnosticsManager] exe4j.isInstall4j = true
2015-12-10 22:45:39.431+0000 INFO  [o.n.k.i.DiagnosticsManager] install4j.swt = false
2015-12-10 22:45:39.432+0000 INFO  [o.n.k.i.DiagnosticsManager] user.home = C:\Users\cez
2015-12-10 22:45:39.432+0000 INFO  [o.n.k.i.DiagnosticsManager] user.timezone = America/Chicago
2015-12-10 22:45:39.432+0000 INFO  [o.n.k.i.DiagnosticsManager] file.encoding = Cp1252
2015-12-10 22:45:39.432+0000 INFO  [o.n.k.i.DiagnosticsManager] user.name = cez
2015-12-10 22:45:39.432+0000 INFO  [o.n.k.i.DiagnosticsManager] sun.java.command = C:\Program Files\Neo4j CE 2.3.1\bin\neo4j-ce.exe
2015-12-10 22:45:39.432+0000 INFO  [o.n.k.i.DiagnosticsManager] sun.arch.data.model = 64
2015-12-10 22:45:39.432+0000 INFO  [o.n.k.i.DiagnosticsManager] exe4j.launchName = C:\Program Files\Neo4j CE 2.3.1\bin\neo4j-ce.exe
2015-12-10 22:45:39.432+0000 INFO  [o.n.k.i.DiagnosticsManager] user.language = en
2015-12-10 22:45:39.432+0000 INFO  [o.n.k.i.DiagnosticsManager] awt.toolkit = sun.awt.windows.WToolkit
2015-12-10 22:45:39.432+0000 INFO  [o.n.k.i.DiagnosticsManager] exe4j.unextractedPosition = 0
2015-12-10 22:45:39.432+0000 INFO  [o.n.k.i.DiagnosticsManager] install4j.appDir = C:\Program Files\Neo4j CE 2.3.1\
2015-12-10 22:45:39.432+0000 INFO  [o.n.k.i.DiagnosticsManager] file.separator = \
2015-12-10 22:45:39.432+0000 INFO  [o.n.k.i.DiagnosticsManager] sun.io.unicode.encoding = UnicodeLittle
2015-12-10 22:45:39.432+0000 INFO  [o.n.k.i.DiagnosticsManager] sun.cpu.endian = little
2015-12-10 22:45:39.432+0000 INFO  [o.n.k.i.DiagnosticsManager] sun.desktop = windows
2015-12-10 22:45:39.432+0000 INFO  [o.n.k.i.DiagnosticsManager] sun.cpu.isalist = amd64
2015-12-10 22:45:39.432+0000 INFO  [o.n.k.i.DiagnosticsManager] Network information:
2015-12-10 22:45:39.447+0000 INFO  [o.n.k.i.DiagnosticsManager] Interface Software Loopback Interface 1:
2015-12-10 22:45:39.447+0000 INFO  [o.n.k.i.DiagnosticsManager]     address: 127.0.0.1
2015-12-10 22:45:39.447+0000 INFO  [o.n.k.i.DiagnosticsManager]     address: 0:0:0:0:0:0:0:1
2015-12-10 22:45:39.447+0000 INFO  [o.n.k.i.DiagnosticsManager] Interface Microsoft Kernel Debug Network Adapter:
2015-12-10 22:45:39.447+0000 INFO  [o.n.k.i.DiagnosticsManager] Interface Intel(R) 82578DM Gigabit Network Connection:
2015-12-10 22:45:39.447+0000 INFO  [o.n.k.i.DiagnosticsManager]     address: 10.24.47.166
2015-12-10 22:45:39.447+0000 INFO  [o.n.k.i.DiagnosticsManager]     address: 2610:130:101:d00:4493:c16:efa9:8b55
2015-12-10 22:45:39.447+0000 INFO  [o.n.k.i.DiagnosticsManager]     address: 2610:130:101:d00:920:e15d:79eb:345b
2015-12-10 22:45:39.447+0000 INFO  [o.n.k.i.DiagnosticsManager]     address: 2610:130:101:d00:a502:b02c:1a2d:577b
2015-12-10 22:45:39.447+0000 INFO  [o.n.k.i.DiagnosticsManager]     address: fe80:0:0:0:4493:c16:efa9:8b55%3
2015-12-10 22:45:39.447+0000 INFO  [o.n.k.i.DiagnosticsManager] Interface Microsoft ISATAP Adapter:
2015-12-10 22:45:39.447+0000 INFO  [o.n.k.i.DiagnosticsManager]     address: fe80:0:0:0:0:5efe:c0a8:3801%4
2015-12-10 22:45:39.447+0000 INFO  [o.n.k.i.DiagnosticsManager] Interface Teredo Tunneling Pseudo-Interface:
2015-12-10 22:45:39.447+0000 INFO  [o.n.k.i.DiagnosticsManager] Interface Microsoft ISATAP Adapter #2:
2015-12-10 22:45:39.447+0000 INFO  [o.n.k.i.DiagnosticsManager]     address: fe80:0:0:0:0:5efe:a18:2fa6%6
2015-12-10 22:45:39.447+0000 INFO  [o.n.k.i.DiagnosticsManager] Interface VirtualBox Host-Only Ethernet Adapter:
2015-12-10 22:45:39.447+0000 INFO  [o.n.k.i.DiagnosticsManager]     address: 192.168.56.1
2015-12-10 22:45:39.447+0000 INFO  [o.n.k.i.DiagnosticsManager]     address: fe80:0:0:0:4133:2d33:29c2:6efa%7
2015-12-10 22:45:39.447+0000 INFO  [o.n.k.i.DiagnosticsManager] Interface Microsoft ISATAP Adapter #3:
2015-12-10 22:45:39.447+0000 INFO  [o.n.k.i.DiagnosticsManager] Interface VirtualBox Host-Only Ethernet Adapter-WFP Native MAC Layer LightWeight Filter-0000:
2015-12-10 22:45:39.447+0000 INFO  [o.n.k.i.DiagnosticsManager] Interface VirtualBox Host-Only Ethernet Adapter-VirtualBox NDIS Light-Weight Filter-0000:
2015-12-10 22:45:39.447+0000 INFO  [o.n.k.i.DiagnosticsManager] Interface VirtualBox Host-Only Ethernet Adapter-QoS Packet Scheduler-0000:
2015-12-10 22:45:39.447+0000 INFO  [o.n.k.i.DiagnosticsManager] Interface VirtualBox Host-Only Ethernet Adapter-WFP 802.3 MAC Layer LightWeight Filter-0000:
2015-12-10 22:45:39.447+0000 INFO  [o.n.k.i.DiagnosticsManager] Interface Intel(R) 82578DM Gigabit Network Connection-WFP Native MAC Layer LightWeight Filter-0000:
2015-12-10 22:45:39.447+0000 INFO  [o.n.k.i.DiagnosticsManager] Interface Intel(R) 82578DM Gigabit Network Connection-VirtualBox NDIS Light-Weight Filter-0000:
2015-12-10 22:45:39.448+0000 INFO  [o.n.k.i.DiagnosticsManager] Interface Intel(R) 82578DM Gigabit Network Connection-QoS Packet Scheduler-0000:
2015-12-10 22:45:39.448+0000 INFO  [o.n.k.i.DiagnosticsManager] Interface Intel(R) 82578DM Gigabit Network Connection-WFP 802.3 MAC Layer LightWeight Filter-0000:
2015-12-10 22:45:39.448+0000 INFO  [o.n.k.i.DiagnosticsManager] --- INITIALIZED diagnostics END ---
2015-12-10 22:45:40.709+0000 INFO  [o.n.k.KernelHealth] Kernel health set to OK
2015-12-10 22:45:40.723+0000 INFO  [o.n.k.AvailabilityGuard] Fulfilling of requirement makes database available: Database available
2015-12-10 22:45:40.726+0000 INFO  [o.n.k.i.f.CommunityFacadeFactory] Database is now ready
2015-12-10 22:45:40.729+0000 INFO  [o.n.k.i.DiagnosticsManager] --- STARTED diagnostics for KernelDiagnostics:Versions START ---
2015-12-10 22:45:40.733+0000 INFO  [o.n.k.i.DiagnosticsManager] Graph Database: Community StoreId{creationTime=1449699102741, randomId=-3115265531713833594, storeVersion=15250506225055238, upgradeTime=1449699102741, upgradeId=1}
2015-12-10 22:45:40.736+0000 INFO  [o.n.k.i.DiagnosticsManager] Kernel version: 2.3.1
2015-12-10 22:45:40.739+0000 INFO  [o.n.k.i.DiagnosticsManager] --- STARTED diagnostics for KernelDiagnostics:Versions END ---
2015-12-10 22:45:40.742+0000 INFO  [o.n.k.i.DiagnosticsManager] --- STARTED diagnostics for NEO_STORE_VERSIONS START ---
2015-12-10 22:45:40.745+0000 INFO  [o.n.k.i.DiagnosticsManager] Store versions:
2015-12-10 22:45:40.749+0000 INFO  [o.n.k.i.DiagnosticsManager] Store versions:
2015-12-10 22:45:40.752+0000 INFO  [o.n.k.i.DiagnosticsManager] ArrayPropertyStore v0.A.6
2015-12-10 22:45:40.755+0000 INFO  [o.n.k.i.DiagnosticsManager] NodeStore v0.A.6
2015-12-10 22:45:40.758+0000 INFO  [o.n.k.i.DiagnosticsManager] StringPropertyStore v0.A.6
2015-12-10 22:45:40.761+0000 INFO  [o.n.k.i.DiagnosticsManager] PropertyIndexStore v0.A.6
2015-12-10 22:45:40.764+0000 INFO  [o.n.k.i.DiagnosticsManager] StringPropertyStore v0.A.6
2015-12-10 22:45:40.767+0000 INFO  [o.n.k.i.DiagnosticsManager] ArrayPropertyStore v0.A.6
2015-12-10 22:45:40.770+0000 INFO  [o.n.k.i.DiagnosticsManager] PropertyStore v0.A.6
2015-12-10 22:45:40.772+0000 INFO  [o.n.k.i.DiagnosticsManager] RelationshipStore v0.A.6
2015-12-10 22:45:40.775+0000 INFO  [o.n.k.i.DiagnosticsManager] StringPropertyStore v0.A.6
2015-12-10 22:45:40.777+0000 INFO  [o.n.k.i.DiagnosticsManager] RelationshipTypeStore v0.A.6
2015-12-10 22:45:40.779+0000 INFO  [o.n.k.i.DiagnosticsManager] StringPropertyStore v0.A.6
2015-12-10 22:45:40.782+0000 INFO  [o.n.k.i.DiagnosticsManager] LabelTokenStore v0.A.6
2015-12-10 22:45:40.784+0000 INFO  [o.n.k.i.DiagnosticsManager] SchemaStore v0.A.6
2015-12-10 22:45:40.786+0000 INFO  [o.n.k.i.DiagnosticsManager] RelationshipGroupStore v0.A.6
2015-12-10 22:45:40.789+0000 INFO  [o.n.k.i.DiagnosticsManager] NeoStore v0.A.6
2015-12-10 22:45:40.791+0000 INFO  [o.n.k.i.DiagnosticsManager] --- STARTED diagnostics for NEO_STORE_VERSIONS END ---
2015-12-10 22:45:40.793+0000 INFO  [o.n.k.i.DiagnosticsManager] --- STARTED diagnostics for NEO_STORE_ID_USAGE START ---
2015-12-10 22:45:40.796+0000 INFO  [o.n.k.i.DiagnosticsManager] Id usage:
2015-12-10 22:45:40.798+0000 INFO  [o.n.k.i.DiagnosticsManager] Id usage:
2015-12-10 22:45:40.800+0000 INFO  [o.n.k.i.DiagnosticsManager]   ArrayPropertyStore v0.A.6: used=1 high=0
2015-12-10 22:45:40.802+0000 INFO  [o.n.k.i.DiagnosticsManager]   NodeStore v0.A.6: used=2300 high=2299
2015-12-10 22:45:40.805+0000 INFO  [o.n.k.i.DiagnosticsManager]   StringPropertyStore v0.A.6: used=4 high=3
2015-12-10 22:45:40.807+0000 INFO  [o.n.k.i.DiagnosticsManager]   PropertyIndexStore v0.A.6: used=3 high=2
2015-12-10 22:45:40.809+0000 INFO  [o.n.k.i.DiagnosticsManager]   StringPropertyStore v0.A.6: used=1 high=0
2015-12-10 22:45:40.811+0000 INFO  [o.n.k.i.DiagnosticsManager]   ArrayPropertyStore v0.A.6: used=1 high=0
2015-12-10 22:45:40.814+0000 INFO  [o.n.k.i.DiagnosticsManager]   PropertyStore v0.A.6: used=2300 high=2299
2015-12-10 22:45:40.816+0000 INFO  [o.n.k.i.DiagnosticsManager]   RelationshipStore v0.A.6: used=2200 high=2199
2015-12-10 22:45:40.818+0000 INFO  [o.n.k.i.DiagnosticsManager]   StringPropertyStore v0.A.6: used=3 high=2
2015-12-10 22:45:40.820+0000 INFO  [o.n.k.i.DiagnosticsManager]   RelationshipTypeStore v0.A.6: used=2 high=1
2015-12-10 22:45:40.823+0000 INFO  [o.n.k.i.DiagnosticsManager]   StringPropertyStore v0.A.6: used=4 high=3
2015-12-10 22:45:40.825+0000 INFO  [o.n.k.i.DiagnosticsManager]   LabelTokenStore v0.A.6: used=3 high=2
2015-12-10 22:45:40.827+0000 INFO  [o.n.k.i.DiagnosticsManager]   SchemaStore v0.A.6: used=1 high=0
2015-12-10 22:45:40.829+0000 INFO  [o.n.k.i.DiagnosticsManager]   RelationshipGroupStore v0.A.6: used=1 high=0
2015-12-10 22:45:40.831+0000 INFO  [o.n.k.i.DiagnosticsManager]   NeoStore v0.A.6: used=13 high=12
2015-12-10 22:45:40.834+0000 INFO  [o.n.k.i.DiagnosticsManager] --- STARTED diagnostics for NEO_STORE_ID_USAGE END ---
2015-12-10 22:45:40.836+0000 INFO  [o.n.k.i.DiagnosticsManager] --- STARTED diagnostics for NEO_STORE_RECORDS START ---
2015-12-10 22:45:40.839+0000 INFO  [o.n.k.i.DiagnosticsManager] Neostore records:
2015-12-10 22:45:40.841+0000 INFO  [o.n.k.i.DiagnosticsManager] TIME (Creation time): 1449699102741
2015-12-10 22:45:40.844+0000 INFO  [o.n.k.i.DiagnosticsManager] RANDOM_NUMBER (Random number for store id): -3115265531713833594
2015-12-10 22:45:40.846+0000 INFO  [o.n.k.i.DiagnosticsManager] LOG_VERSION (Current log version): 0
2015-12-10 22:45:40.849+0000 INFO  [o.n.k.i.DiagnosticsManager] LAST_TRANSACTION_ID (Last committed transaction): 4509
2015-12-10 22:45:40.851+0000 INFO  [o.n.k.i.DiagnosticsManager] STORE_VERSION (Store format version): 15250506225055238
2015-12-10 22:45:40.853+0000 INFO  [o.n.k.i.DiagnosticsManager] FIRST_GRAPH_PROPERTY (First property record containing graph properties): -1
2015-12-10 22:45:40.856+0000 INFO  [o.n.k.i.DiagnosticsManager] LAST_CONSTRAINT_TRANSACTION (Last committed transaction containing constraint changes): 0
2015-12-10 22:45:40.858+0000 INFO  [o.n.k.i.DiagnosticsManager] UPGRADE_TRANSACTION_ID (Transaction id most recent upgrade was performed at): 1
2015-12-10 22:45:40.861+0000 INFO  [o.n.k.i.DiagnosticsManager] UPGRADE_TIME (Time of last upgrade): 1449699102741
2015-12-10 22:45:40.863+0000 INFO  [o.n.k.i.DiagnosticsManager] LAST_TRANSACTION_CHECKSUM (Checksum of last committed transaction): -162545860359
2015-12-10 22:45:40.865+0000 INFO  [o.n.k.i.DiagnosticsManager] UPGRADE_TRANSACTION_CHECKSUM (Checksum of transaction id the most recent upgrade was performed at): 0
2015-12-10 22:45:40.867+0000 INFO  [o.n.k.i.DiagnosticsManager] LAST_CLOSED_TRANSACTION_LOG_VERSION (Log version where the last transaction commit entry has been written into): 0
2015-12-10 22:45:40.870+0000 INFO  [o.n.k.i.DiagnosticsManager] LAST_CLOSED_TRANSACTION_LOG_BYTE_OFFSET (Byte offset in the log file where the last transaction commit entry has been written into): 1596149
2015-12-10 22:45:40.872+0000 INFO  [o.n.k.i.DiagnosticsManager] --- STARTED diagnostics for NEO_STORE_RECORDS END ---
2015-12-10 22:45:40.874+0000 INFO  [o.n.k.i.DiagnosticsManager] --- STARTED diagnostics for TRANSACTION_RANGE START ---
2015-12-10 22:45:40.876+0000 INFO  [o.n.k.i.DiagnosticsManager] Transaction log:
2015-12-10 22:45:40.879+0000 INFO  [o.n.k.i.DiagnosticsManager] Oldest transaction 2 found in log with version 0
2015-12-10 22:45:40.881+0000 INFO  [o.n.k.i.DiagnosticsManager] --- STARTED diagnostics for TRANSACTION_RANGE END ---
2015-12-10 22:45:40.884+0000 INFO  [o.n.k.i.DiagnosticsManager] --- STARTED diagnostics for KernelDiagnostics:StoreFiles START ---
2015-12-10 22:45:40.887+0000 INFO  [o.n.k.i.DiagnosticsManager] Disk space on partition (Total / Free / Free %): 499738734592 / 397642838016 / 79
Storage files: (filename : modification date - size)
2015-12-10 22:45:40.890+0000 INFO  [o.n.k.i.DiagnosticsManager]   dbms:
2015-12-10 22:45:40.892+0000 INFO  [o.n.k.i.DiagnosticsManager]     auth: 2015-12-09T16:11:43-0600 - 137.00 B
2015-12-10 22:45:40.895+0000 INFO  [o.n.k.i.DiagnosticsManager]     ssl:
2015-12-10 22:45:40.897+0000 INFO  [o.n.k.i.DiagnosticsManager]       snakeoil.cert: 2015-12-09T16:11:39-0600 - 630.00 B
2015-12-10 22:45:40.900+0000 INFO  [o.n.k.i.DiagnosticsManager]       snakeoil.key: 2015-12-09T16:11:39-0600 - 914.00 B
2015-12-10 22:45:40.902+0000 INFO  [o.n.k.i.DiagnosticsManager]     - Total: 2015-12-09T16:11:39-0600 - 1.51 kB
2015-12-10 22:45:40.905+0000 INFO  [o.n.k.i.DiagnosticsManager]   - Total: 2015-12-09T16:11:43-0600 - 1.64 kB
2015-12-10 22:45:40.907+0000 INFO  [o.n.k.i.DiagnosticsManager]   index:
2015-12-10 22:45:40.910+0000 INFO  [o.n.k.i.DiagnosticsManager]   - Total: 2015-12-09T16:11:42-0600 - 0.00 B
2015-12-10 22:45:40.912+0000 INFO  [o.n.k.i.DiagnosticsManager]   messages.log: 2015-12-09T16:17:46-0600 - 61.23 kB
2015-12-10 22:45:40.914+0000 INFO  [o.n.k.i.DiagnosticsManager]   neo4j.properties: 2015-12-09T16:11:39-0600 - 1.30 kB
2015-12-10 22:45:40.917+0000 INFO  [o.n.k.i.DiagnosticsManager]   neostore: 2015-12-09T16:16:43-0600 - 8.00 kB
2015-12-10 22:45:40.919+0000 INFO  [o.n.k.i.DiagnosticsManager]   neostore.counts.db.a: 2015-12-09T16:11:42-0600 - 96.00 B
2015-12-10 22:45:40.922+0000 INFO  [o.n.k.i.DiagnosticsManager]   neostore.counts.db.b: 2015-12-09T16:16:43-0600 - 576.00 B
2015-12-10 22:45:40.925+0000 INFO  [o.n.k.i.DiagnosticsManager]   neostore.id: 2015-12-10T16:45:40-0600 - 9.00 B
2015-12-10 22:45:40.927+0000 INFO  [o.n.k.i.DiagnosticsManager]   neostore.labeltokenstore.db: 2015-12-09T16:16:43-0600 - 8.00 kB
2015-12-10 22:45:40.930+0000 INFO  [o.n.k.i.DiagnosticsManager]   neostore.labeltokenstore.db.id: 2015-12-10T16:45:40-0600 - 9.00 B
2015-12-10 22:45:40.932+0000 INFO  [o.n.k.i.DiagnosticsManager]   neostore.labeltokenstore.db.names: 2015-12-09T16:16:43-0600 - 8.00 kB
2015-12-10 22:45:40.935+0000 INFO  [o.n.k.i.DiagnosticsManager]   neostore.labeltokenstore.db.names.id: 2015-12-10T16:45:40-0600 - 9.00 B
2015-12-10 22:45:40.938+0000 INFO  [o.n.k.i.DiagnosticsManager]   neostore.nodestore.db: 2015-12-09T16:16:43-0600 - 39.99 kB
2015-12-10 22:45:40.941+0000 INFO  [o.n.k.i.DiagnosticsManager]   neostore.nodestore.db.id: 2015-12-10T16:45:39-0600 - 9.00 B
2015-12-10 22:45:40.943+0000 INFO  [o.n.k.i.DiagnosticsManager]   neostore.nodestore.db.labels: 2015-12-09T16:11:40-0600 - 8.00 kB
2015-12-10 22:45:40.946+0000 INFO  [o.n.k.i.DiagnosticsManager]   neostore.nodestore.db.labels.id: 2015-12-10T16:45:39-0600 - 9.00 B
2015-12-10 22:45:40.948+0000 INFO  [o.n.k.i.DiagnosticsManager]   neostore.propertystore.db: 2015-12-09T16:16:43-0600 - 95.61 kB
2015-12-10 22:45:40.951+0000 INFO  [o.n.k.i.DiagnosticsManager]   neostore.propertystore.db.arrays: 2015-12-09T16:11:41-0600 - 8.00 kB
2015-12-10 22:45:40.954+0000 INFO  [o.n.k.i.DiagnosticsManager]   neostore.propertystore.db.arrays.id: 2015-12-10T16:45:39-0600 - 9.00 B
2015-12-10 22:45:40.956+0000 INFO  [o.n.k.i.DiagnosticsManager]   neostore.propertystore.db.id: 2015-12-10T16:45:39-0600 - 9.00 B
2015-12-10 22:45:40.959+0000 INFO  [o.n.k.i.DiagnosticsManager]   neostore.propertystore.db.index: 2015-12-09T16:16:43-0600 - 8.00 kB
2015-12-10 22:45:40.962+0000 INFO  [o.n.k.i.DiagnosticsManager]   neostore.propertystore.db.index.id: 2015-12-10T16:45:39-0600 - 9.00 B
2015-12-10 22:45:40.964+0000 INFO  [o.n.k.i.DiagnosticsManager]   neostore.propertystore.db.index.keys: 2015-12-09T16:16:43-0600 - 8.00 kB
2015-12-10 22:45:40.967+0000 INFO  [o.n.k.i.DiagnosticsManager]   neostore.propertystore.db.index.keys.id: 2015-12-10T16:45:39-0600 - 9.00 B
2015-12-10 22:45:40.969+0000 INFO  [o.n.k.i.DiagnosticsManager]   neostore.propertystore.db.strings: 2015-12-09T16:11:40-0600 - 8.00 kB
2015-12-10 22:45:40.972+0000 INFO  [o.n.k.i.DiagnosticsManager]   neostore.propertystore.db.strings.id: 2015-12-10T16:45:39-0600 - 9.00 B
2015-12-10 22:45:40.974+0000 INFO  [o.n.k.i.DiagnosticsManager]   neostore.relationshipgroupstore.db: 2015-12-09T16:11:42-0600 - 8.00 kB
2015-12-10 22:45:40.977+0000 INFO  [o.n.k.i.DiagnosticsManager]   neostore.relationshipgroupstore.db.id: 2015-12-10T16:45:40-0600 - 9.00 B
2015-12-10 22:45:40.980+0000 INFO  [o.n.k.i.DiagnosticsManager]   neostore.relationshipstore.db: 2015-12-09T16:16:43-0600 - 79.69 kB
2015-12-10 22:45:40.982+0000 INFO  [o.n.k.i.DiagnosticsManager]   neostore.relationshipstore.db.id: 2015-12-10T16:45:40-0600 - 9.00 B
2015-12-10 22:45:40.985+0000 INFO  [o.n.k.i.DiagnosticsManager]   neostore.relationshiptypestore.db: 2015-12-09T16:16:43-0600 - 8.00 kB
2015-12-10 22:45:40.988+0000 INFO  [o.n.k.i.DiagnosticsManager]   neostore.relationshiptypestore.db.id: 2015-12-10T16:45:40-0600 - 9.00 B
2015-12-10 22:45:40.990+0000 INFO  [o.n.k.i.DiagnosticsManager]   neostore.relationshiptypestore.db.names: 2015-12-09T16:16:43-0600 - 8.00 kB
2015-12-10 22:45:40.993+0000 INFO  [o.n.k.i.DiagnosticsManager]   neostore.relationshiptypestore.db.names.id: 2015-12-10T16:45:40-0600 - 9.00 B
2015-12-10 22:45:40.995+0000 INFO  [o.n.k.i.DiagnosticsManager]   neostore.schemastore.db: 2015-12-09T16:11:42-0600 - 8.00 kB
2015-12-10 22:45:40.998+0000 INFO  [o.n.k.i.DiagnosticsManager]   neostore.schemastore.db.id: 2015-12-10T16:45:40-0600 - 9.00 B
2015-12-10 22:45:41.000+0000 INFO  [o.n.k.i.DiagnosticsManager]   neostore.transaction.db.0: 2015-12-09T16:17:44-0600 - 1.52 MB
2015-12-10 22:45:41.003+0000 INFO  [o.n.k.i.DiagnosticsManager]   schema:
2015-12-10 22:45:41.005+0000 INFO  [o.n.k.i.DiagnosticsManager]     label:
2015-12-10 22:45:41.008+0000 INFO  [o.n.k.i.DiagnosticsManager]       lucene:
2015-12-10 22:45:41.010+0000 INFO  [o.n.k.i.DiagnosticsManager]         _3iu.cfs: 2015-12-09T16:15:58-0600 - 2.35 kB
2015-12-10 22:45:41.012+0000 INFO  [o.n.k.i.DiagnosticsManager]         segments.gen: 2015-12-09T16:16:43-0600 - 20.00 B
2015-12-10 22:45:41.014+0000 INFO  [o.n.k.i.DiagnosticsManager]         segments_1: 2015-12-09T16:16:42-0600 - 258.00 B
2015-12-10 22:45:41.017+0000 INFO  [o.n.k.i.DiagnosticsManager]         write.lock: 2015-12-10T16:45:40-0600 - 0.00 B
2015-12-10 22:45:41.019+0000 INFO  [o.n.k.i.DiagnosticsManager]       - Total: 2015-12-10T16:45:40-0600 - 2.63 kB
2015-12-10 22:45:41.021+0000 INFO  [o.n.k.i.DiagnosticsManager]     - Total: 2015-12-09T16:11:42-0600 - 2.63 kB
2015-12-10 22:45:41.023+0000 INFO  [o.n.k.i.DiagnosticsManager]   - Total: 2015-12-09T16:11:42-0600 - 2.63 kB
2015-12-10 22:45:41.026+0000 INFO  [o.n.k.i.DiagnosticsManager]   store_lock: 2015-12-09T16:11:40-0600 - 0.00 B
2015-12-10 22:45:41.028+0000 INFO  [o.n.k.i.DiagnosticsManager] --- STARTED diagnostics for KernelDiagnostics:StoreFiles END ---
2015-12-10 22:45:41.038+0000 INFO  [o.n.k.i.DiagnosticsManager] --- SERVER STARTED START ---
2015-12-10 22:45:41.924+0000 INFO  [o.n.k.i.DiagnosticsManager] --- SERVER STARTED END ---
2015-12-10 23:04:41.590+0000 INFO  [o.n.k.i.f.GraphDatabaseFacade] Shutdown started
2015-12-10 23:04:41.592+0000 INFO  [o.n.k.i.f.CommunityFacadeFactory] Database is now unavailable
2015-12-10 23:04:41.618+0000 INFO  [o.n.k.i.t.l.c.CheckPointerImpl] Check Pointing triggered by database shutdown [4509]:  Starting check pointing...
2015-12-10 23:04:41.621+0000 INFO  [o.n.k.i.t.l.c.CheckPointerImpl] Check Pointing triggered by database shutdown [4509]:  Starting store flush...
2015-12-10 23:04:41.636+0000 INFO  [o.n.k.i.t.l.c.CheckPointerImpl] Check Pointing triggered by database shutdown [4509]:  Store flush completed
2015-12-10 23:04:41.638+0000 INFO  [o.n.k.i.t.l.c.CheckPointerImpl] Check Pointing triggered by database shutdown [4509]:  Starting appending check point entry into the tx log...
2015-12-10 23:04:41.675+0000 INFO  [o.n.k.i.t.l.c.CheckPointerImpl] Check Pointing triggered by database shutdown [4509]:  Appending check point entry into the tx log completed
2015-12-10 23:04:41.677+0000 INFO  [o.n.k.i.t.l.c.CheckPointerImpl] Check Pointing triggered by database shutdown [4509]:  Check pointing completed
2015-12-10 23:04:41.680+0000 INFO  [o.n.k.i.t.l.p.LogPruningImpl] Log Rotation [0]:  Starting log pruning.
2015-12-10 23:04:41.682+0000 INFO  [o.n.k.i.t.l.p.LogPruningImpl] Log Rotation [0]:  Log pruning complete.
2015-12-10 23:04:43.060+0000 INFO  [o.n.k.NeoStoreDataSource] NeoStores closed
2015-12-10 23:04:43.077+0000 INFO  [o.n.k.i.DiagnosticsManager] --- STOPPING diagnostics START ---
2015-12-10 23:04:43.078+0000 INFO  [o.n.k.i.DiagnosticsManager] --- STOPPING diagnostics END ---
