2015-12-09 22:55:53.866+0000 INFO  [o.n.k.i.f.CommunityFacadeFactory] No locking implementation specified, defaulting to 'community'
2015-12-09 22:55:53.870+0000 INFO  [o.n.k.AvailabilityGuard] Requirement makes database unavailable: Database available
2015-12-09 22:55:53.872+0000 INFO  [o.n.k.i.DiagnosticsManager] --- INITIALIZED diagnostics START ---
2015-12-09 22:55:53.872+0000 INFO  [o.n.k.i.DiagnosticsManager] Neo4j Kernel properties:
2015-12-09 22:55:53.872+0000 INFO  [o.n.k.i.DiagnosticsManager] org.neo4j.server.db.tuning.properties=C:\561\3000\3000D0\neo4j.properties
2015-12-09 22:55:53.872+0000 INFO  [o.n.k.i.DiagnosticsManager] org.neo4j.server.database.location=C:\561\3000\3000D0
2015-12-09 22:55:53.872+0000 INFO  [o.n.k.i.DiagnosticsManager] dbms.querylog.filename=data/log/queries.log
2015-12-09 22:55:53.872+0000 INFO  [o.n.k.i.DiagnosticsManager] dbms.security.auth_store.location=C:\561\3000\3000D0\.\dbms\auth
2015-12-09 22:55:53.872+0000 INFO  [o.n.k.i.DiagnosticsManager] dbms.security.tls_certificate_file=C:\561\3000\3000D0\.\dbms\ssl\snakeoil.cert
2015-12-09 22:55:53.872+0000 INFO  [o.n.k.i.DiagnosticsManager] remote_shell_enabled=true
2015-12-09 22:55:53.872+0000 INFO  [o.n.k.i.DiagnosticsManager] edition=Community
2015-12-09 22:55:53.872+0000 INFO  [o.n.k.i.DiagnosticsManager] dbms.security.tls_key_file=C:\561\3000\3000D0\.\dbms\ssl\snakeoil.key
2015-12-09 22:55:53.873+0000 INFO  [o.n.k.i.DiagnosticsManager] Diagnostics providers:
2015-12-09 22:55:53.873+0000 INFO  [o.n.k.i.DiagnosticsManager] org.neo4j.kernel.configuration.Config
2015-12-09 22:55:53.873+0000 INFO  [o.n.k.i.DiagnosticsManager] org.neo4j.kernel.info.DiagnosticsManager
2015-12-09 22:55:53.873+0000 INFO  [o.n.k.i.DiagnosticsManager] SYSTEM_MEMORY
2015-12-09 22:55:53.873+0000 INFO  [o.n.k.i.DiagnosticsManager] JAVA_MEMORY
2015-12-09 22:55:53.873+0000 INFO  [o.n.k.i.DiagnosticsManager] OPERATING_SYSTEM
2015-12-09 22:55:53.873+0000 INFO  [o.n.k.i.DiagnosticsManager] JAVA_VIRTUAL_MACHINE
2015-12-09 22:55:53.873+0000 INFO  [o.n.k.i.DiagnosticsManager] CLASSPATH
2015-12-09 22:55:53.873+0000 INFO  [o.n.k.i.DiagnosticsManager] LIBRARY_PATH
2015-12-09 22:55:53.873+0000 INFO  [o.n.k.i.DiagnosticsManager] SYSTEM_PROPERTIES
2015-12-09 22:55:53.873+0000 INFO  [o.n.k.i.DiagnosticsManager] NETWORK
2015-12-09 22:55:53.873+0000 INFO  [o.n.k.i.DiagnosticsManager] System memory information:
2015-12-09 22:55:53.873+0000 INFO  [o.n.k.i.DiagnosticsManager] Total Physical memory: 3.93 GB
2015-12-09 22:55:53.873+0000 INFO  [o.n.k.i.DiagnosticsManager] Free Physical memory: 1.74 GB
2015-12-09 22:55:53.873+0000 INFO  [o.n.k.i.DiagnosticsManager] Committed virtual memory: 331.07 MB
2015-12-09 22:55:53.873+0000 INFO  [o.n.k.i.DiagnosticsManager] Total swap space: 5.05 GB
2015-12-09 22:55:53.873+0000 INFO  [o.n.k.i.DiagnosticsManager] Free swap space: 1.91 GB
2015-12-09 22:55:53.873+0000 INFO  [o.n.k.i.DiagnosticsManager] JVM memory information:
2015-12-09 22:55:53.873+0000 INFO  [o.n.k.i.DiagnosticsManager] Free  memory: 22.36 MB
2015-12-09 22:55:53.873+0000 INFO  [o.n.k.i.DiagnosticsManager] Total memory: 77.00 MB
2015-12-09 22:55:53.873+0000 INFO  [o.n.k.i.DiagnosticsManager] Max   memory: 894.50 MB
2015-12-09 22:55:53.873+0000 INFO  [o.n.k.i.DiagnosticsManager] Garbage Collector: PS Scavenge: [PS Eden Space, PS Survivor Space]
2015-12-09 22:55:53.873+0000 INFO  [o.n.k.i.DiagnosticsManager] Garbage Collector: PS MarkSweep: [PS Eden Space, PS Survivor Space, PS Old Gen, PS Perm Gen]
2015-12-09 22:55:53.873+0000 INFO  [o.n.k.i.DiagnosticsManager] Memory Pool: Code Cache (Non-heap memory): committed=11.06 MB, used=10.85 MB, max=48.00 MB, threshold=0.00 B
2015-12-09 22:55:53.873+0000 INFO  [o.n.k.i.DiagnosticsManager] Memory Pool: PS Eden Space (Heap memory): committed=19.00 MB, used=9.45 MB, max=333.00 MB, threshold=?
2015-12-09 22:55:53.873+0000 INFO  [o.n.k.i.DiagnosticsManager] Memory Pool: PS Survivor Space (Heap memory): committed=512.00 kB, used=480.02 kB, max=512.00 kB, threshold=?
2015-12-09 22:55:53.873+0000 INFO  [o.n.k.i.DiagnosticsManager] Memory Pool: PS Old Gen (Heap memory): committed=57.50 MB, used=44.72 MB, max=670.50 MB, threshold=0.00 B
2015-12-09 22:55:53.874+0000 INFO  [o.n.k.i.DiagnosticsManager] Memory Pool: PS Perm Gen (Non-heap memory): committed=64.50 MB, used=63.82 MB, max=82.00 MB, threshold=0.00 B
2015-12-09 22:55:53.874+0000 INFO  [o.n.k.i.DiagnosticsManager] Operating system information:
2015-12-09 22:55:53.874+0000 INFO  [o.n.k.i.DiagnosticsManager] Operating System: Windows 8.1; version: 6.3; arch: amd64; cpus: 8
2015-12-09 22:55:53.874+0000 INFO  [o.n.k.i.DiagnosticsManager] Process id: 3784@ATAN-B03-02
2015-12-09 22:55:53.874+0000 INFO  [o.n.k.i.DiagnosticsManager] Byte order: LITTLE_ENDIAN
2015-12-09 22:55:53.874+0000 INFO  [o.n.k.i.DiagnosticsManager] Local timezone: America/Chicago
2015-12-09 22:55:53.874+0000 INFO  [o.n.k.i.DiagnosticsManager] JVM information:
2015-12-09 22:55:53.874+0000 INFO  [o.n.k.i.DiagnosticsManager] VM Name: Java HotSpot(TM) 64-Bit Server VM
2015-12-09 22:55:53.874+0000 INFO  [o.n.k.i.DiagnosticsManager] VM Vendor: Oracle Corporation
2015-12-09 22:55:53.874+0000 INFO  [o.n.k.i.DiagnosticsManager] VM Version: 24.80-b11
2015-12-09 22:55:53.874+0000 INFO  [o.n.k.i.DiagnosticsManager] JIT compiler: HotSpot 64-Bit Tiered Compilers
2015-12-09 22:55:53.874+0000 INFO  [o.n.k.i.DiagnosticsManager] VM Arguments: [-Dexe4j.semaphoreName=Local\c:_program_files_neo4j_ce_2.3.1_bin_neo4j-ce.exe, -Dexe4j.isInstall4j=true, -Dexe4j.moduleName=C:\Program Files\Neo4j CE 2.3.1\bin\neo4j-ce.exe, -Dexe4j.tempDir=, -Dexe4j.unextractedPosition=0, -Djava.library.path=C:\Program Files (x86)\AMD APP\bin\x86_64;C:\Program Files (x86)\AMD APP\bin\x86;C:\ProgramData\Oracle\Java\javapath;C:\Windows\system32;C:\Windows;C:\Windows\System32\Wbem;C:\Windows\System32\WindowsPowerShell\v1.0\;C:\Program Files (x86)\MiKTeX 2.9\miktex\bin\;C:\Program Files\TortoiseSVN\bin;C:\Windows\system32\config\systemprofile\.dnx\bin;C:\Program Files\Microsoft DNX\Dnvm\;C:\Program Files\MATLAB\R2015b\runtime\win64;C:\Program Files\MATLAB\R2015b\bin;C:\Program Files (x86)\ATI Technologies\ATI.ACE\Core-Static;c:\program files\neo4j ce 2.3.1\jre\bin, -Dexe4j.consoleCodepage=cp0, -Dinstall4j.launcherId=24, -Dinstall4j.swt=false]
2015-12-09 22:55:53.874+0000 INFO  [o.n.k.i.DiagnosticsManager] Java classpath:
2015-12-09 22:55:53.876+0000 INFO  [o.n.k.i.DiagnosticsManager]  [loader.1] file:/C:/Program%20Files/Neo4j%20CE%202.3.1/jre/lib/ext/dnsns.jar
2015-12-09 22:55:53.876+0000 INFO  [o.n.k.i.DiagnosticsManager]  [loader.0] file:/C:/Program%20Files/Neo4j%20CE%202.3.1/bin/
2015-12-09 22:55:53.876+0000 INFO  [o.n.k.i.DiagnosticsManager]  [bootstrap] C:\Program Files\Neo4j CE 2.3.1\jre\lib\resources.jar
2015-12-09 22:55:53.876+0000 INFO  [o.n.k.i.DiagnosticsManager]  [bootstrap] C:\Program Files\Neo4j CE 2.3.1\jre\lib\jfr.jar
2015-12-09 22:55:53.876+0000 INFO  [o.n.k.i.DiagnosticsManager]  [classpath] C:\Program Files\Neo4j CE 2.3.1\.install4j\i4jruntime.jar
2015-12-09 22:55:53.876+0000 INFO  [o.n.k.i.DiagnosticsManager]  [loader.1] file:/C:/Program%20Files/Neo4j%20CE%202.3.1/jre/lib/ext/sunmscapi.jar
2015-12-09 22:55:53.876+0000 INFO  [o.n.k.i.DiagnosticsManager]  [bootstrap] C:\Program Files\Neo4j CE 2.3.1\jre\lib\jsse.jar
2015-12-09 22:55:53.876+0000 INFO  [o.n.k.i.DiagnosticsManager]  [loader.1] file:/C:/Program%20Files/Neo4j%20CE%202.3.1/jre/lib/ext/dns_sd.jar
2015-12-09 22:55:53.876+0000 INFO  [o.n.k.i.DiagnosticsManager]  [loader.0] file:/C:/Program%20Files/Neo4j%20CE%202.3.1/.install4j/i4jruntime.jar
2015-12-09 22:55:53.876+0000 INFO  [o.n.k.i.DiagnosticsManager]  [loader.0] file:/C:/Program%20Files/Neo4j%20CE%202.3.1/bin/neo4j-desktop-2.3.1.jar
2015-12-09 22:55:53.876+0000 INFO  [o.n.k.i.DiagnosticsManager]  [loader.1] file:/C:/Program%20Files/Neo4j%20CE%202.3.1/jre/lib/ext/access-bridge-64.jar
2015-12-09 22:55:53.876+0000 INFO  [o.n.k.i.DiagnosticsManager]  [loader.1] file:/C:/Program%20Files/Neo4j%20CE%202.3.1/jre/lib/ext/localedata.jar
2015-12-09 22:55:53.876+0000 INFO  [o.n.k.i.DiagnosticsManager]  [bootstrap] C:\Program Files\Neo4j CE 2.3.1\jre\lib\sunrsasign.jar
2015-12-09 22:55:53.877+0000 INFO  [o.n.k.i.DiagnosticsManager]  [bootstrap] C:\Program Files\Neo4j CE 2.3.1\jre\lib\jce.jar
2015-12-09 22:55:53.877+0000 INFO  [o.n.k.i.DiagnosticsManager]  [bootstrap] C:\Program Files\Neo4j CE 2.3.1\jre\lib\rt.jar
2015-12-09 22:55:53.877+0000 INFO  [o.n.k.i.DiagnosticsManager]  [bootstrap] C:\Program Files\Neo4j CE 2.3.1\jre\lib\charsets.jar
2015-12-09 22:55:53.877+0000 INFO  [o.n.k.i.DiagnosticsManager]  [loader.1] file:/C:/Program%20Files/Neo4j%20CE%202.3.1/jre/lib/ext/sunjce_provider.jar
2015-12-09 22:55:53.877+0000 INFO  [o.n.k.i.DiagnosticsManager]  [bootstrap] C:\Program Files\Neo4j CE 2.3.1\jre\classes
2015-12-09 22:55:53.877+0000 INFO  [o.n.k.i.DiagnosticsManager]  [loader.1] file:/C:/Program%20Files/Neo4j%20CE%202.3.1/jre/lib/ext/zipfs.jar
2015-12-09 22:55:53.877+0000 INFO  [o.n.k.i.DiagnosticsManager]  [loader.1] file:/C:/Program%20Files/Neo4j%20CE%202.3.1/jre/lib/ext/jaccess.jar
2015-12-09 22:55:53.877+0000 INFO  [o.n.k.i.DiagnosticsManager]  [loader.1] file:/C:/Program%20Files/Neo4j%20CE%202.3.1/jre/lib/ext/sunec.jar
2015-12-09 22:55:53.877+0000 INFO  [o.n.k.i.DiagnosticsManager]  [classpath] C:\Program Files\Neo4j CE 2.3.1\bin\neo4j-desktop-2.3.1.jar
2015-12-09 22:55:53.877+0000 INFO  [o.n.k.i.DiagnosticsManager] Library path:
2015-12-09 22:55:53.877+0000 INFO  [o.n.k.i.DiagnosticsManager] C:\Program Files (x86)\AMD APP\bin\x86_64
2015-12-09 22:55:53.877+0000 INFO  [o.n.k.i.DiagnosticsManager] C:\Program Files (x86)\AMD APP\bin\x86
2015-12-09 22:55:53.877+0000 INFO  [o.n.k.i.DiagnosticsManager] C:\ProgramData\Oracle\Java\javapath
2015-12-09 22:55:53.878+0000 INFO  [o.n.k.i.DiagnosticsManager] C:\Windows\System32
2015-12-09 22:55:53.878+0000 INFO  [o.n.k.i.DiagnosticsManager] C:\Windows
2015-12-09 22:55:53.878+0000 INFO  [o.n.k.i.DiagnosticsManager] C:\Windows\System32\wbem
2015-12-09 22:55:53.878+0000 INFO  [o.n.k.i.DiagnosticsManager] C:\Windows\System32\WindowsPowerShell\v1.0
2015-12-09 22:55:53.878+0000 INFO  [o.n.k.i.DiagnosticsManager] C:\Program Files (x86)\MiKTeX 2.9\miktex\bin
2015-12-09 22:55:53.878+0000 INFO  [o.n.k.i.DiagnosticsManager] C:\Program Files\TortoiseSVN\bin
2015-12-09 22:55:53.879+0000 INFO  [o.n.k.i.DiagnosticsManager] C:\Windows\System32\config\systemprofile\.dnx\bin
2015-12-09 22:55:53.879+0000 INFO  [o.n.k.i.DiagnosticsManager] C:\Program Files\Microsoft DNX\Dnvm
2015-12-09 22:55:53.879+0000 INFO  [o.n.k.i.DiagnosticsManager] C:\Program Files\MATLAB\R2015b\runtime\win64
2015-12-09 22:55:53.879+0000 INFO  [o.n.k.i.DiagnosticsManager] C:\Program Files\MATLAB\R2015b\bin
2015-12-09 22:55:53.879+0000 INFO  [o.n.k.i.DiagnosticsManager] C:\Program Files (x86)\ATI Technologies\ATI.ACE\Core-Static
2015-12-09 22:55:53.880+0000 INFO  [o.n.k.i.DiagnosticsManager] C:\Program Files\Neo4j CE 2.3.1\jre\bin
2015-12-09 22:55:53.880+0000 INFO  [o.n.k.i.DiagnosticsManager] System.properties:
2015-12-09 22:55:53.880+0000 INFO  [o.n.k.i.DiagnosticsManager] exe4j.moduleName = C:\Program Files\Neo4j CE 2.3.1\bin\neo4j-ce.exe
2015-12-09 22:55:53.880+0000 INFO  [o.n.k.i.DiagnosticsManager] exe4j.semaphoreName = Local\c:_program_files_neo4j_ce_2.3.1_bin_neo4j-ce.exe
2015-12-09 22:55:53.880+0000 INFO  [o.n.k.i.DiagnosticsManager] sun.boot.library.path = c:\program files\neo4j ce 2.3.1\jre\bin
2015-12-09 22:55:53.880+0000 INFO  [o.n.k.i.DiagnosticsManager] exe4j.consoleCodepage = cp0
2015-12-09 22:55:53.880+0000 INFO  [o.n.k.i.DiagnosticsManager] path.separator = ;
2015-12-09 22:55:53.880+0000 INFO  [o.n.k.i.DiagnosticsManager] file.encoding.pkg = sun.io
2015-12-09 22:55:53.880+0000 INFO  [o.n.k.i.DiagnosticsManager] user.country = US
2015-12-09 22:55:53.880+0000 INFO  [o.n.k.i.DiagnosticsManager] user.script = 
2015-12-09 22:55:53.880+0000 INFO  [o.n.k.i.DiagnosticsManager] sun.os.patch.level = 
2015-12-09 22:55:53.880+0000 INFO  [o.n.k.i.DiagnosticsManager] install4j.exeDir = C:\Program Files\Neo4j CE 2.3.1\bin\
2015-12-09 22:55:53.880+0000 INFO  [o.n.k.i.DiagnosticsManager] user.dir = C:\Program Files\Neo4j CE 2.3.1\bin
2015-12-09 22:55:53.880+0000 INFO  [o.n.k.i.DiagnosticsManager] neo4j.ext.udc.source = desktop
2015-12-09 22:55:53.880+0000 INFO  [o.n.k.i.DiagnosticsManager] user.variant = 
2015-12-09 22:55:53.880+0000 INFO  [o.n.k.i.DiagnosticsManager] exe4j.tempDir = 
2015-12-09 22:55:53.880+0000 INFO  [o.n.k.i.DiagnosticsManager] sun.jnu.encoding = Cp1252
2015-12-09 22:55:53.880+0000 INFO  [o.n.k.i.DiagnosticsManager] sun.awt.enableExtraMouseButtons = true
2015-12-09 22:55:53.880+0000 INFO  [o.n.k.i.DiagnosticsManager] install4j.launcherId = 24
2015-12-09 22:55:53.880+0000 INFO  [o.n.k.i.DiagnosticsManager] sun.management.compiler = HotSpot 64-Bit Tiered Compilers
2015-12-09 22:55:53.880+0000 INFO  [o.n.k.i.DiagnosticsManager] exe4j.isInstall4j = true
2015-12-09 22:55:53.880+0000 INFO  [o.n.k.i.DiagnosticsManager] install4j.swt = false
2015-12-09 22:55:53.880+0000 INFO  [o.n.k.i.DiagnosticsManager] user.home = C:\Users\cez
2015-12-09 22:55:53.880+0000 INFO  [o.n.k.i.DiagnosticsManager] user.timezone = America/Chicago
2015-12-09 22:55:53.880+0000 INFO  [o.n.k.i.DiagnosticsManager] file.encoding = Cp1252
2015-12-09 22:55:53.880+0000 INFO  [o.n.k.i.DiagnosticsManager] user.name = cez
2015-12-09 22:55:53.880+0000 INFO  [o.n.k.i.DiagnosticsManager] sun.java.command = C:\Program Files\Neo4j CE 2.3.1\bin\neo4j-ce.exe
2015-12-09 22:55:53.880+0000 INFO  [o.n.k.i.DiagnosticsManager] sun.arch.data.model = 64
2015-12-09 22:55:53.880+0000 INFO  [o.n.k.i.DiagnosticsManager] exe4j.launchName = C:\Program Files\Neo4j CE 2.3.1\bin\neo4j-ce.exe
2015-12-09 22:55:53.880+0000 INFO  [o.n.k.i.DiagnosticsManager] user.language = en
2015-12-09 22:55:53.880+0000 INFO  [o.n.k.i.DiagnosticsManager] awt.toolkit = sun.awt.windows.WToolkit
2015-12-09 22:55:53.880+0000 INFO  [o.n.k.i.DiagnosticsManager] exe4j.unextractedPosition = 0
2015-12-09 22:55:53.880+0000 INFO  [o.n.k.i.DiagnosticsManager] install4j.appDir = C:\Program Files\Neo4j CE 2.3.1\
2015-12-09 22:55:53.880+0000 INFO  [o.n.k.i.DiagnosticsManager] file.separator = \
2015-12-09 22:55:53.880+0000 INFO  [o.n.k.i.DiagnosticsManager] sun.io.unicode.encoding = UnicodeLittle
2015-12-09 22:55:53.880+0000 INFO  [o.n.k.i.DiagnosticsManager] sun.cpu.endian = little
2015-12-09 22:55:53.880+0000 INFO  [o.n.k.i.DiagnosticsManager] sun.desktop = windows
2015-12-09 22:55:53.880+0000 INFO  [o.n.k.i.DiagnosticsManager] sun.cpu.isalist = amd64
2015-12-09 22:55:53.880+0000 INFO  [o.n.k.i.DiagnosticsManager] Network information:
2015-12-09 22:55:53.893+0000 INFO  [o.n.k.i.DiagnosticsManager] Interface Software Loopback Interface 1:
2015-12-09 22:55:53.893+0000 INFO  [o.n.k.i.DiagnosticsManager]     address: 127.0.0.1
2015-12-09 22:55:53.893+0000 INFO  [o.n.k.i.DiagnosticsManager]     address: 0:0:0:0:0:0:0:1
2015-12-09 22:55:53.893+0000 INFO  [o.n.k.i.DiagnosticsManager] Interface Microsoft Kernel Debug Network Adapter:
2015-12-09 22:55:53.893+0000 INFO  [o.n.k.i.DiagnosticsManager] Interface Intel(R) 82578DM Gigabit Network Connection:
2015-12-09 22:55:53.893+0000 INFO  [o.n.k.i.DiagnosticsManager]     address: 10.24.47.166
2015-12-09 22:55:53.893+0000 INFO  [o.n.k.i.DiagnosticsManager]     address: 2610:130:101:d00:4493:c16:efa9:8b55
2015-12-09 22:55:53.893+0000 INFO  [o.n.k.i.DiagnosticsManager]     address: 2610:130:101:d00:a502:b02c:1a2d:577b
2015-12-09 22:55:53.893+0000 INFO  [o.n.k.i.DiagnosticsManager]     address: fe80:0:0:0:4493:c16:efa9:8b55%3
2015-12-09 22:55:53.893+0000 INFO  [o.n.k.i.DiagnosticsManager] Interface Microsoft ISATAP Adapter:
2015-12-09 22:55:53.893+0000 INFO  [o.n.k.i.DiagnosticsManager]     address: fe80:0:0:0:0:5efe:c0a8:3801%4
2015-12-09 22:55:53.893+0000 INFO  [o.n.k.i.DiagnosticsManager] Interface Teredo Tunneling Pseudo-Interface:
2015-12-09 22:55:53.893+0000 INFO  [o.n.k.i.DiagnosticsManager] Interface Microsoft ISATAP Adapter #2:
2015-12-09 22:55:53.894+0000 INFO  [o.n.k.i.DiagnosticsManager]     address: fe80:0:0:0:0:5efe:a18:2fa6%6
2015-12-09 22:55:53.894+0000 INFO  [o.n.k.i.DiagnosticsManager] Interface VirtualBox Host-Only Ethernet Adapter:
2015-12-09 22:55:53.894+0000 INFO  [o.n.k.i.DiagnosticsManager]     address: 192.168.56.1
2015-12-09 22:55:53.894+0000 INFO  [o.n.k.i.DiagnosticsManager]     address: fe80:0:0:0:4133:2d33:29c2:6efa%7
2015-12-09 22:55:53.894+0000 INFO  [o.n.k.i.DiagnosticsManager] Interface Microsoft ISATAP Adapter #3:
2015-12-09 22:55:53.894+0000 INFO  [o.n.k.i.DiagnosticsManager] Interface VirtualBox Host-Only Ethernet Adapter-WFP Native MAC Layer LightWeight Filter-0000:
2015-12-09 22:55:53.894+0000 INFO  [o.n.k.i.DiagnosticsManager] Interface VirtualBox Host-Only Ethernet Adapter-VirtualBox NDIS Light-Weight Filter-0000:
2015-12-09 22:55:53.894+0000 INFO  [o.n.k.i.DiagnosticsManager] Interface VirtualBox Host-Only Ethernet Adapter-QoS Packet Scheduler-0000:
2015-12-09 22:55:53.894+0000 INFO  [o.n.k.i.DiagnosticsManager] Interface VirtualBox Host-Only Ethernet Adapter-WFP 802.3 MAC Layer LightWeight Filter-0000:
2015-12-09 22:55:53.894+0000 INFO  [o.n.k.i.DiagnosticsManager] Interface Intel(R) 82578DM Gigabit Network Connection-WFP Native MAC Layer LightWeight Filter-0000:
2015-12-09 22:55:53.894+0000 INFO  [o.n.k.i.DiagnosticsManager] Interface Intel(R) 82578DM Gigabit Network Connection-VirtualBox NDIS Light-Weight Filter-0000:
2015-12-09 22:55:53.894+0000 INFO  [o.n.k.i.DiagnosticsManager] Interface Intel(R) 82578DM Gigabit Network Connection-QoS Packet Scheduler-0000:
2015-12-09 22:55:53.894+0000 INFO  [o.n.k.i.DiagnosticsManager] Interface Intel(R) 82578DM Gigabit Network Connection-WFP 802.3 MAC Layer LightWeight Filter-0000:
2015-12-09 22:55:53.894+0000 INFO  [o.n.k.i.DiagnosticsManager] --- INITIALIZED diagnostics END ---
2015-12-09 22:55:56.478+0000 INFO  [o.n.k.a.i.i.LuceneLabelScanStore] No lucene scan store index found, this might just be first use. Preparing to rebuild.
2015-12-09 22:55:56.483+0000 INFO  [o.n.k.NeoStoreDataSource] Opened logical log [C:\561\3000\3000D0\neostore.transaction.db.0] version=0, lastTxId=1 (clean)
2015-12-09 22:55:56.487+0000 WARN  [o.n.k.i.s.MetaDataStore] Missing counts store, rebuilding it.
2015-12-09 22:55:56.555+0000 INFO  [o.n.k.a.i.i.LuceneLabelScanStore] Rebuilding lucene scan store, this may take a while
2015-12-09 22:55:56.559+0000 INFO  [o.n.k.a.i.i.LuceneLabelScanStore] Lucene scan store rebuilt (roughly -1 nodes)
2015-12-09 22:55:56.561+0000 INFO  [o.n.k.KernelHealth] Kernel health set to OK
2015-12-09 22:55:56.570+0000 INFO  [o.n.k.AvailabilityGuard] Fulfilling of requirement makes database available: Database available
2015-12-09 22:55:56.572+0000 INFO  [o.n.k.i.f.CommunityFacadeFactory] Database is now ready
2015-12-09 22:55:56.575+0000 INFO  [o.n.k.i.DiagnosticsManager] --- STARTED diagnostics for KernelDiagnostics:Versions START ---
2015-12-09 22:55:56.577+0000 INFO  [o.n.k.i.DiagnosticsManager] Graph Database: Community StoreId{creationTime=1449701756391, randomId=2810560994167753401, storeVersion=15250506225055238, upgradeTime=1449701756391, upgradeId=1}
2015-12-09 22:55:56.580+0000 INFO  [o.n.k.i.DiagnosticsManager] Kernel version: 2.3.1
2015-12-09 22:55:56.582+0000 INFO  [o.n.k.i.DiagnosticsManager] --- STARTED diagnostics for KernelDiagnostics:Versions END ---
2015-12-09 22:55:56.585+0000 INFO  [o.n.k.i.DiagnosticsManager] --- STARTED diagnostics for NEO_STORE_VERSIONS START ---
2015-12-09 22:55:56.587+0000 INFO  [o.n.k.i.DiagnosticsManager] Store versions:
2015-12-09 22:55:56.589+0000 INFO  [o.n.k.i.DiagnosticsManager] Store versions:
2015-12-09 22:55:56.592+0000 INFO  [o.n.k.i.DiagnosticsManager] ArrayPropertyStore v0.A.6
2015-12-09 22:55:56.594+0000 INFO  [o.n.k.i.DiagnosticsManager] NodeStore v0.A.6
2015-12-09 22:55:56.596+0000 INFO  [o.n.k.i.DiagnosticsManager] StringPropertyStore v0.A.6
2015-12-09 22:55:56.599+0000 INFO  [o.n.k.i.DiagnosticsManager] PropertyIndexStore v0.A.6
2015-12-09 22:55:56.601+0000 INFO  [o.n.k.i.DiagnosticsManager] StringPropertyStore v0.A.6
2015-12-09 22:55:56.604+0000 INFO  [o.n.k.i.DiagnosticsManager] ArrayPropertyStore v0.A.6
2015-12-09 22:55:56.606+0000 INFO  [o.n.k.i.DiagnosticsManager] PropertyStore v0.A.6
2015-12-09 22:55:56.608+0000 INFO  [o.n.k.i.DiagnosticsManager] RelationshipStore v0.A.6
2015-12-09 22:55:56.611+0000 INFO  [o.n.k.i.DiagnosticsManager] StringPropertyStore v0.A.6
2015-12-09 22:55:56.613+0000 INFO  [o.n.k.i.DiagnosticsManager] RelationshipTypeStore v0.A.6
2015-12-09 22:55:56.615+0000 INFO  [o.n.k.i.DiagnosticsManager] StringPropertyStore v0.A.6
2015-12-09 22:55:56.618+0000 INFO  [o.n.k.i.DiagnosticsManager] LabelTokenStore v0.A.6
2015-12-09 22:55:56.620+0000 INFO  [o.n.k.i.DiagnosticsManager] SchemaStore v0.A.6
2015-12-09 22:55:56.622+0000 INFO  [o.n.k.i.DiagnosticsManager] RelationshipGroupStore v0.A.6
2015-12-09 22:55:56.624+0000 INFO  [o.n.k.i.DiagnosticsManager] NeoStore v0.A.6
2015-12-09 22:55:56.627+0000 INFO  [o.n.k.i.DiagnosticsManager] --- STARTED diagnostics for NEO_STORE_VERSIONS END ---
2015-12-09 22:55:56.629+0000 INFO  [o.n.k.i.DiagnosticsManager] --- STARTED diagnostics for NEO_STORE_ID_USAGE START ---
2015-12-09 22:55:56.631+0000 INFO  [o.n.k.i.DiagnosticsManager] Id usage:
2015-12-09 22:55:56.634+0000 INFO  [o.n.k.i.DiagnosticsManager] Id usage:
2015-12-09 22:55:56.636+0000 INFO  [o.n.k.i.DiagnosticsManager]   ArrayPropertyStore v0.A.6: used=1 high=0
2015-12-09 22:55:56.638+0000 INFO  [o.n.k.i.DiagnosticsManager]   NodeStore v0.A.6: used=0 high=-1
2015-12-09 22:55:56.641+0000 INFO  [o.n.k.i.DiagnosticsManager]   StringPropertyStore v0.A.6: used=1 high=0
2015-12-09 22:55:56.643+0000 INFO  [o.n.k.i.DiagnosticsManager]   PropertyIndexStore v0.A.6: used=0 high=-1
2015-12-09 22:55:56.645+0000 INFO  [o.n.k.i.DiagnosticsManager]   StringPropertyStore v0.A.6: used=1 high=0
2015-12-09 22:55:56.648+0000 INFO  [o.n.k.i.DiagnosticsManager]   ArrayPropertyStore v0.A.6: used=1 high=0
2015-12-09 22:55:56.650+0000 INFO  [o.n.k.i.DiagnosticsManager]   PropertyStore v0.A.6: used=0 high=-1
2015-12-09 22:55:56.652+0000 INFO  [o.n.k.i.DiagnosticsManager]   RelationshipStore v0.A.6: used=0 high=-1
2015-12-09 22:55:56.655+0000 INFO  [o.n.k.i.DiagnosticsManager]   StringPropertyStore v0.A.6: used=1 high=0
2015-12-09 22:55:56.657+0000 INFO  [o.n.k.i.DiagnosticsManager]   RelationshipTypeStore v0.A.6: used=0 high=-1
2015-12-09 22:55:56.659+0000 INFO  [o.n.k.i.DiagnosticsManager]   StringPropertyStore v0.A.6: used=1 high=0
2015-12-09 22:55:56.662+0000 INFO  [o.n.k.i.DiagnosticsManager]   LabelTokenStore v0.A.6: used=0 high=-1
2015-12-09 22:55:56.664+0000 INFO  [o.n.k.i.DiagnosticsManager]   SchemaStore v0.A.6: used=1 high=0
2015-12-09 22:55:56.666+0000 INFO  [o.n.k.i.DiagnosticsManager]   RelationshipGroupStore v0.A.6: used=1 high=0
2015-12-09 22:55:56.669+0000 INFO  [o.n.k.i.DiagnosticsManager]   NeoStore v0.A.6: used=13 high=12
2015-12-09 22:55:56.671+0000 INFO  [o.n.k.i.DiagnosticsManager] --- STARTED diagnostics for NEO_STORE_ID_USAGE END ---
2015-12-09 22:55:56.673+0000 INFO  [o.n.k.i.DiagnosticsManager] --- STARTED diagnostics for NEO_STORE_RECORDS START ---
2015-12-09 22:55:56.676+0000 INFO  [o.n.k.i.DiagnosticsManager] Neostore records:
2015-12-09 22:55:56.678+0000 INFO  [o.n.k.i.DiagnosticsManager] TIME (Creation time): 1449701756391
2015-12-09 22:55:56.680+0000 INFO  [o.n.k.i.DiagnosticsManager] RANDOM_NUMBER (Random number for store id): 2810560994167753401
2015-12-09 22:55:56.683+0000 INFO  [o.n.k.i.DiagnosticsManager] LOG_VERSION (Current log version): 0
2015-12-09 22:55:56.685+0000 INFO  [o.n.k.i.DiagnosticsManager] LAST_TRANSACTION_ID (Last committed transaction): 1
2015-12-09 22:55:56.687+0000 INFO  [o.n.k.i.DiagnosticsManager] STORE_VERSION (Store format version): 15250506225055238
2015-12-09 22:55:56.690+0000 INFO  [o.n.k.i.DiagnosticsManager] FIRST_GRAPH_PROPERTY (First property record containing graph properties): -1
2015-12-09 22:55:56.692+0000 INFO  [o.n.k.i.DiagnosticsManager] LAST_CONSTRAINT_TRANSACTION (Last committed transaction containing constraint changes): 0
2015-12-09 22:55:56.695+0000 INFO  [o.n.k.i.DiagnosticsManager] UPGRADE_TRANSACTION_ID (Transaction id most recent upgrade was performed at): 1
2015-12-09 22:55:56.697+0000 INFO  [o.n.k.i.DiagnosticsManager] UPGRADE_TIME (Time of last upgrade): 1449701756391
2015-12-09 22:55:56.699+0000 INFO  [o.n.k.i.DiagnosticsManager] LAST_TRANSACTION_CHECKSUM (Checksum of last committed transaction): 0
2015-12-09 22:55:56.702+0000 INFO  [o.n.k.i.DiagnosticsManager] UPGRADE_TRANSACTION_CHECKSUM (Checksum of transaction id the most recent upgrade was performed at): 0
2015-12-09 22:55:56.704+0000 INFO  [o.n.k.i.DiagnosticsManager] LAST_CLOSED_TRANSACTION_LOG_VERSION (Log version where the last transaction commit entry has been written into): 0
2015-12-09 22:55:56.706+0000 INFO  [o.n.k.i.DiagnosticsManager] LAST_CLOSED_TRANSACTION_LOG_BYTE_OFFSET (Byte offset in the log file where the last transaction commit entry has been written into): 16
2015-12-09 22:55:56.709+0000 INFO  [o.n.k.i.DiagnosticsManager] --- STARTED diagnostics for NEO_STORE_RECORDS END ---
2015-12-09 22:55:56.711+0000 INFO  [o.n.k.i.DiagnosticsManager] --- STARTED diagnostics for TRANSACTION_RANGE START ---
2015-12-09 22:55:56.713+0000 INFO  [o.n.k.i.DiagnosticsManager] Transaction log:
2015-12-09 22:55:56.716+0000 INFO  [o.n.k.i.DiagnosticsManager] No transactions found in any log
2015-12-09 22:55:56.719+0000 INFO  [o.n.k.i.DiagnosticsManager] --- STARTED diagnostics for TRANSACTION_RANGE END ---
2015-12-09 22:55:56.722+0000 INFO  [o.n.k.i.DiagnosticsManager] --- STARTED diagnostics for KernelDiagnostics:StoreFiles START ---
2015-12-09 22:55:56.725+0000 INFO  [o.n.k.i.DiagnosticsManager] Disk space on partition (Total / Free / Free %): 499738734592 / 397635149824 / 79
Storage files: (filename : modification date - size)
2015-12-09 22:55:56.728+0000 INFO  [o.n.k.i.DiagnosticsManager]   dbms:
2015-12-09 22:55:56.730+0000 INFO  [o.n.k.i.DiagnosticsManager]     ssl:
2015-12-09 22:55:56.733+0000 INFO  [o.n.k.i.DiagnosticsManager]       snakeoil.cert: 2015-12-09T16:55:53-0600 - 630.00 B
2015-12-09 22:55:56.736+0000 INFO  [o.n.k.i.DiagnosticsManager]       snakeoil.key: 2015-12-09T16:55:53-0600 - 910.00 B
2015-12-09 22:55:56.738+0000 INFO  [o.n.k.i.DiagnosticsManager]     - Total: 2015-12-09T16:55:53-0600 - 1.50 kB
2015-12-09 22:55:56.741+0000 INFO  [o.n.k.i.DiagnosticsManager]   - Total: 2015-12-09T16:55:53-0600 - 1.50 kB
2015-12-09 22:55:56.743+0000 INFO  [o.n.k.i.DiagnosticsManager]   index:
2015-12-09 22:55:56.746+0000 INFO  [o.n.k.i.DiagnosticsManager]   - Total: 2015-12-09T16:55:56-0600 - 0.00 B
2015-12-09 22:55:56.748+0000 INFO  [o.n.k.i.DiagnosticsManager]   messages.log: 2015-12-09T16:55:56-0600 - 26.40 kB
2015-12-09 22:55:56.751+0000 INFO  [o.n.k.i.DiagnosticsManager]   neo4j.properties: 2015-12-09T16:55:53-0600 - 1.30 kB
2015-12-09 22:55:56.753+0000 INFO  [o.n.k.i.DiagnosticsManager]   neostore: 2015-12-09T16:55:56-0600 - 8.00 kB
2015-12-09 22:55:56.756+0000 INFO  [o.n.k.i.DiagnosticsManager]   neostore.counts.db.a: 2015-12-09T16:55:56-0600 - 96.00 B
2015-12-09 22:55:56.759+0000 INFO  [o.n.k.i.DiagnosticsManager]   neostore.id: 2015-12-09T16:55:56-0600 - 9.00 B
2015-12-09 22:55:56.762+0000 INFO  [o.n.k.i.DiagnosticsManager]   neostore.labeltokenstore.db: 2015-12-09T16:55:55-0600 - 0.00 B
2015-12-09 22:55:56.764+0000 INFO  [o.n.k.i.DiagnosticsManager]   neostore.labeltokenstore.db.id: 2015-12-09T16:55:55-0600 - 9.00 B
2015-12-09 22:55:56.767+0000 INFO  [o.n.k.i.DiagnosticsManager]   neostore.labeltokenstore.db.names: 2015-12-09T16:55:55-0600 - 8.00 kB
2015-12-09 22:55:56.770+0000 INFO  [o.n.k.i.DiagnosticsManager]   neostore.labeltokenstore.db.names.id: 2015-12-09T16:55:55-0600 - 9.00 B
2015-12-09 22:55:56.772+0000 INFO  [o.n.k.i.DiagnosticsManager]   neostore.nodestore.db: 2015-12-09T16:55:54-0600 - 0.00 B
2015-12-09 22:55:56.774+0000 INFO  [o.n.k.i.DiagnosticsManager]   neostore.nodestore.db.id: 2015-12-09T16:55:54-0600 - 9.00 B
2015-12-09 22:55:56.777+0000 INFO  [o.n.k.i.DiagnosticsManager]   neostore.nodestore.db.labels: 2015-12-09T16:55:54-0600 - 8.00 kB
2015-12-09 22:55:56.780+0000 INFO  [o.n.k.i.DiagnosticsManager]   neostore.nodestore.db.labels.id: 2015-12-09T16:55:54-0600 - 9.00 B
2015-12-09 22:55:56.782+0000 INFO  [o.n.k.i.DiagnosticsManager]   neostore.propertystore.db: 2015-12-09T16:55:54-0600 - 0.00 B
2015-12-09 22:55:56.785+0000 INFO  [o.n.k.i.DiagnosticsManager]   neostore.propertystore.db.arrays: 2015-12-09T16:55:54-0600 - 8.00 kB
2015-12-09 22:55:56.788+0000 INFO  [o.n.k.i.DiagnosticsManager]   neostore.propertystore.db.arrays.id: 2015-12-09T16:55:54-0600 - 9.00 B
2015-12-09 22:55:56.791+0000 INFO  [o.n.k.i.DiagnosticsManager]   neostore.propertystore.db.id: 2015-12-09T16:55:55-0600 - 9.00 B
2015-12-09 22:55:56.793+0000 INFO  [o.n.k.i.DiagnosticsManager]   neostore.propertystore.db.index: 2015-12-09T16:55:54-0600 - 0.00 B
2015-12-09 22:55:56.796+0000 INFO  [o.n.k.i.DiagnosticsManager]   neostore.propertystore.db.index.id: 2015-12-09T16:55:54-0600 - 9.00 B
2015-12-09 22:55:56.798+0000 INFO  [o.n.k.i.DiagnosticsManager]   neostore.propertystore.db.index.keys: 2015-12-09T16:55:54-0600 - 8.00 kB
2015-12-09 22:55:56.801+0000 INFO  [o.n.k.i.DiagnosticsManager]   neostore.propertystore.db.index.keys.id: 2015-12-09T16:55:54-0600 - 9.00 B
2015-12-09 22:55:56.804+0000 INFO  [o.n.k.i.DiagnosticsManager]   neostore.propertystore.db.strings: 2015-12-09T16:55:54-0600 - 8.00 kB
2015-12-09 22:55:56.806+0000 INFO  [o.n.k.i.DiagnosticsManager]   neostore.propertystore.db.strings.id: 2015-12-09T16:55:54-0600 - 9.00 B
2015-12-09 22:55:56.809+0000 INFO  [o.n.k.i.DiagnosticsManager]   neostore.relationshipgroupstore.db: 2015-12-09T16:55:56-0600 - 8.00 kB
2015-12-09 22:55:56.811+0000 INFO  [o.n.k.i.DiagnosticsManager]   neostore.relationshipgroupstore.db.id: 2015-12-09T16:55:56-0600 - 9.00 B
2015-12-09 22:55:56.814+0000 INFO  [o.n.k.i.DiagnosticsManager]   neostore.relationshipstore.db: 2015-12-09T16:55:55-0600 - 0.00 B
2015-12-09 22:55:56.816+0000 INFO  [o.n.k.i.DiagnosticsManager]   neostore.relationshipstore.db.id: 2015-12-09T16:55:55-0600 - 9.00 B
2015-12-09 22:55:56.819+0000 INFO  [o.n.k.i.DiagnosticsManager]   neostore.relationshiptypestore.db: 2015-12-09T16:55:55-0600 - 0.00 B
2015-12-09 22:55:56.821+0000 INFO  [o.n.k.i.DiagnosticsManager]   neostore.relationshiptypestore.db.id: 2015-12-09T16:55:55-0600 - 9.00 B
2015-12-09 22:55:56.824+0000 INFO  [o.n.k.i.DiagnosticsManager]   neostore.relationshiptypestore.db.names: 2015-12-09T16:55:55-0600 - 8.00 kB
2015-12-09 22:55:56.826+0000 INFO  [o.n.k.i.DiagnosticsManager]   neostore.relationshiptypestore.db.names.id: 2015-12-09T16:55:55-0600 - 9.00 B
2015-12-09 22:55:56.829+0000 INFO  [o.n.k.i.DiagnosticsManager]   neostore.schemastore.db: 2015-12-09T16:55:56-0600 - 8.00 kB
2015-12-09 22:55:56.831+0000 INFO  [o.n.k.i.DiagnosticsManager]   neostore.schemastore.db.id: 2015-12-09T16:55:56-0600 - 9.00 B
2015-12-09 22:55:56.834+0000 INFO  [o.n.k.i.DiagnosticsManager]   neostore.transaction.db.0: 2015-12-09T16:55:56-0600 - 16.00 B
2015-12-09 22:55:56.836+0000 INFO  [o.n.k.i.DiagnosticsManager]   schema:
2015-12-09 22:55:56.838+0000 INFO  [o.n.k.i.DiagnosticsManager]     label:
2015-12-09 22:55:56.841+0000 INFO  [o.n.k.i.DiagnosticsManager]       lucene:
2015-12-09 22:55:56.843+0000 INFO  [o.n.k.i.DiagnosticsManager]         write.lock: 2015-12-09T16:55:56-0600 - 0.00 B
2015-12-09 22:55:56.846+0000 INFO  [o.n.k.i.DiagnosticsManager]       - Total: 2015-12-09T16:55:56-0600 - 0.00 B
2015-12-09 22:55:56.848+0000 INFO  [o.n.k.i.DiagnosticsManager]     - Total: 2015-12-09T16:55:56-0600 - 0.00 B
2015-12-09 22:55:56.851+0000 INFO  [o.n.k.i.DiagnosticsManager]   - Total: 2015-12-09T16:55:56-0600 - 0.00 B
2015-12-09 22:55:56.853+0000 INFO  [o.n.k.i.DiagnosticsManager]   store_lock: 2015-12-09T16:55:53-0600 - 0.00 B
2015-12-09 22:55:56.855+0000 INFO  [o.n.k.i.DiagnosticsManager] --- STARTED diagnostics for KernelDiagnostics:StoreFiles END ---
2015-12-09 22:55:56.867+0000 INFO  [o.n.k.i.DiagnosticsManager] --- SERVER STARTED START ---
2015-12-09 22:55:57.811+0000 INFO  [o.n.k.i.DiagnosticsManager] --- SERVER STARTED END ---
2015-12-09 23:00:56.578+0000 INFO  [o.n.k.i.t.l.c.CheckPointerImpl] Check Pointing triggered by scheduler for time threshold [3006]:  Starting check pointing...
2015-12-09 23:00:56.584+0000 INFO  [o.n.k.i.t.l.c.CheckPointerImpl] Check Pointing triggered by scheduler for time threshold [3006]:  Starting store flush...
2015-12-09 23:00:56.708+0000 INFO  [o.n.k.i.s.c.CountsTracker] About to rotate counts store at transaction 3006 to [C:\561\3000\3000D0\neostore.counts.db.b], from [C:\561\3000\3000D0\neostore.counts.db.a].
2015-12-09 23:00:56.721+0000 INFO  [o.n.k.i.s.c.CountsTracker] Successfully rotated counts store at transaction 3006 to [C:\561\3000\3000D0\neostore.counts.db.b], from [C:\561\3000\3000D0\neostore.counts.db.a].
2015-12-09 23:00:56.850+0000 INFO  [o.n.k.i.t.l.c.CheckPointerImpl] Check Pointing triggered by scheduler for time threshold [3006]:  Store flush completed
2015-12-09 23:00:56.856+0000 INFO  [o.n.k.i.t.l.c.CheckPointerImpl] Check Pointing triggered by scheduler for time threshold [3006]:  Starting appending check point entry into the tx log...
2015-12-09 23:00:56.891+0000 INFO  [o.n.k.i.t.l.c.CheckPointerImpl] Check Pointing triggered by scheduler for time threshold [3006]:  Appending check point entry into the tx log completed
2015-12-09 23:00:56.897+0000 INFO  [o.n.k.i.t.l.c.CheckPointerImpl] Check Pointing triggered by scheduler for time threshold [3006]:  Check pointing completed
2015-12-09 23:00:56.902+0000 INFO  [o.n.k.i.t.l.p.LogPruningImpl] Log Rotation [0]:  Starting log pruning.
2015-12-09 23:00:56.907+0000 INFO  [o.n.k.i.t.l.p.LogPruningImpl] Log Rotation [0]:  Log pruning complete.
2015-12-09 23:02:46.451+0000 INFO  [o.n.k.i.f.GraphDatabaseFacade] Shutdown started
2015-12-09 23:02:46.454+0000 INFO  [o.n.k.i.f.CommunityFacadeFactory] Database is now unavailable
2015-12-09 23:02:46.522+0000 INFO  [o.n.k.i.t.l.c.CheckPointerImpl] Check Pointing triggered by database shutdown [3006]:  Starting check pointing...
2015-12-09 23:02:46.528+0000 INFO  [o.n.k.i.t.l.c.CheckPointerImpl] Check Pointing triggered by database shutdown [3006]:  Starting store flush...
2015-12-09 23:02:46.548+0000 INFO  [o.n.k.i.t.l.c.CheckPointerImpl] Check Pointing triggered by database shutdown [3006]:  Store flush completed
2015-12-09 23:02:46.552+0000 INFO  [o.n.k.i.t.l.c.CheckPointerImpl] Check Pointing triggered by database shutdown [3006]:  Starting appending check point entry into the tx log...
2015-12-09 23:02:46.581+0000 INFO  [o.n.k.i.t.l.c.CheckPointerImpl] Check Pointing triggered by database shutdown [3006]:  Appending check point entry into the tx log completed
2015-12-09 23:02:46.585+0000 INFO  [o.n.k.i.t.l.c.CheckPointerImpl] Check Pointing triggered by database shutdown [3006]:  Check pointing completed
2015-12-09 23:02:46.588+0000 INFO  [o.n.k.i.t.l.p.LogPruningImpl] Log Rotation [0]:  Starting log pruning.
2015-12-09 23:02:46.592+0000 INFO  [o.n.k.i.t.l.p.LogPruningImpl] Log Rotation [0]:  Log pruning complete.
2015-12-09 23:02:47.774+0000 INFO  [o.n.k.NeoStoreDataSource] NeoStores closed
2015-12-09 23:02:47.781+0000 INFO  [o.n.k.i.DiagnosticsManager] --- STOPPING diagnostics START ---
2015-12-09 23:02:47.781+0000 INFO  [o.n.k.i.DiagnosticsManager] --- STOPPING diagnostics END ---
2015-12-11 01:09:37.088+0000 INFO  [o.n.k.i.f.CommunityFacadeFactory] No locking implementation specified, defaulting to 'community'
2015-12-11 01:09:37.123+0000 INFO  [o.n.k.AvailabilityGuard] Requirement makes database unavailable: Database available
2015-12-11 01:09:37.126+0000 INFO  [o.n.k.i.DiagnosticsManager] --- INITIALIZED diagnostics START ---
2015-12-11 01:09:37.126+0000 INFO  [o.n.k.i.DiagnosticsManager] Neo4j Kernel properties:
2015-12-11 01:09:37.126+0000 INFO  [o.n.k.i.DiagnosticsManager] org.neo4j.server.db.tuning.properties=C:\561\3000\3000D0\neo4j.properties
2015-12-11 01:09:37.126+0000 INFO  [o.n.k.i.DiagnosticsManager] org.neo4j.server.database.location=C:\561\3000\3000D0
2015-12-11 01:09:37.126+0000 INFO  [o.n.k.i.DiagnosticsManager] dbms.querylog.filename=data/log/queries.log
2015-12-11 01:09:37.126+0000 INFO  [o.n.k.i.DiagnosticsManager] dbms.security.auth_store.location=C:\561\3000\3000D0\.\dbms\auth
2015-12-11 01:09:37.126+0000 INFO  [o.n.k.i.DiagnosticsManager] dbms.security.tls_certificate_file=C:\561\3000\3000D0\.\dbms\ssl\snakeoil.cert
2015-12-11 01:09:37.126+0000 INFO  [o.n.k.i.DiagnosticsManager] remote_shell_enabled=true
2015-12-11 01:09:37.126+0000 INFO  [o.n.k.i.DiagnosticsManager] edition=Community
2015-12-11 01:09:37.126+0000 INFO  [o.n.k.i.DiagnosticsManager] dbms.security.tls_key_file=C:\561\3000\3000D0\.\dbms\ssl\snakeoil.key
2015-12-11 01:09:37.126+0000 INFO  [o.n.k.i.DiagnosticsManager] Diagnostics providers:
2015-12-11 01:09:37.126+0000 INFO  [o.n.k.i.DiagnosticsManager] org.neo4j.kernel.configuration.Config
2015-12-11 01:09:37.126+0000 INFO  [o.n.k.i.DiagnosticsManager] org.neo4j.kernel.info.DiagnosticsManager
2015-12-11 01:09:37.126+0000 INFO  [o.n.k.i.DiagnosticsManager] SYSTEM_MEMORY
2015-12-11 01:09:37.126+0000 INFO  [o.n.k.i.DiagnosticsManager] JAVA_MEMORY
2015-12-11 01:09:37.126+0000 INFO  [o.n.k.i.DiagnosticsManager] OPERATING_SYSTEM
2015-12-11 01:09:37.126+0000 INFO  [o.n.k.i.DiagnosticsManager] JAVA_VIRTUAL_MACHINE
2015-12-11 01:09:37.126+0000 INFO  [o.n.k.i.DiagnosticsManager] CLASSPATH
2015-12-11 01:09:37.126+0000 INFO  [o.n.k.i.DiagnosticsManager] LIBRARY_PATH
2015-12-11 01:09:37.126+0000 INFO  [o.n.k.i.DiagnosticsManager] SYSTEM_PROPERTIES
2015-12-11 01:09:37.126+0000 INFO  [o.n.k.i.DiagnosticsManager] NETWORK
2015-12-11 01:09:37.126+0000 INFO  [o.n.k.i.DiagnosticsManager] System memory information:
2015-12-11 01:09:37.126+0000 INFO  [o.n.k.i.DiagnosticsManager] Total Physical memory: 3.93 GB
2015-12-11 01:09:37.126+0000 INFO  [o.n.k.i.DiagnosticsManager] Free Physical memory: 1.98 GB
2015-12-11 01:09:37.126+0000 INFO  [o.n.k.i.DiagnosticsManager] Committed virtual memory: 370.91 MB
2015-12-11 01:09:37.126+0000 INFO  [o.n.k.i.DiagnosticsManager] Total swap space: 5.66 GB
2015-12-11 01:09:37.126+0000 INFO  [o.n.k.i.DiagnosticsManager] Free swap space: 1.81 GB
2015-12-11 01:09:37.126+0000 INFO  [o.n.k.i.DiagnosticsManager] JVM memory information:
2015-12-11 01:09:37.126+0000 INFO  [o.n.k.i.DiagnosticsManager] Free  memory: 27.67 MB
2015-12-11 01:09:37.126+0000 INFO  [o.n.k.i.DiagnosticsManager] Total memory: 80.00 MB
2015-12-11 01:09:37.126+0000 INFO  [o.n.k.i.DiagnosticsManager] Max   memory: 894.50 MB
2015-12-11 01:09:37.126+0000 INFO  [o.n.k.i.DiagnosticsManager] Garbage Collector: PS Scavenge: [PS Eden Space, PS Survivor Space]
2015-12-11 01:09:37.126+0000 INFO  [o.n.k.i.DiagnosticsManager] Garbage Collector: PS MarkSweep: [PS Eden Space, PS Survivor Space, PS Old Gen, PS Perm Gen]
2015-12-11 01:09:37.126+0000 INFO  [o.n.k.i.DiagnosticsManager] Memory Pool: Code Cache (Non-heap memory): committed=13.31 MB, used=12.33 MB, max=48.00 MB, threshold=0.00 B
2015-12-11 01:09:37.127+0000 INFO  [o.n.k.i.DiagnosticsManager] Memory Pool: PS Eden Space (Heap memory): committed=20.00 MB, used=3.35 MB, max=333.50 MB, threshold=?
2015-12-11 01:09:37.127+0000 INFO  [o.n.k.i.DiagnosticsManager] Memory Pool: PS Survivor Space (Heap memory): committed=1.00 MB, used=1.00 MB, max=1.00 MB, threshold=?
2015-12-11 01:09:37.127+0000 INFO  [o.n.k.i.DiagnosticsManager] Memory Pool: PS Old Gen (Heap memory): committed=59.00 MB, used=47.98 MB, max=670.50 MB, threshold=0.00 B
2015-12-11 01:09:37.127+0000 INFO  [o.n.k.i.DiagnosticsManager] Memory Pool: PS Perm Gen (Non-heap memory): committed=69.00 MB, used=68.60 MB, max=82.00 MB, threshold=0.00 B
2015-12-11 01:09:37.127+0000 INFO  [o.n.k.i.DiagnosticsManager] Operating system information:
2015-12-11 01:09:37.127+0000 INFO  [o.n.k.i.DiagnosticsManager] Operating System: Windows 8.1; version: 6.3; arch: amd64; cpus: 8
2015-12-11 01:09:37.127+0000 INFO  [o.n.k.i.DiagnosticsManager] Process id: 3784@ATAN-B03-02
2015-12-11 01:09:37.127+0000 INFO  [o.n.k.i.DiagnosticsManager] Byte order: LITTLE_ENDIAN
2015-12-11 01:09:37.127+0000 INFO  [o.n.k.i.DiagnosticsManager] Local timezone: America/Chicago
2015-12-11 01:09:37.127+0000 INFO  [o.n.k.i.DiagnosticsManager] JVM information:
2015-12-11 01:09:37.127+0000 INFO  [o.n.k.i.DiagnosticsManager] VM Name: Java HotSpot(TM) 64-Bit Server VM
2015-12-11 01:09:37.128+0000 INFO  [o.n.k.i.DiagnosticsManager] VM Vendor: Oracle Corporation
2015-12-11 01:09:37.128+0000 INFO  [o.n.k.i.DiagnosticsManager] VM Version: 24.80-b11
2015-12-11 01:09:37.128+0000 INFO  [o.n.k.i.DiagnosticsManager] JIT compiler: HotSpot 64-Bit Tiered Compilers
2015-12-11 01:09:37.128+0000 INFO  [o.n.k.i.DiagnosticsManager] VM Arguments: [-Dexe4j.semaphoreName=Local\c:_program_files_neo4j_ce_2.3.1_bin_neo4j-ce.exe, -Dexe4j.isInstall4j=true, -Dexe4j.moduleName=C:\Program Files\Neo4j CE 2.3.1\bin\neo4j-ce.exe, -Dexe4j.tempDir=, -Dexe4j.unextractedPosition=0, -Djava.library.path=C:\Program Files (x86)\AMD APP\bin\x86_64;C:\Program Files (x86)\AMD APP\bin\x86;C:\ProgramData\Oracle\Java\javapath;C:\Windows\system32;C:\Windows;C:\Windows\System32\Wbem;C:\Windows\System32\WindowsPowerShell\v1.0\;C:\Program Files (x86)\MiKTeX 2.9\miktex\bin\;C:\Program Files\TortoiseSVN\bin;C:\Windows\system32\config\systemprofile\.dnx\bin;C:\Program Files\Microsoft DNX\Dnvm\;C:\Program Files\MATLAB\R2015b\runtime\win64;C:\Program Files\MATLAB\R2015b\bin;C:\Program Files (x86)\ATI Technologies\ATI.ACE\Core-Static;c:\program files\neo4j ce 2.3.1\jre\bin, -Dexe4j.consoleCodepage=cp0, -Dinstall4j.launcherId=24, -Dinstall4j.swt=false]
2015-12-11 01:09:37.128+0000 INFO  [o.n.k.i.DiagnosticsManager] Java classpath:
2015-12-11 01:09:37.129+0000 INFO  [o.n.k.i.DiagnosticsManager]  [loader.1] file:/C:/Program%20Files/Neo4j%20CE%202.3.1/jre/lib/ext/dnsns.jar
2015-12-11 01:09:37.129+0000 INFO  [o.n.k.i.DiagnosticsManager]  [loader.0] file:/C:/Program%20Files/Neo4j%20CE%202.3.1/bin/
2015-12-11 01:09:37.129+0000 INFO  [o.n.k.i.DiagnosticsManager]  [bootstrap] C:\Program Files\Neo4j CE 2.3.1\jre\lib\resources.jar
2015-12-11 01:09:37.129+0000 INFO  [o.n.k.i.DiagnosticsManager]  [bootstrap] C:\Program Files\Neo4j CE 2.3.1\jre\lib\jfr.jar
2015-12-11 01:09:37.129+0000 INFO  [o.n.k.i.DiagnosticsManager]  [classpath] C:\Program Files\Neo4j CE 2.3.1\.install4j\i4jruntime.jar
2015-12-11 01:09:37.129+0000 INFO  [o.n.k.i.DiagnosticsManager]  [loader.1] file:/C:/Program%20Files/Neo4j%20CE%202.3.1/jre/lib/ext/sunmscapi.jar
2015-12-11 01:09:37.129+0000 INFO  [o.n.k.i.DiagnosticsManager]  [bootstrap] C:\Program Files\Neo4j CE 2.3.1\jre\lib\jsse.jar
2015-12-11 01:09:37.129+0000 INFO  [o.n.k.i.DiagnosticsManager]  [loader.1] file:/C:/Program%20Files/Neo4j%20CE%202.3.1/jre/lib/ext/dns_sd.jar
2015-12-11 01:09:37.129+0000 INFO  [o.n.k.i.DiagnosticsManager]  [loader.0] file:/C:/Program%20Files/Neo4j%20CE%202.3.1/.install4j/i4jruntime.jar
2015-12-11 01:09:37.129+0000 INFO  [o.n.k.i.DiagnosticsManager]  [loader.0] file:/C:/Program%20Files/Neo4j%20CE%202.3.1/bin/neo4j-desktop-2.3.1.jar
2015-12-11 01:09:37.129+0000 INFO  [o.n.k.i.DiagnosticsManager]  [loader.1] file:/C:/Program%20Files/Neo4j%20CE%202.3.1/jre/lib/ext/access-bridge-64.jar
2015-12-11 01:09:37.130+0000 INFO  [o.n.k.i.DiagnosticsManager]  [loader.1] file:/C:/Program%20Files/Neo4j%20CE%202.3.1/jre/lib/ext/localedata.jar
2015-12-11 01:09:37.130+0000 INFO  [o.n.k.i.DiagnosticsManager]  [bootstrap] C:\Program Files\Neo4j CE 2.3.1\jre\lib\sunrsasign.jar
2015-12-11 01:09:37.130+0000 INFO  [o.n.k.i.DiagnosticsManager]  [bootstrap] C:\Program Files\Neo4j CE 2.3.1\jre\lib\jce.jar
2015-12-11 01:09:37.130+0000 INFO  [o.n.k.i.DiagnosticsManager]  [bootstrap] C:\Program Files\Neo4j CE 2.3.1\jre\lib\rt.jar
2015-12-11 01:09:37.130+0000 INFO  [o.n.k.i.DiagnosticsManager]  [bootstrap] C:\Program Files\Neo4j CE 2.3.1\jre\lib\charsets.jar
2015-12-11 01:09:37.130+0000 INFO  [o.n.k.i.DiagnosticsManager]  [loader.1] file:/C:/Program%20Files/Neo4j%20CE%202.3.1/jre/lib/ext/sunjce_provider.jar
2015-12-11 01:09:37.130+0000 INFO  [o.n.k.i.DiagnosticsManager]  [bootstrap] C:\Program Files\Neo4j CE 2.3.1\jre\classes
2015-12-11 01:09:37.130+0000 INFO  [o.n.k.i.DiagnosticsManager]  [loader.1] file:/C:/Program%20Files/Neo4j%20CE%202.3.1/jre/lib/ext/zipfs.jar
2015-12-11 01:09:37.130+0000 INFO  [o.n.k.i.DiagnosticsManager]  [loader.1] file:/C:/Program%20Files/Neo4j%20CE%202.3.1/jre/lib/ext/jaccess.jar
2015-12-11 01:09:37.130+0000 INFO  [o.n.k.i.DiagnosticsManager]  [loader.1] file:/C:/Program%20Files/Neo4j%20CE%202.3.1/jre/lib/ext/sunec.jar
2015-12-11 01:09:37.130+0000 INFO  [o.n.k.i.DiagnosticsManager]  [classpath] C:\Program Files\Neo4j CE 2.3.1\bin\neo4j-desktop-2.3.1.jar
2015-12-11 01:09:37.130+0000 INFO  [o.n.k.i.DiagnosticsManager] Library path:
2015-12-11 01:09:37.130+0000 INFO  [o.n.k.i.DiagnosticsManager] C:\Program Files (x86)\AMD APP\bin\x86_64
2015-12-11 01:09:37.130+0000 INFO  [o.n.k.i.DiagnosticsManager] C:\Program Files (x86)\AMD APP\bin\x86
2015-12-11 01:09:37.130+0000 INFO  [o.n.k.i.DiagnosticsManager] C:\ProgramData\Oracle\Java\javapath
2015-12-11 01:09:37.131+0000 INFO  [o.n.k.i.DiagnosticsManager] C:\Windows\System32
2015-12-11 01:09:37.131+0000 INFO  [o.n.k.i.DiagnosticsManager] C:\Windows
2015-12-11 01:09:37.131+0000 INFO  [o.n.k.i.DiagnosticsManager] C:\Windows\System32\wbem
2015-12-11 01:09:37.131+0000 INFO  [o.n.k.i.DiagnosticsManager] C:\Windows\System32\WindowsPowerShell\v1.0
2015-12-11 01:09:37.131+0000 INFO  [o.n.k.i.DiagnosticsManager] C:\Program Files (x86)\MiKTeX 2.9\miktex\bin
2015-12-11 01:09:37.131+0000 INFO  [o.n.k.i.DiagnosticsManager] C:\Program Files\TortoiseSVN\bin
2015-12-11 01:09:37.131+0000 INFO  [o.n.k.i.DiagnosticsManager] C:\Windows\System32\config\systemprofile\.dnx\bin
2015-12-11 01:09:37.132+0000 INFO  [o.n.k.i.DiagnosticsManager] C:\Program Files\Microsoft DNX\Dnvm
2015-12-11 01:09:37.132+0000 INFO  [o.n.k.i.DiagnosticsManager] C:\Program Files\MATLAB\R2015b\runtime\win64
2015-12-11 01:09:37.132+0000 INFO  [o.n.k.i.DiagnosticsManager] C:\Program Files\MATLAB\R2015b\bin
2015-12-11 01:09:37.132+0000 INFO  [o.n.k.i.DiagnosticsManager] C:\Program Files (x86)\ATI Technologies\ATI.ACE\Core-Static
2015-12-11 01:09:37.132+0000 INFO  [o.n.k.i.DiagnosticsManager] C:\Program Files\Neo4j CE 2.3.1\jre\bin
2015-12-11 01:09:37.132+0000 INFO  [o.n.k.i.DiagnosticsManager] System.properties:
2015-12-11 01:09:37.132+0000 INFO  [o.n.k.i.DiagnosticsManager] exe4j.moduleName = C:\Program Files\Neo4j CE 2.3.1\bin\neo4j-ce.exe
2015-12-11 01:09:37.132+0000 INFO  [o.n.k.i.DiagnosticsManager] exe4j.semaphoreName = Local\c:_program_files_neo4j_ce_2.3.1_bin_neo4j-ce.exe
2015-12-11 01:09:37.132+0000 INFO  [o.n.k.i.DiagnosticsManager] sun.boot.library.path = c:\program files\neo4j ce 2.3.1\jre\bin
2015-12-11 01:09:37.132+0000 INFO  [o.n.k.i.DiagnosticsManager] exe4j.consoleCodepage = cp0
2015-12-11 01:09:37.132+0000 INFO  [o.n.k.i.DiagnosticsManager] path.separator = ;
2015-12-11 01:09:37.133+0000 INFO  [o.n.k.i.DiagnosticsManager] file.encoding.pkg = sun.io
2015-12-11 01:09:37.133+0000 INFO  [o.n.k.i.DiagnosticsManager] user.country = US
2015-12-11 01:09:37.133+0000 INFO  [o.n.k.i.DiagnosticsManager] user.script = 
2015-12-11 01:09:37.133+0000 INFO  [o.n.k.i.DiagnosticsManager] sun.os.patch.level = 
2015-12-11 01:09:37.133+0000 INFO  [o.n.k.i.DiagnosticsManager] install4j.exeDir = C:\Program Files\Neo4j CE 2.3.1\bin\
2015-12-11 01:09:37.133+0000 INFO  [o.n.k.i.DiagnosticsManager] user.dir = C:\Program Files\Neo4j CE 2.3.1\bin
2015-12-11 01:09:37.133+0000 INFO  [o.n.k.i.DiagnosticsManager] neo4j.ext.udc.source = desktop
2015-12-11 01:09:37.133+0000 INFO  [o.n.k.i.DiagnosticsManager] user.variant = 
2015-12-11 01:09:37.133+0000 INFO  [o.n.k.i.DiagnosticsManager] exe4j.tempDir = 
2015-12-11 01:09:37.133+0000 INFO  [o.n.k.i.DiagnosticsManager] sun.jnu.encoding = Cp1252
2015-12-11 01:09:37.133+0000 INFO  [o.n.k.i.DiagnosticsManager] sun.awt.enableExtraMouseButtons = true
2015-12-11 01:09:37.133+0000 INFO  [o.n.k.i.DiagnosticsManager] install4j.launcherId = 24
2015-12-11 01:09:37.133+0000 INFO  [o.n.k.i.DiagnosticsManager] sun.management.compiler = HotSpot 64-Bit Tiered Compilers
2015-12-11 01:09:37.133+0000 INFO  [o.n.k.i.DiagnosticsManager] exe4j.isInstall4j = true
2015-12-11 01:09:37.133+0000 INFO  [o.n.k.i.DiagnosticsManager] install4j.swt = false
2015-12-11 01:09:37.133+0000 INFO  [o.n.k.i.DiagnosticsManager] user.home = C:\Users\cez
2015-12-11 01:09:37.133+0000 INFO  [o.n.k.i.DiagnosticsManager] user.timezone = America/Chicago
2015-12-11 01:09:37.133+0000 INFO  [o.n.k.i.DiagnosticsManager] file.encoding = Cp1252
2015-12-11 01:09:37.133+0000 INFO  [o.n.k.i.DiagnosticsManager] user.name = cez
2015-12-11 01:09:37.133+0000 INFO  [o.n.k.i.DiagnosticsManager] sun.java.command = C:\Program Files\Neo4j CE 2.3.1\bin\neo4j-ce.exe
2015-12-11 01:09:37.133+0000 INFO  [o.n.k.i.DiagnosticsManager] sun.arch.data.model = 64
2015-12-11 01:09:37.133+0000 INFO  [o.n.k.i.DiagnosticsManager] exe4j.launchName = C:\Program Files\Neo4j CE 2.3.1\bin\neo4j-ce.exe
2015-12-11 01:09:37.133+0000 INFO  [o.n.k.i.DiagnosticsManager] user.language = en
2015-12-11 01:09:37.133+0000 INFO  [o.n.k.i.DiagnosticsManager] awt.toolkit = sun.awt.windows.WToolkit
2015-12-11 01:09:37.133+0000 INFO  [o.n.k.i.DiagnosticsManager] exe4j.unextractedPosition = 0
2015-12-11 01:09:37.133+0000 INFO  [o.n.k.i.DiagnosticsManager] install4j.appDir = C:\Program Files\Neo4j CE 2.3.1\
2015-12-11 01:09:37.133+0000 INFO  [o.n.k.i.DiagnosticsManager] file.separator = \
2015-12-11 01:09:37.133+0000 INFO  [o.n.k.i.DiagnosticsManager] sun.io.unicode.encoding = UnicodeLittle
2015-12-11 01:09:37.133+0000 INFO  [o.n.k.i.DiagnosticsManager] sun.cpu.endian = little
2015-12-11 01:09:37.133+0000 INFO  [o.n.k.i.DiagnosticsManager] sun.desktop = windows
2015-12-11 01:09:37.133+0000 INFO  [o.n.k.i.DiagnosticsManager] sun.cpu.isalist = amd64
2015-12-11 01:09:37.133+0000 INFO  [o.n.k.i.DiagnosticsManager] Network information:
2015-12-11 01:09:37.146+0000 INFO  [o.n.k.i.DiagnosticsManager] Interface Software Loopback Interface 1:
2015-12-11 01:09:37.146+0000 INFO  [o.n.k.i.DiagnosticsManager]     address: 127.0.0.1
2015-12-11 01:09:37.146+0000 INFO  [o.n.k.i.DiagnosticsManager]     address: 0:0:0:0:0:0:0:1
2015-12-11 01:09:37.146+0000 INFO  [o.n.k.i.DiagnosticsManager] Interface Microsoft Kernel Debug Network Adapter:
2015-12-11 01:09:37.146+0000 INFO  [o.n.k.i.DiagnosticsManager] Interface Intel(R) 82578DM Gigabit Network Connection:
2015-12-11 01:09:37.146+0000 INFO  [o.n.k.i.DiagnosticsManager]     address: 10.24.47.166
2015-12-11 01:09:37.146+0000 INFO  [o.n.k.i.DiagnosticsManager]     address: 2610:130:101:d00:4493:c16:efa9:8b55
2015-12-11 01:09:37.146+0000 INFO  [o.n.k.i.DiagnosticsManager]     address: 2610:130:101:d00:920:e15d:79eb:345b
2015-12-11 01:09:37.146+0000 INFO  [o.n.k.i.DiagnosticsManager]     address: 2610:130:101:d00:a502:b02c:1a2d:577b
2015-12-11 01:09:37.146+0000 INFO  [o.n.k.i.DiagnosticsManager]     address: fe80:0:0:0:4493:c16:efa9:8b55%3
2015-12-11 01:09:37.146+0000 INFO  [o.n.k.i.DiagnosticsManager] Interface Microsoft ISATAP Adapter:
2015-12-11 01:09:37.146+0000 INFO  [o.n.k.i.DiagnosticsManager]     address: fe80:0:0:0:0:5efe:c0a8:3801%4
2015-12-11 01:09:37.146+0000 INFO  [o.n.k.i.DiagnosticsManager] Interface Teredo Tunneling Pseudo-Interface:
2015-12-11 01:09:37.146+0000 INFO  [o.n.k.i.DiagnosticsManager] Interface Microsoft ISATAP Adapter #2:
2015-12-11 01:09:37.146+0000 INFO  [o.n.k.i.DiagnosticsManager]     address: fe80:0:0:0:0:5efe:a18:2fa6%6
2015-12-11 01:09:37.146+0000 INFO  [o.n.k.i.DiagnosticsManager] Interface VirtualBox Host-Only Ethernet Adapter:
2015-12-11 01:09:37.146+0000 INFO  [o.n.k.i.DiagnosticsManager]     address: 192.168.56.1
2015-12-11 01:09:37.146+0000 INFO  [o.n.k.i.DiagnosticsManager]     address: fe80:0:0:0:4133:2d33:29c2:6efa%7
2015-12-11 01:09:37.146+0000 INFO  [o.n.k.i.DiagnosticsManager] Interface Microsoft ISATAP Adapter #3:
2015-12-11 01:09:37.146+0000 INFO  [o.n.k.i.DiagnosticsManager] Interface VirtualBox Host-Only Ethernet Adapter-WFP Native MAC Layer LightWeight Filter-0000:
2015-12-11 01:09:37.146+0000 INFO  [o.n.k.i.DiagnosticsManager] Interface VirtualBox Host-Only Ethernet Adapter-VirtualBox NDIS Light-Weight Filter-0000:
2015-12-11 01:09:37.146+0000 INFO  [o.n.k.i.DiagnosticsManager] Interface VirtualBox Host-Only Ethernet Adapter-QoS Packet Scheduler-0000:
2015-12-11 01:09:37.146+0000 INFO  [o.n.k.i.DiagnosticsManager] Interface VirtualBox Host-Only Ethernet Adapter-WFP 802.3 MAC Layer LightWeight Filter-0000:
2015-12-11 01:09:37.146+0000 INFO  [o.n.k.i.DiagnosticsManager] Interface Intel(R) 82578DM Gigabit Network Connection-WFP Native MAC Layer LightWeight Filter-0000:
2015-12-11 01:09:37.146+0000 INFO  [o.n.k.i.DiagnosticsManager] Interface Intel(R) 82578DM Gigabit Network Connection-VirtualBox NDIS Light-Weight Filter-0000:
2015-12-11 01:09:37.146+0000 INFO  [o.n.k.i.DiagnosticsManager] Interface Intel(R) 82578DM Gigabit Network Connection-QoS Packet Scheduler-0000:
2015-12-11 01:09:37.146+0000 INFO  [o.n.k.i.DiagnosticsManager] Interface Intel(R) 82578DM Gigabit Network Connection-WFP 802.3 MAC Layer LightWeight Filter-0000:
2015-12-11 01:09:37.146+0000 INFO  [o.n.k.i.DiagnosticsManager] --- INITIALIZED diagnostics END ---
2015-12-11 01:09:38.307+0000 INFO  [o.n.k.KernelHealth] Kernel health set to OK
2015-12-11 01:09:38.334+0000 INFO  [o.n.k.AvailabilityGuard] Fulfilling of requirement makes database available: Database available
2015-12-11 01:09:38.340+0000 INFO  [o.n.k.i.f.CommunityFacadeFactory] Database is now ready
2015-12-11 01:09:38.345+0000 INFO  [o.n.k.i.DiagnosticsManager] --- STARTED diagnostics for KernelDiagnostics:Versions START ---
2015-12-11 01:09:38.351+0000 INFO  [o.n.k.i.DiagnosticsManager] Graph Database: Community StoreId{creationTime=1449701756391, randomId=2810560994167753401, storeVersion=15250506225055238, upgradeTime=1449701756391, upgradeId=1}
2015-12-11 01:09:38.355+0000 INFO  [o.n.k.i.DiagnosticsManager] Kernel version: 2.3.1
2015-12-11 01:09:38.358+0000 INFO  [o.n.k.i.DiagnosticsManager] --- STARTED diagnostics for KernelDiagnostics:Versions END ---
2015-12-11 01:09:38.362+0000 INFO  [o.n.k.i.DiagnosticsManager] --- STARTED diagnostics for NEO_STORE_VERSIONS START ---
2015-12-11 01:09:38.366+0000 INFO  [o.n.k.i.DiagnosticsManager] Store versions:
2015-12-11 01:09:38.370+0000 INFO  [o.n.k.i.DiagnosticsManager] Store versions:
2015-12-11 01:09:38.373+0000 INFO  [o.n.k.i.DiagnosticsManager] ArrayPropertyStore v0.A.6
2015-12-11 01:09:38.377+0000 INFO  [o.n.k.i.DiagnosticsManager] NodeStore v0.A.6
2015-12-11 01:09:38.380+0000 INFO  [o.n.k.i.DiagnosticsManager] StringPropertyStore v0.A.6
2015-12-11 01:09:38.383+0000 INFO  [o.n.k.i.DiagnosticsManager] PropertyIndexStore v0.A.6
2015-12-11 01:09:38.386+0000 INFO  [o.n.k.i.DiagnosticsManager] StringPropertyStore v0.A.6
2015-12-11 01:09:38.388+0000 INFO  [o.n.k.i.DiagnosticsManager] ArrayPropertyStore v0.A.6
2015-12-11 01:09:38.390+0000 INFO  [o.n.k.i.DiagnosticsManager] PropertyStore v0.A.6
2015-12-11 01:09:38.392+0000 INFO  [o.n.k.i.DiagnosticsManager] RelationshipStore v0.A.6
2015-12-11 01:09:38.395+0000 INFO  [o.n.k.i.DiagnosticsManager] StringPropertyStore v0.A.6
2015-12-11 01:09:38.397+0000 INFO  [o.n.k.i.DiagnosticsManager] RelationshipTypeStore v0.A.6
2015-12-11 01:09:38.399+0000 INFO  [o.n.k.i.DiagnosticsManager] StringPropertyStore v0.A.6
2015-12-11 01:09:38.402+0000 INFO  [o.n.k.i.DiagnosticsManager] LabelTokenStore v0.A.6
2015-12-11 01:09:38.404+0000 INFO  [o.n.k.i.DiagnosticsManager] SchemaStore v0.A.6
2015-12-11 01:09:38.406+0000 INFO  [o.n.k.i.DiagnosticsManager] RelationshipGroupStore v0.A.6
2015-12-11 01:09:38.408+0000 INFO  [o.n.k.i.DiagnosticsManager] NeoStore v0.A.6
2015-12-11 01:09:38.411+0000 INFO  [o.n.k.i.DiagnosticsManager] --- STARTED diagnostics for NEO_STORE_VERSIONS END ---
2015-12-11 01:09:38.413+0000 INFO  [o.n.k.i.DiagnosticsManager] --- STARTED diagnostics for NEO_STORE_ID_USAGE START ---
2015-12-11 01:09:38.415+0000 INFO  [o.n.k.i.DiagnosticsManager] Id usage:
2015-12-11 01:09:38.417+0000 INFO  [o.n.k.i.DiagnosticsManager] Id usage:
2015-12-11 01:09:38.420+0000 INFO  [o.n.k.i.DiagnosticsManager]   ArrayPropertyStore v0.A.6: used=1 high=0
2015-12-11 01:09:38.422+0000 INFO  [o.n.k.i.DiagnosticsManager]   NodeStore v0.A.6: used=3000 high=2999
2015-12-11 01:09:38.424+0000 INFO  [o.n.k.i.DiagnosticsManager]   StringPropertyStore v0.A.6: used=5 high=4
2015-12-11 01:09:38.426+0000 INFO  [o.n.k.i.DiagnosticsManager]   PropertyIndexStore v0.A.6: used=4 high=3
2015-12-11 01:09:38.429+0000 INFO  [o.n.k.i.DiagnosticsManager]   StringPropertyStore v0.A.6: used=1 high=0
2015-12-11 01:09:38.431+0000 INFO  [o.n.k.i.DiagnosticsManager]   ArrayPropertyStore v0.A.6: used=1 high=0
2015-12-11 01:09:38.433+0000 INFO  [o.n.k.i.DiagnosticsManager]   PropertyStore v0.A.6: used=6000 high=5999
2015-12-11 01:09:38.436+0000 INFO  [o.n.k.i.DiagnosticsManager]   RelationshipStore v0.A.6: used=0 high=-1
2015-12-11 01:09:38.438+0000 INFO  [o.n.k.i.DiagnosticsManager]   StringPropertyStore v0.A.6: used=1 high=0
2015-12-11 01:09:38.441+0000 INFO  [o.n.k.i.DiagnosticsManager]   RelationshipTypeStore v0.A.6: used=0 high=-1
2015-12-11 01:09:38.443+0000 INFO  [o.n.k.i.DiagnosticsManager]   StringPropertyStore v0.A.6: used=2 high=1
2015-12-11 01:09:38.445+0000 INFO  [o.n.k.i.DiagnosticsManager]   LabelTokenStore v0.A.6: used=1 high=0
2015-12-11 01:09:38.447+0000 INFO  [o.n.k.i.DiagnosticsManager]   SchemaStore v0.A.6: used=1 high=0
2015-12-11 01:09:38.450+0000 INFO  [o.n.k.i.DiagnosticsManager]   RelationshipGroupStore v0.A.6: used=1 high=0
2015-12-11 01:09:38.452+0000 INFO  [o.n.k.i.DiagnosticsManager]   NeoStore v0.A.6: used=13 high=12
2015-12-11 01:09:38.455+0000 INFO  [o.n.k.i.DiagnosticsManager] --- STARTED diagnostics for NEO_STORE_ID_USAGE END ---
2015-12-11 01:09:38.457+0000 INFO  [o.n.k.i.DiagnosticsManager] --- STARTED diagnostics for NEO_STORE_RECORDS START ---
2015-12-11 01:09:38.459+0000 INFO  [o.n.k.i.DiagnosticsManager] Neostore records:
2015-12-11 01:09:38.461+0000 INFO  [o.n.k.i.DiagnosticsManager] TIME (Creation time): 1449701756391
2015-12-11 01:09:38.463+0000 INFO  [o.n.k.i.DiagnosticsManager] RANDOM_NUMBER (Random number for store id): 2810560994167753401
2015-12-11 01:09:38.465+0000 INFO  [o.n.k.i.DiagnosticsManager] LOG_VERSION (Current log version): 0
2015-12-11 01:09:38.468+0000 INFO  [o.n.k.i.DiagnosticsManager] LAST_TRANSACTION_ID (Last committed transaction): 3006
2015-12-11 01:09:38.470+0000 INFO  [o.n.k.i.DiagnosticsManager] STORE_VERSION (Store format version): 15250506225055238
2015-12-11 01:09:38.472+0000 INFO  [o.n.k.i.DiagnosticsManager] FIRST_GRAPH_PROPERTY (First property record containing graph properties): -1
2015-12-11 01:09:38.474+0000 INFO  [o.n.k.i.DiagnosticsManager] LAST_CONSTRAINT_TRANSACTION (Last committed transaction containing constraint changes): 0
2015-12-11 01:09:38.476+0000 INFO  [o.n.k.i.DiagnosticsManager] UPGRADE_TRANSACTION_ID (Transaction id most recent upgrade was performed at): 1
2015-12-11 01:09:38.478+0000 INFO  [o.n.k.i.DiagnosticsManager] UPGRADE_TIME (Time of last upgrade): 1449701756391
2015-12-11 01:09:38.481+0000 INFO  [o.n.k.i.DiagnosticsManager] LAST_TRANSACTION_CHECKSUM (Checksum of last committed transaction): -162288864784
2015-12-11 01:09:38.483+0000 INFO  [o.n.k.i.DiagnosticsManager] UPGRADE_TRANSACTION_CHECKSUM (Checksum of transaction id the most recent upgrade was performed at): 0
2015-12-11 01:09:38.485+0000 INFO  [o.n.k.i.DiagnosticsManager] LAST_CLOSED_TRANSACTION_LOG_VERSION (Log version where the last transaction commit entry has been written into): 0
2015-12-11 01:09:38.487+0000 INFO  [o.n.k.i.DiagnosticsManager] LAST_CLOSED_TRANSACTION_LOG_BYTE_OFFSET (Byte offset in the log file where the last transaction commit entry has been written into): 1014650
2015-12-11 01:09:38.489+0000 INFO  [o.n.k.i.DiagnosticsManager] --- STARTED diagnostics for NEO_STORE_RECORDS END ---
2015-12-11 01:09:38.491+0000 INFO  [o.n.k.i.DiagnosticsManager] --- STARTED diagnostics for TRANSACTION_RANGE START ---
2015-12-11 01:09:38.493+0000 INFO  [o.n.k.i.DiagnosticsManager] Transaction log:
2015-12-11 01:09:38.496+0000 INFO  [o.n.k.i.DiagnosticsManager] Oldest transaction 2 found in log with version 0
2015-12-11 01:09:38.498+0000 INFO  [o.n.k.i.DiagnosticsManager] --- STARTED diagnostics for TRANSACTION_RANGE END ---
2015-12-11 01:09:38.500+0000 INFO  [o.n.k.i.DiagnosticsManager] --- STARTED diagnostics for KernelDiagnostics:StoreFiles START ---
2015-12-11 01:09:38.503+0000 INFO  [o.n.k.i.DiagnosticsManager] Disk space on partition (Total / Free / Free %): 499738734592 / 397640720384 / 79
Storage files: (filename : modification date - size)
2015-12-11 01:09:38.506+0000 INFO  [o.n.k.i.DiagnosticsManager]   dbms:
2015-12-11 01:09:38.508+0000 INFO  [o.n.k.i.DiagnosticsManager]     auth: 2015-12-09T16:55:56-0600 - 137.00 B
2015-12-11 01:09:38.510+0000 INFO  [o.n.k.i.DiagnosticsManager]     ssl:
2015-12-11 01:09:38.513+0000 INFO  [o.n.k.i.DiagnosticsManager]       snakeoil.cert: 2015-12-09T16:55:53-0600 - 630.00 B
2015-12-11 01:09:38.515+0000 INFO  [o.n.k.i.DiagnosticsManager]       snakeoil.key: 2015-12-09T16:55:53-0600 - 910.00 B
2015-12-11 01:09:38.517+0000 INFO  [o.n.k.i.DiagnosticsManager]     - Total: 2015-12-09T16:55:53-0600 - 1.50 kB
2015-12-11 01:09:38.519+0000 INFO  [o.n.k.i.DiagnosticsManager]   - Total: 2015-12-09T16:55:56-0600 - 1.64 kB
2015-12-11 01:09:38.521+0000 INFO  [o.n.k.i.DiagnosticsManager]   index:
2015-12-11 01:09:38.523+0000 INFO  [o.n.k.i.DiagnosticsManager]   - Total: 2015-12-09T16:55:56-0600 - 0.00 B
2015-12-11 01:09:38.526+0000 INFO  [o.n.k.i.DiagnosticsManager]   messages.log: 2015-12-10T19:09:38-0600 - 61.11 kB
2015-12-11 01:09:38.528+0000 INFO  [o.n.k.i.DiagnosticsManager]   neo4j.properties: 2015-12-09T16:55:53-0600 - 1.30 kB
2015-12-11 01:09:38.530+0000 INFO  [o.n.k.i.DiagnosticsManager]   neostore: 2015-12-09T17:00:56-0600 - 8.00 kB
2015-12-11 01:09:38.532+0000 INFO  [o.n.k.i.DiagnosticsManager]   neostore.counts.db.a: 2015-12-09T16:55:56-0600 - 96.00 B
2015-12-11 01:09:38.535+0000 INFO  [o.n.k.i.DiagnosticsManager]   neostore.counts.db.b: 2015-12-09T17:00:56-0600 - 160.00 B
2015-12-11 01:09:38.537+0000 INFO  [o.n.k.i.DiagnosticsManager]   neostore.id: 2015-12-10T19:09:37-0600 - 9.00 B
2015-12-11 01:09:38.539+0000 INFO  [o.n.k.i.DiagnosticsManager]   neostore.labeltokenstore.db: 2015-12-09T17:00:56-0600 - 8.00 kB
2015-12-11 01:09:38.542+0000 INFO  [o.n.k.i.DiagnosticsManager]   neostore.labeltokenstore.db.id: 2015-12-10T19:09:37-0600 - 9.00 B
2015-12-11 01:09:38.544+0000 INFO  [o.n.k.i.DiagnosticsManager]   neostore.labeltokenstore.db.names: 2015-12-09T17:00:56-0600 - 8.00 kB
2015-12-11 01:09:38.546+0000 INFO  [o.n.k.i.DiagnosticsManager]   neostore.labeltokenstore.db.names.id: 2015-12-10T19:09:37-0600 - 9.00 B
2015-12-11 01:09:38.549+0000 INFO  [o.n.k.i.DiagnosticsManager]   neostore.nodestore.db: 2015-12-09T17:00:56-0600 - 47.99 kB
2015-12-11 01:09:38.551+0000 INFO  [o.n.k.i.DiagnosticsManager]   neostore.nodestore.db.id: 2015-12-10T19:09:37-0600 - 9.00 B
2015-12-11 01:09:38.553+0000 INFO  [o.n.k.i.DiagnosticsManager]   neostore.nodestore.db.labels: 2015-12-09T16:55:54-0600 - 8.00 kB
2015-12-11 01:09:38.556+0000 INFO  [o.n.k.i.DiagnosticsManager]   neostore.nodestore.db.labels.id: 2015-12-10T19:09:37-0600 - 9.00 B
2015-12-11 01:09:38.558+0000 INFO  [o.n.k.i.DiagnosticsManager]   neostore.propertystore.db: 2015-12-09T17:02:47-0600 - 247.00 kB
2015-12-11 01:09:38.560+0000 INFO  [o.n.k.i.DiagnosticsManager]   neostore.propertystore.db.arrays: 2015-12-09T16:55:54-0600 - 8.00 kB
2015-12-11 01:09:38.562+0000 INFO  [o.n.k.i.DiagnosticsManager]   neostore.propertystore.db.arrays.id: 2015-12-10T19:09:37-0600 - 9.00 B
2015-12-11 01:09:38.565+0000 INFO  [o.n.k.i.DiagnosticsManager]   neostore.propertystore.db.id: 2015-12-10T19:09:37-0600 - 9.00 B
2015-12-11 01:09:38.567+0000 INFO  [o.n.k.i.DiagnosticsManager]   neostore.propertystore.db.index: 2015-12-09T17:00:56-0600 - 8.00 kB
2015-12-11 01:09:38.570+0000 INFO  [o.n.k.i.DiagnosticsManager]   neostore.propertystore.db.index.id: 2015-12-10T19:09:37-0600 - 9.00 B
2015-12-11 01:09:38.572+0000 INFO  [o.n.k.i.DiagnosticsManager]   neostore.propertystore.db.index.keys: 2015-12-09T17:00:56-0600 - 8.00 kB
2015-12-11 01:09:38.574+0000 INFO  [o.n.k.i.DiagnosticsManager]   neostore.propertystore.db.index.keys.id: 2015-12-10T19:09:37-0600 - 9.00 B
2015-12-11 01:09:38.577+0000 INFO  [o.n.k.i.DiagnosticsManager]   neostore.propertystore.db.strings: 2015-12-09T16:55:54-0600 - 8.00 kB
2015-12-11 01:09:38.579+0000 INFO  [o.n.k.i.DiagnosticsManager]   neostore.propertystore.db.strings.id: 2015-12-10T19:09:37-0600 - 9.00 B
2015-12-11 01:09:38.581+0000 INFO  [o.n.k.i.DiagnosticsManager]   neostore.relationshipgroupstore.db: 2015-12-09T16:55:56-0600 - 8.00 kB
2015-12-11 01:09:38.584+0000 INFO  [o.n.k.i.DiagnosticsManager]   neostore.relationshipgroupstore.db.id: 2015-12-10T19:09:37-0600 - 9.00 B
2015-12-11 01:09:38.586+0000 INFO  [o.n.k.i.DiagnosticsManager]   neostore.relationshipstore.db: 2015-12-09T16:55:55-0600 - 0.00 B
2015-12-11 01:09:38.588+0000 INFO  [o.n.k.i.DiagnosticsManager]   neostore.relationshipstore.db.id: 2015-12-10T19:09:37-0600 - 9.00 B
2015-12-11 01:09:38.590+0000 INFO  [o.n.k.i.DiagnosticsManager]   neostore.relationshiptypestore.db: 2015-12-09T16:55:55-0600 - 0.00 B
2015-12-11 01:09:38.593+0000 INFO  [o.n.k.i.DiagnosticsManager]   neostore.relationshiptypestore.db.id: 2015-12-10T19:09:37-0600 - 9.00 B
2015-12-11 01:09:38.595+0000 INFO  [o.n.k.i.DiagnosticsManager]   neostore.relationshiptypestore.db.names: 2015-12-09T16:55:55-0600 - 8.00 kB
2015-12-11 01:09:38.598+0000 INFO  [o.n.k.i.DiagnosticsManager]   neostore.relationshiptypestore.db.names.id: 2015-12-10T19:09:37-0600 - 9.00 B
2015-12-11 01:09:38.600+0000 INFO  [o.n.k.i.DiagnosticsManager]   neostore.schemastore.db: 2015-12-09T16:55:56-0600 - 8.00 kB
2015-12-11 01:09:38.602+0000 INFO  [o.n.k.i.DiagnosticsManager]   neostore.schemastore.db.id: 2015-12-10T19:09:37-0600 - 9.00 B
2015-12-11 01:09:38.604+0000 INFO  [o.n.k.i.DiagnosticsManager]   neostore.transaction.db.0: 2015-12-09T17:02:46-0600 - 990.90 kB
2015-12-11 01:09:38.607+0000 INFO  [o.n.k.i.DiagnosticsManager]   schema:
2015-12-11 01:09:38.609+0000 INFO  [o.n.k.i.DiagnosticsManager]     label:
2015-12-11 01:09:38.611+0000 INFO  [o.n.k.i.DiagnosticsManager]       lucene:
2015-12-11 01:09:38.613+0000 INFO  [o.n.k.i.DiagnosticsManager]         _4lp.cfs: 2015-12-09T16:59:27-0600 - 2.90 kB
2015-12-11 01:09:38.615+0000 INFO  [o.n.k.i.DiagnosticsManager]         segments.gen: 2015-12-09T17:00:56-0600 - 20.00 B
2015-12-11 01:09:38.618+0000 INFO  [o.n.k.i.DiagnosticsManager]         segments_1: 2015-12-09T17:00:56-0600 - 258.00 B
2015-12-11 01:09:38.620+0000 INFO  [o.n.k.i.DiagnosticsManager]         write.lock: 2015-12-10T19:09:38-0600 - 0.00 B
2015-12-11 01:09:38.622+0000 INFO  [o.n.k.i.DiagnosticsManager]       - Total: 2015-12-10T19:09:38-0600 - 3.17 kB
2015-12-11 01:09:38.624+0000 INFO  [o.n.k.i.DiagnosticsManager]     - Total: 2015-12-09T16:55:56-0600 - 3.17 kB
2015-12-11 01:09:38.626+0000 INFO  [o.n.k.i.DiagnosticsManager]   - Total: 2015-12-09T16:55:56-0600 - 3.17 kB
2015-12-11 01:09:38.628+0000 INFO  [o.n.k.i.DiagnosticsManager]   store_lock: 2015-12-09T16:55:53-0600 - 0.00 B
2015-12-11 01:09:38.630+0000 INFO  [o.n.k.i.DiagnosticsManager] --- STARTED diagnostics for KernelDiagnostics:StoreFiles END ---
2015-12-11 01:09:38.641+0000 INFO  [o.n.k.i.DiagnosticsManager] --- SERVER STARTED START ---
2015-12-11 01:09:39.305+0000 INFO  [o.n.k.i.DiagnosticsManager] --- SERVER STARTED END ---
2015-12-11 01:10:49.452+0000 WARN  [o.n.k.i.c.MonitorGc] GC Monitor: Application threads blocked for 220ms.
2015-12-11 01:24:03.144+0000 INFO  [o.n.k.i.f.GraphDatabaseFacade] Shutdown started
2015-12-11 01:24:03.147+0000 INFO  [o.n.k.i.f.CommunityFacadeFactory] Database is now unavailable
2015-12-11 01:24:03.176+0000 INFO  [o.n.k.i.t.l.c.CheckPointerImpl] Check Pointing triggered by database shutdown [3006]:  Starting check pointing...
2015-12-11 01:24:03.179+0000 INFO  [o.n.k.i.t.l.c.CheckPointerImpl] Check Pointing triggered by database shutdown [3006]:  Starting store flush...
2015-12-11 01:24:03.201+0000 INFO  [o.n.k.i.t.l.c.CheckPointerImpl] Check Pointing triggered by database shutdown [3006]:  Store flush completed
2015-12-11 01:24:03.204+0000 INFO  [o.n.k.i.t.l.c.CheckPointerImpl] Check Pointing triggered by database shutdown [3006]:  Starting appending check point entry into the tx log...
2015-12-11 01:24:03.238+0000 INFO  [o.n.k.i.t.l.c.CheckPointerImpl] Check Pointing triggered by database shutdown [3006]:  Appending check point entry into the tx log completed
2015-12-11 01:24:03.245+0000 INFO  [o.n.k.i.t.l.c.CheckPointerImpl] Check Pointing triggered by database shutdown [3006]:  Check pointing completed
2015-12-11 01:24:03.250+0000 INFO  [o.n.k.i.t.l.p.LogPruningImpl] Log Rotation [0]:  Starting log pruning.
2015-12-11 01:24:03.256+0000 INFO  [o.n.k.i.t.l.p.LogPruningImpl] Log Rotation [0]:  Log pruning complete.
2015-12-11 01:24:04.406+0000 INFO  [o.n.k.NeoStoreDataSource] NeoStores closed
2015-12-11 01:24:04.412+0000 INFO  [o.n.k.i.DiagnosticsManager] --- STOPPING diagnostics START ---
2015-12-11 01:24:04.413+0000 INFO  [o.n.k.i.DiagnosticsManager] --- STOPPING diagnostics END ---
