2015-12-10 15:09:10.076+0000 INFO  [o.n.k.i.f.CommunityFacadeFactory] No locking implementation specified, defaulting to 'community'
2015-12-10 15:09:10.079+0000 INFO  [o.n.k.AvailabilityGuard] Requirement makes database unavailable: Database available
2015-12-10 15:09:10.081+0000 INFO  [o.n.k.i.DiagnosticsManager] --- INITIALIZED diagnostics START ---
2015-12-10 15:09:10.081+0000 INFO  [o.n.k.i.DiagnosticsManager] Neo4j Kernel properties:
2015-12-10 15:09:10.081+0000 INFO  [o.n.k.i.DiagnosticsManager] org.neo4j.server.db.tuning.properties=C:\561\5000\5000D4\neo4j.properties
2015-12-10 15:09:10.081+0000 INFO  [o.n.k.i.DiagnosticsManager] org.neo4j.server.database.location=C:\561\5000\5000D4
2015-12-10 15:09:10.081+0000 INFO  [o.n.k.i.DiagnosticsManager] dbms.querylog.filename=data/log/queries.log
2015-12-10 15:09:10.081+0000 INFO  [o.n.k.i.DiagnosticsManager] dbms.security.auth_store.location=C:\561\5000\5000D4\.\dbms\auth
2015-12-10 15:09:10.081+0000 INFO  [o.n.k.i.DiagnosticsManager] dbms.security.tls_certificate_file=C:\561\5000\5000D4\.\dbms\ssl\snakeoil.cert
2015-12-10 15:09:10.081+0000 INFO  [o.n.k.i.DiagnosticsManager] remote_shell_enabled=true
2015-12-10 15:09:10.081+0000 INFO  [o.n.k.i.DiagnosticsManager] edition=Community
2015-12-10 15:09:10.081+0000 INFO  [o.n.k.i.DiagnosticsManager] dbms.security.tls_key_file=C:\561\5000\5000D4\.\dbms\ssl\snakeoil.key
2015-12-10 15:09:10.082+0000 INFO  [o.n.k.i.DiagnosticsManager] Diagnostics providers:
2015-12-10 15:09:10.082+0000 INFO  [o.n.k.i.DiagnosticsManager] org.neo4j.kernel.configuration.Config
2015-12-10 15:09:10.082+0000 INFO  [o.n.k.i.DiagnosticsManager] org.neo4j.kernel.info.DiagnosticsManager
2015-12-10 15:09:10.082+0000 INFO  [o.n.k.i.DiagnosticsManager] SYSTEM_MEMORY
2015-12-10 15:09:10.082+0000 INFO  [o.n.k.i.DiagnosticsManager] JAVA_MEMORY
2015-12-10 15:09:10.082+0000 INFO  [o.n.k.i.DiagnosticsManager] OPERATING_SYSTEM
2015-12-10 15:09:10.082+0000 INFO  [o.n.k.i.DiagnosticsManager] JAVA_VIRTUAL_MACHINE
2015-12-10 15:09:10.082+0000 INFO  [o.n.k.i.DiagnosticsManager] CLASSPATH
2015-12-10 15:09:10.082+0000 INFO  [o.n.k.i.DiagnosticsManager] LIBRARY_PATH
2015-12-10 15:09:10.082+0000 INFO  [o.n.k.i.DiagnosticsManager] SYSTEM_PROPERTIES
2015-12-10 15:09:10.082+0000 INFO  [o.n.k.i.DiagnosticsManager] NETWORK
2015-12-10 15:09:10.082+0000 INFO  [o.n.k.i.DiagnosticsManager] System memory information:
2015-12-10 15:09:10.082+0000 INFO  [o.n.k.i.DiagnosticsManager] Total Physical memory: 3.93 GB
2015-12-10 15:09:10.082+0000 INFO  [o.n.k.i.DiagnosticsManager] Free Physical memory: 2.19 GB
2015-12-10 15:09:10.082+0000 INFO  [o.n.k.i.DiagnosticsManager] Committed virtual memory: 366.00 MB
2015-12-10 15:09:10.082+0000 INFO  [o.n.k.i.DiagnosticsManager] Total swap space: 5.66 GB
2015-12-10 15:09:10.082+0000 INFO  [o.n.k.i.DiagnosticsManager] Free swap space: 2.30 GB
2015-12-10 15:09:10.082+0000 INFO  [o.n.k.i.DiagnosticsManager] JVM memory information:
2015-12-10 15:09:10.082+0000 INFO  [o.n.k.i.DiagnosticsManager] Free  memory: 14.72 MB
2015-12-10 15:09:10.082+0000 INFO  [o.n.k.i.DiagnosticsManager] Total memory: 98.50 MB
2015-12-10 15:09:10.082+0000 INFO  [o.n.k.i.DiagnosticsManager] Max   memory: 894.50 MB
2015-12-10 15:09:10.082+0000 INFO  [o.n.k.i.DiagnosticsManager] Garbage Collector: PS Scavenge: [PS Eden Space, PS Survivor Space]
2015-12-10 15:09:10.082+0000 INFO  [o.n.k.i.DiagnosticsManager] Garbage Collector: PS MarkSweep: [PS Eden Space, PS Survivor Space, PS Old Gen, PS Perm Gen]
2015-12-10 15:09:10.082+0000 INFO  [o.n.k.i.DiagnosticsManager] Memory Pool: Code Cache (Non-heap memory): committed=12.81 MB, used=12.53 MB, max=48.00 MB, threshold=0.00 B
2015-12-10 15:09:10.082+0000 INFO  [o.n.k.i.DiagnosticsManager] Memory Pool: PS Eden Space (Heap memory): committed=23.50 MB, used=10.45 MB, max=334.50 MB, threshold=?
2015-12-10 15:09:10.082+0000 INFO  [o.n.k.i.DiagnosticsManager] Memory Pool: PS Survivor Space (Heap memory): committed=512.00 kB, used=500.56 kB, max=512.00 kB, threshold=?
2015-12-10 15:09:10.082+0000 INFO  [o.n.k.i.DiagnosticsManager] Memory Pool: PS Old Gen (Heap memory): committed=74.50 MB, used=72.84 MB, max=670.50 MB, threshold=0.00 B
2015-12-10 15:09:10.082+0000 INFO  [o.n.k.i.DiagnosticsManager] Memory Pool: PS Perm Gen (Non-heap memory): committed=64.50 MB, used=64.35 MB, max=82.00 MB, threshold=0.00 B
2015-12-10 15:09:10.082+0000 INFO  [o.n.k.i.DiagnosticsManager] Operating system information:
2015-12-10 15:09:10.082+0000 INFO  [o.n.k.i.DiagnosticsManager] Operating System: Windows 8.1; version: 6.3; arch: amd64; cpus: 8
2015-12-10 15:09:10.083+0000 INFO  [o.n.k.i.DiagnosticsManager] Process id: 3784@ATAN-B03-02
2015-12-10 15:09:10.083+0000 INFO  [o.n.k.i.DiagnosticsManager] Byte order: LITTLE_ENDIAN
2015-12-10 15:09:10.083+0000 INFO  [o.n.k.i.DiagnosticsManager] Local timezone: America/Chicago
2015-12-10 15:09:10.083+0000 INFO  [o.n.k.i.DiagnosticsManager] JVM information:
2015-12-10 15:09:10.083+0000 INFO  [o.n.k.i.DiagnosticsManager] VM Name: Java HotSpot(TM) 64-Bit Server VM
2015-12-10 15:09:10.083+0000 INFO  [o.n.k.i.DiagnosticsManager] VM Vendor: Oracle Corporation
2015-12-10 15:09:10.083+0000 INFO  [o.n.k.i.DiagnosticsManager] VM Version: 24.80-b11
2015-12-10 15:09:10.083+0000 INFO  [o.n.k.i.DiagnosticsManager] JIT compiler: HotSpot 64-Bit Tiered Compilers
2015-12-10 15:09:10.083+0000 INFO  [o.n.k.i.DiagnosticsManager] VM Arguments: [-Dexe4j.semaphoreName=Local\c:_program_files_neo4j_ce_2.3.1_bin_neo4j-ce.exe, -Dexe4j.isInstall4j=true, -Dexe4j.moduleName=C:\Program Files\Neo4j CE 2.3.1\bin\neo4j-ce.exe, -Dexe4j.tempDir=, -Dexe4j.unextractedPosition=0, -Djava.library.path=C:\Program Files (x86)\AMD APP\bin\x86_64;C:\Program Files (x86)\AMD APP\bin\x86;C:\ProgramData\Oracle\Java\javapath;C:\Windows\system32;C:\Windows;C:\Windows\System32\Wbem;C:\Windows\System32\WindowsPowerShell\v1.0\;C:\Program Files (x86)\MiKTeX 2.9\miktex\bin\;C:\Program Files\TortoiseSVN\bin;C:\Windows\system32\config\systemprofile\.dnx\bin;C:\Program Files\Microsoft DNX\Dnvm\;C:\Program Files\MATLAB\R2015b\runtime\win64;C:\Program Files\MATLAB\R2015b\bin;C:\Program Files (x86)\ATI Technologies\ATI.ACE\Core-Static;c:\program files\neo4j ce 2.3.1\jre\bin, -Dexe4j.consoleCodepage=cp0, -Dinstall4j.launcherId=24, -Dinstall4j.swt=false]
2015-12-10 15:09:10.083+0000 INFO  [o.n.k.i.DiagnosticsManager] Java classpath:
2015-12-10 15:09:10.085+0000 INFO  [o.n.k.i.DiagnosticsManager]  [loader.1] file:/C:/Program%20Files/Neo4j%20CE%202.3.1/jre/lib/ext/dnsns.jar
2015-12-10 15:09:10.085+0000 INFO  [o.n.k.i.DiagnosticsManager]  [loader.0] file:/C:/Program%20Files/Neo4j%20CE%202.3.1/bin/
2015-12-10 15:09:10.085+0000 INFO  [o.n.k.i.DiagnosticsManager]  [bootstrap] C:\Program Files\Neo4j CE 2.3.1\jre\lib\resources.jar
2015-12-10 15:09:10.085+0000 INFO  [o.n.k.i.DiagnosticsManager]  [bootstrap] C:\Program Files\Neo4j CE 2.3.1\jre\lib\jfr.jar
2015-12-10 15:09:10.085+0000 INFO  [o.n.k.i.DiagnosticsManager]  [classpath] C:\Program Files\Neo4j CE 2.3.1\.install4j\i4jruntime.jar
2015-12-10 15:09:10.085+0000 INFO  [o.n.k.i.DiagnosticsManager]  [loader.1] file:/C:/Program%20Files/Neo4j%20CE%202.3.1/jre/lib/ext/sunmscapi.jar
2015-12-10 15:09:10.085+0000 INFO  [o.n.k.i.DiagnosticsManager]  [bootstrap] C:\Program Files\Neo4j CE 2.3.1\jre\lib\jsse.jar
2015-12-10 15:09:10.085+0000 INFO  [o.n.k.i.DiagnosticsManager]  [loader.1] file:/C:/Program%20Files/Neo4j%20CE%202.3.1/jre/lib/ext/dns_sd.jar
2015-12-10 15:09:10.085+0000 INFO  [o.n.k.i.DiagnosticsManager]  [loader.0] file:/C:/Program%20Files/Neo4j%20CE%202.3.1/.install4j/i4jruntime.jar
2015-12-10 15:09:10.085+0000 INFO  [o.n.k.i.DiagnosticsManager]  [loader.0] file:/C:/Program%20Files/Neo4j%20CE%202.3.1/bin/neo4j-desktop-2.3.1.jar
2015-12-10 15:09:10.085+0000 INFO  [o.n.k.i.DiagnosticsManager]  [loader.1] file:/C:/Program%20Files/Neo4j%20CE%202.3.1/jre/lib/ext/access-bridge-64.jar
2015-12-10 15:09:10.085+0000 INFO  [o.n.k.i.DiagnosticsManager]  [loader.1] file:/C:/Program%20Files/Neo4j%20CE%202.3.1/jre/lib/ext/localedata.jar
2015-12-10 15:09:10.085+0000 INFO  [o.n.k.i.DiagnosticsManager]  [bootstrap] C:\Program Files\Neo4j CE 2.3.1\jre\lib\sunrsasign.jar
2015-12-10 15:09:10.085+0000 INFO  [o.n.k.i.DiagnosticsManager]  [bootstrap] C:\Program Files\Neo4j CE 2.3.1\jre\lib\jce.jar
2015-12-10 15:09:10.085+0000 INFO  [o.n.k.i.DiagnosticsManager]  [bootstrap] C:\Program Files\Neo4j CE 2.3.1\jre\lib\rt.jar
2015-12-10 15:09:10.085+0000 INFO  [o.n.k.i.DiagnosticsManager]  [bootstrap] C:\Program Files\Neo4j CE 2.3.1\jre\lib\charsets.jar
2015-12-10 15:09:10.085+0000 INFO  [o.n.k.i.DiagnosticsManager]  [loader.1] file:/C:/Program%20Files/Neo4j%20CE%202.3.1/jre/lib/ext/sunjce_provider.jar
2015-12-10 15:09:10.085+0000 INFO  [o.n.k.i.DiagnosticsManager]  [bootstrap] C:\Program Files\Neo4j CE 2.3.1\jre\classes
2015-12-10 15:09:10.085+0000 INFO  [o.n.k.i.DiagnosticsManager]  [loader.1] file:/C:/Program%20Files/Neo4j%20CE%202.3.1/jre/lib/ext/zipfs.jar
2015-12-10 15:09:10.085+0000 INFO  [o.n.k.i.DiagnosticsManager]  [loader.1] file:/C:/Program%20Files/Neo4j%20CE%202.3.1/jre/lib/ext/jaccess.jar
2015-12-10 15:09:10.085+0000 INFO  [o.n.k.i.DiagnosticsManager]  [loader.1] file:/C:/Program%20Files/Neo4j%20CE%202.3.1/jre/lib/ext/sunec.jar
2015-12-10 15:09:10.085+0000 INFO  [o.n.k.i.DiagnosticsManager]  [classpath] C:\Program Files\Neo4j CE 2.3.1\bin\neo4j-desktop-2.3.1.jar
2015-12-10 15:09:10.085+0000 INFO  [o.n.k.i.DiagnosticsManager] Library path:
2015-12-10 15:09:10.086+0000 INFO  [o.n.k.i.DiagnosticsManager] C:\Program Files (x86)\AMD APP\bin\x86_64
2015-12-10 15:09:10.086+0000 INFO  [o.n.k.i.DiagnosticsManager] C:\Program Files (x86)\AMD APP\bin\x86
2015-12-10 15:09:10.086+0000 INFO  [o.n.k.i.DiagnosticsManager] C:\ProgramData\Oracle\Java\javapath
2015-12-10 15:09:10.086+0000 INFO  [o.n.k.i.DiagnosticsManager] C:\Windows\System32
2015-12-10 15:09:10.086+0000 INFO  [o.n.k.i.DiagnosticsManager] C:\Windows
2015-12-10 15:09:10.086+0000 INFO  [o.n.k.i.DiagnosticsManager] C:\Windows\System32\wbem
2015-12-10 15:09:10.087+0000 INFO  [o.n.k.i.DiagnosticsManager] C:\Windows\System32\WindowsPowerShell\v1.0
2015-12-10 15:09:10.087+0000 INFO  [o.n.k.i.DiagnosticsManager] C:\Program Files (x86)\MiKTeX 2.9\miktex\bin
2015-12-10 15:09:10.087+0000 INFO  [o.n.k.i.DiagnosticsManager] C:\Program Files\TortoiseSVN\bin
2015-12-10 15:09:10.087+0000 INFO  [o.n.k.i.DiagnosticsManager] C:\Windows\System32\config\systemprofile\.dnx\bin
2015-12-10 15:09:10.087+0000 INFO  [o.n.k.i.DiagnosticsManager] C:\Program Files\Microsoft DNX\Dnvm
2015-12-10 15:09:10.087+0000 INFO  [o.n.k.i.DiagnosticsManager] C:\Program Files\MATLAB\R2015b\runtime\win64
2015-12-10 15:09:10.088+0000 INFO  [o.n.k.i.DiagnosticsManager] C:\Program Files\MATLAB\R2015b\bin
2015-12-10 15:09:10.088+0000 INFO  [o.n.k.i.DiagnosticsManager] C:\Program Files (x86)\ATI Technologies\ATI.ACE\Core-Static
2015-12-10 15:09:10.088+0000 INFO  [o.n.k.i.DiagnosticsManager] C:\Program Files\Neo4j CE 2.3.1\jre\bin
2015-12-10 15:09:10.088+0000 INFO  [o.n.k.i.DiagnosticsManager] System.properties:
2015-12-10 15:09:10.088+0000 INFO  [o.n.k.i.DiagnosticsManager] exe4j.moduleName = C:\Program Files\Neo4j CE 2.3.1\bin\neo4j-ce.exe
2015-12-10 15:09:10.088+0000 INFO  [o.n.k.i.DiagnosticsManager] exe4j.semaphoreName = Local\c:_program_files_neo4j_ce_2.3.1_bin_neo4j-ce.exe
2015-12-10 15:09:10.088+0000 INFO  [o.n.k.i.DiagnosticsManager] sun.boot.library.path = c:\program files\neo4j ce 2.3.1\jre\bin
2015-12-10 15:09:10.088+0000 INFO  [o.n.k.i.DiagnosticsManager] exe4j.consoleCodepage = cp0
2015-12-10 15:09:10.088+0000 INFO  [o.n.k.i.DiagnosticsManager] path.separator = ;
2015-12-10 15:09:10.088+0000 INFO  [o.n.k.i.DiagnosticsManager] file.encoding.pkg = sun.io
2015-12-10 15:09:10.088+0000 INFO  [o.n.k.i.DiagnosticsManager] user.country = US
2015-12-10 15:09:10.088+0000 INFO  [o.n.k.i.DiagnosticsManager] user.script = 
2015-12-10 15:09:10.088+0000 INFO  [o.n.k.i.DiagnosticsManager] sun.os.patch.level = 
2015-12-10 15:09:10.088+0000 INFO  [o.n.k.i.DiagnosticsManager] install4j.exeDir = C:\Program Files\Neo4j CE 2.3.1\bin\
2015-12-10 15:09:10.088+0000 INFO  [o.n.k.i.DiagnosticsManager] user.dir = C:\Program Files\Neo4j CE 2.3.1\bin
2015-12-10 15:09:10.088+0000 INFO  [o.n.k.i.DiagnosticsManager] neo4j.ext.udc.source = desktop
2015-12-10 15:09:10.088+0000 INFO  [o.n.k.i.DiagnosticsManager] user.variant = 
2015-12-10 15:09:10.088+0000 INFO  [o.n.k.i.DiagnosticsManager] exe4j.tempDir = 
2015-12-10 15:09:10.088+0000 INFO  [o.n.k.i.DiagnosticsManager] sun.jnu.encoding = Cp1252
2015-12-10 15:09:10.088+0000 INFO  [o.n.k.i.DiagnosticsManager] sun.awt.enableExtraMouseButtons = true
2015-12-10 15:09:10.088+0000 INFO  [o.n.k.i.DiagnosticsManager] install4j.launcherId = 24
2015-12-10 15:09:10.088+0000 INFO  [o.n.k.i.DiagnosticsManager] sun.management.compiler = HotSpot 64-Bit Tiered Compilers
2015-12-10 15:09:10.088+0000 INFO  [o.n.k.i.DiagnosticsManager] exe4j.isInstall4j = true
2015-12-10 15:09:10.088+0000 INFO  [o.n.k.i.DiagnosticsManager] install4j.swt = false
2015-12-10 15:09:10.088+0000 INFO  [o.n.k.i.DiagnosticsManager] user.home = C:\Users\cez
2015-12-10 15:09:10.088+0000 INFO  [o.n.k.i.DiagnosticsManager] user.timezone = America/Chicago
2015-12-10 15:09:10.088+0000 INFO  [o.n.k.i.DiagnosticsManager] file.encoding = Cp1252
2015-12-10 15:09:10.088+0000 INFO  [o.n.k.i.DiagnosticsManager] user.name = cez
2015-12-10 15:09:10.088+0000 INFO  [o.n.k.i.DiagnosticsManager] sun.java.command = C:\Program Files\Neo4j CE 2.3.1\bin\neo4j-ce.exe
2015-12-10 15:09:10.088+0000 INFO  [o.n.k.i.DiagnosticsManager] sun.arch.data.model = 64
2015-12-10 15:09:10.088+0000 INFO  [o.n.k.i.DiagnosticsManager] exe4j.launchName = C:\Program Files\Neo4j CE 2.3.1\bin\neo4j-ce.exe
2015-12-10 15:09:10.088+0000 INFO  [o.n.k.i.DiagnosticsManager] user.language = en
2015-12-10 15:09:10.088+0000 INFO  [o.n.k.i.DiagnosticsManager] awt.toolkit = sun.awt.windows.WToolkit
2015-12-10 15:09:10.088+0000 INFO  [o.n.k.i.DiagnosticsManager] exe4j.unextractedPosition = 0
2015-12-10 15:09:10.088+0000 INFO  [o.n.k.i.DiagnosticsManager] install4j.appDir = C:\Program Files\Neo4j CE 2.3.1\
2015-12-10 15:09:10.088+0000 INFO  [o.n.k.i.DiagnosticsManager] file.separator = \
2015-12-10 15:09:10.088+0000 INFO  [o.n.k.i.DiagnosticsManager] sun.io.unicode.encoding = UnicodeLittle
2015-12-10 15:09:10.088+0000 INFO  [o.n.k.i.DiagnosticsManager] sun.cpu.endian = little
2015-12-10 15:09:10.088+0000 INFO  [o.n.k.i.DiagnosticsManager] sun.desktop = windows
2015-12-10 15:09:10.088+0000 INFO  [o.n.k.i.DiagnosticsManager] sun.cpu.isalist = amd64
2015-12-10 15:09:10.089+0000 INFO  [o.n.k.i.DiagnosticsManager] Network information:
2015-12-10 15:09:10.102+0000 INFO  [o.n.k.i.DiagnosticsManager] Interface Software Loopback Interface 1:
2015-12-10 15:09:10.102+0000 INFO  [o.n.k.i.DiagnosticsManager]     address: 127.0.0.1
2015-12-10 15:09:10.102+0000 INFO  [o.n.k.i.DiagnosticsManager]     address: 0:0:0:0:0:0:0:1
2015-12-10 15:09:10.102+0000 INFO  [o.n.k.i.DiagnosticsManager] Interface Microsoft Kernel Debug Network Adapter:
2015-12-10 15:09:10.102+0000 INFO  [o.n.k.i.DiagnosticsManager] Interface Intel(R) 82578DM Gigabit Network Connection:
2015-12-10 15:09:10.102+0000 INFO  [o.n.k.i.DiagnosticsManager]     address: 10.24.47.166
2015-12-10 15:09:10.102+0000 INFO  [o.n.k.i.DiagnosticsManager]     address: 2610:130:101:d00:4493:c16:efa9:8b55
2015-12-10 15:09:10.102+0000 INFO  [o.n.k.i.DiagnosticsManager]     address: 2610:130:101:d00:a502:b02c:1a2d:577b
2015-12-10 15:09:10.102+0000 INFO  [o.n.k.i.DiagnosticsManager]     address: fe80:0:0:0:4493:c16:efa9:8b55%3
2015-12-10 15:09:10.102+0000 INFO  [o.n.k.i.DiagnosticsManager] Interface Microsoft ISATAP Adapter:
2015-12-10 15:09:10.102+0000 INFO  [o.n.k.i.DiagnosticsManager]     address: fe80:0:0:0:0:5efe:c0a8:3801%4
2015-12-10 15:09:10.102+0000 INFO  [o.n.k.i.DiagnosticsManager] Interface Teredo Tunneling Pseudo-Interface:
2015-12-10 15:09:10.102+0000 INFO  [o.n.k.i.DiagnosticsManager] Interface Microsoft ISATAP Adapter #2:
2015-12-10 15:09:10.102+0000 INFO  [o.n.k.i.DiagnosticsManager]     address: fe80:0:0:0:0:5efe:a18:2fa6%6
2015-12-10 15:09:10.102+0000 INFO  [o.n.k.i.DiagnosticsManager] Interface VirtualBox Host-Only Ethernet Adapter:
2015-12-10 15:09:10.102+0000 INFO  [o.n.k.i.DiagnosticsManager]     address: 192.168.56.1
2015-12-10 15:09:10.102+0000 INFO  [o.n.k.i.DiagnosticsManager]     address: fe80:0:0:0:4133:2d33:29c2:6efa%7
2015-12-10 15:09:10.102+0000 INFO  [o.n.k.i.DiagnosticsManager] Interface Microsoft ISATAP Adapter #3:
2015-12-10 15:09:10.103+0000 INFO  [o.n.k.i.DiagnosticsManager] Interface VirtualBox Host-Only Ethernet Adapter-WFP Native MAC Layer LightWeight Filter-0000:
2015-12-10 15:09:10.103+0000 INFO  [o.n.k.i.DiagnosticsManager] Interface VirtualBox Host-Only Ethernet Adapter-VirtualBox NDIS Light-Weight Filter-0000:
2015-12-10 15:09:10.103+0000 INFO  [o.n.k.i.DiagnosticsManager] Interface VirtualBox Host-Only Ethernet Adapter-QoS Packet Scheduler-0000:
2015-12-10 15:09:10.103+0000 INFO  [o.n.k.i.DiagnosticsManager] Interface VirtualBox Host-Only Ethernet Adapter-WFP 802.3 MAC Layer LightWeight Filter-0000:
2015-12-10 15:09:10.103+0000 INFO  [o.n.k.i.DiagnosticsManager] Interface Intel(R) 82578DM Gigabit Network Connection-WFP Native MAC Layer LightWeight Filter-0000:
2015-12-10 15:09:10.103+0000 INFO  [o.n.k.i.DiagnosticsManager] Interface Intel(R) 82578DM Gigabit Network Connection-VirtualBox NDIS Light-Weight Filter-0000:
2015-12-10 15:09:10.103+0000 INFO  [o.n.k.i.DiagnosticsManager] Interface Intel(R) 82578DM Gigabit Network Connection-QoS Packet Scheduler-0000:
2015-12-10 15:09:10.103+0000 INFO  [o.n.k.i.DiagnosticsManager] Interface Intel(R) 82578DM Gigabit Network Connection-WFP 802.3 MAC Layer LightWeight Filter-0000:
2015-12-10 15:09:10.103+0000 INFO  [o.n.k.i.DiagnosticsManager] --- INITIALIZED diagnostics END ---
2015-12-10 15:09:12.573+0000 INFO  [o.n.k.a.i.i.LuceneLabelScanStore] No lucene scan store index found, this might just be first use. Preparing to rebuild.
2015-12-10 15:09:12.584+0000 INFO  [o.n.k.NeoStoreDataSource] Opened logical log [C:\561\5000\5000D4\neostore.transaction.db.0] version=0, lastTxId=1 (clean)
2015-12-10 15:09:12.592+0000 WARN  [o.n.k.i.s.MetaDataStore] Missing counts store, rebuilding it.
2015-12-10 15:09:12.667+0000 INFO  [o.n.k.a.i.i.LuceneLabelScanStore] Rebuilding lucene scan store, this may take a while
2015-12-10 15:09:12.697+0000 INFO  [o.n.k.a.i.i.LuceneLabelScanStore] Lucene scan store rebuilt (roughly -1 nodes)
2015-12-10 15:09:12.704+0000 INFO  [o.n.k.KernelHealth] Kernel health set to OK
2015-12-10 15:09:12.721+0000 INFO  [o.n.k.AvailabilityGuard] Fulfilling of requirement makes database available: Database available
2015-12-10 15:09:12.726+0000 INFO  [o.n.k.i.f.CommunityFacadeFactory] Database is now ready
2015-12-10 15:09:12.732+0000 INFO  [o.n.k.i.DiagnosticsManager] --- STARTED diagnostics for KernelDiagnostics:Versions START ---
2015-12-10 15:09:12.738+0000 INFO  [o.n.k.i.DiagnosticsManager] Graph Database: Community StoreId{creationTime=1449760152495, randomId=8338909686520308706, storeVersion=15250506225055238, upgradeTime=1449760152495, upgradeId=1}
2015-12-10 15:09:12.744+0000 INFO  [o.n.k.i.DiagnosticsManager] Kernel version: 2.3.1
2015-12-10 15:09:12.750+0000 INFO  [o.n.k.i.DiagnosticsManager] --- STARTED diagnostics for KernelDiagnostics:Versions END ---
2015-12-10 15:09:12.755+0000 INFO  [o.n.k.i.DiagnosticsManager] --- STARTED diagnostics for NEO_STORE_VERSIONS START ---
2015-12-10 15:09:12.758+0000 INFO  [o.n.k.i.DiagnosticsManager] Store versions:
2015-12-10 15:09:12.760+0000 INFO  [o.n.k.i.DiagnosticsManager] Store versions:
2015-12-10 15:09:12.763+0000 INFO  [o.n.k.i.DiagnosticsManager] ArrayPropertyStore v0.A.6
2015-12-10 15:09:12.766+0000 INFO  [o.n.k.i.DiagnosticsManager] NodeStore v0.A.6
2015-12-10 15:09:12.768+0000 INFO  [o.n.k.i.DiagnosticsManager] StringPropertyStore v0.A.6
2015-12-10 15:09:12.771+0000 INFO  [o.n.k.i.DiagnosticsManager] PropertyIndexStore v0.A.6
2015-12-10 15:09:12.774+0000 INFO  [o.n.k.i.DiagnosticsManager] StringPropertyStore v0.A.6
2015-12-10 15:09:12.776+0000 INFO  [o.n.k.i.DiagnosticsManager] ArrayPropertyStore v0.A.6
2015-12-10 15:09:12.779+0000 INFO  [o.n.k.i.DiagnosticsManager] PropertyStore v0.A.6
2015-12-10 15:09:12.782+0000 INFO  [o.n.k.i.DiagnosticsManager] RelationshipStore v0.A.6
2015-12-10 15:09:12.784+0000 INFO  [o.n.k.i.DiagnosticsManager] StringPropertyStore v0.A.6
2015-12-10 15:09:12.787+0000 INFO  [o.n.k.i.DiagnosticsManager] RelationshipTypeStore v0.A.6
2015-12-10 15:09:12.789+0000 INFO  [o.n.k.i.DiagnosticsManager] StringPropertyStore v0.A.6
2015-12-10 15:09:12.791+0000 INFO  [o.n.k.i.DiagnosticsManager] LabelTokenStore v0.A.6
2015-12-10 15:09:12.793+0000 INFO  [o.n.k.i.DiagnosticsManager] SchemaStore v0.A.6
2015-12-10 15:09:12.796+0000 INFO  [o.n.k.i.DiagnosticsManager] RelationshipGroupStore v0.A.6
2015-12-10 15:09:12.798+0000 INFO  [o.n.k.i.DiagnosticsManager] NeoStore v0.A.6
2015-12-10 15:09:12.800+0000 INFO  [o.n.k.i.DiagnosticsManager] --- STARTED diagnostics for NEO_STORE_VERSIONS END ---
2015-12-10 15:09:12.802+0000 INFO  [o.n.k.i.DiagnosticsManager] --- STARTED diagnostics for NEO_STORE_ID_USAGE START ---
2015-12-10 15:09:12.805+0000 INFO  [o.n.k.i.DiagnosticsManager] Id usage:
2015-12-10 15:09:12.807+0000 INFO  [o.n.k.i.DiagnosticsManager] Id usage:
2015-12-10 15:09:12.809+0000 INFO  [o.n.k.i.DiagnosticsManager]   ArrayPropertyStore v0.A.6: used=1 high=0
2015-12-10 15:09:12.811+0000 INFO  [o.n.k.i.DiagnosticsManager]   NodeStore v0.A.6: used=0 high=-1
2015-12-10 15:09:12.813+0000 INFO  [o.n.k.i.DiagnosticsManager]   StringPropertyStore v0.A.6: used=1 high=0
2015-12-10 15:09:12.816+0000 INFO  [o.n.k.i.DiagnosticsManager]   PropertyIndexStore v0.A.6: used=0 high=-1
2015-12-10 15:09:12.818+0000 INFO  [o.n.k.i.DiagnosticsManager]   StringPropertyStore v0.A.6: used=1 high=0
2015-12-10 15:09:12.820+0000 INFO  [o.n.k.i.DiagnosticsManager]   ArrayPropertyStore v0.A.6: used=1 high=0
2015-12-10 15:09:12.822+0000 INFO  [o.n.k.i.DiagnosticsManager]   PropertyStore v0.A.6: used=0 high=-1
2015-12-10 15:09:12.824+0000 INFO  [o.n.k.i.DiagnosticsManager]   RelationshipStore v0.A.6: used=0 high=-1
2015-12-10 15:09:12.826+0000 INFO  [o.n.k.i.DiagnosticsManager]   StringPropertyStore v0.A.6: used=1 high=0
2015-12-10 15:09:12.828+0000 INFO  [o.n.k.i.DiagnosticsManager]   RelationshipTypeStore v0.A.6: used=0 high=-1
2015-12-10 15:09:12.831+0000 INFO  [o.n.k.i.DiagnosticsManager]   StringPropertyStore v0.A.6: used=1 high=0
2015-12-10 15:09:12.832+0000 INFO  [o.n.k.i.DiagnosticsManager]   LabelTokenStore v0.A.6: used=0 high=-1
2015-12-10 15:09:12.835+0000 INFO  [o.n.k.i.DiagnosticsManager]   SchemaStore v0.A.6: used=1 high=0
2015-12-10 15:09:12.837+0000 INFO  [o.n.k.i.DiagnosticsManager]   RelationshipGroupStore v0.A.6: used=1 high=0
2015-12-10 15:09:12.839+0000 INFO  [o.n.k.i.DiagnosticsManager]   NeoStore v0.A.6: used=13 high=12
2015-12-10 15:09:12.841+0000 INFO  [o.n.k.i.DiagnosticsManager] --- STARTED diagnostics for NEO_STORE_ID_USAGE END ---
2015-12-10 15:09:12.843+0000 INFO  [o.n.k.i.DiagnosticsManager] --- STARTED diagnostics for NEO_STORE_RECORDS START ---
2015-12-10 15:09:12.845+0000 INFO  [o.n.k.i.DiagnosticsManager] Neostore records:
2015-12-10 15:09:12.847+0000 INFO  [o.n.k.i.DiagnosticsManager] TIME (Creation time): 1449760152495
2015-12-10 15:09:12.850+0000 INFO  [o.n.k.i.DiagnosticsManager] RANDOM_NUMBER (Random number for store id): 8338909686520308706
2015-12-10 15:09:12.852+0000 INFO  [o.n.k.i.DiagnosticsManager] LOG_VERSION (Current log version): 0
2015-12-10 15:09:12.854+0000 INFO  [o.n.k.i.DiagnosticsManager] LAST_TRANSACTION_ID (Last committed transaction): 1
2015-12-10 15:09:12.856+0000 INFO  [o.n.k.i.DiagnosticsManager] STORE_VERSION (Store format version): 15250506225055238
2015-12-10 15:09:12.859+0000 INFO  [o.n.k.i.DiagnosticsManager] FIRST_GRAPH_PROPERTY (First property record containing graph properties): -1
2015-12-10 15:09:12.861+0000 INFO  [o.n.k.i.DiagnosticsManager] LAST_CONSTRAINT_TRANSACTION (Last committed transaction containing constraint changes): 0
2015-12-10 15:09:12.863+0000 INFO  [o.n.k.i.DiagnosticsManager] UPGRADE_TRANSACTION_ID (Transaction id most recent upgrade was performed at): 1
2015-12-10 15:09:12.865+0000 INFO  [o.n.k.i.DiagnosticsManager] UPGRADE_TIME (Time of last upgrade): 1449760152495
2015-12-10 15:09:12.867+0000 INFO  [o.n.k.i.DiagnosticsManager] LAST_TRANSACTION_CHECKSUM (Checksum of last committed transaction): 0
2015-12-10 15:09:12.870+0000 INFO  [o.n.k.i.DiagnosticsManager] UPGRADE_TRANSACTION_CHECKSUM (Checksum of transaction id the most recent upgrade was performed at): 0
2015-12-10 15:09:12.872+0000 INFO  [o.n.k.i.DiagnosticsManager] LAST_CLOSED_TRANSACTION_LOG_VERSION (Log version where the last transaction commit entry has been written into): 0
2015-12-10 15:09:12.874+0000 INFO  [o.n.k.i.DiagnosticsManager] LAST_CLOSED_TRANSACTION_LOG_BYTE_OFFSET (Byte offset in the log file where the last transaction commit entry has been written into): 16
2015-12-10 15:09:12.877+0000 INFO  [o.n.k.i.DiagnosticsManager] --- STARTED diagnostics for NEO_STORE_RECORDS END ---
2015-12-10 15:09:12.879+0000 INFO  [o.n.k.i.DiagnosticsManager] --- STARTED diagnostics for TRANSACTION_RANGE START ---
2015-12-10 15:09:12.881+0000 INFO  [o.n.k.i.DiagnosticsManager] Transaction log:
2015-12-10 15:09:12.884+0000 INFO  [o.n.k.i.DiagnosticsManager] No transactions found in any log
2015-12-10 15:09:12.886+0000 INFO  [o.n.k.i.DiagnosticsManager] --- STARTED diagnostics for TRANSACTION_RANGE END ---
2015-12-10 15:09:12.889+0000 INFO  [o.n.k.i.DiagnosticsManager] --- STARTED diagnostics for KernelDiagnostics:StoreFiles START ---
2015-12-10 15:09:12.892+0000 INFO  [o.n.k.i.DiagnosticsManager] Disk space on partition (Total / Free / Free %): 499738734592 / 397806223360 / 79
Storage files: (filename : modification date - size)
2015-12-10 15:09:12.894+0000 INFO  [o.n.k.i.DiagnosticsManager]   dbms:
2015-12-10 15:09:12.897+0000 INFO  [o.n.k.i.DiagnosticsManager]     ssl:
2015-12-10 15:09:12.899+0000 INFO  [o.n.k.i.DiagnosticsManager]       snakeoil.cert: 2015-12-10T09:09:10-0600 - 630.00 B
2015-12-10 15:09:12.902+0000 INFO  [o.n.k.i.DiagnosticsManager]       snakeoil.key: 2015-12-10T09:09:10-0600 - 914.00 B
2015-12-10 15:09:12.904+0000 INFO  [o.n.k.i.DiagnosticsManager]     - Total: 2015-12-10T09:09:10-0600 - 1.51 kB
2015-12-10 15:09:12.907+0000 INFO  [o.n.k.i.DiagnosticsManager]   - Total: 2015-12-10T09:09:10-0600 - 1.51 kB
2015-12-10 15:09:12.909+0000 INFO  [o.n.k.i.DiagnosticsManager]   index:
2015-12-10 15:09:12.912+0000 INFO  [o.n.k.i.DiagnosticsManager]   - Total: 2015-12-10T09:09:12-0600 - 0.00 B
2015-12-10 15:09:12.914+0000 INFO  [o.n.k.i.DiagnosticsManager]   messages.log: 2015-12-10T09:09:12-0600 - 26.41 kB
2015-12-10 15:09:12.916+0000 INFO  [o.n.k.i.DiagnosticsManager]   neo4j.properties: 2015-12-10T09:09:09-0600 - 1.30 kB
2015-12-10 15:09:12.919+0000 INFO  [o.n.k.i.DiagnosticsManager]   neostore: 2015-12-10T09:09:12-0600 - 8.00 kB
2015-12-10 15:09:12.921+0000 INFO  [o.n.k.i.DiagnosticsManager]   neostore.counts.db.a: 2015-12-10T09:09:12-0600 - 96.00 B
2015-12-10 15:09:12.924+0000 INFO  [o.n.k.i.DiagnosticsManager]   neostore.id: 2015-12-10T09:09:12-0600 - 9.00 B
2015-12-10 15:09:12.926+0000 INFO  [o.n.k.i.DiagnosticsManager]   neostore.labeltokenstore.db: 2015-12-10T09:09:11-0600 - 0.00 B
2015-12-10 15:09:12.928+0000 INFO  [o.n.k.i.DiagnosticsManager]   neostore.labeltokenstore.db.id: 2015-12-10T09:09:11-0600 - 9.00 B
2015-12-10 15:09:12.931+0000 INFO  [o.n.k.i.DiagnosticsManager]   neostore.labeltokenstore.db.names: 2015-12-10T09:09:11-0600 - 8.00 kB
2015-12-10 15:09:12.933+0000 INFO  [o.n.k.i.DiagnosticsManager]   neostore.labeltokenstore.db.names.id: 2015-12-10T09:09:11-0600 - 9.00 B
2015-12-10 15:09:12.935+0000 INFO  [o.n.k.i.DiagnosticsManager]   neostore.nodestore.db: 2015-12-10T09:09:10-0600 - 0.00 B
2015-12-10 15:09:12.938+0000 INFO  [o.n.k.i.DiagnosticsManager]   neostore.nodestore.db.id: 2015-12-10T09:09:10-0600 - 9.00 B
2015-12-10 15:09:12.940+0000 INFO  [o.n.k.i.DiagnosticsManager]   neostore.nodestore.db.labels: 2015-12-10T09:09:10-0600 - 8.00 kB
2015-12-10 15:09:12.943+0000 INFO  [o.n.k.i.DiagnosticsManager]   neostore.nodestore.db.labels.id: 2015-12-10T09:09:10-0600 - 9.00 B
2015-12-10 15:09:12.946+0000 INFO  [o.n.k.i.DiagnosticsManager]   neostore.propertystore.db: 2015-12-10T09:09:11-0600 - 0.00 B
2015-12-10 15:09:12.948+0000 INFO  [o.n.k.i.DiagnosticsManager]   neostore.propertystore.db.arrays: 2015-12-10T09:09:11-0600 - 8.00 kB
2015-12-10 15:09:12.951+0000 INFO  [o.n.k.i.DiagnosticsManager]   neostore.propertystore.db.arrays.id: 2015-12-10T09:09:11-0600 - 9.00 B
2015-12-10 15:09:12.953+0000 INFO  [o.n.k.i.DiagnosticsManager]   neostore.propertystore.db.id: 2015-12-10T09:09:11-0600 - 9.00 B
2015-12-10 15:09:12.956+0000 INFO  [o.n.k.i.DiagnosticsManager]   neostore.propertystore.db.index: 2015-12-10T09:09:10-0600 - 0.00 B
2015-12-10 15:09:12.959+0000 INFO  [o.n.k.i.DiagnosticsManager]   neostore.propertystore.db.index.id: 2015-12-10T09:09:10-0600 - 9.00 B
2015-12-10 15:09:12.961+0000 INFO  [o.n.k.i.DiagnosticsManager]   neostore.propertystore.db.index.keys: 2015-12-10T09:09:10-0600 - 8.00 kB
2015-12-10 15:09:12.964+0000 INFO  [o.n.k.i.DiagnosticsManager]   neostore.propertystore.db.index.keys.id: 2015-12-10T09:09:10-0600 - 9.00 B
2015-12-10 15:09:12.966+0000 INFO  [o.n.k.i.DiagnosticsManager]   neostore.propertystore.db.strings: 2015-12-10T09:09:10-0600 - 8.00 kB
2015-12-10 15:09:12.969+0000 INFO  [o.n.k.i.DiagnosticsManager]   neostore.propertystore.db.strings.id: 2015-12-10T09:09:10-0600 - 9.00 B
2015-12-10 15:09:12.971+0000 INFO  [o.n.k.i.DiagnosticsManager]   neostore.relationshipgroupstore.db: 2015-12-10T09:09:12-0600 - 8.00 kB
2015-12-10 15:09:12.974+0000 INFO  [o.n.k.i.DiagnosticsManager]   neostore.relationshipgroupstore.db.id: 2015-12-10T09:09:12-0600 - 9.00 B
2015-12-10 15:09:12.977+0000 INFO  [o.n.k.i.DiagnosticsManager]   neostore.relationshipstore.db: 2015-12-10T09:09:11-0600 - 0.00 B
2015-12-10 15:09:12.979+0000 INFO  [o.n.k.i.DiagnosticsManager]   neostore.relationshipstore.db.id: 2015-12-10T09:09:11-0600 - 9.00 B
2015-12-10 15:09:12.982+0000 INFO  [o.n.k.i.DiagnosticsManager]   neostore.relationshiptypestore.db: 2015-12-10T09:09:11-0600 - 0.00 B
2015-12-10 15:09:12.985+0000 INFO  [o.n.k.i.DiagnosticsManager]   neostore.relationshiptypestore.db.id: 2015-12-10T09:09:11-0600 - 9.00 B
2015-12-10 15:09:12.987+0000 INFO  [o.n.k.i.DiagnosticsManager]   neostore.relationshiptypestore.db.names: 2015-12-10T09:09:11-0600 - 8.00 kB
2015-12-10 15:09:12.990+0000 INFO  [o.n.k.i.DiagnosticsManager]   neostore.relationshiptypestore.db.names.id: 2015-12-10T09:09:11-0600 - 9.00 B
2015-12-10 15:09:12.993+0000 INFO  [o.n.k.i.DiagnosticsManager]   neostore.schemastore.db: 2015-12-10T09:09:12-0600 - 8.00 kB
2015-12-10 15:09:12.996+0000 INFO  [o.n.k.i.DiagnosticsManager]   neostore.schemastore.db.id: 2015-12-10T09:09:12-0600 - 9.00 B
2015-12-10 15:09:12.998+0000 INFO  [o.n.k.i.DiagnosticsManager]   neostore.transaction.db.0: 2015-12-10T09:09:12-0600 - 16.00 B
2015-12-10 15:09:13.000+0000 INFO  [o.n.k.i.DiagnosticsManager]   schema:
2015-12-10 15:09:13.003+0000 INFO  [o.n.k.i.DiagnosticsManager]     label:
2015-12-10 15:09:13.006+0000 INFO  [o.n.k.i.DiagnosticsManager]       lucene:
2015-12-10 15:09:13.008+0000 INFO  [o.n.k.i.DiagnosticsManager]         write.lock: 2015-12-10T09:09:12-0600 - 0.00 B
2015-12-10 15:09:13.011+0000 INFO  [o.n.k.i.DiagnosticsManager]       - Total: 2015-12-10T09:09:12-0600 - 0.00 B
2015-12-10 15:09:13.013+0000 INFO  [o.n.k.i.DiagnosticsManager]     - Total: 2015-12-10T09:09:12-0600 - 0.00 B
2015-12-10 15:09:13.016+0000 INFO  [o.n.k.i.DiagnosticsManager]   - Total: 2015-12-10T09:09:12-0600 - 0.00 B
2015-12-10 15:09:13.018+0000 INFO  [o.n.k.i.DiagnosticsManager]   store_lock: 2015-12-10T09:09:10-0600 - 0.00 B
2015-12-10 15:09:13.021+0000 INFO  [o.n.k.i.DiagnosticsManager] --- STARTED diagnostics for KernelDiagnostics:StoreFiles END ---
2015-12-10 15:09:13.031+0000 INFO  [o.n.k.i.DiagnosticsManager] --- SERVER STARTED START ---
2015-12-10 15:09:13.348+0000 WARN  [o.n.k.i.c.MonitorGc] GC Monitor: Application threads blocked for 229ms.
2015-12-10 15:09:13.965+0000 INFO  [o.n.k.i.DiagnosticsManager] --- SERVER STARTED END ---
2015-12-10 15:14:12.751+0000 INFO  [o.n.k.i.t.l.c.CheckPointerImpl] Check Pointing triggered by scheduler for time threshold [4787]:  Starting check pointing...
2015-12-10 15:14:12.757+0000 INFO  [o.n.k.i.t.l.c.CheckPointerImpl] Check Pointing triggered by scheduler for time threshold [4787]:  Starting store flush...
2015-12-10 15:14:12.980+0000 INFO  [o.n.k.i.s.c.CountsTracker] About to rotate counts store at transaction 4790 to [C:\561\5000\5000D4\neostore.counts.db.b], from [C:\561\5000\5000D4\neostore.counts.db.a].
2015-12-10 15:14:12.994+0000 INFO  [o.n.k.i.s.c.CountsTracker] Successfully rotated counts store at transaction 4790 to [C:\561\5000\5000D4\neostore.counts.db.b], from [C:\561\5000\5000D4\neostore.counts.db.a].
2015-12-10 15:14:13.486+0000 INFO  [o.n.k.i.t.l.c.CheckPointerImpl] Check Pointing triggered by scheduler for time threshold [4787]:  Store flush completed
2015-12-10 15:14:13.492+0000 INFO  [o.n.k.i.t.l.c.CheckPointerImpl] Check Pointing triggered by scheduler for time threshold [4787]:  Starting appending check point entry into the tx log...
2015-12-10 15:14:13.543+0000 INFO  [o.n.k.i.t.l.c.CheckPointerImpl] Check Pointing triggered by scheduler for time threshold [4787]:  Appending check point entry into the tx log completed
2015-12-10 15:14:13.549+0000 INFO  [o.n.k.i.t.l.c.CheckPointerImpl] Check Pointing triggered by scheduler for time threshold [4787]:  Check pointing completed
2015-12-10 15:14:13.554+0000 INFO  [o.n.k.i.t.l.p.LogPruningImpl] Log Rotation [0]:  Starting log pruning.
2015-12-10 15:14:13.560+0000 INFO  [o.n.k.i.t.l.p.LogPruningImpl] Log Rotation [0]:  Log pruning complete.
2015-12-10 15:19:13.599+0000 INFO  [o.n.k.i.t.l.c.CheckPointerImpl] Check Pointing triggered by scheduler for time threshold [10085]:  Starting check pointing...
2015-12-10 15:19:13.604+0000 INFO  [o.n.k.i.t.l.c.CheckPointerImpl] Check Pointing triggered by scheduler for time threshold [10085]:  Starting store flush...
2015-12-10 15:19:13.727+0000 INFO  [o.n.k.i.s.c.CountsTracker] About to rotate counts store at transaction 10086 to [C:\561\5000\5000D4\neostore.counts.db.a], from [C:\561\5000\5000D4\neostore.counts.db.b].
2015-12-10 15:19:13.736+0000 INFO  [o.n.k.i.s.c.CountsTracker] Successfully rotated counts store at transaction 10086 to [C:\561\5000\5000D4\neostore.counts.db.a], from [C:\561\5000\5000D4\neostore.counts.db.b].
2015-12-10 15:19:14.058+0000 INFO  [o.n.k.i.t.l.c.CheckPointerImpl] Check Pointing triggered by scheduler for time threshold [10085]:  Store flush completed
2015-12-10 15:19:14.061+0000 INFO  [o.n.k.i.t.l.c.CheckPointerImpl] Check Pointing triggered by scheduler for time threshold [10085]:  Starting appending check point entry into the tx log...
2015-12-10 15:19:14.107+0000 INFO  [o.n.k.i.t.l.c.CheckPointerImpl] Check Pointing triggered by scheduler for time threshold [10085]:  Appending check point entry into the tx log completed
2015-12-10 15:19:14.111+0000 INFO  [o.n.k.i.t.l.c.CheckPointerImpl] Check Pointing triggered by scheduler for time threshold [10085]:  Check pointing completed
2015-12-10 15:19:14.116+0000 INFO  [o.n.k.i.t.l.p.LogPruningImpl] Log Rotation [0]:  Starting log pruning.
2015-12-10 15:19:14.120+0000 INFO  [o.n.k.i.t.l.p.LogPruningImpl] Log Rotation [0]:  Log pruning complete.
2015-12-10 15:19:58.954+0000 INFO  [o.n.k.i.f.GraphDatabaseFacade] Shutdown started
2015-12-10 15:19:58.957+0000 INFO  [o.n.k.i.f.CommunityFacadeFactory] Database is now unavailable
2015-12-10 15:19:59.504+0000 INFO  [o.n.k.i.s.c.CountsTracker] About to rotate counts store at transaction 10509 to [C:\561\5000\5000D4\neostore.counts.db.b], from [C:\561\5000\5000D4\neostore.counts.db.a].
2015-12-10 15:19:59.579+0000 INFO  [o.n.k.i.s.c.CountsTracker] Successfully rotated counts store at transaction 10509 to [C:\561\5000\5000D4\neostore.counts.db.b], from [C:\561\5000\5000D4\neostore.counts.db.a].
2015-12-10 15:19:59.724+0000 INFO  [o.n.k.i.t.l.c.CheckPointerImpl] Check Pointing triggered by database shutdown [10509]:  Starting check pointing...
2015-12-10 15:19:59.732+0000 INFO  [o.n.k.i.t.l.c.CheckPointerImpl] Check Pointing triggered by database shutdown [10509]:  Starting store flush...
2015-12-10 15:20:00.039+0000 INFO  [o.n.k.i.t.l.c.CheckPointerImpl] Check Pointing triggered by database shutdown [10509]:  Store flush completed
2015-12-10 15:20:00.046+0000 INFO  [o.n.k.i.t.l.c.CheckPointerImpl] Check Pointing triggered by database shutdown [10509]:  Starting appending check point entry into the tx log...
2015-12-10 15:20:00.371+0000 INFO  [o.n.k.i.t.l.c.CheckPointerImpl] Check Pointing triggered by database shutdown [10509]:  Appending check point entry into the tx log completed
2015-12-10 15:20:00.377+0000 INFO  [o.n.k.i.t.l.c.CheckPointerImpl] Check Pointing triggered by database shutdown [10509]:  Check pointing completed
2015-12-10 15:20:00.383+0000 INFO  [o.n.k.i.t.l.p.LogPruningImpl] Log Rotation [0]:  Starting log pruning.
2015-12-10 15:20:00.390+0000 INFO  [o.n.k.i.t.l.p.LogPruningImpl] Log Rotation [0]:  Log pruning complete.
2015-12-10 15:20:03.601+0000 INFO  [o.n.k.NeoStoreDataSource] NeoStores closed
2015-12-10 15:20:03.607+0000 INFO  [o.n.k.i.DiagnosticsManager] --- STOPPING diagnostics START ---
2015-12-10 15:20:03.607+0000 INFO  [o.n.k.i.DiagnosticsManager] --- STOPPING diagnostics END ---
2015-12-11 20:53:42.485+0000 INFO  [o.n.k.i.f.CommunityFacadeFactory] No locking implementation specified, defaulting to 'community'
2015-12-11 20:53:42.535+0000 INFO  [o.n.k.AvailabilityGuard] Requirement makes database unavailable: Database available
2015-12-11 20:53:42.543+0000 INFO  [o.n.k.i.DiagnosticsManager] --- INITIALIZED diagnostics START ---
2015-12-11 20:53:42.543+0000 INFO  [o.n.k.i.DiagnosticsManager] Neo4j Kernel properties:
2015-12-11 20:53:42.543+0000 INFO  [o.n.k.i.DiagnosticsManager] org.neo4j.server.db.tuning.properties=C:\561\5000\5000D4\neo4j.properties
2015-12-11 20:53:42.543+0000 INFO  [o.n.k.i.DiagnosticsManager] org.neo4j.server.database.location=C:\561\5000\5000D4
2015-12-11 20:53:42.543+0000 INFO  [o.n.k.i.DiagnosticsManager] dbms.querylog.filename=data/log/queries.log
2015-12-11 20:53:42.543+0000 INFO  [o.n.k.i.DiagnosticsManager] dbms.security.auth_store.location=C:\561\5000\5000D4\.\dbms\auth
2015-12-11 20:53:42.543+0000 INFO  [o.n.k.i.DiagnosticsManager] dbms.security.tls_certificate_file=C:\561\5000\5000D4\.\dbms\ssl\snakeoil.cert
2015-12-11 20:53:42.543+0000 INFO  [o.n.k.i.DiagnosticsManager] remote_shell_enabled=true
2015-12-11 20:53:42.543+0000 INFO  [o.n.k.i.DiagnosticsManager] edition=Community
2015-12-11 20:53:42.543+0000 INFO  [o.n.k.i.DiagnosticsManager] dbms.security.tls_key_file=C:\561\5000\5000D4\.\dbms\ssl\snakeoil.key
2015-12-11 20:53:42.543+0000 INFO  [o.n.k.i.DiagnosticsManager] Diagnostics providers:
2015-12-11 20:53:42.543+0000 INFO  [o.n.k.i.DiagnosticsManager] org.neo4j.kernel.configuration.Config
2015-12-11 20:53:42.543+0000 INFO  [o.n.k.i.DiagnosticsManager] org.neo4j.kernel.info.DiagnosticsManager
2015-12-11 20:53:42.543+0000 INFO  [o.n.k.i.DiagnosticsManager] SYSTEM_MEMORY
2015-12-11 20:53:42.543+0000 INFO  [o.n.k.i.DiagnosticsManager] JAVA_MEMORY
2015-12-11 20:53:42.543+0000 INFO  [o.n.k.i.DiagnosticsManager] OPERATING_SYSTEM
2015-12-11 20:53:42.543+0000 INFO  [o.n.k.i.DiagnosticsManager] JAVA_VIRTUAL_MACHINE
2015-12-11 20:53:42.543+0000 INFO  [o.n.k.i.DiagnosticsManager] CLASSPATH
2015-12-11 20:53:42.543+0000 INFO  [o.n.k.i.DiagnosticsManager] LIBRARY_PATH
2015-12-11 20:53:42.543+0000 INFO  [o.n.k.i.DiagnosticsManager] SYSTEM_PROPERTIES
2015-12-11 20:53:42.543+0000 INFO  [o.n.k.i.DiagnosticsManager] NETWORK
2015-12-11 20:53:42.543+0000 INFO  [o.n.k.i.DiagnosticsManager] System memory information:
2015-12-11 20:53:42.544+0000 INFO  [o.n.k.i.DiagnosticsManager] Total Physical memory: 3.93 GB
2015-12-11 20:53:42.544+0000 INFO  [o.n.k.i.DiagnosticsManager] Free Physical memory: 1.94 GB
2015-12-11 20:53:42.544+0000 INFO  [o.n.k.i.DiagnosticsManager] Committed virtual memory: 363.68 MB
2015-12-11 20:53:42.544+0000 INFO  [o.n.k.i.DiagnosticsManager] Total swap space: 5.66 GB
2015-12-11 20:53:42.544+0000 INFO  [o.n.k.i.DiagnosticsManager] Free swap space: 2.82 GB
2015-12-11 20:53:42.544+0000 INFO  [o.n.k.i.DiagnosticsManager] JVM memory information:
2015-12-11 20:53:42.544+0000 INFO  [o.n.k.i.DiagnosticsManager] Free  memory: 15.63 MB
2015-12-11 20:53:42.544+0000 INFO  [o.n.k.i.DiagnosticsManager] Total memory: 90.00 MB
2015-12-11 20:53:42.544+0000 INFO  [o.n.k.i.DiagnosticsManager] Max   memory: 894.50 MB
2015-12-11 20:53:42.544+0000 INFO  [o.n.k.i.DiagnosticsManager] Garbage Collector: PS Scavenge: [PS Eden Space, PS Survivor Space]
2015-12-11 20:53:42.545+0000 INFO  [o.n.k.i.DiagnosticsManager] Garbage Collector: PS MarkSweep: [PS Eden Space, PS Survivor Space, PS Old Gen, PS Perm Gen]
2015-12-11 20:53:42.545+0000 INFO  [o.n.k.i.DiagnosticsManager] Memory Pool: Code Cache (Non-heap memory): committed=11.31 MB, used=11.04 MB, max=48.00 MB, threshold=0.00 B
2015-12-11 20:53:42.545+0000 INFO  [o.n.k.i.DiagnosticsManager] Memory Pool: PS Eden Space (Heap memory): committed=37.50 MB, used=33.68 MB, max=334.00 MB, threshold=?
2015-12-11 20:53:42.545+0000 INFO  [o.n.k.i.DiagnosticsManager] Memory Pool: PS Survivor Space (Heap memory): committed=512.00 kB, used=128.00 kB, max=512.00 kB, threshold=?
2015-12-11 20:53:42.545+0000 INFO  [o.n.k.i.DiagnosticsManager] Memory Pool: PS Old Gen (Heap memory): committed=52.00 MB, used=40.59 MB, max=670.50 MB, threshold=0.00 B
2015-12-11 20:53:42.546+0000 INFO  [o.n.k.i.DiagnosticsManager] Memory Pool: PS Perm Gen (Non-heap memory): committed=65.50 MB, used=64.60 MB, max=82.00 MB, threshold=0.00 B
2015-12-11 20:53:42.546+0000 INFO  [o.n.k.i.DiagnosticsManager] Operating system information:
2015-12-11 20:53:42.546+0000 INFO  [o.n.k.i.DiagnosticsManager] Operating System: Windows 8.1; version: 6.3; arch: amd64; cpus: 8
2015-12-11 20:53:42.547+0000 INFO  [o.n.k.i.DiagnosticsManager] Process id: 5816@ATAN-B03-02
2015-12-11 20:53:42.547+0000 INFO  [o.n.k.i.DiagnosticsManager] Byte order: LITTLE_ENDIAN
2015-12-11 20:53:42.547+0000 INFO  [o.n.k.i.DiagnosticsManager] Local timezone: America/Chicago
2015-12-11 20:53:42.547+0000 INFO  [o.n.k.i.DiagnosticsManager] JVM information:
2015-12-11 20:53:42.547+0000 INFO  [o.n.k.i.DiagnosticsManager] VM Name: Java HotSpot(TM) 64-Bit Server VM
2015-12-11 20:53:42.547+0000 INFO  [o.n.k.i.DiagnosticsManager] VM Vendor: Oracle Corporation
2015-12-11 20:53:42.547+0000 INFO  [o.n.k.i.DiagnosticsManager] VM Version: 24.80-b11
2015-12-11 20:53:42.547+0000 INFO  [o.n.k.i.DiagnosticsManager] JIT compiler: HotSpot 64-Bit Tiered Compilers
2015-12-11 20:53:42.547+0000 INFO  [o.n.k.i.DiagnosticsManager] VM Arguments: [-Dexe4j.semaphoreName=Local\c:_program_files_neo4j_ce_2.3.1_bin_neo4j-ce.exe, -Dexe4j.isInstall4j=true, -Dexe4j.moduleName=C:\Program Files\Neo4j CE 2.3.1\bin\neo4j-ce.exe, -Dexe4j.tempDir=, -Dexe4j.unextractedPosition=0, -Djava.library.path=C:\Program Files (x86)\AMD APP\bin\x86_64;C:\Program Files (x86)\AMD APP\bin\x86;C:\ProgramData\Oracle\Java\javapath;C:\Windows\system32;C:\Windows;C:\Windows\System32\Wbem;C:\Windows\System32\WindowsPowerShell\v1.0\;C:\Program Files (x86)\MiKTeX 2.9\miktex\bin\;C:\Program Files\TortoiseSVN\bin;C:\Windows\system32\config\systemprofile\.dnx\bin;C:\Program Files\Microsoft DNX\Dnvm\;C:\Program Files\MATLAB\R2015b\runtime\win64;C:\Program Files\MATLAB\R2015b\bin;C:\Program Files (x86)\ATI Technologies\ATI.ACE\Core-Static;c:\program files\neo4j ce 2.3.1\jre\bin, -Dexe4j.consoleCodepage=cp0, -Dinstall4j.launcherId=24, -Dinstall4j.swt=false]
2015-12-11 20:53:42.547+0000 INFO  [o.n.k.i.DiagnosticsManager] Java classpath:
2015-12-11 20:53:42.552+0000 INFO  [o.n.k.i.DiagnosticsManager]  [loader.1] file:/C:/Program%20Files/Neo4j%20CE%202.3.1/jre/lib/ext/dnsns.jar
2015-12-11 20:53:42.552+0000 INFO  [o.n.k.i.DiagnosticsManager]  [loader.0] file:/C:/Program%20Files/Neo4j%20CE%202.3.1/bin/
2015-12-11 20:53:42.552+0000 INFO  [o.n.k.i.DiagnosticsManager]  [bootstrap] C:\Program Files\Neo4j CE 2.3.1\jre\lib\resources.jar
2015-12-11 20:53:42.552+0000 INFO  [o.n.k.i.DiagnosticsManager]  [bootstrap] C:\Program Files\Neo4j CE 2.3.1\jre\lib\jfr.jar
2015-12-11 20:53:42.552+0000 INFO  [o.n.k.i.DiagnosticsManager]  [classpath] C:\Program Files\Neo4j CE 2.3.1\.install4j\i4jruntime.jar
2015-12-11 20:53:42.552+0000 INFO  [o.n.k.i.DiagnosticsManager]  [loader.1] file:/C:/Program%20Files/Neo4j%20CE%202.3.1/jre/lib/ext/sunmscapi.jar
2015-12-11 20:53:42.552+0000 INFO  [o.n.k.i.DiagnosticsManager]  [bootstrap] C:\Program Files\Neo4j CE 2.3.1\jre\lib\jsse.jar
2015-12-11 20:53:42.552+0000 INFO  [o.n.k.i.DiagnosticsManager]  [loader.1] file:/C:/Program%20Files/Neo4j%20CE%202.3.1/jre/lib/ext/dns_sd.jar
2015-12-11 20:53:42.552+0000 INFO  [o.n.k.i.DiagnosticsManager]  [loader.0] file:/C:/Program%20Files/Neo4j%20CE%202.3.1/.install4j/i4jruntime.jar
2015-12-11 20:53:42.552+0000 INFO  [o.n.k.i.DiagnosticsManager]  [loader.0] file:/C:/Program%20Files/Neo4j%20CE%202.3.1/bin/neo4j-desktop-2.3.1.jar
2015-12-11 20:53:42.552+0000 INFO  [o.n.k.i.DiagnosticsManager]  [loader.1] file:/C:/Program%20Files/Neo4j%20CE%202.3.1/jre/lib/ext/access-bridge-64.jar
2015-12-11 20:53:42.552+0000 INFO  [o.n.k.i.DiagnosticsManager]  [loader.1] file:/C:/Program%20Files/Neo4j%20CE%202.3.1/jre/lib/ext/localedata.jar
2015-12-11 20:53:42.552+0000 INFO  [o.n.k.i.DiagnosticsManager]  [bootstrap] C:\Program Files\Neo4j CE 2.3.1\jre\lib\sunrsasign.jar
2015-12-11 20:53:42.552+0000 INFO  [o.n.k.i.DiagnosticsManager]  [bootstrap] C:\Program Files\Neo4j CE 2.3.1\jre\lib\jce.jar
2015-12-11 20:53:42.553+0000 INFO  [o.n.k.i.DiagnosticsManager]  [bootstrap] C:\Program Files\Neo4j CE 2.3.1\jre\lib\rt.jar
2015-12-11 20:53:42.553+0000 INFO  [o.n.k.i.DiagnosticsManager]  [bootstrap] C:\Program Files\Neo4j CE 2.3.1\jre\lib\charsets.jar
2015-12-11 20:53:42.553+0000 INFO  [o.n.k.i.DiagnosticsManager]  [loader.1] file:/C:/Program%20Files/Neo4j%20CE%202.3.1/jre/lib/ext/sunjce_provider.jar
2015-12-11 20:53:42.553+0000 INFO  [o.n.k.i.DiagnosticsManager]  [bootstrap] C:\Program Files\Neo4j CE 2.3.1\jre\classes
2015-12-11 20:53:42.553+0000 INFO  [o.n.k.i.DiagnosticsManager]  [loader.1] file:/C:/Program%20Files/Neo4j%20CE%202.3.1/jre/lib/ext/zipfs.jar
2015-12-11 20:53:42.553+0000 INFO  [o.n.k.i.DiagnosticsManager]  [loader.1] file:/C:/Program%20Files/Neo4j%20CE%202.3.1/jre/lib/ext/jaccess.jar
2015-12-11 20:53:42.553+0000 INFO  [o.n.k.i.DiagnosticsManager]  [loader.1] file:/C:/Program%20Files/Neo4j%20CE%202.3.1/jre/lib/ext/sunec.jar
2015-12-11 20:53:42.553+0000 INFO  [o.n.k.i.DiagnosticsManager]  [classpath] C:\Program Files\Neo4j CE 2.3.1\bin\neo4j-desktop-2.3.1.jar
2015-12-11 20:53:42.553+0000 INFO  [o.n.k.i.DiagnosticsManager] Library path:
2015-12-11 20:53:42.553+0000 INFO  [o.n.k.i.DiagnosticsManager] C:\Program Files (x86)\AMD APP\bin\x86_64
2015-12-11 20:53:42.554+0000 INFO  [o.n.k.i.DiagnosticsManager] C:\Program Files (x86)\AMD APP\bin\x86
2015-12-11 20:53:42.554+0000 INFO  [o.n.k.i.DiagnosticsManager] C:\ProgramData\Oracle\Java\javapath
2015-12-11 20:53:42.555+0000 INFO  [o.n.k.i.DiagnosticsManager] C:\Windows\System32
2015-12-11 20:53:42.555+0000 INFO  [o.n.k.i.DiagnosticsManager] C:\Windows
2015-12-11 20:53:42.556+0000 INFO  [o.n.k.i.DiagnosticsManager] C:\Windows\System32\wbem
2015-12-11 20:53:42.556+0000 INFO  [o.n.k.i.DiagnosticsManager] C:\Windows\System32\WindowsPowerShell\v1.0
2015-12-11 20:53:42.557+0000 INFO  [o.n.k.i.DiagnosticsManager] C:\Program Files (x86)\MiKTeX 2.9\miktex\bin
2015-12-11 20:53:42.557+0000 INFO  [o.n.k.i.DiagnosticsManager] C:\Program Files\TortoiseSVN\bin
2015-12-11 20:53:42.558+0000 INFO  [o.n.k.i.DiagnosticsManager] C:\Windows\System32\config\systemprofile\.dnx\bin
2015-12-11 20:53:42.558+0000 INFO  [o.n.k.i.DiagnosticsManager] C:\Program Files\Microsoft DNX\Dnvm
2015-12-11 20:53:42.559+0000 INFO  [o.n.k.i.DiagnosticsManager] C:\Program Files\MATLAB\R2015b\runtime\win64
2015-12-11 20:53:42.559+0000 INFO  [o.n.k.i.DiagnosticsManager] C:\Program Files\MATLAB\R2015b\bin
2015-12-11 20:53:42.560+0000 INFO  [o.n.k.i.DiagnosticsManager] C:\Program Files (x86)\ATI Technologies\ATI.ACE\Core-Static
2015-12-11 20:53:42.560+0000 INFO  [o.n.k.i.DiagnosticsManager] C:\Program Files\Neo4j CE 2.3.1\jre\bin
2015-12-11 20:53:42.560+0000 INFO  [o.n.k.i.DiagnosticsManager] System.properties:
2015-12-11 20:53:42.560+0000 INFO  [o.n.k.i.DiagnosticsManager] exe4j.moduleName = C:\Program Files\Neo4j CE 2.3.1\bin\neo4j-ce.exe
2015-12-11 20:53:42.560+0000 INFO  [o.n.k.i.DiagnosticsManager] exe4j.semaphoreName = Local\c:_program_files_neo4j_ce_2.3.1_bin_neo4j-ce.exe
2015-12-11 20:53:42.560+0000 INFO  [o.n.k.i.DiagnosticsManager] sun.boot.library.path = c:\program files\neo4j ce 2.3.1\jre\bin
2015-12-11 20:53:42.560+0000 INFO  [o.n.k.i.DiagnosticsManager] exe4j.consoleCodepage = cp0
2015-12-11 20:53:42.561+0000 INFO  [o.n.k.i.DiagnosticsManager] path.separator = ;
2015-12-11 20:53:42.561+0000 INFO  [o.n.k.i.DiagnosticsManager] file.encoding.pkg = sun.io
2015-12-11 20:53:42.561+0000 INFO  [o.n.k.i.DiagnosticsManager] user.country = US
2015-12-11 20:53:42.561+0000 INFO  [o.n.k.i.DiagnosticsManager] user.script = 
2015-12-11 20:53:42.561+0000 INFO  [o.n.k.i.DiagnosticsManager] sun.os.patch.level = 
2015-12-11 20:53:42.561+0000 INFO  [o.n.k.i.DiagnosticsManager] install4j.exeDir = C:\Program Files\Neo4j CE 2.3.1\bin\
2015-12-11 20:53:42.561+0000 INFO  [o.n.k.i.DiagnosticsManager] user.dir = C:\Program Files\Neo4j CE 2.3.1\bin
2015-12-11 20:53:42.561+0000 INFO  [o.n.k.i.DiagnosticsManager] neo4j.ext.udc.source = desktop
2015-12-11 20:53:42.561+0000 INFO  [o.n.k.i.DiagnosticsManager] user.variant = 
2015-12-11 20:53:42.561+0000 INFO  [o.n.k.i.DiagnosticsManager] exe4j.tempDir = 
2015-12-11 20:53:42.561+0000 INFO  [o.n.k.i.DiagnosticsManager] sun.jnu.encoding = Cp1252
2015-12-11 20:53:42.561+0000 INFO  [o.n.k.i.DiagnosticsManager] sun.awt.enableExtraMouseButtons = true
2015-12-11 20:53:42.561+0000 INFO  [o.n.k.i.DiagnosticsManager] install4j.launcherId = 24
2015-12-11 20:53:42.561+0000 INFO  [o.n.k.i.DiagnosticsManager] sun.management.compiler = HotSpot 64-Bit Tiered Compilers
2015-12-11 20:53:42.561+0000 INFO  [o.n.k.i.DiagnosticsManager] exe4j.isInstall4j = true
2015-12-11 20:53:42.561+0000 INFO  [o.n.k.i.DiagnosticsManager] install4j.swt = false
2015-12-11 20:53:42.561+0000 INFO  [o.n.k.i.DiagnosticsManager] user.home = C:\Users\cez
2015-12-11 20:53:42.561+0000 INFO  [o.n.k.i.DiagnosticsManager] user.timezone = America/Chicago
2015-12-11 20:53:42.561+0000 INFO  [o.n.k.i.DiagnosticsManager] file.encoding = Cp1252
2015-12-11 20:53:42.561+0000 INFO  [o.n.k.i.DiagnosticsManager] user.name = cez
2015-12-11 20:53:42.561+0000 INFO  [o.n.k.i.DiagnosticsManager] sun.java.command = C:\Program Files\Neo4j CE 2.3.1\bin\neo4j-ce.exe
2015-12-11 20:53:42.561+0000 INFO  [o.n.k.i.DiagnosticsManager] sun.arch.data.model = 64
2015-12-11 20:53:42.562+0000 INFO  [o.n.k.i.DiagnosticsManager] exe4j.launchName = C:\Program Files\Neo4j CE 2.3.1\bin\neo4j-ce.exe
2015-12-11 20:53:42.562+0000 INFO  [o.n.k.i.DiagnosticsManager] user.language = en
2015-12-11 20:53:42.562+0000 INFO  [o.n.k.i.DiagnosticsManager] awt.toolkit = sun.awt.windows.WToolkit
2015-12-11 20:53:42.562+0000 INFO  [o.n.k.i.DiagnosticsManager] exe4j.unextractedPosition = 0
2015-12-11 20:53:42.562+0000 INFO  [o.n.k.i.DiagnosticsManager] install4j.appDir = C:\Program Files\Neo4j CE 2.3.1\
2015-12-11 20:53:42.562+0000 INFO  [o.n.k.i.DiagnosticsManager] file.separator = \
2015-12-11 20:53:42.562+0000 INFO  [o.n.k.i.DiagnosticsManager] sun.io.unicode.encoding = UnicodeLittle
2015-12-11 20:53:42.562+0000 INFO  [o.n.k.i.DiagnosticsManager] sun.cpu.endian = little
2015-12-11 20:53:42.562+0000 INFO  [o.n.k.i.DiagnosticsManager] sun.desktop = windows
2015-12-11 20:53:42.562+0000 INFO  [o.n.k.i.DiagnosticsManager] sun.cpu.isalist = amd64
2015-12-11 20:53:42.562+0000 INFO  [o.n.k.i.DiagnosticsManager] Network information:
2015-12-11 20:53:42.583+0000 INFO  [o.n.k.i.DiagnosticsManager] Interface Software Loopback Interface 1:
2015-12-11 20:53:42.583+0000 INFO  [o.n.k.i.DiagnosticsManager]     address: 127.0.0.1
2015-12-11 20:53:42.583+0000 INFO  [o.n.k.i.DiagnosticsManager]     address: 0:0:0:0:0:0:0:1
2015-12-11 20:53:42.583+0000 INFO  [o.n.k.i.DiagnosticsManager] Interface Microsoft Kernel Debug Network Adapter:
2015-12-11 20:53:42.583+0000 INFO  [o.n.k.i.DiagnosticsManager] Interface Intel(R) 82578DM Gigabit Network Connection:
2015-12-11 20:53:42.583+0000 INFO  [o.n.k.i.DiagnosticsManager]     address: 10.24.47.166
2015-12-11 20:53:42.583+0000 INFO  [o.n.k.i.DiagnosticsManager]     address: 2610:130:101:d00:4493:c16:efa9:8b55
2015-12-11 20:53:42.583+0000 INFO  [o.n.k.i.DiagnosticsManager]     address: 2610:130:101:d00:920:e15d:79eb:345b
2015-12-11 20:53:42.583+0000 INFO  [o.n.k.i.DiagnosticsManager]     address: 2610:130:101:d00:a502:b02c:1a2d:577b
2015-12-11 20:53:42.583+0000 INFO  [o.n.k.i.DiagnosticsManager]     address: 2610:130:101:d00:dde0:9cf:9f51:157b
2015-12-11 20:53:42.583+0000 INFO  [o.n.k.i.DiagnosticsManager]     address: fe80:0:0:0:4493:c16:efa9:8b55%3
2015-12-11 20:53:42.583+0000 INFO  [o.n.k.i.DiagnosticsManager] Interface Microsoft ISATAP Adapter:
2015-12-11 20:53:42.583+0000 INFO  [o.n.k.i.DiagnosticsManager]     address: fe80:0:0:0:0:5efe:c0a8:3801%4
2015-12-11 20:53:42.583+0000 INFO  [o.n.k.i.DiagnosticsManager] Interface Teredo Tunneling Pseudo-Interface:
2015-12-11 20:53:42.583+0000 INFO  [o.n.k.i.DiagnosticsManager] Interface Microsoft ISATAP Adapter #2:
2015-12-11 20:53:42.583+0000 INFO  [o.n.k.i.DiagnosticsManager]     address: fe80:0:0:0:0:5efe:a18:2fa6%6
2015-12-11 20:53:42.583+0000 INFO  [o.n.k.i.DiagnosticsManager] Interface VirtualBox Host-Only Ethernet Adapter:
2015-12-11 20:53:42.583+0000 INFO  [o.n.k.i.DiagnosticsManager]     address: 192.168.56.1
2015-12-11 20:53:42.583+0000 INFO  [o.n.k.i.DiagnosticsManager]     address: fe80:0:0:0:4133:2d33:29c2:6efa%7
2015-12-11 20:53:42.583+0000 INFO  [o.n.k.i.DiagnosticsManager] Interface Microsoft ISATAP Adapter #3:
2015-12-11 20:53:42.583+0000 INFO  [o.n.k.i.DiagnosticsManager] Interface VirtualBox Host-Only Ethernet Adapter-WFP Native MAC Layer LightWeight Filter-0000:
2015-12-11 20:53:42.583+0000 INFO  [o.n.k.i.DiagnosticsManager] Interface VirtualBox Host-Only Ethernet Adapter-VirtualBox NDIS Light-Weight Filter-0000:
2015-12-11 20:53:42.583+0000 INFO  [o.n.k.i.DiagnosticsManager] Interface VirtualBox Host-Only Ethernet Adapter-QoS Packet Scheduler-0000:
2015-12-11 20:53:42.583+0000 INFO  [o.n.k.i.DiagnosticsManager] Interface VirtualBox Host-Only Ethernet Adapter-WFP 802.3 MAC Layer LightWeight Filter-0000:
2015-12-11 20:53:42.583+0000 INFO  [o.n.k.i.DiagnosticsManager] Interface Intel(R) 82578DM Gigabit Network Connection-WFP Native MAC Layer LightWeight Filter-0000:
2015-12-11 20:53:42.583+0000 INFO  [o.n.k.i.DiagnosticsManager] Interface Intel(R) 82578DM Gigabit Network Connection-VirtualBox NDIS Light-Weight Filter-0000:
2015-12-11 20:53:42.583+0000 INFO  [o.n.k.i.DiagnosticsManager] Interface Intel(R) 82578DM Gigabit Network Connection-QoS Packet Scheduler-0000:
2015-12-11 20:53:42.583+0000 INFO  [o.n.k.i.DiagnosticsManager] Interface Intel(R) 82578DM Gigabit Network Connection-WFP 802.3 MAC Layer LightWeight Filter-0000:
2015-12-11 20:53:42.583+0000 INFO  [o.n.k.i.DiagnosticsManager] --- INITIALIZED diagnostics END ---
2015-12-11 20:53:44.316+0000 INFO  [o.n.k.KernelHealth] Kernel health set to OK
2015-12-11 20:53:44.340+0000 INFO  [o.n.k.AvailabilityGuard] Fulfilling of requirement makes database available: Database available
2015-12-11 20:53:44.348+0000 INFO  [o.n.k.i.f.CommunityFacadeFactory] Database is now ready
2015-12-11 20:53:44.353+0000 INFO  [o.n.k.i.DiagnosticsManager] --- STARTED diagnostics for KernelDiagnostics:Versions START ---
2015-12-11 20:53:44.359+0000 INFO  [o.n.k.i.DiagnosticsManager] Graph Database: Community StoreId{creationTime=1449760152495, randomId=8338909686520308706, storeVersion=15250506225055238, upgradeTime=1449760152495, upgradeId=1}
2015-12-11 20:53:44.364+0000 INFO  [o.n.k.i.DiagnosticsManager] Kernel version: 2.3.1
2015-12-11 20:53:44.368+0000 INFO  [o.n.k.i.DiagnosticsManager] --- STARTED diagnostics for KernelDiagnostics:Versions END ---
2015-12-11 20:53:44.372+0000 INFO  [o.n.k.i.DiagnosticsManager] --- STARTED diagnostics for NEO_STORE_VERSIONS START ---
2015-12-11 20:53:44.376+0000 INFO  [o.n.k.i.DiagnosticsManager] Store versions:
2015-12-11 20:53:44.380+0000 INFO  [o.n.k.i.DiagnosticsManager] Store versions:
2015-12-11 20:53:44.383+0000 INFO  [o.n.k.i.DiagnosticsManager] ArrayPropertyStore v0.A.6
2015-12-11 20:53:44.387+0000 INFO  [o.n.k.i.DiagnosticsManager] NodeStore v0.A.6
2015-12-11 20:53:44.391+0000 INFO  [o.n.k.i.DiagnosticsManager] StringPropertyStore v0.A.6
2015-12-11 20:53:44.395+0000 INFO  [o.n.k.i.DiagnosticsManager] PropertyIndexStore v0.A.6
2015-12-11 20:53:44.397+0000 INFO  [o.n.k.i.DiagnosticsManager] StringPropertyStore v0.A.6
2015-12-11 20:53:44.400+0000 INFO  [o.n.k.i.DiagnosticsManager] ArrayPropertyStore v0.A.6
2015-12-11 20:53:44.402+0000 INFO  [o.n.k.i.DiagnosticsManager] PropertyStore v0.A.6
2015-12-11 20:53:44.405+0000 INFO  [o.n.k.i.DiagnosticsManager] RelationshipStore v0.A.6
2015-12-11 20:53:44.407+0000 INFO  [o.n.k.i.DiagnosticsManager] StringPropertyStore v0.A.6
2015-12-11 20:53:44.410+0000 INFO  [o.n.k.i.DiagnosticsManager] RelationshipTypeStore v0.A.6
2015-12-11 20:53:44.412+0000 INFO  [o.n.k.i.DiagnosticsManager] StringPropertyStore v0.A.6
2015-12-11 20:53:44.415+0000 INFO  [o.n.k.i.DiagnosticsManager] LabelTokenStore v0.A.6
2015-12-11 20:53:44.418+0000 INFO  [o.n.k.i.DiagnosticsManager] SchemaStore v0.A.6
2015-12-11 20:53:44.420+0000 INFO  [o.n.k.i.DiagnosticsManager] RelationshipGroupStore v0.A.6
2015-12-11 20:53:44.423+0000 INFO  [o.n.k.i.DiagnosticsManager] NeoStore v0.A.6
2015-12-11 20:53:44.425+0000 INFO  [o.n.k.i.DiagnosticsManager] --- STARTED diagnostics for NEO_STORE_VERSIONS END ---
2015-12-11 20:53:44.427+0000 INFO  [o.n.k.i.DiagnosticsManager] --- STARTED diagnostics for NEO_STORE_ID_USAGE START ---
2015-12-11 20:53:44.429+0000 INFO  [o.n.k.i.DiagnosticsManager] Id usage:
2015-12-11 20:53:44.432+0000 INFO  [o.n.k.i.DiagnosticsManager] Id usage:
2015-12-11 20:53:44.434+0000 INFO  [o.n.k.i.DiagnosticsManager]   ArrayPropertyStore v0.A.6: used=1 high=0
2015-12-11 20:53:44.436+0000 INFO  [o.n.k.i.DiagnosticsManager]   NodeStore v0.A.6: used=5300 high=5299
2015-12-11 20:53:44.438+0000 INFO  [o.n.k.i.DiagnosticsManager]   StringPropertyStore v0.A.6: used=4 high=3
2015-12-11 20:53:44.441+0000 INFO  [o.n.k.i.DiagnosticsManager]   PropertyIndexStore v0.A.6: used=3 high=2
2015-12-11 20:53:44.443+0000 INFO  [o.n.k.i.DiagnosticsManager]   StringPropertyStore v0.A.6: used=1 high=0
2015-12-11 20:53:44.446+0000 INFO  [o.n.k.i.DiagnosticsManager]   ArrayPropertyStore v0.A.6: used=1 high=0
2015-12-11 20:53:44.448+0000 INFO  [o.n.k.i.DiagnosticsManager]   PropertyStore v0.A.6: used=5300 high=5299
2015-12-11 20:53:44.451+0000 INFO  [o.n.k.i.DiagnosticsManager]   RelationshipStore v0.A.6: used=5200 high=5199
2015-12-11 20:53:44.453+0000 INFO  [o.n.k.i.DiagnosticsManager]   StringPropertyStore v0.A.6: used=3 high=2
2015-12-11 20:53:44.455+0000 INFO  [o.n.k.i.DiagnosticsManager]   RelationshipTypeStore v0.A.6: used=2 high=1
2015-12-11 20:53:44.457+0000 INFO  [o.n.k.i.DiagnosticsManager]   StringPropertyStore v0.A.6: used=4 high=3
2015-12-11 20:53:44.459+0000 INFO  [o.n.k.i.DiagnosticsManager]   LabelTokenStore v0.A.6: used=3 high=2
2015-12-11 20:53:44.462+0000 INFO  [o.n.k.i.DiagnosticsManager]   SchemaStore v0.A.6: used=1 high=0
2015-12-11 20:53:44.464+0000 INFO  [o.n.k.i.DiagnosticsManager]   RelationshipGroupStore v0.A.6: used=1 high=0
2015-12-11 20:53:44.466+0000 INFO  [o.n.k.i.DiagnosticsManager]   NeoStore v0.A.6: used=13 high=12
2015-12-11 20:53:44.468+0000 INFO  [o.n.k.i.DiagnosticsManager] --- STARTED diagnostics for NEO_STORE_ID_USAGE END ---
2015-12-11 20:53:44.470+0000 INFO  [o.n.k.i.DiagnosticsManager] --- STARTED diagnostics for NEO_STORE_RECORDS START ---
2015-12-11 20:53:44.473+0000 INFO  [o.n.k.i.DiagnosticsManager] Neostore records:
2015-12-11 20:53:44.475+0000 INFO  [o.n.k.i.DiagnosticsManager] TIME (Creation time): 1449760152495
2015-12-11 20:53:44.477+0000 INFO  [o.n.k.i.DiagnosticsManager] RANDOM_NUMBER (Random number for store id): 8338909686520308706
2015-12-11 20:53:44.479+0000 INFO  [o.n.k.i.DiagnosticsManager] LOG_VERSION (Current log version): 0
2015-12-11 20:53:44.481+0000 INFO  [o.n.k.i.DiagnosticsManager] LAST_TRANSACTION_ID (Last committed transaction): 10509
2015-12-11 20:53:44.484+0000 INFO  [o.n.k.i.DiagnosticsManager] STORE_VERSION (Store format version): 15250506225055238
2015-12-11 20:53:44.486+0000 INFO  [o.n.k.i.DiagnosticsManager] FIRST_GRAPH_PROPERTY (First property record containing graph properties): -1
2015-12-11 20:53:44.488+0000 INFO  [o.n.k.i.DiagnosticsManager] LAST_CONSTRAINT_TRANSACTION (Last committed transaction containing constraint changes): 0
2015-12-11 20:53:44.490+0000 INFO  [o.n.k.i.DiagnosticsManager] UPGRADE_TRANSACTION_ID (Transaction id most recent upgrade was performed at): 1
2015-12-11 20:53:44.492+0000 INFO  [o.n.k.i.DiagnosticsManager] UPGRADE_TIME (Time of last upgrade): 1449760152495
2015-12-11 20:53:44.495+0000 INFO  [o.n.k.i.DiagnosticsManager] LAST_TRANSACTION_CHECKSUM (Checksum of last committed transaction): -160404554495
2015-12-11 20:53:44.497+0000 INFO  [o.n.k.i.DiagnosticsManager] UPGRADE_TRANSACTION_CHECKSUM (Checksum of transaction id the most recent upgrade was performed at): 0
2015-12-11 20:53:44.499+0000 INFO  [o.n.k.i.DiagnosticsManager] LAST_CLOSED_TRANSACTION_LOG_VERSION (Log version where the last transaction commit entry has been written into): 0
2015-12-11 20:53:44.501+0000 INFO  [o.n.k.i.DiagnosticsManager] LAST_CLOSED_TRANSACTION_LOG_BYTE_OFFSET (Byte offset in the log file where the last transaction commit entry has been written into): 3753185
2015-12-11 20:53:44.503+0000 INFO  [o.n.k.i.DiagnosticsManager] --- STARTED diagnostics for NEO_STORE_RECORDS END ---
2015-12-11 20:53:44.506+0000 INFO  [o.n.k.i.DiagnosticsManager] --- STARTED diagnostics for TRANSACTION_RANGE START ---
2015-12-11 20:53:44.508+0000 INFO  [o.n.k.i.DiagnosticsManager] Transaction log:
2015-12-11 20:53:44.510+0000 INFO  [o.n.k.i.DiagnosticsManager] Oldest transaction 2 found in log with version 0
2015-12-11 20:53:44.513+0000 INFO  [o.n.k.i.DiagnosticsManager] --- STARTED diagnostics for TRANSACTION_RANGE END ---
2015-12-11 20:53:44.515+0000 INFO  [o.n.k.i.DiagnosticsManager] --- STARTED diagnostics for KernelDiagnostics:StoreFiles START ---
2015-12-11 20:53:44.518+0000 INFO  [o.n.k.i.DiagnosticsManager] Disk space on partition (Total / Free / Free %): 499738734592 / 397956890624 / 79
Storage files: (filename : modification date - size)
2015-12-11 20:53:44.521+0000 INFO  [o.n.k.i.DiagnosticsManager]   dbms:
2015-12-11 20:53:44.523+0000 INFO  [o.n.k.i.DiagnosticsManager]     auth: 2015-12-10T09:09:13-0600 - 137.00 B
2015-12-11 20:53:44.526+0000 INFO  [o.n.k.i.DiagnosticsManager]     ssl:
2015-12-11 20:53:44.528+0000 INFO  [o.n.k.i.DiagnosticsManager]       snakeoil.cert: 2015-12-10T09:09:10-0600 - 630.00 B
2015-12-11 20:53:44.530+0000 INFO  [o.n.k.i.DiagnosticsManager]       snakeoil.key: 2015-12-10T09:09:10-0600 - 914.00 B
2015-12-11 20:53:44.533+0000 INFO  [o.n.k.i.DiagnosticsManager]     - Total: 2015-12-10T09:09:10-0600 - 1.51 kB
2015-12-11 20:53:44.535+0000 INFO  [o.n.k.i.DiagnosticsManager]   - Total: 2015-12-10T09:09:13-0600 - 1.64 kB
2015-12-11 20:53:44.537+0000 INFO  [o.n.k.i.DiagnosticsManager]   index:
2015-12-11 20:53:44.540+0000 INFO  [o.n.k.i.DiagnosticsManager]   - Total: 2015-12-10T09:09:12-0600 - 0.00 B
2015-12-11 20:53:44.542+0000 INFO  [o.n.k.i.DiagnosticsManager]   messages.log: 2015-12-10T09:20:03-0600 - 63.38 kB
2015-12-11 20:53:44.545+0000 INFO  [o.n.k.i.DiagnosticsManager]   neo4j.properties: 2015-12-10T09:09:09-0600 - 1.30 kB
2015-12-11 20:53:44.547+0000 INFO  [o.n.k.i.DiagnosticsManager]   neostore: 2015-12-10T09:19:59-0600 - 8.00 kB
2015-12-11 20:53:44.549+0000 INFO  [o.n.k.i.DiagnosticsManager]   neostore.counts.db.a: 2015-12-10T09:19:13-0600 - 576.00 B
2015-12-11 20:53:44.552+0000 INFO  [o.n.k.i.DiagnosticsManager]   neostore.counts.db.b: 2015-12-10T09:19:59-0600 - 576.00 B
2015-12-11 20:53:44.555+0000 INFO  [o.n.k.i.DiagnosticsManager]   neostore.id: 2015-12-11T14:53:43-0600 - 9.00 B
2015-12-11 20:53:44.557+0000 INFO  [o.n.k.i.DiagnosticsManager]   neostore.labeltokenstore.db: 2015-12-10T09:14:13-0600 - 8.00 kB
2015-12-11 20:53:44.560+0000 INFO  [o.n.k.i.DiagnosticsManager]   neostore.labeltokenstore.db.id: 2015-12-11T14:53:43-0600 - 9.00 B
2015-12-11 20:53:44.562+0000 INFO  [o.n.k.i.DiagnosticsManager]   neostore.labeltokenstore.db.names: 2015-12-10T09:14:13-0600 - 8.00 kB
2015-12-11 20:53:44.565+0000 INFO  [o.n.k.i.DiagnosticsManager]   neostore.labeltokenstore.db.names.id: 2015-12-11T14:53:43-0600 - 9.00 B
2015-12-11 20:53:44.567+0000 INFO  [o.n.k.i.DiagnosticsManager]   neostore.nodestore.db: 2015-12-10T09:19:59-0600 - 79.98 kB
2015-12-11 20:53:44.570+0000 INFO  [o.n.k.i.DiagnosticsManager]   neostore.nodestore.db.id: 2015-12-11T14:53:42-0600 - 9.00 B
2015-12-11 20:53:44.572+0000 INFO  [o.n.k.i.DiagnosticsManager]   neostore.nodestore.db.labels: 2015-12-10T09:09:10-0600 - 8.00 kB
2015-12-11 20:53:44.575+0000 INFO  [o.n.k.i.DiagnosticsManager]   neostore.nodestore.db.labels.id: 2015-12-11T14:53:42-0600 - 9.00 B
2015-12-11 20:53:44.577+0000 INFO  [o.n.k.i.DiagnosticsManager]   neostore.propertystore.db: 2015-12-10T09:20:02-0600 - 215.13 kB
2015-12-11 20:53:44.579+0000 INFO  [o.n.k.i.DiagnosticsManager]   neostore.propertystore.db.arrays: 2015-12-10T09:09:11-0600 - 8.00 kB
2015-12-11 20:53:44.582+0000 INFO  [o.n.k.i.DiagnosticsManager]   neostore.propertystore.db.arrays.id: 2015-12-11T14:53:42-0600 - 9.00 B
2015-12-11 20:53:44.584+0000 INFO  [o.n.k.i.DiagnosticsManager]   neostore.propertystore.db.id: 2015-12-11T14:53:42-0600 - 9.00 B
2015-12-11 20:53:44.586+0000 INFO  [o.n.k.i.DiagnosticsManager]   neostore.propertystore.db.index: 2015-12-10T09:14:13-0600 - 8.00 kB
2015-12-11 20:53:44.589+0000 INFO  [o.n.k.i.DiagnosticsManager]   neostore.propertystore.db.index.id: 2015-12-11T14:53:42-0600 - 9.00 B
2015-12-11 20:53:44.591+0000 INFO  [o.n.k.i.DiagnosticsManager]   neostore.propertystore.db.index.keys: 2015-12-10T09:14:13-0600 - 8.00 kB
2015-12-11 20:53:44.594+0000 INFO  [o.n.k.i.DiagnosticsManager]   neostore.propertystore.db.index.keys.id: 2015-12-11T14:53:42-0600 - 9.00 B
2015-12-11 20:53:44.596+0000 INFO  [o.n.k.i.DiagnosticsManager]   neostore.propertystore.db.strings: 2015-12-10T09:09:10-0600 - 8.00 kB
2015-12-11 20:53:44.599+0000 INFO  [o.n.k.i.DiagnosticsManager]   neostore.propertystore.db.strings.id: 2015-12-11T14:53:42-0600 - 9.00 B
2015-12-11 20:53:44.601+0000 INFO  [o.n.k.i.DiagnosticsManager]   neostore.relationshipgroupstore.db: 2015-12-10T09:09:12-0600 - 8.00 kB
2015-12-11 20:53:44.603+0000 INFO  [o.n.k.i.DiagnosticsManager]   neostore.relationshipgroupstore.db.id: 2015-12-11T14:53:43-0600 - 9.00 B
2015-12-11 20:53:44.605+0000 INFO  [o.n.k.i.DiagnosticsManager]   neostore.relationshipstore.db: 2015-12-10T09:20:02-0600 - 175.31 kB
2015-12-11 20:53:44.608+0000 INFO  [o.n.k.i.DiagnosticsManager]   neostore.relationshipstore.db.id: 2015-12-11T14:53:43-0600 - 9.00 B
2015-12-11 20:53:44.610+0000 INFO  [o.n.k.i.DiagnosticsManager]   neostore.relationshiptypestore.db: 2015-12-10T09:14:13-0600 - 8.00 kB
2015-12-11 20:53:44.613+0000 INFO  [o.n.k.i.DiagnosticsManager]   neostore.relationshiptypestore.db.id: 2015-12-11T14:53:43-0600 - 9.00 B
2015-12-11 20:53:44.615+0000 INFO  [o.n.k.i.DiagnosticsManager]   neostore.relationshiptypestore.db.names: 2015-12-10T09:14:13-0600 - 8.00 kB
2015-12-11 20:53:44.617+0000 INFO  [o.n.k.i.DiagnosticsManager]   neostore.relationshiptypestore.db.names.id: 2015-12-11T14:53:43-0600 - 9.00 B
2015-12-11 20:53:44.620+0000 INFO  [o.n.k.i.DiagnosticsManager]   neostore.schemastore.db: 2015-12-10T09:09:12-0600 - 8.00 kB
2015-12-11 20:53:44.622+0000 INFO  [o.n.k.i.DiagnosticsManager]   neostore.schemastore.db.id: 2015-12-11T14:53:43-0600 - 9.00 B
2015-12-11 20:53:44.624+0000 INFO  [o.n.k.i.DiagnosticsManager]   neostore.transaction.db.0: 2015-12-10T09:20:00-0600 - 3.58 MB
2015-12-11 20:53:44.627+0000 INFO  [o.n.k.i.DiagnosticsManager]   schema:
2015-12-11 20:53:44.629+0000 INFO  [o.n.k.i.DiagnosticsManager]     label:
2015-12-11 20:53:44.631+0000 INFO  [o.n.k.i.DiagnosticsManager]       lucene:
2015-12-11 20:53:44.633+0000 INFO  [o.n.k.i.DiagnosticsManager]         _85i.cfs: 2015-12-10T09:19:42-0600 - 5.20 kB
2015-12-11 20:53:44.636+0000 INFO  [o.n.k.i.DiagnosticsManager]         segments.gen: 2015-12-10T09:19:59-0600 - 20.00 B
2015-12-11 20:53:44.638+0000 INFO  [o.n.k.i.DiagnosticsManager]         segments_3: 2015-12-10T09:19:59-0600 - 258.00 B
2015-12-11 20:53:44.640+0000 INFO  [o.n.k.i.DiagnosticsManager]         write.lock: 2015-12-11T14:53:43-0600 - 0.00 B
2015-12-11 20:53:44.642+0000 INFO  [o.n.k.i.DiagnosticsManager]       - Total: 2015-12-11T14:53:43-0600 - 5.47 kB
2015-12-11 20:53:44.644+0000 INFO  [o.n.k.i.DiagnosticsManager]     - Total: 2015-12-10T09:09:12-0600 - 5.47 kB
2015-12-11 20:53:44.647+0000 INFO  [o.n.k.i.DiagnosticsManager]   - Total: 2015-12-10T09:09:12-0600 - 5.47 kB
2015-12-11 20:53:44.651+0000 INFO  [o.n.k.i.DiagnosticsManager]   store_lock: 2015-12-10T09:09:10-0600 - 0.00 B
2015-12-11 20:53:44.653+0000 INFO  [o.n.k.i.DiagnosticsManager] --- STARTED diagnostics for KernelDiagnostics:StoreFiles END ---
2015-12-11 20:53:44.664+0000 INFO  [o.n.k.i.DiagnosticsManager] --- SERVER STARTED START ---
2015-12-11 20:53:45.297+0000 INFO  [o.n.k.i.DiagnosticsManager] --- SERVER STARTED END ---
2015-12-11 21:07:37.458+0000 INFO  [o.n.k.i.f.GraphDatabaseFacade] Shutdown started
2015-12-11 21:07:37.461+0000 INFO  [o.n.k.i.f.CommunityFacadeFactory] Database is now unavailable
2015-12-11 21:07:37.498+0000 INFO  [o.n.k.i.t.l.c.CheckPointerImpl] Check Pointing triggered by database shutdown [10509]:  Starting check pointing...
2015-12-11 21:07:37.501+0000 INFO  [o.n.k.i.t.l.c.CheckPointerImpl] Check Pointing triggered by database shutdown [10509]:  Starting store flush...
2015-12-11 21:07:37.520+0000 INFO  [o.n.k.i.t.l.c.CheckPointerImpl] Check Pointing triggered by database shutdown [10509]:  Store flush completed
2015-12-11 21:07:37.524+0000 INFO  [o.n.k.i.t.l.c.CheckPointerImpl] Check Pointing triggered by database shutdown [10509]:  Starting appending check point entry into the tx log...
2015-12-11 21:07:37.556+0000 INFO  [o.n.k.i.t.l.c.CheckPointerImpl] Check Pointing triggered by database shutdown [10509]:  Appending check point entry into the tx log completed
2015-12-11 21:07:37.559+0000 INFO  [o.n.k.i.t.l.c.CheckPointerImpl] Check Pointing triggered by database shutdown [10509]:  Check pointing completed
2015-12-11 21:07:37.562+0000 INFO  [o.n.k.i.t.l.p.LogPruningImpl] Log Rotation [0]:  Starting log pruning.
2015-12-11 21:07:37.565+0000 INFO  [o.n.k.i.t.l.p.LogPruningImpl] Log Rotation [0]:  Log pruning complete.
2015-12-11 21:07:38.827+0000 INFO  [o.n.k.NeoStoreDataSource] NeoStores closed
2015-12-11 21:07:38.845+0000 INFO  [o.n.k.i.DiagnosticsManager] --- STOPPING diagnostics START ---
2015-12-11 21:07:38.845+0000 INFO  [o.n.k.i.DiagnosticsManager] --- STOPPING diagnostics END ---
