2015-12-11 16:18:05.944+0000 INFO  [o.n.k.i.f.CommunityFacadeFactory] No locking implementation specified, defaulting to 'community'
2015-12-11 16:18:05.944+0000 INFO  [o.n.k.AvailabilityGuard] Requirement makes database unavailable: Database available
2015-12-11 16:18:05.944+0000 INFO  [o.n.k.i.DiagnosticsManager] --- INITIALIZED diagnostics START ---
2015-12-11 16:18:05.944+0000 INFO  [o.n.k.i.DiagnosticsManager] Neo4j Kernel properties:
2015-12-11 16:18:05.944+0000 INFO  [o.n.k.i.DiagnosticsManager] org.neo4j.server.db.tuning.properties=C:\561\10000\10000D2\neo4j.properties
2015-12-11 16:18:05.944+0000 INFO  [o.n.k.i.DiagnosticsManager] org.neo4j.server.database.location=C:\561\10000\10000D2
2015-12-11 16:18:05.944+0000 INFO  [o.n.k.i.DiagnosticsManager] dbms.querylog.filename=data/log/queries.log
2015-12-11 16:18:05.944+0000 INFO  [o.n.k.i.DiagnosticsManager] dbms.security.auth_store.location=C:\561\10000\10000D2\.\dbms\auth
2015-12-11 16:18:05.944+0000 INFO  [o.n.k.i.DiagnosticsManager] dbms.security.tls_certificate_file=C:\561\10000\10000D2\.\dbms\ssl\snakeoil.cert
2015-12-11 16:18:05.944+0000 INFO  [o.n.k.i.DiagnosticsManager] remote_shell_enabled=true
2015-12-11 16:18:05.944+0000 INFO  [o.n.k.i.DiagnosticsManager] edition=Community
2015-12-11 16:18:05.944+0000 INFO  [o.n.k.i.DiagnosticsManager] dbms.security.tls_key_file=C:\561\10000\10000D2\.\dbms\ssl\snakeoil.key
2015-12-11 16:18:05.944+0000 INFO  [o.n.k.i.DiagnosticsManager] Diagnostics providers:
2015-12-11 16:18:05.944+0000 INFO  [o.n.k.i.DiagnosticsManager] org.neo4j.kernel.configuration.Config
2015-12-11 16:18:05.944+0000 INFO  [o.n.k.i.DiagnosticsManager] org.neo4j.kernel.info.DiagnosticsManager
2015-12-11 16:18:05.944+0000 INFO  [o.n.k.i.DiagnosticsManager] SYSTEM_MEMORY
2015-12-11 16:18:05.944+0000 INFO  [o.n.k.i.DiagnosticsManager] JAVA_MEMORY
2015-12-11 16:18:05.944+0000 INFO  [o.n.k.i.DiagnosticsManager] OPERATING_SYSTEM
2015-12-11 16:18:05.944+0000 INFO  [o.n.k.i.DiagnosticsManager] JAVA_VIRTUAL_MACHINE
2015-12-11 16:18:05.944+0000 INFO  [o.n.k.i.DiagnosticsManager] CLASSPATH
2015-12-11 16:18:05.944+0000 INFO  [o.n.k.i.DiagnosticsManager] LIBRARY_PATH
2015-12-11 16:18:05.944+0000 INFO  [o.n.k.i.DiagnosticsManager] SYSTEM_PROPERTIES
2015-12-11 16:18:05.944+0000 INFO  [o.n.k.i.DiagnosticsManager] NETWORK
2015-12-11 16:18:05.944+0000 INFO  [o.n.k.i.DiagnosticsManager] System memory information:
2015-12-11 16:18:05.944+0000 INFO  [o.n.k.i.DiagnosticsManager] Total Physical memory: 3.93 GB
2015-12-11 16:18:05.944+0000 INFO  [o.n.k.i.DiagnosticsManager] Free Physical memory: 2.18 GB
2015-12-11 16:18:05.944+0000 INFO  [o.n.k.i.DiagnosticsManager] Committed virtual memory: 376.17 MB
2015-12-11 16:18:05.944+0000 INFO  [o.n.k.i.DiagnosticsManager] Total swap space: 5.66 GB
2015-12-11 16:18:05.944+0000 INFO  [o.n.k.i.DiagnosticsManager] Free swap space: 3.44 GB
2015-12-11 16:18:05.944+0000 INFO  [o.n.k.i.DiagnosticsManager] JVM memory information:
2015-12-11 16:18:05.944+0000 INFO  [o.n.k.i.DiagnosticsManager] Free  memory: 30.33 MB
2015-12-11 16:18:05.944+0000 INFO  [o.n.k.i.DiagnosticsManager] Total memory: 113.50 MB
2015-12-11 16:18:05.944+0000 INFO  [o.n.k.i.DiagnosticsManager] Max   memory: 894.50 MB
2015-12-11 16:18:05.944+0000 INFO  [o.n.k.i.DiagnosticsManager] Garbage Collector: PS Scavenge: [PS Eden Space, PS Survivor Space]
2015-12-11 16:18:05.944+0000 INFO  [o.n.k.i.DiagnosticsManager] Garbage Collector: PS MarkSweep: [PS Eden Space, PS Survivor Space, PS Old Gen, PS Perm Gen]
2015-12-11 16:18:05.944+0000 INFO  [o.n.k.i.DiagnosticsManager] Memory Pool: Code Cache (Non-heap memory): committed=9.44 MB, used=9.21 MB, max=48.00 MB, threshold=0.00 B
2015-12-11 16:18:05.944+0000 INFO  [o.n.k.i.DiagnosticsManager] Memory Pool: PS Eden Space (Heap memory): committed=32.50 MB, used=15.77 MB, max=334.00 MB, threshold=?
2015-12-11 16:18:05.944+0000 INFO  [o.n.k.i.DiagnosticsManager] Memory Pool: PS Survivor Space (Heap memory): committed=512.00 kB, used=512.00 kB, max=512.00 kB, threshold=?
2015-12-11 16:18:05.944+0000 INFO  [o.n.k.i.DiagnosticsManager] Memory Pool: PS Old Gen (Heap memory): committed=80.50 MB, used=66.90 MB, max=670.50 MB, threshold=0.00 B
2015-12-11 16:18:05.944+0000 INFO  [o.n.k.i.DiagnosticsManager] Memory Pool: PS Perm Gen (Non-heap memory): committed=62.00 MB, used=61.25 MB, max=82.00 MB, threshold=0.00 B
2015-12-11 16:18:05.944+0000 INFO  [o.n.k.i.DiagnosticsManager] Operating system information:
2015-12-11 16:18:05.944+0000 INFO  [o.n.k.i.DiagnosticsManager] Operating System: Windows 8.1; version: 6.3; arch: amd64; cpus: 8
2015-12-11 16:18:05.944+0000 INFO  [o.n.k.i.DiagnosticsManager] Process id: 5816@ATAN-B03-02
2015-12-11 16:18:05.944+0000 INFO  [o.n.k.i.DiagnosticsManager] Byte order: LITTLE_ENDIAN
2015-12-11 16:18:05.944+0000 INFO  [o.n.k.i.DiagnosticsManager] Local timezone: America/Chicago
2015-12-11 16:18:05.944+0000 INFO  [o.n.k.i.DiagnosticsManager] JVM information:
2015-12-11 16:18:05.944+0000 INFO  [o.n.k.i.DiagnosticsManager] VM Name: Java HotSpot(TM) 64-Bit Server VM
2015-12-11 16:18:05.944+0000 INFO  [o.n.k.i.DiagnosticsManager] VM Vendor: Oracle Corporation
2015-12-11 16:18:05.944+0000 INFO  [o.n.k.i.DiagnosticsManager] VM Version: 24.80-b11
2015-12-11 16:18:05.944+0000 INFO  [o.n.k.i.DiagnosticsManager] JIT compiler: HotSpot 64-Bit Tiered Compilers
2015-12-11 16:18:05.944+0000 INFO  [o.n.k.i.DiagnosticsManager] VM Arguments: [-Dexe4j.semaphoreName=Local\c:_program_files_neo4j_ce_2.3.1_bin_neo4j-ce.exe, -Dexe4j.isInstall4j=true, -Dexe4j.moduleName=C:\Program Files\Neo4j CE 2.3.1\bin\neo4j-ce.exe, -Dexe4j.tempDir=, -Dexe4j.unextractedPosition=0, -Djava.library.path=C:\Program Files (x86)\AMD APP\bin\x86_64;C:\Program Files (x86)\AMD APP\bin\x86;C:\ProgramData\Oracle\Java\javapath;C:\Windows\system32;C:\Windows;C:\Windows\System32\Wbem;C:\Windows\System32\WindowsPowerShell\v1.0\;C:\Program Files (x86)\MiKTeX 2.9\miktex\bin\;C:\Program Files\TortoiseSVN\bin;C:\Windows\system32\config\systemprofile\.dnx\bin;C:\Program Files\Microsoft DNX\Dnvm\;C:\Program Files\MATLAB\R2015b\runtime\win64;C:\Program Files\MATLAB\R2015b\bin;C:\Program Files (x86)\ATI Technologies\ATI.ACE\Core-Static;c:\program files\neo4j ce 2.3.1\jre\bin, -Dexe4j.consoleCodepage=cp0, -Dinstall4j.launcherId=24, -Dinstall4j.swt=false]
2015-12-11 16:18:05.944+0000 INFO  [o.n.k.i.DiagnosticsManager] Java classpath:
2015-12-11 16:18:05.944+0000 INFO  [o.n.k.i.DiagnosticsManager]  [loader.1] file:/C:/Program%20Files/Neo4j%20CE%202.3.1/jre/lib/ext/dnsns.jar
2015-12-11 16:18:05.944+0000 INFO  [o.n.k.i.DiagnosticsManager]  [loader.0] file:/C:/Program%20Files/Neo4j%20CE%202.3.1/bin/
2015-12-11 16:18:05.944+0000 INFO  [o.n.k.i.DiagnosticsManager]  [bootstrap] C:\Program Files\Neo4j CE 2.3.1\jre\lib\resources.jar
2015-12-11 16:18:05.944+0000 INFO  [o.n.k.i.DiagnosticsManager]  [bootstrap] C:\Program Files\Neo4j CE 2.3.1\jre\lib\jfr.jar
2015-12-11 16:18:05.944+0000 INFO  [o.n.k.i.DiagnosticsManager]  [classpath] C:\Program Files\Neo4j CE 2.3.1\.install4j\i4jruntime.jar
2015-12-11 16:18:05.944+0000 INFO  [o.n.k.i.DiagnosticsManager]  [loader.1] file:/C:/Program%20Files/Neo4j%20CE%202.3.1/jre/lib/ext/sunmscapi.jar
2015-12-11 16:18:05.944+0000 INFO  [o.n.k.i.DiagnosticsManager]  [bootstrap] C:\Program Files\Neo4j CE 2.3.1\jre\lib\jsse.jar
2015-12-11 16:18:05.944+0000 INFO  [o.n.k.i.DiagnosticsManager]  [loader.1] file:/C:/Program%20Files/Neo4j%20CE%202.3.1/jre/lib/ext/dns_sd.jar
2015-12-11 16:18:05.944+0000 INFO  [o.n.k.i.DiagnosticsManager]  [loader.0] file:/C:/Program%20Files/Neo4j%20CE%202.3.1/.install4j/i4jruntime.jar
2015-12-11 16:18:05.944+0000 INFO  [o.n.k.i.DiagnosticsManager]  [loader.0] file:/C:/Program%20Files/Neo4j%20CE%202.3.1/bin/neo4j-desktop-2.3.1.jar
2015-12-11 16:18:05.944+0000 INFO  [o.n.k.i.DiagnosticsManager]  [loader.1] file:/C:/Program%20Files/Neo4j%20CE%202.3.1/jre/lib/ext/access-bridge-64.jar
2015-12-11 16:18:05.944+0000 INFO  [o.n.k.i.DiagnosticsManager]  [loader.1] file:/C:/Program%20Files/Neo4j%20CE%202.3.1/jre/lib/ext/localedata.jar
2015-12-11 16:18:05.944+0000 INFO  [o.n.k.i.DiagnosticsManager]  [bootstrap] C:\Program Files\Neo4j CE 2.3.1\jre\lib\sunrsasign.jar
2015-12-11 16:18:05.944+0000 INFO  [o.n.k.i.DiagnosticsManager]  [bootstrap] C:\Program Files\Neo4j CE 2.3.1\jre\lib\jce.jar
2015-12-11 16:18:05.944+0000 INFO  [o.n.k.i.DiagnosticsManager]  [bootstrap] C:\Program Files\Neo4j CE 2.3.1\jre\lib\rt.jar
2015-12-11 16:18:05.944+0000 INFO  [o.n.k.i.DiagnosticsManager]  [bootstrap] C:\Program Files\Neo4j CE 2.3.1\jre\lib\charsets.jar
2015-12-11 16:18:05.944+0000 INFO  [o.n.k.i.DiagnosticsManager]  [loader.1] file:/C:/Program%20Files/Neo4j%20CE%202.3.1/jre/lib/ext/sunjce_provider.jar
2015-12-11 16:18:05.944+0000 INFO  [o.n.k.i.DiagnosticsManager]  [bootstrap] C:\Program Files\Neo4j CE 2.3.1\jre\classes
2015-12-11 16:18:05.944+0000 INFO  [o.n.k.i.DiagnosticsManager]  [loader.1] file:/C:/Program%20Files/Neo4j%20CE%202.3.1/jre/lib/ext/zipfs.jar
2015-12-11 16:18:05.944+0000 INFO  [o.n.k.i.DiagnosticsManager]  [loader.1] file:/C:/Program%20Files/Neo4j%20CE%202.3.1/jre/lib/ext/jaccess.jar
2015-12-11 16:18:05.944+0000 INFO  [o.n.k.i.DiagnosticsManager]  [loader.1] file:/C:/Program%20Files/Neo4j%20CE%202.3.1/jre/lib/ext/sunec.jar
2015-12-11 16:18:05.944+0000 INFO  [o.n.k.i.DiagnosticsManager]  [classpath] C:\Program Files\Neo4j CE 2.3.1\bin\neo4j-desktop-2.3.1.jar
2015-12-11 16:18:05.944+0000 INFO  [o.n.k.i.DiagnosticsManager] Library path:
2015-12-11 16:18:05.960+0000 INFO  [o.n.k.i.DiagnosticsManager] C:\Program Files (x86)\AMD APP\bin\x86_64
2015-12-11 16:18:05.960+0000 INFO  [o.n.k.i.DiagnosticsManager] C:\Program Files (x86)\AMD APP\bin\x86
2015-12-11 16:18:05.960+0000 INFO  [o.n.k.i.DiagnosticsManager] C:\ProgramData\Oracle\Java\javapath
2015-12-11 16:18:05.960+0000 INFO  [o.n.k.i.DiagnosticsManager] C:\Windows\System32
2015-12-11 16:18:05.960+0000 INFO  [o.n.k.i.DiagnosticsManager] C:\Windows
2015-12-11 16:18:05.960+0000 INFO  [o.n.k.i.DiagnosticsManager] C:\Windows\System32\wbem
2015-12-11 16:18:05.960+0000 INFO  [o.n.k.i.DiagnosticsManager] C:\Windows\System32\WindowsPowerShell\v1.0
2015-12-11 16:18:05.960+0000 INFO  [o.n.k.i.DiagnosticsManager] C:\Program Files (x86)\MiKTeX 2.9\miktex\bin
2015-12-11 16:18:05.960+0000 INFO  [o.n.k.i.DiagnosticsManager] C:\Program Files\TortoiseSVN\bin
2015-12-11 16:18:05.960+0000 INFO  [o.n.k.i.DiagnosticsManager] C:\Windows\System32\config\systemprofile\.dnx\bin
2015-12-11 16:18:05.960+0000 INFO  [o.n.k.i.DiagnosticsManager] C:\Program Files\Microsoft DNX\Dnvm
2015-12-11 16:18:05.960+0000 INFO  [o.n.k.i.DiagnosticsManager] C:\Program Files\MATLAB\R2015b\runtime\win64
2015-12-11 16:18:05.960+0000 INFO  [o.n.k.i.DiagnosticsManager] C:\Program Files\MATLAB\R2015b\bin
2015-12-11 16:18:05.960+0000 INFO  [o.n.k.i.DiagnosticsManager] C:\Program Files (x86)\ATI Technologies\ATI.ACE\Core-Static
2015-12-11 16:18:05.960+0000 INFO  [o.n.k.i.DiagnosticsManager] C:\Program Files\Neo4j CE 2.3.1\jre\bin
2015-12-11 16:18:05.960+0000 INFO  [o.n.k.i.DiagnosticsManager] System.properties:
2015-12-11 16:18:05.960+0000 INFO  [o.n.k.i.DiagnosticsManager] exe4j.moduleName = C:\Program Files\Neo4j CE 2.3.1\bin\neo4j-ce.exe
2015-12-11 16:18:05.960+0000 INFO  [o.n.k.i.DiagnosticsManager] exe4j.semaphoreName = Local\c:_program_files_neo4j_ce_2.3.1_bin_neo4j-ce.exe
2015-12-11 16:18:05.960+0000 INFO  [o.n.k.i.DiagnosticsManager] sun.boot.library.path = c:\program files\neo4j ce 2.3.1\jre\bin
2015-12-11 16:18:05.960+0000 INFO  [o.n.k.i.DiagnosticsManager] exe4j.consoleCodepage = cp0
2015-12-11 16:18:05.960+0000 INFO  [o.n.k.i.DiagnosticsManager] path.separator = ;
2015-12-11 16:18:05.960+0000 INFO  [o.n.k.i.DiagnosticsManager] file.encoding.pkg = sun.io
2015-12-11 16:18:05.960+0000 INFO  [o.n.k.i.DiagnosticsManager] user.country = US
2015-12-11 16:18:05.960+0000 INFO  [o.n.k.i.DiagnosticsManager] user.script = 
2015-12-11 16:18:05.960+0000 INFO  [o.n.k.i.DiagnosticsManager] sun.os.patch.level = 
2015-12-11 16:18:05.960+0000 INFO  [o.n.k.i.DiagnosticsManager] install4j.exeDir = C:\Program Files\Neo4j CE 2.3.1\bin\
2015-12-11 16:18:05.960+0000 INFO  [o.n.k.i.DiagnosticsManager] user.dir = C:\Program Files\Neo4j CE 2.3.1\bin
2015-12-11 16:18:05.960+0000 INFO  [o.n.k.i.DiagnosticsManager] neo4j.ext.udc.source = desktop
2015-12-11 16:18:05.960+0000 INFO  [o.n.k.i.DiagnosticsManager] user.variant = 
2015-12-11 16:18:05.960+0000 INFO  [o.n.k.i.DiagnosticsManager] exe4j.tempDir = 
2015-12-11 16:18:05.960+0000 INFO  [o.n.k.i.DiagnosticsManager] sun.jnu.encoding = Cp1252
2015-12-11 16:18:05.960+0000 INFO  [o.n.k.i.DiagnosticsManager] sun.awt.enableExtraMouseButtons = true
2015-12-11 16:18:05.960+0000 INFO  [o.n.k.i.DiagnosticsManager] install4j.launcherId = 24
2015-12-11 16:18:05.960+0000 INFO  [o.n.k.i.DiagnosticsManager] sun.management.compiler = HotSpot 64-Bit Tiered Compilers
2015-12-11 16:18:05.960+0000 INFO  [o.n.k.i.DiagnosticsManager] exe4j.isInstall4j = true
2015-12-11 16:18:05.960+0000 INFO  [o.n.k.i.DiagnosticsManager] install4j.swt = false
2015-12-11 16:18:05.960+0000 INFO  [o.n.k.i.DiagnosticsManager] user.home = C:\Users\cez
2015-12-11 16:18:05.960+0000 INFO  [o.n.k.i.DiagnosticsManager] user.timezone = America/Chicago
2015-12-11 16:18:05.960+0000 INFO  [o.n.k.i.DiagnosticsManager] file.encoding = Cp1252
2015-12-11 16:18:05.960+0000 INFO  [o.n.k.i.DiagnosticsManager] user.name = cez
2015-12-11 16:18:05.960+0000 INFO  [o.n.k.i.DiagnosticsManager] sun.java.command = C:\Program Files\Neo4j CE 2.3.1\bin\neo4j-ce.exe
2015-12-11 16:18:05.960+0000 INFO  [o.n.k.i.DiagnosticsManager] sun.arch.data.model = 64
2015-12-11 16:18:05.960+0000 INFO  [o.n.k.i.DiagnosticsManager] exe4j.launchName = C:\Program Files\Neo4j CE 2.3.1\bin\neo4j-ce.exe
2015-12-11 16:18:05.960+0000 INFO  [o.n.k.i.DiagnosticsManager] user.language = en
2015-12-11 16:18:05.960+0000 INFO  [o.n.k.i.DiagnosticsManager] awt.toolkit = sun.awt.windows.WToolkit
2015-12-11 16:18:05.960+0000 INFO  [o.n.k.i.DiagnosticsManager] exe4j.unextractedPosition = 0
2015-12-11 16:18:05.960+0000 INFO  [o.n.k.i.DiagnosticsManager] install4j.appDir = C:\Program Files\Neo4j CE 2.3.1\
2015-12-11 16:18:05.960+0000 INFO  [o.n.k.i.DiagnosticsManager] file.separator = \
2015-12-11 16:18:05.960+0000 INFO  [o.n.k.i.DiagnosticsManager] sun.io.unicode.encoding = UnicodeLittle
2015-12-11 16:18:05.960+0000 INFO  [o.n.k.i.DiagnosticsManager] sun.cpu.endian = little
2015-12-11 16:18:05.960+0000 INFO  [o.n.k.i.DiagnosticsManager] sun.desktop = windows
2015-12-11 16:18:05.960+0000 INFO  [o.n.k.i.DiagnosticsManager] sun.cpu.isalist = amd64
2015-12-11 16:18:05.960+0000 INFO  [o.n.k.i.DiagnosticsManager] Network information:
2015-12-11 16:18:05.976+0000 INFO  [o.n.k.i.DiagnosticsManager] Interface Software Loopback Interface 1:
2015-12-11 16:18:05.976+0000 INFO  [o.n.k.i.DiagnosticsManager]     address: 127.0.0.1
2015-12-11 16:18:05.976+0000 INFO  [o.n.k.i.DiagnosticsManager]     address: 0:0:0:0:0:0:0:1
2015-12-11 16:18:05.976+0000 INFO  [o.n.k.i.DiagnosticsManager] Interface Microsoft Kernel Debug Network Adapter:
2015-12-11 16:18:05.976+0000 INFO  [o.n.k.i.DiagnosticsManager] Interface Intel(R) 82578DM Gigabit Network Connection:
2015-12-11 16:18:05.976+0000 INFO  [o.n.k.i.DiagnosticsManager]     address: 10.24.47.166
2015-12-11 16:18:05.976+0000 INFO  [o.n.k.i.DiagnosticsManager]     address: 2610:130:101:d00:4493:c16:efa9:8b55
2015-12-11 16:18:05.976+0000 INFO  [o.n.k.i.DiagnosticsManager]     address: 2610:130:101:d00:920:e15d:79eb:345b
2015-12-11 16:18:05.976+0000 INFO  [o.n.k.i.DiagnosticsManager]     address: 2610:130:101:d00:a502:b02c:1a2d:577b
2015-12-11 16:18:05.976+0000 INFO  [o.n.k.i.DiagnosticsManager]     address: fe80:0:0:0:4493:c16:efa9:8b55%3
2015-12-11 16:18:05.976+0000 INFO  [o.n.k.i.DiagnosticsManager] Interface Microsoft ISATAP Adapter:
2015-12-11 16:18:05.976+0000 INFO  [o.n.k.i.DiagnosticsManager]     address: fe80:0:0:0:0:5efe:c0a8:3801%4
2015-12-11 16:18:05.976+0000 INFO  [o.n.k.i.DiagnosticsManager] Interface Teredo Tunneling Pseudo-Interface:
2015-12-11 16:18:05.976+0000 INFO  [o.n.k.i.DiagnosticsManager] Interface Microsoft ISATAP Adapter #2:
2015-12-11 16:18:05.976+0000 INFO  [o.n.k.i.DiagnosticsManager]     address: fe80:0:0:0:0:5efe:a18:2fa6%6
2015-12-11 16:18:05.976+0000 INFO  [o.n.k.i.DiagnosticsManager] Interface VirtualBox Host-Only Ethernet Adapter:
2015-12-11 16:18:05.976+0000 INFO  [o.n.k.i.DiagnosticsManager]     address: 192.168.56.1
2015-12-11 16:18:05.976+0000 INFO  [o.n.k.i.DiagnosticsManager]     address: fe80:0:0:0:4133:2d33:29c2:6efa%7
2015-12-11 16:18:05.976+0000 INFO  [o.n.k.i.DiagnosticsManager] Interface Microsoft ISATAP Adapter #3:
2015-12-11 16:18:05.976+0000 INFO  [o.n.k.i.DiagnosticsManager] Interface VirtualBox Host-Only Ethernet Adapter-WFP Native MAC Layer LightWeight Filter-0000:
2015-12-11 16:18:05.976+0000 INFO  [o.n.k.i.DiagnosticsManager] Interface VirtualBox Host-Only Ethernet Adapter-VirtualBox NDIS Light-Weight Filter-0000:
2015-12-11 16:18:05.976+0000 INFO  [o.n.k.i.DiagnosticsManager] Interface VirtualBox Host-Only Ethernet Adapter-QoS Packet Scheduler-0000:
2015-12-11 16:18:05.976+0000 INFO  [o.n.k.i.DiagnosticsManager] Interface VirtualBox Host-Only Ethernet Adapter-WFP 802.3 MAC Layer LightWeight Filter-0000:
2015-12-11 16:18:05.976+0000 INFO  [o.n.k.i.DiagnosticsManager] Interface Intel(R) 82578DM Gigabit Network Connection-WFP Native MAC Layer LightWeight Filter-0000:
2015-12-11 16:18:05.976+0000 INFO  [o.n.k.i.DiagnosticsManager] Interface Intel(R) 82578DM Gigabit Network Connection-VirtualBox NDIS Light-Weight Filter-0000:
2015-12-11 16:18:05.976+0000 INFO  [o.n.k.i.DiagnosticsManager] Interface Intel(R) 82578DM Gigabit Network Connection-QoS Packet Scheduler-0000:
2015-12-11 16:18:05.976+0000 INFO  [o.n.k.i.DiagnosticsManager] Interface Intel(R) 82578DM Gigabit Network Connection-WFP 802.3 MAC Layer LightWeight Filter-0000:
2015-12-11 16:18:05.976+0000 INFO  [o.n.k.i.DiagnosticsManager] --- INITIALIZED diagnostics END ---
2015-12-11 16:18:08.585+0000 INFO  [o.n.k.a.i.i.LuceneLabelScanStore] No lucene scan store index found, this might just be first use. Preparing to rebuild.
2015-12-11 16:18:08.601+0000 INFO  [o.n.k.NeoStoreDataSource] Opened logical log [C:\561\10000\10000D2\neostore.transaction.db.0] version=0, lastTxId=1 (clean)
2015-12-11 16:18:08.601+0000 WARN  [o.n.k.i.s.MetaDataStore] Missing counts store, rebuilding it.
2015-12-11 16:18:08.679+0000 INFO  [o.n.k.a.i.i.LuceneLabelScanStore] Rebuilding lucene scan store, this may take a while
2015-12-11 16:18:08.726+0000 INFO  [o.n.k.a.i.i.LuceneLabelScanStore] Lucene scan store rebuilt (roughly -1 nodes)
2015-12-11 16:18:08.726+0000 INFO  [o.n.k.KernelHealth] Kernel health set to OK
2015-12-11 16:18:08.741+0000 INFO  [o.n.k.AvailabilityGuard] Fulfilling of requirement makes database available: Database available
2015-12-11 16:18:08.757+0000 INFO  [o.n.k.i.f.CommunityFacadeFactory] Database is now ready
2015-12-11 16:18:08.757+0000 INFO  [o.n.k.i.DiagnosticsManager] --- STARTED diagnostics for KernelDiagnostics:Versions START ---
2015-12-11 16:18:08.757+0000 INFO  [o.n.k.i.DiagnosticsManager] Graph Database: Community StoreId{creationTime=1449850688491, randomId=-6623708325613287481, storeVersion=15250506225055238, upgradeTime=1449850688491, upgradeId=1}
2015-12-11 16:18:08.757+0000 INFO  [o.n.k.i.DiagnosticsManager] Kernel version: 2.3.1
2015-12-11 16:18:08.772+0000 INFO  [o.n.k.i.DiagnosticsManager] --- STARTED diagnostics for KernelDiagnostics:Versions END ---
2015-12-11 16:18:08.772+0000 INFO  [o.n.k.i.DiagnosticsManager] --- STARTED diagnostics for NEO_STORE_VERSIONS START ---
2015-12-11 16:18:08.772+0000 INFO  [o.n.k.i.DiagnosticsManager] Store versions:
2015-12-11 16:18:08.772+0000 INFO  [o.n.k.i.DiagnosticsManager] Store versions:
2015-12-11 16:18:08.772+0000 INFO  [o.n.k.i.DiagnosticsManager] ArrayPropertyStore v0.A.6
2015-12-11 16:18:08.772+0000 INFO  [o.n.k.i.DiagnosticsManager] NodeStore v0.A.6
2015-12-11 16:18:08.772+0000 INFO  [o.n.k.i.DiagnosticsManager] StringPropertyStore v0.A.6
2015-12-11 16:18:08.788+0000 INFO  [o.n.k.i.DiagnosticsManager] PropertyIndexStore v0.A.6
2015-12-11 16:18:08.788+0000 INFO  [o.n.k.i.DiagnosticsManager] StringPropertyStore v0.A.6
2015-12-11 16:18:08.788+0000 INFO  [o.n.k.i.DiagnosticsManager] ArrayPropertyStore v0.A.6
2015-12-11 16:18:08.788+0000 INFO  [o.n.k.i.DiagnosticsManager] PropertyStore v0.A.6
2015-12-11 16:18:08.788+0000 INFO  [o.n.k.i.DiagnosticsManager] RelationshipStore v0.A.6
2015-12-11 16:18:08.788+0000 INFO  [o.n.k.i.DiagnosticsManager] StringPropertyStore v0.A.6
2015-12-11 16:18:08.788+0000 INFO  [o.n.k.i.DiagnosticsManager] RelationshipTypeStore v0.A.6
2015-12-11 16:18:08.804+0000 INFO  [o.n.k.i.DiagnosticsManager] StringPropertyStore v0.A.6
2015-12-11 16:18:08.804+0000 INFO  [o.n.k.i.DiagnosticsManager] LabelTokenStore v0.A.6
2015-12-11 16:18:08.804+0000 INFO  [o.n.k.i.DiagnosticsManager] SchemaStore v0.A.6
2015-12-11 16:18:08.804+0000 INFO  [o.n.k.i.DiagnosticsManager] RelationshipGroupStore v0.A.6
2015-12-11 16:18:08.804+0000 INFO  [o.n.k.i.DiagnosticsManager] NeoStore v0.A.6
2015-12-11 16:18:08.804+0000 INFO  [o.n.k.i.DiagnosticsManager] --- STARTED diagnostics for NEO_STORE_VERSIONS END ---
2015-12-11 16:18:08.819+0000 INFO  [o.n.k.i.DiagnosticsManager] --- STARTED diagnostics for NEO_STORE_ID_USAGE START ---
2015-12-11 16:18:08.819+0000 INFO  [o.n.k.i.DiagnosticsManager] Id usage:
2015-12-11 16:18:08.819+0000 INFO  [o.n.k.i.DiagnosticsManager] Id usage:
2015-12-11 16:18:08.819+0000 INFO  [o.n.k.i.DiagnosticsManager]   ArrayPropertyStore v0.A.6: used=1 high=0
2015-12-11 16:18:08.819+0000 INFO  [o.n.k.i.DiagnosticsManager]   NodeStore v0.A.6: used=0 high=-1
2015-12-11 16:18:08.819+0000 INFO  [o.n.k.i.DiagnosticsManager]   StringPropertyStore v0.A.6: used=1 high=0
2015-12-11 16:18:08.835+0000 INFO  [o.n.k.i.DiagnosticsManager]   PropertyIndexStore v0.A.6: used=0 high=-1
2015-12-11 16:18:08.835+0000 INFO  [o.n.k.i.DiagnosticsManager]   StringPropertyStore v0.A.6: used=1 high=0
2015-12-11 16:18:08.835+0000 INFO  [o.n.k.i.DiagnosticsManager]   ArrayPropertyStore v0.A.6: used=1 high=0
2015-12-11 16:18:08.835+0000 INFO  [o.n.k.i.DiagnosticsManager]   PropertyStore v0.A.6: used=0 high=-1
2015-12-11 16:18:08.835+0000 INFO  [o.n.k.i.DiagnosticsManager]   RelationshipStore v0.A.6: used=0 high=-1
2015-12-11 16:18:08.835+0000 INFO  [o.n.k.i.DiagnosticsManager]   StringPropertyStore v0.A.6: used=1 high=0
2015-12-11 16:18:08.850+0000 INFO  [o.n.k.i.DiagnosticsManager]   RelationshipTypeStore v0.A.6: used=0 high=-1
2015-12-11 16:18:08.850+0000 INFO  [o.n.k.i.DiagnosticsManager]   StringPropertyStore v0.A.6: used=1 high=0
2015-12-11 16:18:08.850+0000 INFO  [o.n.k.i.DiagnosticsManager]   LabelTokenStore v0.A.6: used=0 high=-1
2015-12-11 16:18:08.850+0000 INFO  [o.n.k.i.DiagnosticsManager]   SchemaStore v0.A.6: used=1 high=0
2015-12-11 16:18:08.850+0000 INFO  [o.n.k.i.DiagnosticsManager]   RelationshipGroupStore v0.A.6: used=1 high=0
2015-12-11 16:18:08.850+0000 INFO  [o.n.k.i.DiagnosticsManager]   NeoStore v0.A.6: used=13 high=12
2015-12-11 16:18:08.850+0000 INFO  [o.n.k.i.DiagnosticsManager] --- STARTED diagnostics for NEO_STORE_ID_USAGE END ---
2015-12-11 16:18:08.866+0000 INFO  [o.n.k.i.DiagnosticsManager] --- STARTED diagnostics for NEO_STORE_RECORDS START ---
2015-12-11 16:18:08.866+0000 INFO  [o.n.k.i.DiagnosticsManager] Neostore records:
2015-12-11 16:18:08.866+0000 INFO  [o.n.k.i.DiagnosticsManager] TIME (Creation time): 1449850688491
2015-12-11 16:18:08.866+0000 INFO  [o.n.k.i.DiagnosticsManager] RANDOM_NUMBER (Random number for store id): -6623708325613287481
2015-12-11 16:18:08.866+0000 INFO  [o.n.k.i.DiagnosticsManager] LOG_VERSION (Current log version): 0
2015-12-11 16:18:08.866+0000 INFO  [o.n.k.i.DiagnosticsManager] LAST_TRANSACTION_ID (Last committed transaction): 1
2015-12-11 16:18:08.866+0000 INFO  [o.n.k.i.DiagnosticsManager] STORE_VERSION (Store format version): 15250506225055238
2015-12-11 16:18:08.866+0000 INFO  [o.n.k.i.DiagnosticsManager] FIRST_GRAPH_PROPERTY (First property record containing graph properties): -1
2015-12-11 16:18:08.882+0000 INFO  [o.n.k.i.DiagnosticsManager] LAST_CONSTRAINT_TRANSACTION (Last committed transaction containing constraint changes): 0
2015-12-11 16:18:08.882+0000 INFO  [o.n.k.i.DiagnosticsManager] UPGRADE_TRANSACTION_ID (Transaction id most recent upgrade was performed at): 1
2015-12-11 16:18:08.882+0000 INFO  [o.n.k.i.DiagnosticsManager] UPGRADE_TIME (Time of last upgrade): 1449850688491
2015-12-11 16:18:08.882+0000 INFO  [o.n.k.i.DiagnosticsManager] LAST_TRANSACTION_CHECKSUM (Checksum of last committed transaction): 0
2015-12-11 16:18:08.882+0000 INFO  [o.n.k.i.DiagnosticsManager] UPGRADE_TRANSACTION_CHECKSUM (Checksum of transaction id the most recent upgrade was performed at): 0
2015-12-11 16:18:08.882+0000 INFO  [o.n.k.i.DiagnosticsManager] LAST_CLOSED_TRANSACTION_LOG_VERSION (Log version where the last transaction commit entry has been written into): 0
2015-12-11 16:18:08.882+0000 INFO  [o.n.k.i.DiagnosticsManager] LAST_CLOSED_TRANSACTION_LOG_BYTE_OFFSET (Byte offset in the log file where the last transaction commit entry has been written into): 16
2015-12-11 16:18:08.882+0000 INFO  [o.n.k.i.DiagnosticsManager] --- STARTED diagnostics for NEO_STORE_RECORDS END ---
2015-12-11 16:18:08.897+0000 INFO  [o.n.k.i.DiagnosticsManager] --- STARTED diagnostics for TRANSACTION_RANGE START ---
2015-12-11 16:18:08.897+0000 INFO  [o.n.k.i.DiagnosticsManager] Transaction log:
2015-12-11 16:18:08.897+0000 INFO  [o.n.k.i.DiagnosticsManager] No transactions found in any log
2015-12-11 16:18:08.897+0000 INFO  [o.n.k.i.DiagnosticsManager] --- STARTED diagnostics for TRANSACTION_RANGE END ---
2015-12-11 16:18:08.897+0000 INFO  [o.n.k.i.DiagnosticsManager] --- STARTED diagnostics for KernelDiagnostics:StoreFiles START ---
2015-12-11 16:18:08.897+0000 INFO  [o.n.k.i.DiagnosticsManager] Disk space on partition (Total / Free / Free %): 499738734592 / 398008557568 / 79
Storage files: (filename : modification date - size)
2015-12-11 16:18:08.897+0000 INFO  [o.n.k.i.DiagnosticsManager]   dbms:
2015-12-11 16:18:08.913+0000 INFO  [o.n.k.i.DiagnosticsManager]     ssl:
2015-12-11 16:18:08.913+0000 INFO  [o.n.k.i.DiagnosticsManager]       snakeoil.cert: 2015-12-11T10:18:05-0600 - 630.00 B
2015-12-11 16:18:08.913+0000 INFO  [o.n.k.i.DiagnosticsManager]       snakeoil.key: 2015-12-11T10:18:05-0600 - 914.00 B
2015-12-11 16:18:08.913+0000 INFO  [o.n.k.i.DiagnosticsManager]     - Total: 2015-12-11T10:18:05-0600 - 1.51 kB
2015-12-11 16:18:08.913+0000 INFO  [o.n.k.i.DiagnosticsManager]   - Total: 2015-12-11T10:18:05-0600 - 1.51 kB
2015-12-11 16:18:08.913+0000 INFO  [o.n.k.i.DiagnosticsManager]   index:
2015-12-11 16:18:08.913+0000 INFO  [o.n.k.i.DiagnosticsManager]   - Total: 2015-12-11T10:18:08-0600 - 0.00 B
2015-12-11 16:18:08.929+0000 INFO  [o.n.k.i.DiagnosticsManager]   messages.log: 2015-12-11T10:18:08-0600 - 26.53 kB
2015-12-11 16:18:08.929+0000 INFO  [o.n.k.i.DiagnosticsManager]   neo4j.properties: 2015-12-11T10:18:05-0600 - 1.30 kB
2015-12-11 16:18:08.929+0000 INFO  [o.n.k.i.DiagnosticsManager]   neostore: 2015-12-11T10:18:08-0600 - 8.00 kB
2015-12-11 16:18:08.929+0000 INFO  [o.n.k.i.DiagnosticsManager]   neostore.counts.db.a: 2015-12-11T10:18:08-0600 - 96.00 B
2015-12-11 16:18:08.929+0000 INFO  [o.n.k.i.DiagnosticsManager]   neostore.id: 2015-12-11T10:18:08-0600 - 9.00 B
2015-12-11 16:18:08.929+0000 INFO  [o.n.k.i.DiagnosticsManager]   neostore.labeltokenstore.db: 2015-12-11T10:18:07-0600 - 0.00 B
2015-12-11 16:18:08.929+0000 INFO  [o.n.k.i.DiagnosticsManager]   neostore.labeltokenstore.db.id: 2015-12-11T10:18:07-0600 - 9.00 B
2015-12-11 16:18:08.944+0000 INFO  [o.n.k.i.DiagnosticsManager]   neostore.labeltokenstore.db.names: 2015-12-11T10:18:07-0600 - 8.00 kB
2015-12-11 16:18:08.944+0000 INFO  [o.n.k.i.DiagnosticsManager]   neostore.labeltokenstore.db.names.id: 2015-12-11T10:18:07-0600 - 9.00 B
2015-12-11 16:18:08.944+0000 INFO  [o.n.k.i.DiagnosticsManager]   neostore.nodestore.db: 2015-12-11T10:18:06-0600 - 0.00 B
2015-12-11 16:18:08.944+0000 INFO  [o.n.k.i.DiagnosticsManager]   neostore.nodestore.db.id: 2015-12-11T10:18:06-0600 - 9.00 B
2015-12-11 16:18:08.944+0000 INFO  [o.n.k.i.DiagnosticsManager]   neostore.nodestore.db.labels: 2015-12-11T10:18:06-0600 - 8.00 kB
2015-12-11 16:18:08.944+0000 INFO  [o.n.k.i.DiagnosticsManager]   neostore.nodestore.db.labels.id: 2015-12-11T10:18:06-0600 - 9.00 B
2015-12-11 16:18:08.960+0000 INFO  [o.n.k.i.DiagnosticsManager]   neostore.propertystore.db: 2015-12-11T10:18:07-0600 - 0.00 B
2015-12-11 16:18:08.960+0000 INFO  [o.n.k.i.DiagnosticsManager]   neostore.propertystore.db.arrays: 2015-12-11T10:18:07-0600 - 8.00 kB
2015-12-11 16:18:08.960+0000 INFO  [o.n.k.i.DiagnosticsManager]   neostore.propertystore.db.arrays.id: 2015-12-11T10:18:07-0600 - 9.00 B
2015-12-11 16:18:08.960+0000 INFO  [o.n.k.i.DiagnosticsManager]   neostore.propertystore.db.id: 2015-12-11T10:18:07-0600 - 9.00 B
2015-12-11 16:18:08.960+0000 INFO  [o.n.k.i.DiagnosticsManager]   neostore.propertystore.db.index: 2015-12-11T10:18:06-0600 - 0.00 B
2015-12-11 16:18:08.960+0000 INFO  [o.n.k.i.DiagnosticsManager]   neostore.propertystore.db.index.id: 2015-12-11T10:18:06-0600 - 9.00 B
2015-12-11 16:18:08.975+0000 INFO  [o.n.k.i.DiagnosticsManager]   neostore.propertystore.db.index.keys: 2015-12-11T10:18:06-0600 - 8.00 kB
2015-12-11 16:18:08.975+0000 INFO  [o.n.k.i.DiagnosticsManager]   neostore.propertystore.db.index.keys.id: 2015-12-11T10:18:06-0600 - 9.00 B
2015-12-11 16:18:08.975+0000 INFO  [o.n.k.i.DiagnosticsManager]   neostore.propertystore.db.strings: 2015-12-11T10:18:06-0600 - 8.00 kB
2015-12-11 16:18:08.975+0000 INFO  [o.n.k.i.DiagnosticsManager]   neostore.propertystore.db.strings.id: 2015-12-11T10:18:06-0600 - 9.00 B
2015-12-11 16:18:08.975+0000 INFO  [o.n.k.i.DiagnosticsManager]   neostore.relationshipgroupstore.db: 2015-12-11T10:18:08-0600 - 8.00 kB
2015-12-11 16:18:08.975+0000 INFO  [o.n.k.i.DiagnosticsManager]   neostore.relationshipgroupstore.db.id: 2015-12-11T10:18:08-0600 - 9.00 B
2015-12-11 16:18:08.991+0000 INFO  [o.n.k.i.DiagnosticsManager]   neostore.relationshipstore.db: 2015-12-11T10:18:07-0600 - 0.00 B
2015-12-11 16:18:08.991+0000 INFO  [o.n.k.i.DiagnosticsManager]   neostore.relationshipstore.db.id: 2015-12-11T10:18:07-0600 - 9.00 B
2015-12-11 16:18:08.991+0000 INFO  [o.n.k.i.DiagnosticsManager]   neostore.relationshiptypestore.db: 2015-12-11T10:18:07-0600 - 0.00 B
2015-12-11 16:18:08.991+0000 INFO  [o.n.k.i.DiagnosticsManager]   neostore.relationshiptypestore.db.id: 2015-12-11T10:18:07-0600 - 9.00 B
2015-12-11 16:18:08.991+0000 INFO  [o.n.k.i.DiagnosticsManager]   neostore.relationshiptypestore.db.names: 2015-12-11T10:18:07-0600 - 8.00 kB
2015-12-11 16:18:08.991+0000 INFO  [o.n.k.i.DiagnosticsManager]   neostore.relationshiptypestore.db.names.id: 2015-12-11T10:18:07-0600 - 9.00 B
2015-12-11 16:18:08.991+0000 INFO  [o.n.k.i.DiagnosticsManager]   neostore.schemastore.db: 2015-12-11T10:18:08-0600 - 8.00 kB
2015-12-11 16:18:09.007+0000 INFO  [o.n.k.i.DiagnosticsManager]   neostore.schemastore.db.id: 2015-12-11T10:18:08-0600 - 9.00 B
2015-12-11 16:18:09.007+0000 INFO  [o.n.k.i.DiagnosticsManager]   neostore.transaction.db.0: 2015-12-11T10:18:08-0600 - 16.00 B
2015-12-11 16:18:09.007+0000 INFO  [o.n.k.i.DiagnosticsManager]   schema:
2015-12-11 16:18:09.007+0000 INFO  [o.n.k.i.DiagnosticsManager]     label:
2015-12-11 16:18:09.007+0000 INFO  [o.n.k.i.DiagnosticsManager]       lucene:
2015-12-11 16:18:09.007+0000 INFO  [o.n.k.i.DiagnosticsManager]         write.lock: 2015-12-11T10:18:08-0600 - 0.00 B
2015-12-11 16:18:09.007+0000 INFO  [o.n.k.i.DiagnosticsManager]       - Total: 2015-12-11T10:18:08-0600 - 0.00 B
2015-12-11 16:18:09.022+0000 INFO  [o.n.k.i.DiagnosticsManager]     - Total: 2015-12-11T10:18:08-0600 - 0.00 B
2015-12-11 16:18:09.022+0000 INFO  [o.n.k.i.DiagnosticsManager]   - Total: 2015-12-11T10:18:08-0600 - 0.00 B
2015-12-11 16:18:09.022+0000 INFO  [o.n.k.i.DiagnosticsManager]   store_lock: 2015-12-11T10:18:05-0600 - 0.00 B
2015-12-11 16:18:09.022+0000 INFO  [o.n.k.i.DiagnosticsManager] --- STARTED diagnostics for KernelDiagnostics:StoreFiles END ---
2015-12-11 16:18:09.038+0000 INFO  [o.n.k.i.DiagnosticsManager] --- SERVER STARTED START ---
2015-12-11 16:18:09.382+0000 WARN  [o.n.k.i.c.MonitorGc] GC Monitor: Application threads blocked for 289ms.
2015-12-11 16:18:10.038+0000 INFO  [o.n.k.i.DiagnosticsManager] --- SERVER STARTED END ---
2015-12-11 16:23:09.116+0000 INFO  [o.n.k.i.t.l.c.CheckPointerImpl] Check Pointing triggered by scheduler for time threshold [5309]:  Starting check pointing...
2015-12-11 16:23:09.116+0000 INFO  [o.n.k.i.t.l.c.CheckPointerImpl] Check Pointing triggered by scheduler for time threshold [5309]:  Starting store flush...
2015-12-11 16:23:09.303+0000 INFO  [o.n.k.i.s.c.CountsTracker] About to rotate counts store at transaction 5311 to [C:\561\10000\10000D2\neostore.counts.db.b], from [C:\561\10000\10000D2\neostore.counts.db.a].
2015-12-11 16:23:09.319+0000 INFO  [o.n.k.i.s.c.CountsTracker] Successfully rotated counts store at transaction 5311 to [C:\561\10000\10000D2\neostore.counts.db.b], from [C:\561\10000\10000D2\neostore.counts.db.a].
2015-12-11 16:23:09.756+0000 INFO  [o.n.k.i.t.l.c.CheckPointerImpl] Check Pointing triggered by scheduler for time threshold [5309]:  Store flush completed
2015-12-11 16:23:09.772+0000 INFO  [o.n.k.i.t.l.c.CheckPointerImpl] Check Pointing triggered by scheduler for time threshold [5309]:  Starting appending check point entry into the tx log...
2015-12-11 16:23:09.803+0000 INFO  [o.n.k.i.t.l.c.CheckPointerImpl] Check Pointing triggered by scheduler for time threshold [5309]:  Appending check point entry into the tx log completed
2015-12-11 16:23:09.803+0000 INFO  [o.n.k.i.t.l.c.CheckPointerImpl] Check Pointing triggered by scheduler for time threshold [5309]:  Check pointing completed
2015-12-11 16:23:09.819+0000 INFO  [o.n.k.i.t.l.p.LogPruningImpl] Log Rotation [0]:  Starting log pruning.
2015-12-11 16:23:09.819+0000 INFO  [o.n.k.i.t.l.p.LogPruningImpl] Log Rotation [0]:  Log pruning complete.
2015-12-11 16:28:10.217+0000 INFO  [o.n.k.i.t.l.c.CheckPointerImpl] Check Pointing triggered by scheduler for time threshold [10934]:  Starting check pointing...
2015-12-11 16:28:10.217+0000 INFO  [o.n.k.i.t.l.c.CheckPointerImpl] Check Pointing triggered by scheduler for time threshold [10934]:  Starting store flush...
2015-12-11 16:28:10.514+0000 INFO  [o.n.k.i.s.c.CountsTracker] About to rotate counts store at transaction 10937 to [C:\561\10000\10000D2\neostore.counts.db.a], from [C:\561\10000\10000D2\neostore.counts.db.b].
2015-12-11 16:28:10.530+0000 INFO  [o.n.k.i.s.c.CountsTracker] Successfully rotated counts store at transaction 10937 to [C:\561\10000\10000D2\neostore.counts.db.a], from [C:\561\10000\10000D2\neostore.counts.db.b].
2015-12-11 16:28:10.967+0000 INFO  [o.n.k.i.t.l.c.CheckPointerImpl] Check Pointing triggered by scheduler for time threshold [10934]:  Store flush completed
2015-12-11 16:28:10.967+0000 INFO  [o.n.k.i.t.l.c.CheckPointerImpl] Check Pointing triggered by scheduler for time threshold [10934]:  Starting appending check point entry into the tx log...
2015-12-11 16:28:10.998+0000 INFO  [o.n.k.i.t.l.c.CheckPointerImpl] Check Pointing triggered by scheduler for time threshold [10934]:  Appending check point entry into the tx log completed
2015-12-11 16:28:11.014+0000 INFO  [o.n.k.i.t.l.c.CheckPointerImpl] Check Pointing triggered by scheduler for time threshold [10934]:  Check pointing completed
2015-12-11 16:28:11.014+0000 INFO  [o.n.k.i.t.l.p.LogPruningImpl] Log Rotation [0]:  Starting log pruning.
2015-12-11 16:28:11.030+0000 INFO  [o.n.k.i.t.l.p.LogPruningImpl] Log Rotation [0]:  Log pruning complete.
2015-12-11 16:33:11.440+0000 INFO  [o.n.k.i.t.l.c.CheckPointerImpl] Check Pointing triggered by scheduler for time threshold [16113]:  Starting check pointing...
2015-12-11 16:33:11.440+0000 INFO  [o.n.k.i.t.l.c.CheckPointerImpl] Check Pointing triggered by scheduler for time threshold [16113]:  Starting store flush...
2015-12-11 16:33:11.612+0000 INFO  [o.n.k.i.s.c.CountsTracker] About to rotate counts store at transaction 16115 to [C:\561\10000\10000D2\neostore.counts.db.b], from [C:\561\10000\10000D2\neostore.counts.db.a].
2015-12-11 16:33:11.628+0000 INFO  [o.n.k.i.s.c.CountsTracker] Successfully rotated counts store at transaction 16115 to [C:\561\10000\10000D2\neostore.counts.db.b], from [C:\561\10000\10000D2\neostore.counts.db.a].
2015-12-11 16:33:12.534+0000 INFO  [o.n.k.i.t.l.c.CheckPointerImpl] Check Pointing triggered by scheduler for time threshold [16113]:  Store flush completed
2015-12-11 16:33:12.534+0000 INFO  [o.n.k.i.t.l.c.CheckPointerImpl] Check Pointing triggered by scheduler for time threshold [16113]:  Starting appending check point entry into the tx log...
2015-12-11 16:33:12.581+0000 INFO  [o.n.k.i.t.l.c.CheckPointerImpl] Check Pointing triggered by scheduler for time threshold [16113]:  Appending check point entry into the tx log completed
2015-12-11 16:33:12.581+0000 INFO  [o.n.k.i.t.l.c.CheckPointerImpl] Check Pointing triggered by scheduler for time threshold [16113]:  Check pointing completed
2015-12-11 16:33:12.581+0000 INFO  [o.n.k.i.t.l.p.LogPruningImpl] Log Rotation [0]:  Starting log pruning.
2015-12-11 16:33:12.597+0000 INFO  [o.n.k.i.t.l.p.LogPruningImpl] Log Rotation [0]:  Log pruning complete.
2015-12-11 16:38:13.092+0000 INFO  [o.n.k.i.t.l.c.CheckPointerImpl] Check Pointing triggered by scheduler for time threshold [20108]:  Starting check pointing...
2015-12-11 16:38:13.092+0000 INFO  [o.n.k.i.t.l.c.CheckPointerImpl] Check Pointing triggered by scheduler for time threshold [20108]:  Starting store flush...
2015-12-11 16:38:13.405+0000 INFO  [o.n.k.i.s.c.CountsTracker] About to rotate counts store at transaction 20108 to [C:\561\10000\10000D2\neostore.counts.db.a], from [C:\561\10000\10000D2\neostore.counts.db.b].
2015-12-11 16:38:13.420+0000 INFO  [o.n.k.i.s.c.CountsTracker] Successfully rotated counts store at transaction 20108 to [C:\561\10000\10000D2\neostore.counts.db.a], from [C:\561\10000\10000D2\neostore.counts.db.b].
2015-12-11 16:38:13.623+0000 INFO  [o.n.k.i.t.l.c.CheckPointerImpl] Check Pointing triggered by scheduler for time threshold [20108]:  Store flush completed
2015-12-11 16:38:13.623+0000 INFO  [o.n.k.i.t.l.c.CheckPointerImpl] Check Pointing triggered by scheduler for time threshold [20108]:  Starting appending check point entry into the tx log...
2015-12-11 16:38:13.717+0000 INFO  [o.n.k.i.t.l.c.CheckPointerImpl] Check Pointing triggered by scheduler for time threshold [20108]:  Appending check point entry into the tx log completed
2015-12-11 16:38:13.717+0000 INFO  [o.n.k.i.t.l.c.CheckPointerImpl] Check Pointing triggered by scheduler for time threshold [20108]:  Check pointing completed
2015-12-11 16:38:13.733+0000 INFO  [o.n.k.i.t.l.p.LogPruningImpl] Log Rotation [0]:  Starting log pruning.
2015-12-11 16:38:13.733+0000 INFO  [o.n.k.i.t.l.p.LogPruningImpl] Log Rotation [0]:  Log pruning complete.
2015-12-11 16:44:21.944+0000 INFO  [o.n.k.i.f.GraphDatabaseFacade] Shutdown started
2015-12-11 16:44:21.944+0000 INFO  [o.n.k.i.f.CommunityFacadeFactory] Database is now unavailable
2015-12-11 16:44:22.022+0000 INFO  [o.n.k.i.t.l.c.CheckPointerImpl] Check Pointing triggered by database shutdown [20108]:  Starting check pointing...
2015-12-11 16:44:22.038+0000 INFO  [o.n.k.i.t.l.c.CheckPointerImpl] Check Pointing triggered by database shutdown [20108]:  Starting store flush...
2015-12-11 16:44:22.054+0000 INFO  [o.n.k.i.t.l.c.CheckPointerImpl] Check Pointing triggered by database shutdown [20108]:  Store flush completed
2015-12-11 16:44:22.069+0000 INFO  [o.n.k.i.t.l.c.CheckPointerImpl] Check Pointing triggered by database shutdown [20108]:  Starting appending check point entry into the tx log...
2015-12-11 16:44:22.116+0000 INFO  [o.n.k.i.t.l.c.CheckPointerImpl] Check Pointing triggered by database shutdown [20108]:  Appending check point entry into the tx log completed
2015-12-11 16:44:22.132+0000 INFO  [o.n.k.i.t.l.c.CheckPointerImpl] Check Pointing triggered by database shutdown [20108]:  Check pointing completed
2015-12-11 16:44:22.132+0000 INFO  [o.n.k.i.t.l.p.LogPruningImpl] Log Rotation [0]:  Starting log pruning.
2015-12-11 16:44:22.132+0000 INFO  [o.n.k.i.t.l.p.LogPruningImpl] Log Rotation [0]:  Log pruning complete.
2015-12-11 16:44:23.507+0000 INFO  [o.n.k.NeoStoreDataSource] NeoStores closed
2015-12-11 16:44:23.522+0000 INFO  [o.n.k.i.DiagnosticsManager] --- STOPPING diagnostics START ---
2015-12-11 16:44:23.522+0000 INFO  [o.n.k.i.DiagnosticsManager] --- STOPPING diagnostics END ---
2015-12-11 21:45:55.380+0000 INFO  [o.n.k.i.f.CommunityFacadeFactory] No locking implementation specified, defaulting to 'community'
2015-12-11 21:45:55.384+0000 INFO  [o.n.k.AvailabilityGuard] Requirement makes database unavailable: Database available
2015-12-11 21:45:55.386+0000 INFO  [o.n.k.i.DiagnosticsManager] --- INITIALIZED diagnostics START ---
2015-12-11 21:45:55.386+0000 INFO  [o.n.k.i.DiagnosticsManager] Neo4j Kernel properties:
2015-12-11 21:45:55.386+0000 INFO  [o.n.k.i.DiagnosticsManager] org.neo4j.server.db.tuning.properties=C:\561\10000\10000D2\neo4j.properties
2015-12-11 21:45:55.386+0000 INFO  [o.n.k.i.DiagnosticsManager] org.neo4j.server.database.location=C:\561\10000\10000D2
2015-12-11 21:45:55.386+0000 INFO  [o.n.k.i.DiagnosticsManager] dbms.querylog.filename=data/log/queries.log
2015-12-11 21:45:55.386+0000 INFO  [o.n.k.i.DiagnosticsManager] dbms.security.auth_store.location=C:\561\10000\10000D2\.\dbms\auth
2015-12-11 21:45:55.386+0000 INFO  [o.n.k.i.DiagnosticsManager] dbms.security.tls_certificate_file=C:\561\10000\10000D2\.\dbms\ssl\snakeoil.cert
2015-12-11 21:45:55.387+0000 INFO  [o.n.k.i.DiagnosticsManager] remote_shell_enabled=true
2015-12-11 21:45:55.387+0000 INFO  [o.n.k.i.DiagnosticsManager] edition=Community
2015-12-11 21:45:55.387+0000 INFO  [o.n.k.i.DiagnosticsManager] dbms.security.tls_key_file=C:\561\10000\10000D2\.\dbms\ssl\snakeoil.key
2015-12-11 21:45:55.387+0000 INFO  [o.n.k.i.DiagnosticsManager] Diagnostics providers:
2015-12-11 21:45:55.387+0000 INFO  [o.n.k.i.DiagnosticsManager] org.neo4j.kernel.configuration.Config
2015-12-11 21:45:55.387+0000 INFO  [o.n.k.i.DiagnosticsManager] org.neo4j.kernel.info.DiagnosticsManager
2015-12-11 21:45:55.387+0000 INFO  [o.n.k.i.DiagnosticsManager] SYSTEM_MEMORY
2015-12-11 21:45:55.387+0000 INFO  [o.n.k.i.DiagnosticsManager] JAVA_MEMORY
2015-12-11 21:45:55.387+0000 INFO  [o.n.k.i.DiagnosticsManager] OPERATING_SYSTEM
2015-12-11 21:45:55.387+0000 INFO  [o.n.k.i.DiagnosticsManager] JAVA_VIRTUAL_MACHINE
2015-12-11 21:45:55.387+0000 INFO  [o.n.k.i.DiagnosticsManager] CLASSPATH
2015-12-11 21:45:55.387+0000 INFO  [o.n.k.i.DiagnosticsManager] LIBRARY_PATH
2015-12-11 21:45:55.387+0000 INFO  [o.n.k.i.DiagnosticsManager] SYSTEM_PROPERTIES
2015-12-11 21:45:55.387+0000 INFO  [o.n.k.i.DiagnosticsManager] NETWORK
2015-12-11 21:45:55.387+0000 INFO  [o.n.k.i.DiagnosticsManager] System memory information:
2015-12-11 21:45:55.387+0000 INFO  [o.n.k.i.DiagnosticsManager] Total Physical memory: 3.93 GB
2015-12-11 21:45:55.387+0000 INFO  [o.n.k.i.DiagnosticsManager] Free Physical memory: 1.91 GB
2015-12-11 21:45:55.387+0000 INFO  [o.n.k.i.DiagnosticsManager] Committed virtual memory: 380.13 MB
2015-12-11 21:45:55.387+0000 INFO  [o.n.k.i.DiagnosticsManager] Total swap space: 5.66 GB
2015-12-11 21:45:55.387+0000 INFO  [o.n.k.i.DiagnosticsManager] Free swap space: 2.78 GB
2015-12-11 21:45:55.387+0000 INFO  [o.n.k.i.DiagnosticsManager] JVM memory information:
2015-12-11 21:45:55.387+0000 INFO  [o.n.k.i.DiagnosticsManager] Free  memory: 55.21 MB
2015-12-11 21:45:55.387+0000 INFO  [o.n.k.i.DiagnosticsManager] Total memory: 101.50 MB
2015-12-11 21:45:55.387+0000 INFO  [o.n.k.i.DiagnosticsManager] Max   memory: 894.50 MB
2015-12-11 21:45:55.387+0000 INFO  [o.n.k.i.DiagnosticsManager] Garbage Collector: PS Scavenge: [PS Eden Space, PS Survivor Space]
2015-12-11 21:45:55.387+0000 INFO  [o.n.k.i.DiagnosticsManager] Garbage Collector: PS MarkSweep: [PS Eden Space, PS Survivor Space, PS Old Gen, PS Perm Gen]
2015-12-11 21:45:55.387+0000 INFO  [o.n.k.i.DiagnosticsManager] Memory Pool: Code Cache (Non-heap memory): committed=11.44 MB, used=11.18 MB, max=48.00 MB, threshold=0.00 B
2015-12-11 21:45:55.387+0000 INFO  [o.n.k.i.DiagnosticsManager] Memory Pool: PS Eden Space (Heap memory): committed=31.50 MB, used=2.09 MB, max=333.50 MB, threshold=?
2015-12-11 21:45:55.387+0000 INFO  [o.n.k.i.DiagnosticsManager] Memory Pool: PS Survivor Space (Heap memory): committed=1.00 MB, used=0.00 B, max=1.00 MB, threshold=?
2015-12-11 21:45:55.387+0000 INFO  [o.n.k.i.DiagnosticsManager] Memory Pool: PS Old Gen (Heap memory): committed=69.00 MB, used=44.20 MB, max=670.50 MB, threshold=0.00 B
2015-12-11 21:45:55.388+0000 INFO  [o.n.k.i.DiagnosticsManager] Memory Pool: PS Perm Gen (Non-heap memory): committed=65.50 MB, used=64.94 MB, max=82.00 MB, threshold=0.00 B
2015-12-11 21:45:55.388+0000 INFO  [o.n.k.i.DiagnosticsManager] Operating system information:
2015-12-11 21:45:55.388+0000 INFO  [o.n.k.i.DiagnosticsManager] Operating System: Windows 8.1; version: 6.3; arch: amd64; cpus: 8
2015-12-11 21:45:55.388+0000 INFO  [o.n.k.i.DiagnosticsManager] Process id: 5816@ATAN-B03-02
2015-12-11 21:45:55.388+0000 INFO  [o.n.k.i.DiagnosticsManager] Byte order: LITTLE_ENDIAN
2015-12-11 21:45:55.388+0000 INFO  [o.n.k.i.DiagnosticsManager] Local timezone: America/Chicago
2015-12-11 21:45:55.388+0000 INFO  [o.n.k.i.DiagnosticsManager] JVM information:
2015-12-11 21:45:55.388+0000 INFO  [o.n.k.i.DiagnosticsManager] VM Name: Java HotSpot(TM) 64-Bit Server VM
2015-12-11 21:45:55.388+0000 INFO  [o.n.k.i.DiagnosticsManager] VM Vendor: Oracle Corporation
2015-12-11 21:45:55.388+0000 INFO  [o.n.k.i.DiagnosticsManager] VM Version: 24.80-b11
2015-12-11 21:45:55.388+0000 INFO  [o.n.k.i.DiagnosticsManager] JIT compiler: HotSpot 64-Bit Tiered Compilers
2015-12-11 21:45:55.388+0000 INFO  [o.n.k.i.DiagnosticsManager] VM Arguments: [-Dexe4j.semaphoreName=Local\c:_program_files_neo4j_ce_2.3.1_bin_neo4j-ce.exe, -Dexe4j.isInstall4j=true, -Dexe4j.moduleName=C:\Program Files\Neo4j CE 2.3.1\bin\neo4j-ce.exe, -Dexe4j.tempDir=, -Dexe4j.unextractedPosition=0, -Djava.library.path=C:\Program Files (x86)\AMD APP\bin\x86_64;C:\Program Files (x86)\AMD APP\bin\x86;C:\ProgramData\Oracle\Java\javapath;C:\Windows\system32;C:\Windows;C:\Windows\System32\Wbem;C:\Windows\System32\WindowsPowerShell\v1.0\;C:\Program Files (x86)\MiKTeX 2.9\miktex\bin\;C:\Program Files\TortoiseSVN\bin;C:\Windows\system32\config\systemprofile\.dnx\bin;C:\Program Files\Microsoft DNX\Dnvm\;C:\Program Files\MATLAB\R2015b\runtime\win64;C:\Program Files\MATLAB\R2015b\bin;C:\Program Files (x86)\ATI Technologies\ATI.ACE\Core-Static;c:\program files\neo4j ce 2.3.1\jre\bin, -Dexe4j.consoleCodepage=cp0, -Dinstall4j.launcherId=24, -Dinstall4j.swt=false]
2015-12-11 21:45:55.388+0000 INFO  [o.n.k.i.DiagnosticsManager] Java classpath:
2015-12-11 21:45:55.390+0000 INFO  [o.n.k.i.DiagnosticsManager]  [loader.1] file:/C:/Program%20Files/Neo4j%20CE%202.3.1/jre/lib/ext/dnsns.jar
2015-12-11 21:45:55.390+0000 INFO  [o.n.k.i.DiagnosticsManager]  [loader.0] file:/C:/Program%20Files/Neo4j%20CE%202.3.1/bin/
2015-12-11 21:45:55.390+0000 INFO  [o.n.k.i.DiagnosticsManager]  [bootstrap] C:\Program Files\Neo4j CE 2.3.1\jre\lib\resources.jar
2015-12-11 21:45:55.390+0000 INFO  [o.n.k.i.DiagnosticsManager]  [bootstrap] C:\Program Files\Neo4j CE 2.3.1\jre\lib\jfr.jar
2015-12-11 21:45:55.390+0000 INFO  [o.n.k.i.DiagnosticsManager]  [classpath] C:\Program Files\Neo4j CE 2.3.1\.install4j\i4jruntime.jar
2015-12-11 21:45:55.390+0000 INFO  [o.n.k.i.DiagnosticsManager]  [loader.1] file:/C:/Program%20Files/Neo4j%20CE%202.3.1/jre/lib/ext/sunmscapi.jar
2015-12-11 21:45:55.390+0000 INFO  [o.n.k.i.DiagnosticsManager]  [bootstrap] C:\Program Files\Neo4j CE 2.3.1\jre\lib\jsse.jar
2015-12-11 21:45:55.390+0000 INFO  [o.n.k.i.DiagnosticsManager]  [loader.1] file:/C:/Program%20Files/Neo4j%20CE%202.3.1/jre/lib/ext/dns_sd.jar
2015-12-11 21:45:55.390+0000 INFO  [o.n.k.i.DiagnosticsManager]  [loader.0] file:/C:/Program%20Files/Neo4j%20CE%202.3.1/.install4j/i4jruntime.jar
2015-12-11 21:45:55.390+0000 INFO  [o.n.k.i.DiagnosticsManager]  [loader.0] file:/C:/Program%20Files/Neo4j%20CE%202.3.1/bin/neo4j-desktop-2.3.1.jar
2015-12-11 21:45:55.390+0000 INFO  [o.n.k.i.DiagnosticsManager]  [loader.1] file:/C:/Program%20Files/Neo4j%20CE%202.3.1/jre/lib/ext/access-bridge-64.jar
2015-12-11 21:45:55.390+0000 INFO  [o.n.k.i.DiagnosticsManager]  [loader.1] file:/C:/Program%20Files/Neo4j%20CE%202.3.1/jre/lib/ext/localedata.jar
2015-12-11 21:45:55.390+0000 INFO  [o.n.k.i.DiagnosticsManager]  [bootstrap] C:\Program Files\Neo4j CE 2.3.1\jre\lib\sunrsasign.jar
2015-12-11 21:45:55.390+0000 INFO  [o.n.k.i.DiagnosticsManager]  [bootstrap] C:\Program Files\Neo4j CE 2.3.1\jre\lib\jce.jar
2015-12-11 21:45:55.390+0000 INFO  [o.n.k.i.DiagnosticsManager]  [bootstrap] C:\Program Files\Neo4j CE 2.3.1\jre\lib\rt.jar
2015-12-11 21:45:55.390+0000 INFO  [o.n.k.i.DiagnosticsManager]  [bootstrap] C:\Program Files\Neo4j CE 2.3.1\jre\lib\charsets.jar
2015-12-11 21:45:55.390+0000 INFO  [o.n.k.i.DiagnosticsManager]  [loader.1] file:/C:/Program%20Files/Neo4j%20CE%202.3.1/jre/lib/ext/sunjce_provider.jar
2015-12-11 21:45:55.390+0000 INFO  [o.n.k.i.DiagnosticsManager]  [bootstrap] C:\Program Files\Neo4j CE 2.3.1\jre\classes
2015-12-11 21:45:55.390+0000 INFO  [o.n.k.i.DiagnosticsManager]  [loader.1] file:/C:/Program%20Files/Neo4j%20CE%202.3.1/jre/lib/ext/zipfs.jar
2015-12-11 21:45:55.390+0000 INFO  [o.n.k.i.DiagnosticsManager]  [loader.1] file:/C:/Program%20Files/Neo4j%20CE%202.3.1/jre/lib/ext/jaccess.jar
2015-12-11 21:45:55.390+0000 INFO  [o.n.k.i.DiagnosticsManager]  [loader.1] file:/C:/Program%20Files/Neo4j%20CE%202.3.1/jre/lib/ext/sunec.jar
2015-12-11 21:45:55.390+0000 INFO  [o.n.k.i.DiagnosticsManager]  [classpath] C:\Program Files\Neo4j CE 2.3.1\bin\neo4j-desktop-2.3.1.jar
2015-12-11 21:45:55.390+0000 INFO  [o.n.k.i.DiagnosticsManager] Library path:
2015-12-11 21:45:55.391+0000 INFO  [o.n.k.i.DiagnosticsManager] C:\Program Files (x86)\AMD APP\bin\x86_64
2015-12-11 21:45:55.391+0000 INFO  [o.n.k.i.DiagnosticsManager] C:\Program Files (x86)\AMD APP\bin\x86
2015-12-11 21:45:55.391+0000 INFO  [o.n.k.i.DiagnosticsManager] C:\ProgramData\Oracle\Java\javapath
2015-12-11 21:45:55.391+0000 INFO  [o.n.k.i.DiagnosticsManager] C:\Windows\System32
2015-12-11 21:45:55.391+0000 INFO  [o.n.k.i.DiagnosticsManager] C:\Windows
2015-12-11 21:45:55.391+0000 INFO  [o.n.k.i.DiagnosticsManager] C:\Windows\System32\wbem
2015-12-11 21:45:55.392+0000 INFO  [o.n.k.i.DiagnosticsManager] C:\Windows\System32\WindowsPowerShell\v1.0
2015-12-11 21:45:55.392+0000 INFO  [o.n.k.i.DiagnosticsManager] C:\Program Files (x86)\MiKTeX 2.9\miktex\bin
2015-12-11 21:45:55.392+0000 INFO  [o.n.k.i.DiagnosticsManager] C:\Program Files\TortoiseSVN\bin
2015-12-11 21:45:55.392+0000 INFO  [o.n.k.i.DiagnosticsManager] C:\Windows\System32\config\systemprofile\.dnx\bin
2015-12-11 21:45:55.392+0000 INFO  [o.n.k.i.DiagnosticsManager] C:\Program Files\Microsoft DNX\Dnvm
2015-12-11 21:45:55.392+0000 INFO  [o.n.k.i.DiagnosticsManager] C:\Program Files\MATLAB\R2015b\runtime\win64
2015-12-11 21:45:55.393+0000 INFO  [o.n.k.i.DiagnosticsManager] C:\Program Files\MATLAB\R2015b\bin
2015-12-11 21:45:55.393+0000 INFO  [o.n.k.i.DiagnosticsManager] C:\Program Files (x86)\ATI Technologies\ATI.ACE\Core-Static
2015-12-11 21:45:55.393+0000 INFO  [o.n.k.i.DiagnosticsManager] C:\Program Files\Neo4j CE 2.3.1\jre\bin
2015-12-11 21:45:55.393+0000 INFO  [o.n.k.i.DiagnosticsManager] System.properties:
2015-12-11 21:45:55.393+0000 INFO  [o.n.k.i.DiagnosticsManager] exe4j.moduleName = C:\Program Files\Neo4j CE 2.3.1\bin\neo4j-ce.exe
2015-12-11 21:45:55.393+0000 INFO  [o.n.k.i.DiagnosticsManager] exe4j.semaphoreName = Local\c:_program_files_neo4j_ce_2.3.1_bin_neo4j-ce.exe
2015-12-11 21:45:55.393+0000 INFO  [o.n.k.i.DiagnosticsManager] sun.boot.library.path = c:\program files\neo4j ce 2.3.1\jre\bin
2015-12-11 21:45:55.393+0000 INFO  [o.n.k.i.DiagnosticsManager] exe4j.consoleCodepage = cp0
2015-12-11 21:45:55.393+0000 INFO  [o.n.k.i.DiagnosticsManager] path.separator = ;
2015-12-11 21:45:55.393+0000 INFO  [o.n.k.i.DiagnosticsManager] file.encoding.pkg = sun.io
2015-12-11 21:45:55.393+0000 INFO  [o.n.k.i.DiagnosticsManager] user.country = US
2015-12-11 21:45:55.393+0000 INFO  [o.n.k.i.DiagnosticsManager] user.script = 
2015-12-11 21:45:55.393+0000 INFO  [o.n.k.i.DiagnosticsManager] sun.os.patch.level = 
2015-12-11 21:45:55.393+0000 INFO  [o.n.k.i.DiagnosticsManager] install4j.exeDir = C:\Program Files\Neo4j CE 2.3.1\bin\
2015-12-11 21:45:55.393+0000 INFO  [o.n.k.i.DiagnosticsManager] user.dir = C:\Program Files\Neo4j CE 2.3.1\bin
2015-12-11 21:45:55.393+0000 INFO  [o.n.k.i.DiagnosticsManager] neo4j.ext.udc.source = desktop
2015-12-11 21:45:55.393+0000 INFO  [o.n.k.i.DiagnosticsManager] user.variant = 
2015-12-11 21:45:55.393+0000 INFO  [o.n.k.i.DiagnosticsManager] exe4j.tempDir = 
2015-12-11 21:45:55.393+0000 INFO  [o.n.k.i.DiagnosticsManager] sun.jnu.encoding = Cp1252
2015-12-11 21:45:55.393+0000 INFO  [o.n.k.i.DiagnosticsManager] sun.awt.enableExtraMouseButtons = true
2015-12-11 21:45:55.393+0000 INFO  [o.n.k.i.DiagnosticsManager] install4j.launcherId = 24
2015-12-11 21:45:55.393+0000 INFO  [o.n.k.i.DiagnosticsManager] sun.management.compiler = HotSpot 64-Bit Tiered Compilers
2015-12-11 21:45:55.393+0000 INFO  [o.n.k.i.DiagnosticsManager] exe4j.isInstall4j = true
2015-12-11 21:45:55.393+0000 INFO  [o.n.k.i.DiagnosticsManager] install4j.swt = false
2015-12-11 21:45:55.393+0000 INFO  [o.n.k.i.DiagnosticsManager] user.home = C:\Users\cez
2015-12-11 21:45:55.393+0000 INFO  [o.n.k.i.DiagnosticsManager] user.timezone = America/Chicago
2015-12-11 21:45:55.393+0000 INFO  [o.n.k.i.DiagnosticsManager] file.encoding = Cp1252
2015-12-11 21:45:55.393+0000 INFO  [o.n.k.i.DiagnosticsManager] user.name = cez
2015-12-11 21:45:55.393+0000 INFO  [o.n.k.i.DiagnosticsManager] sun.java.command = C:\Program Files\Neo4j CE 2.3.1\bin\neo4j-ce.exe
2015-12-11 21:45:55.393+0000 INFO  [o.n.k.i.DiagnosticsManager] sun.arch.data.model = 64
2015-12-11 21:45:55.393+0000 INFO  [o.n.k.i.DiagnosticsManager] exe4j.launchName = C:\Program Files\Neo4j CE 2.3.1\bin\neo4j-ce.exe
2015-12-11 21:45:55.393+0000 INFO  [o.n.k.i.DiagnosticsManager] user.language = en
2015-12-11 21:45:55.393+0000 INFO  [o.n.k.i.DiagnosticsManager] awt.toolkit = sun.awt.windows.WToolkit
2015-12-11 21:45:55.393+0000 INFO  [o.n.k.i.DiagnosticsManager] exe4j.unextractedPosition = 0
2015-12-11 21:45:55.393+0000 INFO  [o.n.k.i.DiagnosticsManager] install4j.appDir = C:\Program Files\Neo4j CE 2.3.1\
2015-12-11 21:45:55.393+0000 INFO  [o.n.k.i.DiagnosticsManager] file.separator = \
2015-12-11 21:45:55.393+0000 INFO  [o.n.k.i.DiagnosticsManager] sun.io.unicode.encoding = UnicodeLittle
2015-12-11 21:45:55.393+0000 INFO  [o.n.k.i.DiagnosticsManager] sun.cpu.endian = little
2015-12-11 21:45:55.393+0000 INFO  [o.n.k.i.DiagnosticsManager] sun.desktop = windows
2015-12-11 21:45:55.393+0000 INFO  [o.n.k.i.DiagnosticsManager] sun.cpu.isalist = amd64
2015-12-11 21:45:55.393+0000 INFO  [o.n.k.i.DiagnosticsManager] Network information:
2015-12-11 21:45:55.407+0000 INFO  [o.n.k.i.DiagnosticsManager] Interface Software Loopback Interface 1:
2015-12-11 21:45:55.407+0000 INFO  [o.n.k.i.DiagnosticsManager]     address: 127.0.0.1
2015-12-11 21:45:55.407+0000 INFO  [o.n.k.i.DiagnosticsManager]     address: 0:0:0:0:0:0:0:1
2015-12-11 21:45:55.407+0000 INFO  [o.n.k.i.DiagnosticsManager] Interface Microsoft Kernel Debug Network Adapter:
2015-12-11 21:45:55.407+0000 INFO  [o.n.k.i.DiagnosticsManager] Interface Intel(R) 82578DM Gigabit Network Connection:
2015-12-11 21:45:55.407+0000 INFO  [o.n.k.i.DiagnosticsManager]     address: 10.24.47.166
2015-12-11 21:45:55.407+0000 INFO  [o.n.k.i.DiagnosticsManager]     address: 2610:130:101:d00:4493:c16:efa9:8b55
2015-12-11 21:45:55.407+0000 INFO  [o.n.k.i.DiagnosticsManager]     address: 2610:130:101:d00:920:e15d:79eb:345b
2015-12-11 21:45:55.407+0000 INFO  [o.n.k.i.DiagnosticsManager]     address: 2610:130:101:d00:a502:b02c:1a2d:577b
2015-12-11 21:45:55.407+0000 INFO  [o.n.k.i.DiagnosticsManager]     address: 2610:130:101:d00:dde0:9cf:9f51:157b
2015-12-11 21:45:55.407+0000 INFO  [o.n.k.i.DiagnosticsManager]     address: fe80:0:0:0:4493:c16:efa9:8b55%3
2015-12-11 21:45:55.407+0000 INFO  [o.n.k.i.DiagnosticsManager] Interface Microsoft ISATAP Adapter:
2015-12-11 21:45:55.407+0000 INFO  [o.n.k.i.DiagnosticsManager]     address: fe80:0:0:0:0:5efe:c0a8:3801%4
2015-12-11 21:45:55.407+0000 INFO  [o.n.k.i.DiagnosticsManager] Interface Teredo Tunneling Pseudo-Interface:
2015-12-11 21:45:55.407+0000 INFO  [o.n.k.i.DiagnosticsManager] Interface Microsoft ISATAP Adapter #2:
2015-12-11 21:45:55.407+0000 INFO  [o.n.k.i.DiagnosticsManager]     address: fe80:0:0:0:0:5efe:a18:2fa6%6
2015-12-11 21:45:55.407+0000 INFO  [o.n.k.i.DiagnosticsManager] Interface VirtualBox Host-Only Ethernet Adapter:
2015-12-11 21:45:55.407+0000 INFO  [o.n.k.i.DiagnosticsManager]     address: 192.168.56.1
2015-12-11 21:45:55.407+0000 INFO  [o.n.k.i.DiagnosticsManager]     address: fe80:0:0:0:4133:2d33:29c2:6efa%7
2015-12-11 21:45:55.407+0000 INFO  [o.n.k.i.DiagnosticsManager] Interface Microsoft ISATAP Adapter #3:
2015-12-11 21:45:55.407+0000 INFO  [o.n.k.i.DiagnosticsManager] Interface VirtualBox Host-Only Ethernet Adapter-WFP Native MAC Layer LightWeight Filter-0000:
2015-12-11 21:45:55.407+0000 INFO  [o.n.k.i.DiagnosticsManager] Interface VirtualBox Host-Only Ethernet Adapter-VirtualBox NDIS Light-Weight Filter-0000:
2015-12-11 21:45:55.407+0000 INFO  [o.n.k.i.DiagnosticsManager] Interface VirtualBox Host-Only Ethernet Adapter-QoS Packet Scheduler-0000:
2015-12-11 21:45:55.407+0000 INFO  [o.n.k.i.DiagnosticsManager] Interface VirtualBox Host-Only Ethernet Adapter-WFP 802.3 MAC Layer LightWeight Filter-0000:
2015-12-11 21:45:55.407+0000 INFO  [o.n.k.i.DiagnosticsManager] Interface Intel(R) 82578DM Gigabit Network Connection-WFP Native MAC Layer LightWeight Filter-0000:
2015-12-11 21:45:55.407+0000 INFO  [o.n.k.i.DiagnosticsManager] Interface Intel(R) 82578DM Gigabit Network Connection-VirtualBox NDIS Light-Weight Filter-0000:
2015-12-11 21:45:55.407+0000 INFO  [o.n.k.i.DiagnosticsManager] Interface Intel(R) 82578DM Gigabit Network Connection-QoS Packet Scheduler-0000:
2015-12-11 21:45:55.407+0000 INFO  [o.n.k.i.DiagnosticsManager] Interface Intel(R) 82578DM Gigabit Network Connection-WFP 802.3 MAC Layer LightWeight Filter-0000:
2015-12-11 21:45:55.407+0000 INFO  [o.n.k.i.DiagnosticsManager] --- INITIALIZED diagnostics END ---
2015-12-11 21:45:56.252+0000 INFO  [o.n.k.KernelHealth] Kernel health set to OK
2015-12-11 21:45:56.261+0000 INFO  [o.n.k.AvailabilityGuard] Fulfilling of requirement makes database available: Database available
2015-12-11 21:45:56.263+0000 INFO  [o.n.k.i.f.CommunityFacadeFactory] Database is now ready
2015-12-11 21:45:56.265+0000 INFO  [o.n.k.i.DiagnosticsManager] --- STARTED diagnostics for KernelDiagnostics:Versions START ---
2015-12-11 21:45:56.267+0000 INFO  [o.n.k.i.DiagnosticsManager] Graph Database: Community StoreId{creationTime=1449850688491, randomId=-6623708325613287481, storeVersion=15250506225055238, upgradeTime=1449850688491, upgradeId=1}
2015-12-11 21:45:56.270+0000 INFO  [o.n.k.i.DiagnosticsManager] Kernel version: 2.3.1
2015-12-11 21:45:56.272+0000 INFO  [o.n.k.i.DiagnosticsManager] --- STARTED diagnostics for KernelDiagnostics:Versions END ---
2015-12-11 21:45:56.274+0000 INFO  [o.n.k.i.DiagnosticsManager] --- STARTED diagnostics for NEO_STORE_VERSIONS START ---
2015-12-11 21:45:56.277+0000 INFO  [o.n.k.i.DiagnosticsManager] Store versions:
2015-12-11 21:45:56.279+0000 INFO  [o.n.k.i.DiagnosticsManager] Store versions:
2015-12-11 21:45:56.281+0000 INFO  [o.n.k.i.DiagnosticsManager] ArrayPropertyStore v0.A.6
2015-12-11 21:45:56.283+0000 INFO  [o.n.k.i.DiagnosticsManager] NodeStore v0.A.6
2015-12-11 21:45:56.286+0000 INFO  [o.n.k.i.DiagnosticsManager] StringPropertyStore v0.A.6
2015-12-11 21:45:56.288+0000 INFO  [o.n.k.i.DiagnosticsManager] PropertyIndexStore v0.A.6
2015-12-11 21:45:56.290+0000 INFO  [o.n.k.i.DiagnosticsManager] StringPropertyStore v0.A.6
2015-12-11 21:45:56.292+0000 INFO  [o.n.k.i.DiagnosticsManager] ArrayPropertyStore v0.A.6
2015-12-11 21:45:56.295+0000 INFO  [o.n.k.i.DiagnosticsManager] PropertyStore v0.A.6
2015-12-11 21:45:56.297+0000 INFO  [o.n.k.i.DiagnosticsManager] RelationshipStore v0.A.6
2015-12-11 21:45:56.299+0000 INFO  [o.n.k.i.DiagnosticsManager] StringPropertyStore v0.A.6
2015-12-11 21:45:56.301+0000 INFO  [o.n.k.i.DiagnosticsManager] RelationshipTypeStore v0.A.6
2015-12-11 21:45:56.304+0000 INFO  [o.n.k.i.DiagnosticsManager] StringPropertyStore v0.A.6
2015-12-11 21:45:56.306+0000 INFO  [o.n.k.i.DiagnosticsManager] LabelTokenStore v0.A.6
2015-12-11 21:45:56.308+0000 INFO  [o.n.k.i.DiagnosticsManager] SchemaStore v0.A.6
2015-12-11 21:45:56.310+0000 INFO  [o.n.k.i.DiagnosticsManager] RelationshipGroupStore v0.A.6
2015-12-11 21:45:56.313+0000 INFO  [o.n.k.i.DiagnosticsManager] NeoStore v0.A.6
2015-12-11 21:45:56.315+0000 INFO  [o.n.k.i.DiagnosticsManager] --- STARTED diagnostics for NEO_STORE_VERSIONS END ---
2015-12-11 21:45:56.317+0000 INFO  [o.n.k.i.DiagnosticsManager] --- STARTED diagnostics for NEO_STORE_ID_USAGE START ---
2015-12-11 21:45:56.319+0000 INFO  [o.n.k.i.DiagnosticsManager] Id usage:
2015-12-11 21:45:56.322+0000 INFO  [o.n.k.i.DiagnosticsManager] Id usage:
2015-12-11 21:45:56.324+0000 INFO  [o.n.k.i.DiagnosticsManager]   ArrayPropertyStore v0.A.6: used=1 high=0
2015-12-11 21:45:56.326+0000 INFO  [o.n.k.i.DiagnosticsManager]   NodeStore v0.A.6: used=10100 high=10099
2015-12-11 21:45:56.328+0000 INFO  [o.n.k.i.DiagnosticsManager]   StringPropertyStore v0.A.6: used=5 high=4
2015-12-11 21:45:56.330+0000 INFO  [o.n.k.i.DiagnosticsManager]   PropertyIndexStore v0.A.6: used=4 high=3
2015-12-11 21:45:56.333+0000 INFO  [o.n.k.i.DiagnosticsManager]   StringPropertyStore v0.A.6: used=1 high=0
2015-12-11 21:45:56.335+0000 INFO  [o.n.k.i.DiagnosticsManager]   ArrayPropertyStore v0.A.6: used=1 high=0
2015-12-11 21:45:56.337+0000 INFO  [o.n.k.i.DiagnosticsManager]   PropertyStore v0.A.6: used=15022 high=15021
2015-12-11 21:45:56.339+0000 INFO  [o.n.k.i.DiagnosticsManager]   RelationshipStore v0.A.6: used=10000 high=9999
2015-12-11 21:45:56.341+0000 INFO  [o.n.k.i.DiagnosticsManager]   StringPropertyStore v0.A.6: used=2 high=1
2015-12-11 21:45:56.344+0000 INFO  [o.n.k.i.DiagnosticsManager]   RelationshipTypeStore v0.A.6: used=1 high=0
2015-12-11 21:45:56.346+0000 INFO  [o.n.k.i.DiagnosticsManager]   StringPropertyStore v0.A.6: used=3 high=2
2015-12-11 21:45:56.348+0000 INFO  [o.n.k.i.DiagnosticsManager]   LabelTokenStore v0.A.6: used=2 high=1
2015-12-11 21:45:56.350+0000 INFO  [o.n.k.i.DiagnosticsManager]   SchemaStore v0.A.6: used=1 high=0
2015-12-11 21:45:56.352+0000 INFO  [o.n.k.i.DiagnosticsManager]   RelationshipGroupStore v0.A.6: used=100 high=99
2015-12-11 21:45:56.355+0000 INFO  [o.n.k.i.DiagnosticsManager]   NeoStore v0.A.6: used=13 high=12
2015-12-11 21:45:56.357+0000 INFO  [o.n.k.i.DiagnosticsManager] --- STARTED diagnostics for NEO_STORE_ID_USAGE END ---
2015-12-11 21:45:56.359+0000 INFO  [o.n.k.i.DiagnosticsManager] --- STARTED diagnostics for NEO_STORE_RECORDS START ---
2015-12-11 21:45:56.361+0000 INFO  [o.n.k.i.DiagnosticsManager] Neostore records:
2015-12-11 21:45:56.364+0000 INFO  [o.n.k.i.DiagnosticsManager] TIME (Creation time): 1449850688491
2015-12-11 21:45:56.366+0000 INFO  [o.n.k.i.DiagnosticsManager] RANDOM_NUMBER (Random number for store id): -6623708325613287481
2015-12-11 21:45:56.368+0000 INFO  [o.n.k.i.DiagnosticsManager] LOG_VERSION (Current log version): 0
2015-12-11 21:45:56.370+0000 INFO  [o.n.k.i.DiagnosticsManager] LAST_TRANSACTION_ID (Last committed transaction): 20108
2015-12-11 21:45:56.373+0000 INFO  [o.n.k.i.DiagnosticsManager] STORE_VERSION (Store format version): 15250506225055238
2015-12-11 21:45:56.375+0000 INFO  [o.n.k.i.DiagnosticsManager] FIRST_GRAPH_PROPERTY (First property record containing graph properties): -1
2015-12-11 21:45:56.377+0000 INFO  [o.n.k.i.DiagnosticsManager] LAST_CONSTRAINT_TRANSACTION (Last committed transaction containing constraint changes): 0
2015-12-11 21:45:56.379+0000 INFO  [o.n.k.i.DiagnosticsManager] UPGRADE_TRANSACTION_ID (Transaction id most recent upgrade was performed at): 1
2015-12-11 21:45:56.381+0000 INFO  [o.n.k.i.DiagnosticsManager] UPGRADE_TIME (Time of last upgrade): 1449850688491
2015-12-11 21:45:56.384+0000 INFO  [o.n.k.i.DiagnosticsManager] LAST_TRANSACTION_CHECKSUM (Checksum of last committed transaction): -162213137883
2015-12-11 21:45:56.386+0000 INFO  [o.n.k.i.DiagnosticsManager] UPGRADE_TRANSACTION_CHECKSUM (Checksum of transaction id the most recent upgrade was performed at): 0
2015-12-11 21:45:56.388+0000 INFO  [o.n.k.i.DiagnosticsManager] LAST_CLOSED_TRANSACTION_LOG_VERSION (Log version where the last transaction commit entry has been written into): 0
2015-12-11 21:45:56.390+0000 INFO  [o.n.k.i.DiagnosticsManager] LAST_CLOSED_TRANSACTION_LOG_BYTE_OFFSET (Byte offset in the log file where the last transaction commit entry has been written into): 8350830
2015-12-11 21:45:56.393+0000 INFO  [o.n.k.i.DiagnosticsManager] --- STARTED diagnostics for NEO_STORE_RECORDS END ---
2015-12-11 21:45:56.395+0000 INFO  [o.n.k.i.DiagnosticsManager] --- STARTED diagnostics for TRANSACTION_RANGE START ---
2015-12-11 21:45:56.397+0000 INFO  [o.n.k.i.DiagnosticsManager] Transaction log:
2015-12-11 21:45:56.400+0000 INFO  [o.n.k.i.DiagnosticsManager] Oldest transaction 2 found in log with version 0
2015-12-11 21:45:56.403+0000 INFO  [o.n.k.i.DiagnosticsManager] --- STARTED diagnostics for TRANSACTION_RANGE END ---
2015-12-11 21:45:56.405+0000 INFO  [o.n.k.i.DiagnosticsManager] --- STARTED diagnostics for KernelDiagnostics:StoreFiles START ---
2015-12-11 21:45:56.408+0000 INFO  [o.n.k.i.DiagnosticsManager] Disk space on partition (Total / Free / Free %): 499738734592 / 397956227072 / 79
Storage files: (filename : modification date - size)
2015-12-11 21:45:56.411+0000 INFO  [o.n.k.i.DiagnosticsManager]   dbms:
2015-12-11 21:45:56.414+0000 INFO  [o.n.k.i.DiagnosticsManager]     auth: 2015-12-11T10:18:09-0600 - 137.00 B
2015-12-11 21:45:56.416+0000 INFO  [o.n.k.i.DiagnosticsManager]     ssl:
2015-12-11 21:45:56.418+0000 INFO  [o.n.k.i.DiagnosticsManager]       snakeoil.cert: 2015-12-11T10:18:05-0600 - 630.00 B
2015-12-11 21:45:56.421+0000 INFO  [o.n.k.i.DiagnosticsManager]       snakeoil.key: 2015-12-11T10:18:05-0600 - 914.00 B
2015-12-11 21:45:56.423+0000 INFO  [o.n.k.i.DiagnosticsManager]     - Total: 2015-12-11T10:18:05-0600 - 1.51 kB
2015-12-11 21:45:56.425+0000 INFO  [o.n.k.i.DiagnosticsManager]   - Total: 2015-12-11T10:18:09-0600 - 1.64 kB
2015-12-11 21:45:56.428+0000 INFO  [o.n.k.i.DiagnosticsManager]   index:
2015-12-11 21:45:56.430+0000 INFO  [o.n.k.i.DiagnosticsManager]   - Total: 2015-12-11T10:18:08-0600 - 0.00 B
2015-12-11 21:45:56.432+0000 INFO  [o.n.k.i.DiagnosticsManager]   messages.log: 2015-12-11T15:45:56-0600 - 66.38 kB
2015-12-11 21:45:56.435+0000 INFO  [o.n.k.i.DiagnosticsManager]   neo4j.properties: 2015-12-11T10:18:05-0600 - 1.30 kB
2015-12-11 21:45:56.437+0000 INFO  [o.n.k.i.DiagnosticsManager]   neostore: 2015-12-11T10:38:13-0600 - 8.00 kB
2015-12-11 21:45:56.440+0000 INFO  [o.n.k.i.DiagnosticsManager]   neostore.counts.db.a: 2015-12-11T10:38:13-0600 - 384.00 B
2015-12-11 21:45:56.442+0000 INFO  [o.n.k.i.DiagnosticsManager]   neostore.counts.db.b: 2015-12-11T10:33:11-0600 - 384.00 B
2015-12-11 21:45:56.445+0000 INFO  [o.n.k.i.DiagnosticsManager]   neostore.id: 2015-12-11T15:45:56-0600 - 9.00 B
2015-12-11 21:45:56.447+0000 INFO  [o.n.k.i.DiagnosticsManager]   neostore.labeltokenstore.db: 2015-12-11T10:23:09-0600 - 8.00 kB
2015-12-11 21:45:56.450+0000 INFO  [o.n.k.i.DiagnosticsManager]   neostore.labeltokenstore.db.id: 2015-12-11T15:45:55-0600 - 9.00 B
2015-12-11 21:45:56.452+0000 INFO  [o.n.k.i.DiagnosticsManager]   neostore.labeltokenstore.db.names: 2015-12-11T10:23:09-0600 - 8.00 kB
2015-12-11 21:45:56.455+0000 INFO  [o.n.k.i.DiagnosticsManager]   neostore.labeltokenstore.db.names.id: 2015-12-11T15:45:55-0600 - 9.00 B
2015-12-11 21:45:56.458+0000 INFO  [o.n.k.i.DiagnosticsManager]   neostore.nodestore.db: 2015-12-11T10:44:22-0600 - 151.96 kB
2015-12-11 21:45:56.460+0000 INFO  [o.n.k.i.DiagnosticsManager]   neostore.nodestore.db.id: 2015-12-11T15:45:55-0600 - 9.00 B
2015-12-11 21:45:56.463+0000 INFO  [o.n.k.i.DiagnosticsManager]   neostore.nodestore.db.labels: 2015-12-11T10:18:06-0600 - 8.00 kB
2015-12-11 21:45:56.466+0000 INFO  [o.n.k.i.DiagnosticsManager]   neostore.nodestore.db.labels.id: 2015-12-11T15:45:55-0600 - 9.00 B
2015-12-11 21:45:56.468+0000 INFO  [o.n.k.i.DiagnosticsManager]   neostore.propertystore.db: 2015-12-11T10:44:22-0600 - 605.55 kB
2015-12-11 21:45:56.470+0000 INFO  [o.n.k.i.DiagnosticsManager]   neostore.propertystore.db.arrays: 2015-12-11T10:18:07-0600 - 8.00 kB
2015-12-11 21:45:56.473+0000 INFO  [o.n.k.i.DiagnosticsManager]   neostore.propertystore.db.arrays.id: 2015-12-11T15:45:55-0600 - 9.00 B
2015-12-11 21:45:56.476+0000 INFO  [o.n.k.i.DiagnosticsManager]   neostore.propertystore.db.id: 2015-12-11T15:45:55-0600 - 9.00 B
2015-12-11 21:45:56.478+0000 INFO  [o.n.k.i.DiagnosticsManager]   neostore.propertystore.db.index: 2015-12-11T10:23:09-0600 - 8.00 kB
2015-12-11 21:45:56.481+0000 INFO  [o.n.k.i.DiagnosticsManager]   neostore.propertystore.db.index.id: 2015-12-11T15:45:55-0600 - 9.00 B
2015-12-11 21:45:56.484+0000 INFO  [o.n.k.i.DiagnosticsManager]   neostore.propertystore.db.index.keys: 2015-12-11T10:23:09-0600 - 8.00 kB
2015-12-11 21:45:56.486+0000 INFO  [o.n.k.i.DiagnosticsManager]   neostore.propertystore.db.index.keys.id: 2015-12-11T15:45:55-0600 - 9.00 B
2015-12-11 21:45:56.489+0000 INFO  [o.n.k.i.DiagnosticsManager]   neostore.propertystore.db.strings: 2015-12-11T10:18:06-0600 - 8.00 kB
2015-12-11 21:45:56.492+0000 INFO  [o.n.k.i.DiagnosticsManager]   neostore.propertystore.db.strings.id: 2015-12-11T15:45:55-0600 - 9.00 B
2015-12-11 21:45:56.494+0000 INFO  [o.n.k.i.DiagnosticsManager]   neostore.relationshipgroupstore.db: 2015-12-11T10:38:13-0600 - 8.00 kB
2015-12-11 21:45:56.497+0000 INFO  [o.n.k.i.DiagnosticsManager]   neostore.relationshipgroupstore.db.id: 2015-12-11T15:45:56-0600 - 9.00 B
2015-12-11 21:45:56.499+0000 INFO  [o.n.k.i.DiagnosticsManager]   neostore.relationshipstore.db: 2015-12-11T10:44:22-0600 - 334.69 kB
2015-12-11 21:45:56.502+0000 INFO  [o.n.k.i.DiagnosticsManager]   neostore.relationshipstore.db.id: 2015-12-11T15:45:55-0600 - 9.00 B
2015-12-11 21:45:56.505+0000 INFO  [o.n.k.i.DiagnosticsManager]   neostore.relationshiptypestore.db: 2015-12-11T10:23:09-0600 - 8.00 kB
2015-12-11 21:45:56.508+0000 INFO  [o.n.k.i.DiagnosticsManager]   neostore.relationshiptypestore.db.id: 2015-12-11T15:45:55-0600 - 9.00 B
2015-12-11 21:45:56.510+0000 INFO  [o.n.k.i.DiagnosticsManager]   neostore.relationshiptypestore.db.names: 2015-12-11T10:23:09-0600 - 8.00 kB
2015-12-11 21:45:56.513+0000 INFO  [o.n.k.i.DiagnosticsManager]   neostore.relationshiptypestore.db.names.id: 2015-12-11T15:45:55-0600 - 9.00 B
2015-12-11 21:45:56.515+0000 INFO  [o.n.k.i.DiagnosticsManager]   neostore.schemastore.db: 2015-12-11T10:18:08-0600 - 8.00 kB
2015-12-11 21:45:56.518+0000 INFO  [o.n.k.i.DiagnosticsManager]   neostore.schemastore.db.id: 2015-12-11T15:45:56-0600 - 9.00 B
2015-12-11 21:45:56.520+0000 INFO  [o.n.k.i.DiagnosticsManager]   neostore.transaction.db.0: 2015-12-11T10:44:22-0600 - 7.96 MB
2015-12-11 21:45:56.522+0000 INFO  [o.n.k.i.DiagnosticsManager]   schema:
2015-12-11 21:45:56.525+0000 INFO  [o.n.k.i.DiagnosticsManager]     label:
2015-12-11 21:45:56.527+0000 INFO  [o.n.k.i.DiagnosticsManager]       lucene:
2015-12-11 21:45:56.529+0000 INFO  [o.n.k.i.DiagnosticsManager]         _fk7.cfs: 2015-12-11T10:36:58-0600 - 9.79 kB
2015-12-11 21:45:56.532+0000 INFO  [o.n.k.i.DiagnosticsManager]         segments.gen: 2015-12-11T10:38:13-0600 - 20.00 B
2015-12-11 21:45:56.534+0000 INFO  [o.n.k.i.DiagnosticsManager]         segments_4: 2015-12-11T10:38:13-0600 - 258.00 B
2015-12-11 21:45:56.536+0000 INFO  [o.n.k.i.DiagnosticsManager]         write.lock: 2015-12-11T15:45:56-0600 - 0.00 B
2015-12-11 21:45:56.538+0000 INFO  [o.n.k.i.DiagnosticsManager]       - Total: 2015-12-11T15:45:56-0600 - 10.06 kB
2015-12-11 21:45:56.540+0000 INFO  [o.n.k.i.DiagnosticsManager]     - Total: 2015-12-11T10:18:08-0600 - 10.06 kB
2015-12-11 21:45:56.543+0000 INFO  [o.n.k.i.DiagnosticsManager]   - Total: 2015-12-11T10:18:08-0600 - 10.06 kB
2015-12-11 21:45:56.545+0000 INFO  [o.n.k.i.DiagnosticsManager]   store_lock: 2015-12-11T10:18:05-0600 - 0.00 B
2015-12-11 21:45:56.547+0000 INFO  [o.n.k.i.DiagnosticsManager] --- STARTED diagnostics for KernelDiagnostics:StoreFiles END ---
2015-12-11 21:45:56.556+0000 INFO  [o.n.k.i.DiagnosticsManager] --- SERVER STARTED START ---
2015-12-11 21:45:57.192+0000 INFO  [o.n.k.i.DiagnosticsManager] --- SERVER STARTED END ---
2015-12-11 21:53:06.997+0000 INFO  [o.n.k.i.f.GraphDatabaseFacade] Shutdown started
2015-12-11 21:53:06.999+0000 INFO  [o.n.k.i.f.CommunityFacadeFactory] Database is now unavailable
2015-12-11 21:53:07.026+0000 INFO  [o.n.k.i.t.l.c.CheckPointerImpl] Check Pointing triggered by database shutdown [20108]:  Starting check pointing...
2015-12-11 21:53:07.028+0000 INFO  [o.n.k.i.t.l.c.CheckPointerImpl] Check Pointing triggered by database shutdown [20108]:  Starting store flush...
2015-12-11 21:53:07.043+0000 INFO  [o.n.k.i.t.l.c.CheckPointerImpl] Check Pointing triggered by database shutdown [20108]:  Store flush completed
2015-12-11 21:53:07.047+0000 INFO  [o.n.k.i.t.l.c.CheckPointerImpl] Check Pointing triggered by database shutdown [20108]:  Starting appending check point entry into the tx log...
2015-12-11 21:53:07.093+0000 INFO  [o.n.k.i.t.l.c.CheckPointerImpl] Check Pointing triggered by database shutdown [20108]:  Appending check point entry into the tx log completed
2015-12-11 21:53:07.098+0000 INFO  [o.n.k.i.t.l.c.CheckPointerImpl] Check Pointing triggered by database shutdown [20108]:  Check pointing completed
2015-12-11 21:53:07.104+0000 INFO  [o.n.k.i.t.l.p.LogPruningImpl] Log Rotation [0]:  Starting log pruning.
2015-12-11 21:53:07.110+0000 INFO  [o.n.k.i.t.l.p.LogPruningImpl] Log Rotation [0]:  Log pruning complete.
2015-12-11 21:53:08.410+0000 INFO  [o.n.k.NeoStoreDataSource] NeoStores closed
2015-12-11 21:53:08.417+0000 INFO  [o.n.k.i.DiagnosticsManager] --- STOPPING diagnostics START ---
2015-12-11 21:53:08.417+0000 INFO  [o.n.k.i.DiagnosticsManager] --- STOPPING diagnostics END ---
