2015-12-09 21:11:02.647+0000 INFO  [o.n.k.i.f.CommunityFacadeFactory] No locking implementation specified, defaulting to 'community'
2015-12-09 21:11:02.651+0000 INFO  [o.n.k.AvailabilityGuard] Requirement makes database unavailable: Database available
2015-12-09 21:11:02.654+0000 INFO  [o.n.k.i.DiagnosticsManager] --- INITIALIZED diagnostics START ---
2015-12-09 21:11:02.654+0000 INFO  [o.n.k.i.DiagnosticsManager] Neo4j Kernel properties:
2015-12-09 21:11:02.654+0000 INFO  [o.n.k.i.DiagnosticsManager] org.neo4j.server.db.tuning.properties=C:\561\2000\2000D0\neo4j.properties
2015-12-09 21:11:02.654+0000 INFO  [o.n.k.i.DiagnosticsManager] org.neo4j.server.database.location=C:\561\2000\2000D0
2015-12-09 21:11:02.654+0000 INFO  [o.n.k.i.DiagnosticsManager] dbms.querylog.filename=data/log/queries.log
2015-12-09 21:11:02.654+0000 INFO  [o.n.k.i.DiagnosticsManager] dbms.security.auth_store.location=C:\561\2000\2000D0\.\dbms\auth
2015-12-09 21:11:02.654+0000 INFO  [o.n.k.i.DiagnosticsManager] dbms.security.tls_certificate_file=C:\561\2000\2000D0\.\dbms\ssl\snakeoil.cert
2015-12-09 21:11:02.654+0000 INFO  [o.n.k.i.DiagnosticsManager] remote_shell_enabled=true
2015-12-09 21:11:02.654+0000 INFO  [o.n.k.i.DiagnosticsManager] edition=Community
2015-12-09 21:11:02.654+0000 INFO  [o.n.k.i.DiagnosticsManager] dbms.security.tls_key_file=C:\561\2000\2000D0\.\dbms\ssl\snakeoil.key
2015-12-09 21:11:02.654+0000 INFO  [o.n.k.i.DiagnosticsManager] Diagnostics providers:
2015-12-09 21:11:02.654+0000 INFO  [o.n.k.i.DiagnosticsManager] org.neo4j.kernel.configuration.Config
2015-12-09 21:11:02.654+0000 INFO  [o.n.k.i.DiagnosticsManager] org.neo4j.kernel.info.DiagnosticsManager
2015-12-09 21:11:02.654+0000 INFO  [o.n.k.i.DiagnosticsManager] SYSTEM_MEMORY
2015-12-09 21:11:02.654+0000 INFO  [o.n.k.i.DiagnosticsManager] JAVA_MEMORY
2015-12-09 21:11:02.654+0000 INFO  [o.n.k.i.DiagnosticsManager] OPERATING_SYSTEM
2015-12-09 21:11:02.654+0000 INFO  [o.n.k.i.DiagnosticsManager] JAVA_VIRTUAL_MACHINE
2015-12-09 21:11:02.654+0000 INFO  [o.n.k.i.DiagnosticsManager] CLASSPATH
2015-12-09 21:11:02.654+0000 INFO  [o.n.k.i.DiagnosticsManager] LIBRARY_PATH
2015-12-09 21:11:02.654+0000 INFO  [o.n.k.i.DiagnosticsManager] SYSTEM_PROPERTIES
2015-12-09 21:11:02.654+0000 INFO  [o.n.k.i.DiagnosticsManager] NETWORK
2015-12-09 21:11:02.654+0000 INFO  [o.n.k.i.DiagnosticsManager] System memory information:
2015-12-09 21:11:02.654+0000 INFO  [o.n.k.i.DiagnosticsManager] Total Physical memory: 3.93 GB
2015-12-09 21:11:02.655+0000 INFO  [o.n.k.i.DiagnosticsManager] Free Physical memory: 2.09 GB
2015-12-09 21:11:02.655+0000 INFO  [o.n.k.i.DiagnosticsManager] Committed virtual memory: 349.77 MB
2015-12-09 21:11:02.655+0000 INFO  [o.n.k.i.DiagnosticsManager] Total swap space: 5.05 GB
2015-12-09 21:11:02.655+0000 INFO  [o.n.k.i.DiagnosticsManager] Free swap space: 2.61 GB
2015-12-09 21:11:02.655+0000 INFO  [o.n.k.i.DiagnosticsManager] JVM memory information:
2015-12-09 21:11:02.655+0000 INFO  [o.n.k.i.DiagnosticsManager] Free  memory: 2.31 MB
2015-12-09 21:11:02.655+0000 INFO  [o.n.k.i.DiagnosticsManager] Total memory: 88.50 MB
2015-12-09 21:11:02.655+0000 INFO  [o.n.k.i.DiagnosticsManager] Max   memory: 894.50 MB
2015-12-09 21:11:02.655+0000 INFO  [o.n.k.i.DiagnosticsManager] Garbage Collector: PS Scavenge: [PS Eden Space, PS Survivor Space]
2015-12-09 21:11:02.655+0000 INFO  [o.n.k.i.DiagnosticsManager] Garbage Collector: PS MarkSweep: [PS Eden Space, PS Survivor Space, PS Old Gen, PS Perm Gen]
2015-12-09 21:11:02.655+0000 INFO  [o.n.k.i.DiagnosticsManager] Memory Pool: Code Cache (Non-heap memory): committed=6.31 MB, used=6.18 MB, max=48.00 MB, threshold=0.00 B
2015-12-09 21:11:02.656+0000 INFO  [o.n.k.i.DiagnosticsManager] Memory Pool: PS Eden Space (Heap memory): committed=21.50 MB, used=20.99 MB, max=328.50 MB, threshold=?
2015-12-09 21:11:02.656+0000 INFO  [o.n.k.i.DiagnosticsManager] Memory Pool: PS Survivor Space (Heap memory): committed=3.00 MB, used=2.72 MB, max=3.00 MB, threshold=?
2015-12-09 21:11:02.656+0000 INFO  [o.n.k.i.DiagnosticsManager] Memory Pool: PS Old Gen (Heap memory): committed=64.00 MB, used=62.48 MB, max=670.50 MB, threshold=0.00 B
2015-12-09 21:11:02.656+0000 INFO  [o.n.k.i.DiagnosticsManager] Memory Pool: PS Perm Gen (Non-heap memory): committed=82.00 MB, used=61.07 MB, max=82.00 MB, threshold=0.00 B
2015-12-09 21:11:02.656+0000 INFO  [o.n.k.i.DiagnosticsManager] Operating system information:
2015-12-09 21:11:02.656+0000 INFO  [o.n.k.i.DiagnosticsManager] Operating System: Windows 8.1; version: 6.3; arch: amd64; cpus: 8
2015-12-09 21:11:02.657+0000 INFO  [o.n.k.i.DiagnosticsManager] Process id: 3784@ATAN-B03-02
2015-12-09 21:11:02.657+0000 INFO  [o.n.k.i.DiagnosticsManager] Byte order: LITTLE_ENDIAN
2015-12-09 21:11:02.657+0000 INFO  [o.n.k.i.DiagnosticsManager] Local timezone: America/Chicago
2015-12-09 21:11:02.657+0000 INFO  [o.n.k.i.DiagnosticsManager] JVM information:
2015-12-09 21:11:02.657+0000 INFO  [o.n.k.i.DiagnosticsManager] VM Name: Java HotSpot(TM) 64-Bit Server VM
2015-12-09 21:11:02.657+0000 INFO  [o.n.k.i.DiagnosticsManager] VM Vendor: Oracle Corporation
2015-12-09 21:11:02.657+0000 INFO  [o.n.k.i.DiagnosticsManager] VM Version: 24.80-b11
2015-12-09 21:11:02.657+0000 INFO  [o.n.k.i.DiagnosticsManager] JIT compiler: HotSpot 64-Bit Tiered Compilers
2015-12-09 21:11:02.657+0000 INFO  [o.n.k.i.DiagnosticsManager] VM Arguments: [-Dexe4j.semaphoreName=Local\c:_program_files_neo4j_ce_2.3.1_bin_neo4j-ce.exe, -Dexe4j.isInstall4j=true, -Dexe4j.moduleName=C:\Program Files\Neo4j CE 2.3.1\bin\neo4j-ce.exe, -Dexe4j.tempDir=, -Dexe4j.unextractedPosition=0, -Djava.library.path=C:\Program Files (x86)\AMD APP\bin\x86_64;C:\Program Files (x86)\AMD APP\bin\x86;C:\ProgramData\Oracle\Java\javapath;C:\Windows\system32;C:\Windows;C:\Windows\System32\Wbem;C:\Windows\System32\WindowsPowerShell\v1.0\;C:\Program Files (x86)\MiKTeX 2.9\miktex\bin\;C:\Program Files\TortoiseSVN\bin;C:\Windows\system32\config\systemprofile\.dnx\bin;C:\Program Files\Microsoft DNX\Dnvm\;C:\Program Files\MATLAB\R2015b\runtime\win64;C:\Program Files\MATLAB\R2015b\bin;C:\Program Files (x86)\ATI Technologies\ATI.ACE\Core-Static;c:\program files\neo4j ce 2.3.1\jre\bin, -Dexe4j.consoleCodepage=cp0, -Dinstall4j.launcherId=24, -Dinstall4j.swt=false]
2015-12-09 21:11:02.657+0000 INFO  [o.n.k.i.DiagnosticsManager] Java classpath:
2015-12-09 21:11:02.660+0000 INFO  [o.n.k.i.DiagnosticsManager]  [loader.1] file:/C:/Program%20Files/Neo4j%20CE%202.3.1/jre/lib/ext/dnsns.jar
2015-12-09 21:11:02.660+0000 INFO  [o.n.k.i.DiagnosticsManager]  [loader.0] file:/C:/Program%20Files/Neo4j%20CE%202.3.1/bin/
2015-12-09 21:11:02.660+0000 INFO  [o.n.k.i.DiagnosticsManager]  [bootstrap] C:\Program Files\Neo4j CE 2.3.1\jre\lib\resources.jar
2015-12-09 21:11:02.660+0000 INFO  [o.n.k.i.DiagnosticsManager]  [bootstrap] C:\Program Files\Neo4j CE 2.3.1\jre\lib\jfr.jar
2015-12-09 21:11:02.660+0000 INFO  [o.n.k.i.DiagnosticsManager]  [classpath] C:\Program Files\Neo4j CE 2.3.1\.install4j\i4jruntime.jar
2015-12-09 21:11:02.660+0000 INFO  [o.n.k.i.DiagnosticsManager]  [loader.1] file:/C:/Program%20Files/Neo4j%20CE%202.3.1/jre/lib/ext/sunmscapi.jar
2015-12-09 21:11:02.660+0000 INFO  [o.n.k.i.DiagnosticsManager]  [bootstrap] C:\Program Files\Neo4j CE 2.3.1\jre\lib\jsse.jar
2015-12-09 21:11:02.660+0000 INFO  [o.n.k.i.DiagnosticsManager]  [loader.1] file:/C:/Program%20Files/Neo4j%20CE%202.3.1/jre/lib/ext/dns_sd.jar
2015-12-09 21:11:02.660+0000 INFO  [o.n.k.i.DiagnosticsManager]  [loader.0] file:/C:/Program%20Files/Neo4j%20CE%202.3.1/.install4j/i4jruntime.jar
2015-12-09 21:11:02.660+0000 INFO  [o.n.k.i.DiagnosticsManager]  [loader.0] file:/C:/Program%20Files/Neo4j%20CE%202.3.1/bin/neo4j-desktop-2.3.1.jar
2015-12-09 21:11:02.660+0000 INFO  [o.n.k.i.DiagnosticsManager]  [loader.1] file:/C:/Program%20Files/Neo4j%20CE%202.3.1/jre/lib/ext/access-bridge-64.jar
2015-12-09 21:11:02.660+0000 INFO  [o.n.k.i.DiagnosticsManager]  [loader.1] file:/C:/Program%20Files/Neo4j%20CE%202.3.1/jre/lib/ext/localedata.jar
2015-12-09 21:11:02.660+0000 INFO  [o.n.k.i.DiagnosticsManager]  [bootstrap] C:\Program Files\Neo4j CE 2.3.1\jre\lib\sunrsasign.jar
2015-12-09 21:11:02.660+0000 INFO  [o.n.k.i.DiagnosticsManager]  [bootstrap] C:\Program Files\Neo4j CE 2.3.1\jre\lib\jce.jar
2015-12-09 21:11:02.660+0000 INFO  [o.n.k.i.DiagnosticsManager]  [bootstrap] C:\Program Files\Neo4j CE 2.3.1\jre\lib\rt.jar
2015-12-09 21:11:02.660+0000 INFO  [o.n.k.i.DiagnosticsManager]  [bootstrap] C:\Program Files\Neo4j CE 2.3.1\jre\lib\charsets.jar
2015-12-09 21:11:02.660+0000 INFO  [o.n.k.i.DiagnosticsManager]  [loader.1] file:/C:/Program%20Files/Neo4j%20CE%202.3.1/jre/lib/ext/sunjce_provider.jar
2015-12-09 21:11:02.660+0000 INFO  [o.n.k.i.DiagnosticsManager]  [bootstrap] C:\Program Files\Neo4j CE 2.3.1\jre\classes
2015-12-09 21:11:02.660+0000 INFO  [o.n.k.i.DiagnosticsManager]  [loader.1] file:/C:/Program%20Files/Neo4j%20CE%202.3.1/jre/lib/ext/zipfs.jar
2015-12-09 21:11:02.660+0000 INFO  [o.n.k.i.DiagnosticsManager]  [loader.1] file:/C:/Program%20Files/Neo4j%20CE%202.3.1/jre/lib/ext/jaccess.jar
2015-12-09 21:11:02.660+0000 INFO  [o.n.k.i.DiagnosticsManager]  [loader.1] file:/C:/Program%20Files/Neo4j%20CE%202.3.1/jre/lib/ext/sunec.jar
2015-12-09 21:11:02.660+0000 INFO  [o.n.k.i.DiagnosticsManager]  [classpath] C:\Program Files\Neo4j CE 2.3.1\bin\neo4j-desktop-2.3.1.jar
2015-12-09 21:11:02.660+0000 INFO  [o.n.k.i.DiagnosticsManager] Library path:
2015-12-09 21:11:02.660+0000 INFO  [o.n.k.i.DiagnosticsManager] C:\Program Files (x86)\AMD APP\bin\x86_64
2015-12-09 21:11:02.661+0000 INFO  [o.n.k.i.DiagnosticsManager] C:\Program Files (x86)\AMD APP\bin\x86
2015-12-09 21:11:02.661+0000 INFO  [o.n.k.i.DiagnosticsManager] C:\ProgramData\Oracle\Java\javapath
2015-12-09 21:11:02.661+0000 INFO  [o.n.k.i.DiagnosticsManager] C:\Windows\System32
2015-12-09 21:11:02.661+0000 INFO  [o.n.k.i.DiagnosticsManager] C:\Windows
2015-12-09 21:11:02.661+0000 INFO  [o.n.k.i.DiagnosticsManager] C:\Windows\System32\wbem
2015-12-09 21:11:02.661+0000 INFO  [o.n.k.i.DiagnosticsManager] C:\Windows\System32\WindowsPowerShell\v1.0
2015-12-09 21:11:02.662+0000 INFO  [o.n.k.i.DiagnosticsManager] C:\Program Files (x86)\MiKTeX 2.9\miktex\bin
2015-12-09 21:11:02.662+0000 INFO  [o.n.k.i.DiagnosticsManager] C:\Program Files\TortoiseSVN\bin
2015-12-09 21:11:02.662+0000 INFO  [o.n.k.i.DiagnosticsManager] C:\Windows\System32\config\systemprofile\.dnx\bin
2015-12-09 21:11:02.662+0000 INFO  [o.n.k.i.DiagnosticsManager] C:\Program Files\Microsoft DNX\Dnvm
2015-12-09 21:11:02.662+0000 INFO  [o.n.k.i.DiagnosticsManager] C:\Program Files\MATLAB\R2015b\runtime\win64
2015-12-09 21:11:02.663+0000 INFO  [o.n.k.i.DiagnosticsManager] C:\Program Files\MATLAB\R2015b\bin
2015-12-09 21:11:02.663+0000 INFO  [o.n.k.i.DiagnosticsManager] C:\Program Files (x86)\ATI Technologies\ATI.ACE\Core-Static
2015-12-09 21:11:02.663+0000 INFO  [o.n.k.i.DiagnosticsManager] C:\Program Files\Neo4j CE 2.3.1\jre\bin
2015-12-09 21:11:02.663+0000 INFO  [o.n.k.i.DiagnosticsManager] System.properties:
2015-12-09 21:11:02.663+0000 INFO  [o.n.k.i.DiagnosticsManager] exe4j.moduleName = C:\Program Files\Neo4j CE 2.3.1\bin\neo4j-ce.exe
2015-12-09 21:11:02.663+0000 INFO  [o.n.k.i.DiagnosticsManager] exe4j.semaphoreName = Local\c:_program_files_neo4j_ce_2.3.1_bin_neo4j-ce.exe
2015-12-09 21:11:02.663+0000 INFO  [o.n.k.i.DiagnosticsManager] sun.boot.library.path = c:\program files\neo4j ce 2.3.1\jre\bin
2015-12-09 21:11:02.663+0000 INFO  [o.n.k.i.DiagnosticsManager] exe4j.consoleCodepage = cp0
2015-12-09 21:11:02.663+0000 INFO  [o.n.k.i.DiagnosticsManager] path.separator = ;
2015-12-09 21:11:02.663+0000 INFO  [o.n.k.i.DiagnosticsManager] file.encoding.pkg = sun.io
2015-12-09 21:11:02.663+0000 INFO  [o.n.k.i.DiagnosticsManager] user.country = US
2015-12-09 21:11:02.663+0000 INFO  [o.n.k.i.DiagnosticsManager] user.script = 
2015-12-09 21:11:02.663+0000 INFO  [o.n.k.i.DiagnosticsManager] sun.os.patch.level = 
2015-12-09 21:11:02.663+0000 INFO  [o.n.k.i.DiagnosticsManager] install4j.exeDir = C:\Program Files\Neo4j CE 2.3.1\bin\
2015-12-09 21:11:02.663+0000 INFO  [o.n.k.i.DiagnosticsManager] user.dir = C:\Program Files\Neo4j CE 2.3.1\bin
2015-12-09 21:11:02.663+0000 INFO  [o.n.k.i.DiagnosticsManager] neo4j.ext.udc.source = desktop
2015-12-09 21:11:02.663+0000 INFO  [o.n.k.i.DiagnosticsManager] user.variant = 
2015-12-09 21:11:02.663+0000 INFO  [o.n.k.i.DiagnosticsManager] exe4j.tempDir = 
2015-12-09 21:11:02.663+0000 INFO  [o.n.k.i.DiagnosticsManager] sun.jnu.encoding = Cp1252
2015-12-09 21:11:02.663+0000 INFO  [o.n.k.i.DiagnosticsManager] sun.awt.enableExtraMouseButtons = true
2015-12-09 21:11:02.663+0000 INFO  [o.n.k.i.DiagnosticsManager] install4j.launcherId = 24
2015-12-09 21:11:02.663+0000 INFO  [o.n.k.i.DiagnosticsManager] sun.management.compiler = HotSpot 64-Bit Tiered Compilers
2015-12-09 21:11:02.663+0000 INFO  [o.n.k.i.DiagnosticsManager] exe4j.isInstall4j = true
2015-12-09 21:11:02.664+0000 INFO  [o.n.k.i.DiagnosticsManager] install4j.swt = false
2015-12-09 21:11:02.664+0000 INFO  [o.n.k.i.DiagnosticsManager] user.home = C:\Users\cez
2015-12-09 21:11:02.664+0000 INFO  [o.n.k.i.DiagnosticsManager] user.timezone = America/Chicago
2015-12-09 21:11:02.664+0000 INFO  [o.n.k.i.DiagnosticsManager] file.encoding = Cp1252
2015-12-09 21:11:02.664+0000 INFO  [o.n.k.i.DiagnosticsManager] user.name = cez
2015-12-09 21:11:02.664+0000 INFO  [o.n.k.i.DiagnosticsManager] sun.java.command = C:\Program Files\Neo4j CE 2.3.1\bin\neo4j-ce.exe
2015-12-09 21:11:02.664+0000 INFO  [o.n.k.i.DiagnosticsManager] sun.arch.data.model = 64
2015-12-09 21:11:02.664+0000 INFO  [o.n.k.i.DiagnosticsManager] exe4j.launchName = C:\Program Files\Neo4j CE 2.3.1\bin\neo4j-ce.exe
2015-12-09 21:11:02.664+0000 INFO  [o.n.k.i.DiagnosticsManager] user.language = en
2015-12-09 21:11:02.664+0000 INFO  [o.n.k.i.DiagnosticsManager] awt.toolkit = sun.awt.windows.WToolkit
2015-12-09 21:11:02.664+0000 INFO  [o.n.k.i.DiagnosticsManager] exe4j.unextractedPosition = 0
2015-12-09 21:11:02.664+0000 INFO  [o.n.k.i.DiagnosticsManager] install4j.appDir = C:\Program Files\Neo4j CE 2.3.1\
2015-12-09 21:11:02.664+0000 INFO  [o.n.k.i.DiagnosticsManager] file.separator = \
2015-12-09 21:11:02.664+0000 INFO  [o.n.k.i.DiagnosticsManager] sun.io.unicode.encoding = UnicodeLittle
2015-12-09 21:11:02.664+0000 INFO  [o.n.k.i.DiagnosticsManager] sun.cpu.endian = little
2015-12-09 21:11:02.664+0000 INFO  [o.n.k.i.DiagnosticsManager] sun.desktop = windows
2015-12-09 21:11:02.664+0000 INFO  [o.n.k.i.DiagnosticsManager] sun.cpu.isalist = amd64
2015-12-09 21:11:02.664+0000 INFO  [o.n.k.i.DiagnosticsManager] Network information:
2015-12-09 21:11:02.677+0000 INFO  [o.n.k.i.DiagnosticsManager] Interface Software Loopback Interface 1:
2015-12-09 21:11:02.677+0000 INFO  [o.n.k.i.DiagnosticsManager]     address: 127.0.0.1
2015-12-09 21:11:02.677+0000 INFO  [o.n.k.i.DiagnosticsManager]     address: 0:0:0:0:0:0:0:1
2015-12-09 21:11:02.678+0000 INFO  [o.n.k.i.DiagnosticsManager] Interface Microsoft Kernel Debug Network Adapter:
2015-12-09 21:11:02.678+0000 INFO  [o.n.k.i.DiagnosticsManager] Interface Intel(R) 82578DM Gigabit Network Connection:
2015-12-09 21:11:02.678+0000 INFO  [o.n.k.i.DiagnosticsManager]     address: 10.24.47.166
2015-12-09 21:11:02.678+0000 INFO  [o.n.k.i.DiagnosticsManager]     address: 2610:130:101:d00:4493:c16:efa9:8b55
2015-12-09 21:11:02.678+0000 INFO  [o.n.k.i.DiagnosticsManager]     address: 2610:130:101:d00:a502:b02c:1a2d:577b
2015-12-09 21:11:02.678+0000 INFO  [o.n.k.i.DiagnosticsManager]     address: fe80:0:0:0:4493:c16:efa9:8b55%3
2015-12-09 21:11:02.678+0000 INFO  [o.n.k.i.DiagnosticsManager] Interface Microsoft ISATAP Adapter:
2015-12-09 21:11:02.678+0000 INFO  [o.n.k.i.DiagnosticsManager]     address: fe80:0:0:0:0:5efe:c0a8:3801%4
2015-12-09 21:11:02.678+0000 INFO  [o.n.k.i.DiagnosticsManager] Interface Teredo Tunneling Pseudo-Interface:
2015-12-09 21:11:02.678+0000 INFO  [o.n.k.i.DiagnosticsManager] Interface Microsoft ISATAP Adapter #2:
2015-12-09 21:11:02.678+0000 INFO  [o.n.k.i.DiagnosticsManager]     address: fe80:0:0:0:0:5efe:a18:2fa6%6
2015-12-09 21:11:02.678+0000 INFO  [o.n.k.i.DiagnosticsManager] Interface VirtualBox Host-Only Ethernet Adapter:
2015-12-09 21:11:02.678+0000 INFO  [o.n.k.i.DiagnosticsManager]     address: 192.168.56.1
2015-12-09 21:11:02.678+0000 INFO  [o.n.k.i.DiagnosticsManager]     address: fe80:0:0:0:4133:2d33:29c2:6efa%7
2015-12-09 21:11:02.678+0000 INFO  [o.n.k.i.DiagnosticsManager] Interface Microsoft ISATAP Adapter #3:
2015-12-09 21:11:02.678+0000 INFO  [o.n.k.i.DiagnosticsManager] Interface VirtualBox Host-Only Ethernet Adapter-WFP Native MAC Layer LightWeight Filter-0000:
2015-12-09 21:11:02.678+0000 INFO  [o.n.k.i.DiagnosticsManager] Interface VirtualBox Host-Only Ethernet Adapter-VirtualBox NDIS Light-Weight Filter-0000:
2015-12-09 21:11:02.678+0000 INFO  [o.n.k.i.DiagnosticsManager] Interface VirtualBox Host-Only Ethernet Adapter-QoS Packet Scheduler-0000:
2015-12-09 21:11:02.678+0000 INFO  [o.n.k.i.DiagnosticsManager] Interface VirtualBox Host-Only Ethernet Adapter-WFP 802.3 MAC Layer LightWeight Filter-0000:
2015-12-09 21:11:02.678+0000 INFO  [o.n.k.i.DiagnosticsManager] Interface Intel(R) 82578DM Gigabit Network Connection-WFP Native MAC Layer LightWeight Filter-0000:
2015-12-09 21:11:02.678+0000 INFO  [o.n.k.i.DiagnosticsManager] Interface Intel(R) 82578DM Gigabit Network Connection-VirtualBox NDIS Light-Weight Filter-0000:
2015-12-09 21:11:02.679+0000 INFO  [o.n.k.i.DiagnosticsManager] Interface Intel(R) 82578DM Gigabit Network Connection-QoS Packet Scheduler-0000:
2015-12-09 21:11:02.679+0000 INFO  [o.n.k.i.DiagnosticsManager] Interface Intel(R) 82578DM Gigabit Network Connection-WFP 802.3 MAC Layer LightWeight Filter-0000:
2015-12-09 21:11:02.679+0000 INFO  [o.n.k.i.DiagnosticsManager] --- INITIALIZED diagnostics END ---
2015-12-09 21:11:06.150+0000 INFO  [o.n.k.a.i.i.LuceneLabelScanStore] No lucene scan store index found, this might just be first use. Preparing to rebuild.
2015-12-09 21:11:06.155+0000 INFO  [o.n.k.NeoStoreDataSource] Opened logical log [C:\561\2000\2000D0\neostore.transaction.db.0] version=0, lastTxId=1 (clean)
2015-12-09 21:11:06.158+0000 WARN  [o.n.k.i.s.MetaDataStore] Missing counts store, rebuilding it.
2015-12-09 21:11:06.229+0000 INFO  [o.n.k.a.i.i.LuceneLabelScanStore] Rebuilding lucene scan store, this may take a while
2015-12-09 21:11:06.232+0000 INFO  [o.n.k.a.i.i.LuceneLabelScanStore] Lucene scan store rebuilt (roughly -1 nodes)
2015-12-09 21:11:06.234+0000 INFO  [o.n.k.KernelHealth] Kernel health set to OK
2015-12-09 21:11:06.244+0000 INFO  [o.n.k.AvailabilityGuard] Fulfilling of requirement makes database available: Database available
2015-12-09 21:11:06.247+0000 INFO  [o.n.k.i.f.CommunityFacadeFactory] Database is now ready
2015-12-09 21:11:06.249+0000 INFO  [o.n.k.i.DiagnosticsManager] --- STARTED diagnostics for KernelDiagnostics:Versions START ---
2015-12-09 21:11:06.252+0000 INFO  [o.n.k.i.DiagnosticsManager] Graph Database: Community StoreId{creationTime=1449695466055, randomId=-3622554638860637871, storeVersion=15250506225055238, upgradeTime=1449695466055, upgradeId=1}
2015-12-09 21:11:06.254+0000 INFO  [o.n.k.i.DiagnosticsManager] Kernel version: 2.3.1
2015-12-09 21:11:06.257+0000 INFO  [o.n.k.i.DiagnosticsManager] --- STARTED diagnostics for KernelDiagnostics:Versions END ---
2015-12-09 21:11:06.259+0000 INFO  [o.n.k.i.DiagnosticsManager] --- STARTED diagnostics for NEO_STORE_VERSIONS START ---
2015-12-09 21:11:06.261+0000 INFO  [o.n.k.i.DiagnosticsManager] Store versions:
2015-12-09 21:11:06.264+0000 INFO  [o.n.k.i.DiagnosticsManager] Store versions:
2015-12-09 21:11:06.266+0000 INFO  [o.n.k.i.DiagnosticsManager] ArrayPropertyStore v0.A.6
2015-12-09 21:11:06.269+0000 INFO  [o.n.k.i.DiagnosticsManager] NodeStore v0.A.6
2015-12-09 21:11:06.271+0000 INFO  [o.n.k.i.DiagnosticsManager] StringPropertyStore v0.A.6
2015-12-09 21:11:06.273+0000 INFO  [o.n.k.i.DiagnosticsManager] PropertyIndexStore v0.A.6
2015-12-09 21:11:06.276+0000 INFO  [o.n.k.i.DiagnosticsManager] StringPropertyStore v0.A.6
2015-12-09 21:11:06.278+0000 INFO  [o.n.k.i.DiagnosticsManager] ArrayPropertyStore v0.A.6
2015-12-09 21:11:06.281+0000 INFO  [o.n.k.i.DiagnosticsManager] PropertyStore v0.A.6
2015-12-09 21:11:06.283+0000 INFO  [o.n.k.i.DiagnosticsManager] RelationshipStore v0.A.6
2015-12-09 21:11:06.285+0000 INFO  [o.n.k.i.DiagnosticsManager] StringPropertyStore v0.A.6
2015-12-09 21:11:06.288+0000 INFO  [o.n.k.i.DiagnosticsManager] RelationshipTypeStore v0.A.6
2015-12-09 21:11:06.290+0000 INFO  [o.n.k.i.DiagnosticsManager] StringPropertyStore v0.A.6
2015-12-09 21:11:06.293+0000 INFO  [o.n.k.i.DiagnosticsManager] LabelTokenStore v0.A.6
2015-12-09 21:11:06.295+0000 INFO  [o.n.k.i.DiagnosticsManager] SchemaStore v0.A.6
2015-12-09 21:11:06.298+0000 INFO  [o.n.k.i.DiagnosticsManager] RelationshipGroupStore v0.A.6
2015-12-09 21:11:06.300+0000 INFO  [o.n.k.i.DiagnosticsManager] NeoStore v0.A.6
2015-12-09 21:11:06.303+0000 INFO  [o.n.k.i.DiagnosticsManager] --- STARTED diagnostics for NEO_STORE_VERSIONS END ---
2015-12-09 21:11:06.306+0000 INFO  [o.n.k.i.DiagnosticsManager] --- STARTED diagnostics for NEO_STORE_ID_USAGE START ---
2015-12-09 21:11:06.308+0000 INFO  [o.n.k.i.DiagnosticsManager] Id usage:
2015-12-09 21:11:06.311+0000 INFO  [o.n.k.i.DiagnosticsManager] Id usage:
2015-12-09 21:11:06.313+0000 INFO  [o.n.k.i.DiagnosticsManager]   ArrayPropertyStore v0.A.6: used=1 high=0
2015-12-09 21:11:06.316+0000 INFO  [o.n.k.i.DiagnosticsManager]   NodeStore v0.A.6: used=0 high=-1
2015-12-09 21:11:06.319+0000 INFO  [o.n.k.i.DiagnosticsManager]   StringPropertyStore v0.A.6: used=1 high=0
2015-12-09 21:11:06.321+0000 INFO  [o.n.k.i.DiagnosticsManager]   PropertyIndexStore v0.A.6: used=0 high=-1
2015-12-09 21:11:06.324+0000 INFO  [o.n.k.i.DiagnosticsManager]   StringPropertyStore v0.A.6: used=1 high=0
2015-12-09 21:11:06.327+0000 INFO  [o.n.k.i.DiagnosticsManager]   ArrayPropertyStore v0.A.6: used=1 high=0
2015-12-09 21:11:06.329+0000 INFO  [o.n.k.i.DiagnosticsManager]   PropertyStore v0.A.6: used=0 high=-1
2015-12-09 21:11:06.332+0000 INFO  [o.n.k.i.DiagnosticsManager]   RelationshipStore v0.A.6: used=0 high=-1
2015-12-09 21:11:06.334+0000 INFO  [o.n.k.i.DiagnosticsManager]   StringPropertyStore v0.A.6: used=1 high=0
2015-12-09 21:11:06.337+0000 INFO  [o.n.k.i.DiagnosticsManager]   RelationshipTypeStore v0.A.6: used=0 high=-1
2015-12-09 21:11:06.340+0000 INFO  [o.n.k.i.DiagnosticsManager]   StringPropertyStore v0.A.6: used=1 high=0
2015-12-09 21:11:06.342+0000 INFO  [o.n.k.i.DiagnosticsManager]   LabelTokenStore v0.A.6: used=0 high=-1
2015-12-09 21:11:06.345+0000 INFO  [o.n.k.i.DiagnosticsManager]   SchemaStore v0.A.6: used=1 high=0
2015-12-09 21:11:06.348+0000 INFO  [o.n.k.i.DiagnosticsManager]   RelationshipGroupStore v0.A.6: used=1 high=0
2015-12-09 21:11:06.350+0000 INFO  [o.n.k.i.DiagnosticsManager]   NeoStore v0.A.6: used=13 high=12
2015-12-09 21:11:06.353+0000 INFO  [o.n.k.i.DiagnosticsManager] --- STARTED diagnostics for NEO_STORE_ID_USAGE END ---
2015-12-09 21:11:06.356+0000 INFO  [o.n.k.i.DiagnosticsManager] --- STARTED diagnostics for NEO_STORE_RECORDS START ---
2015-12-09 21:11:06.358+0000 INFO  [o.n.k.i.DiagnosticsManager] Neostore records:
2015-12-09 21:11:06.361+0000 INFO  [o.n.k.i.DiagnosticsManager] TIME (Creation time): 1449695466055
2015-12-09 21:11:06.363+0000 INFO  [o.n.k.i.DiagnosticsManager] RANDOM_NUMBER (Random number for store id): -3622554638860637871
2015-12-09 21:11:06.366+0000 INFO  [o.n.k.i.DiagnosticsManager] LOG_VERSION (Current log version): 0
2015-12-09 21:11:06.368+0000 INFO  [o.n.k.i.DiagnosticsManager] LAST_TRANSACTION_ID (Last committed transaction): 1
2015-12-09 21:11:06.371+0000 INFO  [o.n.k.i.DiagnosticsManager] STORE_VERSION (Store format version): 15250506225055238
2015-12-09 21:11:06.373+0000 INFO  [o.n.k.i.DiagnosticsManager] FIRST_GRAPH_PROPERTY (First property record containing graph properties): -1
2015-12-09 21:11:06.376+0000 INFO  [o.n.k.i.DiagnosticsManager] LAST_CONSTRAINT_TRANSACTION (Last committed transaction containing constraint changes): 0
2015-12-09 21:11:06.379+0000 INFO  [o.n.k.i.DiagnosticsManager] UPGRADE_TRANSACTION_ID (Transaction id most recent upgrade was performed at): 1
2015-12-09 21:11:06.381+0000 INFO  [o.n.k.i.DiagnosticsManager] UPGRADE_TIME (Time of last upgrade): 1449695466055
2015-12-09 21:11:06.384+0000 INFO  [o.n.k.i.DiagnosticsManager] LAST_TRANSACTION_CHECKSUM (Checksum of last committed transaction): 0
2015-12-09 21:11:06.387+0000 INFO  [o.n.k.i.DiagnosticsManager] UPGRADE_TRANSACTION_CHECKSUM (Checksum of transaction id the most recent upgrade was performed at): 0
2015-12-09 21:11:06.389+0000 INFO  [o.n.k.i.DiagnosticsManager] LAST_CLOSED_TRANSACTION_LOG_VERSION (Log version where the last transaction commit entry has been written into): 0
2015-12-09 21:11:06.392+0000 INFO  [o.n.k.i.DiagnosticsManager] LAST_CLOSED_TRANSACTION_LOG_BYTE_OFFSET (Byte offset in the log file where the last transaction commit entry has been written into): 16
2015-12-09 21:11:06.394+0000 INFO  [o.n.k.i.DiagnosticsManager] --- STARTED diagnostics for NEO_STORE_RECORDS END ---
2015-12-09 21:11:06.397+0000 INFO  [o.n.k.i.DiagnosticsManager] --- STARTED diagnostics for TRANSACTION_RANGE START ---
2015-12-09 21:11:06.400+0000 INFO  [o.n.k.i.DiagnosticsManager] Transaction log:
2015-12-09 21:11:06.403+0000 INFO  [o.n.k.i.DiagnosticsManager] No transactions found in any log
2015-12-09 21:11:06.406+0000 INFO  [o.n.k.i.DiagnosticsManager] --- STARTED diagnostics for TRANSACTION_RANGE END ---
2015-12-09 21:11:06.408+0000 INFO  [o.n.k.i.DiagnosticsManager] --- STARTED diagnostics for KernelDiagnostics:StoreFiles START ---
2015-12-09 21:11:06.412+0000 INFO  [o.n.k.i.DiagnosticsManager] Disk space on partition (Total / Free / Free %): 499738734592 / 397712986112 / 79
Storage files: (filename : modification date - size)
2015-12-09 21:11:06.415+0000 INFO  [o.n.k.i.DiagnosticsManager]   dbms:
2015-12-09 21:11:06.418+0000 INFO  [o.n.k.i.DiagnosticsManager]     ssl:
2015-12-09 21:11:06.421+0000 INFO  [o.n.k.i.DiagnosticsManager]       snakeoil.cert: 2015-12-09T15:11:02-0600 - 630.00 B
2015-12-09 21:11:06.424+0000 INFO  [o.n.k.i.DiagnosticsManager]       snakeoil.key: 2015-12-09T15:11:02-0600 - 914.00 B
2015-12-09 21:11:06.426+0000 INFO  [o.n.k.i.DiagnosticsManager]     - Total: 2015-12-09T15:11:02-0600 - 1.51 kB
2015-12-09 21:11:06.429+0000 INFO  [o.n.k.i.DiagnosticsManager]   - Total: 2015-12-09T15:11:02-0600 - 1.51 kB
2015-12-09 21:11:06.431+0000 INFO  [o.n.k.i.DiagnosticsManager]   index:
2015-12-09 21:11:06.434+0000 INFO  [o.n.k.i.DiagnosticsManager]   - Total: 2015-12-09T15:11:06-0600 - 0.00 B
2015-12-09 21:11:06.437+0000 INFO  [o.n.k.i.DiagnosticsManager]   messages.log: 2015-12-09T15:11:06-0600 - 26.40 kB
2015-12-09 21:11:06.440+0000 INFO  [o.n.k.i.DiagnosticsManager]   neo4j.properties: 2015-12-09T15:11:02-0600 - 1.30 kB
2015-12-09 21:11:06.443+0000 INFO  [o.n.k.i.DiagnosticsManager]   neostore: 2015-12-09T15:11:06-0600 - 8.00 kB
2015-12-09 21:11:06.446+0000 INFO  [o.n.k.i.DiagnosticsManager]   neostore.counts.db.a: 2015-12-09T15:11:06-0600 - 96.00 B
2015-12-09 21:11:06.449+0000 INFO  [o.n.k.i.DiagnosticsManager]   neostore.id: 2015-12-09T15:11:06-0600 - 9.00 B
2015-12-09 21:11:06.451+0000 INFO  [o.n.k.i.DiagnosticsManager]   neostore.labeltokenstore.db: 2015-12-09T15:11:05-0600 - 0.00 B
2015-12-09 21:11:06.455+0000 INFO  [o.n.k.i.DiagnosticsManager]   neostore.labeltokenstore.db.id: 2015-12-09T15:11:05-0600 - 9.00 B
2015-12-09 21:11:06.457+0000 INFO  [o.n.k.i.DiagnosticsManager]   neostore.labeltokenstore.db.names: 2015-12-09T15:11:05-0600 - 8.00 kB
2015-12-09 21:11:06.460+0000 INFO  [o.n.k.i.DiagnosticsManager]   neostore.labeltokenstore.db.names.id: 2015-12-09T15:11:05-0600 - 9.00 B
2015-12-09 21:11:06.463+0000 INFO  [o.n.k.i.DiagnosticsManager]   neostore.nodestore.db: 2015-12-09T15:11:03-0600 - 0.00 B
2015-12-09 21:11:06.466+0000 INFO  [o.n.k.i.DiagnosticsManager]   neostore.nodestore.db.id: 2015-12-09T15:11:03-0600 - 9.00 B
2015-12-09 21:11:06.468+0000 INFO  [o.n.k.i.DiagnosticsManager]   neostore.nodestore.db.labels: 2015-12-09T15:11:03-0600 - 8.00 kB
2015-12-09 21:11:06.471+0000 INFO  [o.n.k.i.DiagnosticsManager]   neostore.nodestore.db.labels.id: 2015-12-09T15:11:03-0600 - 9.00 B
2015-12-09 21:11:06.474+0000 INFO  [o.n.k.i.DiagnosticsManager]   neostore.propertystore.db: 2015-12-09T15:11:04-0600 - 0.00 B
2015-12-09 21:11:06.476+0000 INFO  [o.n.k.i.DiagnosticsManager]   neostore.propertystore.db.arrays: 2015-12-09T15:11:04-0600 - 8.00 kB
2015-12-09 21:11:06.479+0000 INFO  [o.n.k.i.DiagnosticsManager]   neostore.propertystore.db.arrays.id: 2015-12-09T15:11:04-0600 - 9.00 B
2015-12-09 21:11:06.481+0000 INFO  [o.n.k.i.DiagnosticsManager]   neostore.propertystore.db.id: 2015-12-09T15:11:04-0600 - 9.00 B
2015-12-09 21:11:06.484+0000 INFO  [o.n.k.i.DiagnosticsManager]   neostore.propertystore.db.index: 2015-12-09T15:11:03-0600 - 0.00 B
2015-12-09 21:11:06.487+0000 INFO  [o.n.k.i.DiagnosticsManager]   neostore.propertystore.db.index.id: 2015-12-09T15:11:04-0600 - 9.00 B
2015-12-09 21:11:06.489+0000 INFO  [o.n.k.i.DiagnosticsManager]   neostore.propertystore.db.index.keys: 2015-12-09T15:11:03-0600 - 8.00 kB
2015-12-09 21:11:06.492+0000 INFO  [o.n.k.i.DiagnosticsManager]   neostore.propertystore.db.index.keys.id: 2015-12-09T15:11:03-0600 - 9.00 B
2015-12-09 21:11:06.495+0000 INFO  [o.n.k.i.DiagnosticsManager]   neostore.propertystore.db.strings: 2015-12-09T15:11:04-0600 - 8.00 kB
2015-12-09 21:11:06.498+0000 INFO  [o.n.k.i.DiagnosticsManager]   neostore.propertystore.db.strings.id: 2015-12-09T15:11:04-0600 - 9.00 B
2015-12-09 21:11:06.500+0000 INFO  [o.n.k.i.DiagnosticsManager]   neostore.relationshipgroupstore.db: 2015-12-09T15:11:05-0600 - 8.00 kB
2015-12-09 21:11:06.503+0000 INFO  [o.n.k.i.DiagnosticsManager]   neostore.relationshipgroupstore.db.id: 2015-12-09T15:11:05-0600 - 9.00 B
2015-12-09 21:11:06.506+0000 INFO  [o.n.k.i.DiagnosticsManager]   neostore.relationshipstore.db: 2015-12-09T15:11:04-0600 - 0.00 B
2015-12-09 21:11:06.508+0000 INFO  [o.n.k.i.DiagnosticsManager]   neostore.relationshipstore.db.id: 2015-12-09T15:11:04-0600 - 9.00 B
2015-12-09 21:11:06.511+0000 INFO  [o.n.k.i.DiagnosticsManager]   neostore.relationshiptypestore.db: 2015-12-09T15:11:05-0600 - 0.00 B
2015-12-09 21:11:06.514+0000 INFO  [o.n.k.i.DiagnosticsManager]   neostore.relationshiptypestore.db.id: 2015-12-09T15:11:05-0600 - 9.00 B
2015-12-09 21:11:06.517+0000 INFO  [o.n.k.i.DiagnosticsManager]   neostore.relationshiptypestore.db.names: 2015-12-09T15:11:04-0600 - 8.00 kB
2015-12-09 21:11:06.519+0000 INFO  [o.n.k.i.DiagnosticsManager]   neostore.relationshiptypestore.db.names.id: 2015-12-09T15:11:04-0600 - 9.00 B
2015-12-09 21:11:06.522+0000 INFO  [o.n.k.i.DiagnosticsManager]   neostore.schemastore.db: 2015-12-09T15:11:05-0600 - 8.00 kB
2015-12-09 21:11:06.525+0000 INFO  [o.n.k.i.DiagnosticsManager]   neostore.schemastore.db.id: 2015-12-09T15:11:05-0600 - 9.00 B
2015-12-09 21:11:06.527+0000 INFO  [o.n.k.i.DiagnosticsManager]   neostore.transaction.db.0: 2015-12-09T15:11:06-0600 - 16.00 B
2015-12-09 21:11:06.530+0000 INFO  [o.n.k.i.DiagnosticsManager]   schema:
2015-12-09 21:11:06.532+0000 INFO  [o.n.k.i.DiagnosticsManager]     label:
2015-12-09 21:11:06.535+0000 INFO  [o.n.k.i.DiagnosticsManager]       lucene:
2015-12-09 21:11:06.538+0000 INFO  [o.n.k.i.DiagnosticsManager]         write.lock: 2015-12-09T15:11:06-0600 - 0.00 B
2015-12-09 21:11:06.541+0000 INFO  [o.n.k.i.DiagnosticsManager]       - Total: 2015-12-09T15:11:06-0600 - 0.00 B
2015-12-09 21:11:06.543+0000 INFO  [o.n.k.i.DiagnosticsManager]     - Total: 2015-12-09T15:11:06-0600 - 0.00 B
2015-12-09 21:11:06.546+0000 INFO  [o.n.k.i.DiagnosticsManager]   - Total: 2015-12-09T15:11:06-0600 - 0.00 B
2015-12-09 21:11:06.548+0000 INFO  [o.n.k.i.DiagnosticsManager]   store_lock: 2015-12-09T15:11:03-0600 - 0.00 B
2015-12-09 21:11:06.551+0000 INFO  [o.n.k.i.DiagnosticsManager] --- STARTED diagnostics for KernelDiagnostics:StoreFiles END ---
2015-12-09 21:11:06.568+0000 INFO  [o.n.k.i.DiagnosticsManager] --- SERVER STARTED START ---
2015-12-09 21:11:07.322+0000 INFO  [o.n.k.i.DiagnosticsManager] --- SERVER STARTED END ---
2015-12-09 21:15:01.703+0000 INFO  [o.n.k.i.f.GraphDatabaseFacade] Shutdown started
2015-12-09 21:15:01.772+0000 INFO  [o.n.k.i.f.CommunityFacadeFactory] Database is now unavailable
2015-12-09 21:15:01.841+0000 INFO  [o.n.k.i.s.c.CountsTracker] About to rotate counts store at transaction 2006 to [C:\561\2000\2000D0\neostore.counts.db.b], from [C:\561\2000\2000D0\neostore.counts.db.a].
2015-12-09 21:15:01.854+0000 INFO  [o.n.k.i.s.c.CountsTracker] Successfully rotated counts store at transaction 2006 to [C:\561\2000\2000D0\neostore.counts.db.b], from [C:\561\2000\2000D0\neostore.counts.db.a].
2015-12-09 21:15:01.971+0000 INFO  [o.n.k.i.t.l.c.CheckPointerImpl] Check Pointing triggered by database shutdown [2006]:  Starting check pointing...
2015-12-09 21:15:01.978+0000 INFO  [o.n.k.i.t.l.c.CheckPointerImpl] Check Pointing triggered by database shutdown [2006]:  Starting store flush...
2015-12-09 21:15:02.003+0000 INFO  [o.n.k.i.t.l.c.CheckPointerImpl] Check Pointing triggered by database shutdown [2006]:  Store flush completed
2015-12-09 21:15:02.010+0000 INFO  [o.n.k.i.t.l.c.CheckPointerImpl] Check Pointing triggered by database shutdown [2006]:  Starting appending check point entry into the tx log...
2015-12-09 21:15:02.045+0000 INFO  [o.n.k.i.t.l.c.CheckPointerImpl] Check Pointing triggered by database shutdown [2006]:  Appending check point entry into the tx log completed
2015-12-09 21:15:02.051+0000 INFO  [o.n.k.i.t.l.c.CheckPointerImpl] Check Pointing triggered by database shutdown [2006]:  Check pointing completed
2015-12-09 21:15:02.057+0000 INFO  [o.n.k.i.t.l.p.LogPruningImpl] Log Rotation [0]:  Starting log pruning.
2015-12-09 21:15:02.063+0000 INFO  [o.n.k.i.t.l.p.LogPruningImpl] Log Rotation [0]:  Log pruning complete.
2015-12-09 21:15:03.476+0000 INFO  [o.n.k.NeoStoreDataSource] NeoStores closed
2015-12-09 21:15:03.479+0000 INFO  [o.n.k.i.DiagnosticsManager] --- STOPPING diagnostics START ---
2015-12-09 21:15:03.479+0000 INFO  [o.n.k.i.DiagnosticsManager] --- STOPPING diagnostics END ---
2015-12-10 20:24:24.733+0000 INFO  [o.n.k.i.f.CommunityFacadeFactory] No locking implementation specified, defaulting to 'community'
2015-12-10 20:24:24.776+0000 INFO  [o.n.k.AvailabilityGuard] Requirement makes database unavailable: Database available
2015-12-10 20:24:24.780+0000 INFO  [o.n.k.i.DiagnosticsManager] --- INITIALIZED diagnostics START ---
2015-12-10 20:24:24.780+0000 INFO  [o.n.k.i.DiagnosticsManager] Neo4j Kernel properties:
2015-12-10 20:24:24.780+0000 INFO  [o.n.k.i.DiagnosticsManager] org.neo4j.server.db.tuning.properties=C:\561\2000\2000D0\neo4j.properties
2015-12-10 20:24:24.780+0000 INFO  [o.n.k.i.DiagnosticsManager] org.neo4j.server.database.location=C:\561\2000\2000D0
2015-12-10 20:24:24.780+0000 INFO  [o.n.k.i.DiagnosticsManager] dbms.querylog.filename=data/log/queries.log
2015-12-10 20:24:24.780+0000 INFO  [o.n.k.i.DiagnosticsManager] dbms.security.auth_store.location=C:\561\2000\2000D0\.\dbms\auth
2015-12-10 20:24:24.780+0000 INFO  [o.n.k.i.DiagnosticsManager] dbms.security.tls_certificate_file=C:\561\2000\2000D0\.\dbms\ssl\snakeoil.cert
2015-12-10 20:24:24.780+0000 INFO  [o.n.k.i.DiagnosticsManager] remote_shell_enabled=true
2015-12-10 20:24:24.780+0000 INFO  [o.n.k.i.DiagnosticsManager] edition=Community
2015-12-10 20:24:24.780+0000 INFO  [o.n.k.i.DiagnosticsManager] dbms.security.tls_key_file=C:\561\2000\2000D0\.\dbms\ssl\snakeoil.key
2015-12-10 20:24:24.780+0000 INFO  [o.n.k.i.DiagnosticsManager] Diagnostics providers:
2015-12-10 20:24:24.780+0000 INFO  [o.n.k.i.DiagnosticsManager] org.neo4j.kernel.configuration.Config
2015-12-10 20:24:24.780+0000 INFO  [o.n.k.i.DiagnosticsManager] org.neo4j.kernel.info.DiagnosticsManager
2015-12-10 20:24:24.780+0000 INFO  [o.n.k.i.DiagnosticsManager] SYSTEM_MEMORY
2015-12-10 20:24:24.780+0000 INFO  [o.n.k.i.DiagnosticsManager] JAVA_MEMORY
2015-12-10 20:24:24.780+0000 INFO  [o.n.k.i.DiagnosticsManager] OPERATING_SYSTEM
2015-12-10 20:24:24.781+0000 INFO  [o.n.k.i.DiagnosticsManager] JAVA_VIRTUAL_MACHINE
2015-12-10 20:24:24.781+0000 INFO  [o.n.k.i.DiagnosticsManager] CLASSPATH
2015-12-10 20:24:24.781+0000 INFO  [o.n.k.i.DiagnosticsManager] LIBRARY_PATH
2015-12-10 20:24:24.781+0000 INFO  [o.n.k.i.DiagnosticsManager] SYSTEM_PROPERTIES
2015-12-10 20:24:24.781+0000 INFO  [o.n.k.i.DiagnosticsManager] NETWORK
2015-12-10 20:24:24.781+0000 INFO  [o.n.k.i.DiagnosticsManager] System memory information:
2015-12-10 20:24:24.781+0000 INFO  [o.n.k.i.DiagnosticsManager] Total Physical memory: 3.93 GB
2015-12-10 20:24:24.781+0000 INFO  [o.n.k.i.DiagnosticsManager] Free Physical memory: 2.04 GB
2015-12-10 20:24:24.781+0000 INFO  [o.n.k.i.DiagnosticsManager] Committed virtual memory: 390.38 MB
2015-12-10 20:24:24.781+0000 INFO  [o.n.k.i.DiagnosticsManager] Total swap space: 5.66 GB
2015-12-10 20:24:24.781+0000 INFO  [o.n.k.i.DiagnosticsManager] Free swap space: 2.04 GB
2015-12-10 20:24:24.781+0000 INFO  [o.n.k.i.DiagnosticsManager] JVM memory information:
2015-12-10 20:24:24.781+0000 INFO  [o.n.k.i.DiagnosticsManager] Free  memory: 20.66 MB
2015-12-10 20:24:24.781+0000 INFO  [o.n.k.i.DiagnosticsManager] Total memory: 96.00 MB
2015-12-10 20:24:24.781+0000 INFO  [o.n.k.i.DiagnosticsManager] Max   memory: 894.50 MB
2015-12-10 20:24:24.781+0000 INFO  [o.n.k.i.DiagnosticsManager] Garbage Collector: PS Scavenge: [PS Eden Space, PS Survivor Space]
2015-12-10 20:24:24.781+0000 INFO  [o.n.k.i.DiagnosticsManager] Garbage Collector: PS MarkSweep: [PS Eden Space, PS Survivor Space, PS Old Gen, PS Perm Gen]
2015-12-10 20:24:24.781+0000 INFO  [o.n.k.i.DiagnosticsManager] Memory Pool: Code Cache (Non-heap memory): committed=13.31 MB, used=12.13 MB, max=48.00 MB, threshold=0.00 B
2015-12-10 20:24:24.782+0000 INFO  [o.n.k.i.DiagnosticsManager] Memory Pool: PS Eden Space (Heap memory): committed=20.00 MB, used=13.31 MB, max=334.00 MB, threshold=?
2015-12-10 20:24:24.782+0000 INFO  [o.n.k.i.DiagnosticsManager] Memory Pool: PS Survivor Space (Heap memory): committed=512.00 kB, used=512.00 kB, max=512.00 kB, threshold=?
2015-12-10 20:24:24.782+0000 INFO  [o.n.k.i.DiagnosticsManager] Memory Pool: PS Old Gen (Heap memory): committed=75.50 MB, used=61.53 MB, max=670.50 MB, threshold=0.00 B
2015-12-10 20:24:24.782+0000 INFO  [o.n.k.i.DiagnosticsManager] Memory Pool: PS Perm Gen (Non-heap memory): committed=70.50 MB, used=68.59 MB, max=82.00 MB, threshold=0.00 B
2015-12-10 20:24:24.782+0000 INFO  [o.n.k.i.DiagnosticsManager] Operating system information:
2015-12-10 20:24:24.782+0000 INFO  [o.n.k.i.DiagnosticsManager] Operating System: Windows 8.1; version: 6.3; arch: amd64; cpus: 8
2015-12-10 20:24:24.783+0000 INFO  [o.n.k.i.DiagnosticsManager] Process id: 3784@ATAN-B03-02
2015-12-10 20:24:24.783+0000 INFO  [o.n.k.i.DiagnosticsManager] Byte order: LITTLE_ENDIAN
2015-12-10 20:24:24.783+0000 INFO  [o.n.k.i.DiagnosticsManager] Local timezone: America/Chicago
2015-12-10 20:24:24.783+0000 INFO  [o.n.k.i.DiagnosticsManager] JVM information:
2015-12-10 20:24:24.783+0000 INFO  [o.n.k.i.DiagnosticsManager] VM Name: Java HotSpot(TM) 64-Bit Server VM
2015-12-10 20:24:24.783+0000 INFO  [o.n.k.i.DiagnosticsManager] VM Vendor: Oracle Corporation
2015-12-10 20:24:24.783+0000 INFO  [o.n.k.i.DiagnosticsManager] VM Version: 24.80-b11
2015-12-10 20:24:24.783+0000 INFO  [o.n.k.i.DiagnosticsManager] JIT compiler: HotSpot 64-Bit Tiered Compilers
2015-12-10 20:24:24.783+0000 INFO  [o.n.k.i.DiagnosticsManager] VM Arguments: [-Dexe4j.semaphoreName=Local\c:_program_files_neo4j_ce_2.3.1_bin_neo4j-ce.exe, -Dexe4j.isInstall4j=true, -Dexe4j.moduleName=C:\Program Files\Neo4j CE 2.3.1\bin\neo4j-ce.exe, -Dexe4j.tempDir=, -Dexe4j.unextractedPosition=0, -Djava.library.path=C:\Program Files (x86)\AMD APP\bin\x86_64;C:\Program Files (x86)\AMD APP\bin\x86;C:\ProgramData\Oracle\Java\javapath;C:\Windows\system32;C:\Windows;C:\Windows\System32\Wbem;C:\Windows\System32\WindowsPowerShell\v1.0\;C:\Program Files (x86)\MiKTeX 2.9\miktex\bin\;C:\Program Files\TortoiseSVN\bin;C:\Windows\system32\config\systemprofile\.dnx\bin;C:\Program Files\Microsoft DNX\Dnvm\;C:\Program Files\MATLAB\R2015b\runtime\win64;C:\Program Files\MATLAB\R2015b\bin;C:\Program Files (x86)\ATI Technologies\ATI.ACE\Core-Static;c:\program files\neo4j ce 2.3.1\jre\bin, -Dexe4j.consoleCodepage=cp0, -Dinstall4j.launcherId=24, -Dinstall4j.swt=false]
2015-12-10 20:24:24.783+0000 INFO  [o.n.k.i.DiagnosticsManager] Java classpath:
2015-12-10 20:24:24.786+0000 INFO  [o.n.k.i.DiagnosticsManager]  [loader.1] file:/C:/Program%20Files/Neo4j%20CE%202.3.1/jre/lib/ext/dnsns.jar
2015-12-10 20:24:24.786+0000 INFO  [o.n.k.i.DiagnosticsManager]  [loader.0] file:/C:/Program%20Files/Neo4j%20CE%202.3.1/bin/
2015-12-10 20:24:24.786+0000 INFO  [o.n.k.i.DiagnosticsManager]  [bootstrap] C:\Program Files\Neo4j CE 2.3.1\jre\lib\resources.jar
2015-12-10 20:24:24.786+0000 INFO  [o.n.k.i.DiagnosticsManager]  [bootstrap] C:\Program Files\Neo4j CE 2.3.1\jre\lib\jfr.jar
2015-12-10 20:24:24.786+0000 INFO  [o.n.k.i.DiagnosticsManager]  [classpath] C:\Program Files\Neo4j CE 2.3.1\.install4j\i4jruntime.jar
2015-12-10 20:24:24.786+0000 INFO  [o.n.k.i.DiagnosticsManager]  [loader.1] file:/C:/Program%20Files/Neo4j%20CE%202.3.1/jre/lib/ext/sunmscapi.jar
2015-12-10 20:24:24.786+0000 INFO  [o.n.k.i.DiagnosticsManager]  [bootstrap] C:\Program Files\Neo4j CE 2.3.1\jre\lib\jsse.jar
2015-12-10 20:24:24.786+0000 INFO  [o.n.k.i.DiagnosticsManager]  [loader.1] file:/C:/Program%20Files/Neo4j%20CE%202.3.1/jre/lib/ext/dns_sd.jar
2015-12-10 20:24:24.786+0000 INFO  [o.n.k.i.DiagnosticsManager]  [loader.0] file:/C:/Program%20Files/Neo4j%20CE%202.3.1/.install4j/i4jruntime.jar
2015-12-10 20:24:24.786+0000 INFO  [o.n.k.i.DiagnosticsManager]  [loader.0] file:/C:/Program%20Files/Neo4j%20CE%202.3.1/bin/neo4j-desktop-2.3.1.jar
2015-12-10 20:24:24.786+0000 INFO  [o.n.k.i.DiagnosticsManager]  [loader.1] file:/C:/Program%20Files/Neo4j%20CE%202.3.1/jre/lib/ext/access-bridge-64.jar
2015-12-10 20:24:24.786+0000 INFO  [o.n.k.i.DiagnosticsManager]  [loader.1] file:/C:/Program%20Files/Neo4j%20CE%202.3.1/jre/lib/ext/localedata.jar
2015-12-10 20:24:24.786+0000 INFO  [o.n.k.i.DiagnosticsManager]  [bootstrap] C:\Program Files\Neo4j CE 2.3.1\jre\lib\sunrsasign.jar
2015-12-10 20:24:24.786+0000 INFO  [o.n.k.i.DiagnosticsManager]  [bootstrap] C:\Program Files\Neo4j CE 2.3.1\jre\lib\jce.jar
2015-12-10 20:24:24.786+0000 INFO  [o.n.k.i.DiagnosticsManager]  [bootstrap] C:\Program Files\Neo4j CE 2.3.1\jre\lib\rt.jar
2015-12-10 20:24:24.786+0000 INFO  [o.n.k.i.DiagnosticsManager]  [bootstrap] C:\Program Files\Neo4j CE 2.3.1\jre\lib\charsets.jar
2015-12-10 20:24:24.786+0000 INFO  [o.n.k.i.DiagnosticsManager]  [loader.1] file:/C:/Program%20Files/Neo4j%20CE%202.3.1/jre/lib/ext/sunjce_provider.jar
2015-12-10 20:24:24.786+0000 INFO  [o.n.k.i.DiagnosticsManager]  [bootstrap] C:\Program Files\Neo4j CE 2.3.1\jre\classes
2015-12-10 20:24:24.786+0000 INFO  [o.n.k.i.DiagnosticsManager]  [loader.1] file:/C:/Program%20Files/Neo4j%20CE%202.3.1/jre/lib/ext/zipfs.jar
2015-12-10 20:24:24.786+0000 INFO  [o.n.k.i.DiagnosticsManager]  [loader.1] file:/C:/Program%20Files/Neo4j%20CE%202.3.1/jre/lib/ext/jaccess.jar
2015-12-10 20:24:24.786+0000 INFO  [o.n.k.i.DiagnosticsManager]  [loader.1] file:/C:/Program%20Files/Neo4j%20CE%202.3.1/jre/lib/ext/sunec.jar
2015-12-10 20:24:24.786+0000 INFO  [o.n.k.i.DiagnosticsManager]  [classpath] C:\Program Files\Neo4j CE 2.3.1\bin\neo4j-desktop-2.3.1.jar
2015-12-10 20:24:24.786+0000 INFO  [o.n.k.i.DiagnosticsManager] Library path:
2015-12-10 20:24:24.786+0000 INFO  [o.n.k.i.DiagnosticsManager] C:\Program Files (x86)\AMD APP\bin\x86_64
2015-12-10 20:24:24.787+0000 INFO  [o.n.k.i.DiagnosticsManager] C:\Program Files (x86)\AMD APP\bin\x86
2015-12-10 20:24:24.787+0000 INFO  [o.n.k.i.DiagnosticsManager] C:\ProgramData\Oracle\Java\javapath
2015-12-10 20:24:24.787+0000 INFO  [o.n.k.i.DiagnosticsManager] C:\Windows\System32
2015-12-10 20:24:24.787+0000 INFO  [o.n.k.i.DiagnosticsManager] C:\Windows
2015-12-10 20:24:24.788+0000 INFO  [o.n.k.i.DiagnosticsManager] C:\Windows\System32\wbem
2015-12-10 20:24:24.788+0000 INFO  [o.n.k.i.DiagnosticsManager] C:\Windows\System32\WindowsPowerShell\v1.0
2015-12-10 20:24:24.788+0000 INFO  [o.n.k.i.DiagnosticsManager] C:\Program Files (x86)\MiKTeX 2.9\miktex\bin
2015-12-10 20:24:24.788+0000 INFO  [o.n.k.i.DiagnosticsManager] C:\Program Files\TortoiseSVN\bin
2015-12-10 20:24:24.789+0000 INFO  [o.n.k.i.DiagnosticsManager] C:\Windows\System32\config\systemprofile\.dnx\bin
2015-12-10 20:24:24.789+0000 INFO  [o.n.k.i.DiagnosticsManager] C:\Program Files\Microsoft DNX\Dnvm
2015-12-10 20:24:24.789+0000 INFO  [o.n.k.i.DiagnosticsManager] C:\Program Files\MATLAB\R2015b\runtime\win64
2015-12-10 20:24:24.789+0000 INFO  [o.n.k.i.DiagnosticsManager] C:\Program Files\MATLAB\R2015b\bin
2015-12-10 20:24:24.790+0000 INFO  [o.n.k.i.DiagnosticsManager] C:\Program Files (x86)\ATI Technologies\ATI.ACE\Core-Static
2015-12-10 20:24:24.790+0000 INFO  [o.n.k.i.DiagnosticsManager] C:\Program Files\Neo4j CE 2.3.1\jre\bin
2015-12-10 20:24:24.790+0000 INFO  [o.n.k.i.DiagnosticsManager] System.properties:
2015-12-10 20:24:24.790+0000 INFO  [o.n.k.i.DiagnosticsManager] exe4j.moduleName = C:\Program Files\Neo4j CE 2.3.1\bin\neo4j-ce.exe
2015-12-10 20:24:24.790+0000 INFO  [o.n.k.i.DiagnosticsManager] exe4j.semaphoreName = Local\c:_program_files_neo4j_ce_2.3.1_bin_neo4j-ce.exe
2015-12-10 20:24:24.790+0000 INFO  [o.n.k.i.DiagnosticsManager] sun.boot.library.path = c:\program files\neo4j ce 2.3.1\jre\bin
2015-12-10 20:24:24.790+0000 INFO  [o.n.k.i.DiagnosticsManager] exe4j.consoleCodepage = cp0
2015-12-10 20:24:24.790+0000 INFO  [o.n.k.i.DiagnosticsManager] path.separator = ;
2015-12-10 20:24:24.790+0000 INFO  [o.n.k.i.DiagnosticsManager] file.encoding.pkg = sun.io
2015-12-10 20:24:24.790+0000 INFO  [o.n.k.i.DiagnosticsManager] user.country = US
2015-12-10 20:24:24.790+0000 INFO  [o.n.k.i.DiagnosticsManager] user.script = 
2015-12-10 20:24:24.790+0000 INFO  [o.n.k.i.DiagnosticsManager] sun.os.patch.level = 
2015-12-10 20:24:24.790+0000 INFO  [o.n.k.i.DiagnosticsManager] install4j.exeDir = C:\Program Files\Neo4j CE 2.3.1\bin\
2015-12-10 20:24:24.790+0000 INFO  [o.n.k.i.DiagnosticsManager] user.dir = C:\Program Files\Neo4j CE 2.3.1\bin
2015-12-10 20:24:24.790+0000 INFO  [o.n.k.i.DiagnosticsManager] neo4j.ext.udc.source = desktop
2015-12-10 20:24:24.790+0000 INFO  [o.n.k.i.DiagnosticsManager] user.variant = 
2015-12-10 20:24:24.790+0000 INFO  [o.n.k.i.DiagnosticsManager] exe4j.tempDir = 
2015-12-10 20:24:24.790+0000 INFO  [o.n.k.i.DiagnosticsManager] sun.jnu.encoding = Cp1252
2015-12-10 20:24:24.790+0000 INFO  [o.n.k.i.DiagnosticsManager] sun.awt.enableExtraMouseButtons = true
2015-12-10 20:24:24.790+0000 INFO  [o.n.k.i.DiagnosticsManager] install4j.launcherId = 24
2015-12-10 20:24:24.790+0000 INFO  [o.n.k.i.DiagnosticsManager] sun.management.compiler = HotSpot 64-Bit Tiered Compilers
2015-12-10 20:24:24.791+0000 INFO  [o.n.k.i.DiagnosticsManager] exe4j.isInstall4j = true
2015-12-10 20:24:24.791+0000 INFO  [o.n.k.i.DiagnosticsManager] install4j.swt = false
2015-12-10 20:24:24.791+0000 INFO  [o.n.k.i.DiagnosticsManager] user.home = C:\Users\cez
2015-12-10 20:24:24.791+0000 INFO  [o.n.k.i.DiagnosticsManager] user.timezone = America/Chicago
2015-12-10 20:24:24.791+0000 INFO  [o.n.k.i.DiagnosticsManager] file.encoding = Cp1252
2015-12-10 20:24:24.791+0000 INFO  [o.n.k.i.DiagnosticsManager] user.name = cez
2015-12-10 20:24:24.791+0000 INFO  [o.n.k.i.DiagnosticsManager] sun.java.command = C:\Program Files\Neo4j CE 2.3.1\bin\neo4j-ce.exe
2015-12-10 20:24:24.791+0000 INFO  [o.n.k.i.DiagnosticsManager] sun.arch.data.model = 64
2015-12-10 20:24:24.791+0000 INFO  [o.n.k.i.DiagnosticsManager] exe4j.launchName = C:\Program Files\Neo4j CE 2.3.1\bin\neo4j-ce.exe
2015-12-10 20:24:24.791+0000 INFO  [o.n.k.i.DiagnosticsManager] user.language = en
2015-12-10 20:24:24.791+0000 INFO  [o.n.k.i.DiagnosticsManager] awt.toolkit = sun.awt.windows.WToolkit
2015-12-10 20:24:24.791+0000 INFO  [o.n.k.i.DiagnosticsManager] exe4j.unextractedPosition = 0
2015-12-10 20:24:24.791+0000 INFO  [o.n.k.i.DiagnosticsManager] install4j.appDir = C:\Program Files\Neo4j CE 2.3.1\
2015-12-10 20:24:24.791+0000 INFO  [o.n.k.i.DiagnosticsManager] file.separator = \
2015-12-10 20:24:24.791+0000 INFO  [o.n.k.i.DiagnosticsManager] sun.io.unicode.encoding = UnicodeLittle
2015-12-10 20:24:24.791+0000 INFO  [o.n.k.i.DiagnosticsManager] sun.cpu.endian = little
2015-12-10 20:24:24.791+0000 INFO  [o.n.k.i.DiagnosticsManager] sun.desktop = windows
2015-12-10 20:24:24.791+0000 INFO  [o.n.k.i.DiagnosticsManager] sun.cpu.isalist = amd64
2015-12-10 20:24:24.791+0000 INFO  [o.n.k.i.DiagnosticsManager] Network information:
2015-12-10 20:24:24.811+0000 INFO  [o.n.k.i.DiagnosticsManager] Interface Software Loopback Interface 1:
2015-12-10 20:24:24.811+0000 INFO  [o.n.k.i.DiagnosticsManager]     address: 127.0.0.1
2015-12-10 20:24:24.811+0000 INFO  [o.n.k.i.DiagnosticsManager]     address: 0:0:0:0:0:0:0:1
2015-12-10 20:24:24.811+0000 INFO  [o.n.k.i.DiagnosticsManager] Interface Microsoft Kernel Debug Network Adapter:
2015-12-10 20:24:24.811+0000 INFO  [o.n.k.i.DiagnosticsManager] Interface Intel(R) 82578DM Gigabit Network Connection:
2015-12-10 20:24:24.811+0000 INFO  [o.n.k.i.DiagnosticsManager]     address: 10.24.47.166
2015-12-10 20:24:24.811+0000 INFO  [o.n.k.i.DiagnosticsManager]     address: 2610:130:101:d00:4493:c16:efa9:8b55
2015-12-10 20:24:24.811+0000 INFO  [o.n.k.i.DiagnosticsManager]     address: 2610:130:101:d00:920:e15d:79eb:345b
2015-12-10 20:24:24.811+0000 INFO  [o.n.k.i.DiagnosticsManager]     address: 2610:130:101:d00:a502:b02c:1a2d:577b
2015-12-10 20:24:24.811+0000 INFO  [o.n.k.i.DiagnosticsManager]     address: fe80:0:0:0:4493:c16:efa9:8b55%3
2015-12-10 20:24:24.811+0000 INFO  [o.n.k.i.DiagnosticsManager] Interface Microsoft ISATAP Adapter:
2015-12-10 20:24:24.812+0000 INFO  [o.n.k.i.DiagnosticsManager]     address: fe80:0:0:0:0:5efe:c0a8:3801%4
2015-12-10 20:24:24.812+0000 INFO  [o.n.k.i.DiagnosticsManager] Interface Teredo Tunneling Pseudo-Interface:
2015-12-10 20:24:24.812+0000 INFO  [o.n.k.i.DiagnosticsManager] Interface Microsoft ISATAP Adapter #2:
2015-12-10 20:24:24.812+0000 INFO  [o.n.k.i.DiagnosticsManager]     address: fe80:0:0:0:0:5efe:a18:2fa6%6
2015-12-10 20:24:24.812+0000 INFO  [o.n.k.i.DiagnosticsManager] Interface VirtualBox Host-Only Ethernet Adapter:
2015-12-10 20:24:24.812+0000 INFO  [o.n.k.i.DiagnosticsManager]     address: 192.168.56.1
2015-12-10 20:24:24.812+0000 INFO  [o.n.k.i.DiagnosticsManager]     address: fe80:0:0:0:4133:2d33:29c2:6efa%7
2015-12-10 20:24:24.812+0000 INFO  [o.n.k.i.DiagnosticsManager] Interface Microsoft ISATAP Adapter #3:
2015-12-10 20:24:24.812+0000 INFO  [o.n.k.i.DiagnosticsManager] Interface VirtualBox Host-Only Ethernet Adapter-WFP Native MAC Layer LightWeight Filter-0000:
2015-12-10 20:24:24.812+0000 INFO  [o.n.k.i.DiagnosticsManager] Interface VirtualBox Host-Only Ethernet Adapter-VirtualBox NDIS Light-Weight Filter-0000:
2015-12-10 20:24:24.812+0000 INFO  [o.n.k.i.DiagnosticsManager] Interface VirtualBox Host-Only Ethernet Adapter-QoS Packet Scheduler-0000:
2015-12-10 20:24:24.812+0000 INFO  [o.n.k.i.DiagnosticsManager] Interface VirtualBox Host-Only Ethernet Adapter-WFP 802.3 MAC Layer LightWeight Filter-0000:
2015-12-10 20:24:24.812+0000 INFO  [o.n.k.i.DiagnosticsManager] Interface Intel(R) 82578DM Gigabit Network Connection-WFP Native MAC Layer LightWeight Filter-0000:
2015-12-10 20:24:24.812+0000 INFO  [o.n.k.i.DiagnosticsManager] Interface Intel(R) 82578DM Gigabit Network Connection-VirtualBox NDIS Light-Weight Filter-0000:
2015-12-10 20:24:24.812+0000 INFO  [o.n.k.i.DiagnosticsManager] Interface Intel(R) 82578DM Gigabit Network Connection-QoS Packet Scheduler-0000:
2015-12-10 20:24:24.812+0000 INFO  [o.n.k.i.DiagnosticsManager] Interface Intel(R) 82578DM Gigabit Network Connection-WFP 802.3 MAC Layer LightWeight Filter-0000:
2015-12-10 20:24:24.812+0000 INFO  [o.n.k.i.DiagnosticsManager] --- INITIALIZED diagnostics END ---
2015-12-10 20:24:26.119+0000 INFO  [o.n.k.KernelHealth] Kernel health set to OK
2015-12-10 20:24:26.143+0000 INFO  [o.n.k.AvailabilityGuard] Fulfilling of requirement makes database available: Database available
2015-12-10 20:24:26.149+0000 INFO  [o.n.k.i.f.CommunityFacadeFactory] Database is now ready
2015-12-10 20:24:26.155+0000 INFO  [o.n.k.i.DiagnosticsManager] --- STARTED diagnostics for KernelDiagnostics:Versions START ---
2015-12-10 20:24:26.161+0000 INFO  [o.n.k.i.DiagnosticsManager] Graph Database: Community StoreId{creationTime=1449695466055, randomId=-3622554638860637871, storeVersion=15250506225055238, upgradeTime=1449695466055, upgradeId=1}
2015-12-10 20:24:26.167+0000 INFO  [o.n.k.i.DiagnosticsManager] Kernel version: 2.3.1
2015-12-10 20:24:26.173+0000 INFO  [o.n.k.i.DiagnosticsManager] --- STARTED diagnostics for KernelDiagnostics:Versions END ---
2015-12-10 20:24:26.179+0000 INFO  [o.n.k.i.DiagnosticsManager] --- STARTED diagnostics for NEO_STORE_VERSIONS START ---
2015-12-10 20:24:26.183+0000 INFO  [o.n.k.i.DiagnosticsManager] Store versions:
2015-12-10 20:24:26.186+0000 INFO  [o.n.k.i.DiagnosticsManager] Store versions:
2015-12-10 20:24:26.189+0000 INFO  [o.n.k.i.DiagnosticsManager] ArrayPropertyStore v0.A.6
2015-12-10 20:24:26.192+0000 INFO  [o.n.k.i.DiagnosticsManager] NodeStore v0.A.6
2015-12-10 20:24:26.194+0000 INFO  [o.n.k.i.DiagnosticsManager] StringPropertyStore v0.A.6
2015-12-10 20:24:26.197+0000 INFO  [o.n.k.i.DiagnosticsManager] PropertyIndexStore v0.A.6
2015-12-10 20:24:26.200+0000 INFO  [o.n.k.i.DiagnosticsManager] StringPropertyStore v0.A.6
2015-12-10 20:24:26.203+0000 INFO  [o.n.k.i.DiagnosticsManager] ArrayPropertyStore v0.A.6
2015-12-10 20:24:26.206+0000 INFO  [o.n.k.i.DiagnosticsManager] PropertyStore v0.A.6
2015-12-10 20:24:26.208+0000 INFO  [o.n.k.i.DiagnosticsManager] RelationshipStore v0.A.6
2015-12-10 20:24:26.211+0000 INFO  [o.n.k.i.DiagnosticsManager] StringPropertyStore v0.A.6
2015-12-10 20:24:26.213+0000 INFO  [o.n.k.i.DiagnosticsManager] RelationshipTypeStore v0.A.6
2015-12-10 20:24:26.216+0000 INFO  [o.n.k.i.DiagnosticsManager] StringPropertyStore v0.A.6
2015-12-10 20:24:26.218+0000 INFO  [o.n.k.i.DiagnosticsManager] LabelTokenStore v0.A.6
2015-12-10 20:24:26.220+0000 INFO  [o.n.k.i.DiagnosticsManager] SchemaStore v0.A.6
2015-12-10 20:24:26.223+0000 INFO  [o.n.k.i.DiagnosticsManager] RelationshipGroupStore v0.A.6
2015-12-10 20:24:26.225+0000 INFO  [o.n.k.i.DiagnosticsManager] NeoStore v0.A.6
2015-12-10 20:24:26.227+0000 INFO  [o.n.k.i.DiagnosticsManager] --- STARTED diagnostics for NEO_STORE_VERSIONS END ---
2015-12-10 20:24:26.229+0000 INFO  [o.n.k.i.DiagnosticsManager] --- STARTED diagnostics for NEO_STORE_ID_USAGE START ---
2015-12-10 20:24:26.232+0000 INFO  [o.n.k.i.DiagnosticsManager] Id usage:
2015-12-10 20:24:26.234+0000 INFO  [o.n.k.i.DiagnosticsManager] Id usage:
2015-12-10 20:24:26.236+0000 INFO  [o.n.k.i.DiagnosticsManager]   ArrayPropertyStore v0.A.6: used=1 high=0
2015-12-10 20:24:26.238+0000 INFO  [o.n.k.i.DiagnosticsManager]   NodeStore v0.A.6: used=2000 high=1999
2015-12-10 20:24:26.240+0000 INFO  [o.n.k.i.DiagnosticsManager]   StringPropertyStore v0.A.6: used=5 high=4
2015-12-10 20:24:26.242+0000 INFO  [o.n.k.i.DiagnosticsManager]   PropertyIndexStore v0.A.6: used=4 high=3
2015-12-10 20:24:26.245+0000 INFO  [o.n.k.i.DiagnosticsManager]   StringPropertyStore v0.A.6: used=1 high=0
2015-12-10 20:24:26.247+0000 INFO  [o.n.k.i.DiagnosticsManager]   ArrayPropertyStore v0.A.6: used=1 high=0
2015-12-10 20:24:26.249+0000 INFO  [o.n.k.i.DiagnosticsManager]   PropertyStore v0.A.6: used=4000 high=3999
2015-12-10 20:24:26.252+0000 INFO  [o.n.k.i.DiagnosticsManager]   RelationshipStore v0.A.6: used=0 high=-1
2015-12-10 20:24:26.254+0000 INFO  [o.n.k.i.DiagnosticsManager]   StringPropertyStore v0.A.6: used=1 high=0
2015-12-10 20:24:26.257+0000 INFO  [o.n.k.i.DiagnosticsManager]   RelationshipTypeStore v0.A.6: used=0 high=-1
2015-12-10 20:24:26.259+0000 INFO  [o.n.k.i.DiagnosticsManager]   StringPropertyStore v0.A.6: used=2 high=1
2015-12-10 20:24:26.261+0000 INFO  [o.n.k.i.DiagnosticsManager]   LabelTokenStore v0.A.6: used=1 high=0
2015-12-10 20:24:26.263+0000 INFO  [o.n.k.i.DiagnosticsManager]   SchemaStore v0.A.6: used=1 high=0
2015-12-10 20:24:26.265+0000 INFO  [o.n.k.i.DiagnosticsManager]   RelationshipGroupStore v0.A.6: used=1 high=0
2015-12-10 20:24:26.267+0000 INFO  [o.n.k.i.DiagnosticsManager]   NeoStore v0.A.6: used=13 high=12
2015-12-10 20:24:26.270+0000 INFO  [o.n.k.i.DiagnosticsManager] --- STARTED diagnostics for NEO_STORE_ID_USAGE END ---
2015-12-10 20:24:26.272+0000 INFO  [o.n.k.i.DiagnosticsManager] --- STARTED diagnostics for NEO_STORE_RECORDS START ---
2015-12-10 20:24:26.274+0000 INFO  [o.n.k.i.DiagnosticsManager] Neostore records:
2015-12-10 20:24:26.276+0000 INFO  [o.n.k.i.DiagnosticsManager] TIME (Creation time): 1449695466055
2015-12-10 20:24:26.278+0000 INFO  [o.n.k.i.DiagnosticsManager] RANDOM_NUMBER (Random number for store id): -3622554638860637871
2015-12-10 20:24:26.468+0000 INFO  [o.n.k.i.DiagnosticsManager] LOG_VERSION (Current log version): 0
2015-12-10 20:24:26.471+0000 INFO  [o.n.k.i.DiagnosticsManager] LAST_TRANSACTION_ID (Last committed transaction): 2006
2015-12-10 20:24:26.473+0000 INFO  [o.n.k.i.DiagnosticsManager] STORE_VERSION (Store format version): 15250506225055238
2015-12-10 20:24:26.476+0000 INFO  [o.n.k.i.DiagnosticsManager] FIRST_GRAPH_PROPERTY (First property record containing graph properties): -1
2015-12-10 20:24:26.478+0000 INFO  [o.n.k.i.DiagnosticsManager] LAST_CONSTRAINT_TRANSACTION (Last committed transaction containing constraint changes): 0
2015-12-10 20:24:26.480+0000 INFO  [o.n.k.i.DiagnosticsManager] UPGRADE_TRANSACTION_ID (Transaction id most recent upgrade was performed at): 1
2015-12-10 20:24:26.482+0000 INFO  [o.n.k.i.DiagnosticsManager] UPGRADE_TIME (Time of last upgrade): 1449695466055
2015-12-10 20:24:26.484+0000 INFO  [o.n.k.i.DiagnosticsManager] LAST_TRANSACTION_CHECKSUM (Checksum of last committed transaction): -162477471469
2015-12-10 20:24:26.487+0000 INFO  [o.n.k.i.DiagnosticsManager] UPGRADE_TRANSACTION_CHECKSUM (Checksum of transaction id the most recent upgrade was performed at): 0
2015-12-10 20:24:26.489+0000 INFO  [o.n.k.i.DiagnosticsManager] LAST_CLOSED_TRANSACTION_LOG_VERSION (Log version where the last transaction commit entry has been written into): 0
2015-12-10 20:24:26.491+0000 INFO  [o.n.k.i.DiagnosticsManager] LAST_CLOSED_TRANSACTION_LOG_BYTE_OFFSET (Byte offset in the log file where the last transaction commit entry has been written into): 676698
2015-12-10 20:24:26.493+0000 INFO  [o.n.k.i.DiagnosticsManager] --- STARTED diagnostics for NEO_STORE_RECORDS END ---
2015-12-10 20:24:26.495+0000 INFO  [o.n.k.i.DiagnosticsManager] --- STARTED diagnostics for TRANSACTION_RANGE START ---
2015-12-10 20:24:26.498+0000 INFO  [o.n.k.i.DiagnosticsManager] Transaction log:
2015-12-10 20:24:26.500+0000 INFO  [o.n.k.i.DiagnosticsManager] Oldest transaction 2 found in log with version 0
2015-12-10 20:24:26.503+0000 INFO  [o.n.k.i.DiagnosticsManager] --- STARTED diagnostics for TRANSACTION_RANGE END ---
2015-12-10 20:24:26.505+0000 INFO  [o.n.k.i.DiagnosticsManager] --- STARTED diagnostics for KernelDiagnostics:StoreFiles START ---
2015-12-10 20:24:26.508+0000 INFO  [o.n.k.i.DiagnosticsManager] Disk space on partition (Total / Free / Free %): 499738734592 / 397551321088 / 79
Storage files: (filename : modification date - size)
2015-12-10 20:24:26.510+0000 INFO  [o.n.k.i.DiagnosticsManager]   dbms:
2015-12-10 20:24:26.513+0000 INFO  [o.n.k.i.DiagnosticsManager]     auth: 2015-12-09T15:11:06-0600 - 137.00 B
2015-12-10 20:24:26.515+0000 INFO  [o.n.k.i.DiagnosticsManager]     ssl:
2015-12-10 20:24:26.518+0000 INFO  [o.n.k.i.DiagnosticsManager]       snakeoil.cert: 2015-12-09T15:11:02-0600 - 630.00 B
2015-12-10 20:24:26.520+0000 INFO  [o.n.k.i.DiagnosticsManager]       snakeoil.key: 2015-12-09T15:11:02-0600 - 914.00 B
2015-12-10 20:24:26.523+0000 INFO  [o.n.k.i.DiagnosticsManager]     - Total: 2015-12-09T15:11:02-0600 - 1.51 kB
2015-12-10 20:24:26.525+0000 INFO  [o.n.k.i.DiagnosticsManager]   - Total: 2015-12-09T15:11:06-0600 - 1.64 kB
2015-12-10 20:24:26.528+0000 INFO  [o.n.k.i.DiagnosticsManager]   index:
2015-12-10 20:24:26.530+0000 INFO  [o.n.k.i.DiagnosticsManager]   - Total: 2015-12-09T15:11:06-0600 - 0.00 B
2015-12-10 20:24:26.533+0000 INFO  [o.n.k.i.DiagnosticsManager]   messages.log: 2015-12-10T14:24:26-0600 - 59.91 kB
2015-12-10 20:24:26.535+0000 INFO  [o.n.k.i.DiagnosticsManager]   neo4j.properties: 2015-12-09T15:11:02-0600 - 1.30 kB
2015-12-10 20:24:26.537+0000 INFO  [o.n.k.i.DiagnosticsManager]   neostore: 2015-12-09T15:15:01-0600 - 8.00 kB
2015-12-10 20:24:26.540+0000 INFO  [o.n.k.i.DiagnosticsManager]   neostore.counts.db.a: 2015-12-09T15:11:06-0600 - 96.00 B
2015-12-10 20:24:26.542+0000 INFO  [o.n.k.i.DiagnosticsManager]   neostore.counts.db.b: 2015-12-09T15:15:01-0600 - 160.00 B
2015-12-10 20:24:26.545+0000 INFO  [o.n.k.i.DiagnosticsManager]   neostore.id: 2015-12-10T14:24:25-0600 - 9.00 B
2015-12-10 20:24:26.547+0000 INFO  [o.n.k.i.DiagnosticsManager]   neostore.labeltokenstore.db: 2015-12-09T15:15:01-0600 - 8.00 kB
2015-12-10 20:24:26.550+0000 INFO  [o.n.k.i.DiagnosticsManager]   neostore.labeltokenstore.db.id: 2015-12-10T14:24:25-0600 - 9.00 B
2015-12-10 20:24:26.552+0000 INFO  [o.n.k.i.DiagnosticsManager]   neostore.labeltokenstore.db.names: 2015-12-09T15:15:01-0600 - 8.00 kB
2015-12-10 20:24:26.555+0000 INFO  [o.n.k.i.DiagnosticsManager]   neostore.labeltokenstore.db.names.id: 2015-12-10T14:24:25-0600 - 9.00 B
2015-12-10 20:24:26.557+0000 INFO  [o.n.k.i.DiagnosticsManager]   neostore.nodestore.db: 2015-12-09T15:15:01-0600 - 31.99 kB
2015-12-10 20:24:26.559+0000 INFO  [o.n.k.i.DiagnosticsManager]   neostore.nodestore.db.id: 2015-12-10T14:24:24-0600 - 9.00 B
2015-12-10 20:24:26.561+0000 INFO  [o.n.k.i.DiagnosticsManager]   neostore.nodestore.db.labels: 2015-12-09T15:11:03-0600 - 8.00 kB
2015-12-10 20:24:26.564+0000 INFO  [o.n.k.i.DiagnosticsManager]   neostore.nodestore.db.labels.id: 2015-12-10T14:24:24-0600 - 9.00 B
2015-12-10 20:24:26.566+0000 INFO  [o.n.k.i.DiagnosticsManager]   neostore.propertystore.db: 2015-12-09T15:15:02-0600 - 167.32 kB
2015-12-10 20:24:26.568+0000 INFO  [o.n.k.i.DiagnosticsManager]   neostore.propertystore.db.arrays: 2015-12-09T15:11:04-0600 - 8.00 kB
2015-12-10 20:24:26.571+0000 INFO  [o.n.k.i.DiagnosticsManager]   neostore.propertystore.db.arrays.id: 2015-12-10T14:24:25-0600 - 9.00 B
2015-12-10 20:24:26.574+0000 INFO  [o.n.k.i.DiagnosticsManager]   neostore.propertystore.db.id: 2015-12-10T14:24:25-0600 - 9.00 B
2015-12-10 20:24:26.576+0000 INFO  [o.n.k.i.DiagnosticsManager]   neostore.propertystore.db.index: 2015-12-09T15:15:01-0600 - 8.00 kB
2015-12-10 20:24:26.578+0000 INFO  [o.n.k.i.DiagnosticsManager]   neostore.propertystore.db.index.id: 2015-12-10T14:24:25-0600 - 9.00 B
2015-12-10 20:24:26.580+0000 INFO  [o.n.k.i.DiagnosticsManager]   neostore.propertystore.db.index.keys: 2015-12-09T15:15:01-0600 - 8.00 kB
2015-12-10 20:24:26.583+0000 INFO  [o.n.k.i.DiagnosticsManager]   neostore.propertystore.db.index.keys.id: 2015-12-10T14:24:25-0600 - 9.00 B
2015-12-10 20:24:26.585+0000 INFO  [o.n.k.i.DiagnosticsManager]   neostore.propertystore.db.strings: 2015-12-09T15:11:04-0600 - 8.00 kB
2015-12-10 20:24:26.588+0000 INFO  [o.n.k.i.DiagnosticsManager]   neostore.propertystore.db.strings.id: 2015-12-10T14:24:25-0600 - 9.00 B
2015-12-10 20:24:26.590+0000 INFO  [o.n.k.i.DiagnosticsManager]   neostore.relationshipgroupstore.db: 2015-12-09T15:11:05-0600 - 8.00 kB
2015-12-10 20:24:26.592+0000 INFO  [o.n.k.i.DiagnosticsManager]   neostore.relationshipgroupstore.db.id: 2015-12-10T14:24:25-0600 - 9.00 B
2015-12-10 20:24:26.595+0000 INFO  [o.n.k.i.DiagnosticsManager]   neostore.relationshipstore.db: 2015-12-09T15:11:04-0600 - 0.00 B
2015-12-10 20:24:26.597+0000 INFO  [o.n.k.i.DiagnosticsManager]   neostore.relationshipstore.db.id: 2015-12-10T14:24:25-0600 - 9.00 B
2015-12-10 20:24:26.599+0000 INFO  [o.n.k.i.DiagnosticsManager]   neostore.relationshiptypestore.db: 2015-12-09T15:11:05-0600 - 0.00 B
2015-12-10 20:24:26.602+0000 INFO  [o.n.k.i.DiagnosticsManager]   neostore.relationshiptypestore.db.id: 2015-12-10T14:24:25-0600 - 9.00 B
2015-12-10 20:24:26.604+0000 INFO  [o.n.k.i.DiagnosticsManager]   neostore.relationshiptypestore.db.names: 2015-12-09T15:11:04-0600 - 8.00 kB
2015-12-10 20:24:26.607+0000 INFO  [o.n.k.i.DiagnosticsManager]   neostore.relationshiptypestore.db.names.id: 2015-12-10T14:24:25-0600 - 9.00 B
2015-12-10 20:24:26.609+0000 INFO  [o.n.k.i.DiagnosticsManager]   neostore.schemastore.db: 2015-12-09T15:11:05-0600 - 8.00 kB
2015-12-10 20:24:26.612+0000 INFO  [o.n.k.i.DiagnosticsManager]   neostore.schemastore.db.id: 2015-12-10T14:24:25-0600 - 9.00 B
2015-12-10 20:24:26.614+0000 INFO  [o.n.k.i.DiagnosticsManager]   neostore.transaction.db.0: 2015-12-09T15:15:02-0600 - 660.86 kB
2015-12-10 20:24:26.616+0000 INFO  [o.n.k.i.DiagnosticsManager]   schema:
2015-12-10 20:24:26.618+0000 INFO  [o.n.k.i.DiagnosticsManager]     label:
2015-12-10 20:24:26.620+0000 INFO  [o.n.k.i.DiagnosticsManager]       lucene:
2015-12-10 20:24:26.623+0000 INFO  [o.n.k.i.DiagnosticsManager]         _326.cfs: 2015-12-09T15:13:40-0600 - 1.99 kB
2015-12-10 20:24:26.625+0000 INFO  [o.n.k.i.DiagnosticsManager]         segments.gen: 2015-12-09T15:15:01-0600 - 20.00 B
2015-12-10 20:24:26.627+0000 INFO  [o.n.k.i.DiagnosticsManager]         segments_1: 2015-12-09T15:15:01-0600 - 258.00 B
2015-12-10 20:24:26.629+0000 INFO  [o.n.k.i.DiagnosticsManager]         write.lock: 2015-12-10T14:24:25-0600 - 0.00 B
2015-12-10 20:24:26.631+0000 INFO  [o.n.k.i.DiagnosticsManager]       - Total: 2015-12-10T14:24:25-0600 - 2.27 kB
2015-12-10 20:24:26.633+0000 INFO  [o.n.k.i.DiagnosticsManager]     - Total: 2015-12-09T15:11:06-0600 - 2.27 kB
2015-12-10 20:24:26.636+0000 INFO  [o.n.k.i.DiagnosticsManager]   - Total: 2015-12-09T15:11:06-0600 - 2.27 kB
2015-12-10 20:24:26.638+0000 INFO  [o.n.k.i.DiagnosticsManager]   store_lock: 2015-12-09T15:11:03-0600 - 0.00 B
2015-12-10 20:24:26.640+0000 INFO  [o.n.k.i.DiagnosticsManager] --- STARTED diagnostics for KernelDiagnostics:StoreFiles END ---
2015-12-10 20:24:26.650+0000 INFO  [o.n.k.i.DiagnosticsManager] --- SERVER STARTED START ---
2015-12-10 20:24:27.303+0000 INFO  [o.n.k.i.DiagnosticsManager] --- SERVER STARTED END ---
2015-12-10 20:57:41.026+0000 INFO  [o.n.k.i.f.GraphDatabaseFacade] Shutdown started
2015-12-10 20:57:41.032+0000 INFO  [o.n.k.i.f.CommunityFacadeFactory] Database is now unavailable
2015-12-10 20:57:41.063+0000 INFO  [o.n.k.i.t.l.c.CheckPointerImpl] Check Pointing triggered by database shutdown [2006]:  Starting check pointing...
2015-12-10 20:57:41.069+0000 INFO  [o.n.k.i.t.l.c.CheckPointerImpl] Check Pointing triggered by database shutdown [2006]:  Starting store flush...
2015-12-10 20:57:41.093+0000 INFO  [o.n.k.i.t.l.c.CheckPointerImpl] Check Pointing triggered by database shutdown [2006]:  Store flush completed
2015-12-10 20:57:41.099+0000 INFO  [o.n.k.i.t.l.c.CheckPointerImpl] Check Pointing triggered by database shutdown [2006]:  Starting appending check point entry into the tx log...
2015-12-10 20:57:41.127+0000 INFO  [o.n.k.i.t.l.c.CheckPointerImpl] Check Pointing triggered by database shutdown [2006]:  Appending check point entry into the tx log completed
2015-12-10 20:57:41.131+0000 INFO  [o.n.k.i.t.l.c.CheckPointerImpl] Check Pointing triggered by database shutdown [2006]:  Check pointing completed
2015-12-10 20:57:41.135+0000 INFO  [o.n.k.i.t.l.p.LogPruningImpl] Log Rotation [0]:  Starting log pruning.
2015-12-10 20:57:41.139+0000 INFO  [o.n.k.i.t.l.p.LogPruningImpl] Log Rotation [0]:  Log pruning complete.
2015-12-10 20:57:42.413+0000 INFO  [o.n.k.NeoStoreDataSource] NeoStores closed
2015-12-10 20:57:42.420+0000 INFO  [o.n.k.i.DiagnosticsManager] --- STOPPING diagnostics START ---
2015-12-10 20:57:42.420+0000 INFO  [o.n.k.i.DiagnosticsManager] --- STOPPING diagnostics END ---
