2015-12-10 04:38:45.240+0000 INFO  [o.n.k.i.f.CommunityFacadeFactory] No locking implementation specified, defaulting to 'community'
2015-12-10 04:38:45.243+0000 INFO  [o.n.k.AvailabilityGuard] Requirement makes database unavailable: Database available
2015-12-10 04:38:45.246+0000 INFO  [o.n.k.i.DiagnosticsManager] --- INITIALIZED diagnostics START ---
2015-12-10 04:38:45.246+0000 INFO  [o.n.k.i.DiagnosticsManager] Neo4j Kernel properties:
2015-12-10 04:38:45.246+0000 INFO  [o.n.k.i.DiagnosticsManager] org.neo4j.server.db.tuning.properties=C:\561\4000\4000D4\neo4j.properties
2015-12-10 04:38:45.246+0000 INFO  [o.n.k.i.DiagnosticsManager] org.neo4j.server.database.location=C:\561\4000\4000D4
2015-12-10 04:38:45.246+0000 INFO  [o.n.k.i.DiagnosticsManager] dbms.querylog.filename=data/log/queries.log
2015-12-10 04:38:45.246+0000 INFO  [o.n.k.i.DiagnosticsManager] dbms.security.auth_store.location=C:\561\4000\4000D4\.\dbms\auth
2015-12-10 04:38:45.246+0000 INFO  [o.n.k.i.DiagnosticsManager] dbms.security.tls_certificate_file=C:\561\4000\4000D4\.\dbms\ssl\snakeoil.cert
2015-12-10 04:38:45.246+0000 INFO  [o.n.k.i.DiagnosticsManager] remote_shell_enabled=true
2015-12-10 04:38:45.246+0000 INFO  [o.n.k.i.DiagnosticsManager] edition=Community
2015-12-10 04:38:45.246+0000 INFO  [o.n.k.i.DiagnosticsManager] dbms.security.tls_key_file=C:\561\4000\4000D4\.\dbms\ssl\snakeoil.key
2015-12-10 04:38:45.246+0000 INFO  [o.n.k.i.DiagnosticsManager] Diagnostics providers:
2015-12-10 04:38:45.246+0000 INFO  [o.n.k.i.DiagnosticsManager] org.neo4j.kernel.configuration.Config
2015-12-10 04:38:45.246+0000 INFO  [o.n.k.i.DiagnosticsManager] org.neo4j.kernel.info.DiagnosticsManager
2015-12-10 04:38:45.246+0000 INFO  [o.n.k.i.DiagnosticsManager] SYSTEM_MEMORY
2015-12-10 04:38:45.246+0000 INFO  [o.n.k.i.DiagnosticsManager] JAVA_MEMORY
2015-12-10 04:38:45.246+0000 INFO  [o.n.k.i.DiagnosticsManager] OPERATING_SYSTEM
2015-12-10 04:38:45.246+0000 INFO  [o.n.k.i.DiagnosticsManager] JAVA_VIRTUAL_MACHINE
2015-12-10 04:38:45.246+0000 INFO  [o.n.k.i.DiagnosticsManager] CLASSPATH
2015-12-10 04:38:45.246+0000 INFO  [o.n.k.i.DiagnosticsManager] LIBRARY_PATH
2015-12-10 04:38:45.246+0000 INFO  [o.n.k.i.DiagnosticsManager] SYSTEM_PROPERTIES
2015-12-10 04:38:45.246+0000 INFO  [o.n.k.i.DiagnosticsManager] NETWORK
2015-12-10 04:38:45.246+0000 INFO  [o.n.k.i.DiagnosticsManager] System memory information:
2015-12-10 04:38:45.246+0000 INFO  [o.n.k.i.DiagnosticsManager] Total Physical memory: 3.93 GB
2015-12-10 04:38:45.246+0000 INFO  [o.n.k.i.DiagnosticsManager] Free Physical memory: 1.90 GB
2015-12-10 04:38:45.246+0000 INFO  [o.n.k.i.DiagnosticsManager] Committed virtual memory: 362.18 MB
2015-12-10 04:38:45.246+0000 INFO  [o.n.k.i.DiagnosticsManager] Total swap space: 5.66 GB
2015-12-10 04:38:45.246+0000 INFO  [o.n.k.i.DiagnosticsManager] Free swap space: 2.41 GB
2015-12-10 04:38:45.246+0000 INFO  [o.n.k.i.DiagnosticsManager] JVM memory information:
2015-12-10 04:38:45.246+0000 INFO  [o.n.k.i.DiagnosticsManager] Free  memory: 22.97 MB
2015-12-10 04:38:45.246+0000 INFO  [o.n.k.i.DiagnosticsManager] Total memory: 96.50 MB
2015-12-10 04:38:45.246+0000 INFO  [o.n.k.i.DiagnosticsManager] Max   memory: 894.50 MB
2015-12-10 04:38:45.246+0000 INFO  [o.n.k.i.DiagnosticsManager] Garbage Collector: PS Scavenge: [PS Eden Space, PS Survivor Space]
2015-12-10 04:38:45.246+0000 INFO  [o.n.k.i.DiagnosticsManager] Garbage Collector: PS MarkSweep: [PS Eden Space, PS Survivor Space, PS Old Gen, PS Perm Gen]
2015-12-10 04:38:45.246+0000 INFO  [o.n.k.i.DiagnosticsManager] Memory Pool: Code Cache (Non-heap memory): committed=12.81 MB, used=12.44 MB, max=48.00 MB, threshold=0.00 B
2015-12-10 04:38:45.246+0000 INFO  [o.n.k.i.DiagnosticsManager] Memory Pool: PS Eden Space (Heap memory): committed=24.00 MB, used=13.35 MB, max=334.50 MB, threshold=?
2015-12-10 04:38:45.246+0000 INFO  [o.n.k.i.DiagnosticsManager] Memory Pool: PS Survivor Space (Heap memory): committed=512.00 kB, used=492.48 kB, max=512.00 kB, threshold=?
2015-12-10 04:38:45.247+0000 INFO  [o.n.k.i.DiagnosticsManager] Memory Pool: PS Old Gen (Heap memory): committed=72.00 MB, used=59.70 MB, max=670.50 MB, threshold=0.00 B
2015-12-10 04:38:45.247+0000 INFO  [o.n.k.i.DiagnosticsManager] Memory Pool: PS Perm Gen (Non-heap memory): committed=64.50 MB, used=64.47 MB, max=82.00 MB, threshold=0.00 B
2015-12-10 04:38:45.247+0000 INFO  [o.n.k.i.DiagnosticsManager] Operating system information:
2015-12-10 04:38:45.247+0000 INFO  [o.n.k.i.DiagnosticsManager] Operating System: Windows 8.1; version: 6.3; arch: amd64; cpus: 8
2015-12-10 04:38:45.247+0000 INFO  [o.n.k.i.DiagnosticsManager] Process id: 3784@ATAN-B03-02
2015-12-10 04:38:45.247+0000 INFO  [o.n.k.i.DiagnosticsManager] Byte order: LITTLE_ENDIAN
2015-12-10 04:38:45.247+0000 INFO  [o.n.k.i.DiagnosticsManager] Local timezone: America/Chicago
2015-12-10 04:38:45.247+0000 INFO  [o.n.k.i.DiagnosticsManager] JVM information:
2015-12-10 04:38:45.247+0000 INFO  [o.n.k.i.DiagnosticsManager] VM Name: Java HotSpot(TM) 64-Bit Server VM
2015-12-10 04:38:45.247+0000 INFO  [o.n.k.i.DiagnosticsManager] VM Vendor: Oracle Corporation
2015-12-10 04:38:45.247+0000 INFO  [o.n.k.i.DiagnosticsManager] VM Version: 24.80-b11
2015-12-10 04:38:45.247+0000 INFO  [o.n.k.i.DiagnosticsManager] JIT compiler: HotSpot 64-Bit Tiered Compilers
2015-12-10 04:38:45.247+0000 INFO  [o.n.k.i.DiagnosticsManager] VM Arguments: [-Dexe4j.semaphoreName=Local\c:_program_files_neo4j_ce_2.3.1_bin_neo4j-ce.exe, -Dexe4j.isInstall4j=true, -Dexe4j.moduleName=C:\Program Files\Neo4j CE 2.3.1\bin\neo4j-ce.exe, -Dexe4j.tempDir=, -Dexe4j.unextractedPosition=0, -Djava.library.path=C:\Program Files (x86)\AMD APP\bin\x86_64;C:\Program Files (x86)\AMD APP\bin\x86;C:\ProgramData\Oracle\Java\javapath;C:\Windows\system32;C:\Windows;C:\Windows\System32\Wbem;C:\Windows\System32\WindowsPowerShell\v1.0\;C:\Program Files (x86)\MiKTeX 2.9\miktex\bin\;C:\Program Files\TortoiseSVN\bin;C:\Windows\system32\config\systemprofile\.dnx\bin;C:\Program Files\Microsoft DNX\Dnvm\;C:\Program Files\MATLAB\R2015b\runtime\win64;C:\Program Files\MATLAB\R2015b\bin;C:\Program Files (x86)\ATI Technologies\ATI.ACE\Core-Static;c:\program files\neo4j ce 2.3.1\jre\bin, -Dexe4j.consoleCodepage=cp0, -Dinstall4j.launcherId=24, -Dinstall4j.swt=false]
2015-12-10 04:38:45.248+0000 INFO  [o.n.k.i.DiagnosticsManager] Java classpath:
2015-12-10 04:38:45.249+0000 INFO  [o.n.k.i.DiagnosticsManager]  [loader.1] file:/C:/Program%20Files/Neo4j%20CE%202.3.1/jre/lib/ext/dnsns.jar
2015-12-10 04:38:45.249+0000 INFO  [o.n.k.i.DiagnosticsManager]  [loader.0] file:/C:/Program%20Files/Neo4j%20CE%202.3.1/bin/
2015-12-10 04:38:45.249+0000 INFO  [o.n.k.i.DiagnosticsManager]  [bootstrap] C:\Program Files\Neo4j CE 2.3.1\jre\lib\resources.jar
2015-12-10 04:38:45.249+0000 INFO  [o.n.k.i.DiagnosticsManager]  [bootstrap] C:\Program Files\Neo4j CE 2.3.1\jre\lib\jfr.jar
2015-12-10 04:38:45.249+0000 INFO  [o.n.k.i.DiagnosticsManager]  [classpath] C:\Program Files\Neo4j CE 2.3.1\.install4j\i4jruntime.jar
2015-12-10 04:38:45.249+0000 INFO  [o.n.k.i.DiagnosticsManager]  [loader.1] file:/C:/Program%20Files/Neo4j%20CE%202.3.1/jre/lib/ext/sunmscapi.jar
2015-12-10 04:38:45.249+0000 INFO  [o.n.k.i.DiagnosticsManager]  [bootstrap] C:\Program Files\Neo4j CE 2.3.1\jre\lib\jsse.jar
2015-12-10 04:38:45.249+0000 INFO  [o.n.k.i.DiagnosticsManager]  [loader.1] file:/C:/Program%20Files/Neo4j%20CE%202.3.1/jre/lib/ext/dns_sd.jar
2015-12-10 04:38:45.249+0000 INFO  [o.n.k.i.DiagnosticsManager]  [loader.0] file:/C:/Program%20Files/Neo4j%20CE%202.3.1/.install4j/i4jruntime.jar
2015-12-10 04:38:45.249+0000 INFO  [o.n.k.i.DiagnosticsManager]  [loader.0] file:/C:/Program%20Files/Neo4j%20CE%202.3.1/bin/neo4j-desktop-2.3.1.jar
2015-12-10 04:38:45.249+0000 INFO  [o.n.k.i.DiagnosticsManager]  [loader.1] file:/C:/Program%20Files/Neo4j%20CE%202.3.1/jre/lib/ext/access-bridge-64.jar
2015-12-10 04:38:45.249+0000 INFO  [o.n.k.i.DiagnosticsManager]  [loader.1] file:/C:/Program%20Files/Neo4j%20CE%202.3.1/jre/lib/ext/localedata.jar
2015-12-10 04:38:45.249+0000 INFO  [o.n.k.i.DiagnosticsManager]  [bootstrap] C:\Program Files\Neo4j CE 2.3.1\jre\lib\sunrsasign.jar
2015-12-10 04:38:45.249+0000 INFO  [o.n.k.i.DiagnosticsManager]  [bootstrap] C:\Program Files\Neo4j CE 2.3.1\jre\lib\jce.jar
2015-12-10 04:38:45.249+0000 INFO  [o.n.k.i.DiagnosticsManager]  [bootstrap] C:\Program Files\Neo4j CE 2.3.1\jre\lib\rt.jar
2015-12-10 04:38:45.249+0000 INFO  [o.n.k.i.DiagnosticsManager]  [bootstrap] C:\Program Files\Neo4j CE 2.3.1\jre\lib\charsets.jar
2015-12-10 04:38:45.249+0000 INFO  [o.n.k.i.DiagnosticsManager]  [loader.1] file:/C:/Program%20Files/Neo4j%20CE%202.3.1/jre/lib/ext/sunjce_provider.jar
2015-12-10 04:38:45.249+0000 INFO  [o.n.k.i.DiagnosticsManager]  [bootstrap] C:\Program Files\Neo4j CE 2.3.1\jre\classes
2015-12-10 04:38:45.250+0000 INFO  [o.n.k.i.DiagnosticsManager]  [loader.1] file:/C:/Program%20Files/Neo4j%20CE%202.3.1/jre/lib/ext/zipfs.jar
2015-12-10 04:38:45.250+0000 INFO  [o.n.k.i.DiagnosticsManager]  [loader.1] file:/C:/Program%20Files/Neo4j%20CE%202.3.1/jre/lib/ext/jaccess.jar
2015-12-10 04:38:45.250+0000 INFO  [o.n.k.i.DiagnosticsManager]  [loader.1] file:/C:/Program%20Files/Neo4j%20CE%202.3.1/jre/lib/ext/sunec.jar
2015-12-10 04:38:45.250+0000 INFO  [o.n.k.i.DiagnosticsManager]  [classpath] C:\Program Files\Neo4j CE 2.3.1\bin\neo4j-desktop-2.3.1.jar
2015-12-10 04:38:45.250+0000 INFO  [o.n.k.i.DiagnosticsManager] Library path:
2015-12-10 04:38:45.250+0000 INFO  [o.n.k.i.DiagnosticsManager] C:\Program Files (x86)\AMD APP\bin\x86_64
2015-12-10 04:38:45.250+0000 INFO  [o.n.k.i.DiagnosticsManager] C:\Program Files (x86)\AMD APP\bin\x86
2015-12-10 04:38:45.250+0000 INFO  [o.n.k.i.DiagnosticsManager] C:\ProgramData\Oracle\Java\javapath
2015-12-10 04:38:45.250+0000 INFO  [o.n.k.i.DiagnosticsManager] C:\Windows\System32
2015-12-10 04:38:45.250+0000 INFO  [o.n.k.i.DiagnosticsManager] C:\Windows
2015-12-10 04:38:45.250+0000 INFO  [o.n.k.i.DiagnosticsManager] C:\Windows\System32\wbem
2015-12-10 04:38:45.251+0000 INFO  [o.n.k.i.DiagnosticsManager] C:\Windows\System32\WindowsPowerShell\v1.0
2015-12-10 04:38:45.251+0000 INFO  [o.n.k.i.DiagnosticsManager] C:\Program Files (x86)\MiKTeX 2.9\miktex\bin
2015-12-10 04:38:45.251+0000 INFO  [o.n.k.i.DiagnosticsManager] C:\Program Files\TortoiseSVN\bin
2015-12-10 04:38:45.251+0000 INFO  [o.n.k.i.DiagnosticsManager] C:\Windows\System32\config\systemprofile\.dnx\bin
2015-12-10 04:38:45.251+0000 INFO  [o.n.k.i.DiagnosticsManager] C:\Program Files\Microsoft DNX\Dnvm
2015-12-10 04:38:45.252+0000 INFO  [o.n.k.i.DiagnosticsManager] C:\Program Files\MATLAB\R2015b\runtime\win64
2015-12-10 04:38:45.252+0000 INFO  [o.n.k.i.DiagnosticsManager] C:\Program Files\MATLAB\R2015b\bin
2015-12-10 04:38:45.252+0000 INFO  [o.n.k.i.DiagnosticsManager] C:\Program Files (x86)\ATI Technologies\ATI.ACE\Core-Static
2015-12-10 04:38:45.252+0000 INFO  [o.n.k.i.DiagnosticsManager] C:\Program Files\Neo4j CE 2.3.1\jre\bin
2015-12-10 04:38:45.252+0000 INFO  [o.n.k.i.DiagnosticsManager] System.properties:
2015-12-10 04:38:45.252+0000 INFO  [o.n.k.i.DiagnosticsManager] exe4j.moduleName = C:\Program Files\Neo4j CE 2.3.1\bin\neo4j-ce.exe
2015-12-10 04:38:45.252+0000 INFO  [o.n.k.i.DiagnosticsManager] exe4j.semaphoreName = Local\c:_program_files_neo4j_ce_2.3.1_bin_neo4j-ce.exe
2015-12-10 04:38:45.252+0000 INFO  [o.n.k.i.DiagnosticsManager] sun.boot.library.path = c:\program files\neo4j ce 2.3.1\jre\bin
2015-12-10 04:38:45.252+0000 INFO  [o.n.k.i.DiagnosticsManager] exe4j.consoleCodepage = cp0
2015-12-10 04:38:45.252+0000 INFO  [o.n.k.i.DiagnosticsManager] path.separator = ;
2015-12-10 04:38:45.252+0000 INFO  [o.n.k.i.DiagnosticsManager] file.encoding.pkg = sun.io
2015-12-10 04:38:45.252+0000 INFO  [o.n.k.i.DiagnosticsManager] user.country = US
2015-12-10 04:38:45.252+0000 INFO  [o.n.k.i.DiagnosticsManager] user.script = 
2015-12-10 04:38:45.252+0000 INFO  [o.n.k.i.DiagnosticsManager] sun.os.patch.level = 
2015-12-10 04:38:45.252+0000 INFO  [o.n.k.i.DiagnosticsManager] install4j.exeDir = C:\Program Files\Neo4j CE 2.3.1\bin\
2015-12-10 04:38:45.252+0000 INFO  [o.n.k.i.DiagnosticsManager] user.dir = C:\Program Files\Neo4j CE 2.3.1\bin
2015-12-10 04:38:45.252+0000 INFO  [o.n.k.i.DiagnosticsManager] neo4j.ext.udc.source = desktop
2015-12-10 04:38:45.252+0000 INFO  [o.n.k.i.DiagnosticsManager] user.variant = 
2015-12-10 04:38:45.252+0000 INFO  [o.n.k.i.DiagnosticsManager] exe4j.tempDir = 
2015-12-10 04:38:45.252+0000 INFO  [o.n.k.i.DiagnosticsManager] sun.jnu.encoding = Cp1252
2015-12-10 04:38:45.252+0000 INFO  [o.n.k.i.DiagnosticsManager] sun.awt.enableExtraMouseButtons = true
2015-12-10 04:38:45.252+0000 INFO  [o.n.k.i.DiagnosticsManager] install4j.launcherId = 24
2015-12-10 04:38:45.252+0000 INFO  [o.n.k.i.DiagnosticsManager] sun.management.compiler = HotSpot 64-Bit Tiered Compilers
2015-12-10 04:38:45.252+0000 INFO  [o.n.k.i.DiagnosticsManager] exe4j.isInstall4j = true
2015-12-10 04:38:45.252+0000 INFO  [o.n.k.i.DiagnosticsManager] install4j.swt = false
2015-12-10 04:38:45.252+0000 INFO  [o.n.k.i.DiagnosticsManager] user.home = C:\Users\cez
2015-12-10 04:38:45.252+0000 INFO  [o.n.k.i.DiagnosticsManager] user.timezone = America/Chicago
2015-12-10 04:38:45.252+0000 INFO  [o.n.k.i.DiagnosticsManager] file.encoding = Cp1252
2015-12-10 04:38:45.252+0000 INFO  [o.n.k.i.DiagnosticsManager] user.name = cez
2015-12-10 04:38:45.253+0000 INFO  [o.n.k.i.DiagnosticsManager] sun.java.command = C:\Program Files\Neo4j CE 2.3.1\bin\neo4j-ce.exe
2015-12-10 04:38:45.253+0000 INFO  [o.n.k.i.DiagnosticsManager] sun.arch.data.model = 64
2015-12-10 04:38:45.253+0000 INFO  [o.n.k.i.DiagnosticsManager] exe4j.launchName = C:\Program Files\Neo4j CE 2.3.1\bin\neo4j-ce.exe
2015-12-10 04:38:45.253+0000 INFO  [o.n.k.i.DiagnosticsManager] user.language = en
2015-12-10 04:38:45.253+0000 INFO  [o.n.k.i.DiagnosticsManager] awt.toolkit = sun.awt.windows.WToolkit
2015-12-10 04:38:45.253+0000 INFO  [o.n.k.i.DiagnosticsManager] exe4j.unextractedPosition = 0
2015-12-10 04:38:45.253+0000 INFO  [o.n.k.i.DiagnosticsManager] install4j.appDir = C:\Program Files\Neo4j CE 2.3.1\
2015-12-10 04:38:45.253+0000 INFO  [o.n.k.i.DiagnosticsManager] file.separator = \
2015-12-10 04:38:45.253+0000 INFO  [o.n.k.i.DiagnosticsManager] sun.io.unicode.encoding = UnicodeLittle
2015-12-10 04:38:45.253+0000 INFO  [o.n.k.i.DiagnosticsManager] sun.cpu.endian = little
2015-12-10 04:38:45.253+0000 INFO  [o.n.k.i.DiagnosticsManager] sun.desktop = windows
2015-12-10 04:38:45.253+0000 INFO  [o.n.k.i.DiagnosticsManager] sun.cpu.isalist = amd64
2015-12-10 04:38:45.253+0000 INFO  [o.n.k.i.DiagnosticsManager] Network information:
2015-12-10 04:38:45.265+0000 INFO  [o.n.k.i.DiagnosticsManager] Interface Software Loopback Interface 1:
2015-12-10 04:38:45.265+0000 INFO  [o.n.k.i.DiagnosticsManager]     address: 127.0.0.1
2015-12-10 04:38:45.265+0000 INFO  [o.n.k.i.DiagnosticsManager]     address: 0:0:0:0:0:0:0:1
2015-12-10 04:38:45.265+0000 INFO  [o.n.k.i.DiagnosticsManager] Interface Microsoft Kernel Debug Network Adapter:
2015-12-10 04:38:45.265+0000 INFO  [o.n.k.i.DiagnosticsManager] Interface Intel(R) 82578DM Gigabit Network Connection:
2015-12-10 04:38:45.265+0000 INFO  [o.n.k.i.DiagnosticsManager]     address: 10.24.47.166
2015-12-10 04:38:45.265+0000 INFO  [o.n.k.i.DiagnosticsManager]     address: 2610:130:101:d00:4493:c16:efa9:8b55
2015-12-10 04:38:45.265+0000 INFO  [o.n.k.i.DiagnosticsManager]     address: 2610:130:101:d00:a502:b02c:1a2d:577b
2015-12-10 04:38:45.265+0000 INFO  [o.n.k.i.DiagnosticsManager]     address: fe80:0:0:0:4493:c16:efa9:8b55%3
2015-12-10 04:38:45.265+0000 INFO  [o.n.k.i.DiagnosticsManager] Interface Microsoft ISATAP Adapter:
2015-12-10 04:38:45.265+0000 INFO  [o.n.k.i.DiagnosticsManager]     address: fe80:0:0:0:0:5efe:c0a8:3801%4
2015-12-10 04:38:45.265+0000 INFO  [o.n.k.i.DiagnosticsManager] Interface Teredo Tunneling Pseudo-Interface:
2015-12-10 04:38:45.266+0000 INFO  [o.n.k.i.DiagnosticsManager] Interface Microsoft ISATAP Adapter #2:
2015-12-10 04:38:45.266+0000 INFO  [o.n.k.i.DiagnosticsManager]     address: fe80:0:0:0:0:5efe:a18:2fa6%6
2015-12-10 04:38:45.266+0000 INFO  [o.n.k.i.DiagnosticsManager] Interface VirtualBox Host-Only Ethernet Adapter:
2015-12-10 04:38:45.266+0000 INFO  [o.n.k.i.DiagnosticsManager]     address: 192.168.56.1
2015-12-10 04:38:45.266+0000 INFO  [o.n.k.i.DiagnosticsManager]     address: fe80:0:0:0:4133:2d33:29c2:6efa%7
2015-12-10 04:38:45.266+0000 INFO  [o.n.k.i.DiagnosticsManager] Interface Microsoft ISATAP Adapter #3:
2015-12-10 04:38:45.266+0000 INFO  [o.n.k.i.DiagnosticsManager] Interface VirtualBox Host-Only Ethernet Adapter-WFP Native MAC Layer LightWeight Filter-0000:
2015-12-10 04:38:45.266+0000 INFO  [o.n.k.i.DiagnosticsManager] Interface VirtualBox Host-Only Ethernet Adapter-VirtualBox NDIS Light-Weight Filter-0000:
2015-12-10 04:38:45.266+0000 INFO  [o.n.k.i.DiagnosticsManager] Interface VirtualBox Host-Only Ethernet Adapter-QoS Packet Scheduler-0000:
2015-12-10 04:38:45.266+0000 INFO  [o.n.k.i.DiagnosticsManager] Interface VirtualBox Host-Only Ethernet Adapter-WFP 802.3 MAC Layer LightWeight Filter-0000:
2015-12-10 04:38:45.266+0000 INFO  [o.n.k.i.DiagnosticsManager] Interface Intel(R) 82578DM Gigabit Network Connection-WFP Native MAC Layer LightWeight Filter-0000:
2015-12-10 04:38:45.266+0000 INFO  [o.n.k.i.DiagnosticsManager] Interface Intel(R) 82578DM Gigabit Network Connection-VirtualBox NDIS Light-Weight Filter-0000:
2015-12-10 04:38:45.266+0000 INFO  [o.n.k.i.DiagnosticsManager] Interface Intel(R) 82578DM Gigabit Network Connection-QoS Packet Scheduler-0000:
2015-12-10 04:38:45.266+0000 INFO  [o.n.k.i.DiagnosticsManager] Interface Intel(R) 82578DM Gigabit Network Connection-WFP 802.3 MAC Layer LightWeight Filter-0000:
2015-12-10 04:38:45.266+0000 INFO  [o.n.k.i.DiagnosticsManager] --- INITIALIZED diagnostics END ---
2015-12-10 04:38:48.009+0000 INFO  [o.n.k.a.i.i.LuceneLabelScanStore] No lucene scan store index found, this might just be first use. Preparing to rebuild.
2015-12-10 04:38:48.021+0000 INFO  [o.n.k.NeoStoreDataSource] Opened logical log [C:\561\4000\4000D4\neostore.transaction.db.0] version=0, lastTxId=1 (clean)
2015-12-10 04:38:48.028+0000 WARN  [o.n.k.i.s.MetaDataStore] Missing counts store, rebuilding it.
2015-12-10 04:38:48.094+0000 INFO  [o.n.k.a.i.i.LuceneLabelScanStore] Rebuilding lucene scan store, this may take a while
2015-12-10 04:38:48.100+0000 INFO  [o.n.k.a.i.i.LuceneLabelScanStore] Lucene scan store rebuilt (roughly -1 nodes)
2015-12-10 04:38:48.103+0000 INFO  [o.n.k.KernelHealth] Kernel health set to OK
2015-12-10 04:38:48.113+0000 INFO  [o.n.k.AvailabilityGuard] Fulfilling of requirement makes database available: Database available
2015-12-10 04:38:48.117+0000 INFO  [o.n.k.i.f.CommunityFacadeFactory] Database is now ready
2015-12-10 04:38:48.120+0000 INFO  [o.n.k.i.DiagnosticsManager] --- STARTED diagnostics for KernelDiagnostics:Versions START ---
2015-12-10 04:38:48.123+0000 INFO  [o.n.k.i.DiagnosticsManager] Graph Database: Community StoreId{creationTime=1449722327907, randomId=5019588403869718636, storeVersion=15250506225055238, upgradeTime=1449722327907, upgradeId=1}
2015-12-10 04:38:48.126+0000 INFO  [o.n.k.i.DiagnosticsManager] Kernel version: 2.3.1
2015-12-10 04:38:48.130+0000 INFO  [o.n.k.i.DiagnosticsManager] --- STARTED diagnostics for KernelDiagnostics:Versions END ---
2015-12-10 04:38:48.133+0000 INFO  [o.n.k.i.DiagnosticsManager] --- STARTED diagnostics for NEO_STORE_VERSIONS START ---
2015-12-10 04:38:48.136+0000 INFO  [o.n.k.i.DiagnosticsManager] Store versions:
2015-12-10 04:38:48.139+0000 INFO  [o.n.k.i.DiagnosticsManager] Store versions:
2015-12-10 04:38:48.143+0000 INFO  [o.n.k.i.DiagnosticsManager] ArrayPropertyStore v0.A.6
2015-12-10 04:38:48.146+0000 INFO  [o.n.k.i.DiagnosticsManager] NodeStore v0.A.6
2015-12-10 04:38:48.149+0000 INFO  [o.n.k.i.DiagnosticsManager] StringPropertyStore v0.A.6
2015-12-10 04:38:48.152+0000 INFO  [o.n.k.i.DiagnosticsManager] PropertyIndexStore v0.A.6
2015-12-10 04:38:48.156+0000 INFO  [o.n.k.i.DiagnosticsManager] StringPropertyStore v0.A.6
2015-12-10 04:38:48.159+0000 INFO  [o.n.k.i.DiagnosticsManager] ArrayPropertyStore v0.A.6
2015-12-10 04:38:48.161+0000 INFO  [o.n.k.i.DiagnosticsManager] PropertyStore v0.A.6
2015-12-10 04:38:48.164+0000 INFO  [o.n.k.i.DiagnosticsManager] RelationshipStore v0.A.6
2015-12-10 04:38:48.166+0000 INFO  [o.n.k.i.DiagnosticsManager] StringPropertyStore v0.A.6
2015-12-10 04:38:48.168+0000 INFO  [o.n.k.i.DiagnosticsManager] RelationshipTypeStore v0.A.6
2015-12-10 04:38:48.170+0000 INFO  [o.n.k.i.DiagnosticsManager] StringPropertyStore v0.A.6
2015-12-10 04:38:48.173+0000 INFO  [o.n.k.i.DiagnosticsManager] LabelTokenStore v0.A.6
2015-12-10 04:38:48.175+0000 INFO  [o.n.k.i.DiagnosticsManager] SchemaStore v0.A.6
2015-12-10 04:38:48.177+0000 INFO  [o.n.k.i.DiagnosticsManager] RelationshipGroupStore v0.A.6
2015-12-10 04:38:48.179+0000 INFO  [o.n.k.i.DiagnosticsManager] NeoStore v0.A.6
2015-12-10 04:38:48.182+0000 INFO  [o.n.k.i.DiagnosticsManager] --- STARTED diagnostics for NEO_STORE_VERSIONS END ---
2015-12-10 04:38:48.184+0000 INFO  [o.n.k.i.DiagnosticsManager] --- STARTED diagnostics for NEO_STORE_ID_USAGE START ---
2015-12-10 04:38:48.186+0000 INFO  [o.n.k.i.DiagnosticsManager] Id usage:
2015-12-10 04:38:48.188+0000 INFO  [o.n.k.i.DiagnosticsManager] Id usage:
2015-12-10 04:38:48.191+0000 INFO  [o.n.k.i.DiagnosticsManager]   ArrayPropertyStore v0.A.6: used=1 high=0
2015-12-10 04:38:48.193+0000 INFO  [o.n.k.i.DiagnosticsManager]   NodeStore v0.A.6: used=0 high=-1
2015-12-10 04:38:48.195+0000 INFO  [o.n.k.i.DiagnosticsManager]   StringPropertyStore v0.A.6: used=1 high=0
2015-12-10 04:38:48.197+0000 INFO  [o.n.k.i.DiagnosticsManager]   PropertyIndexStore v0.A.6: used=0 high=-1
2015-12-10 04:38:48.200+0000 INFO  [o.n.k.i.DiagnosticsManager]   StringPropertyStore v0.A.6: used=1 high=0
2015-12-10 04:38:48.202+0000 INFO  [o.n.k.i.DiagnosticsManager]   ArrayPropertyStore v0.A.6: used=1 high=0
2015-12-10 04:38:48.204+0000 INFO  [o.n.k.i.DiagnosticsManager]   PropertyStore v0.A.6: used=0 high=-1
2015-12-10 04:38:48.206+0000 INFO  [o.n.k.i.DiagnosticsManager]   RelationshipStore v0.A.6: used=0 high=-1
2015-12-10 04:38:48.209+0000 INFO  [o.n.k.i.DiagnosticsManager]   StringPropertyStore v0.A.6: used=1 high=0
2015-12-10 04:38:48.211+0000 INFO  [o.n.k.i.DiagnosticsManager]   RelationshipTypeStore v0.A.6: used=0 high=-1
2015-12-10 04:38:48.213+0000 INFO  [o.n.k.i.DiagnosticsManager]   StringPropertyStore v0.A.6: used=1 high=0
2015-12-10 04:38:48.216+0000 INFO  [o.n.k.i.DiagnosticsManager]   LabelTokenStore v0.A.6: used=0 high=-1
2015-12-10 04:38:48.218+0000 INFO  [o.n.k.i.DiagnosticsManager]   SchemaStore v0.A.6: used=1 high=0
2015-12-10 04:38:48.220+0000 INFO  [o.n.k.i.DiagnosticsManager]   RelationshipGroupStore v0.A.6: used=1 high=0
2015-12-10 04:38:48.222+0000 INFO  [o.n.k.i.DiagnosticsManager]   NeoStore v0.A.6: used=13 high=12
2015-12-10 04:38:48.225+0000 INFO  [o.n.k.i.DiagnosticsManager] --- STARTED diagnostics for NEO_STORE_ID_USAGE END ---
2015-12-10 04:38:48.227+0000 INFO  [o.n.k.i.DiagnosticsManager] --- STARTED diagnostics for NEO_STORE_RECORDS START ---
2015-12-10 04:38:48.229+0000 INFO  [o.n.k.i.DiagnosticsManager] Neostore records:
2015-12-10 04:38:48.232+0000 INFO  [o.n.k.i.DiagnosticsManager] TIME (Creation time): 1449722327907
2015-12-10 04:38:48.234+0000 INFO  [o.n.k.i.DiagnosticsManager] RANDOM_NUMBER (Random number for store id): 5019588403869718636
2015-12-10 04:38:48.237+0000 INFO  [o.n.k.i.DiagnosticsManager] LOG_VERSION (Current log version): 0
2015-12-10 04:38:48.239+0000 INFO  [o.n.k.i.DiagnosticsManager] LAST_TRANSACTION_ID (Last committed transaction): 1
2015-12-10 04:38:48.242+0000 INFO  [o.n.k.i.DiagnosticsManager] STORE_VERSION (Store format version): 15250506225055238
2015-12-10 04:38:48.244+0000 INFO  [o.n.k.i.DiagnosticsManager] FIRST_GRAPH_PROPERTY (First property record containing graph properties): -1
2015-12-10 04:38:48.246+0000 INFO  [o.n.k.i.DiagnosticsManager] LAST_CONSTRAINT_TRANSACTION (Last committed transaction containing constraint changes): 0
2015-12-10 04:38:48.248+0000 INFO  [o.n.k.i.DiagnosticsManager] UPGRADE_TRANSACTION_ID (Transaction id most recent upgrade was performed at): 1
2015-12-10 04:38:48.251+0000 INFO  [o.n.k.i.DiagnosticsManager] UPGRADE_TIME (Time of last upgrade): 1449722327907
2015-12-10 04:38:48.254+0000 INFO  [o.n.k.i.DiagnosticsManager] LAST_TRANSACTION_CHECKSUM (Checksum of last committed transaction): 0
2015-12-10 04:38:48.257+0000 INFO  [o.n.k.i.DiagnosticsManager] UPGRADE_TRANSACTION_CHECKSUM (Checksum of transaction id the most recent upgrade was performed at): 0
2015-12-10 04:38:48.259+0000 INFO  [o.n.k.i.DiagnosticsManager] LAST_CLOSED_TRANSACTION_LOG_VERSION (Log version where the last transaction commit entry has been written into): 0
2015-12-10 04:38:48.262+0000 INFO  [o.n.k.i.DiagnosticsManager] LAST_CLOSED_TRANSACTION_LOG_BYTE_OFFSET (Byte offset in the log file where the last transaction commit entry has been written into): 16
2015-12-10 04:38:48.265+0000 INFO  [o.n.k.i.DiagnosticsManager] --- STARTED diagnostics for NEO_STORE_RECORDS END ---
2015-12-10 04:38:48.267+0000 INFO  [o.n.k.i.DiagnosticsManager] --- STARTED diagnostics for TRANSACTION_RANGE START ---
2015-12-10 04:38:48.270+0000 INFO  [o.n.k.i.DiagnosticsManager] Transaction log:
2015-12-10 04:38:48.273+0000 INFO  [o.n.k.i.DiagnosticsManager] No transactions found in any log
2015-12-10 04:38:48.276+0000 INFO  [o.n.k.i.DiagnosticsManager] --- STARTED diagnostics for TRANSACTION_RANGE END ---
2015-12-10 04:38:48.279+0000 INFO  [o.n.k.i.DiagnosticsManager] --- STARTED diagnostics for KernelDiagnostics:StoreFiles START ---
2015-12-10 04:38:48.282+0000 INFO  [o.n.k.i.DiagnosticsManager] Disk space on partition (Total / Free / Free %): 499738734592 / 397722734592 / 79
Storage files: (filename : modification date - size)
2015-12-10 04:38:48.285+0000 INFO  [o.n.k.i.DiagnosticsManager]   dbms:
2015-12-10 04:38:48.287+0000 INFO  [o.n.k.i.DiagnosticsManager]     ssl:
2015-12-10 04:38:48.290+0000 INFO  [o.n.k.i.DiagnosticsManager]       snakeoil.cert: 2015-12-09T22:38:45-0600 - 630.00 B
2015-12-10 04:38:48.293+0000 INFO  [o.n.k.i.DiagnosticsManager]       snakeoil.key: 2015-12-09T22:38:45-0600 - 914.00 B
2015-12-10 04:38:48.295+0000 INFO  [o.n.k.i.DiagnosticsManager]     - Total: 2015-12-09T22:38:45-0600 - 1.51 kB
2015-12-10 04:38:48.297+0000 INFO  [o.n.k.i.DiagnosticsManager]   - Total: 2015-12-09T22:38:45-0600 - 1.51 kB
2015-12-10 04:38:48.300+0000 INFO  [o.n.k.i.DiagnosticsManager]   index:
2015-12-10 04:38:48.303+0000 INFO  [o.n.k.i.DiagnosticsManager]   - Total: 2015-12-09T22:38:48-0600 - 0.00 B
2015-12-10 04:38:48.305+0000 INFO  [o.n.k.i.DiagnosticsManager]   messages.log: 2015-12-09T22:38:45-0600 - 26.41 kB
2015-12-10 04:38:48.308+0000 INFO  [o.n.k.i.DiagnosticsManager]   neo4j.properties: 2015-12-09T22:38:45-0600 - 1.30 kB
2015-12-10 04:38:48.310+0000 INFO  [o.n.k.i.DiagnosticsManager]   neostore: 2015-12-09T22:38:47-0600 - 8.00 kB
2015-12-10 04:38:48.313+0000 INFO  [o.n.k.i.DiagnosticsManager]   neostore.counts.db.a: 2015-12-09T22:38:48-0600 - 96.00 B
2015-12-10 04:38:48.315+0000 INFO  [o.n.k.i.DiagnosticsManager]   neostore.id: 2015-12-09T22:38:47-0600 - 9.00 B
2015-12-10 04:38:48.317+0000 INFO  [o.n.k.i.DiagnosticsManager]   neostore.labeltokenstore.db: 2015-12-09T22:38:47-0600 - 0.00 B
2015-12-10 04:38:48.320+0000 INFO  [o.n.k.i.DiagnosticsManager]   neostore.labeltokenstore.db.id: 2015-12-09T22:38:47-0600 - 9.00 B
2015-12-10 04:38:48.322+0000 INFO  [o.n.k.i.DiagnosticsManager]   neostore.labeltokenstore.db.names: 2015-12-09T22:38:47-0600 - 8.00 kB
2015-12-10 04:38:48.324+0000 INFO  [o.n.k.i.DiagnosticsManager]   neostore.labeltokenstore.db.names.id: 2015-12-09T22:38:47-0600 - 9.00 B
2015-12-10 04:38:48.327+0000 INFO  [o.n.k.i.DiagnosticsManager]   neostore.nodestore.db: 2015-12-09T22:38:45-0600 - 0.00 B
2015-12-10 04:38:48.329+0000 INFO  [o.n.k.i.DiagnosticsManager]   neostore.nodestore.db.id: 2015-12-09T22:38:45-0600 - 9.00 B
2015-12-10 04:38:48.331+0000 INFO  [o.n.k.i.DiagnosticsManager]   neostore.nodestore.db.labels: 2015-12-09T22:38:45-0600 - 8.00 kB
2015-12-10 04:38:48.334+0000 INFO  [o.n.k.i.DiagnosticsManager]   neostore.nodestore.db.labels.id: 2015-12-09T22:38:45-0600 - 9.00 B
2015-12-10 04:38:48.336+0000 INFO  [o.n.k.i.DiagnosticsManager]   neostore.propertystore.db: 2015-12-09T22:38:46-0600 - 0.00 B
2015-12-10 04:38:48.338+0000 INFO  [o.n.k.i.DiagnosticsManager]   neostore.propertystore.db.arrays: 2015-12-09T22:38:46-0600 - 8.00 kB
2015-12-10 04:38:48.341+0000 INFO  [o.n.k.i.DiagnosticsManager]   neostore.propertystore.db.arrays.id: 2015-12-09T22:38:46-0600 - 9.00 B
2015-12-10 04:38:48.343+0000 INFO  [o.n.k.i.DiagnosticsManager]   neostore.propertystore.db.id: 2015-12-09T22:38:46-0600 - 9.00 B
2015-12-10 04:38:48.346+0000 INFO  [o.n.k.i.DiagnosticsManager]   neostore.propertystore.db.index: 2015-12-09T22:38:45-0600 - 0.00 B
2015-12-10 04:38:48.348+0000 INFO  [o.n.k.i.DiagnosticsManager]   neostore.propertystore.db.index.id: 2015-12-09T22:38:45-0600 - 9.00 B
2015-12-10 04:38:48.350+0000 INFO  [o.n.k.i.DiagnosticsManager]   neostore.propertystore.db.index.keys: 2015-12-09T22:38:45-0600 - 8.00 kB
2015-12-10 04:38:48.353+0000 INFO  [o.n.k.i.DiagnosticsManager]   neostore.propertystore.db.index.keys.id: 2015-12-09T22:38:45-0600 - 9.00 B
2015-12-10 04:38:48.355+0000 INFO  [o.n.k.i.DiagnosticsManager]   neostore.propertystore.db.strings: 2015-12-09T22:38:46-0600 - 8.00 kB
2015-12-10 04:38:48.357+0000 INFO  [o.n.k.i.DiagnosticsManager]   neostore.propertystore.db.strings.id: 2015-12-09T22:38:46-0600 - 9.00 B
2015-12-10 04:38:48.360+0000 INFO  [o.n.k.i.DiagnosticsManager]   neostore.relationshipgroupstore.db: 2015-12-09T22:38:47-0600 - 8.00 kB
2015-12-10 04:38:48.362+0000 INFO  [o.n.k.i.DiagnosticsManager]   neostore.relationshipgroupstore.db.id: 2015-12-09T22:38:47-0600 - 9.00 B
2015-12-10 04:38:48.364+0000 INFO  [o.n.k.i.DiagnosticsManager]   neostore.relationshipstore.db: 2015-12-09T22:38:46-0600 - 0.00 B
2015-12-10 04:38:48.367+0000 INFO  [o.n.k.i.DiagnosticsManager]   neostore.relationshipstore.db.id: 2015-12-09T22:38:46-0600 - 9.00 B
2015-12-10 04:38:48.369+0000 INFO  [o.n.k.i.DiagnosticsManager]   neostore.relationshiptypestore.db: 2015-12-09T22:38:46-0600 - 0.00 B
2015-12-10 04:38:48.371+0000 INFO  [o.n.k.i.DiagnosticsManager]   neostore.relationshiptypestore.db.id: 2015-12-09T22:38:46-0600 - 9.00 B
2015-12-10 04:38:48.374+0000 INFO  [o.n.k.i.DiagnosticsManager]   neostore.relationshiptypestore.db.names: 2015-12-09T22:38:46-0600 - 8.00 kB
2015-12-10 04:38:48.376+0000 INFO  [o.n.k.i.DiagnosticsManager]   neostore.relationshiptypestore.db.names.id: 2015-12-09T22:38:46-0600 - 9.00 B
2015-12-10 04:38:48.378+0000 INFO  [o.n.k.i.DiagnosticsManager]   neostore.schemastore.db: 2015-12-09T22:38:47-0600 - 8.00 kB
2015-12-10 04:38:48.381+0000 INFO  [o.n.k.i.DiagnosticsManager]   neostore.schemastore.db.id: 2015-12-09T22:38:47-0600 - 9.00 B
2015-12-10 04:38:48.383+0000 INFO  [o.n.k.i.DiagnosticsManager]   neostore.transaction.db.0: 2015-12-09T22:38:48-0600 - 16.00 B
2015-12-10 04:38:48.385+0000 INFO  [o.n.k.i.DiagnosticsManager]   schema:
2015-12-10 04:38:48.387+0000 INFO  [o.n.k.i.DiagnosticsManager]     label:
2015-12-10 04:38:48.389+0000 INFO  [o.n.k.i.DiagnosticsManager]       lucene:
2015-12-10 04:38:48.392+0000 INFO  [o.n.k.i.DiagnosticsManager]         write.lock: 2015-12-09T22:38:48-0600 - 0.00 B
2015-12-10 04:38:48.394+0000 INFO  [o.n.k.i.DiagnosticsManager]       - Total: 2015-12-09T22:38:48-0600 - 0.00 B
2015-12-10 04:38:48.396+0000 INFO  [o.n.k.i.DiagnosticsManager]     - Total: 2015-12-09T22:38:48-0600 - 0.00 B
2015-12-10 04:38:48.398+0000 INFO  [o.n.k.i.DiagnosticsManager]   - Total: 2015-12-09T22:38:48-0600 - 0.00 B
2015-12-10 04:38:48.400+0000 INFO  [o.n.k.i.DiagnosticsManager]   store_lock: 2015-12-09T22:38:45-0600 - 0.00 B
2015-12-10 04:38:48.403+0000 INFO  [o.n.k.i.DiagnosticsManager] --- STARTED diagnostics for KernelDiagnostics:StoreFiles END ---
2015-12-10 04:38:48.413+0000 INFO  [o.n.k.i.DiagnosticsManager] --- SERVER STARTED START ---
2015-12-10 04:38:48.721+0000 WARN  [o.n.k.i.c.MonitorGc] GC Monitor: Application threads blocked for 207ms.
2015-12-10 04:38:49.339+0000 INFO  [o.n.k.i.DiagnosticsManager] --- SERVER STARTED END ---
2015-12-10 04:43:48.130+0000 INFO  [o.n.k.i.t.l.c.CheckPointerImpl] Check Pointing triggered by scheduler for time threshold [5017]:  Starting check pointing...
2015-12-10 04:43:48.136+0000 INFO  [o.n.k.i.t.l.c.CheckPointerImpl] Check Pointing triggered by scheduler for time threshold [5017]:  Starting store flush...
2015-12-10 04:43:48.294+0000 INFO  [o.n.k.i.s.c.CountsTracker] About to rotate counts store at transaction 5018 to [C:\561\4000\4000D4\neostore.counts.db.b], from [C:\561\4000\4000D4\neostore.counts.db.a].
2015-12-10 04:43:48.309+0000 INFO  [o.n.k.i.s.c.CountsTracker] Successfully rotated counts store at transaction 5018 to [C:\561\4000\4000D4\neostore.counts.db.b], from [C:\561\4000\4000D4\neostore.counts.db.a].
2015-12-10 04:43:48.775+0000 INFO  [o.n.k.i.t.l.c.CheckPointerImpl] Check Pointing triggered by scheduler for time threshold [5017]:  Store flush completed
2015-12-10 04:43:48.778+0000 INFO  [o.n.k.i.t.l.c.CheckPointerImpl] Check Pointing triggered by scheduler for time threshold [5017]:  Starting appending check point entry into the tx log...
2015-12-10 04:43:48.818+0000 INFO  [o.n.k.i.t.l.c.CheckPointerImpl] Check Pointing triggered by scheduler for time threshold [5017]:  Appending check point entry into the tx log completed
2015-12-10 04:43:48.824+0000 INFO  [o.n.k.i.t.l.c.CheckPointerImpl] Check Pointing triggered by scheduler for time threshold [5017]:  Check pointing completed
2015-12-10 04:43:48.830+0000 INFO  [o.n.k.i.t.l.p.LogPruningImpl] Log Rotation [0]:  Starting log pruning.
2015-12-10 04:43:48.836+0000 INFO  [o.n.k.i.t.l.p.LogPruningImpl] Log Rotation [0]:  Log pruning complete.
2015-12-10 04:47:19.404+0000 INFO  [o.n.k.i.f.GraphDatabaseFacade] Shutdown started
2015-12-10 04:47:19.407+0000 INFO  [o.n.k.i.f.CommunityFacadeFactory] Database is now unavailable
2015-12-10 04:47:19.564+0000 INFO  [o.n.k.i.s.c.CountsTracker] About to rotate counts store at transaction 8509 to [C:\561\4000\4000D4\neostore.counts.db.a], from [C:\561\4000\4000D4\neostore.counts.db.b].
2015-12-10 04:47:19.575+0000 INFO  [o.n.k.i.s.c.CountsTracker] Successfully rotated counts store at transaction 8509 to [C:\561\4000\4000D4\neostore.counts.db.a], from [C:\561\4000\4000D4\neostore.counts.db.b].
2015-12-10 04:47:19.776+0000 INFO  [o.n.k.i.t.l.c.CheckPointerImpl] Check Pointing triggered by database shutdown [8509]:  Starting check pointing...
2015-12-10 04:47:19.782+0000 INFO  [o.n.k.i.t.l.c.CheckPointerImpl] Check Pointing triggered by database shutdown [8509]:  Starting store flush...
2015-12-10 04:47:19.812+0000 INFO  [o.n.k.i.t.l.c.CheckPointerImpl] Check Pointing triggered by database shutdown [8509]:  Store flush completed
2015-12-10 04:47:19.818+0000 INFO  [o.n.k.i.t.l.c.CheckPointerImpl] Check Pointing triggered by database shutdown [8509]:  Starting appending check point entry into the tx log...
2015-12-10 04:47:19.849+0000 INFO  [o.n.k.i.t.l.c.CheckPointerImpl] Check Pointing triggered by database shutdown [8509]:  Appending check point entry into the tx log completed
2015-12-10 04:47:19.856+0000 INFO  [o.n.k.i.t.l.c.CheckPointerImpl] Check Pointing triggered by database shutdown [8509]:  Check pointing completed
2015-12-10 04:47:19.862+0000 INFO  [o.n.k.i.t.l.p.LogPruningImpl] Log Rotation [0]:  Starting log pruning.
2015-12-10 04:47:19.870+0000 INFO  [o.n.k.i.t.l.p.LogPruningImpl] Log Rotation [0]:  Log pruning complete.
2015-12-10 04:47:21.245+0000 INFO  [o.n.k.NeoStoreDataSource] NeoStores closed
2015-12-10 04:47:21.251+0000 INFO  [o.n.k.i.DiagnosticsManager] --- STOPPING diagnostics START ---
2015-12-10 04:47:21.251+0000 INFO  [o.n.k.i.DiagnosticsManager] --- STOPPING diagnostics END ---
2015-12-11 04:32:33.130+0000 INFO  [o.n.k.i.f.CommunityFacadeFactory] No locking implementation specified, defaulting to 'community'
2015-12-11 04:32:33.177+0000 INFO  [o.n.k.AvailabilityGuard] Requirement makes database unavailable: Database available
2015-12-11 04:32:33.184+0000 INFO  [o.n.k.i.DiagnosticsManager] --- INITIALIZED diagnostics START ---
2015-12-11 04:32:33.184+0000 INFO  [o.n.k.i.DiagnosticsManager] Neo4j Kernel properties:
2015-12-11 04:32:33.184+0000 INFO  [o.n.k.i.DiagnosticsManager] org.neo4j.server.db.tuning.properties=C:\561\4000\4000D4\neo4j.properties
2015-12-11 04:32:33.184+0000 INFO  [o.n.k.i.DiagnosticsManager] org.neo4j.server.database.location=C:\561\4000\4000D4
2015-12-11 04:32:33.184+0000 INFO  [o.n.k.i.DiagnosticsManager] dbms.querylog.filename=data/log/queries.log
2015-12-11 04:32:33.184+0000 INFO  [o.n.k.i.DiagnosticsManager] dbms.security.auth_store.location=C:\561\4000\4000D4\.\dbms\auth
2015-12-11 04:32:33.185+0000 INFO  [o.n.k.i.DiagnosticsManager] dbms.security.tls_certificate_file=C:\561\4000\4000D4\.\dbms\ssl\snakeoil.cert
2015-12-11 04:32:33.185+0000 INFO  [o.n.k.i.DiagnosticsManager] remote_shell_enabled=true
2015-12-11 04:32:33.185+0000 INFO  [o.n.k.i.DiagnosticsManager] edition=Community
2015-12-11 04:32:33.185+0000 INFO  [o.n.k.i.DiagnosticsManager] dbms.security.tls_key_file=C:\561\4000\4000D4\.\dbms\ssl\snakeoil.key
2015-12-11 04:32:33.185+0000 INFO  [o.n.k.i.DiagnosticsManager] Diagnostics providers:
2015-12-11 04:32:33.185+0000 INFO  [o.n.k.i.DiagnosticsManager] org.neo4j.kernel.configuration.Config
2015-12-11 04:32:33.185+0000 INFO  [o.n.k.i.DiagnosticsManager] org.neo4j.kernel.info.DiagnosticsManager
2015-12-11 04:32:33.185+0000 INFO  [o.n.k.i.DiagnosticsManager] SYSTEM_MEMORY
2015-12-11 04:32:33.185+0000 INFO  [o.n.k.i.DiagnosticsManager] JAVA_MEMORY
2015-12-11 04:32:33.185+0000 INFO  [o.n.k.i.DiagnosticsManager] OPERATING_SYSTEM
2015-12-11 04:32:33.185+0000 INFO  [o.n.k.i.DiagnosticsManager] JAVA_VIRTUAL_MACHINE
2015-12-11 04:32:33.185+0000 INFO  [o.n.k.i.DiagnosticsManager] CLASSPATH
2015-12-11 04:32:33.185+0000 INFO  [o.n.k.i.DiagnosticsManager] LIBRARY_PATH
2015-12-11 04:32:33.185+0000 INFO  [o.n.k.i.DiagnosticsManager] SYSTEM_PROPERTIES
2015-12-11 04:32:33.185+0000 INFO  [o.n.k.i.DiagnosticsManager] NETWORK
2015-12-11 04:32:33.185+0000 INFO  [o.n.k.i.DiagnosticsManager] System memory information:
2015-12-11 04:32:33.185+0000 INFO  [o.n.k.i.DiagnosticsManager] Total Physical memory: 3.93 GB
2015-12-11 04:32:33.185+0000 INFO  [o.n.k.i.DiagnosticsManager] Free Physical memory: 1.90 GB
2015-12-11 04:32:33.186+0000 INFO  [o.n.k.i.DiagnosticsManager] Committed virtual memory: 397.72 MB
2015-12-11 04:32:33.186+0000 INFO  [o.n.k.i.DiagnosticsManager] Total swap space: 5.66 GB
2015-12-11 04:32:33.186+0000 INFO  [o.n.k.i.DiagnosticsManager] Free swap space: 1.69 GB
2015-12-11 04:32:33.186+0000 INFO  [o.n.k.i.DiagnosticsManager] JVM memory information:
2015-12-11 04:32:33.186+0000 INFO  [o.n.k.i.DiagnosticsManager] Free  memory: 63.12 MB
2015-12-11 04:32:33.186+0000 INFO  [o.n.k.i.DiagnosticsManager] Total memory: 116.00 MB
2015-12-11 04:32:33.186+0000 INFO  [o.n.k.i.DiagnosticsManager] Max   memory: 894.50 MB
2015-12-11 04:32:33.186+0000 INFO  [o.n.k.i.DiagnosticsManager] Garbage Collector: PS Scavenge: [PS Eden Space, PS Survivor Space]
2015-12-11 04:32:33.186+0000 INFO  [o.n.k.i.DiagnosticsManager] Garbage Collector: PS MarkSweep: [PS Eden Space, PS Survivor Space, PS Old Gen, PS Perm Gen]
2015-12-11 04:32:33.186+0000 INFO  [o.n.k.i.DiagnosticsManager] Memory Pool: Code Cache (Non-heap memory): committed=13.31 MB, used=12.41 MB, max=48.00 MB, threshold=0.00 B
2015-12-11 04:32:33.187+0000 INFO  [o.n.k.i.DiagnosticsManager] Memory Pool: PS Eden Space (Heap memory): committed=38.50 MB, used=1.05 MB, max=329.50 MB, threshold=?
2015-12-11 04:32:33.187+0000 INFO  [o.n.k.i.DiagnosticsManager] Memory Pool: PS Survivor Space (Heap memory): committed=512.00 kB, used=0.00 B, max=512.00 kB, threshold=?
2015-12-11 04:32:33.187+0000 INFO  [o.n.k.i.DiagnosticsManager] Memory Pool: PS Old Gen (Heap memory): committed=77.00 MB, used=51.83 MB, max=670.50 MB, threshold=0.00 B
2015-12-11 04:32:33.187+0000 INFO  [o.n.k.i.DiagnosticsManager] Memory Pool: PS Perm Gen (Non-heap memory): committed=69.00 MB, used=68.71 MB, max=82.00 MB, threshold=0.00 B
2015-12-11 04:32:33.187+0000 INFO  [o.n.k.i.DiagnosticsManager] Operating system information:
2015-12-11 04:32:33.187+0000 INFO  [o.n.k.i.DiagnosticsManager] Operating System: Windows 8.1; version: 6.3; arch: amd64; cpus: 8
2015-12-11 04:32:33.188+0000 INFO  [o.n.k.i.DiagnosticsManager] Process id: 3784@ATAN-B03-02
2015-12-11 04:32:33.188+0000 INFO  [o.n.k.i.DiagnosticsManager] Byte order: LITTLE_ENDIAN
2015-12-11 04:32:33.188+0000 INFO  [o.n.k.i.DiagnosticsManager] Local timezone: America/Chicago
2015-12-11 04:32:33.188+0000 INFO  [o.n.k.i.DiagnosticsManager] JVM information:
2015-12-11 04:32:33.189+0000 INFO  [o.n.k.i.DiagnosticsManager] VM Name: Java HotSpot(TM) 64-Bit Server VM
2015-12-11 04:32:33.189+0000 INFO  [o.n.k.i.DiagnosticsManager] VM Vendor: Oracle Corporation
2015-12-11 04:32:33.189+0000 INFO  [o.n.k.i.DiagnosticsManager] VM Version: 24.80-b11
2015-12-11 04:32:33.189+0000 INFO  [o.n.k.i.DiagnosticsManager] JIT compiler: HotSpot 64-Bit Tiered Compilers
2015-12-11 04:32:33.189+0000 INFO  [o.n.k.i.DiagnosticsManager] VM Arguments: [-Dexe4j.semaphoreName=Local\c:_program_files_neo4j_ce_2.3.1_bin_neo4j-ce.exe, -Dexe4j.isInstall4j=true, -Dexe4j.moduleName=C:\Program Files\Neo4j CE 2.3.1\bin\neo4j-ce.exe, -Dexe4j.tempDir=, -Dexe4j.unextractedPosition=0, -Djava.library.path=C:\Program Files (x86)\AMD APP\bin\x86_64;C:\Program Files (x86)\AMD APP\bin\x86;C:\ProgramData\Oracle\Java\javapath;C:\Windows\system32;C:\Windows;C:\Windows\System32\Wbem;C:\Windows\System32\WindowsPowerShell\v1.0\;C:\Program Files (x86)\MiKTeX 2.9\miktex\bin\;C:\Program Files\TortoiseSVN\bin;C:\Windows\system32\config\systemprofile\.dnx\bin;C:\Program Files\Microsoft DNX\Dnvm\;C:\Program Files\MATLAB\R2015b\runtime\win64;C:\Program Files\MATLAB\R2015b\bin;C:\Program Files (x86)\ATI Technologies\ATI.ACE\Core-Static;c:\program files\neo4j ce 2.3.1\jre\bin, -Dexe4j.consoleCodepage=cp0, -Dinstall4j.launcherId=24, -Dinstall4j.swt=false]
2015-12-11 04:32:33.189+0000 INFO  [o.n.k.i.DiagnosticsManager] Java classpath:
2015-12-11 04:32:33.193+0000 INFO  [o.n.k.i.DiagnosticsManager]  [loader.1] file:/C:/Program%20Files/Neo4j%20CE%202.3.1/jre/lib/ext/dnsns.jar
2015-12-11 04:32:33.193+0000 INFO  [o.n.k.i.DiagnosticsManager]  [loader.0] file:/C:/Program%20Files/Neo4j%20CE%202.3.1/bin/
2015-12-11 04:32:33.193+0000 INFO  [o.n.k.i.DiagnosticsManager]  [bootstrap] C:\Program Files\Neo4j CE 2.3.1\jre\lib\resources.jar
2015-12-11 04:32:33.193+0000 INFO  [o.n.k.i.DiagnosticsManager]  [bootstrap] C:\Program Files\Neo4j CE 2.3.1\jre\lib\jfr.jar
2015-12-11 04:32:33.193+0000 INFO  [o.n.k.i.DiagnosticsManager]  [classpath] C:\Program Files\Neo4j CE 2.3.1\.install4j\i4jruntime.jar
2015-12-11 04:32:33.193+0000 INFO  [o.n.k.i.DiagnosticsManager]  [loader.1] file:/C:/Program%20Files/Neo4j%20CE%202.3.1/jre/lib/ext/sunmscapi.jar
2015-12-11 04:32:33.193+0000 INFO  [o.n.k.i.DiagnosticsManager]  [bootstrap] C:\Program Files\Neo4j CE 2.3.1\jre\lib\jsse.jar
2015-12-11 04:32:33.193+0000 INFO  [o.n.k.i.DiagnosticsManager]  [loader.1] file:/C:/Program%20Files/Neo4j%20CE%202.3.1/jre/lib/ext/dns_sd.jar
2015-12-11 04:32:33.193+0000 INFO  [o.n.k.i.DiagnosticsManager]  [loader.0] file:/C:/Program%20Files/Neo4j%20CE%202.3.1/.install4j/i4jruntime.jar
2015-12-11 04:32:33.193+0000 INFO  [o.n.k.i.DiagnosticsManager]  [loader.0] file:/C:/Program%20Files/Neo4j%20CE%202.3.1/bin/neo4j-desktop-2.3.1.jar
2015-12-11 04:32:33.193+0000 INFO  [o.n.k.i.DiagnosticsManager]  [loader.1] file:/C:/Program%20Files/Neo4j%20CE%202.3.1/jre/lib/ext/access-bridge-64.jar
2015-12-11 04:32:33.193+0000 INFO  [o.n.k.i.DiagnosticsManager]  [loader.1] file:/C:/Program%20Files/Neo4j%20CE%202.3.1/jre/lib/ext/localedata.jar
2015-12-11 04:32:33.193+0000 INFO  [o.n.k.i.DiagnosticsManager]  [bootstrap] C:\Program Files\Neo4j CE 2.3.1\jre\lib\sunrsasign.jar
2015-12-11 04:32:33.193+0000 INFO  [o.n.k.i.DiagnosticsManager]  [bootstrap] C:\Program Files\Neo4j CE 2.3.1\jre\lib\jce.jar
2015-12-11 04:32:33.193+0000 INFO  [o.n.k.i.DiagnosticsManager]  [bootstrap] C:\Program Files\Neo4j CE 2.3.1\jre\lib\rt.jar
2015-12-11 04:32:33.194+0000 INFO  [o.n.k.i.DiagnosticsManager]  [bootstrap] C:\Program Files\Neo4j CE 2.3.1\jre\lib\charsets.jar
2015-12-11 04:32:33.194+0000 INFO  [o.n.k.i.DiagnosticsManager]  [loader.1] file:/C:/Program%20Files/Neo4j%20CE%202.3.1/jre/lib/ext/sunjce_provider.jar
2015-12-11 04:32:33.194+0000 INFO  [o.n.k.i.DiagnosticsManager]  [bootstrap] C:\Program Files\Neo4j CE 2.3.1\jre\classes
2015-12-11 04:32:33.194+0000 INFO  [o.n.k.i.DiagnosticsManager]  [loader.1] file:/C:/Program%20Files/Neo4j%20CE%202.3.1/jre/lib/ext/zipfs.jar
2015-12-11 04:32:33.194+0000 INFO  [o.n.k.i.DiagnosticsManager]  [loader.1] file:/C:/Program%20Files/Neo4j%20CE%202.3.1/jre/lib/ext/jaccess.jar
2015-12-11 04:32:33.194+0000 INFO  [o.n.k.i.DiagnosticsManager]  [loader.1] file:/C:/Program%20Files/Neo4j%20CE%202.3.1/jre/lib/ext/sunec.jar
2015-12-11 04:32:33.194+0000 INFO  [o.n.k.i.DiagnosticsManager]  [classpath] C:\Program Files\Neo4j CE 2.3.1\bin\neo4j-desktop-2.3.1.jar
2015-12-11 04:32:33.194+0000 INFO  [o.n.k.i.DiagnosticsManager] Library path:
2015-12-11 04:32:33.194+0000 INFO  [o.n.k.i.DiagnosticsManager] C:\Program Files (x86)\AMD APP\bin\x86_64
2015-12-11 04:32:33.194+0000 INFO  [o.n.k.i.DiagnosticsManager] C:\Program Files (x86)\AMD APP\bin\x86
2015-12-11 04:32:33.195+0000 INFO  [o.n.k.i.DiagnosticsManager] C:\ProgramData\Oracle\Java\javapath
2015-12-11 04:32:33.195+0000 INFO  [o.n.k.i.DiagnosticsManager] C:\Windows\System32
2015-12-11 04:32:33.195+0000 INFO  [o.n.k.i.DiagnosticsManager] C:\Windows
2015-12-11 04:32:33.195+0000 INFO  [o.n.k.i.DiagnosticsManager] C:\Windows\System32\wbem
2015-12-11 04:32:33.195+0000 INFO  [o.n.k.i.DiagnosticsManager] C:\Windows\System32\WindowsPowerShell\v1.0
2015-12-11 04:32:33.196+0000 INFO  [o.n.k.i.DiagnosticsManager] C:\Program Files (x86)\MiKTeX 2.9\miktex\bin
2015-12-11 04:32:33.196+0000 INFO  [o.n.k.i.DiagnosticsManager] C:\Program Files\TortoiseSVN\bin
2015-12-11 04:32:33.196+0000 INFO  [o.n.k.i.DiagnosticsManager] C:\Windows\System32\config\systemprofile\.dnx\bin
2015-12-11 04:32:33.196+0000 INFO  [o.n.k.i.DiagnosticsManager] C:\Program Files\Microsoft DNX\Dnvm
2015-12-11 04:32:33.196+0000 INFO  [o.n.k.i.DiagnosticsManager] C:\Program Files\MATLAB\R2015b\runtime\win64
2015-12-11 04:32:33.197+0000 INFO  [o.n.k.i.DiagnosticsManager] C:\Program Files\MATLAB\R2015b\bin
2015-12-11 04:32:33.197+0000 INFO  [o.n.k.i.DiagnosticsManager] C:\Program Files (x86)\ATI Technologies\ATI.ACE\Core-Static
2015-12-11 04:32:33.197+0000 INFO  [o.n.k.i.DiagnosticsManager] C:\Program Files\Neo4j CE 2.3.1\jre\bin
2015-12-11 04:32:33.197+0000 INFO  [o.n.k.i.DiagnosticsManager] System.properties:
2015-12-11 04:32:33.197+0000 INFO  [o.n.k.i.DiagnosticsManager] exe4j.moduleName = C:\Program Files\Neo4j CE 2.3.1\bin\neo4j-ce.exe
2015-12-11 04:32:33.197+0000 INFO  [o.n.k.i.DiagnosticsManager] exe4j.semaphoreName = Local\c:_program_files_neo4j_ce_2.3.1_bin_neo4j-ce.exe
2015-12-11 04:32:33.197+0000 INFO  [o.n.k.i.DiagnosticsManager] sun.boot.library.path = c:\program files\neo4j ce 2.3.1\jre\bin
2015-12-11 04:32:33.197+0000 INFO  [o.n.k.i.DiagnosticsManager] exe4j.consoleCodepage = cp0
2015-12-11 04:32:33.197+0000 INFO  [o.n.k.i.DiagnosticsManager] path.separator = ;
2015-12-11 04:32:33.197+0000 INFO  [o.n.k.i.DiagnosticsManager] file.encoding.pkg = sun.io
2015-12-11 04:32:33.197+0000 INFO  [o.n.k.i.DiagnosticsManager] user.country = US
2015-12-11 04:32:33.197+0000 INFO  [o.n.k.i.DiagnosticsManager] user.script = 
2015-12-11 04:32:33.197+0000 INFO  [o.n.k.i.DiagnosticsManager] sun.os.patch.level = 
2015-12-11 04:32:33.197+0000 INFO  [o.n.k.i.DiagnosticsManager] install4j.exeDir = C:\Program Files\Neo4j CE 2.3.1\bin\
2015-12-11 04:32:33.197+0000 INFO  [o.n.k.i.DiagnosticsManager] user.dir = C:\Program Files\Neo4j CE 2.3.1\bin
2015-12-11 04:32:33.197+0000 INFO  [o.n.k.i.DiagnosticsManager] neo4j.ext.udc.source = desktop
2015-12-11 04:32:33.197+0000 INFO  [o.n.k.i.DiagnosticsManager] user.variant = 
2015-12-11 04:32:33.197+0000 INFO  [o.n.k.i.DiagnosticsManager] exe4j.tempDir = 
2015-12-11 04:32:33.198+0000 INFO  [o.n.k.i.DiagnosticsManager] sun.jnu.encoding = Cp1252
2015-12-11 04:32:33.198+0000 INFO  [o.n.k.i.DiagnosticsManager] sun.awt.enableExtraMouseButtons = true
2015-12-11 04:32:33.198+0000 INFO  [o.n.k.i.DiagnosticsManager] install4j.launcherId = 24
2015-12-11 04:32:33.198+0000 INFO  [o.n.k.i.DiagnosticsManager] sun.management.compiler = HotSpot 64-Bit Tiered Compilers
2015-12-11 04:32:33.198+0000 INFO  [o.n.k.i.DiagnosticsManager] exe4j.isInstall4j = true
2015-12-11 04:32:33.198+0000 INFO  [o.n.k.i.DiagnosticsManager] install4j.swt = false
2015-12-11 04:32:33.198+0000 INFO  [o.n.k.i.DiagnosticsManager] user.home = C:\Users\cez
2015-12-11 04:32:33.198+0000 INFO  [o.n.k.i.DiagnosticsManager] user.timezone = America/Chicago
2015-12-11 04:32:33.198+0000 INFO  [o.n.k.i.DiagnosticsManager] file.encoding = Cp1252
2015-12-11 04:32:33.198+0000 INFO  [o.n.k.i.DiagnosticsManager] user.name = cez
2015-12-11 04:32:33.198+0000 INFO  [o.n.k.i.DiagnosticsManager] sun.java.command = C:\Program Files\Neo4j CE 2.3.1\bin\neo4j-ce.exe
2015-12-11 04:32:33.198+0000 INFO  [o.n.k.i.DiagnosticsManager] sun.arch.data.model = 64
2015-12-11 04:32:33.198+0000 INFO  [o.n.k.i.DiagnosticsManager] exe4j.launchName = C:\Program Files\Neo4j CE 2.3.1\bin\neo4j-ce.exe
2015-12-11 04:32:33.198+0000 INFO  [o.n.k.i.DiagnosticsManager] user.language = en
2015-12-11 04:32:33.198+0000 INFO  [o.n.k.i.DiagnosticsManager] awt.toolkit = sun.awt.windows.WToolkit
2015-12-11 04:32:33.198+0000 INFO  [o.n.k.i.DiagnosticsManager] exe4j.unextractedPosition = 0
2015-12-11 04:32:33.198+0000 INFO  [o.n.k.i.DiagnosticsManager] install4j.appDir = C:\Program Files\Neo4j CE 2.3.1\
2015-12-11 04:32:33.198+0000 INFO  [o.n.k.i.DiagnosticsManager] file.separator = \
2015-12-11 04:32:33.198+0000 INFO  [o.n.k.i.DiagnosticsManager] sun.io.unicode.encoding = UnicodeLittle
2015-12-11 04:32:33.198+0000 INFO  [o.n.k.i.DiagnosticsManager] sun.cpu.endian = little
2015-12-11 04:32:33.198+0000 INFO  [o.n.k.i.DiagnosticsManager] sun.desktop = windows
2015-12-11 04:32:33.198+0000 INFO  [o.n.k.i.DiagnosticsManager] sun.cpu.isalist = amd64
2015-12-11 04:32:33.198+0000 INFO  [o.n.k.i.DiagnosticsManager] Network information:
2015-12-11 04:32:33.215+0000 INFO  [o.n.k.i.DiagnosticsManager] Interface Software Loopback Interface 1:
2015-12-11 04:32:33.215+0000 INFO  [o.n.k.i.DiagnosticsManager]     address: 127.0.0.1
2015-12-11 04:32:33.215+0000 INFO  [o.n.k.i.DiagnosticsManager]     address: 0:0:0:0:0:0:0:1
2015-12-11 04:32:33.215+0000 INFO  [o.n.k.i.DiagnosticsManager] Interface Microsoft Kernel Debug Network Adapter:
2015-12-11 04:32:33.215+0000 INFO  [o.n.k.i.DiagnosticsManager] Interface Intel(R) 82578DM Gigabit Network Connection:
2015-12-11 04:32:33.215+0000 INFO  [o.n.k.i.DiagnosticsManager]     address: 10.24.47.166
2015-12-11 04:32:33.215+0000 INFO  [o.n.k.i.DiagnosticsManager]     address: 2610:130:101:d00:4493:c16:efa9:8b55
2015-12-11 04:32:33.215+0000 INFO  [o.n.k.i.DiagnosticsManager]     address: 2610:130:101:d00:920:e15d:79eb:345b
2015-12-11 04:32:33.215+0000 INFO  [o.n.k.i.DiagnosticsManager]     address: 2610:130:101:d00:a502:b02c:1a2d:577b
2015-12-11 04:32:33.215+0000 INFO  [o.n.k.i.DiagnosticsManager]     address: fe80:0:0:0:4493:c16:efa9:8b55%3
2015-12-11 04:32:33.215+0000 INFO  [o.n.k.i.DiagnosticsManager] Interface Microsoft ISATAP Adapter:
2015-12-11 04:32:33.215+0000 INFO  [o.n.k.i.DiagnosticsManager]     address: fe80:0:0:0:0:5efe:c0a8:3801%4
2015-12-11 04:32:33.215+0000 INFO  [o.n.k.i.DiagnosticsManager] Interface Teredo Tunneling Pseudo-Interface:
2015-12-11 04:32:33.215+0000 INFO  [o.n.k.i.DiagnosticsManager] Interface Microsoft ISATAP Adapter #2:
2015-12-11 04:32:33.215+0000 INFO  [o.n.k.i.DiagnosticsManager]     address: fe80:0:0:0:0:5efe:a18:2fa6%6
2015-12-11 04:32:33.215+0000 INFO  [o.n.k.i.DiagnosticsManager] Interface VirtualBox Host-Only Ethernet Adapter:
2015-12-11 04:32:33.215+0000 INFO  [o.n.k.i.DiagnosticsManager]     address: 192.168.56.1
2015-12-11 04:32:33.215+0000 INFO  [o.n.k.i.DiagnosticsManager]     address: fe80:0:0:0:4133:2d33:29c2:6efa%7
2015-12-11 04:32:33.215+0000 INFO  [o.n.k.i.DiagnosticsManager] Interface Microsoft ISATAP Adapter #3:
2015-12-11 04:32:33.215+0000 INFO  [o.n.k.i.DiagnosticsManager] Interface VirtualBox Host-Only Ethernet Adapter-WFP Native MAC Layer LightWeight Filter-0000:
2015-12-11 04:32:33.215+0000 INFO  [o.n.k.i.DiagnosticsManager] Interface VirtualBox Host-Only Ethernet Adapter-VirtualBox NDIS Light-Weight Filter-0000:
2015-12-11 04:32:33.215+0000 INFO  [o.n.k.i.DiagnosticsManager] Interface VirtualBox Host-Only Ethernet Adapter-QoS Packet Scheduler-0000:
2015-12-11 04:32:33.215+0000 INFO  [o.n.k.i.DiagnosticsManager] Interface VirtualBox Host-Only Ethernet Adapter-WFP 802.3 MAC Layer LightWeight Filter-0000:
2015-12-11 04:32:33.215+0000 INFO  [o.n.k.i.DiagnosticsManager] Interface Intel(R) 82578DM Gigabit Network Connection-WFP Native MAC Layer LightWeight Filter-0000:
2015-12-11 04:32:33.215+0000 INFO  [o.n.k.i.DiagnosticsManager] Interface Intel(R) 82578DM Gigabit Network Connection-VirtualBox NDIS Light-Weight Filter-0000:
2015-12-11 04:32:33.215+0000 INFO  [o.n.k.i.DiagnosticsManager] Interface Intel(R) 82578DM Gigabit Network Connection-QoS Packet Scheduler-0000:
2015-12-11 04:32:33.215+0000 INFO  [o.n.k.i.DiagnosticsManager] Interface Intel(R) 82578DM Gigabit Network Connection-WFP 802.3 MAC Layer LightWeight Filter-0000:
2015-12-11 04:32:33.215+0000 INFO  [o.n.k.i.DiagnosticsManager] --- INITIALIZED diagnostics END ---
2015-12-11 04:32:35.055+0000 INFO  [o.n.k.KernelHealth] Kernel health set to OK
2015-12-11 04:32:35.078+0000 INFO  [o.n.k.AvailabilityGuard] Fulfilling of requirement makes database available: Database available
2015-12-11 04:32:35.084+0000 INFO  [o.n.k.i.f.CommunityFacadeFactory] Database is now ready
2015-12-11 04:32:35.090+0000 INFO  [o.n.k.i.DiagnosticsManager] --- STARTED diagnostics for KernelDiagnostics:Versions START ---
2015-12-11 04:32:35.095+0000 INFO  [o.n.k.i.DiagnosticsManager] Graph Database: Community StoreId{creationTime=1449722327907, randomId=5019588403869718636, storeVersion=15250506225055238, upgradeTime=1449722327907, upgradeId=1}
2015-12-11 04:32:35.101+0000 INFO  [o.n.k.i.DiagnosticsManager] Kernel version: 2.3.1
2015-12-11 04:32:35.106+0000 INFO  [o.n.k.i.DiagnosticsManager] --- STARTED diagnostics for KernelDiagnostics:Versions END ---
2015-12-11 04:32:35.112+0000 INFO  [o.n.k.i.DiagnosticsManager] --- STARTED diagnostics for NEO_STORE_VERSIONS START ---
2015-12-11 04:32:35.116+0000 INFO  [o.n.k.i.DiagnosticsManager] Store versions:
2015-12-11 04:32:35.118+0000 INFO  [o.n.k.i.DiagnosticsManager] Store versions:
2015-12-11 04:32:35.121+0000 INFO  [o.n.k.i.DiagnosticsManager] ArrayPropertyStore v0.A.6
2015-12-11 04:32:35.124+0000 INFO  [o.n.k.i.DiagnosticsManager] NodeStore v0.A.6
2015-12-11 04:32:35.127+0000 INFO  [o.n.k.i.DiagnosticsManager] StringPropertyStore v0.A.6
2015-12-11 04:32:35.129+0000 INFO  [o.n.k.i.DiagnosticsManager] PropertyIndexStore v0.A.6
2015-12-11 04:32:35.132+0000 INFO  [o.n.k.i.DiagnosticsManager] StringPropertyStore v0.A.6
2015-12-11 04:32:35.135+0000 INFO  [o.n.k.i.DiagnosticsManager] ArrayPropertyStore v0.A.6
2015-12-11 04:32:35.137+0000 INFO  [o.n.k.i.DiagnosticsManager] PropertyStore v0.A.6
2015-12-11 04:32:35.140+0000 INFO  [o.n.k.i.DiagnosticsManager] RelationshipStore v0.A.6
2015-12-11 04:32:35.143+0000 INFO  [o.n.k.i.DiagnosticsManager] StringPropertyStore v0.A.6
2015-12-11 04:32:35.145+0000 INFO  [o.n.k.i.DiagnosticsManager] RelationshipTypeStore v0.A.6
2015-12-11 04:32:35.147+0000 INFO  [o.n.k.i.DiagnosticsManager] StringPropertyStore v0.A.6
2015-12-11 04:32:35.150+0000 INFO  [o.n.k.i.DiagnosticsManager] LabelTokenStore v0.A.6
2015-12-11 04:32:35.152+0000 INFO  [o.n.k.i.DiagnosticsManager] SchemaStore v0.A.6
2015-12-11 04:32:35.154+0000 INFO  [o.n.k.i.DiagnosticsManager] RelationshipGroupStore v0.A.6
2015-12-11 04:32:35.156+0000 INFO  [o.n.k.i.DiagnosticsManager] NeoStore v0.A.6
2015-12-11 04:32:35.159+0000 INFO  [o.n.k.i.DiagnosticsManager] --- STARTED diagnostics for NEO_STORE_VERSIONS END ---
2015-12-11 04:32:35.161+0000 INFO  [o.n.k.i.DiagnosticsManager] --- STARTED diagnostics for NEO_STORE_ID_USAGE START ---
2015-12-11 04:32:35.163+0000 INFO  [o.n.k.i.DiagnosticsManager] Id usage:
2015-12-11 04:32:35.165+0000 INFO  [o.n.k.i.DiagnosticsManager] Id usage:
2015-12-11 04:32:35.168+0000 INFO  [o.n.k.i.DiagnosticsManager]   ArrayPropertyStore v0.A.6: used=1 high=0
2015-12-11 04:32:35.170+0000 INFO  [o.n.k.i.DiagnosticsManager]   NodeStore v0.A.6: used=4300 high=4299
2015-12-11 04:32:35.172+0000 INFO  [o.n.k.i.DiagnosticsManager]   StringPropertyStore v0.A.6: used=4 high=3
2015-12-11 04:32:35.175+0000 INFO  [o.n.k.i.DiagnosticsManager]   PropertyIndexStore v0.A.6: used=3 high=2
2015-12-11 04:32:35.177+0000 INFO  [o.n.k.i.DiagnosticsManager]   StringPropertyStore v0.A.6: used=1 high=0
2015-12-11 04:32:35.179+0000 INFO  [o.n.k.i.DiagnosticsManager]   ArrayPropertyStore v0.A.6: used=1 high=0
2015-12-11 04:32:35.181+0000 INFO  [o.n.k.i.DiagnosticsManager]   PropertyStore v0.A.6: used=4300 high=4299
2015-12-11 04:32:35.184+0000 INFO  [o.n.k.i.DiagnosticsManager]   RelationshipStore v0.A.6: used=4200 high=4199
2015-12-11 04:32:35.186+0000 INFO  [o.n.k.i.DiagnosticsManager]   StringPropertyStore v0.A.6: used=3 high=2
2015-12-11 04:32:35.188+0000 INFO  [o.n.k.i.DiagnosticsManager]   RelationshipTypeStore v0.A.6: used=2 high=1
2015-12-11 04:32:35.190+0000 INFO  [o.n.k.i.DiagnosticsManager]   StringPropertyStore v0.A.6: used=4 high=3
2015-12-11 04:32:35.192+0000 INFO  [o.n.k.i.DiagnosticsManager]   LabelTokenStore v0.A.6: used=3 high=2
2015-12-11 04:32:35.194+0000 INFO  [o.n.k.i.DiagnosticsManager]   SchemaStore v0.A.6: used=1 high=0
2015-12-11 04:32:35.196+0000 INFO  [o.n.k.i.DiagnosticsManager]   RelationshipGroupStore v0.A.6: used=1 high=0
2015-12-11 04:32:35.198+0000 INFO  [o.n.k.i.DiagnosticsManager]   NeoStore v0.A.6: used=13 high=12
2015-12-11 04:32:35.201+0000 INFO  [o.n.k.i.DiagnosticsManager] --- STARTED diagnostics for NEO_STORE_ID_USAGE END ---
2015-12-11 04:32:35.203+0000 INFO  [o.n.k.i.DiagnosticsManager] --- STARTED diagnostics for NEO_STORE_RECORDS START ---
2015-12-11 04:32:35.205+0000 INFO  [o.n.k.i.DiagnosticsManager] Neostore records:
2015-12-11 04:32:35.207+0000 INFO  [o.n.k.i.DiagnosticsManager] TIME (Creation time): 1449722327907
2015-12-11 04:32:35.209+0000 INFO  [o.n.k.i.DiagnosticsManager] RANDOM_NUMBER (Random number for store id): 5019588403869718636
2015-12-11 04:32:35.222+0000 INFO  [o.n.k.i.DiagnosticsManager] LOG_VERSION (Current log version): 0
2015-12-11 04:32:35.224+0000 INFO  [o.n.k.i.DiagnosticsManager] LAST_TRANSACTION_ID (Last committed transaction): 8509
2015-12-11 04:32:35.226+0000 INFO  [o.n.k.i.DiagnosticsManager] STORE_VERSION (Store format version): 15250506225055238
2015-12-11 04:32:35.228+0000 INFO  [o.n.k.i.DiagnosticsManager] FIRST_GRAPH_PROPERTY (First property record containing graph properties): -1
2015-12-11 04:32:35.231+0000 INFO  [o.n.k.i.DiagnosticsManager] LAST_CONSTRAINT_TRANSACTION (Last committed transaction containing constraint changes): 0
2015-12-11 04:32:35.233+0000 INFO  [o.n.k.i.DiagnosticsManager] UPGRADE_TRANSACTION_ID (Transaction id most recent upgrade was performed at): 1
2015-12-11 04:32:35.235+0000 INFO  [o.n.k.i.DiagnosticsManager] UPGRADE_TIME (Time of last upgrade): 1449722327907
2015-12-11 04:32:35.237+0000 INFO  [o.n.k.i.DiagnosticsManager] LAST_TRANSACTION_CHECKSUM (Checksum of last committed transaction): -160094861918
2015-12-11 04:32:35.239+0000 INFO  [o.n.k.i.DiagnosticsManager] UPGRADE_TRANSACTION_CHECKSUM (Checksum of transaction id the most recent upgrade was performed at): 0
2015-12-11 04:32:35.242+0000 INFO  [o.n.k.i.DiagnosticsManager] LAST_CLOSED_TRANSACTION_LOG_VERSION (Log version where the last transaction commit entry has been written into): 0
2015-12-11 04:32:35.244+0000 INFO  [o.n.k.i.DiagnosticsManager] LAST_CLOSED_TRANSACTION_LOG_BYTE_OFFSET (Byte offset in the log file where the last transaction commit entry has been written into): 3034167
2015-12-11 04:32:35.246+0000 INFO  [o.n.k.i.DiagnosticsManager] --- STARTED diagnostics for NEO_STORE_RECORDS END ---
2015-12-11 04:32:35.249+0000 INFO  [o.n.k.i.DiagnosticsManager] --- STARTED diagnostics for TRANSACTION_RANGE START ---
2015-12-11 04:32:35.251+0000 INFO  [o.n.k.i.DiagnosticsManager] Transaction log:
2015-12-11 04:32:35.254+0000 INFO  [o.n.k.i.DiagnosticsManager] Oldest transaction 2 found in log with version 0
2015-12-11 04:32:35.256+0000 INFO  [o.n.k.i.DiagnosticsManager] --- STARTED diagnostics for TRANSACTION_RANGE END ---
2015-12-11 04:32:35.259+0000 INFO  [o.n.k.i.DiagnosticsManager] --- STARTED diagnostics for KernelDiagnostics:StoreFiles START ---
2015-12-11 04:32:35.262+0000 INFO  [o.n.k.i.DiagnosticsManager] Disk space on partition (Total / Free / Free %): 499738734592 / 397619752960 / 79
Storage files: (filename : modification date - size)
2015-12-11 04:32:35.265+0000 INFO  [o.n.k.i.DiagnosticsManager]   dbms:
2015-12-11 04:32:35.267+0000 INFO  [o.n.k.i.DiagnosticsManager]     auth: 2015-12-09T22:38:48-0600 - 137.00 B
2015-12-11 04:32:35.270+0000 INFO  [o.n.k.i.DiagnosticsManager]     ssl:
2015-12-11 04:32:35.273+0000 INFO  [o.n.k.i.DiagnosticsManager]       snakeoil.cert: 2015-12-09T22:38:45-0600 - 630.00 B
2015-12-11 04:32:35.275+0000 INFO  [o.n.k.i.DiagnosticsManager]       snakeoil.key: 2015-12-09T22:38:45-0600 - 914.00 B
2015-12-11 04:32:35.277+0000 INFO  [o.n.k.i.DiagnosticsManager]     - Total: 2015-12-09T22:38:45-0600 - 1.51 kB
2015-12-11 04:32:35.279+0000 INFO  [o.n.k.i.DiagnosticsManager]   - Total: 2015-12-09T22:38:48-0600 - 1.64 kB
2015-12-11 04:32:35.281+0000 INFO  [o.n.k.i.DiagnosticsManager]   index:
2015-12-11 04:32:35.284+0000 INFO  [o.n.k.i.DiagnosticsManager]   - Total: 2015-12-09T22:38:48-0600 - 0.00 B
2015-12-11 04:32:35.286+0000 INFO  [o.n.k.i.DiagnosticsManager]   messages.log: 2015-12-09T22:47:21-0600 - 61.64 kB
2015-12-11 04:32:35.288+0000 INFO  [o.n.k.i.DiagnosticsManager]   neo4j.properties: 2015-12-09T22:38:45-0600 - 1.30 kB
2015-12-11 04:32:35.290+0000 INFO  [o.n.k.i.DiagnosticsManager]   neostore: 2015-12-09T22:47:19-0600 - 8.00 kB
2015-12-11 04:32:35.292+0000 INFO  [o.n.k.i.DiagnosticsManager]   neostore.counts.db.a: 2015-12-09T22:47:19-0600 - 576.00 B
2015-12-11 04:32:35.295+0000 INFO  [o.n.k.i.DiagnosticsManager]   neostore.counts.db.b: 2015-12-09T22:43:48-0600 - 576.00 B
2015-12-11 04:32:35.297+0000 INFO  [o.n.k.i.DiagnosticsManager]   neostore.id: 2015-12-10T22:32:34-0600 - 9.00 B
2015-12-11 04:32:35.300+0000 INFO  [o.n.k.i.DiagnosticsManager]   neostore.labeltokenstore.db: 2015-12-09T22:43:48-0600 - 8.00 kB
2015-12-11 04:32:35.302+0000 INFO  [o.n.k.i.DiagnosticsManager]   neostore.labeltokenstore.db.id: 2015-12-10T22:32:34-0600 - 9.00 B
2015-12-11 04:32:35.304+0000 INFO  [o.n.k.i.DiagnosticsManager]   neostore.labeltokenstore.db.names: 2015-12-09T22:43:48-0600 - 8.00 kB
2015-12-11 04:32:35.307+0000 INFO  [o.n.k.i.DiagnosticsManager]   neostore.labeltokenstore.db.names.id: 2015-12-10T22:32:34-0600 - 9.00 B
2015-12-11 04:32:35.309+0000 INFO  [o.n.k.i.DiagnosticsManager]   neostore.nodestore.db: 2015-12-09T22:47:19-0600 - 63.98 kB
2015-12-11 04:32:35.311+0000 INFO  [o.n.k.i.DiagnosticsManager]   neostore.nodestore.db.id: 2015-12-10T22:32:33-0600 - 9.00 B
2015-12-11 04:32:35.314+0000 INFO  [o.n.k.i.DiagnosticsManager]   neostore.nodestore.db.labels: 2015-12-09T22:38:45-0600 - 8.00 kB
2015-12-11 04:32:35.316+0000 INFO  [o.n.k.i.DiagnosticsManager]   neostore.nodestore.db.labels.id: 2015-12-10T22:32:33-0600 - 9.00 B
2015-12-11 04:32:35.318+0000 INFO  [o.n.k.i.DiagnosticsManager]   neostore.propertystore.db: 2015-12-09T22:47:20-0600 - 175.29 kB
2015-12-11 04:32:35.320+0000 INFO  [o.n.k.i.DiagnosticsManager]   neostore.propertystore.db.arrays: 2015-12-09T22:38:46-0600 - 8.00 kB
2015-12-11 04:32:35.323+0000 INFO  [o.n.k.i.DiagnosticsManager]   neostore.propertystore.db.arrays.id: 2015-12-10T22:32:33-0600 - 9.00 B
2015-12-11 04:32:35.325+0000 INFO  [o.n.k.i.DiagnosticsManager]   neostore.propertystore.db.id: 2015-12-10T22:32:33-0600 - 9.00 B
2015-12-11 04:32:35.328+0000 INFO  [o.n.k.i.DiagnosticsManager]   neostore.propertystore.db.index: 2015-12-09T22:43:48-0600 - 8.00 kB
2015-12-11 04:32:35.330+0000 INFO  [o.n.k.i.DiagnosticsManager]   neostore.propertystore.db.index.id: 2015-12-10T22:32:33-0600 - 9.00 B
2015-12-11 04:32:35.332+0000 INFO  [o.n.k.i.DiagnosticsManager]   neostore.propertystore.db.index.keys: 2015-12-09T22:43:48-0600 - 8.00 kB
2015-12-11 04:32:35.335+0000 INFO  [o.n.k.i.DiagnosticsManager]   neostore.propertystore.db.index.keys.id: 2015-12-10T22:32:33-0600 - 9.00 B
2015-12-11 04:32:35.337+0000 INFO  [o.n.k.i.DiagnosticsManager]   neostore.propertystore.db.strings: 2015-12-09T22:38:46-0600 - 8.00 kB
2015-12-11 04:32:35.340+0000 INFO  [o.n.k.i.DiagnosticsManager]   neostore.propertystore.db.strings.id: 2015-12-10T22:32:33-0600 - 9.00 B
2015-12-11 04:32:35.342+0000 INFO  [o.n.k.i.DiagnosticsManager]   neostore.relationshipgroupstore.db: 2015-12-09T22:38:47-0600 - 8.00 kB
2015-12-11 04:32:35.345+0000 INFO  [o.n.k.i.DiagnosticsManager]   neostore.relationshipgroupstore.db.id: 2015-12-10T22:32:34-0600 - 9.00 B
2015-12-11 04:32:35.347+0000 INFO  [o.n.k.i.DiagnosticsManager]   neostore.relationshipstore.db: 2015-12-09T22:47:20-0600 - 143.44 kB
2015-12-11 04:32:35.349+0000 INFO  [o.n.k.i.DiagnosticsManager]   neostore.relationshipstore.db.id: 2015-12-10T22:32:34-0600 - 9.00 B
2015-12-11 04:32:35.352+0000 INFO  [o.n.k.i.DiagnosticsManager]   neostore.relationshiptypestore.db: 2015-12-09T22:43:48-0600 - 8.00 kB
2015-12-11 04:32:35.354+0000 INFO  [o.n.k.i.DiagnosticsManager]   neostore.relationshiptypestore.db.id: 2015-12-10T22:32:34-0600 - 9.00 B
2015-12-11 04:32:35.356+0000 INFO  [o.n.k.i.DiagnosticsManager]   neostore.relationshiptypestore.db.names: 2015-12-09T22:43:48-0600 - 8.00 kB
2015-12-11 04:32:35.359+0000 INFO  [o.n.k.i.DiagnosticsManager]   neostore.relationshiptypestore.db.names.id: 2015-12-10T22:32:34-0600 - 9.00 B
2015-12-11 04:32:35.361+0000 INFO  [o.n.k.i.DiagnosticsManager]   neostore.schemastore.db: 2015-12-09T22:38:47-0600 - 8.00 kB
2015-12-11 04:32:35.363+0000 INFO  [o.n.k.i.DiagnosticsManager]   neostore.schemastore.db.id: 2015-12-10T22:32:34-0600 - 9.00 B
2015-12-11 04:32:35.366+0000 INFO  [o.n.k.i.DiagnosticsManager]   neostore.transaction.db.0: 2015-12-09T22:47:19-0600 - 2.89 MB
2015-12-11 04:32:35.368+0000 INFO  [o.n.k.i.DiagnosticsManager]   schema:
2015-12-11 04:32:35.370+0000 INFO  [o.n.k.i.DiagnosticsManager]     label:
2015-12-11 04:32:35.372+0000 INFO  [o.n.k.i.DiagnosticsManager]       lucene:
2015-12-11 04:32:35.375+0000 INFO  [o.n.k.i.DiagnosticsManager]         _6lz.cfs: 2015-12-09T22:46:59-0600 - 4.23 kB
2015-12-11 04:32:35.377+0000 INFO  [o.n.k.i.DiagnosticsManager]         segments.gen: 2015-12-09T22:47:19-0600 - 20.00 B
2015-12-11 04:32:35.379+0000 INFO  [o.n.k.i.DiagnosticsManager]         segments_2: 2015-12-09T22:47:19-0600 - 258.00 B
2015-12-11 04:32:35.381+0000 INFO  [o.n.k.i.DiagnosticsManager]         write.lock: 2015-12-10T22:32:34-0600 - 0.00 B
2015-12-11 04:32:35.384+0000 INFO  [o.n.k.i.DiagnosticsManager]       - Total: 2015-12-10T22:32:34-0600 - 4.50 kB
2015-12-11 04:32:35.386+0000 INFO  [o.n.k.i.DiagnosticsManager]     - Total: 2015-12-09T22:38:48-0600 - 4.50 kB
2015-12-11 04:32:35.388+0000 INFO  [o.n.k.i.DiagnosticsManager]   - Total: 2015-12-09T22:38:48-0600 - 4.50 kB
2015-12-11 04:32:35.390+0000 INFO  [o.n.k.i.DiagnosticsManager]   store_lock: 2015-12-09T22:38:45-0600 - 0.00 B
2015-12-11 04:32:35.392+0000 INFO  [o.n.k.i.DiagnosticsManager] --- STARTED diagnostics for KernelDiagnostics:StoreFiles END ---
2015-12-11 04:32:35.402+0000 INFO  [o.n.k.i.DiagnosticsManager] --- SERVER STARTED START ---
2015-12-11 04:32:36.040+0000 INFO  [o.n.k.i.DiagnosticsManager] --- SERVER STARTED END ---
2015-12-11 04:55:21.042+0000 INFO  [o.n.k.i.f.GraphDatabaseFacade] Shutdown started
2015-12-11 04:55:21.045+0000 INFO  [o.n.k.i.f.CommunityFacadeFactory] Database is now unavailable
2015-12-11 04:55:21.081+0000 INFO  [o.n.k.i.t.l.c.CheckPointerImpl] Check Pointing triggered by database shutdown [8509]:  Starting check pointing...
2015-12-11 04:55:21.084+0000 INFO  [o.n.k.i.t.l.c.CheckPointerImpl] Check Pointing triggered by database shutdown [8509]:  Starting store flush...
2015-12-11 04:55:21.100+0000 INFO  [o.n.k.i.t.l.c.CheckPointerImpl] Check Pointing triggered by database shutdown [8509]:  Store flush completed
2015-12-11 04:55:21.103+0000 INFO  [o.n.k.i.t.l.c.CheckPointerImpl] Check Pointing triggered by database shutdown [8509]:  Starting appending check point entry into the tx log...
2015-12-11 04:55:21.129+0000 INFO  [o.n.k.i.t.l.c.CheckPointerImpl] Check Pointing triggered by database shutdown [8509]:  Appending check point entry into the tx log completed
2015-12-11 04:55:21.132+0000 INFO  [o.n.k.i.t.l.c.CheckPointerImpl] Check Pointing triggered by database shutdown [8509]:  Check pointing completed
2015-12-11 04:55:21.134+0000 INFO  [o.n.k.i.t.l.p.LogPruningImpl] Log Rotation [0]:  Starting log pruning.
2015-12-11 04:55:21.137+0000 INFO  [o.n.k.i.t.l.p.LogPruningImpl] Log Rotation [0]:  Log pruning complete.
2015-12-11 04:55:22.282+0000 INFO  [o.n.k.NeoStoreDataSource] NeoStores closed
2015-12-11 04:55:22.288+0000 INFO  [o.n.k.i.DiagnosticsManager] --- STOPPING diagnostics START ---
2015-12-11 04:55:22.288+0000 INFO  [o.n.k.i.DiagnosticsManager] --- STOPPING diagnostics END ---
