2015-12-09 22:22:55.046+0000 INFO  [o.n.k.i.f.CommunityFacadeFactory] No locking implementation specified, defaulting to 'community'
2015-12-09 22:22:55.049+0000 INFO  [o.n.k.AvailabilityGuard] Requirement makes database unavailable: Database available
2015-12-09 22:22:55.051+0000 INFO  [o.n.k.i.DiagnosticsManager] --- INITIALIZED diagnostics START ---
2015-12-09 22:22:55.051+0000 INFO  [o.n.k.i.DiagnosticsManager] Neo4j Kernel properties:
2015-12-09 22:22:55.051+0000 INFO  [o.n.k.i.DiagnosticsManager] org.neo4j.server.db.tuning.properties=C:\561\2000\2000D5\neo4j.properties
2015-12-09 22:22:55.051+0000 INFO  [o.n.k.i.DiagnosticsManager] org.neo4j.server.database.location=C:\561\2000\2000D5
2015-12-09 22:22:55.051+0000 INFO  [o.n.k.i.DiagnosticsManager] dbms.querylog.filename=data/log/queries.log
2015-12-09 22:22:55.051+0000 INFO  [o.n.k.i.DiagnosticsManager] dbms.security.auth_store.location=C:\561\2000\2000D5\.\dbms\auth
2015-12-09 22:22:55.051+0000 INFO  [o.n.k.i.DiagnosticsManager] dbms.security.tls_certificate_file=C:\561\2000\2000D5\.\dbms\ssl\snakeoil.cert
2015-12-09 22:22:55.051+0000 INFO  [o.n.k.i.DiagnosticsManager] remote_shell_enabled=true
2015-12-09 22:22:55.051+0000 INFO  [o.n.k.i.DiagnosticsManager] edition=Community
2015-12-09 22:22:55.051+0000 INFO  [o.n.k.i.DiagnosticsManager] dbms.security.tls_key_file=C:\561\2000\2000D5\.\dbms\ssl\snakeoil.key
2015-12-09 22:22:55.051+0000 INFO  [o.n.k.i.DiagnosticsManager] Diagnostics providers:
2015-12-09 22:22:55.051+0000 INFO  [o.n.k.i.DiagnosticsManager] org.neo4j.kernel.configuration.Config
2015-12-09 22:22:55.052+0000 INFO  [o.n.k.i.DiagnosticsManager] org.neo4j.kernel.info.DiagnosticsManager
2015-12-09 22:22:55.052+0000 INFO  [o.n.k.i.DiagnosticsManager] SYSTEM_MEMORY
2015-12-09 22:22:55.052+0000 INFO  [o.n.k.i.DiagnosticsManager] JAVA_MEMORY
2015-12-09 22:22:55.052+0000 INFO  [o.n.k.i.DiagnosticsManager] OPERATING_SYSTEM
2015-12-09 22:22:55.052+0000 INFO  [o.n.k.i.DiagnosticsManager] JAVA_VIRTUAL_MACHINE
2015-12-09 22:22:55.052+0000 INFO  [o.n.k.i.DiagnosticsManager] CLASSPATH
2015-12-09 22:22:55.052+0000 INFO  [o.n.k.i.DiagnosticsManager] LIBRARY_PATH
2015-12-09 22:22:55.052+0000 INFO  [o.n.k.i.DiagnosticsManager] SYSTEM_PROPERTIES
2015-12-09 22:22:55.052+0000 INFO  [o.n.k.i.DiagnosticsManager] NETWORK
2015-12-09 22:22:55.052+0000 INFO  [o.n.k.i.DiagnosticsManager] System memory information:
2015-12-09 22:22:55.052+0000 INFO  [o.n.k.i.DiagnosticsManager] Total Physical memory: 3.93 GB
2015-12-09 22:22:55.052+0000 INFO  [o.n.k.i.DiagnosticsManager] Free Physical memory: 1.99 GB
2015-12-09 22:22:55.052+0000 INFO  [o.n.k.i.DiagnosticsManager] Committed virtual memory: 363.89 MB
2015-12-09 22:22:55.052+0000 INFO  [o.n.k.i.DiagnosticsManager] Total swap space: 5.05 GB
2015-12-09 22:22:55.053+0000 INFO  [o.n.k.i.DiagnosticsManager] Free swap space: 2.47 GB
2015-12-09 22:22:55.053+0000 INFO  [o.n.k.i.DiagnosticsManager] JVM memory information:
2015-12-09 22:22:55.053+0000 INFO  [o.n.k.i.DiagnosticsManager] Free  memory: 42.07 MB
2015-12-09 22:22:55.053+0000 INFO  [o.n.k.i.DiagnosticsManager] Total memory: 102.50 MB
2015-12-09 22:22:55.053+0000 INFO  [o.n.k.i.DiagnosticsManager] Max   memory: 894.50 MB
2015-12-09 22:22:55.053+0000 INFO  [o.n.k.i.DiagnosticsManager] Garbage Collector: PS Scavenge: [PS Eden Space, PS Survivor Space]
2015-12-09 22:22:55.053+0000 INFO  [o.n.k.i.DiagnosticsManager] Garbage Collector: PS MarkSweep: [PS Eden Space, PS Survivor Space, PS Old Gen, PS Perm Gen]
2015-12-09 22:22:55.053+0000 INFO  [o.n.k.i.DiagnosticsManager] Memory Pool: Code Cache (Non-heap memory): committed=10.94 MB, used=10.71 MB, max=48.00 MB, threshold=0.00 B
2015-12-09 22:22:55.053+0000 INFO  [o.n.k.i.DiagnosticsManager] Memory Pool: PS Eden Space (Heap memory): committed=19.50 MB, used=2.03 MB, max=329.50 MB, threshold=?
2015-12-09 22:22:55.053+0000 INFO  [o.n.k.i.DiagnosticsManager] Memory Pool: PS Survivor Space (Heap memory): committed=1.00 MB, used=0.00 B, max=1.00 MB, threshold=?
2015-12-09 22:22:55.053+0000 INFO  [o.n.k.i.DiagnosticsManager] Memory Pool: PS Old Gen (Heap memory): committed=82.00 MB, used=58.40 MB, max=670.50 MB, threshold=0.00 B
2015-12-09 22:22:55.053+0000 INFO  [o.n.k.i.DiagnosticsManager] Memory Pool: PS Perm Gen (Non-heap memory): committed=64.00 MB, used=63.67 MB, max=82.00 MB, threshold=0.00 B
2015-12-09 22:22:55.053+0000 INFO  [o.n.k.i.DiagnosticsManager] Operating system information:
2015-12-09 22:22:55.053+0000 INFO  [o.n.k.i.DiagnosticsManager] Operating System: Windows 8.1; version: 6.3; arch: amd64; cpus: 8
2015-12-09 22:22:55.054+0000 INFO  [o.n.k.i.DiagnosticsManager] Process id: 3784@ATAN-B03-02
2015-12-09 22:22:55.054+0000 INFO  [o.n.k.i.DiagnosticsManager] Byte order: LITTLE_ENDIAN
2015-12-09 22:22:55.054+0000 INFO  [o.n.k.i.DiagnosticsManager] Local timezone: America/Chicago
2015-12-09 22:22:55.054+0000 INFO  [o.n.k.i.DiagnosticsManager] JVM information:
2015-12-09 22:22:55.054+0000 INFO  [o.n.k.i.DiagnosticsManager] VM Name: Java HotSpot(TM) 64-Bit Server VM
2015-12-09 22:22:55.054+0000 INFO  [o.n.k.i.DiagnosticsManager] VM Vendor: Oracle Corporation
2015-12-09 22:22:55.054+0000 INFO  [o.n.k.i.DiagnosticsManager] VM Version: 24.80-b11
2015-12-09 22:22:55.054+0000 INFO  [o.n.k.i.DiagnosticsManager] JIT compiler: HotSpot 64-Bit Tiered Compilers
2015-12-09 22:22:55.054+0000 INFO  [o.n.k.i.DiagnosticsManager] VM Arguments: [-Dexe4j.semaphoreName=Local\c:_program_files_neo4j_ce_2.3.1_bin_neo4j-ce.exe, -Dexe4j.isInstall4j=true, -Dexe4j.moduleName=C:\Program Files\Neo4j CE 2.3.1\bin\neo4j-ce.exe, -Dexe4j.tempDir=, -Dexe4j.unextractedPosition=0, -Djava.library.path=C:\Program Files (x86)\AMD APP\bin\x86_64;C:\Program Files (x86)\AMD APP\bin\x86;C:\ProgramData\Oracle\Java\javapath;C:\Windows\system32;C:\Windows;C:\Windows\System32\Wbem;C:\Windows\System32\WindowsPowerShell\v1.0\;C:\Program Files (x86)\MiKTeX 2.9\miktex\bin\;C:\Program Files\TortoiseSVN\bin;C:\Windows\system32\config\systemprofile\.dnx\bin;C:\Program Files\Microsoft DNX\Dnvm\;C:\Program Files\MATLAB\R2015b\runtime\win64;C:\Program Files\MATLAB\R2015b\bin;C:\Program Files (x86)\ATI Technologies\ATI.ACE\Core-Static;c:\program files\neo4j ce 2.3.1\jre\bin, -Dexe4j.consoleCodepage=cp0, -Dinstall4j.launcherId=24, -Dinstall4j.swt=false]
2015-12-09 22:22:55.054+0000 INFO  [o.n.k.i.DiagnosticsManager] Java classpath:
2015-12-09 22:22:55.056+0000 INFO  [o.n.k.i.DiagnosticsManager]  [loader.1] file:/C:/Program%20Files/Neo4j%20CE%202.3.1/jre/lib/ext/dnsns.jar
2015-12-09 22:22:55.056+0000 INFO  [o.n.k.i.DiagnosticsManager]  [loader.0] file:/C:/Program%20Files/Neo4j%20CE%202.3.1/bin/
2015-12-09 22:22:55.056+0000 INFO  [o.n.k.i.DiagnosticsManager]  [bootstrap] C:\Program Files\Neo4j CE 2.3.1\jre\lib\resources.jar
2015-12-09 22:22:55.056+0000 INFO  [o.n.k.i.DiagnosticsManager]  [bootstrap] C:\Program Files\Neo4j CE 2.3.1\jre\lib\jfr.jar
2015-12-09 22:22:55.056+0000 INFO  [o.n.k.i.DiagnosticsManager]  [classpath] C:\Program Files\Neo4j CE 2.3.1\.install4j\i4jruntime.jar
2015-12-09 22:22:55.056+0000 INFO  [o.n.k.i.DiagnosticsManager]  [loader.1] file:/C:/Program%20Files/Neo4j%20CE%202.3.1/jre/lib/ext/sunmscapi.jar
2015-12-09 22:22:55.056+0000 INFO  [o.n.k.i.DiagnosticsManager]  [bootstrap] C:\Program Files\Neo4j CE 2.3.1\jre\lib\jsse.jar
2015-12-09 22:22:55.056+0000 INFO  [o.n.k.i.DiagnosticsManager]  [loader.1] file:/C:/Program%20Files/Neo4j%20CE%202.3.1/jre/lib/ext/dns_sd.jar
2015-12-09 22:22:55.056+0000 INFO  [o.n.k.i.DiagnosticsManager]  [loader.0] file:/C:/Program%20Files/Neo4j%20CE%202.3.1/.install4j/i4jruntime.jar
2015-12-09 22:22:55.056+0000 INFO  [o.n.k.i.DiagnosticsManager]  [loader.0] file:/C:/Program%20Files/Neo4j%20CE%202.3.1/bin/neo4j-desktop-2.3.1.jar
2015-12-09 22:22:55.056+0000 INFO  [o.n.k.i.DiagnosticsManager]  [loader.1] file:/C:/Program%20Files/Neo4j%20CE%202.3.1/jre/lib/ext/access-bridge-64.jar
2015-12-09 22:22:55.056+0000 INFO  [o.n.k.i.DiagnosticsManager]  [loader.1] file:/C:/Program%20Files/Neo4j%20CE%202.3.1/jre/lib/ext/localedata.jar
2015-12-09 22:22:55.056+0000 INFO  [o.n.k.i.DiagnosticsManager]  [bootstrap] C:\Program Files\Neo4j CE 2.3.1\jre\lib\sunrsasign.jar
2015-12-09 22:22:55.056+0000 INFO  [o.n.k.i.DiagnosticsManager]  [bootstrap] C:\Program Files\Neo4j CE 2.3.1\jre\lib\jce.jar
2015-12-09 22:22:55.056+0000 INFO  [o.n.k.i.DiagnosticsManager]  [bootstrap] C:\Program Files\Neo4j CE 2.3.1\jre\lib\rt.jar
2015-12-09 22:22:55.057+0000 INFO  [o.n.k.i.DiagnosticsManager]  [bootstrap] C:\Program Files\Neo4j CE 2.3.1\jre\lib\charsets.jar
2015-12-09 22:22:55.057+0000 INFO  [o.n.k.i.DiagnosticsManager]  [loader.1] file:/C:/Program%20Files/Neo4j%20CE%202.3.1/jre/lib/ext/sunjce_provider.jar
2015-12-09 22:22:55.057+0000 INFO  [o.n.k.i.DiagnosticsManager]  [bootstrap] C:\Program Files\Neo4j CE 2.3.1\jre\classes
2015-12-09 22:22:55.057+0000 INFO  [o.n.k.i.DiagnosticsManager]  [loader.1] file:/C:/Program%20Files/Neo4j%20CE%202.3.1/jre/lib/ext/zipfs.jar
2015-12-09 22:22:55.057+0000 INFO  [o.n.k.i.DiagnosticsManager]  [loader.1] file:/C:/Program%20Files/Neo4j%20CE%202.3.1/jre/lib/ext/jaccess.jar
2015-12-09 22:22:55.057+0000 INFO  [o.n.k.i.DiagnosticsManager]  [loader.1] file:/C:/Program%20Files/Neo4j%20CE%202.3.1/jre/lib/ext/sunec.jar
2015-12-09 22:22:55.057+0000 INFO  [o.n.k.i.DiagnosticsManager]  [classpath] C:\Program Files\Neo4j CE 2.3.1\bin\neo4j-desktop-2.3.1.jar
2015-12-09 22:22:55.057+0000 INFO  [o.n.k.i.DiagnosticsManager] Library path:
2015-12-09 22:22:55.057+0000 INFO  [o.n.k.i.DiagnosticsManager] C:\Program Files (x86)\AMD APP\bin\x86_64
2015-12-09 22:22:55.057+0000 INFO  [o.n.k.i.DiagnosticsManager] C:\Program Files (x86)\AMD APP\bin\x86
2015-12-09 22:22:55.057+0000 INFO  [o.n.k.i.DiagnosticsManager] C:\ProgramData\Oracle\Java\javapath
2015-12-09 22:22:55.058+0000 INFO  [o.n.k.i.DiagnosticsManager] C:\Windows\System32
2015-12-09 22:22:55.058+0000 INFO  [o.n.k.i.DiagnosticsManager] C:\Windows
2015-12-09 22:22:55.058+0000 INFO  [o.n.k.i.DiagnosticsManager] C:\Windows\System32\wbem
2015-12-09 22:22:55.058+0000 INFO  [o.n.k.i.DiagnosticsManager] C:\Windows\System32\WindowsPowerShell\v1.0
2015-12-09 22:22:55.058+0000 INFO  [o.n.k.i.DiagnosticsManager] C:\Program Files (x86)\MiKTeX 2.9\miktex\bin
2015-12-09 22:22:55.058+0000 INFO  [o.n.k.i.DiagnosticsManager] C:\Program Files\TortoiseSVN\bin
2015-12-09 22:22:55.059+0000 INFO  [o.n.k.i.DiagnosticsManager] C:\Windows\System32\config\systemprofile\.dnx\bin
2015-12-09 22:22:55.059+0000 INFO  [o.n.k.i.DiagnosticsManager] C:\Program Files\Microsoft DNX\Dnvm
2015-12-09 22:22:55.059+0000 INFO  [o.n.k.i.DiagnosticsManager] C:\Program Files\MATLAB\R2015b\runtime\win64
2015-12-09 22:22:55.059+0000 INFO  [o.n.k.i.DiagnosticsManager] C:\Program Files\MATLAB\R2015b\bin
2015-12-09 22:22:55.059+0000 INFO  [o.n.k.i.DiagnosticsManager] C:\Program Files (x86)\ATI Technologies\ATI.ACE\Core-Static
2015-12-09 22:22:55.059+0000 INFO  [o.n.k.i.DiagnosticsManager] C:\Program Files\Neo4j CE 2.3.1\jre\bin
2015-12-09 22:22:55.060+0000 INFO  [o.n.k.i.DiagnosticsManager] System.properties:
2015-12-09 22:22:55.060+0000 INFO  [o.n.k.i.DiagnosticsManager] exe4j.moduleName = C:\Program Files\Neo4j CE 2.3.1\bin\neo4j-ce.exe
2015-12-09 22:22:55.060+0000 INFO  [o.n.k.i.DiagnosticsManager] exe4j.semaphoreName = Local\c:_program_files_neo4j_ce_2.3.1_bin_neo4j-ce.exe
2015-12-09 22:22:55.060+0000 INFO  [o.n.k.i.DiagnosticsManager] sun.boot.library.path = c:\program files\neo4j ce 2.3.1\jre\bin
2015-12-09 22:22:55.060+0000 INFO  [o.n.k.i.DiagnosticsManager] exe4j.consoleCodepage = cp0
2015-12-09 22:22:55.060+0000 INFO  [o.n.k.i.DiagnosticsManager] path.separator = ;
2015-12-09 22:22:55.060+0000 INFO  [o.n.k.i.DiagnosticsManager] file.encoding.pkg = sun.io
2015-12-09 22:22:55.060+0000 INFO  [o.n.k.i.DiagnosticsManager] user.country = US
2015-12-09 22:22:55.060+0000 INFO  [o.n.k.i.DiagnosticsManager] user.script = 
2015-12-09 22:22:55.060+0000 INFO  [o.n.k.i.DiagnosticsManager] sun.os.patch.level = 
2015-12-09 22:22:55.060+0000 INFO  [o.n.k.i.DiagnosticsManager] install4j.exeDir = C:\Program Files\Neo4j CE 2.3.1\bin\
2015-12-09 22:22:55.060+0000 INFO  [o.n.k.i.DiagnosticsManager] user.dir = C:\Program Files\Neo4j CE 2.3.1\bin
2015-12-09 22:22:55.060+0000 INFO  [o.n.k.i.DiagnosticsManager] neo4j.ext.udc.source = desktop
2015-12-09 22:22:55.060+0000 INFO  [o.n.k.i.DiagnosticsManager] user.variant = 
2015-12-09 22:22:55.060+0000 INFO  [o.n.k.i.DiagnosticsManager] exe4j.tempDir = 
2015-12-09 22:22:55.060+0000 INFO  [o.n.k.i.DiagnosticsManager] sun.jnu.encoding = Cp1252
2015-12-09 22:22:55.060+0000 INFO  [o.n.k.i.DiagnosticsManager] sun.awt.enableExtraMouseButtons = true
2015-12-09 22:22:55.060+0000 INFO  [o.n.k.i.DiagnosticsManager] install4j.launcherId = 24
2015-12-09 22:22:55.060+0000 INFO  [o.n.k.i.DiagnosticsManager] sun.management.compiler = HotSpot 64-Bit Tiered Compilers
2015-12-09 22:22:55.060+0000 INFO  [o.n.k.i.DiagnosticsManager] exe4j.isInstall4j = true
2015-12-09 22:22:55.060+0000 INFO  [o.n.k.i.DiagnosticsManager] install4j.swt = false
2015-12-09 22:22:55.060+0000 INFO  [o.n.k.i.DiagnosticsManager] user.home = C:\Users\cez
2015-12-09 22:22:55.060+0000 INFO  [o.n.k.i.DiagnosticsManager] user.timezone = America/Chicago
2015-12-09 22:22:55.060+0000 INFO  [o.n.k.i.DiagnosticsManager] file.encoding = Cp1252
2015-12-09 22:22:55.060+0000 INFO  [o.n.k.i.DiagnosticsManager] user.name = cez
2015-12-09 22:22:55.060+0000 INFO  [o.n.k.i.DiagnosticsManager] sun.java.command = C:\Program Files\Neo4j CE 2.3.1\bin\neo4j-ce.exe
2015-12-09 22:22:55.060+0000 INFO  [o.n.k.i.DiagnosticsManager] sun.arch.data.model = 64
2015-12-09 22:22:55.060+0000 INFO  [o.n.k.i.DiagnosticsManager] exe4j.launchName = C:\Program Files\Neo4j CE 2.3.1\bin\neo4j-ce.exe
2015-12-09 22:22:55.060+0000 INFO  [o.n.k.i.DiagnosticsManager] user.language = en
2015-12-09 22:22:55.060+0000 INFO  [o.n.k.i.DiagnosticsManager] awt.toolkit = sun.awt.windows.WToolkit
2015-12-09 22:22:55.060+0000 INFO  [o.n.k.i.DiagnosticsManager] exe4j.unextractedPosition = 0
2015-12-09 22:22:55.060+0000 INFO  [o.n.k.i.DiagnosticsManager] install4j.appDir = C:\Program Files\Neo4j CE 2.3.1\
2015-12-09 22:22:55.060+0000 INFO  [o.n.k.i.DiagnosticsManager] file.separator = \
2015-12-09 22:22:55.060+0000 INFO  [o.n.k.i.DiagnosticsManager] sun.io.unicode.encoding = UnicodeLittle
2015-12-09 22:22:55.060+0000 INFO  [o.n.k.i.DiagnosticsManager] sun.cpu.endian = little
2015-12-09 22:22:55.060+0000 INFO  [o.n.k.i.DiagnosticsManager] sun.desktop = windows
2015-12-09 22:22:55.060+0000 INFO  [o.n.k.i.DiagnosticsManager] sun.cpu.isalist = amd64
2015-12-09 22:22:55.060+0000 INFO  [o.n.k.i.DiagnosticsManager] Network information:
2015-12-09 22:22:55.073+0000 INFO  [o.n.k.i.DiagnosticsManager] Interface Software Loopback Interface 1:
2015-12-09 22:22:55.073+0000 INFO  [o.n.k.i.DiagnosticsManager]     address: 127.0.0.1
2015-12-09 22:22:55.073+0000 INFO  [o.n.k.i.DiagnosticsManager]     address: 0:0:0:0:0:0:0:1
2015-12-09 22:22:55.073+0000 INFO  [o.n.k.i.DiagnosticsManager] Interface Microsoft Kernel Debug Network Adapter:
2015-12-09 22:22:55.073+0000 INFO  [o.n.k.i.DiagnosticsManager] Interface Intel(R) 82578DM Gigabit Network Connection:
2015-12-09 22:22:55.073+0000 INFO  [o.n.k.i.DiagnosticsManager]     address: 10.24.47.166
2015-12-09 22:22:55.074+0000 INFO  [o.n.k.i.DiagnosticsManager]     address: 2610:130:101:d00:4493:c16:efa9:8b55
2015-12-09 22:22:55.074+0000 INFO  [o.n.k.i.DiagnosticsManager]     address: 2610:130:101:d00:a502:b02c:1a2d:577b
2015-12-09 22:22:55.074+0000 INFO  [o.n.k.i.DiagnosticsManager]     address: fe80:0:0:0:4493:c16:efa9:8b55%3
2015-12-09 22:22:55.074+0000 INFO  [o.n.k.i.DiagnosticsManager] Interface Microsoft ISATAP Adapter:
2015-12-09 22:22:55.074+0000 INFO  [o.n.k.i.DiagnosticsManager]     address: fe80:0:0:0:0:5efe:c0a8:3801%4
2015-12-09 22:22:55.074+0000 INFO  [o.n.k.i.DiagnosticsManager] Interface Teredo Tunneling Pseudo-Interface:
2015-12-09 22:22:55.074+0000 INFO  [o.n.k.i.DiagnosticsManager] Interface Microsoft ISATAP Adapter #2:
2015-12-09 22:22:55.074+0000 INFO  [o.n.k.i.DiagnosticsManager]     address: fe80:0:0:0:0:5efe:a18:2fa6%6
2015-12-09 22:22:55.074+0000 INFO  [o.n.k.i.DiagnosticsManager] Interface VirtualBox Host-Only Ethernet Adapter:
2015-12-09 22:22:55.074+0000 INFO  [o.n.k.i.DiagnosticsManager]     address: 192.168.56.1
2015-12-09 22:22:55.074+0000 INFO  [o.n.k.i.DiagnosticsManager]     address: fe80:0:0:0:4133:2d33:29c2:6efa%7
2015-12-09 22:22:55.074+0000 INFO  [o.n.k.i.DiagnosticsManager] Interface Microsoft ISATAP Adapter #3:
2015-12-09 22:22:55.074+0000 INFO  [o.n.k.i.DiagnosticsManager] Interface VirtualBox Host-Only Ethernet Adapter-WFP Native MAC Layer LightWeight Filter-0000:
2015-12-09 22:22:55.074+0000 INFO  [o.n.k.i.DiagnosticsManager] Interface VirtualBox Host-Only Ethernet Adapter-VirtualBox NDIS Light-Weight Filter-0000:
2015-12-09 22:22:55.074+0000 INFO  [o.n.k.i.DiagnosticsManager] Interface VirtualBox Host-Only Ethernet Adapter-QoS Packet Scheduler-0000:
2015-12-09 22:22:55.074+0000 INFO  [o.n.k.i.DiagnosticsManager] Interface VirtualBox Host-Only Ethernet Adapter-WFP 802.3 MAC Layer LightWeight Filter-0000:
2015-12-09 22:22:55.074+0000 INFO  [o.n.k.i.DiagnosticsManager] Interface Intel(R) 82578DM Gigabit Network Connection-WFP Native MAC Layer LightWeight Filter-0000:
2015-12-09 22:22:55.074+0000 INFO  [o.n.k.i.DiagnosticsManager] Interface Intel(R) 82578DM Gigabit Network Connection-VirtualBox NDIS Light-Weight Filter-0000:
2015-12-09 22:22:55.074+0000 INFO  [o.n.k.i.DiagnosticsManager] Interface Intel(R) 82578DM Gigabit Network Connection-QoS Packet Scheduler-0000:
2015-12-09 22:22:55.074+0000 INFO  [o.n.k.i.DiagnosticsManager] Interface Intel(R) 82578DM Gigabit Network Connection-WFP 802.3 MAC Layer LightWeight Filter-0000:
2015-12-09 22:22:55.074+0000 INFO  [o.n.k.i.DiagnosticsManager] --- INITIALIZED diagnostics END ---
2015-12-09 22:22:58.031+0000 INFO  [o.n.k.a.i.i.LuceneLabelScanStore] No lucene scan store index found, this might just be first use. Preparing to rebuild.
2015-12-09 22:22:58.036+0000 INFO  [o.n.k.NeoStoreDataSource] Opened logical log [C:\561\2000\2000D5\neostore.transaction.db.0] version=0, lastTxId=1 (clean)
2015-12-09 22:22:58.039+0000 WARN  [o.n.k.i.s.MetaDataStore] Missing counts store, rebuilding it.
2015-12-09 22:22:58.107+0000 INFO  [o.n.k.a.i.i.LuceneLabelScanStore] Rebuilding lucene scan store, this may take a while
2015-12-09 22:22:58.121+0000 INFO  [o.n.k.a.i.i.LuceneLabelScanStore] Lucene scan store rebuilt (roughly -1 nodes)
2015-12-09 22:22:58.124+0000 INFO  [o.n.k.KernelHealth] Kernel health set to OK
2015-12-09 22:22:58.139+0000 INFO  [o.n.k.AvailabilityGuard] Fulfilling of requirement makes database available: Database available
2015-12-09 22:22:58.142+0000 INFO  [o.n.k.i.f.CommunityFacadeFactory] Database is now ready
2015-12-09 22:22:58.144+0000 INFO  [o.n.k.i.DiagnosticsManager] --- STARTED diagnostics for KernelDiagnostics:Versions START ---
2015-12-09 22:22:58.147+0000 INFO  [o.n.k.i.DiagnosticsManager] Graph Database: Community StoreId{creationTime=1449699777919, randomId=5289842749477039669, storeVersion=15250506225055238, upgradeTime=1449699777919, upgradeId=1}
2015-12-09 22:22:58.149+0000 INFO  [o.n.k.i.DiagnosticsManager] Kernel version: 2.3.1
2015-12-09 22:22:58.151+0000 INFO  [o.n.k.i.DiagnosticsManager] --- STARTED diagnostics for KernelDiagnostics:Versions END ---
2015-12-09 22:22:58.153+0000 INFO  [o.n.k.i.DiagnosticsManager] --- STARTED diagnostics for NEO_STORE_VERSIONS START ---
2015-12-09 22:22:58.156+0000 INFO  [o.n.k.i.DiagnosticsManager] Store versions:
2015-12-09 22:22:58.158+0000 INFO  [o.n.k.i.DiagnosticsManager] Store versions:
2015-12-09 22:22:58.160+0000 INFO  [o.n.k.i.DiagnosticsManager] ArrayPropertyStore v0.A.6
2015-12-09 22:22:58.163+0000 INFO  [o.n.k.i.DiagnosticsManager] NodeStore v0.A.6
2015-12-09 22:22:58.165+0000 INFO  [o.n.k.i.DiagnosticsManager] StringPropertyStore v0.A.6
2015-12-09 22:22:58.168+0000 INFO  [o.n.k.i.DiagnosticsManager] PropertyIndexStore v0.A.6
2015-12-09 22:22:58.170+0000 INFO  [o.n.k.i.DiagnosticsManager] StringPropertyStore v0.A.6
2015-12-09 22:22:58.173+0000 INFO  [o.n.k.i.DiagnosticsManager] ArrayPropertyStore v0.A.6
2015-12-09 22:22:58.175+0000 INFO  [o.n.k.i.DiagnosticsManager] PropertyStore v0.A.6
2015-12-09 22:22:58.177+0000 INFO  [o.n.k.i.DiagnosticsManager] RelationshipStore v0.A.6
2015-12-09 22:22:58.180+0000 INFO  [o.n.k.i.DiagnosticsManager] StringPropertyStore v0.A.6
2015-12-09 22:22:58.182+0000 INFO  [o.n.k.i.DiagnosticsManager] RelationshipTypeStore v0.A.6
2015-12-09 22:22:58.184+0000 INFO  [o.n.k.i.DiagnosticsManager] StringPropertyStore v0.A.6
2015-12-09 22:22:58.187+0000 INFO  [o.n.k.i.DiagnosticsManager] LabelTokenStore v0.A.6
2015-12-09 22:22:58.189+0000 INFO  [o.n.k.i.DiagnosticsManager] SchemaStore v0.A.6
2015-12-09 22:22:58.191+0000 INFO  [o.n.k.i.DiagnosticsManager] RelationshipGroupStore v0.A.6
2015-12-09 22:22:58.193+0000 INFO  [o.n.k.i.DiagnosticsManager] NeoStore v0.A.6
2015-12-09 22:22:58.196+0000 INFO  [o.n.k.i.DiagnosticsManager] --- STARTED diagnostics for NEO_STORE_VERSIONS END ---
2015-12-09 22:22:58.198+0000 INFO  [o.n.k.i.DiagnosticsManager] --- STARTED diagnostics for NEO_STORE_ID_USAGE START ---
2015-12-09 22:22:58.200+0000 INFO  [o.n.k.i.DiagnosticsManager] Id usage:
2015-12-09 22:22:58.203+0000 INFO  [o.n.k.i.DiagnosticsManager] Id usage:
2015-12-09 22:22:58.205+0000 INFO  [o.n.k.i.DiagnosticsManager]   ArrayPropertyStore v0.A.6: used=1 high=0
2015-12-09 22:22:58.208+0000 INFO  [o.n.k.i.DiagnosticsManager]   NodeStore v0.A.6: used=0 high=-1
2015-12-09 22:22:58.210+0000 INFO  [o.n.k.i.DiagnosticsManager]   StringPropertyStore v0.A.6: used=1 high=0
2015-12-09 22:22:58.212+0000 INFO  [o.n.k.i.DiagnosticsManager]   PropertyIndexStore v0.A.6: used=0 high=-1
2015-12-09 22:22:58.215+0000 INFO  [o.n.k.i.DiagnosticsManager]   StringPropertyStore v0.A.6: used=1 high=0
2015-12-09 22:22:58.217+0000 INFO  [o.n.k.i.DiagnosticsManager]   ArrayPropertyStore v0.A.6: used=1 high=0
2015-12-09 22:22:58.219+0000 INFO  [o.n.k.i.DiagnosticsManager]   PropertyStore v0.A.6: used=0 high=-1
2015-12-09 22:22:58.222+0000 INFO  [o.n.k.i.DiagnosticsManager]   RelationshipStore v0.A.6: used=0 high=-1
2015-12-09 22:22:58.224+0000 INFO  [o.n.k.i.DiagnosticsManager]   StringPropertyStore v0.A.6: used=1 high=0
2015-12-09 22:22:58.226+0000 INFO  [o.n.k.i.DiagnosticsManager]   RelationshipTypeStore v0.A.6: used=0 high=-1
2015-12-09 22:22:58.228+0000 INFO  [o.n.k.i.DiagnosticsManager]   StringPropertyStore v0.A.6: used=1 high=0
2015-12-09 22:22:58.231+0000 INFO  [o.n.k.i.DiagnosticsManager]   LabelTokenStore v0.A.6: used=0 high=-1
2015-12-09 22:22:58.233+0000 INFO  [o.n.k.i.DiagnosticsManager]   SchemaStore v0.A.6: used=1 high=0
2015-12-09 22:22:58.235+0000 INFO  [o.n.k.i.DiagnosticsManager]   RelationshipGroupStore v0.A.6: used=1 high=0
2015-12-09 22:22:58.238+0000 INFO  [o.n.k.i.DiagnosticsManager]   NeoStore v0.A.6: used=13 high=12
2015-12-09 22:22:58.240+0000 INFO  [o.n.k.i.DiagnosticsManager] --- STARTED diagnostics for NEO_STORE_ID_USAGE END ---
2015-12-09 22:22:58.242+0000 INFO  [o.n.k.i.DiagnosticsManager] --- STARTED diagnostics for NEO_STORE_RECORDS START ---
2015-12-09 22:22:58.245+0000 INFO  [o.n.k.i.DiagnosticsManager] Neostore records:
2015-12-09 22:22:58.247+0000 INFO  [o.n.k.i.DiagnosticsManager] TIME (Creation time): 1449699777919
2015-12-09 22:22:58.249+0000 INFO  [o.n.k.i.DiagnosticsManager] RANDOM_NUMBER (Random number for store id): 5289842749477039669
2015-12-09 22:22:58.252+0000 INFO  [o.n.k.i.DiagnosticsManager] LOG_VERSION (Current log version): 0
2015-12-09 22:22:58.254+0000 INFO  [o.n.k.i.DiagnosticsManager] LAST_TRANSACTION_ID (Last committed transaction): 1
2015-12-09 22:22:58.256+0000 INFO  [o.n.k.i.DiagnosticsManager] STORE_VERSION (Store format version): 15250506225055238
2015-12-09 22:22:58.259+0000 INFO  [o.n.k.i.DiagnosticsManager] FIRST_GRAPH_PROPERTY (First property record containing graph properties): -1
2015-12-09 22:22:58.261+0000 INFO  [o.n.k.i.DiagnosticsManager] LAST_CONSTRAINT_TRANSACTION (Last committed transaction containing constraint changes): 0
2015-12-09 22:22:58.263+0000 INFO  [o.n.k.i.DiagnosticsManager] UPGRADE_TRANSACTION_ID (Transaction id most recent upgrade was performed at): 1
2015-12-09 22:22:58.266+0000 INFO  [o.n.k.i.DiagnosticsManager] UPGRADE_TIME (Time of last upgrade): 1449699777919
2015-12-09 22:22:58.268+0000 INFO  [o.n.k.i.DiagnosticsManager] LAST_TRANSACTION_CHECKSUM (Checksum of last committed transaction): 0
2015-12-09 22:22:58.270+0000 INFO  [o.n.k.i.DiagnosticsManager] UPGRADE_TRANSACTION_CHECKSUM (Checksum of transaction id the most recent upgrade was performed at): 0
2015-12-09 22:22:58.273+0000 INFO  [o.n.k.i.DiagnosticsManager] LAST_CLOSED_TRANSACTION_LOG_VERSION (Log version where the last transaction commit entry has been written into): 0
2015-12-09 22:22:58.275+0000 INFO  [o.n.k.i.DiagnosticsManager] LAST_CLOSED_TRANSACTION_LOG_BYTE_OFFSET (Byte offset in the log file where the last transaction commit entry has been written into): 16
2015-12-09 22:22:58.277+0000 INFO  [o.n.k.i.DiagnosticsManager] --- STARTED diagnostics for NEO_STORE_RECORDS END ---
2015-12-09 22:22:58.279+0000 INFO  [o.n.k.i.DiagnosticsManager] --- STARTED diagnostics for TRANSACTION_RANGE START ---
2015-12-09 22:22:58.282+0000 INFO  [o.n.k.i.DiagnosticsManager] Transaction log:
2015-12-09 22:22:58.284+0000 INFO  [o.n.k.i.DiagnosticsManager] No transactions found in any log
2015-12-09 22:22:58.287+0000 INFO  [o.n.k.i.DiagnosticsManager] --- STARTED diagnostics for TRANSACTION_RANGE END ---
2015-12-09 22:22:58.289+0000 INFO  [o.n.k.i.DiagnosticsManager] --- STARTED diagnostics for KernelDiagnostics:StoreFiles START ---
2015-12-09 22:22:58.292+0000 INFO  [o.n.k.i.DiagnosticsManager] Disk space on partition (Total / Free / Free %): 499738734592 / 397675667456 / 79
Storage files: (filename : modification date - size)
2015-12-09 22:22:58.295+0000 INFO  [o.n.k.i.DiagnosticsManager]   dbms:
2015-12-09 22:22:58.299+0000 INFO  [o.n.k.i.DiagnosticsManager]     ssl:
2015-12-09 22:22:58.302+0000 INFO  [o.n.k.i.DiagnosticsManager]       snakeoil.cert: 2015-12-09T16:22:54-0600 - 630.00 B
2015-12-09 22:22:58.304+0000 INFO  [o.n.k.i.DiagnosticsManager]       snakeoil.key: 2015-12-09T16:22:54-0600 - 914.00 B
2015-12-09 22:22:58.306+0000 INFO  [o.n.k.i.DiagnosticsManager]     - Total: 2015-12-09T16:22:54-0600 - 1.51 kB
2015-12-09 22:22:58.309+0000 INFO  [o.n.k.i.DiagnosticsManager]   - Total: 2015-12-09T16:22:54-0600 - 1.51 kB
2015-12-09 22:22:58.311+0000 INFO  [o.n.k.i.DiagnosticsManager]   index:
2015-12-09 22:22:58.314+0000 INFO  [o.n.k.i.DiagnosticsManager]   - Total: 2015-12-09T16:22:58-0600 - 0.00 B
2015-12-09 22:22:58.316+0000 INFO  [o.n.k.i.DiagnosticsManager]   messages.log: 2015-12-09T16:22:58-0600 - 26.40 kB
2015-12-09 22:22:58.318+0000 INFO  [o.n.k.i.DiagnosticsManager]   neo4j.properties: 2015-12-09T16:22:54-0600 - 1.30 kB
2015-12-09 22:22:58.321+0000 INFO  [o.n.k.i.DiagnosticsManager]   neostore: 2015-12-09T16:22:57-0600 - 8.00 kB
2015-12-09 22:22:58.323+0000 INFO  [o.n.k.i.DiagnosticsManager]   neostore.counts.db.a: 2015-12-09T16:22:58-0600 - 96.00 B
2015-12-09 22:22:58.326+0000 INFO  [o.n.k.i.DiagnosticsManager]   neostore.id: 2015-12-09T16:22:57-0600 - 9.00 B
2015-12-09 22:22:58.329+0000 INFO  [o.n.k.i.DiagnosticsManager]   neostore.labeltokenstore.db: 2015-12-09T16:22:57-0600 - 0.00 B
2015-12-09 22:22:58.332+0000 INFO  [o.n.k.i.DiagnosticsManager]   neostore.labeltokenstore.db.id: 2015-12-09T16:22:57-0600 - 9.00 B
2015-12-09 22:22:58.334+0000 INFO  [o.n.k.i.DiagnosticsManager]   neostore.labeltokenstore.db.names: 2015-12-09T16:22:57-0600 - 8.00 kB
2015-12-09 22:22:58.337+0000 INFO  [o.n.k.i.DiagnosticsManager]   neostore.labeltokenstore.db.names.id: 2015-12-09T16:22:57-0600 - 9.00 B
2015-12-09 22:22:58.340+0000 INFO  [o.n.k.i.DiagnosticsManager]   neostore.nodestore.db: 2015-12-09T16:22:55-0600 - 0.00 B
2015-12-09 22:22:58.342+0000 INFO  [o.n.k.i.DiagnosticsManager]   neostore.nodestore.db.id: 2015-12-09T16:22:55-0600 - 9.00 B
2015-12-09 22:22:58.344+0000 INFO  [o.n.k.i.DiagnosticsManager]   neostore.nodestore.db.labels: 2015-12-09T16:22:55-0600 - 8.00 kB
2015-12-09 22:22:58.347+0000 INFO  [o.n.k.i.DiagnosticsManager]   neostore.nodestore.db.labels.id: 2015-12-09T16:22:55-0600 - 9.00 B
2015-12-09 22:22:58.349+0000 INFO  [o.n.k.i.DiagnosticsManager]   neostore.propertystore.db: 2015-12-09T16:22:56-0600 - 0.00 B
2015-12-09 22:22:58.352+0000 INFO  [o.n.k.i.DiagnosticsManager]   neostore.propertystore.db.arrays: 2015-12-09T16:22:56-0600 - 8.00 kB
2015-12-09 22:22:58.354+0000 INFO  [o.n.k.i.DiagnosticsManager]   neostore.propertystore.db.arrays.id: 2015-12-09T16:22:56-0600 - 9.00 B
2015-12-09 22:22:58.356+0000 INFO  [o.n.k.i.DiagnosticsManager]   neostore.propertystore.db.id: 2015-12-09T16:22:56-0600 - 9.00 B
2015-12-09 22:22:58.359+0000 INFO  [o.n.k.i.DiagnosticsManager]   neostore.propertystore.db.index: 2015-12-09T16:22:55-0600 - 0.00 B
2015-12-09 22:22:58.361+0000 INFO  [o.n.k.i.DiagnosticsManager]   neostore.propertystore.db.index.id: 2015-12-09T16:22:55-0600 - 9.00 B
2015-12-09 22:22:58.364+0000 INFO  [o.n.k.i.DiagnosticsManager]   neostore.propertystore.db.index.keys: 2015-12-09T16:22:55-0600 - 8.00 kB
2015-12-09 22:22:58.366+0000 INFO  [o.n.k.i.DiagnosticsManager]   neostore.propertystore.db.index.keys.id: 2015-12-09T16:22:55-0600 - 9.00 B
2015-12-09 22:22:58.368+0000 INFO  [o.n.k.i.DiagnosticsManager]   neostore.propertystore.db.strings: 2015-12-09T16:22:56-0600 - 8.00 kB
2015-12-09 22:22:58.371+0000 INFO  [o.n.k.i.DiagnosticsManager]   neostore.propertystore.db.strings.id: 2015-12-09T16:22:56-0600 - 9.00 B
2015-12-09 22:22:58.373+0000 INFO  [o.n.k.i.DiagnosticsManager]   neostore.relationshipgroupstore.db: 2015-12-09T16:22:57-0600 - 8.00 kB
2015-12-09 22:22:58.375+0000 INFO  [o.n.k.i.DiagnosticsManager]   neostore.relationshipgroupstore.db.id: 2015-12-09T16:22:57-0600 - 9.00 B
2015-12-09 22:22:58.378+0000 INFO  [o.n.k.i.DiagnosticsManager]   neostore.relationshipstore.db: 2015-12-09T16:22:56-0600 - 0.00 B
2015-12-09 22:22:58.380+0000 INFO  [o.n.k.i.DiagnosticsManager]   neostore.relationshipstore.db.id: 2015-12-09T16:22:56-0600 - 9.00 B
2015-12-09 22:22:58.383+0000 INFO  [o.n.k.i.DiagnosticsManager]   neostore.relationshiptypestore.db: 2015-12-09T16:22:56-0600 - 0.00 B
2015-12-09 22:22:58.385+0000 INFO  [o.n.k.i.DiagnosticsManager]   neostore.relationshiptypestore.db.id: 2015-12-09T16:22:56-0600 - 9.00 B
2015-12-09 22:22:58.387+0000 INFO  [o.n.k.i.DiagnosticsManager]   neostore.relationshiptypestore.db.names: 2015-12-09T16:22:56-0600 - 8.00 kB
2015-12-09 22:22:58.390+0000 INFO  [o.n.k.i.DiagnosticsManager]   neostore.relationshiptypestore.db.names.id: 2015-12-09T16:22:56-0600 - 9.00 B
2015-12-09 22:22:58.392+0000 INFO  [o.n.k.i.DiagnosticsManager]   neostore.schemastore.db: 2015-12-09T16:22:57-0600 - 8.00 kB
2015-12-09 22:22:58.395+0000 INFO  [o.n.k.i.DiagnosticsManager]   neostore.schemastore.db.id: 2015-12-09T16:22:57-0600 - 9.00 B
2015-12-09 22:22:58.397+0000 INFO  [o.n.k.i.DiagnosticsManager]   neostore.transaction.db.0: 2015-12-09T16:22:58-0600 - 16.00 B
2015-12-09 22:22:58.399+0000 INFO  [o.n.k.i.DiagnosticsManager]   schema:
2015-12-09 22:22:58.402+0000 INFO  [o.n.k.i.DiagnosticsManager]     label:
2015-12-09 22:22:58.404+0000 INFO  [o.n.k.i.DiagnosticsManager]       lucene:
2015-12-09 22:22:58.407+0000 INFO  [o.n.k.i.DiagnosticsManager]         write.lock: 2015-12-09T16:22:58-0600 - 0.00 B
2015-12-09 22:22:58.409+0000 INFO  [o.n.k.i.DiagnosticsManager]       - Total: 2015-12-09T16:22:58-0600 - 0.00 B
2015-12-09 22:22:58.411+0000 INFO  [o.n.k.i.DiagnosticsManager]     - Total: 2015-12-09T16:22:58-0600 - 0.00 B
2015-12-09 22:22:58.414+0000 INFO  [o.n.k.i.DiagnosticsManager]   - Total: 2015-12-09T16:22:58-0600 - 0.00 B
2015-12-09 22:22:58.416+0000 INFO  [o.n.k.i.DiagnosticsManager]   store_lock: 2015-12-09T16:22:55-0600 - 0.00 B
2015-12-09 22:22:58.418+0000 INFO  [o.n.k.i.DiagnosticsManager] --- STARTED diagnostics for KernelDiagnostics:StoreFiles END ---
2015-12-09 22:22:58.430+0000 INFO  [o.n.k.i.DiagnosticsManager] --- SERVER STARTED START ---
2015-12-09 22:22:59.117+0000 INFO  [o.n.k.i.DiagnosticsManager] --- SERVER STARTED END ---
2015-12-09 22:27:58.149+0000 INFO  [o.n.k.i.t.l.c.CheckPointerImpl] Check Pointing triggered by scheduler for time threshold [4311]:  Starting check pointing...
2015-12-09 22:27:58.155+0000 INFO  [o.n.k.i.t.l.c.CheckPointerImpl] Check Pointing triggered by scheduler for time threshold [4311]:  Starting store flush...
2015-12-09 22:27:58.285+0000 INFO  [o.n.k.i.s.c.CountsTracker] About to rotate counts store at transaction 4311 to [C:\561\2000\2000D5\neostore.counts.db.b], from [C:\561\2000\2000D5\neostore.counts.db.a].
2015-12-09 22:27:58.299+0000 INFO  [o.n.k.i.s.c.CountsTracker] Successfully rotated counts store at transaction 4311 to [C:\561\2000\2000D5\neostore.counts.db.b], from [C:\561\2000\2000D5\neostore.counts.db.a].
2015-12-09 22:27:58.456+0000 INFO  [o.n.k.i.t.l.c.CheckPointerImpl] Check Pointing triggered by scheduler for time threshold [4311]:  Store flush completed
2015-12-09 22:27:58.462+0000 INFO  [o.n.k.i.t.l.c.CheckPointerImpl] Check Pointing triggered by scheduler for time threshold [4311]:  Starting appending check point entry into the tx log...
2015-12-09 22:27:58.503+0000 INFO  [o.n.k.i.t.l.c.CheckPointerImpl] Check Pointing triggered by scheduler for time threshold [4311]:  Appending check point entry into the tx log completed
2015-12-09 22:27:58.508+0000 INFO  [o.n.k.i.t.l.c.CheckPointerImpl] Check Pointing triggered by scheduler for time threshold [4311]:  Check pointing completed
2015-12-09 22:27:58.514+0000 INFO  [o.n.k.i.t.l.p.LogPruningImpl] Log Rotation [0]:  Starting log pruning.
2015-12-09 22:27:58.520+0000 INFO  [o.n.k.i.t.l.p.LogPruningImpl] Log Rotation [0]:  Log pruning complete.
2015-12-09 22:50:52.857+0000 INFO  [o.n.k.i.f.GraphDatabaseFacade] Shutdown started
2015-12-09 22:50:52.907+0000 INFO  [o.n.k.i.f.CommunityFacadeFactory] Database is now unavailable
2015-12-09 22:50:52.947+0000 INFO  [o.n.k.i.t.l.c.CheckPointerImpl] Check Pointing triggered by database shutdown [4311]:  Starting check pointing...
2015-12-09 22:50:52.950+0000 INFO  [o.n.k.i.t.l.c.CheckPointerImpl] Check Pointing triggered by database shutdown [4311]:  Starting store flush...
2015-12-09 22:50:52.969+0000 INFO  [o.n.k.i.t.l.c.CheckPointerImpl] Check Pointing triggered by database shutdown [4311]:  Store flush completed
2015-12-09 22:50:52.972+0000 INFO  [o.n.k.i.t.l.c.CheckPointerImpl] Check Pointing triggered by database shutdown [4311]:  Starting appending check point entry into the tx log...
2015-12-09 22:50:53.012+0000 INFO  [o.n.k.i.t.l.c.CheckPointerImpl] Check Pointing triggered by database shutdown [4311]:  Appending check point entry into the tx log completed
2015-12-09 22:50:53.018+0000 INFO  [o.n.k.i.t.l.c.CheckPointerImpl] Check Pointing triggered by database shutdown [4311]:  Check pointing completed
2015-12-09 22:50:53.024+0000 INFO  [o.n.k.i.t.l.p.LogPruningImpl] Log Rotation [0]:  Starting log pruning.
2015-12-09 22:50:53.030+0000 INFO  [o.n.k.i.t.l.p.LogPruningImpl] Log Rotation [0]:  Log pruning complete.
2015-12-09 22:50:54.475+0000 INFO  [o.n.k.NeoStoreDataSource] NeoStores closed
2015-12-09 22:50:54.479+0000 INFO  [o.n.k.i.DiagnosticsManager] --- STOPPING diagnostics START ---
2015-12-09 22:50:54.479+0000 INFO  [o.n.k.i.DiagnosticsManager] --- STOPPING diagnostics END ---
2015-12-10 23:04:53.361+0000 INFO  [o.n.k.i.f.CommunityFacadeFactory] No locking implementation specified, defaulting to 'community'
2015-12-10 23:04:53.372+0000 INFO  [o.n.k.AvailabilityGuard] Requirement makes database unavailable: Database available
2015-12-10 23:04:53.375+0000 INFO  [o.n.k.i.DiagnosticsManager] --- INITIALIZED diagnostics START ---
2015-12-10 23:04:53.375+0000 INFO  [o.n.k.i.DiagnosticsManager] Neo4j Kernel properties:
2015-12-10 23:04:53.375+0000 INFO  [o.n.k.i.DiagnosticsManager] org.neo4j.server.db.tuning.properties=C:\561\2000\2000D5\neo4j.properties
2015-12-10 23:04:53.375+0000 INFO  [o.n.k.i.DiagnosticsManager] org.neo4j.server.database.location=C:\561\2000\2000D5
2015-12-10 23:04:53.375+0000 INFO  [o.n.k.i.DiagnosticsManager] dbms.querylog.filename=data/log/queries.log
2015-12-10 23:04:53.375+0000 INFO  [o.n.k.i.DiagnosticsManager] dbms.security.auth_store.location=C:\561\2000\2000D5\.\dbms\auth
2015-12-10 23:04:53.375+0000 INFO  [o.n.k.i.DiagnosticsManager] dbms.security.tls_certificate_file=C:\561\2000\2000D5\.\dbms\ssl\snakeoil.cert
2015-12-10 23:04:53.375+0000 INFO  [o.n.k.i.DiagnosticsManager] remote_shell_enabled=true
2015-12-10 23:04:53.375+0000 INFO  [o.n.k.i.DiagnosticsManager] edition=Community
2015-12-10 23:04:53.375+0000 INFO  [o.n.k.i.DiagnosticsManager] dbms.security.tls_key_file=C:\561\2000\2000D5\.\dbms\ssl\snakeoil.key
2015-12-10 23:04:53.375+0000 INFO  [o.n.k.i.DiagnosticsManager] Diagnostics providers:
2015-12-10 23:04:53.375+0000 INFO  [o.n.k.i.DiagnosticsManager] org.neo4j.kernel.configuration.Config
2015-12-10 23:04:53.375+0000 INFO  [o.n.k.i.DiagnosticsManager] org.neo4j.kernel.info.DiagnosticsManager
2015-12-10 23:04:53.375+0000 INFO  [o.n.k.i.DiagnosticsManager] SYSTEM_MEMORY
2015-12-10 23:04:53.375+0000 INFO  [o.n.k.i.DiagnosticsManager] JAVA_MEMORY
2015-12-10 23:04:53.375+0000 INFO  [o.n.k.i.DiagnosticsManager] OPERATING_SYSTEM
2015-12-10 23:04:53.375+0000 INFO  [o.n.k.i.DiagnosticsManager] JAVA_VIRTUAL_MACHINE
2015-12-10 23:04:53.375+0000 INFO  [o.n.k.i.DiagnosticsManager] CLASSPATH
2015-12-10 23:04:53.375+0000 INFO  [o.n.k.i.DiagnosticsManager] LIBRARY_PATH
2015-12-10 23:04:53.375+0000 INFO  [o.n.k.i.DiagnosticsManager] SYSTEM_PROPERTIES
2015-12-10 23:04:53.375+0000 INFO  [o.n.k.i.DiagnosticsManager] NETWORK
2015-12-10 23:04:53.375+0000 INFO  [o.n.k.i.DiagnosticsManager] System memory information:
2015-12-10 23:04:53.375+0000 INFO  [o.n.k.i.DiagnosticsManager] Total Physical memory: 3.93 GB
2015-12-10 23:04:53.376+0000 INFO  [o.n.k.i.DiagnosticsManager] Free Physical memory: 2.03 GB
2015-12-10 23:04:53.376+0000 INFO  [o.n.k.i.DiagnosticsManager] Committed virtual memory: 374.57 MB
2015-12-10 23:04:53.376+0000 INFO  [o.n.k.i.DiagnosticsManager] Total swap space: 5.66 GB
2015-12-10 23:04:53.376+0000 INFO  [o.n.k.i.DiagnosticsManager] Free swap space: 1.84 GB
2015-12-10 23:04:53.376+0000 INFO  [o.n.k.i.DiagnosticsManager] JVM memory information:
2015-12-10 23:04:53.376+0000 INFO  [o.n.k.i.DiagnosticsManager] Free  memory: 16.83 MB
2015-12-10 23:04:53.376+0000 INFO  [o.n.k.i.DiagnosticsManager] Total memory: 79.00 MB
2015-12-10 23:04:53.376+0000 INFO  [o.n.k.i.DiagnosticsManager] Max   memory: 894.50 MB
2015-12-10 23:04:53.376+0000 INFO  [o.n.k.i.DiagnosticsManager] Garbage Collector: PS Scavenge: [PS Eden Space, PS Survivor Space]
2015-12-10 23:04:53.376+0000 INFO  [o.n.k.i.DiagnosticsManager] Garbage Collector: PS MarkSweep: [PS Eden Space, PS Survivor Space, PS Old Gen, PS Perm Gen]
2015-12-10 23:04:53.376+0000 INFO  [o.n.k.i.DiagnosticsManager] Memory Pool: Code Cache (Non-heap memory): committed=13.31 MB, used=12.34 MB, max=48.00 MB, threshold=0.00 B
2015-12-10 23:04:53.376+0000 INFO  [o.n.k.i.DiagnosticsManager] Memory Pool: PS Eden Space (Heap memory): committed=20.00 MB, used=17.74 MB, max=334.50 MB, threshold=?
2015-12-10 23:04:53.376+0000 INFO  [o.n.k.i.DiagnosticsManager] Memory Pool: PS Survivor Space (Heap memory): committed=512.00 kB, used=448.00 kB, max=512.00 kB, threshold=?
2015-12-10 23:04:53.376+0000 INFO  [o.n.k.i.DiagnosticsManager] Memory Pool: PS Old Gen (Heap memory): committed=58.50 MB, used=43.99 MB, max=670.50 MB, threshold=0.00 B
2015-12-10 23:04:53.376+0000 INFO  [o.n.k.i.DiagnosticsManager] Memory Pool: PS Perm Gen (Non-heap memory): committed=69.50 MB, used=68.66 MB, max=82.00 MB, threshold=0.00 B
2015-12-10 23:04:53.376+0000 INFO  [o.n.k.i.DiagnosticsManager] Operating system information:
2015-12-10 23:04:53.376+0000 INFO  [o.n.k.i.DiagnosticsManager] Operating System: Windows 8.1; version: 6.3; arch: amd64; cpus: 8
2015-12-10 23:04:53.377+0000 INFO  [o.n.k.i.DiagnosticsManager] Process id: 3784@ATAN-B03-02
2015-12-10 23:04:53.377+0000 INFO  [o.n.k.i.DiagnosticsManager] Byte order: LITTLE_ENDIAN
2015-12-10 23:04:53.377+0000 INFO  [o.n.k.i.DiagnosticsManager] Local timezone: America/Chicago
2015-12-10 23:04:53.377+0000 INFO  [o.n.k.i.DiagnosticsManager] JVM information:
2015-12-10 23:04:53.377+0000 INFO  [o.n.k.i.DiagnosticsManager] VM Name: Java HotSpot(TM) 64-Bit Server VM
2015-12-10 23:04:53.377+0000 INFO  [o.n.k.i.DiagnosticsManager] VM Vendor: Oracle Corporation
2015-12-10 23:04:53.377+0000 INFO  [o.n.k.i.DiagnosticsManager] VM Version: 24.80-b11
2015-12-10 23:04:53.377+0000 INFO  [o.n.k.i.DiagnosticsManager] JIT compiler: HotSpot 64-Bit Tiered Compilers
2015-12-10 23:04:53.377+0000 INFO  [o.n.k.i.DiagnosticsManager] VM Arguments: [-Dexe4j.semaphoreName=Local\c:_program_files_neo4j_ce_2.3.1_bin_neo4j-ce.exe, -Dexe4j.isInstall4j=true, -Dexe4j.moduleName=C:\Program Files\Neo4j CE 2.3.1\bin\neo4j-ce.exe, -Dexe4j.tempDir=, -Dexe4j.unextractedPosition=0, -Djava.library.path=C:\Program Files (x86)\AMD APP\bin\x86_64;C:\Program Files (x86)\AMD APP\bin\x86;C:\ProgramData\Oracle\Java\javapath;C:\Windows\system32;C:\Windows;C:\Windows\System32\Wbem;C:\Windows\System32\WindowsPowerShell\v1.0\;C:\Program Files (x86)\MiKTeX 2.9\miktex\bin\;C:\Program Files\TortoiseSVN\bin;C:\Windows\system32\config\systemprofile\.dnx\bin;C:\Program Files\Microsoft DNX\Dnvm\;C:\Program Files\MATLAB\R2015b\runtime\win64;C:\Program Files\MATLAB\R2015b\bin;C:\Program Files (x86)\ATI Technologies\ATI.ACE\Core-Static;c:\program files\neo4j ce 2.3.1\jre\bin, -Dexe4j.consoleCodepage=cp0, -Dinstall4j.launcherId=24, -Dinstall4j.swt=false]
2015-12-10 23:04:53.377+0000 INFO  [o.n.k.i.DiagnosticsManager] Java classpath:
2015-12-10 23:04:53.379+0000 INFO  [o.n.k.i.DiagnosticsManager]  [loader.1] file:/C:/Program%20Files/Neo4j%20CE%202.3.1/jre/lib/ext/dnsns.jar
2015-12-10 23:04:53.379+0000 INFO  [o.n.k.i.DiagnosticsManager]  [loader.0] file:/C:/Program%20Files/Neo4j%20CE%202.3.1/bin/
2015-12-10 23:04:53.379+0000 INFO  [o.n.k.i.DiagnosticsManager]  [bootstrap] C:\Program Files\Neo4j CE 2.3.1\jre\lib\resources.jar
2015-12-10 23:04:53.379+0000 INFO  [o.n.k.i.DiagnosticsManager]  [bootstrap] C:\Program Files\Neo4j CE 2.3.1\jre\lib\jfr.jar
2015-12-10 23:04:53.379+0000 INFO  [o.n.k.i.DiagnosticsManager]  [classpath] C:\Program Files\Neo4j CE 2.3.1\.install4j\i4jruntime.jar
2015-12-10 23:04:53.379+0000 INFO  [o.n.k.i.DiagnosticsManager]  [loader.1] file:/C:/Program%20Files/Neo4j%20CE%202.3.1/jre/lib/ext/sunmscapi.jar
2015-12-10 23:04:53.379+0000 INFO  [o.n.k.i.DiagnosticsManager]  [bootstrap] C:\Program Files\Neo4j CE 2.3.1\jre\lib\jsse.jar
2015-12-10 23:04:53.379+0000 INFO  [o.n.k.i.DiagnosticsManager]  [loader.1] file:/C:/Program%20Files/Neo4j%20CE%202.3.1/jre/lib/ext/dns_sd.jar
2015-12-10 23:04:53.379+0000 INFO  [o.n.k.i.DiagnosticsManager]  [loader.0] file:/C:/Program%20Files/Neo4j%20CE%202.3.1/.install4j/i4jruntime.jar
2015-12-10 23:04:53.379+0000 INFO  [o.n.k.i.DiagnosticsManager]  [loader.0] file:/C:/Program%20Files/Neo4j%20CE%202.3.1/bin/neo4j-desktop-2.3.1.jar
2015-12-10 23:04:53.379+0000 INFO  [o.n.k.i.DiagnosticsManager]  [loader.1] file:/C:/Program%20Files/Neo4j%20CE%202.3.1/jre/lib/ext/access-bridge-64.jar
2015-12-10 23:04:53.379+0000 INFO  [o.n.k.i.DiagnosticsManager]  [loader.1] file:/C:/Program%20Files/Neo4j%20CE%202.3.1/jre/lib/ext/localedata.jar
2015-12-10 23:04:53.379+0000 INFO  [o.n.k.i.DiagnosticsManager]  [bootstrap] C:\Program Files\Neo4j CE 2.3.1\jre\lib\sunrsasign.jar
2015-12-10 23:04:53.379+0000 INFO  [o.n.k.i.DiagnosticsManager]  [bootstrap] C:\Program Files\Neo4j CE 2.3.1\jre\lib\jce.jar
2015-12-10 23:04:53.379+0000 INFO  [o.n.k.i.DiagnosticsManager]  [bootstrap] C:\Program Files\Neo4j CE 2.3.1\jre\lib\rt.jar
2015-12-10 23:04:53.379+0000 INFO  [o.n.k.i.DiagnosticsManager]  [bootstrap] C:\Program Files\Neo4j CE 2.3.1\jre\lib\charsets.jar
2015-12-10 23:04:53.379+0000 INFO  [o.n.k.i.DiagnosticsManager]  [loader.1] file:/C:/Program%20Files/Neo4j%20CE%202.3.1/jre/lib/ext/sunjce_provider.jar
2015-12-10 23:04:53.379+0000 INFO  [o.n.k.i.DiagnosticsManager]  [bootstrap] C:\Program Files\Neo4j CE 2.3.1\jre\classes
2015-12-10 23:04:53.379+0000 INFO  [o.n.k.i.DiagnosticsManager]  [loader.1] file:/C:/Program%20Files/Neo4j%20CE%202.3.1/jre/lib/ext/zipfs.jar
2015-12-10 23:04:53.379+0000 INFO  [o.n.k.i.DiagnosticsManager]  [loader.1] file:/C:/Program%20Files/Neo4j%20CE%202.3.1/jre/lib/ext/jaccess.jar
2015-12-10 23:04:53.379+0000 INFO  [o.n.k.i.DiagnosticsManager]  [loader.1] file:/C:/Program%20Files/Neo4j%20CE%202.3.1/jre/lib/ext/sunec.jar
2015-12-10 23:04:53.379+0000 INFO  [o.n.k.i.DiagnosticsManager]  [classpath] C:\Program Files\Neo4j CE 2.3.1\bin\neo4j-desktop-2.3.1.jar
2015-12-10 23:04:53.379+0000 INFO  [o.n.k.i.DiagnosticsManager] Library path:
2015-12-10 23:04:53.379+0000 INFO  [o.n.k.i.DiagnosticsManager] C:\Program Files (x86)\AMD APP\bin\x86_64
2015-12-10 23:04:53.379+0000 INFO  [o.n.k.i.DiagnosticsManager] C:\Program Files (x86)\AMD APP\bin\x86
2015-12-10 23:04:53.380+0000 INFO  [o.n.k.i.DiagnosticsManager] C:\ProgramData\Oracle\Java\javapath
2015-12-10 23:04:53.380+0000 INFO  [o.n.k.i.DiagnosticsManager] C:\Windows\System32
2015-12-10 23:04:53.380+0000 INFO  [o.n.k.i.DiagnosticsManager] C:\Windows
2015-12-10 23:04:53.380+0000 INFO  [o.n.k.i.DiagnosticsManager] C:\Windows\System32\wbem
2015-12-10 23:04:53.380+0000 INFO  [o.n.k.i.DiagnosticsManager] C:\Windows\System32\WindowsPowerShell\v1.0
2015-12-10 23:04:53.380+0000 INFO  [o.n.k.i.DiagnosticsManager] C:\Program Files (x86)\MiKTeX 2.9\miktex\bin
2015-12-10 23:04:53.381+0000 INFO  [o.n.k.i.DiagnosticsManager] C:\Program Files\TortoiseSVN\bin
2015-12-10 23:04:53.381+0000 INFO  [o.n.k.i.DiagnosticsManager] C:\Windows\System32\config\systemprofile\.dnx\bin
2015-12-10 23:04:53.381+0000 INFO  [o.n.k.i.DiagnosticsManager] C:\Program Files\Microsoft DNX\Dnvm
2015-12-10 23:04:53.381+0000 INFO  [o.n.k.i.DiagnosticsManager] C:\Program Files\MATLAB\R2015b\runtime\win64
2015-12-10 23:04:53.381+0000 INFO  [o.n.k.i.DiagnosticsManager] C:\Program Files\MATLAB\R2015b\bin
2015-12-10 23:04:53.381+0000 INFO  [o.n.k.i.DiagnosticsManager] C:\Program Files (x86)\ATI Technologies\ATI.ACE\Core-Static
2015-12-10 23:04:53.382+0000 INFO  [o.n.k.i.DiagnosticsManager] C:\Program Files\Neo4j CE 2.3.1\jre\bin
2015-12-10 23:04:53.382+0000 INFO  [o.n.k.i.DiagnosticsManager] System.properties:
2015-12-10 23:04:53.382+0000 INFO  [o.n.k.i.DiagnosticsManager] exe4j.moduleName = C:\Program Files\Neo4j CE 2.3.1\bin\neo4j-ce.exe
2015-12-10 23:04:53.382+0000 INFO  [o.n.k.i.DiagnosticsManager] exe4j.semaphoreName = Local\c:_program_files_neo4j_ce_2.3.1_bin_neo4j-ce.exe
2015-12-10 23:04:53.382+0000 INFO  [o.n.k.i.DiagnosticsManager] sun.boot.library.path = c:\program files\neo4j ce 2.3.1\jre\bin
2015-12-10 23:04:53.382+0000 INFO  [o.n.k.i.DiagnosticsManager] exe4j.consoleCodepage = cp0
2015-12-10 23:04:53.382+0000 INFO  [o.n.k.i.DiagnosticsManager] path.separator = ;
2015-12-10 23:04:53.382+0000 INFO  [o.n.k.i.DiagnosticsManager] file.encoding.pkg = sun.io
2015-12-10 23:04:53.382+0000 INFO  [o.n.k.i.DiagnosticsManager] user.country = US
2015-12-10 23:04:53.382+0000 INFO  [o.n.k.i.DiagnosticsManager] user.script = 
2015-12-10 23:04:53.382+0000 INFO  [o.n.k.i.DiagnosticsManager] sun.os.patch.level = 
2015-12-10 23:04:53.382+0000 INFO  [o.n.k.i.DiagnosticsManager] install4j.exeDir = C:\Program Files\Neo4j CE 2.3.1\bin\
2015-12-10 23:04:53.382+0000 INFO  [o.n.k.i.DiagnosticsManager] user.dir = C:\Program Files\Neo4j CE 2.3.1\bin
2015-12-10 23:04:53.382+0000 INFO  [o.n.k.i.DiagnosticsManager] neo4j.ext.udc.source = desktop
2015-12-10 23:04:53.382+0000 INFO  [o.n.k.i.DiagnosticsManager] user.variant = 
2015-12-10 23:04:53.382+0000 INFO  [o.n.k.i.DiagnosticsManager] exe4j.tempDir = 
2015-12-10 23:04:53.382+0000 INFO  [o.n.k.i.DiagnosticsManager] sun.jnu.encoding = Cp1252
2015-12-10 23:04:53.382+0000 INFO  [o.n.k.i.DiagnosticsManager] sun.awt.enableExtraMouseButtons = true
2015-12-10 23:04:53.382+0000 INFO  [o.n.k.i.DiagnosticsManager] install4j.launcherId = 24
2015-12-10 23:04:53.382+0000 INFO  [o.n.k.i.DiagnosticsManager] sun.management.compiler = HotSpot 64-Bit Tiered Compilers
2015-12-10 23:04:53.382+0000 INFO  [o.n.k.i.DiagnosticsManager] exe4j.isInstall4j = true
2015-12-10 23:04:53.382+0000 INFO  [o.n.k.i.DiagnosticsManager] install4j.swt = false
2015-12-10 23:04:53.382+0000 INFO  [o.n.k.i.DiagnosticsManager] user.home = C:\Users\cez
2015-12-10 23:04:53.382+0000 INFO  [o.n.k.i.DiagnosticsManager] user.timezone = America/Chicago
2015-12-10 23:04:53.382+0000 INFO  [o.n.k.i.DiagnosticsManager] file.encoding = Cp1252
2015-12-10 23:04:53.382+0000 INFO  [o.n.k.i.DiagnosticsManager] user.name = cez
2015-12-10 23:04:53.382+0000 INFO  [o.n.k.i.DiagnosticsManager] sun.java.command = C:\Program Files\Neo4j CE 2.3.1\bin\neo4j-ce.exe
2015-12-10 23:04:53.382+0000 INFO  [o.n.k.i.DiagnosticsManager] sun.arch.data.model = 64
2015-12-10 23:04:53.382+0000 INFO  [o.n.k.i.DiagnosticsManager] exe4j.launchName = C:\Program Files\Neo4j CE 2.3.1\bin\neo4j-ce.exe
2015-12-10 23:04:53.382+0000 INFO  [o.n.k.i.DiagnosticsManager] user.language = en
2015-12-10 23:04:53.382+0000 INFO  [o.n.k.i.DiagnosticsManager] awt.toolkit = sun.awt.windows.WToolkit
2015-12-10 23:04:53.382+0000 INFO  [o.n.k.i.DiagnosticsManager] exe4j.unextractedPosition = 0
2015-12-10 23:04:53.382+0000 INFO  [o.n.k.i.DiagnosticsManager] install4j.appDir = C:\Program Files\Neo4j CE 2.3.1\
2015-12-10 23:04:53.382+0000 INFO  [o.n.k.i.DiagnosticsManager] file.separator = \
2015-12-10 23:04:53.382+0000 INFO  [o.n.k.i.DiagnosticsManager] sun.io.unicode.encoding = UnicodeLittle
2015-12-10 23:04:53.382+0000 INFO  [o.n.k.i.DiagnosticsManager] sun.cpu.endian = little
2015-12-10 23:04:53.382+0000 INFO  [o.n.k.i.DiagnosticsManager] sun.desktop = windows
2015-12-10 23:04:53.382+0000 INFO  [o.n.k.i.DiagnosticsManager] sun.cpu.isalist = amd64
2015-12-10 23:04:53.382+0000 INFO  [o.n.k.i.DiagnosticsManager] Network information:
2015-12-10 23:04:53.396+0000 INFO  [o.n.k.i.DiagnosticsManager] Interface Software Loopback Interface 1:
2015-12-10 23:04:53.396+0000 INFO  [o.n.k.i.DiagnosticsManager]     address: 127.0.0.1
2015-12-10 23:04:53.396+0000 INFO  [o.n.k.i.DiagnosticsManager]     address: 0:0:0:0:0:0:0:1
2015-12-10 23:04:53.396+0000 INFO  [o.n.k.i.DiagnosticsManager] Interface Microsoft Kernel Debug Network Adapter:
2015-12-10 23:04:53.396+0000 INFO  [o.n.k.i.DiagnosticsManager] Interface Intel(R) 82578DM Gigabit Network Connection:
2015-12-10 23:04:53.396+0000 INFO  [o.n.k.i.DiagnosticsManager]     address: 10.24.47.166
2015-12-10 23:04:53.396+0000 INFO  [o.n.k.i.DiagnosticsManager]     address: 2610:130:101:d00:4493:c16:efa9:8b55
2015-12-10 23:04:53.396+0000 INFO  [o.n.k.i.DiagnosticsManager]     address: 2610:130:101:d00:920:e15d:79eb:345b
2015-12-10 23:04:53.396+0000 INFO  [o.n.k.i.DiagnosticsManager]     address: 2610:130:101:d00:a502:b02c:1a2d:577b
2015-12-10 23:04:53.396+0000 INFO  [o.n.k.i.DiagnosticsManager]     address: fe80:0:0:0:4493:c16:efa9:8b55%3
2015-12-10 23:04:53.396+0000 INFO  [o.n.k.i.DiagnosticsManager] Interface Microsoft ISATAP Adapter:
2015-12-10 23:04:53.396+0000 INFO  [o.n.k.i.DiagnosticsManager]     address: fe80:0:0:0:0:5efe:c0a8:3801%4
2015-12-10 23:04:53.396+0000 INFO  [o.n.k.i.DiagnosticsManager] Interface Teredo Tunneling Pseudo-Interface:
2015-12-10 23:04:53.396+0000 INFO  [o.n.k.i.DiagnosticsManager] Interface Microsoft ISATAP Adapter #2:
2015-12-10 23:04:53.396+0000 INFO  [o.n.k.i.DiagnosticsManager]     address: fe80:0:0:0:0:5efe:a18:2fa6%6
2015-12-10 23:04:53.396+0000 INFO  [o.n.k.i.DiagnosticsManager] Interface VirtualBox Host-Only Ethernet Adapter:
2015-12-10 23:04:53.396+0000 INFO  [o.n.k.i.DiagnosticsManager]     address: 192.168.56.1
2015-12-10 23:04:53.396+0000 INFO  [o.n.k.i.DiagnosticsManager]     address: fe80:0:0:0:4133:2d33:29c2:6efa%7
2015-12-10 23:04:53.396+0000 INFO  [o.n.k.i.DiagnosticsManager] Interface Microsoft ISATAP Adapter #3:
2015-12-10 23:04:53.396+0000 INFO  [o.n.k.i.DiagnosticsManager] Interface VirtualBox Host-Only Ethernet Adapter-WFP Native MAC Layer LightWeight Filter-0000:
2015-12-10 23:04:53.396+0000 INFO  [o.n.k.i.DiagnosticsManager] Interface VirtualBox Host-Only Ethernet Adapter-VirtualBox NDIS Light-Weight Filter-0000:
2015-12-10 23:04:53.396+0000 INFO  [o.n.k.i.DiagnosticsManager] Interface VirtualBox Host-Only Ethernet Adapter-QoS Packet Scheduler-0000:
2015-12-10 23:04:53.396+0000 INFO  [o.n.k.i.DiagnosticsManager] Interface VirtualBox Host-Only Ethernet Adapter-WFP 802.3 MAC Layer LightWeight Filter-0000:
2015-12-10 23:04:53.396+0000 INFO  [o.n.k.i.DiagnosticsManager] Interface Intel(R) 82578DM Gigabit Network Connection-WFP Native MAC Layer LightWeight Filter-0000:
2015-12-10 23:04:53.396+0000 INFO  [o.n.k.i.DiagnosticsManager] Interface Intel(R) 82578DM Gigabit Network Connection-VirtualBox NDIS Light-Weight Filter-0000:
2015-12-10 23:04:53.396+0000 INFO  [o.n.k.i.DiagnosticsManager] Interface Intel(R) 82578DM Gigabit Network Connection-QoS Packet Scheduler-0000:
2015-12-10 23:04:53.396+0000 INFO  [o.n.k.i.DiagnosticsManager] Interface Intel(R) 82578DM Gigabit Network Connection-WFP 802.3 MAC Layer LightWeight Filter-0000:
2015-12-10 23:04:53.396+0000 INFO  [o.n.k.i.DiagnosticsManager] --- INITIALIZED diagnostics END ---
2015-12-10 23:04:55.038+0000 INFO  [o.n.k.KernelHealth] Kernel health set to OK
2015-12-10 23:04:55.050+0000 INFO  [o.n.k.AvailabilityGuard] Fulfilling of requirement makes database available: Database available
2015-12-10 23:04:55.052+0000 INFO  [o.n.k.i.f.CommunityFacadeFactory] Database is now ready
2015-12-10 23:04:55.055+0000 INFO  [o.n.k.i.DiagnosticsManager] --- STARTED diagnostics for KernelDiagnostics:Versions START ---
2015-12-10 23:04:55.057+0000 INFO  [o.n.k.i.DiagnosticsManager] Graph Database: Community StoreId{creationTime=1449699777919, randomId=5289842749477039669, storeVersion=15250506225055238, upgradeTime=1449699777919, upgradeId=1}
2015-12-10 23:04:55.059+0000 INFO  [o.n.k.i.DiagnosticsManager] Kernel version: 2.3.1
2015-12-10 23:04:55.061+0000 INFO  [o.n.k.i.DiagnosticsManager] --- STARTED diagnostics for KernelDiagnostics:Versions END ---
2015-12-10 23:04:55.064+0000 INFO  [o.n.k.i.DiagnosticsManager] --- STARTED diagnostics for NEO_STORE_VERSIONS START ---
2015-12-10 23:04:55.066+0000 INFO  [o.n.k.i.DiagnosticsManager] Store versions:
2015-12-10 23:04:55.069+0000 INFO  [o.n.k.i.DiagnosticsManager] Store versions:
2015-12-10 23:04:55.071+0000 INFO  [o.n.k.i.DiagnosticsManager] ArrayPropertyStore v0.A.6
2015-12-10 23:04:55.073+0000 INFO  [o.n.k.i.DiagnosticsManager] NodeStore v0.A.6
2015-12-10 23:04:55.075+0000 INFO  [o.n.k.i.DiagnosticsManager] StringPropertyStore v0.A.6
2015-12-10 23:04:55.078+0000 INFO  [o.n.k.i.DiagnosticsManager] PropertyIndexStore v0.A.6
2015-12-10 23:04:55.080+0000 INFO  [o.n.k.i.DiagnosticsManager] StringPropertyStore v0.A.6
2015-12-10 23:04:55.082+0000 INFO  [o.n.k.i.DiagnosticsManager] ArrayPropertyStore v0.A.6
2015-12-10 23:04:55.085+0000 INFO  [o.n.k.i.DiagnosticsManager] PropertyStore v0.A.6
2015-12-10 23:04:55.087+0000 INFO  [o.n.k.i.DiagnosticsManager] RelationshipStore v0.A.6
2015-12-10 23:04:55.089+0000 INFO  [o.n.k.i.DiagnosticsManager] StringPropertyStore v0.A.6
2015-12-10 23:04:55.091+0000 INFO  [o.n.k.i.DiagnosticsManager] RelationshipTypeStore v0.A.6
2015-12-10 23:04:55.093+0000 INFO  [o.n.k.i.DiagnosticsManager] StringPropertyStore v0.A.6
2015-12-10 23:04:55.096+0000 INFO  [o.n.k.i.DiagnosticsManager] LabelTokenStore v0.A.6
2015-12-10 23:04:55.098+0000 INFO  [o.n.k.i.DiagnosticsManager] SchemaStore v0.A.6
2015-12-10 23:04:55.100+0000 INFO  [o.n.k.i.DiagnosticsManager] RelationshipGroupStore v0.A.6
2015-12-10 23:04:55.102+0000 INFO  [o.n.k.i.DiagnosticsManager] NeoStore v0.A.6
2015-12-10 23:04:55.105+0000 INFO  [o.n.k.i.DiagnosticsManager] --- STARTED diagnostics for NEO_STORE_VERSIONS END ---
2015-12-10 23:04:55.107+0000 INFO  [o.n.k.i.DiagnosticsManager] --- STARTED diagnostics for NEO_STORE_ID_USAGE START ---
2015-12-10 23:04:55.109+0000 INFO  [o.n.k.i.DiagnosticsManager] Id usage:
2015-12-10 23:04:55.111+0000 INFO  [o.n.k.i.DiagnosticsManager] Id usage:
2015-12-10 23:04:55.113+0000 INFO  [o.n.k.i.DiagnosticsManager]   ArrayPropertyStore v0.A.6: used=1 high=0
2015-12-10 23:04:55.115+0000 INFO  [o.n.k.i.DiagnosticsManager]   NodeStore v0.A.6: used=2202 high=2201
2015-12-10 23:04:55.118+0000 INFO  [o.n.k.i.DiagnosticsManager]   StringPropertyStore v0.A.6: used=4 high=3
2015-12-10 23:04:55.120+0000 INFO  [o.n.k.i.DiagnosticsManager]   PropertyIndexStore v0.A.6: used=3 high=2
2015-12-10 23:04:55.122+0000 INFO  [o.n.k.i.DiagnosticsManager]   StringPropertyStore v0.A.6: used=1 high=0
2015-12-10 23:04:55.124+0000 INFO  [o.n.k.i.DiagnosticsManager]   ArrayPropertyStore v0.A.6: used=1 high=0
2015-12-10 23:04:55.126+0000 INFO  [o.n.k.i.DiagnosticsManager]   PropertyStore v0.A.6: used=2202 high=2201
2015-12-10 23:04:55.129+0000 INFO  [o.n.k.i.DiagnosticsManager]   RelationshipStore v0.A.6: used=2200 high=2199
2015-12-10 23:04:55.131+0000 INFO  [o.n.k.i.DiagnosticsManager]   StringPropertyStore v0.A.6: used=3 high=2
2015-12-10 23:04:55.133+0000 INFO  [o.n.k.i.DiagnosticsManager]   RelationshipTypeStore v0.A.6: used=2 high=1
2015-12-10 23:04:55.135+0000 INFO  [o.n.k.i.DiagnosticsManager]   StringPropertyStore v0.A.6: used=4 high=3
2015-12-10 23:04:55.137+0000 INFO  [o.n.k.i.DiagnosticsManager]   LabelTokenStore v0.A.6: used=3 high=2
2015-12-10 23:04:55.140+0000 INFO  [o.n.k.i.DiagnosticsManager]   SchemaStore v0.A.6: used=1 high=0
2015-12-10 23:04:55.142+0000 INFO  [o.n.k.i.DiagnosticsManager]   RelationshipGroupStore v0.A.6: used=3 high=2
2015-12-10 23:04:55.144+0000 INFO  [o.n.k.i.DiagnosticsManager]   NeoStore v0.A.6: used=13 high=12
2015-12-10 23:04:55.146+0000 INFO  [o.n.k.i.DiagnosticsManager] --- STARTED diagnostics for NEO_STORE_ID_USAGE END ---
2015-12-10 23:04:55.148+0000 INFO  [o.n.k.i.DiagnosticsManager] --- STARTED diagnostics for NEO_STORE_RECORDS START ---
2015-12-10 23:04:55.150+0000 INFO  [o.n.k.i.DiagnosticsManager] Neostore records:
2015-12-10 23:04:55.153+0000 INFO  [o.n.k.i.DiagnosticsManager] TIME (Creation time): 1449699777919
2015-12-10 23:04:55.155+0000 INFO  [o.n.k.i.DiagnosticsManager] RANDOM_NUMBER (Random number for store id): 5289842749477039669
2015-12-10 23:04:55.157+0000 INFO  [o.n.k.i.DiagnosticsManager] LOG_VERSION (Current log version): 0
2015-12-10 23:04:55.159+0000 INFO  [o.n.k.i.DiagnosticsManager] LAST_TRANSACTION_ID (Last committed transaction): 4311
2015-12-10 23:04:55.161+0000 INFO  [o.n.k.i.DiagnosticsManager] STORE_VERSION (Store format version): 15250506225055238
2015-12-10 23:04:55.163+0000 INFO  [o.n.k.i.DiagnosticsManager] FIRST_GRAPH_PROPERTY (First property record containing graph properties): -1
2015-12-10 23:04:55.166+0000 INFO  [o.n.k.i.DiagnosticsManager] LAST_CONSTRAINT_TRANSACTION (Last committed transaction containing constraint changes): 0
2015-12-10 23:04:55.168+0000 INFO  [o.n.k.i.DiagnosticsManager] UPGRADE_TRANSACTION_ID (Transaction id most recent upgrade was performed at): 1
2015-12-10 23:04:55.170+0000 INFO  [o.n.k.i.DiagnosticsManager] UPGRADE_TIME (Time of last upgrade): 1449699777919
2015-12-10 23:04:55.173+0000 INFO  [o.n.k.i.DiagnosticsManager] LAST_TRANSACTION_CHECKSUM (Checksum of last committed transaction): -162343208893
2015-12-10 23:04:55.175+0000 INFO  [o.n.k.i.DiagnosticsManager] UPGRADE_TRANSACTION_CHECKSUM (Checksum of transaction id the most recent upgrade was performed at): 0
2015-12-10 23:04:55.178+0000 INFO  [o.n.k.i.DiagnosticsManager] LAST_CLOSED_TRANSACTION_LOG_VERSION (Log version where the last transaction commit entry has been written into): 0
2015-12-10 23:04:55.180+0000 INFO  [o.n.k.i.DiagnosticsManager] LAST_CLOSED_TRANSACTION_LOG_BYTE_OFFSET (Byte offset in the log file where the last transaction commit entry has been written into): 1589094
2015-12-10 23:04:55.182+0000 INFO  [o.n.k.i.DiagnosticsManager] --- STARTED diagnostics for NEO_STORE_RECORDS END ---
2015-12-10 23:04:55.184+0000 INFO  [o.n.k.i.DiagnosticsManager] --- STARTED diagnostics for TRANSACTION_RANGE START ---
2015-12-10 23:04:55.187+0000 INFO  [o.n.k.i.DiagnosticsManager] Transaction log:
2015-12-10 23:04:55.190+0000 INFO  [o.n.k.i.DiagnosticsManager] Oldest transaction 2 found in log with version 0
2015-12-10 23:04:55.192+0000 INFO  [o.n.k.i.DiagnosticsManager] --- STARTED diagnostics for TRANSACTION_RANGE END ---
2015-12-10 23:04:55.194+0000 INFO  [o.n.k.i.DiagnosticsManager] --- STARTED diagnostics for KernelDiagnostics:StoreFiles START ---
2015-12-10 23:04:55.197+0000 INFO  [o.n.k.i.DiagnosticsManager] Disk space on partition (Total / Free / Free %): 499738734592 / 397641474048 / 79
Storage files: (filename : modification date - size)
2015-12-10 23:04:55.200+0000 INFO  [o.n.k.i.DiagnosticsManager]   dbms:
2015-12-10 23:04:55.202+0000 INFO  [o.n.k.i.DiagnosticsManager]     auth: 2015-12-09T16:22:58-0600 - 137.00 B
2015-12-10 23:04:55.205+0000 INFO  [o.n.k.i.DiagnosticsManager]     ssl:
2015-12-10 23:04:55.207+0000 INFO  [o.n.k.i.DiagnosticsManager]       snakeoil.cert: 2015-12-09T16:22:54-0600 - 630.00 B
2015-12-10 23:04:55.209+0000 INFO  [o.n.k.i.DiagnosticsManager]       snakeoil.key: 2015-12-09T16:22:54-0600 - 914.00 B
2015-12-10 23:04:55.212+0000 INFO  [o.n.k.i.DiagnosticsManager]     - Total: 2015-12-09T16:22:54-0600 - 1.51 kB
2015-12-10 23:04:55.214+0000 INFO  [o.n.k.i.DiagnosticsManager]   - Total: 2015-12-09T16:22:58-0600 - 1.64 kB
2015-12-10 23:04:55.216+0000 INFO  [o.n.k.i.DiagnosticsManager]   index:
2015-12-10 23:04:55.218+0000 INFO  [o.n.k.i.DiagnosticsManager]   - Total: 2015-12-09T16:22:58-0600 - 0.00 B
2015-12-10 23:04:55.221+0000 INFO  [o.n.k.i.DiagnosticsManager]   messages.log: 2015-12-09T16:50:54-0600 - 61.12 kB
2015-12-10 23:04:55.223+0000 INFO  [o.n.k.i.DiagnosticsManager]   neo4j.properties: 2015-12-09T16:22:54-0600 - 1.30 kB
2015-12-10 23:04:55.225+0000 INFO  [o.n.k.i.DiagnosticsManager]   neostore: 2015-12-09T16:27:58-0600 - 8.00 kB
2015-12-10 23:04:55.228+0000 INFO  [o.n.k.i.DiagnosticsManager]   neostore.counts.db.a: 2015-12-09T16:22:58-0600 - 96.00 B
2015-12-10 23:04:55.230+0000 INFO  [o.n.k.i.DiagnosticsManager]   neostore.counts.db.b: 2015-12-09T16:27:58-0600 - 576.00 B
2015-12-10 23:04:55.233+0000 INFO  [o.n.k.i.DiagnosticsManager]   neostore.id: 2015-12-10T17:04:54-0600 - 9.00 B
2015-12-10 23:04:55.235+0000 INFO  [o.n.k.i.DiagnosticsManager]   neostore.labeltokenstore.db: 2015-12-09T16:27:58-0600 - 8.00 kB
2015-12-10 23:04:55.237+0000 INFO  [o.n.k.i.DiagnosticsManager]   neostore.labeltokenstore.db.id: 2015-12-10T17:04:54-0600 - 9.00 B
2015-12-10 23:04:55.240+0000 INFO  [o.n.k.i.DiagnosticsManager]   neostore.labeltokenstore.db.names: 2015-12-09T16:27:58-0600 - 8.00 kB
2015-12-10 23:04:55.242+0000 INFO  [o.n.k.i.DiagnosticsManager]   neostore.labeltokenstore.db.names.id: 2015-12-10T17:04:54-0600 - 9.00 B
2015-12-10 23:04:55.244+0000 INFO  [o.n.k.i.DiagnosticsManager]   neostore.nodestore.db: 2015-12-09T16:27:58-0600 - 39.99 kB
2015-12-10 23:04:55.247+0000 INFO  [o.n.k.i.DiagnosticsManager]   neostore.nodestore.db.id: 2015-12-10T17:04:53-0600 - 9.00 B
2015-12-10 23:04:55.249+0000 INFO  [o.n.k.i.DiagnosticsManager]   neostore.nodestore.db.labels: 2015-12-09T16:22:55-0600 - 8.00 kB
2015-12-10 23:04:55.252+0000 INFO  [o.n.k.i.DiagnosticsManager]   neostore.nodestore.db.labels.id: 2015-12-10T17:04:53-0600 - 9.00 B
2015-12-10 23:04:55.254+0000 INFO  [o.n.k.i.DiagnosticsManager]   neostore.propertystore.db: 2015-12-09T16:27:58-0600 - 95.61 kB
2015-12-10 23:04:55.256+0000 INFO  [o.n.k.i.DiagnosticsManager]   neostore.propertystore.db.arrays: 2015-12-09T16:22:56-0600 - 8.00 kB
2015-12-10 23:04:55.259+0000 INFO  [o.n.k.i.DiagnosticsManager]   neostore.propertystore.db.arrays.id: 2015-12-10T17:04:53-0600 - 9.00 B
2015-12-10 23:04:55.261+0000 INFO  [o.n.k.i.DiagnosticsManager]   neostore.propertystore.db.id: 2015-12-10T17:04:53-0600 - 9.00 B
2015-12-10 23:04:55.263+0000 INFO  [o.n.k.i.DiagnosticsManager]   neostore.propertystore.db.index: 2015-12-09T16:27:58-0600 - 8.00 kB
2015-12-10 23:04:55.266+0000 INFO  [o.n.k.i.DiagnosticsManager]   neostore.propertystore.db.index.id: 2015-12-10T17:04:53-0600 - 9.00 B
2015-12-10 23:04:55.268+0000 INFO  [o.n.k.i.DiagnosticsManager]   neostore.propertystore.db.index.keys: 2015-12-09T16:27:58-0600 - 8.00 kB
2015-12-10 23:04:55.270+0000 INFO  [o.n.k.i.DiagnosticsManager]   neostore.propertystore.db.index.keys.id: 2015-12-10T17:04:53-0600 - 9.00 B
2015-12-10 23:04:55.272+0000 INFO  [o.n.k.i.DiagnosticsManager]   neostore.propertystore.db.strings: 2015-12-09T16:22:56-0600 - 8.00 kB
2015-12-10 23:04:55.275+0000 INFO  [o.n.k.i.DiagnosticsManager]   neostore.propertystore.db.strings.id: 2015-12-10T17:04:53-0600 - 9.00 B
2015-12-10 23:04:55.277+0000 INFO  [o.n.k.i.DiagnosticsManager]   neostore.relationshipgroupstore.db: 2015-12-09T16:27:58-0600 - 8.00 kB
2015-12-10 23:04:55.280+0000 INFO  [o.n.k.i.DiagnosticsManager]   neostore.relationshipgroupstore.db.id: 2015-12-10T17:04:54-0600 - 9.00 B
2015-12-10 23:04:55.282+0000 INFO  [o.n.k.i.DiagnosticsManager]   neostore.relationshipstore.db: 2015-12-09T16:27:58-0600 - 79.69 kB
2015-12-10 23:04:55.284+0000 INFO  [o.n.k.i.DiagnosticsManager]   neostore.relationshipstore.db.id: 2015-12-10T17:04:53-0600 - 9.00 B
2015-12-10 23:04:55.287+0000 INFO  [o.n.k.i.DiagnosticsManager]   neostore.relationshiptypestore.db: 2015-12-09T16:27:58-0600 - 8.00 kB
2015-12-10 23:04:55.289+0000 INFO  [o.n.k.i.DiagnosticsManager]   neostore.relationshiptypestore.db.id: 2015-12-10T17:04:54-0600 - 9.00 B
2015-12-10 23:04:55.291+0000 INFO  [o.n.k.i.DiagnosticsManager]   neostore.relationshiptypestore.db.names: 2015-12-09T16:27:58-0600 - 8.00 kB
2015-12-10 23:04:55.294+0000 INFO  [o.n.k.i.DiagnosticsManager]   neostore.relationshiptypestore.db.names.id: 2015-12-10T17:04:53-0600 - 9.00 B
2015-12-10 23:04:55.296+0000 INFO  [o.n.k.i.DiagnosticsManager]   neostore.schemastore.db: 2015-12-09T16:22:57-0600 - 8.00 kB
2015-12-10 23:04:55.299+0000 INFO  [o.n.k.i.DiagnosticsManager]   neostore.schemastore.db.id: 2015-12-10T17:04:54-0600 - 9.00 B
2015-12-10 23:04:55.301+0000 INFO  [o.n.k.i.DiagnosticsManager]   neostore.transaction.db.0: 2015-12-09T16:50:52-0600 - 1.52 MB
2015-12-10 23:04:55.303+0000 INFO  [o.n.k.i.DiagnosticsManager]   schema:
2015-12-10 23:04:55.305+0000 INFO  [o.n.k.i.DiagnosticsManager]     label:
2015-12-10 23:04:55.307+0000 INFO  [o.n.k.i.DiagnosticsManager]       lucene:
2015-12-10 23:04:55.310+0000 INFO  [o.n.k.i.DiagnosticsManager]         _3df.cfs: 2015-12-09T16:26:53-0600 - 2.21 kB
2015-12-10 23:04:55.312+0000 INFO  [o.n.k.i.DiagnosticsManager]         segments.gen: 2015-12-09T16:27:58-0600 - 20.00 B
2015-12-10 23:04:55.314+0000 INFO  [o.n.k.i.DiagnosticsManager]         segments_1: 2015-12-09T16:27:58-0600 - 258.00 B
2015-12-10 23:04:55.316+0000 INFO  [o.n.k.i.DiagnosticsManager]         write.lock: 2015-12-10T17:04:54-0600 - 0.00 B
2015-12-10 23:04:55.318+0000 INFO  [o.n.k.i.DiagnosticsManager]       - Total: 2015-12-10T17:04:54-0600 - 2.48 kB
2015-12-10 23:04:55.320+0000 INFO  [o.n.k.i.DiagnosticsManager]     - Total: 2015-12-09T16:22:58-0600 - 2.48 kB
2015-12-10 23:04:55.323+0000 INFO  [o.n.k.i.DiagnosticsManager]   - Total: 2015-12-09T16:22:58-0600 - 2.48 kB
2015-12-10 23:04:55.325+0000 INFO  [o.n.k.i.DiagnosticsManager]   store_lock: 2015-12-09T16:22:55-0600 - 0.00 B
2015-12-10 23:04:55.327+0000 INFO  [o.n.k.i.DiagnosticsManager] --- STARTED diagnostics for KernelDiagnostics:StoreFiles END ---
2015-12-10 23:04:55.337+0000 INFO  [o.n.k.i.DiagnosticsManager] --- SERVER STARTED START ---
2015-12-10 23:04:56.003+0000 INFO  [o.n.k.i.DiagnosticsManager] --- SERVER STARTED END ---
2015-12-11 00:29:35.028+0000 WARN  [o.n.k.i.c.MonitorGc] GC Monitor: Application threads blocked for 247ms.
2015-12-11 01:08:47.224+0000 INFO  [o.n.k.i.f.GraphDatabaseFacade] Shutdown started
2015-12-11 01:08:47.226+0000 INFO  [o.n.k.i.f.CommunityFacadeFactory] Database is now unavailable
2015-12-11 01:08:47.255+0000 INFO  [o.n.k.i.t.l.c.CheckPointerImpl] Check Pointing triggered by database shutdown [4311]:  Starting check pointing...
2015-12-11 01:08:47.258+0000 INFO  [o.n.k.i.t.l.c.CheckPointerImpl] Check Pointing triggered by database shutdown [4311]:  Starting store flush...
2015-12-11 01:08:47.277+0000 INFO  [o.n.k.i.t.l.c.CheckPointerImpl] Check Pointing triggered by database shutdown [4311]:  Store flush completed
2015-12-11 01:08:47.283+0000 INFO  [o.n.k.i.t.l.c.CheckPointerImpl] Check Pointing triggered by database shutdown [4311]:  Starting appending check point entry into the tx log...
2015-12-11 01:08:47.324+0000 INFO  [o.n.k.i.t.l.c.CheckPointerImpl] Check Pointing triggered by database shutdown [4311]:  Appending check point entry into the tx log completed
2015-12-11 01:08:47.330+0000 INFO  [o.n.k.i.t.l.c.CheckPointerImpl] Check Pointing triggered by database shutdown [4311]:  Check pointing completed
2015-12-11 01:08:47.336+0000 INFO  [o.n.k.i.t.l.p.LogPruningImpl] Log Rotation [0]:  Starting log pruning.
2015-12-11 01:08:47.341+0000 INFO  [o.n.k.i.t.l.p.LogPruningImpl] Log Rotation [0]:  Log pruning complete.
2015-12-11 01:08:48.764+0000 INFO  [o.n.k.NeoStoreDataSource] NeoStores closed
2015-12-11 01:08:48.770+0000 INFO  [o.n.k.i.DiagnosticsManager] --- STOPPING diagnostics START ---
2015-12-11 01:08:48.770+0000 INFO  [o.n.k.i.DiagnosticsManager] --- STOPPING diagnostics END ---
