2015-12-11 16:03:09.160+0000 INFO  [o.n.k.i.f.CommunityFacadeFactory] No locking implementation specified, defaulting to 'community'
2015-12-11 16:03:09.160+0000 INFO  [o.n.k.AvailabilityGuard] Requirement makes database unavailable: Database available
2015-12-11 16:03:09.160+0000 INFO  [o.n.k.i.DiagnosticsManager] --- INITIALIZED diagnostics START ---
2015-12-11 16:03:09.160+0000 INFO  [o.n.k.i.DiagnosticsManager] Neo4j Kernel properties:
2015-12-11 16:03:09.160+0000 INFO  [o.n.k.i.DiagnosticsManager] org.neo4j.server.db.tuning.properties=C:\561\10000\10000D1\neo4j.properties
2015-12-11 16:03:09.160+0000 INFO  [o.n.k.i.DiagnosticsManager] org.neo4j.server.database.location=C:\561\10000\10000D1
2015-12-11 16:03:09.160+0000 INFO  [o.n.k.i.DiagnosticsManager] dbms.querylog.filename=data/log/queries.log
2015-12-11 16:03:09.160+0000 INFO  [o.n.k.i.DiagnosticsManager] dbms.security.auth_store.location=C:\561\10000\10000D1\.\dbms\auth
2015-12-11 16:03:09.160+0000 INFO  [o.n.k.i.DiagnosticsManager] dbms.security.tls_certificate_file=C:\561\10000\10000D1\.\dbms\ssl\snakeoil.cert
2015-12-11 16:03:09.160+0000 INFO  [o.n.k.i.DiagnosticsManager] remote_shell_enabled=true
2015-12-11 16:03:09.160+0000 INFO  [o.n.k.i.DiagnosticsManager] edition=Community
2015-12-11 16:03:09.160+0000 INFO  [o.n.k.i.DiagnosticsManager] dbms.security.tls_key_file=C:\561\10000\10000D1\.\dbms\ssl\snakeoil.key
2015-12-11 16:03:09.160+0000 INFO  [o.n.k.i.DiagnosticsManager] Diagnostics providers:
2015-12-11 16:03:09.160+0000 INFO  [o.n.k.i.DiagnosticsManager] org.neo4j.kernel.configuration.Config
2015-12-11 16:03:09.160+0000 INFO  [o.n.k.i.DiagnosticsManager] org.neo4j.kernel.info.DiagnosticsManager
2015-12-11 16:03:09.160+0000 INFO  [o.n.k.i.DiagnosticsManager] SYSTEM_MEMORY
2015-12-11 16:03:09.160+0000 INFO  [o.n.k.i.DiagnosticsManager] JAVA_MEMORY
2015-12-11 16:03:09.160+0000 INFO  [o.n.k.i.DiagnosticsManager] OPERATING_SYSTEM
2015-12-11 16:03:09.160+0000 INFO  [o.n.k.i.DiagnosticsManager] JAVA_VIRTUAL_MACHINE
2015-12-11 16:03:09.160+0000 INFO  [o.n.k.i.DiagnosticsManager] CLASSPATH
2015-12-11 16:03:09.160+0000 INFO  [o.n.k.i.DiagnosticsManager] LIBRARY_PATH
2015-12-11 16:03:09.160+0000 INFO  [o.n.k.i.DiagnosticsManager] SYSTEM_PROPERTIES
2015-12-11 16:03:09.160+0000 INFO  [o.n.k.i.DiagnosticsManager] NETWORK
2015-12-11 16:03:09.160+0000 INFO  [o.n.k.i.DiagnosticsManager] System memory information:
2015-12-11 16:03:09.160+0000 INFO  [o.n.k.i.DiagnosticsManager] Total Physical memory: 3.93 GB
2015-12-11 16:03:09.160+0000 INFO  [o.n.k.i.DiagnosticsManager] Free Physical memory: 2.15 GB
2015-12-11 16:03:09.160+0000 INFO  [o.n.k.i.DiagnosticsManager] Committed virtual memory: 352.52 MB
2015-12-11 16:03:09.160+0000 INFO  [o.n.k.i.DiagnosticsManager] Total swap space: 5.66 GB
2015-12-11 16:03:09.160+0000 INFO  [o.n.k.i.DiagnosticsManager] Free swap space: 3.44 GB
2015-12-11 16:03:09.160+0000 INFO  [o.n.k.i.DiagnosticsManager] JVM memory information:
2015-12-11 16:03:09.160+0000 INFO  [o.n.k.i.DiagnosticsManager] Free  memory: 24.93 MB
2015-12-11 16:03:09.160+0000 INFO  [o.n.k.i.DiagnosticsManager] Total memory: 107.00 MB
2015-12-11 16:03:09.160+0000 INFO  [o.n.k.i.DiagnosticsManager] Max   memory: 894.50 MB
2015-12-11 16:03:09.160+0000 INFO  [o.n.k.i.DiagnosticsManager] Garbage Collector: PS Scavenge: [PS Eden Space, PS Survivor Space]
2015-12-11 16:03:09.160+0000 INFO  [o.n.k.i.DiagnosticsManager] Garbage Collector: PS MarkSweep: [PS Eden Space, PS Survivor Space, PS Old Gen, PS Perm Gen]
2015-12-11 16:03:09.160+0000 INFO  [o.n.k.i.DiagnosticsManager] Memory Pool: Code Cache (Non-heap memory): committed=8.56 MB, used=8.40 MB, max=48.00 MB, threshold=0.00 B
2015-12-11 16:03:09.160+0000 INFO  [o.n.k.i.DiagnosticsManager] Memory Pool: PS Eden Space (Heap memory): committed=28.50 MB, used=17.07 MB, max=334.50 MB, threshold=?
2015-12-11 16:03:09.160+0000 INFO  [o.n.k.i.DiagnosticsManager] Memory Pool: PS Survivor Space (Heap memory): committed=512.00 kB, used=480.00 kB, max=512.00 kB, threshold=?
2015-12-11 16:03:09.160+0000 INFO  [o.n.k.i.DiagnosticsManager] Memory Pool: PS Old Gen (Heap memory): committed=78.00 MB, used=64.53 MB, max=670.50 MB, threshold=0.00 B
2015-12-11 16:03:09.160+0000 INFO  [o.n.k.i.DiagnosticsManager] Memory Pool: PS Perm Gen (Non-heap memory): committed=69.00 MB, used=61.16 MB, max=82.00 MB, threshold=0.00 B
2015-12-11 16:03:09.160+0000 INFO  [o.n.k.i.DiagnosticsManager] Operating system information:
2015-12-11 16:03:09.160+0000 INFO  [o.n.k.i.DiagnosticsManager] Operating System: Windows 8.1; version: 6.3; arch: amd64; cpus: 8
2015-12-11 16:03:09.160+0000 INFO  [o.n.k.i.DiagnosticsManager] Process id: 5816@ATAN-B03-02
2015-12-11 16:03:09.160+0000 INFO  [o.n.k.i.DiagnosticsManager] Byte order: LITTLE_ENDIAN
2015-12-11 16:03:09.160+0000 INFO  [o.n.k.i.DiagnosticsManager] Local timezone: America/Chicago
2015-12-11 16:03:09.160+0000 INFO  [o.n.k.i.DiagnosticsManager] JVM information:
2015-12-11 16:03:09.160+0000 INFO  [o.n.k.i.DiagnosticsManager] VM Name: Java HotSpot(TM) 64-Bit Server VM
2015-12-11 16:03:09.160+0000 INFO  [o.n.k.i.DiagnosticsManager] VM Vendor: Oracle Corporation
2015-12-11 16:03:09.160+0000 INFO  [o.n.k.i.DiagnosticsManager] VM Version: 24.80-b11
2015-12-11 16:03:09.160+0000 INFO  [o.n.k.i.DiagnosticsManager] JIT compiler: HotSpot 64-Bit Tiered Compilers
2015-12-11 16:03:09.160+0000 INFO  [o.n.k.i.DiagnosticsManager] VM Arguments: [-Dexe4j.semaphoreName=Local\c:_program_files_neo4j_ce_2.3.1_bin_neo4j-ce.exe, -Dexe4j.isInstall4j=true, -Dexe4j.moduleName=C:\Program Files\Neo4j CE 2.3.1\bin\neo4j-ce.exe, -Dexe4j.tempDir=, -Dexe4j.unextractedPosition=0, -Djava.library.path=C:\Program Files (x86)\AMD APP\bin\x86_64;C:\Program Files (x86)\AMD APP\bin\x86;C:\ProgramData\Oracle\Java\javapath;C:\Windows\system32;C:\Windows;C:\Windows\System32\Wbem;C:\Windows\System32\WindowsPowerShell\v1.0\;C:\Program Files (x86)\MiKTeX 2.9\miktex\bin\;C:\Program Files\TortoiseSVN\bin;C:\Windows\system32\config\systemprofile\.dnx\bin;C:\Program Files\Microsoft DNX\Dnvm\;C:\Program Files\MATLAB\R2015b\runtime\win64;C:\Program Files\MATLAB\R2015b\bin;C:\Program Files (x86)\ATI Technologies\ATI.ACE\Core-Static;c:\program files\neo4j ce 2.3.1\jre\bin, -Dexe4j.consoleCodepage=cp0, -Dinstall4j.launcherId=24, -Dinstall4j.swt=false]
2015-12-11 16:03:09.160+0000 INFO  [o.n.k.i.DiagnosticsManager] Java classpath:
2015-12-11 16:03:09.160+0000 INFO  [o.n.k.i.DiagnosticsManager]  [loader.1] file:/C:/Program%20Files/Neo4j%20CE%202.3.1/jre/lib/ext/dnsns.jar
2015-12-11 16:03:09.160+0000 INFO  [o.n.k.i.DiagnosticsManager]  [loader.0] file:/C:/Program%20Files/Neo4j%20CE%202.3.1/bin/
2015-12-11 16:03:09.160+0000 INFO  [o.n.k.i.DiagnosticsManager]  [bootstrap] C:\Program Files\Neo4j CE 2.3.1\jre\lib\resources.jar
2015-12-11 16:03:09.160+0000 INFO  [o.n.k.i.DiagnosticsManager]  [bootstrap] C:\Program Files\Neo4j CE 2.3.1\jre\lib\jfr.jar
2015-12-11 16:03:09.160+0000 INFO  [o.n.k.i.DiagnosticsManager]  [classpath] C:\Program Files\Neo4j CE 2.3.1\.install4j\i4jruntime.jar
2015-12-11 16:03:09.160+0000 INFO  [o.n.k.i.DiagnosticsManager]  [loader.1] file:/C:/Program%20Files/Neo4j%20CE%202.3.1/jre/lib/ext/sunmscapi.jar
2015-12-11 16:03:09.160+0000 INFO  [o.n.k.i.DiagnosticsManager]  [bootstrap] C:\Program Files\Neo4j CE 2.3.1\jre\lib\jsse.jar
2015-12-11 16:03:09.160+0000 INFO  [o.n.k.i.DiagnosticsManager]  [loader.1] file:/C:/Program%20Files/Neo4j%20CE%202.3.1/jre/lib/ext/dns_sd.jar
2015-12-11 16:03:09.160+0000 INFO  [o.n.k.i.DiagnosticsManager]  [loader.0] file:/C:/Program%20Files/Neo4j%20CE%202.3.1/.install4j/i4jruntime.jar
2015-12-11 16:03:09.160+0000 INFO  [o.n.k.i.DiagnosticsManager]  [loader.0] file:/C:/Program%20Files/Neo4j%20CE%202.3.1/bin/neo4j-desktop-2.3.1.jar
2015-12-11 16:03:09.160+0000 INFO  [o.n.k.i.DiagnosticsManager]  [loader.1] file:/C:/Program%20Files/Neo4j%20CE%202.3.1/jre/lib/ext/access-bridge-64.jar
2015-12-11 16:03:09.160+0000 INFO  [o.n.k.i.DiagnosticsManager]  [loader.1] file:/C:/Program%20Files/Neo4j%20CE%202.3.1/jre/lib/ext/localedata.jar
2015-12-11 16:03:09.160+0000 INFO  [o.n.k.i.DiagnosticsManager]  [bootstrap] C:\Program Files\Neo4j CE 2.3.1\jre\lib\sunrsasign.jar
2015-12-11 16:03:09.160+0000 INFO  [o.n.k.i.DiagnosticsManager]  [bootstrap] C:\Program Files\Neo4j CE 2.3.1\jre\lib\jce.jar
2015-12-11 16:03:09.160+0000 INFO  [o.n.k.i.DiagnosticsManager]  [bootstrap] C:\Program Files\Neo4j CE 2.3.1\jre\lib\rt.jar
2015-12-11 16:03:09.160+0000 INFO  [o.n.k.i.DiagnosticsManager]  [bootstrap] C:\Program Files\Neo4j CE 2.3.1\jre\lib\charsets.jar
2015-12-11 16:03:09.160+0000 INFO  [o.n.k.i.DiagnosticsManager]  [loader.1] file:/C:/Program%20Files/Neo4j%20CE%202.3.1/jre/lib/ext/sunjce_provider.jar
2015-12-11 16:03:09.160+0000 INFO  [o.n.k.i.DiagnosticsManager]  [bootstrap] C:\Program Files\Neo4j CE 2.3.1\jre\classes
2015-12-11 16:03:09.160+0000 INFO  [o.n.k.i.DiagnosticsManager]  [loader.1] file:/C:/Program%20Files/Neo4j%20CE%202.3.1/jre/lib/ext/zipfs.jar
2015-12-11 16:03:09.160+0000 INFO  [o.n.k.i.DiagnosticsManager]  [loader.1] file:/C:/Program%20Files/Neo4j%20CE%202.3.1/jre/lib/ext/jaccess.jar
2015-12-11 16:03:09.160+0000 INFO  [o.n.k.i.DiagnosticsManager]  [loader.1] file:/C:/Program%20Files/Neo4j%20CE%202.3.1/jre/lib/ext/sunec.jar
2015-12-11 16:03:09.160+0000 INFO  [o.n.k.i.DiagnosticsManager]  [classpath] C:\Program Files\Neo4j CE 2.3.1\bin\neo4j-desktop-2.3.1.jar
2015-12-11 16:03:09.160+0000 INFO  [o.n.k.i.DiagnosticsManager] Library path:
2015-12-11 16:03:09.160+0000 INFO  [o.n.k.i.DiagnosticsManager] C:\Program Files (x86)\AMD APP\bin\x86_64
2015-12-11 16:03:09.160+0000 INFO  [o.n.k.i.DiagnosticsManager] C:\Program Files (x86)\AMD APP\bin\x86
2015-12-11 16:03:09.160+0000 INFO  [o.n.k.i.DiagnosticsManager] C:\ProgramData\Oracle\Java\javapath
2015-12-11 16:03:09.160+0000 INFO  [o.n.k.i.DiagnosticsManager] C:\Windows\System32
2015-12-11 16:03:09.160+0000 INFO  [o.n.k.i.DiagnosticsManager] C:\Windows
2015-12-11 16:03:09.160+0000 INFO  [o.n.k.i.DiagnosticsManager] C:\Windows\System32\wbem
2015-12-11 16:03:09.160+0000 INFO  [o.n.k.i.DiagnosticsManager] C:\Windows\System32\WindowsPowerShell\v1.0
2015-12-11 16:03:09.160+0000 INFO  [o.n.k.i.DiagnosticsManager] C:\Program Files (x86)\MiKTeX 2.9\miktex\bin
2015-12-11 16:03:09.160+0000 INFO  [o.n.k.i.DiagnosticsManager] C:\Program Files\TortoiseSVN\bin
2015-12-11 16:03:09.160+0000 INFO  [o.n.k.i.DiagnosticsManager] C:\Windows\System32\config\systemprofile\.dnx\bin
2015-12-11 16:03:09.160+0000 INFO  [o.n.k.i.DiagnosticsManager] C:\Program Files\Microsoft DNX\Dnvm
2015-12-11 16:03:09.160+0000 INFO  [o.n.k.i.DiagnosticsManager] C:\Program Files\MATLAB\R2015b\runtime\win64
2015-12-11 16:03:09.160+0000 INFO  [o.n.k.i.DiagnosticsManager] C:\Program Files\MATLAB\R2015b\bin
2015-12-11 16:03:09.176+0000 INFO  [o.n.k.i.DiagnosticsManager] C:\Program Files (x86)\ATI Technologies\ATI.ACE\Core-Static
2015-12-11 16:03:09.176+0000 INFO  [o.n.k.i.DiagnosticsManager] C:\Program Files\Neo4j CE 2.3.1\jre\bin
2015-12-11 16:03:09.176+0000 INFO  [o.n.k.i.DiagnosticsManager] System.properties:
2015-12-11 16:03:09.176+0000 INFO  [o.n.k.i.DiagnosticsManager] exe4j.moduleName = C:\Program Files\Neo4j CE 2.3.1\bin\neo4j-ce.exe
2015-12-11 16:03:09.176+0000 INFO  [o.n.k.i.DiagnosticsManager] exe4j.semaphoreName = Local\c:_program_files_neo4j_ce_2.3.1_bin_neo4j-ce.exe
2015-12-11 16:03:09.176+0000 INFO  [o.n.k.i.DiagnosticsManager] sun.boot.library.path = c:\program files\neo4j ce 2.3.1\jre\bin
2015-12-11 16:03:09.176+0000 INFO  [o.n.k.i.DiagnosticsManager] exe4j.consoleCodepage = cp0
2015-12-11 16:03:09.176+0000 INFO  [o.n.k.i.DiagnosticsManager] path.separator = ;
2015-12-11 16:03:09.176+0000 INFO  [o.n.k.i.DiagnosticsManager] file.encoding.pkg = sun.io
2015-12-11 16:03:09.176+0000 INFO  [o.n.k.i.DiagnosticsManager] user.country = US
2015-12-11 16:03:09.176+0000 INFO  [o.n.k.i.DiagnosticsManager] user.script = 
2015-12-11 16:03:09.176+0000 INFO  [o.n.k.i.DiagnosticsManager] sun.os.patch.level = 
2015-12-11 16:03:09.176+0000 INFO  [o.n.k.i.DiagnosticsManager] install4j.exeDir = C:\Program Files\Neo4j CE 2.3.1\bin\
2015-12-11 16:03:09.176+0000 INFO  [o.n.k.i.DiagnosticsManager] user.dir = C:\Program Files\Neo4j CE 2.3.1\bin
2015-12-11 16:03:09.176+0000 INFO  [o.n.k.i.DiagnosticsManager] neo4j.ext.udc.source = desktop
2015-12-11 16:03:09.176+0000 INFO  [o.n.k.i.DiagnosticsManager] user.variant = 
2015-12-11 16:03:09.176+0000 INFO  [o.n.k.i.DiagnosticsManager] exe4j.tempDir = 
2015-12-11 16:03:09.176+0000 INFO  [o.n.k.i.DiagnosticsManager] sun.jnu.encoding = Cp1252
2015-12-11 16:03:09.176+0000 INFO  [o.n.k.i.DiagnosticsManager] sun.awt.enableExtraMouseButtons = true
2015-12-11 16:03:09.176+0000 INFO  [o.n.k.i.DiagnosticsManager] install4j.launcherId = 24
2015-12-11 16:03:09.176+0000 INFO  [o.n.k.i.DiagnosticsManager] sun.management.compiler = HotSpot 64-Bit Tiered Compilers
2015-12-11 16:03:09.176+0000 INFO  [o.n.k.i.DiagnosticsManager] exe4j.isInstall4j = true
2015-12-11 16:03:09.176+0000 INFO  [o.n.k.i.DiagnosticsManager] install4j.swt = false
2015-12-11 16:03:09.176+0000 INFO  [o.n.k.i.DiagnosticsManager] user.home = C:\Users\cez
2015-12-11 16:03:09.176+0000 INFO  [o.n.k.i.DiagnosticsManager] user.timezone = America/Chicago
2015-12-11 16:03:09.176+0000 INFO  [o.n.k.i.DiagnosticsManager] file.encoding = Cp1252
2015-12-11 16:03:09.176+0000 INFO  [o.n.k.i.DiagnosticsManager] user.name = cez
2015-12-11 16:03:09.176+0000 INFO  [o.n.k.i.DiagnosticsManager] sun.java.command = C:\Program Files\Neo4j CE 2.3.1\bin\neo4j-ce.exe
2015-12-11 16:03:09.176+0000 INFO  [o.n.k.i.DiagnosticsManager] sun.arch.data.model = 64
2015-12-11 16:03:09.176+0000 INFO  [o.n.k.i.DiagnosticsManager] exe4j.launchName = C:\Program Files\Neo4j CE 2.3.1\bin\neo4j-ce.exe
2015-12-11 16:03:09.176+0000 INFO  [o.n.k.i.DiagnosticsManager] user.language = en
2015-12-11 16:03:09.176+0000 INFO  [o.n.k.i.DiagnosticsManager] awt.toolkit = sun.awt.windows.WToolkit
2015-12-11 16:03:09.176+0000 INFO  [o.n.k.i.DiagnosticsManager] exe4j.unextractedPosition = 0
2015-12-11 16:03:09.176+0000 INFO  [o.n.k.i.DiagnosticsManager] install4j.appDir = C:\Program Files\Neo4j CE 2.3.1\
2015-12-11 16:03:09.176+0000 INFO  [o.n.k.i.DiagnosticsManager] file.separator = \
2015-12-11 16:03:09.176+0000 INFO  [o.n.k.i.DiagnosticsManager] sun.io.unicode.encoding = UnicodeLittle
2015-12-11 16:03:09.176+0000 INFO  [o.n.k.i.DiagnosticsManager] sun.cpu.endian = little
2015-12-11 16:03:09.176+0000 INFO  [o.n.k.i.DiagnosticsManager] sun.desktop = windows
2015-12-11 16:03:09.176+0000 INFO  [o.n.k.i.DiagnosticsManager] sun.cpu.isalist = amd64
2015-12-11 16:03:09.176+0000 INFO  [o.n.k.i.DiagnosticsManager] Network information:
2015-12-11 16:03:09.176+0000 INFO  [o.n.k.i.DiagnosticsManager] Interface Software Loopback Interface 1:
2015-12-11 16:03:09.176+0000 INFO  [o.n.k.i.DiagnosticsManager]     address: 127.0.0.1
2015-12-11 16:03:09.176+0000 INFO  [o.n.k.i.DiagnosticsManager]     address: 0:0:0:0:0:0:0:1
2015-12-11 16:03:09.176+0000 INFO  [o.n.k.i.DiagnosticsManager] Interface Microsoft Kernel Debug Network Adapter:
2015-12-11 16:03:09.176+0000 INFO  [o.n.k.i.DiagnosticsManager] Interface Intel(R) 82578DM Gigabit Network Connection:
2015-12-11 16:03:09.176+0000 INFO  [o.n.k.i.DiagnosticsManager]     address: 10.24.47.166
2015-12-11 16:03:09.176+0000 INFO  [o.n.k.i.DiagnosticsManager]     address: 2610:130:101:d00:4493:c16:efa9:8b55
2015-12-11 16:03:09.176+0000 INFO  [o.n.k.i.DiagnosticsManager]     address: 2610:130:101:d00:920:e15d:79eb:345b
2015-12-11 16:03:09.176+0000 INFO  [o.n.k.i.DiagnosticsManager]     address: 2610:130:101:d00:a502:b02c:1a2d:577b
2015-12-11 16:03:09.176+0000 INFO  [o.n.k.i.DiagnosticsManager]     address: fe80:0:0:0:4493:c16:efa9:8b55%3
2015-12-11 16:03:09.176+0000 INFO  [o.n.k.i.DiagnosticsManager] Interface Microsoft ISATAP Adapter:
2015-12-11 16:03:09.176+0000 INFO  [o.n.k.i.DiagnosticsManager]     address: fe80:0:0:0:0:5efe:c0a8:3801%4
2015-12-11 16:03:09.176+0000 INFO  [o.n.k.i.DiagnosticsManager] Interface Teredo Tunneling Pseudo-Interface:
2015-12-11 16:03:09.176+0000 INFO  [o.n.k.i.DiagnosticsManager] Interface Microsoft ISATAP Adapter #2:
2015-12-11 16:03:09.176+0000 INFO  [o.n.k.i.DiagnosticsManager]     address: fe80:0:0:0:0:5efe:a18:2fa6%6
2015-12-11 16:03:09.176+0000 INFO  [o.n.k.i.DiagnosticsManager] Interface VirtualBox Host-Only Ethernet Adapter:
2015-12-11 16:03:09.176+0000 INFO  [o.n.k.i.DiagnosticsManager]     address: 192.168.56.1
2015-12-11 16:03:09.176+0000 INFO  [o.n.k.i.DiagnosticsManager]     address: fe80:0:0:0:4133:2d33:29c2:6efa%7
2015-12-11 16:03:09.176+0000 INFO  [o.n.k.i.DiagnosticsManager] Interface Microsoft ISATAP Adapter #3:
2015-12-11 16:03:09.176+0000 INFO  [o.n.k.i.DiagnosticsManager] Interface VirtualBox Host-Only Ethernet Adapter-WFP Native MAC Layer LightWeight Filter-0000:
2015-12-11 16:03:09.176+0000 INFO  [o.n.k.i.DiagnosticsManager] Interface VirtualBox Host-Only Ethernet Adapter-VirtualBox NDIS Light-Weight Filter-0000:
2015-12-11 16:03:09.176+0000 INFO  [o.n.k.i.DiagnosticsManager] Interface VirtualBox Host-Only Ethernet Adapter-QoS Packet Scheduler-0000:
2015-12-11 16:03:09.176+0000 INFO  [o.n.k.i.DiagnosticsManager] Interface VirtualBox Host-Only Ethernet Adapter-WFP 802.3 MAC Layer LightWeight Filter-0000:
2015-12-11 16:03:09.176+0000 INFO  [o.n.k.i.DiagnosticsManager] Interface Intel(R) 82578DM Gigabit Network Connection-WFP Native MAC Layer LightWeight Filter-0000:
2015-12-11 16:03:09.176+0000 INFO  [o.n.k.i.DiagnosticsManager] Interface Intel(R) 82578DM Gigabit Network Connection-VirtualBox NDIS Light-Weight Filter-0000:
2015-12-11 16:03:09.176+0000 INFO  [o.n.k.i.DiagnosticsManager] Interface Intel(R) 82578DM Gigabit Network Connection-QoS Packet Scheduler-0000:
2015-12-11 16:03:09.176+0000 INFO  [o.n.k.i.DiagnosticsManager] Interface Intel(R) 82578DM Gigabit Network Connection-WFP 802.3 MAC Layer LightWeight Filter-0000:
2015-12-11 16:03:09.176+0000 INFO  [o.n.k.i.DiagnosticsManager] --- INITIALIZED diagnostics END ---
2015-12-11 16:03:11.910+0000 INFO  [o.n.k.a.i.i.LuceneLabelScanStore] No lucene scan store index found, this might just be first use. Preparing to rebuild.
2015-12-11 16:03:11.910+0000 INFO  [o.n.k.NeoStoreDataSource] Opened logical log [C:\561\10000\10000D1\neostore.transaction.db.0] version=0, lastTxId=1 (clean)
2015-12-11 16:03:11.910+0000 WARN  [o.n.k.i.s.MetaDataStore] Missing counts store, rebuilding it.
2015-12-11 16:03:12.004+0000 INFO  [o.n.k.a.i.i.LuceneLabelScanStore] Rebuilding lucene scan store, this may take a while
2015-12-11 16:03:12.004+0000 INFO  [o.n.k.a.i.i.LuceneLabelScanStore] Lucene scan store rebuilt (roughly -1 nodes)
2015-12-11 16:03:12.004+0000 INFO  [o.n.k.KernelHealth] Kernel health set to OK
2015-12-11 16:03:12.020+0000 INFO  [o.n.k.AvailabilityGuard] Fulfilling of requirement makes database available: Database available
2015-12-11 16:03:12.020+0000 INFO  [o.n.k.i.f.CommunityFacadeFactory] Database is now ready
2015-12-11 16:03:12.020+0000 INFO  [o.n.k.i.DiagnosticsManager] --- STARTED diagnostics for KernelDiagnostics:Versions START ---
2015-12-11 16:03:12.035+0000 INFO  [o.n.k.i.DiagnosticsManager] Graph Database: Community StoreId{creationTime=1449849791832, randomId=-2853186365366494878, storeVersion=15250506225055238, upgradeTime=1449849791832, upgradeId=1}
2015-12-11 16:03:12.035+0000 INFO  [o.n.k.i.DiagnosticsManager] Kernel version: 2.3.1
2015-12-11 16:03:12.035+0000 INFO  [o.n.k.i.DiagnosticsManager] --- STARTED diagnostics for KernelDiagnostics:Versions END ---
2015-12-11 16:03:12.035+0000 INFO  [o.n.k.i.DiagnosticsManager] --- STARTED diagnostics for NEO_STORE_VERSIONS START ---
2015-12-11 16:03:12.035+0000 INFO  [o.n.k.i.DiagnosticsManager] Store versions:
2015-12-11 16:03:12.035+0000 INFO  [o.n.k.i.DiagnosticsManager] Store versions:
2015-12-11 16:03:12.035+0000 INFO  [o.n.k.i.DiagnosticsManager] ArrayPropertyStore v0.A.6
2015-12-11 16:03:12.051+0000 INFO  [o.n.k.i.DiagnosticsManager] NodeStore v0.A.6
2015-12-11 16:03:12.051+0000 INFO  [o.n.k.i.DiagnosticsManager] StringPropertyStore v0.A.6
2015-12-11 16:03:12.051+0000 INFO  [o.n.k.i.DiagnosticsManager] PropertyIndexStore v0.A.6
2015-12-11 16:03:12.051+0000 INFO  [o.n.k.i.DiagnosticsManager] StringPropertyStore v0.A.6
2015-12-11 16:03:12.051+0000 INFO  [o.n.k.i.DiagnosticsManager] ArrayPropertyStore v0.A.6
2015-12-11 16:03:12.051+0000 INFO  [o.n.k.i.DiagnosticsManager] PropertyStore v0.A.6
2015-12-11 16:03:12.067+0000 INFO  [o.n.k.i.DiagnosticsManager] RelationshipStore v0.A.6
2015-12-11 16:03:12.067+0000 INFO  [o.n.k.i.DiagnosticsManager] StringPropertyStore v0.A.6
2015-12-11 16:03:12.067+0000 INFO  [o.n.k.i.DiagnosticsManager] RelationshipTypeStore v0.A.6
2015-12-11 16:03:12.067+0000 INFO  [o.n.k.i.DiagnosticsManager] StringPropertyStore v0.A.6
2015-12-11 16:03:12.067+0000 INFO  [o.n.k.i.DiagnosticsManager] LabelTokenStore v0.A.6
2015-12-11 16:03:12.067+0000 INFO  [o.n.k.i.DiagnosticsManager] SchemaStore v0.A.6
2015-12-11 16:03:12.082+0000 INFO  [o.n.k.i.DiagnosticsManager] RelationshipGroupStore v0.A.6
2015-12-11 16:03:12.082+0000 INFO  [o.n.k.i.DiagnosticsManager] NeoStore v0.A.6
2015-12-11 16:03:12.082+0000 INFO  [o.n.k.i.DiagnosticsManager] --- STARTED diagnostics for NEO_STORE_VERSIONS END ---
2015-12-11 16:03:12.082+0000 INFO  [o.n.k.i.DiagnosticsManager] --- STARTED diagnostics for NEO_STORE_ID_USAGE START ---
2015-12-11 16:03:12.082+0000 INFO  [o.n.k.i.DiagnosticsManager] Id usage:
2015-12-11 16:03:12.082+0000 INFO  [o.n.k.i.DiagnosticsManager] Id usage:
2015-12-11 16:03:12.082+0000 INFO  [o.n.k.i.DiagnosticsManager]   ArrayPropertyStore v0.A.6: used=1 high=0
2015-12-11 16:03:12.098+0000 INFO  [o.n.k.i.DiagnosticsManager]   NodeStore v0.A.6: used=0 high=-1
2015-12-11 16:03:12.098+0000 INFO  [o.n.k.i.DiagnosticsManager]   StringPropertyStore v0.A.6: used=1 high=0
2015-12-11 16:03:12.098+0000 INFO  [o.n.k.i.DiagnosticsManager]   PropertyIndexStore v0.A.6: used=0 high=-1
2015-12-11 16:03:12.098+0000 INFO  [o.n.k.i.DiagnosticsManager]   StringPropertyStore v0.A.6: used=1 high=0
2015-12-11 16:03:12.098+0000 INFO  [o.n.k.i.DiagnosticsManager]   ArrayPropertyStore v0.A.6: used=1 high=0
2015-12-11 16:03:12.098+0000 INFO  [o.n.k.i.DiagnosticsManager]   PropertyStore v0.A.6: used=0 high=-1
2015-12-11 16:03:12.113+0000 INFO  [o.n.k.i.DiagnosticsManager]   RelationshipStore v0.A.6: used=0 high=-1
2015-12-11 16:03:12.113+0000 INFO  [o.n.k.i.DiagnosticsManager]   StringPropertyStore v0.A.6: used=1 high=0
2015-12-11 16:03:12.113+0000 INFO  [o.n.k.i.DiagnosticsManager]   RelationshipTypeStore v0.A.6: used=0 high=-1
2015-12-11 16:03:12.113+0000 INFO  [o.n.k.i.DiagnosticsManager]   StringPropertyStore v0.A.6: used=1 high=0
2015-12-11 16:03:12.113+0000 INFO  [o.n.k.i.DiagnosticsManager]   LabelTokenStore v0.A.6: used=0 high=-1
2015-12-11 16:03:12.113+0000 INFO  [o.n.k.i.DiagnosticsManager]   SchemaStore v0.A.6: used=1 high=0
2015-12-11 16:03:12.129+0000 INFO  [o.n.k.i.DiagnosticsManager]   RelationshipGroupStore v0.A.6: used=1 high=0
2015-12-11 16:03:12.129+0000 INFO  [o.n.k.i.DiagnosticsManager]   NeoStore v0.A.6: used=13 high=12
2015-12-11 16:03:12.129+0000 INFO  [o.n.k.i.DiagnosticsManager] --- STARTED diagnostics for NEO_STORE_ID_USAGE END ---
2015-12-11 16:03:12.129+0000 INFO  [o.n.k.i.DiagnosticsManager] --- STARTED diagnostics for NEO_STORE_RECORDS START ---
2015-12-11 16:03:12.129+0000 INFO  [o.n.k.i.DiagnosticsManager] Neostore records:
2015-12-11 16:03:12.129+0000 INFO  [o.n.k.i.DiagnosticsManager] TIME (Creation time): 1449849791832
2015-12-11 16:03:12.145+0000 INFO  [o.n.k.i.DiagnosticsManager] RANDOM_NUMBER (Random number for store id): -2853186365366494878
2015-12-11 16:03:12.145+0000 INFO  [o.n.k.i.DiagnosticsManager] LOG_VERSION (Current log version): 0
2015-12-11 16:03:12.145+0000 INFO  [o.n.k.i.DiagnosticsManager] LAST_TRANSACTION_ID (Last committed transaction): 1
2015-12-11 16:03:12.145+0000 INFO  [o.n.k.i.DiagnosticsManager] STORE_VERSION (Store format version): 15250506225055238
2015-12-11 16:03:12.145+0000 INFO  [o.n.k.i.DiagnosticsManager] FIRST_GRAPH_PROPERTY (First property record containing graph properties): -1
2015-12-11 16:03:12.145+0000 INFO  [o.n.k.i.DiagnosticsManager] LAST_CONSTRAINT_TRANSACTION (Last committed transaction containing constraint changes): 0
2015-12-11 16:03:12.145+0000 INFO  [o.n.k.i.DiagnosticsManager] UPGRADE_TRANSACTION_ID (Transaction id most recent upgrade was performed at): 1
2015-12-11 16:03:12.160+0000 INFO  [o.n.k.i.DiagnosticsManager] UPGRADE_TIME (Time of last upgrade): 1449849791832
2015-12-11 16:03:12.160+0000 INFO  [o.n.k.i.DiagnosticsManager] LAST_TRANSACTION_CHECKSUM (Checksum of last committed transaction): 0
2015-12-11 16:03:12.160+0000 INFO  [o.n.k.i.DiagnosticsManager] UPGRADE_TRANSACTION_CHECKSUM (Checksum of transaction id the most recent upgrade was performed at): 0
2015-12-11 16:03:12.160+0000 INFO  [o.n.k.i.DiagnosticsManager] LAST_CLOSED_TRANSACTION_LOG_VERSION (Log version where the last transaction commit entry has been written into): 0
2015-12-11 16:03:12.160+0000 INFO  [o.n.k.i.DiagnosticsManager] LAST_CLOSED_TRANSACTION_LOG_BYTE_OFFSET (Byte offset in the log file where the last transaction commit entry has been written into): 16
2015-12-11 16:03:12.160+0000 INFO  [o.n.k.i.DiagnosticsManager] --- STARTED diagnostics for NEO_STORE_RECORDS END ---
2015-12-11 16:03:12.176+0000 INFO  [o.n.k.i.DiagnosticsManager] --- STARTED diagnostics for TRANSACTION_RANGE START ---
2015-12-11 16:03:12.176+0000 INFO  [o.n.k.i.DiagnosticsManager] Transaction log:
2015-12-11 16:03:12.176+0000 INFO  [o.n.k.i.DiagnosticsManager] No transactions found in any log
2015-12-11 16:03:12.176+0000 INFO  [o.n.k.i.DiagnosticsManager] --- STARTED diagnostics for TRANSACTION_RANGE END ---
2015-12-11 16:03:12.176+0000 INFO  [o.n.k.i.DiagnosticsManager] --- STARTED diagnostics for KernelDiagnostics:StoreFiles START ---
2015-12-11 16:03:12.192+0000 INFO  [o.n.k.i.DiagnosticsManager] Disk space on partition (Total / Free / Free %): 499738734592 / 398008827904 / 79
Storage files: (filename : modification date - size)
2015-12-11 16:03:12.192+0000 INFO  [o.n.k.i.DiagnosticsManager]   dbms:
2015-12-11 16:03:12.192+0000 INFO  [o.n.k.i.DiagnosticsManager]     ssl:
2015-12-11 16:03:12.192+0000 INFO  [o.n.k.i.DiagnosticsManager]       snakeoil.cert: 2015-12-11T10:03:09-0600 - 630.00 B
2015-12-11 16:03:12.192+0000 INFO  [o.n.k.i.DiagnosticsManager]       snakeoil.key: 2015-12-11T10:03:09-0600 - 914.00 B
2015-12-11 16:03:12.192+0000 INFO  [o.n.k.i.DiagnosticsManager]     - Total: 2015-12-11T10:03:09-0600 - 1.51 kB
2015-12-11 16:03:12.207+0000 INFO  [o.n.k.i.DiagnosticsManager]   - Total: 2015-12-11T10:03:09-0600 - 1.51 kB
2015-12-11 16:03:12.207+0000 INFO  [o.n.k.i.DiagnosticsManager]   index:
2015-12-11 16:03:12.207+0000 INFO  [o.n.k.i.DiagnosticsManager]   - Total: 2015-12-11T10:03:11-0600 - 0.00 B
2015-12-11 16:03:12.207+0000 INFO  [o.n.k.i.DiagnosticsManager]   messages.log: 2015-12-11T10:03:11-0600 - 26.53 kB
2015-12-11 16:03:12.207+0000 INFO  [o.n.k.i.DiagnosticsManager]   neo4j.properties: 2015-12-11T10:03:09-0600 - 1.30 kB
2015-12-11 16:03:12.238+0000 INFO  [o.n.k.i.DiagnosticsManager]   neostore: 2015-12-11T10:03:11-0600 - 8.00 kB
2015-12-11 16:03:12.238+0000 INFO  [o.n.k.i.DiagnosticsManager]   neostore.counts.db.a: 2015-12-11T10:03:12-0600 - 96.00 B
2015-12-11 16:03:12.238+0000 INFO  [o.n.k.i.DiagnosticsManager]   neostore.id: 2015-12-11T10:03:11-0600 - 9.00 B
2015-12-11 16:03:12.238+0000 INFO  [o.n.k.i.DiagnosticsManager]   neostore.labeltokenstore.db: 2015-12-11T10:03:11-0600 - 0.00 B
2015-12-11 16:03:12.238+0000 INFO  [o.n.k.i.DiagnosticsManager]   neostore.labeltokenstore.db.id: 2015-12-11T10:03:11-0600 - 9.00 B
2015-12-11 16:03:12.238+0000 INFO  [o.n.k.i.DiagnosticsManager]   neostore.labeltokenstore.db.names: 2015-12-11T10:03:11-0600 - 8.00 kB
2015-12-11 16:03:12.254+0000 INFO  [o.n.k.i.DiagnosticsManager]   neostore.labeltokenstore.db.names.id: 2015-12-11T10:03:11-0600 - 9.00 B
2015-12-11 16:03:12.254+0000 INFO  [o.n.k.i.DiagnosticsManager]   neostore.nodestore.db: 2015-12-11T10:03:09-0600 - 0.00 B
2015-12-11 16:03:12.254+0000 INFO  [o.n.k.i.DiagnosticsManager]   neostore.nodestore.db.id: 2015-12-11T10:03:09-0600 - 9.00 B
2015-12-11 16:03:12.254+0000 INFO  [o.n.k.i.DiagnosticsManager]   neostore.nodestore.db.labels: 2015-12-11T10:03:09-0600 - 8.00 kB
2015-12-11 16:03:12.254+0000 INFO  [o.n.k.i.DiagnosticsManager]   neostore.nodestore.db.labels.id: 2015-12-11T10:03:09-0600 - 9.00 B
2015-12-11 16:03:12.254+0000 INFO  [o.n.k.i.DiagnosticsManager]   neostore.propertystore.db: 2015-12-11T10:03:10-0600 - 0.00 B
2015-12-11 16:03:12.254+0000 INFO  [o.n.k.i.DiagnosticsManager]   neostore.propertystore.db.arrays: 2015-12-11T10:03:10-0600 - 8.00 kB
2015-12-11 16:03:12.270+0000 INFO  [o.n.k.i.DiagnosticsManager]   neostore.propertystore.db.arrays.id: 2015-12-11T10:03:10-0600 - 9.00 B
2015-12-11 16:03:12.270+0000 INFO  [o.n.k.i.DiagnosticsManager]   neostore.propertystore.db.id: 2015-12-11T10:03:10-0600 - 9.00 B
2015-12-11 16:03:12.270+0000 INFO  [o.n.k.i.DiagnosticsManager]   neostore.propertystore.db.index: 2015-12-11T10:03:09-0600 - 0.00 B
2015-12-11 16:03:12.270+0000 INFO  [o.n.k.i.DiagnosticsManager]   neostore.propertystore.db.index.id: 2015-12-11T10:03:09-0600 - 9.00 B
2015-12-11 16:03:12.270+0000 INFO  [o.n.k.i.DiagnosticsManager]   neostore.propertystore.db.index.keys: 2015-12-11T10:03:09-0600 - 8.00 kB
2015-12-11 16:03:12.270+0000 INFO  [o.n.k.i.DiagnosticsManager]   neostore.propertystore.db.index.keys.id: 2015-12-11T10:03:09-0600 - 9.00 B
2015-12-11 16:03:12.270+0000 INFO  [o.n.k.i.DiagnosticsManager]   neostore.propertystore.db.strings: 2015-12-11T10:03:10-0600 - 8.00 kB
2015-12-11 16:03:12.285+0000 INFO  [o.n.k.i.DiagnosticsManager]   neostore.propertystore.db.strings.id: 2015-12-11T10:03:10-0600 - 9.00 B
2015-12-11 16:03:12.285+0000 INFO  [o.n.k.i.DiagnosticsManager]   neostore.relationshipgroupstore.db: 2015-12-11T10:03:11-0600 - 8.00 kB
2015-12-11 16:03:12.285+0000 INFO  [o.n.k.i.DiagnosticsManager]   neostore.relationshipgroupstore.db.id: 2015-12-11T10:03:11-0600 - 9.00 B
2015-12-11 16:03:12.285+0000 INFO  [o.n.k.i.DiagnosticsManager]   neostore.relationshipstore.db: 2015-12-11T10:03:10-0600 - 0.00 B
2015-12-11 16:03:12.285+0000 INFO  [o.n.k.i.DiagnosticsManager]   neostore.relationshipstore.db.id: 2015-12-11T10:03:10-0600 - 9.00 B
2015-12-11 16:03:12.285+0000 INFO  [o.n.k.i.DiagnosticsManager]   neostore.relationshiptypestore.db: 2015-12-11T10:03:10-0600 - 0.00 B
2015-12-11 16:03:12.301+0000 INFO  [o.n.k.i.DiagnosticsManager]   neostore.relationshiptypestore.db.id: 2015-12-11T10:03:10-0600 - 9.00 B
2015-12-11 16:03:12.301+0000 INFO  [o.n.k.i.DiagnosticsManager]   neostore.relationshiptypestore.db.names: 2015-12-11T10:03:10-0600 - 8.00 kB
2015-12-11 16:03:12.301+0000 INFO  [o.n.k.i.DiagnosticsManager]   neostore.relationshiptypestore.db.names.id: 2015-12-11T10:03:10-0600 - 9.00 B
2015-12-11 16:03:12.301+0000 INFO  [o.n.k.i.DiagnosticsManager]   neostore.schemastore.db: 2015-12-11T10:03:11-0600 - 8.00 kB
2015-12-11 16:03:12.301+0000 INFO  [o.n.k.i.DiagnosticsManager]   neostore.schemastore.db.id: 2015-12-11T10:03:11-0600 - 9.00 B
2015-12-11 16:03:12.301+0000 INFO  [o.n.k.i.DiagnosticsManager]   neostore.transaction.db.0: 2015-12-11T10:03:11-0600 - 16.00 B
2015-12-11 16:03:12.317+0000 INFO  [o.n.k.i.DiagnosticsManager]   schema:
2015-12-11 16:03:12.317+0000 INFO  [o.n.k.i.DiagnosticsManager]     label:
2015-12-11 16:03:12.317+0000 INFO  [o.n.k.i.DiagnosticsManager]       lucene:
2015-12-11 16:03:12.317+0000 INFO  [o.n.k.i.DiagnosticsManager]         write.lock: 2015-12-11T10:03:11-0600 - 0.00 B
2015-12-11 16:03:12.317+0000 INFO  [o.n.k.i.DiagnosticsManager]       - Total: 2015-12-11T10:03:11-0600 - 0.00 B
2015-12-11 16:03:12.317+0000 INFO  [o.n.k.i.DiagnosticsManager]     - Total: 2015-12-11T10:03:11-0600 - 0.00 B
2015-12-11 16:03:12.332+0000 INFO  [o.n.k.i.DiagnosticsManager]   - Total: 2015-12-11T10:03:11-0600 - 0.00 B
2015-12-11 16:03:12.332+0000 INFO  [o.n.k.i.DiagnosticsManager]   store_lock: 2015-12-11T10:03:09-0600 - 0.00 B
2015-12-11 16:03:12.332+0000 INFO  [o.n.k.i.DiagnosticsManager] --- STARTED diagnostics for KernelDiagnostics:StoreFiles END ---
2015-12-11 16:03:12.348+0000 INFO  [o.n.k.i.DiagnosticsManager] --- SERVER STARTED START ---
2015-12-11 16:03:12.676+0000 WARN  [o.n.k.i.c.MonitorGc] GC Monitor: Application threads blocked for 225ms.
2015-12-11 16:03:13.348+0000 INFO  [o.n.k.i.DiagnosticsManager] --- SERVER STARTED END ---
2015-12-11 16:08:12.407+0000 INFO  [o.n.k.i.t.l.c.CheckPointerImpl] Check Pointing triggered by scheduler for time threshold [3640]:  Starting check pointing...
2015-12-11 16:08:12.407+0000 INFO  [o.n.k.i.t.l.c.CheckPointerImpl] Check Pointing triggered by scheduler for time threshold [3640]:  Starting store flush...
2015-12-11 16:08:12.579+0000 INFO  [o.n.k.i.s.c.CountsTracker] About to rotate counts store at transaction 3641 to [C:\561\10000\10000D1\neostore.counts.db.b], from [C:\561\10000\10000D1\neostore.counts.db.a].
2015-12-11 16:08:12.595+0000 INFO  [o.n.k.i.s.c.CountsTracker] Successfully rotated counts store at transaction 3641 to [C:\561\10000\10000D1\neostore.counts.db.b], from [C:\561\10000\10000D1\neostore.counts.db.a].
2015-12-11 16:08:13.126+0000 INFO  [o.n.k.i.t.l.c.CheckPointerImpl] Check Pointing triggered by scheduler for time threshold [3640]:  Store flush completed
2015-12-11 16:08:13.126+0000 INFO  [o.n.k.i.t.l.c.CheckPointerImpl] Check Pointing triggered by scheduler for time threshold [3640]:  Starting appending check point entry into the tx log...
2015-12-11 16:08:13.204+0000 INFO  [o.n.k.i.t.l.c.CheckPointerImpl] Check Pointing triggered by scheduler for time threshold [3640]:  Appending check point entry into the tx log completed
2015-12-11 16:08:13.204+0000 INFO  [o.n.k.i.t.l.c.CheckPointerImpl] Check Pointing triggered by scheduler for time threshold [3640]:  Check pointing completed
2015-12-11 16:08:13.204+0000 INFO  [o.n.k.i.t.l.p.LogPruningImpl] Log Rotation [0]:  Starting log pruning.
2015-12-11 16:08:13.204+0000 INFO  [o.n.k.i.t.l.p.LogPruningImpl] Log Rotation [0]:  Log pruning complete.
2015-12-11 16:13:13.584+0000 INFO  [o.n.k.i.t.l.c.CheckPointerImpl] Check Pointing triggered by scheduler for time threshold [6834]:  Starting check pointing...
2015-12-11 16:13:13.584+0000 INFO  [o.n.k.i.t.l.c.CheckPointerImpl] Check Pointing triggered by scheduler for time threshold [6834]:  Starting store flush...
2015-12-11 16:13:13.803+0000 INFO  [o.n.k.i.s.c.CountsTracker] About to rotate counts store at transaction 6836 to [C:\561\10000\10000D1\neostore.counts.db.a], from [C:\561\10000\10000D1\neostore.counts.db.b].
2015-12-11 16:13:13.803+0000 INFO  [o.n.k.i.s.c.CountsTracker] Successfully rotated counts store at transaction 6836 to [C:\561\10000\10000D1\neostore.counts.db.a], from [C:\561\10000\10000D1\neostore.counts.db.b].
2015-12-11 16:13:14.209+0000 INFO  [o.n.k.i.t.l.c.CheckPointerImpl] Check Pointing triggered by scheduler for time threshold [6834]:  Store flush completed
2015-12-11 16:13:14.209+0000 INFO  [o.n.k.i.t.l.c.CheckPointerImpl] Check Pointing triggered by scheduler for time threshold [6834]:  Starting appending check point entry into the tx log...
2015-12-11 16:13:14.272+0000 INFO  [o.n.k.i.t.l.c.CheckPointerImpl] Check Pointing triggered by scheduler for time threshold [6834]:  Appending check point entry into the tx log completed
2015-12-11 16:13:14.272+0000 INFO  [o.n.k.i.t.l.c.CheckPointerImpl] Check Pointing triggered by scheduler for time threshold [6834]:  Check pointing completed
2015-12-11 16:13:14.287+0000 INFO  [o.n.k.i.t.l.p.LogPruningImpl] Log Rotation [0]:  Starting log pruning.
2015-12-11 16:13:14.287+0000 INFO  [o.n.k.i.t.l.p.LogPruningImpl] Log Rotation [0]:  Log pruning complete.
2015-12-11 16:17:55.929+0000 INFO  [o.n.k.i.f.GraphDatabaseFacade] Shutdown started
2015-12-11 16:17:55.929+0000 INFO  [o.n.k.i.f.CommunityFacadeFactory] Database is now unavailable
2015-12-11 16:17:56.022+0000 INFO  [o.n.k.i.s.c.CountsTracker] About to rotate counts store at transaction 10009 to [C:\561\10000\10000D1\neostore.counts.db.b], from [C:\561\10000\10000D1\neostore.counts.db.a].
2015-12-11 16:17:56.038+0000 INFO  [o.n.k.i.s.c.CountsTracker] Successfully rotated counts store at transaction 10009 to [C:\561\10000\10000D1\neostore.counts.db.b], from [C:\561\10000\10000D1\neostore.counts.db.a].
2015-12-11 16:17:56.585+0000 INFO  [o.n.k.i.t.l.c.CheckPointerImpl] Check Pointing triggered by database shutdown [10009]:  Starting check pointing...
2015-12-11 16:17:56.585+0000 INFO  [o.n.k.i.t.l.c.CheckPointerImpl] Check Pointing triggered by database shutdown [10009]:  Starting store flush...
2015-12-11 16:17:56.616+0000 INFO  [o.n.k.i.t.l.c.CheckPointerImpl] Check Pointing triggered by database shutdown [10009]:  Store flush completed
2015-12-11 16:17:56.616+0000 INFO  [o.n.k.i.t.l.c.CheckPointerImpl] Check Pointing triggered by database shutdown [10009]:  Starting appending check point entry into the tx log...
2015-12-11 16:17:56.632+0000 INFO  [o.n.k.i.t.l.c.CheckPointerImpl] Check Pointing triggered by database shutdown [10009]:  Appending check point entry into the tx log completed
2015-12-11 16:17:56.632+0000 INFO  [o.n.k.i.t.l.c.CheckPointerImpl] Check Pointing triggered by database shutdown [10009]:  Check pointing completed
2015-12-11 16:17:56.647+0000 INFO  [o.n.k.i.t.l.p.LogPruningImpl] Log Rotation [0]:  Starting log pruning.
2015-12-11 16:17:56.647+0000 INFO  [o.n.k.i.t.l.p.LogPruningImpl] Log Rotation [0]:  Log pruning complete.
2015-12-11 16:17:58.179+0000 INFO  [o.n.k.NeoStoreDataSource] NeoStores closed
2015-12-11 16:17:58.194+0000 INFO  [o.n.k.i.DiagnosticsManager] --- STOPPING diagnostics START ---
2015-12-11 16:17:58.194+0000 INFO  [o.n.k.i.DiagnosticsManager] --- STOPPING diagnostics END ---
2015-12-11 21:40:02.731+0000 INFO  [o.n.k.i.f.CommunityFacadeFactory] No locking implementation specified, defaulting to 'community'
2015-12-11 21:40:02.735+0000 INFO  [o.n.k.AvailabilityGuard] Requirement makes database unavailable: Database available
2015-12-11 21:40:02.737+0000 INFO  [o.n.k.i.DiagnosticsManager] --- INITIALIZED diagnostics START ---
2015-12-11 21:40:02.737+0000 INFO  [o.n.k.i.DiagnosticsManager] Neo4j Kernel properties:
2015-12-11 21:40:02.737+0000 INFO  [o.n.k.i.DiagnosticsManager] org.neo4j.server.db.tuning.properties=C:\561\10000\10000D1\neo4j.properties
2015-12-11 21:40:02.737+0000 INFO  [o.n.k.i.DiagnosticsManager] org.neo4j.server.database.location=C:\561\10000\10000D1
2015-12-11 21:40:02.737+0000 INFO  [o.n.k.i.DiagnosticsManager] dbms.querylog.filename=data/log/queries.log
2015-12-11 21:40:02.737+0000 INFO  [o.n.k.i.DiagnosticsManager] dbms.security.auth_store.location=C:\561\10000\10000D1\.\dbms\auth
2015-12-11 21:40:02.737+0000 INFO  [o.n.k.i.DiagnosticsManager] dbms.security.tls_certificate_file=C:\561\10000\10000D1\.\dbms\ssl\snakeoil.cert
2015-12-11 21:40:02.737+0000 INFO  [o.n.k.i.DiagnosticsManager] remote_shell_enabled=true
2015-12-11 21:40:02.737+0000 INFO  [o.n.k.i.DiagnosticsManager] edition=Community
2015-12-11 21:40:02.737+0000 INFO  [o.n.k.i.DiagnosticsManager] dbms.security.tls_key_file=C:\561\10000\10000D1\.\dbms\ssl\snakeoil.key
2015-12-11 21:40:02.737+0000 INFO  [o.n.k.i.DiagnosticsManager] Diagnostics providers:
2015-12-11 21:40:02.738+0000 INFO  [o.n.k.i.DiagnosticsManager] org.neo4j.kernel.configuration.Config
2015-12-11 21:40:02.738+0000 INFO  [o.n.k.i.DiagnosticsManager] org.neo4j.kernel.info.DiagnosticsManager
2015-12-11 21:40:02.738+0000 INFO  [o.n.k.i.DiagnosticsManager] SYSTEM_MEMORY
2015-12-11 21:40:02.738+0000 INFO  [o.n.k.i.DiagnosticsManager] JAVA_MEMORY
2015-12-11 21:40:02.738+0000 INFO  [o.n.k.i.DiagnosticsManager] OPERATING_SYSTEM
2015-12-11 21:40:02.738+0000 INFO  [o.n.k.i.DiagnosticsManager] JAVA_VIRTUAL_MACHINE
2015-12-11 21:40:02.738+0000 INFO  [o.n.k.i.DiagnosticsManager] CLASSPATH
2015-12-11 21:40:02.738+0000 INFO  [o.n.k.i.DiagnosticsManager] LIBRARY_PATH
2015-12-11 21:40:02.738+0000 INFO  [o.n.k.i.DiagnosticsManager] SYSTEM_PROPERTIES
2015-12-11 21:40:02.738+0000 INFO  [o.n.k.i.DiagnosticsManager] NETWORK
2015-12-11 21:40:02.738+0000 INFO  [o.n.k.i.DiagnosticsManager] System memory information:
2015-12-11 21:40:02.738+0000 INFO  [o.n.k.i.DiagnosticsManager] Total Physical memory: 3.93 GB
2015-12-11 21:40:02.738+0000 INFO  [o.n.k.i.DiagnosticsManager] Free Physical memory: 1.94 GB
2015-12-11 21:40:02.738+0000 INFO  [o.n.k.i.DiagnosticsManager] Committed virtual memory: 370.44 MB
2015-12-11 21:40:02.738+0000 INFO  [o.n.k.i.DiagnosticsManager] Total swap space: 5.66 GB
2015-12-11 21:40:02.738+0000 INFO  [o.n.k.i.DiagnosticsManager] Free swap space: 2.80 GB
2015-12-11 21:40:02.738+0000 INFO  [o.n.k.i.DiagnosticsManager] JVM memory information:
2015-12-11 21:40:02.738+0000 INFO  [o.n.k.i.DiagnosticsManager] Free  memory: 21.91 MB
2015-12-11 21:40:02.738+0000 INFO  [o.n.k.i.DiagnosticsManager] Total memory: 100.00 MB
2015-12-11 21:40:02.738+0000 INFO  [o.n.k.i.DiagnosticsManager] Max   memory: 894.50 MB
2015-12-11 21:40:02.738+0000 INFO  [o.n.k.i.DiagnosticsManager] Garbage Collector: PS Scavenge: [PS Eden Space, PS Survivor Space]
2015-12-11 21:40:02.738+0000 INFO  [o.n.k.i.DiagnosticsManager] Garbage Collector: PS MarkSweep: [PS Eden Space, PS Survivor Space, PS Old Gen, PS Perm Gen]
2015-12-11 21:40:02.738+0000 INFO  [o.n.k.i.DiagnosticsManager] Memory Pool: Code Cache (Non-heap memory): committed=11.38 MB, used=11.10 MB, max=48.00 MB, threshold=0.00 B
2015-12-11 21:40:02.738+0000 INFO  [o.n.k.i.DiagnosticsManager] Memory Pool: PS Eden Space (Heap memory): committed=47.00 MB, used=36.53 MB, max=334.00 MB, threshold=?
2015-12-11 21:40:02.738+0000 INFO  [o.n.k.i.DiagnosticsManager] Memory Pool: PS Survivor Space (Heap memory): committed=512.00 kB, used=128.00 kB, max=512.00 kB, threshold=?
2015-12-11 21:40:02.738+0000 INFO  [o.n.k.i.DiagnosticsManager] Memory Pool: PS Old Gen (Heap memory): committed=52.50 MB, used=41.43 MB, max=670.50 MB, threshold=0.00 B
2015-12-11 21:40:02.738+0000 INFO  [o.n.k.i.DiagnosticsManager] Memory Pool: PS Perm Gen (Non-heap memory): committed=65.50 MB, used=64.92 MB, max=82.00 MB, threshold=0.00 B
2015-12-11 21:40:02.738+0000 INFO  [o.n.k.i.DiagnosticsManager] Operating system information:
2015-12-11 21:40:02.738+0000 INFO  [o.n.k.i.DiagnosticsManager] Operating System: Windows 8.1; version: 6.3; arch: amd64; cpus: 8
2015-12-11 21:40:02.739+0000 INFO  [o.n.k.i.DiagnosticsManager] Process id: 5816@ATAN-B03-02
2015-12-11 21:40:02.739+0000 INFO  [o.n.k.i.DiagnosticsManager] Byte order: LITTLE_ENDIAN
2015-12-11 21:40:02.739+0000 INFO  [o.n.k.i.DiagnosticsManager] Local timezone: America/Chicago
2015-12-11 21:40:02.739+0000 INFO  [o.n.k.i.DiagnosticsManager] JVM information:
2015-12-11 21:40:02.739+0000 INFO  [o.n.k.i.DiagnosticsManager] VM Name: Java HotSpot(TM) 64-Bit Server VM
2015-12-11 21:40:02.739+0000 INFO  [o.n.k.i.DiagnosticsManager] VM Vendor: Oracle Corporation
2015-12-11 21:40:02.739+0000 INFO  [o.n.k.i.DiagnosticsManager] VM Version: 24.80-b11
2015-12-11 21:40:02.739+0000 INFO  [o.n.k.i.DiagnosticsManager] JIT compiler: HotSpot 64-Bit Tiered Compilers
2015-12-11 21:40:02.739+0000 INFO  [o.n.k.i.DiagnosticsManager] VM Arguments: [-Dexe4j.semaphoreName=Local\c:_program_files_neo4j_ce_2.3.1_bin_neo4j-ce.exe, -Dexe4j.isInstall4j=true, -Dexe4j.moduleName=C:\Program Files\Neo4j CE 2.3.1\bin\neo4j-ce.exe, -Dexe4j.tempDir=, -Dexe4j.unextractedPosition=0, -Djava.library.path=C:\Program Files (x86)\AMD APP\bin\x86_64;C:\Program Files (x86)\AMD APP\bin\x86;C:\ProgramData\Oracle\Java\javapath;C:\Windows\system32;C:\Windows;C:\Windows\System32\Wbem;C:\Windows\System32\WindowsPowerShell\v1.0\;C:\Program Files (x86)\MiKTeX 2.9\miktex\bin\;C:\Program Files\TortoiseSVN\bin;C:\Windows\system32\config\systemprofile\.dnx\bin;C:\Program Files\Microsoft DNX\Dnvm\;C:\Program Files\MATLAB\R2015b\runtime\win64;C:\Program Files\MATLAB\R2015b\bin;C:\Program Files (x86)\ATI Technologies\ATI.ACE\Core-Static;c:\program files\neo4j ce 2.3.1\jre\bin, -Dexe4j.consoleCodepage=cp0, -Dinstall4j.launcherId=24, -Dinstall4j.swt=false]
2015-12-11 21:40:02.739+0000 INFO  [o.n.k.i.DiagnosticsManager] Java classpath:
2015-12-11 21:40:02.741+0000 INFO  [o.n.k.i.DiagnosticsManager]  [loader.1] file:/C:/Program%20Files/Neo4j%20CE%202.3.1/jre/lib/ext/dnsns.jar
2015-12-11 21:40:02.741+0000 INFO  [o.n.k.i.DiagnosticsManager]  [loader.0] file:/C:/Program%20Files/Neo4j%20CE%202.3.1/bin/
2015-12-11 21:40:02.741+0000 INFO  [o.n.k.i.DiagnosticsManager]  [bootstrap] C:\Program Files\Neo4j CE 2.3.1\jre\lib\resources.jar
2015-12-11 21:40:02.741+0000 INFO  [o.n.k.i.DiagnosticsManager]  [bootstrap] C:\Program Files\Neo4j CE 2.3.1\jre\lib\jfr.jar
2015-12-11 21:40:02.741+0000 INFO  [o.n.k.i.DiagnosticsManager]  [classpath] C:\Program Files\Neo4j CE 2.3.1\.install4j\i4jruntime.jar
2015-12-11 21:40:02.741+0000 INFO  [o.n.k.i.DiagnosticsManager]  [loader.1] file:/C:/Program%20Files/Neo4j%20CE%202.3.1/jre/lib/ext/sunmscapi.jar
2015-12-11 21:40:02.741+0000 INFO  [o.n.k.i.DiagnosticsManager]  [bootstrap] C:\Program Files\Neo4j CE 2.3.1\jre\lib\jsse.jar
2015-12-11 21:40:02.741+0000 INFO  [o.n.k.i.DiagnosticsManager]  [loader.1] file:/C:/Program%20Files/Neo4j%20CE%202.3.1/jre/lib/ext/dns_sd.jar
2015-12-11 21:40:02.741+0000 INFO  [o.n.k.i.DiagnosticsManager]  [loader.0] file:/C:/Program%20Files/Neo4j%20CE%202.3.1/.install4j/i4jruntime.jar
2015-12-11 21:40:02.741+0000 INFO  [o.n.k.i.DiagnosticsManager]  [loader.0] file:/C:/Program%20Files/Neo4j%20CE%202.3.1/bin/neo4j-desktop-2.3.1.jar
2015-12-11 21:40:02.741+0000 INFO  [o.n.k.i.DiagnosticsManager]  [loader.1] file:/C:/Program%20Files/Neo4j%20CE%202.3.1/jre/lib/ext/access-bridge-64.jar
2015-12-11 21:40:02.741+0000 INFO  [o.n.k.i.DiagnosticsManager]  [loader.1] file:/C:/Program%20Files/Neo4j%20CE%202.3.1/jre/lib/ext/localedata.jar
2015-12-11 21:40:02.741+0000 INFO  [o.n.k.i.DiagnosticsManager]  [bootstrap] C:\Program Files\Neo4j CE 2.3.1\jre\lib\sunrsasign.jar
2015-12-11 21:40:02.741+0000 INFO  [o.n.k.i.DiagnosticsManager]  [bootstrap] C:\Program Files\Neo4j CE 2.3.1\jre\lib\jce.jar
2015-12-11 21:40:02.741+0000 INFO  [o.n.k.i.DiagnosticsManager]  [bootstrap] C:\Program Files\Neo4j CE 2.3.1\jre\lib\rt.jar
2015-12-11 21:40:02.741+0000 INFO  [o.n.k.i.DiagnosticsManager]  [bootstrap] C:\Program Files\Neo4j CE 2.3.1\jre\lib\charsets.jar
2015-12-11 21:40:02.741+0000 INFO  [o.n.k.i.DiagnosticsManager]  [loader.1] file:/C:/Program%20Files/Neo4j%20CE%202.3.1/jre/lib/ext/sunjce_provider.jar
2015-12-11 21:40:02.741+0000 INFO  [o.n.k.i.DiagnosticsManager]  [bootstrap] C:\Program Files\Neo4j CE 2.3.1\jre\classes
2015-12-11 21:40:02.741+0000 INFO  [o.n.k.i.DiagnosticsManager]  [loader.1] file:/C:/Program%20Files/Neo4j%20CE%202.3.1/jre/lib/ext/zipfs.jar
2015-12-11 21:40:02.741+0000 INFO  [o.n.k.i.DiagnosticsManager]  [loader.1] file:/C:/Program%20Files/Neo4j%20CE%202.3.1/jre/lib/ext/jaccess.jar
2015-12-11 21:40:02.741+0000 INFO  [o.n.k.i.DiagnosticsManager]  [loader.1] file:/C:/Program%20Files/Neo4j%20CE%202.3.1/jre/lib/ext/sunec.jar
2015-12-11 21:40:02.741+0000 INFO  [o.n.k.i.DiagnosticsManager]  [classpath] C:\Program Files\Neo4j CE 2.3.1\bin\neo4j-desktop-2.3.1.jar
2015-12-11 21:40:02.742+0000 INFO  [o.n.k.i.DiagnosticsManager] Library path:
2015-12-11 21:40:02.742+0000 INFO  [o.n.k.i.DiagnosticsManager] C:\Program Files (x86)\AMD APP\bin\x86_64
2015-12-11 21:40:02.742+0000 INFO  [o.n.k.i.DiagnosticsManager] C:\Program Files (x86)\AMD APP\bin\x86
2015-12-11 21:40:02.742+0000 INFO  [o.n.k.i.DiagnosticsManager] C:\ProgramData\Oracle\Java\javapath
2015-12-11 21:40:02.742+0000 INFO  [o.n.k.i.DiagnosticsManager] C:\Windows\System32
2015-12-11 21:40:02.742+0000 INFO  [o.n.k.i.DiagnosticsManager] C:\Windows
2015-12-11 21:40:02.743+0000 INFO  [o.n.k.i.DiagnosticsManager] C:\Windows\System32\wbem
2015-12-11 21:40:02.743+0000 INFO  [o.n.k.i.DiagnosticsManager] C:\Windows\System32\WindowsPowerShell\v1.0
2015-12-11 21:40:02.743+0000 INFO  [o.n.k.i.DiagnosticsManager] C:\Program Files (x86)\MiKTeX 2.9\miktex\bin
2015-12-11 21:40:02.743+0000 INFO  [o.n.k.i.DiagnosticsManager] C:\Program Files\TortoiseSVN\bin
2015-12-11 21:40:02.743+0000 INFO  [o.n.k.i.DiagnosticsManager] C:\Windows\System32\config\systemprofile\.dnx\bin
2015-12-11 21:40:02.744+0000 INFO  [o.n.k.i.DiagnosticsManager] C:\Program Files\Microsoft DNX\Dnvm
2015-12-11 21:40:02.744+0000 INFO  [o.n.k.i.DiagnosticsManager] C:\Program Files\MATLAB\R2015b\runtime\win64
2015-12-11 21:40:02.744+0000 INFO  [o.n.k.i.DiagnosticsManager] C:\Program Files\MATLAB\R2015b\bin
2015-12-11 21:40:02.744+0000 INFO  [o.n.k.i.DiagnosticsManager] C:\Program Files (x86)\ATI Technologies\ATI.ACE\Core-Static
2015-12-11 21:40:02.744+0000 INFO  [o.n.k.i.DiagnosticsManager] C:\Program Files\Neo4j CE 2.3.1\jre\bin
2015-12-11 21:40:02.744+0000 INFO  [o.n.k.i.DiagnosticsManager] System.properties:
2015-12-11 21:40:02.744+0000 INFO  [o.n.k.i.DiagnosticsManager] exe4j.moduleName = C:\Program Files\Neo4j CE 2.3.1\bin\neo4j-ce.exe
2015-12-11 21:40:02.744+0000 INFO  [o.n.k.i.DiagnosticsManager] exe4j.semaphoreName = Local\c:_program_files_neo4j_ce_2.3.1_bin_neo4j-ce.exe
2015-12-11 21:40:02.744+0000 INFO  [o.n.k.i.DiagnosticsManager] sun.boot.library.path = c:\program files\neo4j ce 2.3.1\jre\bin
2015-12-11 21:40:02.744+0000 INFO  [o.n.k.i.DiagnosticsManager] exe4j.consoleCodepage = cp0
2015-12-11 21:40:02.744+0000 INFO  [o.n.k.i.DiagnosticsManager] path.separator = ;
2015-12-11 21:40:02.744+0000 INFO  [o.n.k.i.DiagnosticsManager] file.encoding.pkg = sun.io
2015-12-11 21:40:02.744+0000 INFO  [o.n.k.i.DiagnosticsManager] user.country = US
2015-12-11 21:40:02.744+0000 INFO  [o.n.k.i.DiagnosticsManager] user.script = 
2015-12-11 21:40:02.745+0000 INFO  [o.n.k.i.DiagnosticsManager] sun.os.patch.level = 
2015-12-11 21:40:02.745+0000 INFO  [o.n.k.i.DiagnosticsManager] install4j.exeDir = C:\Program Files\Neo4j CE 2.3.1\bin\
2015-12-11 21:40:02.745+0000 INFO  [o.n.k.i.DiagnosticsManager] user.dir = C:\Program Files\Neo4j CE 2.3.1\bin
2015-12-11 21:40:02.745+0000 INFO  [o.n.k.i.DiagnosticsManager] neo4j.ext.udc.source = desktop
2015-12-11 21:40:02.745+0000 INFO  [o.n.k.i.DiagnosticsManager] user.variant = 
2015-12-11 21:40:02.745+0000 INFO  [o.n.k.i.DiagnosticsManager] exe4j.tempDir = 
2015-12-11 21:40:02.745+0000 INFO  [o.n.k.i.DiagnosticsManager] sun.jnu.encoding = Cp1252
2015-12-11 21:40:02.745+0000 INFO  [o.n.k.i.DiagnosticsManager] sun.awt.enableExtraMouseButtons = true
2015-12-11 21:40:02.745+0000 INFO  [o.n.k.i.DiagnosticsManager] install4j.launcherId = 24
2015-12-11 21:40:02.745+0000 INFO  [o.n.k.i.DiagnosticsManager] sun.management.compiler = HotSpot 64-Bit Tiered Compilers
2015-12-11 21:40:02.745+0000 INFO  [o.n.k.i.DiagnosticsManager] exe4j.isInstall4j = true
2015-12-11 21:40:02.745+0000 INFO  [o.n.k.i.DiagnosticsManager] install4j.swt = false
2015-12-11 21:40:02.745+0000 INFO  [o.n.k.i.DiagnosticsManager] user.home = C:\Users\cez
2015-12-11 21:40:02.745+0000 INFO  [o.n.k.i.DiagnosticsManager] user.timezone = America/Chicago
2015-12-11 21:40:02.745+0000 INFO  [o.n.k.i.DiagnosticsManager] file.encoding = Cp1252
2015-12-11 21:40:02.745+0000 INFO  [o.n.k.i.DiagnosticsManager] user.name = cez
2015-12-11 21:40:02.745+0000 INFO  [o.n.k.i.DiagnosticsManager] sun.java.command = C:\Program Files\Neo4j CE 2.3.1\bin\neo4j-ce.exe
2015-12-11 21:40:02.745+0000 INFO  [o.n.k.i.DiagnosticsManager] sun.arch.data.model = 64
2015-12-11 21:40:02.745+0000 INFO  [o.n.k.i.DiagnosticsManager] exe4j.launchName = C:\Program Files\Neo4j CE 2.3.1\bin\neo4j-ce.exe
2015-12-11 21:40:02.745+0000 INFO  [o.n.k.i.DiagnosticsManager] user.language = en
2015-12-11 21:40:02.745+0000 INFO  [o.n.k.i.DiagnosticsManager] awt.toolkit = sun.awt.windows.WToolkit
2015-12-11 21:40:02.745+0000 INFO  [o.n.k.i.DiagnosticsManager] exe4j.unextractedPosition = 0
2015-12-11 21:40:02.745+0000 INFO  [o.n.k.i.DiagnosticsManager] install4j.appDir = C:\Program Files\Neo4j CE 2.3.1\
2015-12-11 21:40:02.745+0000 INFO  [o.n.k.i.DiagnosticsManager] file.separator = \
2015-12-11 21:40:02.745+0000 INFO  [o.n.k.i.DiagnosticsManager] sun.io.unicode.encoding = UnicodeLittle
2015-12-11 21:40:02.745+0000 INFO  [o.n.k.i.DiagnosticsManager] sun.cpu.endian = little
2015-12-11 21:40:02.745+0000 INFO  [o.n.k.i.DiagnosticsManager] sun.desktop = windows
2015-12-11 21:40:02.745+0000 INFO  [o.n.k.i.DiagnosticsManager] sun.cpu.isalist = amd64
2015-12-11 21:40:02.745+0000 INFO  [o.n.k.i.DiagnosticsManager] Network information:
2015-12-11 21:40:02.759+0000 INFO  [o.n.k.i.DiagnosticsManager] Interface Software Loopback Interface 1:
2015-12-11 21:40:02.759+0000 INFO  [o.n.k.i.DiagnosticsManager]     address: 127.0.0.1
2015-12-11 21:40:02.759+0000 INFO  [o.n.k.i.DiagnosticsManager]     address: 0:0:0:0:0:0:0:1
2015-12-11 21:40:02.759+0000 INFO  [o.n.k.i.DiagnosticsManager] Interface Microsoft Kernel Debug Network Adapter:
2015-12-11 21:40:02.759+0000 INFO  [o.n.k.i.DiagnosticsManager] Interface Intel(R) 82578DM Gigabit Network Connection:
2015-12-11 21:40:02.759+0000 INFO  [o.n.k.i.DiagnosticsManager]     address: 10.24.47.166
2015-12-11 21:40:02.759+0000 INFO  [o.n.k.i.DiagnosticsManager]     address: 2610:130:101:d00:4493:c16:efa9:8b55
2015-12-11 21:40:02.759+0000 INFO  [o.n.k.i.DiagnosticsManager]     address: 2610:130:101:d00:920:e15d:79eb:345b
2015-12-11 21:40:02.759+0000 INFO  [o.n.k.i.DiagnosticsManager]     address: 2610:130:101:d00:a502:b02c:1a2d:577b
2015-12-11 21:40:02.759+0000 INFO  [o.n.k.i.DiagnosticsManager]     address: 2610:130:101:d00:dde0:9cf:9f51:157b
2015-12-11 21:40:02.759+0000 INFO  [o.n.k.i.DiagnosticsManager]     address: fe80:0:0:0:4493:c16:efa9:8b55%3
2015-12-11 21:40:02.759+0000 INFO  [o.n.k.i.DiagnosticsManager] Interface Microsoft ISATAP Adapter:
2015-12-11 21:40:02.759+0000 INFO  [o.n.k.i.DiagnosticsManager]     address: fe80:0:0:0:0:5efe:c0a8:3801%4
2015-12-11 21:40:02.759+0000 INFO  [o.n.k.i.DiagnosticsManager] Interface Teredo Tunneling Pseudo-Interface:
2015-12-11 21:40:02.759+0000 INFO  [o.n.k.i.DiagnosticsManager] Interface Microsoft ISATAP Adapter #2:
2015-12-11 21:40:02.759+0000 INFO  [o.n.k.i.DiagnosticsManager]     address: fe80:0:0:0:0:5efe:a18:2fa6%6
2015-12-11 21:40:02.759+0000 INFO  [o.n.k.i.DiagnosticsManager] Interface VirtualBox Host-Only Ethernet Adapter:
2015-12-11 21:40:02.759+0000 INFO  [o.n.k.i.DiagnosticsManager]     address: 192.168.56.1
2015-12-11 21:40:02.759+0000 INFO  [o.n.k.i.DiagnosticsManager]     address: fe80:0:0:0:4133:2d33:29c2:6efa%7
2015-12-11 21:40:02.759+0000 INFO  [o.n.k.i.DiagnosticsManager] Interface Microsoft ISATAP Adapter #3:
2015-12-11 21:40:02.759+0000 INFO  [o.n.k.i.DiagnosticsManager] Interface VirtualBox Host-Only Ethernet Adapter-WFP Native MAC Layer LightWeight Filter-0000:
2015-12-11 21:40:02.759+0000 INFO  [o.n.k.i.DiagnosticsManager] Interface VirtualBox Host-Only Ethernet Adapter-VirtualBox NDIS Light-Weight Filter-0000:
2015-12-11 21:40:02.759+0000 INFO  [o.n.k.i.DiagnosticsManager] Interface VirtualBox Host-Only Ethernet Adapter-QoS Packet Scheduler-0000:
2015-12-11 21:40:02.759+0000 INFO  [o.n.k.i.DiagnosticsManager] Interface VirtualBox Host-Only Ethernet Adapter-WFP 802.3 MAC Layer LightWeight Filter-0000:
2015-12-11 21:40:02.759+0000 INFO  [o.n.k.i.DiagnosticsManager] Interface Intel(R) 82578DM Gigabit Network Connection-WFP Native MAC Layer LightWeight Filter-0000:
2015-12-11 21:40:02.759+0000 INFO  [o.n.k.i.DiagnosticsManager] Interface Intel(R) 82578DM Gigabit Network Connection-VirtualBox NDIS Light-Weight Filter-0000:
2015-12-11 21:40:02.759+0000 INFO  [o.n.k.i.DiagnosticsManager] Interface Intel(R) 82578DM Gigabit Network Connection-QoS Packet Scheduler-0000:
2015-12-11 21:40:02.759+0000 INFO  [o.n.k.i.DiagnosticsManager] Interface Intel(R) 82578DM Gigabit Network Connection-WFP 802.3 MAC Layer LightWeight Filter-0000:
2015-12-11 21:40:02.759+0000 INFO  [o.n.k.i.DiagnosticsManager] --- INITIALIZED diagnostics END ---
2015-12-11 21:40:04.740+0000 INFO  [o.n.k.KernelHealth] Kernel health set to OK
2015-12-11 21:40:04.748+0000 INFO  [o.n.k.AvailabilityGuard] Fulfilling of requirement makes database available: Database available
2015-12-11 21:40:04.750+0000 INFO  [o.n.k.i.f.CommunityFacadeFactory] Database is now ready
2015-12-11 21:40:04.752+0000 INFO  [o.n.k.i.DiagnosticsManager] --- STARTED diagnostics for KernelDiagnostics:Versions START ---
2015-12-11 21:40:04.754+0000 INFO  [o.n.k.i.DiagnosticsManager] Graph Database: Community StoreId{creationTime=1449849791832, randomId=-2853186365366494878, storeVersion=15250506225055238, upgradeTime=1449849791832, upgradeId=1}
2015-12-11 21:40:04.757+0000 INFO  [o.n.k.i.DiagnosticsManager] Kernel version: 2.3.1
2015-12-11 21:40:04.759+0000 INFO  [o.n.k.i.DiagnosticsManager] --- STARTED diagnostics for KernelDiagnostics:Versions END ---
2015-12-11 21:40:04.761+0000 INFO  [o.n.k.i.DiagnosticsManager] --- STARTED diagnostics for NEO_STORE_VERSIONS START ---
2015-12-11 21:40:04.763+0000 INFO  [o.n.k.i.DiagnosticsManager] Store versions:
2015-12-11 21:40:04.766+0000 INFO  [o.n.k.i.DiagnosticsManager] Store versions:
2015-12-11 21:40:04.768+0000 INFO  [o.n.k.i.DiagnosticsManager] ArrayPropertyStore v0.A.6
2015-12-11 21:40:04.770+0000 INFO  [o.n.k.i.DiagnosticsManager] NodeStore v0.A.6
2015-12-11 21:40:04.772+0000 INFO  [o.n.k.i.DiagnosticsManager] StringPropertyStore v0.A.6
2015-12-11 21:40:04.775+0000 INFO  [o.n.k.i.DiagnosticsManager] PropertyIndexStore v0.A.6
2015-12-11 21:40:04.777+0000 INFO  [o.n.k.i.DiagnosticsManager] StringPropertyStore v0.A.6
2015-12-11 21:40:04.779+0000 INFO  [o.n.k.i.DiagnosticsManager] ArrayPropertyStore v0.A.6
2015-12-11 21:40:04.782+0000 INFO  [o.n.k.i.DiagnosticsManager] PropertyStore v0.A.6
2015-12-11 21:40:04.784+0000 INFO  [o.n.k.i.DiagnosticsManager] RelationshipStore v0.A.6
2015-12-11 21:40:04.786+0000 INFO  [o.n.k.i.DiagnosticsManager] StringPropertyStore v0.A.6
2015-12-11 21:40:04.788+0000 INFO  [o.n.k.i.DiagnosticsManager] RelationshipTypeStore v0.A.6
2015-12-11 21:40:04.791+0000 INFO  [o.n.k.i.DiagnosticsManager] StringPropertyStore v0.A.6
2015-12-11 21:40:04.793+0000 INFO  [o.n.k.i.DiagnosticsManager] LabelTokenStore v0.A.6
2015-12-11 21:40:04.795+0000 INFO  [o.n.k.i.DiagnosticsManager] SchemaStore v0.A.6
2015-12-11 21:40:04.797+0000 INFO  [o.n.k.i.DiagnosticsManager] RelationshipGroupStore v0.A.6
2015-12-11 21:40:04.800+0000 INFO  [o.n.k.i.DiagnosticsManager] NeoStore v0.A.6
2015-12-11 21:40:04.802+0000 INFO  [o.n.k.i.DiagnosticsManager] --- STARTED diagnostics for NEO_STORE_VERSIONS END ---
2015-12-11 21:40:04.805+0000 INFO  [o.n.k.i.DiagnosticsManager] --- STARTED diagnostics for NEO_STORE_ID_USAGE START ---
2015-12-11 21:40:04.807+0000 INFO  [o.n.k.i.DiagnosticsManager] Id usage:
2015-12-11 21:40:04.809+0000 INFO  [o.n.k.i.DiagnosticsManager] Id usage:
2015-12-11 21:40:04.811+0000 INFO  [o.n.k.i.DiagnosticsManager]   ArrayPropertyStore v0.A.6: used=1 high=0
2015-12-11 21:40:04.814+0000 INFO  [o.n.k.i.DiagnosticsManager]   NodeStore v0.A.6: used=10002 high=10001
2015-12-11 21:40:04.816+0000 INFO  [o.n.k.i.DiagnosticsManager]   StringPropertyStore v0.A.6: used=4 high=3
2015-12-11 21:40:04.818+0000 INFO  [o.n.k.i.DiagnosticsManager]   PropertyIndexStore v0.A.6: used=3 high=2
2015-12-11 21:40:04.820+0000 INFO  [o.n.k.i.DiagnosticsManager]   StringPropertyStore v0.A.6: used=1 high=0
2015-12-11 21:40:04.822+0000 INFO  [o.n.k.i.DiagnosticsManager]   ArrayPropertyStore v0.A.6: used=1 high=0
2015-12-11 21:40:04.825+0000 INFO  [o.n.k.i.DiagnosticsManager]   PropertyStore v0.A.6: used=10002 high=10001
2015-12-11 21:40:04.827+0000 INFO  [o.n.k.i.DiagnosticsManager]   RelationshipStore v0.A.6: used=9999 high=9998
2015-12-11 21:40:04.829+0000 INFO  [o.n.k.i.DiagnosticsManager]   StringPropertyStore v0.A.6: used=2 high=1
2015-12-11 21:40:04.832+0000 INFO  [o.n.k.i.DiagnosticsManager]   RelationshipTypeStore v0.A.6: used=1 high=0
2015-12-11 21:40:04.834+0000 INFO  [o.n.k.i.DiagnosticsManager]   StringPropertyStore v0.A.6: used=3 high=2
2015-12-11 21:40:04.836+0000 INFO  [o.n.k.i.DiagnosticsManager]   LabelTokenStore v0.A.6: used=2 high=1
2015-12-11 21:40:04.839+0000 INFO  [o.n.k.i.DiagnosticsManager]   SchemaStore v0.A.6: used=1 high=0
2015-12-11 21:40:04.841+0000 INFO  [o.n.k.i.DiagnosticsManager]   RelationshipGroupStore v0.A.6: used=3 high=2
2015-12-11 21:40:04.843+0000 INFO  [o.n.k.i.DiagnosticsManager]   NeoStore v0.A.6: used=13 high=12
2015-12-11 21:40:04.845+0000 INFO  [o.n.k.i.DiagnosticsManager] --- STARTED diagnostics for NEO_STORE_ID_USAGE END ---
2015-12-11 21:40:04.848+0000 INFO  [o.n.k.i.DiagnosticsManager] --- STARTED diagnostics for NEO_STORE_RECORDS START ---
2015-12-11 21:40:04.850+0000 INFO  [o.n.k.i.DiagnosticsManager] Neostore records:
2015-12-11 21:40:04.852+0000 INFO  [o.n.k.i.DiagnosticsManager] TIME (Creation time): 1449849791832
2015-12-11 21:40:04.854+0000 INFO  [o.n.k.i.DiagnosticsManager] RANDOM_NUMBER (Random number for store id): -2853186365366494878
2015-12-11 21:40:04.857+0000 INFO  [o.n.k.i.DiagnosticsManager] LOG_VERSION (Current log version): 0
2015-12-11 21:40:04.859+0000 INFO  [o.n.k.i.DiagnosticsManager] LAST_TRANSACTION_ID (Last committed transaction): 10009
2015-12-11 21:40:04.861+0000 INFO  [o.n.k.i.DiagnosticsManager] STORE_VERSION (Store format version): 15250506225055238
2015-12-11 21:40:04.863+0000 INFO  [o.n.k.i.DiagnosticsManager] FIRST_GRAPH_PROPERTY (First property record containing graph properties): -1
2015-12-11 21:40:04.865+0000 INFO  [o.n.k.i.DiagnosticsManager] LAST_CONSTRAINT_TRANSACTION (Last committed transaction containing constraint changes): 0
2015-12-11 21:40:04.868+0000 INFO  [o.n.k.i.DiagnosticsManager] UPGRADE_TRANSACTION_ID (Transaction id most recent upgrade was performed at): 1
2015-12-11 21:40:04.870+0000 INFO  [o.n.k.i.DiagnosticsManager] UPGRADE_TIME (Time of last upgrade): 1449849791832
2015-12-11 21:40:04.872+0000 INFO  [o.n.k.i.DiagnosticsManager] LAST_TRANSACTION_CHECKSUM (Checksum of last committed transaction): -162782355762
2015-12-11 21:40:04.875+0000 INFO  [o.n.k.i.DiagnosticsManager] UPGRADE_TRANSACTION_CHECKSUM (Checksum of transaction id the most recent upgrade was performed at): 0
2015-12-11 21:40:04.877+0000 INFO  [o.n.k.i.DiagnosticsManager] LAST_CLOSED_TRANSACTION_LOG_VERSION (Log version where the last transaction commit entry has been written into): 0
2015-12-11 21:40:04.879+0000 INFO  [o.n.k.i.DiagnosticsManager] LAST_CLOSED_TRANSACTION_LOG_BYTE_OFFSET (Byte offset in the log file where the last transaction commit entry has been written into): 7302245
2015-12-11 21:40:04.881+0000 INFO  [o.n.k.i.DiagnosticsManager] --- STARTED diagnostics for NEO_STORE_RECORDS END ---
2015-12-11 21:40:04.884+0000 INFO  [o.n.k.i.DiagnosticsManager] --- STARTED diagnostics for TRANSACTION_RANGE START ---
2015-12-11 21:40:04.886+0000 INFO  [o.n.k.i.DiagnosticsManager] Transaction log:
2015-12-11 21:40:04.889+0000 INFO  [o.n.k.i.DiagnosticsManager] Oldest transaction 2 found in log with version 0
2015-12-11 21:40:04.891+0000 INFO  [o.n.k.i.DiagnosticsManager] --- STARTED diagnostics for TRANSACTION_RANGE END ---
2015-12-11 21:40:04.893+0000 INFO  [o.n.k.i.DiagnosticsManager] --- STARTED diagnostics for KernelDiagnostics:StoreFiles START ---
2015-12-11 21:40:04.896+0000 INFO  [o.n.k.i.DiagnosticsManager] Disk space on partition (Total / Free / Free %): 499738734592 / 397956231168 / 79
Storage files: (filename : modification date - size)
2015-12-11 21:40:04.899+0000 INFO  [o.n.k.i.DiagnosticsManager]   dbms:
2015-12-11 21:40:04.902+0000 INFO  [o.n.k.i.DiagnosticsManager]     auth: 2015-12-11T10:03:12-0600 - 137.00 B
2015-12-11 21:40:04.904+0000 INFO  [o.n.k.i.DiagnosticsManager]     ssl:
2015-12-11 21:40:04.907+0000 INFO  [o.n.k.i.DiagnosticsManager]       snakeoil.cert: 2015-12-11T10:03:09-0600 - 630.00 B
2015-12-11 21:40:04.909+0000 INFO  [o.n.k.i.DiagnosticsManager]       snakeoil.key: 2015-12-11T10:03:09-0600 - 914.00 B
2015-12-11 21:40:04.911+0000 INFO  [o.n.k.i.DiagnosticsManager]     - Total: 2015-12-11T10:03:09-0600 - 1.51 kB
2015-12-11 21:40:04.914+0000 INFO  [o.n.k.i.DiagnosticsManager]   - Total: 2015-12-11T10:03:12-0600 - 1.64 kB
2015-12-11 21:40:04.916+0000 INFO  [o.n.k.i.DiagnosticsManager]   index:
2015-12-11 21:40:04.919+0000 INFO  [o.n.k.i.DiagnosticsManager]   - Total: 2015-12-11T10:03:11-0600 - 0.00 B
2015-12-11 21:40:04.921+0000 INFO  [o.n.k.i.DiagnosticsManager]   messages.log: 2015-12-11T10:17:58-0600 - 63.54 kB
2015-12-11 21:40:04.923+0000 INFO  [o.n.k.i.DiagnosticsManager]   neo4j.properties: 2015-12-11T10:03:09-0600 - 1.30 kB
2015-12-11 21:40:04.926+0000 INFO  [o.n.k.i.DiagnosticsManager]   neostore: 2015-12-11T10:17:56-0600 - 8.00 kB
2015-12-11 21:40:04.928+0000 INFO  [o.n.k.i.DiagnosticsManager]   neostore.counts.db.a: 2015-12-11T10:13:13-0600 - 384.00 B
2015-12-11 21:40:04.931+0000 INFO  [o.n.k.i.DiagnosticsManager]   neostore.counts.db.b: 2015-12-11T10:17:56-0600 - 384.00 B
2015-12-11 21:40:04.934+0000 INFO  [o.n.k.i.DiagnosticsManager]   neostore.id: 2015-12-11T15:40:04-0600 - 9.00 B
2015-12-11 21:40:04.936+0000 INFO  [o.n.k.i.DiagnosticsManager]   neostore.labeltokenstore.db: 2015-12-11T10:08:12-0600 - 8.00 kB
2015-12-11 21:40:04.939+0000 INFO  [o.n.k.i.DiagnosticsManager]   neostore.labeltokenstore.db.id: 2015-12-11T15:40:03-0600 - 9.00 B
2015-12-11 21:40:04.941+0000 INFO  [o.n.k.i.DiagnosticsManager]   neostore.labeltokenstore.db.names: 2015-12-11T10:08:12-0600 - 8.00 kB
2015-12-11 21:40:04.944+0000 INFO  [o.n.k.i.DiagnosticsManager]   neostore.labeltokenstore.db.names.id: 2015-12-11T15:40:03-0600 - 9.00 B
2015-12-11 21:40:04.947+0000 INFO  [o.n.k.i.DiagnosticsManager]   neostore.nodestore.db: 2015-12-11T10:17:56-0600 - 151.96 kB
2015-12-11 21:40:04.949+0000 INFO  [o.n.k.i.DiagnosticsManager]   neostore.nodestore.db.id: 2015-12-11T15:40:02-0600 - 9.00 B
2015-12-11 21:40:04.952+0000 INFO  [o.n.k.i.DiagnosticsManager]   neostore.nodestore.db.labels: 2015-12-11T10:03:09-0600 - 8.00 kB
2015-12-11 21:40:04.955+0000 INFO  [o.n.k.i.DiagnosticsManager]   neostore.nodestore.db.labels.id: 2015-12-11T15:40:02-0600 - 9.00 B
2015-12-11 21:40:04.957+0000 INFO  [o.n.k.i.DiagnosticsManager]   neostore.propertystore.db: 2015-12-11T10:17:57-0600 - 406.36 kB
2015-12-11 21:40:04.960+0000 INFO  [o.n.k.i.DiagnosticsManager]   neostore.propertystore.db.arrays: 2015-12-11T10:03:10-0600 - 8.00 kB
2015-12-11 21:40:04.962+0000 INFO  [o.n.k.i.DiagnosticsManager]   neostore.propertystore.db.arrays.id: 2015-12-11T15:40:03-0600 - 9.00 B
2015-12-11 21:40:04.965+0000 INFO  [o.n.k.i.DiagnosticsManager]   neostore.propertystore.db.id: 2015-12-11T15:40:03-0600 - 9.00 B
2015-12-11 21:40:04.968+0000 INFO  [o.n.k.i.DiagnosticsManager]   neostore.propertystore.db.index: 2015-12-11T10:08:12-0600 - 8.00 kB
2015-12-11 21:40:04.970+0000 INFO  [o.n.k.i.DiagnosticsManager]   neostore.propertystore.db.index.id: 2015-12-11T15:40:02-0600 - 9.00 B
2015-12-11 21:40:04.973+0000 INFO  [o.n.k.i.DiagnosticsManager]   neostore.propertystore.db.index.keys: 2015-12-11T10:08:12-0600 - 8.00 kB
2015-12-11 21:40:04.976+0000 INFO  [o.n.k.i.DiagnosticsManager]   neostore.propertystore.db.index.keys.id: 2015-12-11T15:40:02-0600 - 9.00 B
2015-12-11 21:40:04.978+0000 INFO  [o.n.k.i.DiagnosticsManager]   neostore.propertystore.db.strings: 2015-12-11T10:03:10-0600 - 8.00 kB
2015-12-11 21:40:04.981+0000 INFO  [o.n.k.i.DiagnosticsManager]   neostore.propertystore.db.strings.id: 2015-12-11T15:40:03-0600 - 9.00 B
2015-12-11 21:40:04.983+0000 INFO  [o.n.k.i.DiagnosticsManager]   neostore.relationshipgroupstore.db: 2015-12-11T10:17:56-0600 - 8.00 kB
2015-12-11 21:40:04.986+0000 INFO  [o.n.k.i.DiagnosticsManager]   neostore.relationshipgroupstore.db.id: 2015-12-11T15:40:04-0600 - 9.00 B
2015-12-11 21:40:04.988+0000 INFO  [o.n.k.i.DiagnosticsManager]   neostore.relationshipstore.db: 2015-12-11T10:17:57-0600 - 334.69 kB
2015-12-11 21:40:04.991+0000 INFO  [o.n.k.i.DiagnosticsManager]   neostore.relationshipstore.db.id: 2015-12-11T15:40:03-0600 - 9.00 B
2015-12-11 21:40:04.993+0000 INFO  [o.n.k.i.DiagnosticsManager]   neostore.relationshiptypestore.db: 2015-12-11T10:08:12-0600 - 8.00 kB
2015-12-11 21:40:04.996+0000 INFO  [o.n.k.i.DiagnosticsManager]   neostore.relationshiptypestore.db.id: 2015-12-11T15:40:03-0600 - 9.00 B
2015-12-11 21:40:04.999+0000 INFO  [o.n.k.i.DiagnosticsManager]   neostore.relationshiptypestore.db.names: 2015-12-11T10:08:12-0600 - 8.00 kB
2015-12-11 21:40:05.002+0000 INFO  [o.n.k.i.DiagnosticsManager]   neostore.relationshiptypestore.db.names.id: 2015-12-11T15:40:03-0600 - 9.00 B
2015-12-11 21:40:05.004+0000 INFO  [o.n.k.i.DiagnosticsManager]   neostore.schemastore.db: 2015-12-11T10:03:11-0600 - 8.00 kB
2015-12-11 21:40:05.007+0000 INFO  [o.n.k.i.DiagnosticsManager]   neostore.schemastore.db.id: 2015-12-11T15:40:04-0600 - 9.00 B
2015-12-11 21:40:05.009+0000 INFO  [o.n.k.i.DiagnosticsManager]   neostore.transaction.db.0: 2015-12-11T10:17:56-0600 - 6.96 MB
2015-12-11 21:40:05.011+0000 INFO  [o.n.k.i.DiagnosticsManager]   schema:
2015-12-11 21:40:05.014+0000 INFO  [o.n.k.i.DiagnosticsManager]     label:
2015-12-11 21:40:05.016+0000 INFO  [o.n.k.i.DiagnosticsManager]       lucene:
2015-12-11 21:40:05.018+0000 INFO  [o.n.k.i.DiagnosticsManager]         _feq.cfs: 2015-12-11T10:17:42-0600 - 9.70 kB
2015-12-11 21:40:05.020+0000 INFO  [o.n.k.i.DiagnosticsManager]         segments.gen: 2015-12-11T10:17:55-0600 - 20.00 B
2015-12-11 21:40:05.023+0000 INFO  [o.n.k.i.DiagnosticsManager]         segments_3: 2015-12-11T10:17:55-0600 - 258.00 B
2015-12-11 21:40:05.025+0000 INFO  [o.n.k.i.DiagnosticsManager]         write.lock: 2015-12-11T15:40:04-0600 - 0.00 B
2015-12-11 21:40:05.027+0000 INFO  [o.n.k.i.DiagnosticsManager]       - Total: 2015-12-11T15:40:04-0600 - 9.97 kB
2015-12-11 21:40:05.029+0000 INFO  [o.n.k.i.DiagnosticsManager]     - Total: 2015-12-11T10:03:11-0600 - 9.97 kB
2015-12-11 21:40:05.032+0000 INFO  [o.n.k.i.DiagnosticsManager]   - Total: 2015-12-11T10:03:11-0600 - 9.97 kB
2015-12-11 21:40:05.034+0000 INFO  [o.n.k.i.DiagnosticsManager]   store_lock: 2015-12-11T10:03:09-0600 - 0.00 B
2015-12-11 21:40:05.036+0000 INFO  [o.n.k.i.DiagnosticsManager] --- STARTED diagnostics for KernelDiagnostics:StoreFiles END ---
2015-12-11 21:40:05.045+0000 INFO  [o.n.k.i.DiagnosticsManager] --- SERVER STARTED START ---
2015-12-11 21:40:05.669+0000 INFO  [o.n.k.i.DiagnosticsManager] --- SERVER STARTED END ---
2015-12-11 21:45:43.749+0000 INFO  [o.n.k.i.f.GraphDatabaseFacade] Shutdown started
2015-12-11 21:45:43.752+0000 INFO  [o.n.k.i.f.CommunityFacadeFactory] Database is now unavailable
2015-12-11 21:45:43.826+0000 INFO  [o.n.k.i.t.l.c.CheckPointerImpl] Check Pointing triggered by database shutdown [10009]:  Starting check pointing...
2015-12-11 21:45:43.832+0000 INFO  [o.n.k.i.t.l.c.CheckPointerImpl] Check Pointing triggered by database shutdown [10009]:  Starting store flush...
2015-12-11 21:45:43.855+0000 INFO  [o.n.k.i.t.l.c.CheckPointerImpl] Check Pointing triggered by database shutdown [10009]:  Store flush completed
2015-12-11 21:45:43.859+0000 INFO  [o.n.k.i.t.l.c.CheckPointerImpl] Check Pointing triggered by database shutdown [10009]:  Starting appending check point entry into the tx log...
2015-12-11 21:45:43.877+0000 INFO  [o.n.k.i.t.l.c.CheckPointerImpl] Check Pointing triggered by database shutdown [10009]:  Appending check point entry into the tx log completed
2015-12-11 21:45:43.881+0000 INFO  [o.n.k.i.t.l.c.CheckPointerImpl] Check Pointing triggered by database shutdown [10009]:  Check pointing completed
2015-12-11 21:45:43.885+0000 INFO  [o.n.k.i.t.l.p.LogPruningImpl] Log Rotation [0]:  Starting log pruning.
2015-12-11 21:45:43.889+0000 INFO  [o.n.k.i.t.l.p.LogPruningImpl] Log Rotation [0]:  Log pruning complete.
2015-12-11 21:45:45.204+0000 INFO  [o.n.k.NeoStoreDataSource] NeoStores closed
2015-12-11 21:45:45.210+0000 INFO  [o.n.k.i.DiagnosticsManager] --- STOPPING diagnostics START ---
2015-12-11 21:45:45.210+0000 INFO  [o.n.k.i.DiagnosticsManager] --- STOPPING diagnostics END ---
