2015-12-11 17:20:38.146+0000 INFO  [o.n.k.i.f.CommunityFacadeFactory] No locking implementation specified, defaulting to 'community'
2015-12-11 17:20:38.146+0000 INFO  [o.n.k.AvailabilityGuard] Requirement makes database unavailable: Database available
2015-12-11 17:20:38.146+0000 INFO  [o.n.k.i.DiagnosticsManager] --- INITIALIZED diagnostics START ---
2015-12-11 17:20:38.146+0000 INFO  [o.n.k.i.DiagnosticsManager] Neo4j Kernel properties:
2015-12-11 17:20:38.146+0000 INFO  [o.n.k.i.DiagnosticsManager] org.neo4j.server.db.tuning.properties=C:\561\10000\10000D4\neo4j.properties
2015-12-11 17:20:38.146+0000 INFO  [o.n.k.i.DiagnosticsManager] org.neo4j.server.database.location=C:\561\10000\10000D4
2015-12-11 17:20:38.146+0000 INFO  [o.n.k.i.DiagnosticsManager] dbms.querylog.filename=data/log/queries.log
2015-12-11 17:20:38.146+0000 INFO  [o.n.k.i.DiagnosticsManager] dbms.security.auth_store.location=C:\561\10000\10000D4\.\dbms\auth
2015-12-11 17:20:38.146+0000 INFO  [o.n.k.i.DiagnosticsManager] dbms.security.tls_certificate_file=C:\561\10000\10000D4\.\dbms\ssl\snakeoil.cert
2015-12-11 17:20:38.146+0000 INFO  [o.n.k.i.DiagnosticsManager] remote_shell_enabled=true
2015-12-11 17:20:38.146+0000 INFO  [o.n.k.i.DiagnosticsManager] edition=Community
2015-12-11 17:20:38.146+0000 INFO  [o.n.k.i.DiagnosticsManager] dbms.security.tls_key_file=C:\561\10000\10000D4\.\dbms\ssl\snakeoil.key
2015-12-11 17:20:38.146+0000 INFO  [o.n.k.i.DiagnosticsManager] Diagnostics providers:
2015-12-11 17:20:38.146+0000 INFO  [o.n.k.i.DiagnosticsManager] org.neo4j.kernel.configuration.Config
2015-12-11 17:20:38.146+0000 INFO  [o.n.k.i.DiagnosticsManager] org.neo4j.kernel.info.DiagnosticsManager
2015-12-11 17:20:38.146+0000 INFO  [o.n.k.i.DiagnosticsManager] SYSTEM_MEMORY
2015-12-11 17:20:38.146+0000 INFO  [o.n.k.i.DiagnosticsManager] JAVA_MEMORY
2015-12-11 17:20:38.146+0000 INFO  [o.n.k.i.DiagnosticsManager] OPERATING_SYSTEM
2015-12-11 17:20:38.146+0000 INFO  [o.n.k.i.DiagnosticsManager] JAVA_VIRTUAL_MACHINE
2015-12-11 17:20:38.146+0000 INFO  [o.n.k.i.DiagnosticsManager] CLASSPATH
2015-12-11 17:20:38.146+0000 INFO  [o.n.k.i.DiagnosticsManager] LIBRARY_PATH
2015-12-11 17:20:38.146+0000 INFO  [o.n.k.i.DiagnosticsManager] SYSTEM_PROPERTIES
2015-12-11 17:20:38.146+0000 INFO  [o.n.k.i.DiagnosticsManager] NETWORK
2015-12-11 17:20:38.146+0000 INFO  [o.n.k.i.DiagnosticsManager] System memory information:
2015-12-11 17:20:38.146+0000 INFO  [o.n.k.i.DiagnosticsManager] Total Physical memory: 3.93 GB
2015-12-11 17:20:38.146+0000 INFO  [o.n.k.i.DiagnosticsManager] Free Physical memory: 2.10 GB
2015-12-11 17:20:38.146+0000 INFO  [o.n.k.i.DiagnosticsManager] Committed virtual memory: 375.05 MB
2015-12-11 17:20:38.146+0000 INFO  [o.n.k.i.DiagnosticsManager] Total swap space: 5.66 GB
2015-12-11 17:20:38.146+0000 INFO  [o.n.k.i.DiagnosticsManager] Free swap space: 3.32 GB
2015-12-11 17:20:38.146+0000 INFO  [o.n.k.i.DiagnosticsManager] JVM memory information:
2015-12-11 17:20:38.146+0000 INFO  [o.n.k.i.DiagnosticsManager] Free  memory: 45.26 MB
2015-12-11 17:20:38.146+0000 INFO  [o.n.k.i.DiagnosticsManager] Total memory: 107.00 MB
2015-12-11 17:20:38.146+0000 INFO  [o.n.k.i.DiagnosticsManager] Max   memory: 894.50 MB
2015-12-11 17:20:38.146+0000 INFO  [o.n.k.i.DiagnosticsManager] Garbage Collector: PS Scavenge: [PS Eden Space, PS Survivor Space]
2015-12-11 17:20:38.146+0000 INFO  [o.n.k.i.DiagnosticsManager] Garbage Collector: PS MarkSweep: [PS Eden Space, PS Survivor Space, PS Old Gen, PS Perm Gen]
2015-12-11 17:20:38.146+0000 INFO  [o.n.k.i.DiagnosticsManager] Memory Pool: Code Cache (Non-heap memory): committed=10.25 MB, used=10.07 MB, max=48.00 MB, threshold=0.00 B
2015-12-11 17:20:38.146+0000 INFO  [o.n.k.i.DiagnosticsManager] Memory Pool: PS Eden Space (Heap memory): committed=30.00 MB, used=7.84 MB, max=332.00 MB, threshold=?
2015-12-11 17:20:38.146+0000 INFO  [o.n.k.i.DiagnosticsManager] Memory Pool: PS Survivor Space (Heap memory): committed=512.00 kB, used=0.00 B, max=512.00 kB, threshold=?
2015-12-11 17:20:38.146+0000 INFO  [o.n.k.i.DiagnosticsManager] Memory Pool: PS Old Gen (Heap memory): committed=76.50 MB, used=53.90 MB, max=670.50 MB, threshold=0.00 B
2015-12-11 17:20:38.146+0000 INFO  [o.n.k.i.DiagnosticsManager] Memory Pool: PS Perm Gen (Non-heap memory): committed=62.00 MB, used=61.82 MB, max=82.00 MB, threshold=0.00 B
2015-12-11 17:20:38.146+0000 INFO  [o.n.k.i.DiagnosticsManager] Operating system information:
2015-12-11 17:20:38.146+0000 INFO  [o.n.k.i.DiagnosticsManager] Operating System: Windows 8.1; version: 6.3; arch: amd64; cpus: 8
2015-12-11 17:20:38.146+0000 INFO  [o.n.k.i.DiagnosticsManager] Process id: 5816@ATAN-B03-02
2015-12-11 17:20:38.146+0000 INFO  [o.n.k.i.DiagnosticsManager] Byte order: LITTLE_ENDIAN
2015-12-11 17:20:38.146+0000 INFO  [o.n.k.i.DiagnosticsManager] Local timezone: America/Chicago
2015-12-11 17:20:38.146+0000 INFO  [o.n.k.i.DiagnosticsManager] JVM information:
2015-12-11 17:20:38.146+0000 INFO  [o.n.k.i.DiagnosticsManager] VM Name: Java HotSpot(TM) 64-Bit Server VM
2015-12-11 17:20:38.146+0000 INFO  [o.n.k.i.DiagnosticsManager] VM Vendor: Oracle Corporation
2015-12-11 17:20:38.146+0000 INFO  [o.n.k.i.DiagnosticsManager] VM Version: 24.80-b11
2015-12-11 17:20:38.146+0000 INFO  [o.n.k.i.DiagnosticsManager] JIT compiler: HotSpot 64-Bit Tiered Compilers
2015-12-11 17:20:38.162+0000 INFO  [o.n.k.i.DiagnosticsManager] VM Arguments: [-Dexe4j.semaphoreName=Local\c:_program_files_neo4j_ce_2.3.1_bin_neo4j-ce.exe, -Dexe4j.isInstall4j=true, -Dexe4j.moduleName=C:\Program Files\Neo4j CE 2.3.1\bin\neo4j-ce.exe, -Dexe4j.tempDir=, -Dexe4j.unextractedPosition=0, -Djava.library.path=C:\Program Files (x86)\AMD APP\bin\x86_64;C:\Program Files (x86)\AMD APP\bin\x86;C:\ProgramData\Oracle\Java\javapath;C:\Windows\system32;C:\Windows;C:\Windows\System32\Wbem;C:\Windows\System32\WindowsPowerShell\v1.0\;C:\Program Files (x86)\MiKTeX 2.9\miktex\bin\;C:\Program Files\TortoiseSVN\bin;C:\Windows\system32\config\systemprofile\.dnx\bin;C:\Program Files\Microsoft DNX\Dnvm\;C:\Program Files\MATLAB\R2015b\runtime\win64;C:\Program Files\MATLAB\R2015b\bin;C:\Program Files (x86)\ATI Technologies\ATI.ACE\Core-Static;c:\program files\neo4j ce 2.3.1\jre\bin, -Dexe4j.consoleCodepage=cp0, -Dinstall4j.launcherId=24, -Dinstall4j.swt=false]
2015-12-11 17:20:38.162+0000 INFO  [o.n.k.i.DiagnosticsManager] Java classpath:
2015-12-11 17:20:38.162+0000 INFO  [o.n.k.i.DiagnosticsManager]  [loader.1] file:/C:/Program%20Files/Neo4j%20CE%202.3.1/jre/lib/ext/dnsns.jar
2015-12-11 17:20:38.162+0000 INFO  [o.n.k.i.DiagnosticsManager]  [loader.0] file:/C:/Program%20Files/Neo4j%20CE%202.3.1/bin/
2015-12-11 17:20:38.162+0000 INFO  [o.n.k.i.DiagnosticsManager]  [bootstrap] C:\Program Files\Neo4j CE 2.3.1\jre\lib\resources.jar
2015-12-11 17:20:38.162+0000 INFO  [o.n.k.i.DiagnosticsManager]  [bootstrap] C:\Program Files\Neo4j CE 2.3.1\jre\lib\jfr.jar
2015-12-11 17:20:38.162+0000 INFO  [o.n.k.i.DiagnosticsManager]  [classpath] C:\Program Files\Neo4j CE 2.3.1\.install4j\i4jruntime.jar
2015-12-11 17:20:38.162+0000 INFO  [o.n.k.i.DiagnosticsManager]  [loader.1] file:/C:/Program%20Files/Neo4j%20CE%202.3.1/jre/lib/ext/sunmscapi.jar
2015-12-11 17:20:38.162+0000 INFO  [o.n.k.i.DiagnosticsManager]  [bootstrap] C:\Program Files\Neo4j CE 2.3.1\jre\lib\jsse.jar
2015-12-11 17:20:38.162+0000 INFO  [o.n.k.i.DiagnosticsManager]  [loader.1] file:/C:/Program%20Files/Neo4j%20CE%202.3.1/jre/lib/ext/dns_sd.jar
2015-12-11 17:20:38.162+0000 INFO  [o.n.k.i.DiagnosticsManager]  [loader.0] file:/C:/Program%20Files/Neo4j%20CE%202.3.1/.install4j/i4jruntime.jar
2015-12-11 17:20:38.162+0000 INFO  [o.n.k.i.DiagnosticsManager]  [loader.0] file:/C:/Program%20Files/Neo4j%20CE%202.3.1/bin/neo4j-desktop-2.3.1.jar
2015-12-11 17:20:38.162+0000 INFO  [o.n.k.i.DiagnosticsManager]  [loader.1] file:/C:/Program%20Files/Neo4j%20CE%202.3.1/jre/lib/ext/access-bridge-64.jar
2015-12-11 17:20:38.162+0000 INFO  [o.n.k.i.DiagnosticsManager]  [loader.1] file:/C:/Program%20Files/Neo4j%20CE%202.3.1/jre/lib/ext/localedata.jar
2015-12-11 17:20:38.162+0000 INFO  [o.n.k.i.DiagnosticsManager]  [bootstrap] C:\Program Files\Neo4j CE 2.3.1\jre\lib\sunrsasign.jar
2015-12-11 17:20:38.162+0000 INFO  [o.n.k.i.DiagnosticsManager]  [bootstrap] C:\Program Files\Neo4j CE 2.3.1\jre\lib\jce.jar
2015-12-11 17:20:38.162+0000 INFO  [o.n.k.i.DiagnosticsManager]  [bootstrap] C:\Program Files\Neo4j CE 2.3.1\jre\lib\rt.jar
2015-12-11 17:20:38.162+0000 INFO  [o.n.k.i.DiagnosticsManager]  [bootstrap] C:\Program Files\Neo4j CE 2.3.1\jre\lib\charsets.jar
2015-12-11 17:20:38.162+0000 INFO  [o.n.k.i.DiagnosticsManager]  [loader.1] file:/C:/Program%20Files/Neo4j%20CE%202.3.1/jre/lib/ext/sunjce_provider.jar
2015-12-11 17:20:38.162+0000 INFO  [o.n.k.i.DiagnosticsManager]  [bootstrap] C:\Program Files\Neo4j CE 2.3.1\jre\classes
2015-12-11 17:20:38.162+0000 INFO  [o.n.k.i.DiagnosticsManager]  [loader.1] file:/C:/Program%20Files/Neo4j%20CE%202.3.1/jre/lib/ext/zipfs.jar
2015-12-11 17:20:38.162+0000 INFO  [o.n.k.i.DiagnosticsManager]  [loader.1] file:/C:/Program%20Files/Neo4j%20CE%202.3.1/jre/lib/ext/jaccess.jar
2015-12-11 17:20:38.162+0000 INFO  [o.n.k.i.DiagnosticsManager]  [loader.1] file:/C:/Program%20Files/Neo4j%20CE%202.3.1/jre/lib/ext/sunec.jar
2015-12-11 17:20:38.162+0000 INFO  [o.n.k.i.DiagnosticsManager]  [classpath] C:\Program Files\Neo4j CE 2.3.1\bin\neo4j-desktop-2.3.1.jar
2015-12-11 17:20:38.162+0000 INFO  [o.n.k.i.DiagnosticsManager] Library path:
2015-12-11 17:20:38.162+0000 INFO  [o.n.k.i.DiagnosticsManager] C:\Program Files (x86)\AMD APP\bin\x86_64
2015-12-11 17:20:38.162+0000 INFO  [o.n.k.i.DiagnosticsManager] C:\Program Files (x86)\AMD APP\bin\x86
2015-12-11 17:20:38.162+0000 INFO  [o.n.k.i.DiagnosticsManager] C:\ProgramData\Oracle\Java\javapath
2015-12-11 17:20:38.162+0000 INFO  [o.n.k.i.DiagnosticsManager] C:\Windows\System32
2015-12-11 17:20:38.162+0000 INFO  [o.n.k.i.DiagnosticsManager] C:\Windows
2015-12-11 17:20:38.162+0000 INFO  [o.n.k.i.DiagnosticsManager] C:\Windows\System32\wbem
2015-12-11 17:20:38.162+0000 INFO  [o.n.k.i.DiagnosticsManager] C:\Windows\System32\WindowsPowerShell\v1.0
2015-12-11 17:20:38.162+0000 INFO  [o.n.k.i.DiagnosticsManager] C:\Program Files (x86)\MiKTeX 2.9\miktex\bin
2015-12-11 17:20:38.162+0000 INFO  [o.n.k.i.DiagnosticsManager] C:\Program Files\TortoiseSVN\bin
2015-12-11 17:20:38.162+0000 INFO  [o.n.k.i.DiagnosticsManager] C:\Windows\System32\config\systemprofile\.dnx\bin
2015-12-11 17:20:38.162+0000 INFO  [o.n.k.i.DiagnosticsManager] C:\Program Files\Microsoft DNX\Dnvm
2015-12-11 17:20:38.162+0000 INFO  [o.n.k.i.DiagnosticsManager] C:\Program Files\MATLAB\R2015b\runtime\win64
2015-12-11 17:20:38.162+0000 INFO  [o.n.k.i.DiagnosticsManager] C:\Program Files\MATLAB\R2015b\bin
2015-12-11 17:20:38.162+0000 INFO  [o.n.k.i.DiagnosticsManager] C:\Program Files (x86)\ATI Technologies\ATI.ACE\Core-Static
2015-12-11 17:20:38.162+0000 INFO  [o.n.k.i.DiagnosticsManager] C:\Program Files\Neo4j CE 2.3.1\jre\bin
2015-12-11 17:20:38.162+0000 INFO  [o.n.k.i.DiagnosticsManager] System.properties:
2015-12-11 17:20:38.162+0000 INFO  [o.n.k.i.DiagnosticsManager] exe4j.moduleName = C:\Program Files\Neo4j CE 2.3.1\bin\neo4j-ce.exe
2015-12-11 17:20:38.162+0000 INFO  [o.n.k.i.DiagnosticsManager] exe4j.semaphoreName = Local\c:_program_files_neo4j_ce_2.3.1_bin_neo4j-ce.exe
2015-12-11 17:20:38.162+0000 INFO  [o.n.k.i.DiagnosticsManager] sun.boot.library.path = c:\program files\neo4j ce 2.3.1\jre\bin
2015-12-11 17:20:38.162+0000 INFO  [o.n.k.i.DiagnosticsManager] exe4j.consoleCodepage = cp0
2015-12-11 17:20:38.162+0000 INFO  [o.n.k.i.DiagnosticsManager] path.separator = ;
2015-12-11 17:20:38.162+0000 INFO  [o.n.k.i.DiagnosticsManager] file.encoding.pkg = sun.io
2015-12-11 17:20:38.162+0000 INFO  [o.n.k.i.DiagnosticsManager] user.country = US
2015-12-11 17:20:38.162+0000 INFO  [o.n.k.i.DiagnosticsManager] user.script = 
2015-12-11 17:20:38.162+0000 INFO  [o.n.k.i.DiagnosticsManager] sun.os.patch.level = 
2015-12-11 17:20:38.162+0000 INFO  [o.n.k.i.DiagnosticsManager] install4j.exeDir = C:\Program Files\Neo4j CE 2.3.1\bin\
2015-12-11 17:20:38.162+0000 INFO  [o.n.k.i.DiagnosticsManager] user.dir = C:\Program Files\Neo4j CE 2.3.1\bin
2015-12-11 17:20:38.162+0000 INFO  [o.n.k.i.DiagnosticsManager] neo4j.ext.udc.source = desktop
2015-12-11 17:20:38.162+0000 INFO  [o.n.k.i.DiagnosticsManager] user.variant = 
2015-12-11 17:20:38.162+0000 INFO  [o.n.k.i.DiagnosticsManager] exe4j.tempDir = 
2015-12-11 17:20:38.162+0000 INFO  [o.n.k.i.DiagnosticsManager] sun.jnu.encoding = Cp1252
2015-12-11 17:20:38.162+0000 INFO  [o.n.k.i.DiagnosticsManager] sun.awt.enableExtraMouseButtons = true
2015-12-11 17:20:38.162+0000 INFO  [o.n.k.i.DiagnosticsManager] install4j.launcherId = 24
2015-12-11 17:20:38.162+0000 INFO  [o.n.k.i.DiagnosticsManager] sun.management.compiler = HotSpot 64-Bit Tiered Compilers
2015-12-11 17:20:38.162+0000 INFO  [o.n.k.i.DiagnosticsManager] exe4j.isInstall4j = true
2015-12-11 17:20:38.162+0000 INFO  [o.n.k.i.DiagnosticsManager] install4j.swt = false
2015-12-11 17:20:38.162+0000 INFO  [o.n.k.i.DiagnosticsManager] user.home = C:\Users\cez
2015-12-11 17:20:38.162+0000 INFO  [o.n.k.i.DiagnosticsManager] user.timezone = America/Chicago
2015-12-11 17:20:38.162+0000 INFO  [o.n.k.i.DiagnosticsManager] file.encoding = Cp1252
2015-12-11 17:20:38.162+0000 INFO  [o.n.k.i.DiagnosticsManager] user.name = cez
2015-12-11 17:20:38.162+0000 INFO  [o.n.k.i.DiagnosticsManager] sun.java.command = C:\Program Files\Neo4j CE 2.3.1\bin\neo4j-ce.exe
2015-12-11 17:20:38.162+0000 INFO  [o.n.k.i.DiagnosticsManager] sun.arch.data.model = 64
2015-12-11 17:20:38.162+0000 INFO  [o.n.k.i.DiagnosticsManager] exe4j.launchName = C:\Program Files\Neo4j CE 2.3.1\bin\neo4j-ce.exe
2015-12-11 17:20:38.162+0000 INFO  [o.n.k.i.DiagnosticsManager] user.language = en
2015-12-11 17:20:38.162+0000 INFO  [o.n.k.i.DiagnosticsManager] awt.toolkit = sun.awt.windows.WToolkit
2015-12-11 17:20:38.162+0000 INFO  [o.n.k.i.DiagnosticsManager] exe4j.unextractedPosition = 0
2015-12-11 17:20:38.162+0000 INFO  [o.n.k.i.DiagnosticsManager] install4j.appDir = C:\Program Files\Neo4j CE 2.3.1\
2015-12-11 17:20:38.162+0000 INFO  [o.n.k.i.DiagnosticsManager] file.separator = \
2015-12-11 17:20:38.162+0000 INFO  [o.n.k.i.DiagnosticsManager] sun.io.unicode.encoding = UnicodeLittle
2015-12-11 17:20:38.162+0000 INFO  [o.n.k.i.DiagnosticsManager] sun.cpu.endian = little
2015-12-11 17:20:38.162+0000 INFO  [o.n.k.i.DiagnosticsManager] sun.desktop = windows
2015-12-11 17:20:38.162+0000 INFO  [o.n.k.i.DiagnosticsManager] sun.cpu.isalist = amd64
2015-12-11 17:20:38.162+0000 INFO  [o.n.k.i.DiagnosticsManager] Network information:
2015-12-11 17:20:38.178+0000 INFO  [o.n.k.i.DiagnosticsManager] Interface Software Loopback Interface 1:
2015-12-11 17:20:38.178+0000 INFO  [o.n.k.i.DiagnosticsManager]     address: 127.0.0.1
2015-12-11 17:20:38.178+0000 INFO  [o.n.k.i.DiagnosticsManager]     address: 0:0:0:0:0:0:0:1
2015-12-11 17:20:38.178+0000 INFO  [o.n.k.i.DiagnosticsManager] Interface Microsoft Kernel Debug Network Adapter:
2015-12-11 17:20:38.178+0000 INFO  [o.n.k.i.DiagnosticsManager] Interface Intel(R) 82578DM Gigabit Network Connection:
2015-12-11 17:20:38.178+0000 INFO  [o.n.k.i.DiagnosticsManager]     address: 10.24.47.166
2015-12-11 17:20:38.178+0000 INFO  [o.n.k.i.DiagnosticsManager]     address: 2610:130:101:d00:4493:c16:efa9:8b55
2015-12-11 17:20:38.178+0000 INFO  [o.n.k.i.DiagnosticsManager]     address: 2610:130:101:d00:920:e15d:79eb:345b
2015-12-11 17:20:38.178+0000 INFO  [o.n.k.i.DiagnosticsManager]     address: 2610:130:101:d00:a502:b02c:1a2d:577b
2015-12-11 17:20:38.178+0000 INFO  [o.n.k.i.DiagnosticsManager]     address: fe80:0:0:0:4493:c16:efa9:8b55%3
2015-12-11 17:20:38.178+0000 INFO  [o.n.k.i.DiagnosticsManager] Interface Microsoft ISATAP Adapter:
2015-12-11 17:20:38.178+0000 INFO  [o.n.k.i.DiagnosticsManager]     address: fe80:0:0:0:0:5efe:c0a8:3801%4
2015-12-11 17:20:38.178+0000 INFO  [o.n.k.i.DiagnosticsManager] Interface Teredo Tunneling Pseudo-Interface:
2015-12-11 17:20:38.178+0000 INFO  [o.n.k.i.DiagnosticsManager] Interface Microsoft ISATAP Adapter #2:
2015-12-11 17:20:38.178+0000 INFO  [o.n.k.i.DiagnosticsManager]     address: fe80:0:0:0:0:5efe:a18:2fa6%6
2015-12-11 17:20:38.178+0000 INFO  [o.n.k.i.DiagnosticsManager] Interface VirtualBox Host-Only Ethernet Adapter:
2015-12-11 17:20:38.178+0000 INFO  [o.n.k.i.DiagnosticsManager]     address: 192.168.56.1
2015-12-11 17:20:38.178+0000 INFO  [o.n.k.i.DiagnosticsManager]     address: fe80:0:0:0:4133:2d33:29c2:6efa%7
2015-12-11 17:20:38.178+0000 INFO  [o.n.k.i.DiagnosticsManager] Interface Microsoft ISATAP Adapter #3:
2015-12-11 17:20:38.178+0000 INFO  [o.n.k.i.DiagnosticsManager] Interface VirtualBox Host-Only Ethernet Adapter-WFP Native MAC Layer LightWeight Filter-0000:
2015-12-11 17:20:38.178+0000 INFO  [o.n.k.i.DiagnosticsManager] Interface VirtualBox Host-Only Ethernet Adapter-VirtualBox NDIS Light-Weight Filter-0000:
2015-12-11 17:20:38.178+0000 INFO  [o.n.k.i.DiagnosticsManager] Interface VirtualBox Host-Only Ethernet Adapter-QoS Packet Scheduler-0000:
2015-12-11 17:20:38.178+0000 INFO  [o.n.k.i.DiagnosticsManager] Interface VirtualBox Host-Only Ethernet Adapter-WFP 802.3 MAC Layer LightWeight Filter-0000:
2015-12-11 17:20:38.178+0000 INFO  [o.n.k.i.DiagnosticsManager] Interface Intel(R) 82578DM Gigabit Network Connection-WFP Native MAC Layer LightWeight Filter-0000:
2015-12-11 17:20:38.178+0000 INFO  [o.n.k.i.DiagnosticsManager] Interface Intel(R) 82578DM Gigabit Network Connection-VirtualBox NDIS Light-Weight Filter-0000:
2015-12-11 17:20:38.178+0000 INFO  [o.n.k.i.DiagnosticsManager] Interface Intel(R) 82578DM Gigabit Network Connection-QoS Packet Scheduler-0000:
2015-12-11 17:20:38.178+0000 INFO  [o.n.k.i.DiagnosticsManager] Interface Intel(R) 82578DM Gigabit Network Connection-WFP 802.3 MAC Layer LightWeight Filter-0000:
2015-12-11 17:20:38.178+0000 INFO  [o.n.k.i.DiagnosticsManager] --- INITIALIZED diagnostics END ---
2015-12-11 17:20:40.990+0000 INFO  [o.n.k.a.i.i.LuceneLabelScanStore] No lucene scan store index found, this might just be first use. Preparing to rebuild.
2015-12-11 17:20:41.006+0000 INFO  [o.n.k.NeoStoreDataSource] Opened logical log [C:\561\10000\10000D4\neostore.transaction.db.0] version=0, lastTxId=1 (clean)
2015-12-11 17:20:41.021+0000 WARN  [o.n.k.i.s.MetaDataStore] Missing counts store, rebuilding it.
2015-12-11 17:20:41.099+0000 INFO  [o.n.k.a.i.i.LuceneLabelScanStore] Rebuilding lucene scan store, this may take a while
2015-12-11 17:20:41.115+0000 INFO  [o.n.k.a.i.i.LuceneLabelScanStore] Lucene scan store rebuilt (roughly -1 nodes)
2015-12-11 17:20:41.115+0000 INFO  [o.n.k.KernelHealth] Kernel health set to OK
2015-12-11 17:20:41.131+0000 INFO  [o.n.k.AvailabilityGuard] Fulfilling of requirement makes database available: Database available
2015-12-11 17:20:41.131+0000 INFO  [o.n.k.i.f.CommunityFacadeFactory] Database is now ready
2015-12-11 17:20:41.131+0000 INFO  [o.n.k.i.DiagnosticsManager] --- STARTED diagnostics for KernelDiagnostics:Versions START ---
2015-12-11 17:20:41.146+0000 INFO  [o.n.k.i.DiagnosticsManager] Graph Database: Community StoreId{creationTime=1449854440912, randomId=816406612918084603, storeVersion=15250506225055238, upgradeTime=1449854440912, upgradeId=1}
2015-12-11 17:20:41.146+0000 INFO  [o.n.k.i.DiagnosticsManager] Kernel version: 2.3.1
2015-12-11 17:20:41.146+0000 INFO  [o.n.k.i.DiagnosticsManager] --- STARTED diagnostics for KernelDiagnostics:Versions END ---
2015-12-11 17:20:41.146+0000 INFO  [o.n.k.i.DiagnosticsManager] --- STARTED diagnostics for NEO_STORE_VERSIONS START ---
2015-12-11 17:20:41.146+0000 INFO  [o.n.k.i.DiagnosticsManager] Store versions:
2015-12-11 17:20:41.146+0000 INFO  [o.n.k.i.DiagnosticsManager] Store versions:
2015-12-11 17:20:41.146+0000 INFO  [o.n.k.i.DiagnosticsManager] ArrayPropertyStore v0.A.6
2015-12-11 17:20:41.162+0000 INFO  [o.n.k.i.DiagnosticsManager] NodeStore v0.A.6
2015-12-11 17:20:41.162+0000 INFO  [o.n.k.i.DiagnosticsManager] StringPropertyStore v0.A.6
2015-12-11 17:20:41.162+0000 INFO  [o.n.k.i.DiagnosticsManager] PropertyIndexStore v0.A.6
2015-12-11 17:20:41.162+0000 INFO  [o.n.k.i.DiagnosticsManager] StringPropertyStore v0.A.6
2015-12-11 17:20:41.162+0000 INFO  [o.n.k.i.DiagnosticsManager] ArrayPropertyStore v0.A.6
2015-12-11 17:20:41.162+0000 INFO  [o.n.k.i.DiagnosticsManager] PropertyStore v0.A.6
2015-12-11 17:20:41.162+0000 INFO  [o.n.k.i.DiagnosticsManager] RelationshipStore v0.A.6
2015-12-11 17:20:41.162+0000 INFO  [o.n.k.i.DiagnosticsManager] StringPropertyStore v0.A.6
2015-12-11 17:20:41.177+0000 INFO  [o.n.k.i.DiagnosticsManager] RelationshipTypeStore v0.A.6
2015-12-11 17:20:41.177+0000 INFO  [o.n.k.i.DiagnosticsManager] StringPropertyStore v0.A.6
2015-12-11 17:20:41.177+0000 INFO  [o.n.k.i.DiagnosticsManager] LabelTokenStore v0.A.6
2015-12-11 17:20:41.177+0000 INFO  [o.n.k.i.DiagnosticsManager] SchemaStore v0.A.6
2015-12-11 17:20:41.177+0000 INFO  [o.n.k.i.DiagnosticsManager] RelationshipGroupStore v0.A.6
2015-12-11 17:20:41.177+0000 INFO  [o.n.k.i.DiagnosticsManager] NeoStore v0.A.6
2015-12-11 17:20:41.177+0000 INFO  [o.n.k.i.DiagnosticsManager] --- STARTED diagnostics for NEO_STORE_VERSIONS END ---
2015-12-11 17:20:41.193+0000 INFO  [o.n.k.i.DiagnosticsManager] --- STARTED diagnostics for NEO_STORE_ID_USAGE START ---
2015-12-11 17:20:41.193+0000 INFO  [o.n.k.i.DiagnosticsManager] Id usage:
2015-12-11 17:20:41.193+0000 INFO  [o.n.k.i.DiagnosticsManager] Id usage:
2015-12-11 17:20:41.193+0000 INFO  [o.n.k.i.DiagnosticsManager]   ArrayPropertyStore v0.A.6: used=1 high=0
2015-12-11 17:20:41.193+0000 INFO  [o.n.k.i.DiagnosticsManager]   NodeStore v0.A.6: used=0 high=-1
2015-12-11 17:20:41.193+0000 INFO  [o.n.k.i.DiagnosticsManager]   StringPropertyStore v0.A.6: used=1 high=0
2015-12-11 17:20:41.193+0000 INFO  [o.n.k.i.DiagnosticsManager]   PropertyIndexStore v0.A.6: used=0 high=-1
2015-12-11 17:20:41.209+0000 INFO  [o.n.k.i.DiagnosticsManager]   StringPropertyStore v0.A.6: used=1 high=0
2015-12-11 17:20:41.209+0000 INFO  [o.n.k.i.DiagnosticsManager]   ArrayPropertyStore v0.A.6: used=1 high=0
2015-12-11 17:20:41.209+0000 INFO  [o.n.k.i.DiagnosticsManager]   PropertyStore v0.A.6: used=0 high=-1
2015-12-11 17:20:41.209+0000 INFO  [o.n.k.i.DiagnosticsManager]   RelationshipStore v0.A.6: used=0 high=-1
2015-12-11 17:20:41.209+0000 INFO  [o.n.k.i.DiagnosticsManager]   StringPropertyStore v0.A.6: used=1 high=0
2015-12-11 17:20:41.209+0000 INFO  [o.n.k.i.DiagnosticsManager]   RelationshipTypeStore v0.A.6: used=0 high=-1
2015-12-11 17:20:41.209+0000 INFO  [o.n.k.i.DiagnosticsManager]   StringPropertyStore v0.A.6: used=1 high=0
2015-12-11 17:20:41.224+0000 INFO  [o.n.k.i.DiagnosticsManager]   LabelTokenStore v0.A.6: used=0 high=-1
2015-12-11 17:20:41.224+0000 INFO  [o.n.k.i.DiagnosticsManager]   SchemaStore v0.A.6: used=1 high=0
2015-12-11 17:20:41.224+0000 INFO  [o.n.k.i.DiagnosticsManager]   RelationshipGroupStore v0.A.6: used=1 high=0
2015-12-11 17:20:41.224+0000 INFO  [o.n.k.i.DiagnosticsManager]   NeoStore v0.A.6: used=13 high=12
2015-12-11 17:20:41.224+0000 INFO  [o.n.k.i.DiagnosticsManager] --- STARTED diagnostics for NEO_STORE_ID_USAGE END ---
2015-12-11 17:20:41.224+0000 INFO  [o.n.k.i.DiagnosticsManager] --- STARTED diagnostics for NEO_STORE_RECORDS START ---
2015-12-11 17:20:41.224+0000 INFO  [o.n.k.i.DiagnosticsManager] Neostore records:
2015-12-11 17:20:41.240+0000 INFO  [o.n.k.i.DiagnosticsManager] TIME (Creation time): 1449854440912
2015-12-11 17:20:41.240+0000 INFO  [o.n.k.i.DiagnosticsManager] RANDOM_NUMBER (Random number for store id): 816406612918084603
2015-12-11 17:20:41.240+0000 INFO  [o.n.k.i.DiagnosticsManager] LOG_VERSION (Current log version): 0
2015-12-11 17:20:41.240+0000 INFO  [o.n.k.i.DiagnosticsManager] LAST_TRANSACTION_ID (Last committed transaction): 1
2015-12-11 17:20:41.240+0000 INFO  [o.n.k.i.DiagnosticsManager] STORE_VERSION (Store format version): 15250506225055238
2015-12-11 17:20:41.240+0000 INFO  [o.n.k.i.DiagnosticsManager] FIRST_GRAPH_PROPERTY (First property record containing graph properties): -1
2015-12-11 17:20:41.240+0000 INFO  [o.n.k.i.DiagnosticsManager] LAST_CONSTRAINT_TRANSACTION (Last committed transaction containing constraint changes): 0
2015-12-11 17:20:41.240+0000 INFO  [o.n.k.i.DiagnosticsManager] UPGRADE_TRANSACTION_ID (Transaction id most recent upgrade was performed at): 1
2015-12-11 17:20:41.256+0000 INFO  [o.n.k.i.DiagnosticsManager] UPGRADE_TIME (Time of last upgrade): 1449854440912
2015-12-11 17:20:41.256+0000 INFO  [o.n.k.i.DiagnosticsManager] LAST_TRANSACTION_CHECKSUM (Checksum of last committed transaction): 0
2015-12-11 17:20:41.256+0000 INFO  [o.n.k.i.DiagnosticsManager] UPGRADE_TRANSACTION_CHECKSUM (Checksum of transaction id the most recent upgrade was performed at): 0
2015-12-11 17:20:41.256+0000 INFO  [o.n.k.i.DiagnosticsManager] LAST_CLOSED_TRANSACTION_LOG_VERSION (Log version where the last transaction commit entry has been written into): 0
2015-12-11 17:20:41.256+0000 INFO  [o.n.k.i.DiagnosticsManager] LAST_CLOSED_TRANSACTION_LOG_BYTE_OFFSET (Byte offset in the log file where the last transaction commit entry has been written into): 16
2015-12-11 17:20:41.256+0000 INFO  [o.n.k.i.DiagnosticsManager] --- STARTED diagnostics for NEO_STORE_RECORDS END ---
2015-12-11 17:20:41.256+0000 INFO  [o.n.k.i.DiagnosticsManager] --- STARTED diagnostics for TRANSACTION_RANGE START ---
2015-12-11 17:20:41.271+0000 INFO  [o.n.k.i.DiagnosticsManager] Transaction log:
2015-12-11 17:20:41.271+0000 INFO  [o.n.k.i.DiagnosticsManager] No transactions found in any log
2015-12-11 17:20:41.271+0000 INFO  [o.n.k.i.DiagnosticsManager] --- STARTED diagnostics for TRANSACTION_RANGE END ---
2015-12-11 17:20:41.271+0000 INFO  [o.n.k.i.DiagnosticsManager] --- STARTED diagnostics for KernelDiagnostics:StoreFiles START ---
2015-12-11 17:20:41.271+0000 INFO  [o.n.k.i.DiagnosticsManager] Disk space on partition (Total / Free / Free %): 499738734592 / 397979025408 / 79
Storage files: (filename : modification date - size)
2015-12-11 17:20:41.271+0000 INFO  [o.n.k.i.DiagnosticsManager]   dbms:
2015-12-11 17:20:41.287+0000 INFO  [o.n.k.i.DiagnosticsManager]     ssl:
2015-12-11 17:20:41.287+0000 INFO  [o.n.k.i.DiagnosticsManager]       snakeoil.cert: 2015-12-11T11:20:37-0600 - 630.00 B
2015-12-11 17:20:41.287+0000 INFO  [o.n.k.i.DiagnosticsManager]       snakeoil.key: 2015-12-11T11:20:37-0600 - 910.00 B
2015-12-11 17:20:41.287+0000 INFO  [o.n.k.i.DiagnosticsManager]     - Total: 2015-12-11T11:20:37-0600 - 1.50 kB
2015-12-11 17:20:41.287+0000 INFO  [o.n.k.i.DiagnosticsManager]   - Total: 2015-12-11T11:20:37-0600 - 1.50 kB
2015-12-11 17:20:41.287+0000 INFO  [o.n.k.i.DiagnosticsManager]   index:
2015-12-11 17:20:41.287+0000 INFO  [o.n.k.i.DiagnosticsManager]   - Total: 2015-12-11T11:20:40-0600 - 0.00 B
2015-12-11 17:20:41.302+0000 INFO  [o.n.k.i.DiagnosticsManager]   messages.log: 2015-12-11T11:20:37-0600 - 26.52 kB
2015-12-11 17:20:41.302+0000 INFO  [o.n.k.i.DiagnosticsManager]   neo4j.properties: 2015-12-11T11:20:37-0600 - 1.30 kB
2015-12-11 17:20:41.302+0000 INFO  [o.n.k.i.DiagnosticsManager]   neostore: 2015-12-11T11:20:40-0600 - 8.00 kB
2015-12-11 17:20:41.302+0000 INFO  [o.n.k.i.DiagnosticsManager]   neostore.counts.db.a: 2015-12-11T11:20:41-0600 - 96.00 B
2015-12-11 17:20:41.302+0000 INFO  [o.n.k.i.DiagnosticsManager]   neostore.id: 2015-12-11T11:20:40-0600 - 9.00 B
2015-12-11 17:20:41.302+0000 INFO  [o.n.k.i.DiagnosticsManager]   neostore.labeltokenstore.db: 2015-12-11T11:20:40-0600 - 0.00 B
2015-12-11 17:20:41.318+0000 INFO  [o.n.k.i.DiagnosticsManager]   neostore.labeltokenstore.db.id: 2015-12-11T11:20:40-0600 - 9.00 B
2015-12-11 17:20:41.318+0000 INFO  [o.n.k.i.DiagnosticsManager]   neostore.labeltokenstore.db.names: 2015-12-11T11:20:40-0600 - 8.00 kB
2015-12-11 17:20:41.318+0000 INFO  [o.n.k.i.DiagnosticsManager]   neostore.labeltokenstore.db.names.id: 2015-12-11T11:20:40-0600 - 9.00 B
2015-12-11 17:20:41.318+0000 INFO  [o.n.k.i.DiagnosticsManager]   neostore.nodestore.db: 2015-12-11T11:20:38-0600 - 0.00 B
2015-12-11 17:20:41.318+0000 INFO  [o.n.k.i.DiagnosticsManager]   neostore.nodestore.db.id: 2015-12-11T11:20:38-0600 - 9.00 B
2015-12-11 17:20:41.318+0000 INFO  [o.n.k.i.DiagnosticsManager]   neostore.nodestore.db.labels: 2015-12-11T11:20:38-0600 - 8.00 kB
2015-12-11 17:20:41.318+0000 INFO  [o.n.k.i.DiagnosticsManager]   neostore.nodestore.db.labels.id: 2015-12-11T11:20:38-0600 - 9.00 B
2015-12-11 17:20:41.334+0000 INFO  [o.n.k.i.DiagnosticsManager]   neostore.propertystore.db: 2015-12-11T11:20:39-0600 - 0.00 B
2015-12-11 17:20:41.334+0000 INFO  [o.n.k.i.DiagnosticsManager]   neostore.propertystore.db.arrays: 2015-12-11T11:20:39-0600 - 8.00 kB
2015-12-11 17:20:41.334+0000 INFO  [o.n.k.i.DiagnosticsManager]   neostore.propertystore.db.arrays.id: 2015-12-11T11:20:39-0600 - 9.00 B
2015-12-11 17:20:41.334+0000 INFO  [o.n.k.i.DiagnosticsManager]   neostore.propertystore.db.id: 2015-12-11T11:20:39-0600 - 9.00 B
2015-12-11 17:20:41.334+0000 INFO  [o.n.k.i.DiagnosticsManager]   neostore.propertystore.db.index: 2015-12-11T11:20:38-0600 - 0.00 B
2015-12-11 17:20:41.334+0000 INFO  [o.n.k.i.DiagnosticsManager]   neostore.propertystore.db.index.id: 2015-12-11T11:20:38-0600 - 9.00 B
2015-12-11 17:20:41.334+0000 INFO  [o.n.k.i.DiagnosticsManager]   neostore.propertystore.db.index.keys: 2015-12-11T11:20:38-0600 - 8.00 kB
2015-12-11 17:20:41.349+0000 INFO  [o.n.k.i.DiagnosticsManager]   neostore.propertystore.db.index.keys.id: 2015-12-11T11:20:38-0600 - 9.00 B
2015-12-11 17:20:41.349+0000 INFO  [o.n.k.i.DiagnosticsManager]   neostore.propertystore.db.strings: 2015-12-11T11:20:39-0600 - 8.00 kB
2015-12-11 17:20:41.349+0000 INFO  [o.n.k.i.DiagnosticsManager]   neostore.propertystore.db.strings.id: 2015-12-11T11:20:39-0600 - 9.00 B
2015-12-11 17:20:41.349+0000 INFO  [o.n.k.i.DiagnosticsManager]   neostore.relationshipgroupstore.db: 2015-12-11T11:20:40-0600 - 8.00 kB
2015-12-11 17:20:41.349+0000 INFO  [o.n.k.i.DiagnosticsManager]   neostore.relationshipgroupstore.db.id: 2015-12-11T11:20:40-0600 - 9.00 B
2015-12-11 17:20:41.349+0000 INFO  [o.n.k.i.DiagnosticsManager]   neostore.relationshipstore.db: 2015-12-11T11:20:39-0600 - 0.00 B
2015-12-11 17:20:41.349+0000 INFO  [o.n.k.i.DiagnosticsManager]   neostore.relationshipstore.db.id: 2015-12-11T11:20:39-0600 - 9.00 B
2015-12-11 17:20:41.365+0000 INFO  [o.n.k.i.DiagnosticsManager]   neostore.relationshiptypestore.db: 2015-12-11T11:20:39-0600 - 0.00 B
2015-12-11 17:20:41.365+0000 INFO  [o.n.k.i.DiagnosticsManager]   neostore.relationshiptypestore.db.id: 2015-12-11T11:20:40-0600 - 9.00 B
2015-12-11 17:20:41.365+0000 INFO  [o.n.k.i.DiagnosticsManager]   neostore.relationshiptypestore.db.names: 2015-12-11T11:20:39-0600 - 8.00 kB
2015-12-11 17:20:41.365+0000 INFO  [o.n.k.i.DiagnosticsManager]   neostore.relationshiptypestore.db.names.id: 2015-12-11T11:20:39-0600 - 9.00 B
2015-12-11 17:20:41.365+0000 INFO  [o.n.k.i.DiagnosticsManager]   neostore.schemastore.db: 2015-12-11T11:20:40-0600 - 8.00 kB
2015-12-11 17:20:41.365+0000 INFO  [o.n.k.i.DiagnosticsManager]   neostore.schemastore.db.id: 2015-12-11T11:20:40-0600 - 9.00 B
2015-12-11 17:20:41.365+0000 INFO  [o.n.k.i.DiagnosticsManager]   neostore.transaction.db.0: 2015-12-11T11:20:41-0600 - 16.00 B
2015-12-11 17:20:41.381+0000 INFO  [o.n.k.i.DiagnosticsManager]   schema:
2015-12-11 17:20:41.381+0000 INFO  [o.n.k.i.DiagnosticsManager]     label:
2015-12-11 17:20:41.381+0000 INFO  [o.n.k.i.DiagnosticsManager]       lucene:
2015-12-11 17:20:41.381+0000 INFO  [o.n.k.i.DiagnosticsManager]         write.lock: 2015-12-11T11:20:40-0600 - 0.00 B
2015-12-11 17:20:41.381+0000 INFO  [o.n.k.i.DiagnosticsManager]       - Total: 2015-12-11T11:20:40-0600 - 0.00 B
2015-12-11 17:20:41.381+0000 INFO  [o.n.k.i.DiagnosticsManager]     - Total: 2015-12-11T11:20:40-0600 - 0.00 B
2015-12-11 17:20:41.381+0000 INFO  [o.n.k.i.DiagnosticsManager]   - Total: 2015-12-11T11:20:40-0600 - 0.00 B
2015-12-11 17:20:41.396+0000 INFO  [o.n.k.i.DiagnosticsManager]   store_lock: 2015-12-11T11:20:38-0600 - 0.00 B
2015-12-11 17:20:41.396+0000 INFO  [o.n.k.i.DiagnosticsManager] --- STARTED diagnostics for KernelDiagnostics:StoreFiles END ---
2015-12-11 17:20:41.396+0000 INFO  [o.n.k.i.DiagnosticsManager] --- SERVER STARTED START ---
2015-12-11 17:20:42.037+0000 INFO  [o.n.k.i.DiagnosticsManager] --- SERVER STARTED END ---
2015-12-11 17:25:41.560+0000 INFO  [o.n.k.i.t.l.c.CheckPointerImpl] Check Pointing triggered by scheduler for time threshold [3910]:  Starting check pointing...
2015-12-11 17:25:41.560+0000 INFO  [o.n.k.i.t.l.c.CheckPointerImpl] Check Pointing triggered by scheduler for time threshold [3910]:  Starting store flush...
2015-12-11 17:25:41.825+0000 INFO  [o.n.k.i.s.c.CountsTracker] About to rotate counts store at transaction 3914 to [C:\561\10000\10000D4\neostore.counts.db.b], from [C:\561\10000\10000D4\neostore.counts.db.a].
2015-12-11 17:25:41.841+0000 INFO  [o.n.k.i.s.c.CountsTracker] Successfully rotated counts store at transaction 3914 to [C:\561\10000\10000D4\neostore.counts.db.b], from [C:\561\10000\10000D4\neostore.counts.db.a].
2015-12-11 17:25:42.325+0000 INFO  [o.n.k.i.t.l.c.CheckPointerImpl] Check Pointing triggered by scheduler for time threshold [3910]:  Store flush completed
2015-12-11 17:25:42.325+0000 INFO  [o.n.k.i.t.l.c.CheckPointerImpl] Check Pointing triggered by scheduler for time threshold [3910]:  Starting appending check point entry into the tx log...
2015-12-11 17:25:42.357+0000 INFO  [o.n.k.i.t.l.c.CheckPointerImpl] Check Pointing triggered by scheduler for time threshold [3910]:  Appending check point entry into the tx log completed
2015-12-11 17:25:42.357+0000 INFO  [o.n.k.i.t.l.c.CheckPointerImpl] Check Pointing triggered by scheduler for time threshold [3910]:  Check pointing completed
2015-12-11 17:25:42.357+0000 INFO  [o.n.k.i.t.l.p.LogPruningImpl] Log Rotation [0]:  Starting log pruning.
2015-12-11 17:25:42.372+0000 INFO  [o.n.k.i.t.l.p.LogPruningImpl] Log Rotation [0]:  Log pruning complete.
2015-12-11 17:30:42.900+0000 INFO  [o.n.k.i.t.l.c.CheckPointerImpl] Check Pointing triggered by scheduler for time threshold [9534]:  Starting check pointing...
2015-12-11 17:30:42.900+0000 INFO  [o.n.k.i.t.l.c.CheckPointerImpl] Check Pointing triggered by scheduler for time threshold [9534]:  Starting store flush...
2015-12-11 17:30:43.166+0000 INFO  [o.n.k.i.s.c.CountsTracker] About to rotate counts store at transaction 9538 to [C:\561\10000\10000D4\neostore.counts.db.a], from [C:\561\10000\10000D4\neostore.counts.db.b].
2015-12-11 17:30:43.166+0000 INFO  [o.n.k.i.s.c.CountsTracker] Successfully rotated counts store at transaction 9538 to [C:\561\10000\10000D4\neostore.counts.db.a], from [C:\561\10000\10000D4\neostore.counts.db.b].
2015-12-11 17:30:43.666+0000 INFO  [o.n.k.i.t.l.c.CheckPointerImpl] Check Pointing triggered by scheduler for time threshold [9534]:  Store flush completed
2015-12-11 17:30:43.666+0000 INFO  [o.n.k.i.t.l.c.CheckPointerImpl] Check Pointing triggered by scheduler for time threshold [9534]:  Starting appending check point entry into the tx log...
2015-12-11 17:30:43.697+0000 INFO  [o.n.k.i.t.l.c.CheckPointerImpl] Check Pointing triggered by scheduler for time threshold [9534]:  Appending check point entry into the tx log completed
2015-12-11 17:30:43.697+0000 INFO  [o.n.k.i.t.l.c.CheckPointerImpl] Check Pointing triggered by scheduler for time threshold [9534]:  Check pointing completed
2015-12-11 17:30:43.713+0000 INFO  [o.n.k.i.t.l.p.LogPruningImpl] Log Rotation [0]:  Starting log pruning.
2015-12-11 17:30:43.713+0000 INFO  [o.n.k.i.t.l.p.LogPruningImpl] Log Rotation [0]:  Log pruning complete.
2015-12-11 17:35:44.167+0000 INFO  [o.n.k.i.t.l.c.CheckPointerImpl] Check Pointing triggered by scheduler for time threshold [14943]:  Starting check pointing...
2015-12-11 17:35:44.167+0000 INFO  [o.n.k.i.t.l.c.CheckPointerImpl] Check Pointing triggered by scheduler for time threshold [14943]:  Starting store flush...
2015-12-11 17:35:44.386+0000 INFO  [o.n.k.i.s.c.CountsTracker] About to rotate counts store at transaction 14946 to [C:\561\10000\10000D4\neostore.counts.db.b], from [C:\561\10000\10000D4\neostore.counts.db.a].
2015-12-11 17:35:44.401+0000 INFO  [o.n.k.i.s.c.CountsTracker] Successfully rotated counts store at transaction 14946 to [C:\561\10000\10000D4\neostore.counts.db.b], from [C:\561\10000\10000D4\neostore.counts.db.a].
2015-12-11 17:35:44.948+0000 INFO  [o.n.k.i.t.l.c.CheckPointerImpl] Check Pointing triggered by scheduler for time threshold [14943]:  Store flush completed
2015-12-11 17:35:44.948+0000 INFO  [o.n.k.i.t.l.c.CheckPointerImpl] Check Pointing triggered by scheduler for time threshold [14943]:  Starting appending check point entry into the tx log...
2015-12-11 17:35:44.980+0000 INFO  [o.n.k.i.t.l.c.CheckPointerImpl] Check Pointing triggered by scheduler for time threshold [14943]:  Appending check point entry into the tx log completed
2015-12-11 17:35:44.980+0000 INFO  [o.n.k.i.t.l.c.CheckPointerImpl] Check Pointing triggered by scheduler for time threshold [14943]:  Check pointing completed
2015-12-11 17:35:44.980+0000 INFO  [o.n.k.i.t.l.p.LogPruningImpl] Log Rotation [0]:  Starting log pruning.
2015-12-11 17:35:44.995+0000 INFO  [o.n.k.i.t.l.p.LogPruningImpl] Log Rotation [0]:  Log pruning complete.
2015-12-11 17:40:45.415+0000 INFO  [o.n.k.i.t.l.c.CheckPointerImpl] Check Pointing triggered by scheduler for time threshold [19979]:  Starting check pointing...
2015-12-11 17:40:45.415+0000 INFO  [o.n.k.i.t.l.c.CheckPointerImpl] Check Pointing triggered by scheduler for time threshold [19979]:  Starting store flush...
2015-12-11 17:40:45.696+0000 INFO  [o.n.k.i.s.c.CountsTracker] About to rotate counts store at transaction 19982 to [C:\561\10000\10000D4\neostore.counts.db.a], from [C:\561\10000\10000D4\neostore.counts.db.b].
2015-12-11 17:40:45.712+0000 INFO  [o.n.k.i.s.c.CountsTracker] Successfully rotated counts store at transaction 19982 to [C:\561\10000\10000D4\neostore.counts.db.a], from [C:\561\10000\10000D4\neostore.counts.db.b].
2015-12-11 17:40:46.571+0000 INFO  [o.n.k.i.t.l.c.CheckPointerImpl] Check Pointing triggered by scheduler for time threshold [19979]:  Store flush completed
2015-12-11 17:40:46.587+0000 INFO  [o.n.k.i.t.l.c.CheckPointerImpl] Check Pointing triggered by scheduler for time threshold [19979]:  Starting appending check point entry into the tx log...
2015-12-11 17:40:46.633+0000 INFO  [o.n.k.i.t.l.c.CheckPointerImpl] Check Pointing triggered by scheduler for time threshold [19979]:  Appending check point entry into the tx log completed
2015-12-11 17:40:46.633+0000 INFO  [o.n.k.i.t.l.c.CheckPointerImpl] Check Pointing triggered by scheduler for time threshold [19979]:  Check pointing completed
2015-12-11 17:40:46.633+0000 INFO  [o.n.k.i.t.l.p.LogPruningImpl] Log Rotation [0]:  Starting log pruning.
2015-12-11 17:40:46.633+0000 INFO  [o.n.k.i.t.l.p.LogPruningImpl] Log Rotation [0]:  Log pruning complete.
2015-12-11 17:42:38.726+0000 INFO  [o.n.k.i.f.GraphDatabaseFacade] Shutdown started
2015-12-11 17:42:38.726+0000 INFO  [o.n.k.i.f.CommunityFacadeFactory] Database is now unavailable
2015-12-11 17:42:38.835+0000 INFO  [o.n.k.i.s.c.CountsTracker] About to rotate counts store at transaction 20509 to [C:\561\10000\10000D4\neostore.counts.db.b], from [C:\561\10000\10000D4\neostore.counts.db.a].
2015-12-11 17:42:38.851+0000 INFO  [o.n.k.i.s.c.CountsTracker] Successfully rotated counts store at transaction 20509 to [C:\561\10000\10000D4\neostore.counts.db.b], from [C:\561\10000\10000D4\neostore.counts.db.a].
2015-12-11 17:42:38.945+0000 INFO  [o.n.k.i.t.l.c.CheckPointerImpl] Check Pointing triggered by database shutdown [20509]:  Starting check pointing...
2015-12-11 17:42:38.960+0000 INFO  [o.n.k.i.t.l.c.CheckPointerImpl] Check Pointing triggered by database shutdown [20509]:  Starting store flush...
2015-12-11 17:42:38.976+0000 INFO  [o.n.k.i.t.l.c.CheckPointerImpl] Check Pointing triggered by database shutdown [20509]:  Store flush completed
2015-12-11 17:42:38.992+0000 INFO  [o.n.k.i.t.l.c.CheckPointerImpl] Check Pointing triggered by database shutdown [20509]:  Starting appending check point entry into the tx log...
2015-12-11 17:42:39.007+0000 INFO  [o.n.k.i.t.l.c.CheckPointerImpl] Check Pointing triggered by database shutdown [20509]:  Appending check point entry into the tx log completed
2015-12-11 17:42:39.007+0000 INFO  [o.n.k.i.t.l.c.CheckPointerImpl] Check Pointing triggered by database shutdown [20509]:  Check pointing completed
2015-12-11 17:42:39.023+0000 INFO  [o.n.k.i.t.l.p.LogPruningImpl] Log Rotation [0]:  Starting log pruning.
2015-12-11 17:42:39.023+0000 INFO  [o.n.k.i.t.l.p.LogPruningImpl] Log Rotation [0]:  Log pruning complete.
2015-12-11 17:42:40.507+0000 INFO  [o.n.k.NeoStoreDataSource] NeoStores closed
2015-12-11 17:42:40.507+0000 INFO  [o.n.k.i.DiagnosticsManager] --- STOPPING diagnostics START ---
2015-12-11 17:42:40.507+0000 INFO  [o.n.k.i.DiagnosticsManager] --- STOPPING diagnostics END ---
2015-12-11 22:01:18.874+0000 INFO  [o.n.k.i.f.CommunityFacadeFactory] No locking implementation specified, defaulting to 'community'
2015-12-11 22:01:18.878+0000 INFO  [o.n.k.AvailabilityGuard] Requirement makes database unavailable: Database available
2015-12-11 22:01:18.881+0000 INFO  [o.n.k.i.DiagnosticsManager] --- INITIALIZED diagnostics START ---
2015-12-11 22:01:18.881+0000 INFO  [o.n.k.i.DiagnosticsManager] Neo4j Kernel properties:
2015-12-11 22:01:18.881+0000 INFO  [o.n.k.i.DiagnosticsManager] org.neo4j.server.db.tuning.properties=C:\561\10000\10000D4\neo4j.properties
2015-12-11 22:01:18.881+0000 INFO  [o.n.k.i.DiagnosticsManager] org.neo4j.server.database.location=C:\561\10000\10000D4
2015-12-11 22:01:18.881+0000 INFO  [o.n.k.i.DiagnosticsManager] dbms.querylog.filename=data/log/queries.log
2015-12-11 22:01:18.881+0000 INFO  [o.n.k.i.DiagnosticsManager] dbms.security.auth_store.location=C:\561\10000\10000D4\.\dbms\auth
2015-12-11 22:01:18.881+0000 INFO  [o.n.k.i.DiagnosticsManager] dbms.security.tls_certificate_file=C:\561\10000\10000D4\.\dbms\ssl\snakeoil.cert
2015-12-11 22:01:18.881+0000 INFO  [o.n.k.i.DiagnosticsManager] remote_shell_enabled=true
2015-12-11 22:01:18.881+0000 INFO  [o.n.k.i.DiagnosticsManager] edition=Community
2015-12-11 22:01:18.881+0000 INFO  [o.n.k.i.DiagnosticsManager] dbms.security.tls_key_file=C:\561\10000\10000D4\.\dbms\ssl\snakeoil.key
2015-12-11 22:01:18.881+0000 INFO  [o.n.k.i.DiagnosticsManager] Diagnostics providers:
2015-12-11 22:01:18.881+0000 INFO  [o.n.k.i.DiagnosticsManager] org.neo4j.kernel.configuration.Config
2015-12-11 22:01:18.881+0000 INFO  [o.n.k.i.DiagnosticsManager] org.neo4j.kernel.info.DiagnosticsManager
2015-12-11 22:01:18.881+0000 INFO  [o.n.k.i.DiagnosticsManager] SYSTEM_MEMORY
2015-12-11 22:01:18.881+0000 INFO  [o.n.k.i.DiagnosticsManager] JAVA_MEMORY
2015-12-11 22:01:18.881+0000 INFO  [o.n.k.i.DiagnosticsManager] OPERATING_SYSTEM
2015-12-11 22:01:18.881+0000 INFO  [o.n.k.i.DiagnosticsManager] JAVA_VIRTUAL_MACHINE
2015-12-11 22:01:18.881+0000 INFO  [o.n.k.i.DiagnosticsManager] CLASSPATH
2015-12-11 22:01:18.881+0000 INFO  [o.n.k.i.DiagnosticsManager] LIBRARY_PATH
2015-12-11 22:01:18.881+0000 INFO  [o.n.k.i.DiagnosticsManager] SYSTEM_PROPERTIES
2015-12-11 22:01:18.881+0000 INFO  [o.n.k.i.DiagnosticsManager] NETWORK
2015-12-11 22:01:18.881+0000 INFO  [o.n.k.i.DiagnosticsManager] System memory information:
2015-12-11 22:01:18.881+0000 INFO  [o.n.k.i.DiagnosticsManager] Total Physical memory: 3.93 GB
2015-12-11 22:01:18.881+0000 INFO  [o.n.k.i.DiagnosticsManager] Free Physical memory: 1.90 GB
2015-12-11 22:01:18.881+0000 INFO  [o.n.k.i.DiagnosticsManager] Committed virtual memory: 403.63 MB
2015-12-11 22:01:18.881+0000 INFO  [o.n.k.i.DiagnosticsManager] Total swap space: 5.66 GB
2015-12-11 22:01:18.882+0000 INFO  [o.n.k.i.DiagnosticsManager] Free swap space: 2.77 GB
2015-12-11 22:01:18.882+0000 INFO  [o.n.k.i.DiagnosticsManager] JVM memory information:
2015-12-11 22:01:18.882+0000 INFO  [o.n.k.i.DiagnosticsManager] Free  memory: 11.07 MB
2015-12-11 22:01:18.882+0000 INFO  [o.n.k.i.DiagnosticsManager] Total memory: 142.00 MB
2015-12-11 22:01:18.882+0000 INFO  [o.n.k.i.DiagnosticsManager] Max   memory: 894.50 MB
2015-12-11 22:01:18.882+0000 INFO  [o.n.k.i.DiagnosticsManager] Garbage Collector: PS Scavenge: [PS Eden Space, PS Survivor Space]
2015-12-11 22:01:18.882+0000 INFO  [o.n.k.i.DiagnosticsManager] Garbage Collector: PS MarkSweep: [PS Eden Space, PS Survivor Space, PS Old Gen, PS Perm Gen]
2015-12-11 22:01:18.882+0000 INFO  [o.n.k.i.DiagnosticsManager] Memory Pool: Code Cache (Non-heap memory): committed=11.44 MB, used=11.15 MB, max=48.00 MB, threshold=0.00 B
2015-12-11 22:01:18.882+0000 INFO  [o.n.k.i.DiagnosticsManager] Memory Pool: PS Eden Space (Heap memory): committed=70.00 MB, used=60.84 MB, max=334.00 MB, threshold=?
2015-12-11 22:01:18.882+0000 INFO  [o.n.k.i.DiagnosticsManager] Memory Pool: PS Survivor Space (Heap memory): committed=512.00 kB, used=96.00 kB, max=512.00 kB, threshold=?
2015-12-11 22:01:18.882+0000 INFO  [o.n.k.i.DiagnosticsManager] Memory Pool: PS Old Gen (Heap memory): committed=71.50 MB, used=69.99 MB, max=670.50 MB, threshold=0.00 B
2015-12-11 22:01:18.882+0000 INFO  [o.n.k.i.DiagnosticsManager] Memory Pool: PS Perm Gen (Non-heap memory): committed=65.50 MB, used=64.97 MB, max=82.00 MB, threshold=0.00 B
2015-12-11 22:01:18.882+0000 INFO  [o.n.k.i.DiagnosticsManager] Operating system information:
2015-12-11 22:01:18.882+0000 INFO  [o.n.k.i.DiagnosticsManager] Operating System: Windows 8.1; version: 6.3; arch: amd64; cpus: 8
2015-12-11 22:01:18.883+0000 INFO  [o.n.k.i.DiagnosticsManager] Process id: 5816@ATAN-B03-02
2015-12-11 22:01:18.883+0000 INFO  [o.n.k.i.DiagnosticsManager] Byte order: LITTLE_ENDIAN
2015-12-11 22:01:18.883+0000 INFO  [o.n.k.i.DiagnosticsManager] Local timezone: America/Chicago
2015-12-11 22:01:18.883+0000 INFO  [o.n.k.i.DiagnosticsManager] JVM information:
2015-12-11 22:01:18.883+0000 INFO  [o.n.k.i.DiagnosticsManager] VM Name: Java HotSpot(TM) 64-Bit Server VM
2015-12-11 22:01:18.883+0000 INFO  [o.n.k.i.DiagnosticsManager] VM Vendor: Oracle Corporation
2015-12-11 22:01:18.883+0000 INFO  [o.n.k.i.DiagnosticsManager] VM Version: 24.80-b11
2015-12-11 22:01:18.883+0000 INFO  [o.n.k.i.DiagnosticsManager] JIT compiler: HotSpot 64-Bit Tiered Compilers
2015-12-11 22:01:18.883+0000 INFO  [o.n.k.i.DiagnosticsManager] VM Arguments: [-Dexe4j.semaphoreName=Local\c:_program_files_neo4j_ce_2.3.1_bin_neo4j-ce.exe, -Dexe4j.isInstall4j=true, -Dexe4j.moduleName=C:\Program Files\Neo4j CE 2.3.1\bin\neo4j-ce.exe, -Dexe4j.tempDir=, -Dexe4j.unextractedPosition=0, -Djava.library.path=C:\Program Files (x86)\AMD APP\bin\x86_64;C:\Program Files (x86)\AMD APP\bin\x86;C:\ProgramData\Oracle\Java\javapath;C:\Windows\system32;C:\Windows;C:\Windows\System32\Wbem;C:\Windows\System32\WindowsPowerShell\v1.0\;C:\Program Files (x86)\MiKTeX 2.9\miktex\bin\;C:\Program Files\TortoiseSVN\bin;C:\Windows\system32\config\systemprofile\.dnx\bin;C:\Program Files\Microsoft DNX\Dnvm\;C:\Program Files\MATLAB\R2015b\runtime\win64;C:\Program Files\MATLAB\R2015b\bin;C:\Program Files (x86)\ATI Technologies\ATI.ACE\Core-Static;c:\program files\neo4j ce 2.3.1\jre\bin, -Dexe4j.consoleCodepage=cp0, -Dinstall4j.launcherId=24, -Dinstall4j.swt=false]
2015-12-11 22:01:18.883+0000 INFO  [o.n.k.i.DiagnosticsManager] Java classpath:
2015-12-11 22:01:18.885+0000 INFO  [o.n.k.i.DiagnosticsManager]  [loader.1] file:/C:/Program%20Files/Neo4j%20CE%202.3.1/jre/lib/ext/dnsns.jar
2015-12-11 22:01:18.885+0000 INFO  [o.n.k.i.DiagnosticsManager]  [loader.0] file:/C:/Program%20Files/Neo4j%20CE%202.3.1/bin/
2015-12-11 22:01:18.885+0000 INFO  [o.n.k.i.DiagnosticsManager]  [bootstrap] C:\Program Files\Neo4j CE 2.3.1\jre\lib\resources.jar
2015-12-11 22:01:18.885+0000 INFO  [o.n.k.i.DiagnosticsManager]  [bootstrap] C:\Program Files\Neo4j CE 2.3.1\jre\lib\jfr.jar
2015-12-11 22:01:18.885+0000 INFO  [o.n.k.i.DiagnosticsManager]  [classpath] C:\Program Files\Neo4j CE 2.3.1\.install4j\i4jruntime.jar
2015-12-11 22:01:18.885+0000 INFO  [o.n.k.i.DiagnosticsManager]  [loader.1] file:/C:/Program%20Files/Neo4j%20CE%202.3.1/jre/lib/ext/sunmscapi.jar
2015-12-11 22:01:18.885+0000 INFO  [o.n.k.i.DiagnosticsManager]  [bootstrap] C:\Program Files\Neo4j CE 2.3.1\jre\lib\jsse.jar
2015-12-11 22:01:18.885+0000 INFO  [o.n.k.i.DiagnosticsManager]  [loader.1] file:/C:/Program%20Files/Neo4j%20CE%202.3.1/jre/lib/ext/dns_sd.jar
2015-12-11 22:01:18.885+0000 INFO  [o.n.k.i.DiagnosticsManager]  [loader.0] file:/C:/Program%20Files/Neo4j%20CE%202.3.1/.install4j/i4jruntime.jar
2015-12-11 22:01:18.885+0000 INFO  [o.n.k.i.DiagnosticsManager]  [loader.0] file:/C:/Program%20Files/Neo4j%20CE%202.3.1/bin/neo4j-desktop-2.3.1.jar
2015-12-11 22:01:18.885+0000 INFO  [o.n.k.i.DiagnosticsManager]  [loader.1] file:/C:/Program%20Files/Neo4j%20CE%202.3.1/jre/lib/ext/access-bridge-64.jar
2015-12-11 22:01:18.885+0000 INFO  [o.n.k.i.DiagnosticsManager]  [loader.1] file:/C:/Program%20Files/Neo4j%20CE%202.3.1/jre/lib/ext/localedata.jar
2015-12-11 22:01:18.885+0000 INFO  [o.n.k.i.DiagnosticsManager]  [bootstrap] C:\Program Files\Neo4j CE 2.3.1\jre\lib\sunrsasign.jar
2015-12-11 22:01:18.885+0000 INFO  [o.n.k.i.DiagnosticsManager]  [bootstrap] C:\Program Files\Neo4j CE 2.3.1\jre\lib\jce.jar
2015-12-11 22:01:18.885+0000 INFO  [o.n.k.i.DiagnosticsManager]  [bootstrap] C:\Program Files\Neo4j CE 2.3.1\jre\lib\rt.jar
2015-12-11 22:01:18.885+0000 INFO  [o.n.k.i.DiagnosticsManager]  [bootstrap] C:\Program Files\Neo4j CE 2.3.1\jre\lib\charsets.jar
2015-12-11 22:01:18.885+0000 INFO  [o.n.k.i.DiagnosticsManager]  [loader.1] file:/C:/Program%20Files/Neo4j%20CE%202.3.1/jre/lib/ext/sunjce_provider.jar
2015-12-11 22:01:18.885+0000 INFO  [o.n.k.i.DiagnosticsManager]  [bootstrap] C:\Program Files\Neo4j CE 2.3.1\jre\classes
2015-12-11 22:01:18.885+0000 INFO  [o.n.k.i.DiagnosticsManager]  [loader.1] file:/C:/Program%20Files/Neo4j%20CE%202.3.1/jre/lib/ext/zipfs.jar
2015-12-11 22:01:18.885+0000 INFO  [o.n.k.i.DiagnosticsManager]  [loader.1] file:/C:/Program%20Files/Neo4j%20CE%202.3.1/jre/lib/ext/jaccess.jar
2015-12-11 22:01:18.885+0000 INFO  [o.n.k.i.DiagnosticsManager]  [loader.1] file:/C:/Program%20Files/Neo4j%20CE%202.3.1/jre/lib/ext/sunec.jar
2015-12-11 22:01:18.885+0000 INFO  [o.n.k.i.DiagnosticsManager]  [classpath] C:\Program Files\Neo4j CE 2.3.1\bin\neo4j-desktop-2.3.1.jar
2015-12-11 22:01:18.885+0000 INFO  [o.n.k.i.DiagnosticsManager] Library path:
2015-12-11 22:01:18.885+0000 INFO  [o.n.k.i.DiagnosticsManager] C:\Program Files (x86)\AMD APP\bin\x86_64
2015-12-11 22:01:18.885+0000 INFO  [o.n.k.i.DiagnosticsManager] C:\Program Files (x86)\AMD APP\bin\x86
2015-12-11 22:01:18.885+0000 INFO  [o.n.k.i.DiagnosticsManager] C:\ProgramData\Oracle\Java\javapath
2015-12-11 22:01:18.886+0000 INFO  [o.n.k.i.DiagnosticsManager] C:\Windows\System32
2015-12-11 22:01:18.886+0000 INFO  [o.n.k.i.DiagnosticsManager] C:\Windows
2015-12-11 22:01:18.886+0000 INFO  [o.n.k.i.DiagnosticsManager] C:\Windows\System32\wbem
2015-12-11 22:01:18.886+0000 INFO  [o.n.k.i.DiagnosticsManager] C:\Windows\System32\WindowsPowerShell\v1.0
2015-12-11 22:01:18.886+0000 INFO  [o.n.k.i.DiagnosticsManager] C:\Program Files (x86)\MiKTeX 2.9\miktex\bin
2015-12-11 22:01:18.886+0000 INFO  [o.n.k.i.DiagnosticsManager] C:\Program Files\TortoiseSVN\bin
2015-12-11 22:01:18.887+0000 INFO  [o.n.k.i.DiagnosticsManager] C:\Windows\System32\config\systemprofile\.dnx\bin
2015-12-11 22:01:18.887+0000 INFO  [o.n.k.i.DiagnosticsManager] C:\Program Files\Microsoft DNX\Dnvm
2015-12-11 22:01:18.887+0000 INFO  [o.n.k.i.DiagnosticsManager] C:\Program Files\MATLAB\R2015b\runtime\win64
2015-12-11 22:01:18.887+0000 INFO  [o.n.k.i.DiagnosticsManager] C:\Program Files\MATLAB\R2015b\bin
2015-12-11 22:01:18.887+0000 INFO  [o.n.k.i.DiagnosticsManager] C:\Program Files (x86)\ATI Technologies\ATI.ACE\Core-Static
2015-12-11 22:01:18.887+0000 INFO  [o.n.k.i.DiagnosticsManager] C:\Program Files\Neo4j CE 2.3.1\jre\bin
2015-12-11 22:01:18.887+0000 INFO  [o.n.k.i.DiagnosticsManager] System.properties:
2015-12-11 22:01:18.887+0000 INFO  [o.n.k.i.DiagnosticsManager] exe4j.moduleName = C:\Program Files\Neo4j CE 2.3.1\bin\neo4j-ce.exe
2015-12-11 22:01:18.887+0000 INFO  [o.n.k.i.DiagnosticsManager] exe4j.semaphoreName = Local\c:_program_files_neo4j_ce_2.3.1_bin_neo4j-ce.exe
2015-12-11 22:01:18.887+0000 INFO  [o.n.k.i.DiagnosticsManager] sun.boot.library.path = c:\program files\neo4j ce 2.3.1\jre\bin
2015-12-11 22:01:18.887+0000 INFO  [o.n.k.i.DiagnosticsManager] exe4j.consoleCodepage = cp0
2015-12-11 22:01:18.888+0000 INFO  [o.n.k.i.DiagnosticsManager] path.separator = ;
2015-12-11 22:01:18.888+0000 INFO  [o.n.k.i.DiagnosticsManager] file.encoding.pkg = sun.io
2015-12-11 22:01:18.888+0000 INFO  [o.n.k.i.DiagnosticsManager] user.country = US
2015-12-11 22:01:18.888+0000 INFO  [o.n.k.i.DiagnosticsManager] user.script = 
2015-12-11 22:01:18.888+0000 INFO  [o.n.k.i.DiagnosticsManager] sun.os.patch.level = 
2015-12-11 22:01:18.888+0000 INFO  [o.n.k.i.DiagnosticsManager] install4j.exeDir = C:\Program Files\Neo4j CE 2.3.1\bin\
2015-12-11 22:01:18.888+0000 INFO  [o.n.k.i.DiagnosticsManager] user.dir = C:\Program Files\Neo4j CE 2.3.1\bin
2015-12-11 22:01:18.888+0000 INFO  [o.n.k.i.DiagnosticsManager] neo4j.ext.udc.source = desktop
2015-12-11 22:01:18.888+0000 INFO  [o.n.k.i.DiagnosticsManager] user.variant = 
2015-12-11 22:01:18.888+0000 INFO  [o.n.k.i.DiagnosticsManager] exe4j.tempDir = 
2015-12-11 22:01:18.888+0000 INFO  [o.n.k.i.DiagnosticsManager] sun.jnu.encoding = Cp1252
2015-12-11 22:01:18.888+0000 INFO  [o.n.k.i.DiagnosticsManager] sun.awt.enableExtraMouseButtons = true
2015-12-11 22:01:18.888+0000 INFO  [o.n.k.i.DiagnosticsManager] install4j.launcherId = 24
2015-12-11 22:01:18.888+0000 INFO  [o.n.k.i.DiagnosticsManager] sun.management.compiler = HotSpot 64-Bit Tiered Compilers
2015-12-11 22:01:18.888+0000 INFO  [o.n.k.i.DiagnosticsManager] exe4j.isInstall4j = true
2015-12-11 22:01:18.888+0000 INFO  [o.n.k.i.DiagnosticsManager] install4j.swt = false
2015-12-11 22:01:18.888+0000 INFO  [o.n.k.i.DiagnosticsManager] user.home = C:\Users\cez
2015-12-11 22:01:18.888+0000 INFO  [o.n.k.i.DiagnosticsManager] user.timezone = America/Chicago
2015-12-11 22:01:18.888+0000 INFO  [o.n.k.i.DiagnosticsManager] file.encoding = Cp1252
2015-12-11 22:01:18.888+0000 INFO  [o.n.k.i.DiagnosticsManager] user.name = cez
2015-12-11 22:01:18.888+0000 INFO  [o.n.k.i.DiagnosticsManager] sun.java.command = C:\Program Files\Neo4j CE 2.3.1\bin\neo4j-ce.exe
2015-12-11 22:01:18.888+0000 INFO  [o.n.k.i.DiagnosticsManager] sun.arch.data.model = 64
2015-12-11 22:01:18.888+0000 INFO  [o.n.k.i.DiagnosticsManager] exe4j.launchName = C:\Program Files\Neo4j CE 2.3.1\bin\neo4j-ce.exe
2015-12-11 22:01:18.888+0000 INFO  [o.n.k.i.DiagnosticsManager] user.language = en
2015-12-11 22:01:18.888+0000 INFO  [o.n.k.i.DiagnosticsManager] awt.toolkit = sun.awt.windows.WToolkit
2015-12-11 22:01:18.888+0000 INFO  [o.n.k.i.DiagnosticsManager] exe4j.unextractedPosition = 0
2015-12-11 22:01:18.888+0000 INFO  [o.n.k.i.DiagnosticsManager] install4j.appDir = C:\Program Files\Neo4j CE 2.3.1\
2015-12-11 22:01:18.888+0000 INFO  [o.n.k.i.DiagnosticsManager] file.separator = \
2015-12-11 22:01:18.888+0000 INFO  [o.n.k.i.DiagnosticsManager] sun.io.unicode.encoding = UnicodeLittle
2015-12-11 22:01:18.888+0000 INFO  [o.n.k.i.DiagnosticsManager] sun.cpu.endian = little
2015-12-11 22:01:18.888+0000 INFO  [o.n.k.i.DiagnosticsManager] sun.desktop = windows
2015-12-11 22:01:18.888+0000 INFO  [o.n.k.i.DiagnosticsManager] sun.cpu.isalist = amd64
2015-12-11 22:01:18.888+0000 INFO  [o.n.k.i.DiagnosticsManager] Network information:
2015-12-11 22:01:18.901+0000 INFO  [o.n.k.i.DiagnosticsManager] Interface Software Loopback Interface 1:
2015-12-11 22:01:18.901+0000 INFO  [o.n.k.i.DiagnosticsManager]     address: 127.0.0.1
2015-12-11 22:01:18.901+0000 INFO  [o.n.k.i.DiagnosticsManager]     address: 0:0:0:0:0:0:0:1
2015-12-11 22:01:18.901+0000 INFO  [o.n.k.i.DiagnosticsManager] Interface Microsoft Kernel Debug Network Adapter:
2015-12-11 22:01:18.901+0000 INFO  [o.n.k.i.DiagnosticsManager] Interface Intel(R) 82578DM Gigabit Network Connection:
2015-12-11 22:01:18.901+0000 INFO  [o.n.k.i.DiagnosticsManager]     address: 10.24.47.166
2015-12-11 22:01:18.901+0000 INFO  [o.n.k.i.DiagnosticsManager]     address: 2610:130:101:d00:4493:c16:efa9:8b55
2015-12-11 22:01:18.901+0000 INFO  [o.n.k.i.DiagnosticsManager]     address: 2610:130:101:d00:920:e15d:79eb:345b
2015-12-11 22:01:18.901+0000 INFO  [o.n.k.i.DiagnosticsManager]     address: 2610:130:101:d00:a502:b02c:1a2d:577b
2015-12-11 22:01:18.901+0000 INFO  [o.n.k.i.DiagnosticsManager]     address: 2610:130:101:d00:dde0:9cf:9f51:157b
2015-12-11 22:01:18.901+0000 INFO  [o.n.k.i.DiagnosticsManager]     address: fe80:0:0:0:4493:c16:efa9:8b55%3
2015-12-11 22:01:18.901+0000 INFO  [o.n.k.i.DiagnosticsManager] Interface Microsoft ISATAP Adapter:
2015-12-11 22:01:18.901+0000 INFO  [o.n.k.i.DiagnosticsManager]     address: fe80:0:0:0:0:5efe:c0a8:3801%4
2015-12-11 22:01:18.901+0000 INFO  [o.n.k.i.DiagnosticsManager] Interface Teredo Tunneling Pseudo-Interface:
2015-12-11 22:01:18.901+0000 INFO  [o.n.k.i.DiagnosticsManager] Interface Microsoft ISATAP Adapter #2:
2015-12-11 22:01:18.901+0000 INFO  [o.n.k.i.DiagnosticsManager]     address: fe80:0:0:0:0:5efe:a18:2fa6%6
2015-12-11 22:01:18.901+0000 INFO  [o.n.k.i.DiagnosticsManager] Interface VirtualBox Host-Only Ethernet Adapter:
2015-12-11 22:01:18.901+0000 INFO  [o.n.k.i.DiagnosticsManager]     address: 192.168.56.1
2015-12-11 22:01:18.901+0000 INFO  [o.n.k.i.DiagnosticsManager]     address: fe80:0:0:0:4133:2d33:29c2:6efa%7
2015-12-11 22:01:18.901+0000 INFO  [o.n.k.i.DiagnosticsManager] Interface Microsoft ISATAP Adapter #3:
2015-12-11 22:01:18.901+0000 INFO  [o.n.k.i.DiagnosticsManager] Interface VirtualBox Host-Only Ethernet Adapter-WFP Native MAC Layer LightWeight Filter-0000:
2015-12-11 22:01:18.901+0000 INFO  [o.n.k.i.DiagnosticsManager] Interface VirtualBox Host-Only Ethernet Adapter-VirtualBox NDIS Light-Weight Filter-0000:
2015-12-11 22:01:18.901+0000 INFO  [o.n.k.i.DiagnosticsManager] Interface VirtualBox Host-Only Ethernet Adapter-QoS Packet Scheduler-0000:
2015-12-11 22:01:18.901+0000 INFO  [o.n.k.i.DiagnosticsManager] Interface VirtualBox Host-Only Ethernet Adapter-WFP 802.3 MAC Layer LightWeight Filter-0000:
2015-12-11 22:01:18.901+0000 INFO  [o.n.k.i.DiagnosticsManager] Interface Intel(R) 82578DM Gigabit Network Connection-WFP Native MAC Layer LightWeight Filter-0000:
2015-12-11 22:01:18.901+0000 INFO  [o.n.k.i.DiagnosticsManager] Interface Intel(R) 82578DM Gigabit Network Connection-VirtualBox NDIS Light-Weight Filter-0000:
2015-12-11 22:01:18.901+0000 INFO  [o.n.k.i.DiagnosticsManager] Interface Intel(R) 82578DM Gigabit Network Connection-QoS Packet Scheduler-0000:
2015-12-11 22:01:18.901+0000 INFO  [o.n.k.i.DiagnosticsManager] Interface Intel(R) 82578DM Gigabit Network Connection-WFP 802.3 MAC Layer LightWeight Filter-0000:
2015-12-11 22:01:18.901+0000 INFO  [o.n.k.i.DiagnosticsManager] --- INITIALIZED diagnostics END ---
2015-12-11 22:01:20.058+0000 INFO  [o.n.k.KernelHealth] Kernel health set to OK
2015-12-11 22:01:20.066+0000 INFO  [o.n.k.AvailabilityGuard] Fulfilling of requirement makes database available: Database available
2015-12-11 22:01:20.068+0000 INFO  [o.n.k.i.f.CommunityFacadeFactory] Database is now ready
2015-12-11 22:01:20.071+0000 INFO  [o.n.k.i.DiagnosticsManager] --- STARTED diagnostics for KernelDiagnostics:Versions START ---
2015-12-11 22:01:20.073+0000 INFO  [o.n.k.i.DiagnosticsManager] Graph Database: Community StoreId{creationTime=1449854440912, randomId=816406612918084603, storeVersion=15250506225055238, upgradeTime=1449854440912, upgradeId=1}
2015-12-11 22:01:20.075+0000 INFO  [o.n.k.i.DiagnosticsManager] Kernel version: 2.3.1
2015-12-11 22:01:20.078+0000 INFO  [o.n.k.i.DiagnosticsManager] --- STARTED diagnostics for KernelDiagnostics:Versions END ---
2015-12-11 22:01:20.080+0000 INFO  [o.n.k.i.DiagnosticsManager] --- STARTED diagnostics for NEO_STORE_VERSIONS START ---
2015-12-11 22:01:20.082+0000 INFO  [o.n.k.i.DiagnosticsManager] Store versions:
2015-12-11 22:01:20.084+0000 INFO  [o.n.k.i.DiagnosticsManager] Store versions:
2015-12-11 22:01:20.087+0000 INFO  [o.n.k.i.DiagnosticsManager] ArrayPropertyStore v0.A.6
2015-12-11 22:01:20.089+0000 INFO  [o.n.k.i.DiagnosticsManager] NodeStore v0.A.6
2015-12-11 22:01:20.092+0000 INFO  [o.n.k.i.DiagnosticsManager] StringPropertyStore v0.A.6
2015-12-11 22:01:20.094+0000 INFO  [o.n.k.i.DiagnosticsManager] PropertyIndexStore v0.A.6
2015-12-11 22:01:20.096+0000 INFO  [o.n.k.i.DiagnosticsManager] StringPropertyStore v0.A.6
2015-12-11 22:01:20.098+0000 INFO  [o.n.k.i.DiagnosticsManager] ArrayPropertyStore v0.A.6
2015-12-11 22:01:20.101+0000 INFO  [o.n.k.i.DiagnosticsManager] PropertyStore v0.A.6
2015-12-11 22:01:20.103+0000 INFO  [o.n.k.i.DiagnosticsManager] RelationshipStore v0.A.6
2015-12-11 22:01:20.105+0000 INFO  [o.n.k.i.DiagnosticsManager] StringPropertyStore v0.A.6
2015-12-11 22:01:20.108+0000 INFO  [o.n.k.i.DiagnosticsManager] RelationshipTypeStore v0.A.6
2015-12-11 22:01:20.110+0000 INFO  [o.n.k.i.DiagnosticsManager] StringPropertyStore v0.A.6
2015-12-11 22:01:20.112+0000 INFO  [o.n.k.i.DiagnosticsManager] LabelTokenStore v0.A.6
2015-12-11 22:01:20.115+0000 INFO  [o.n.k.i.DiagnosticsManager] SchemaStore v0.A.6
2015-12-11 22:01:20.117+0000 INFO  [o.n.k.i.DiagnosticsManager] RelationshipGroupStore v0.A.6
2015-12-11 22:01:20.119+0000 INFO  [o.n.k.i.DiagnosticsManager] NeoStore v0.A.6
2015-12-11 22:01:20.122+0000 INFO  [o.n.k.i.DiagnosticsManager] --- STARTED diagnostics for NEO_STORE_VERSIONS END ---
2015-12-11 22:01:20.124+0000 INFO  [o.n.k.i.DiagnosticsManager] --- STARTED diagnostics for NEO_STORE_ID_USAGE START ---
2015-12-11 22:01:20.126+0000 INFO  [o.n.k.i.DiagnosticsManager] Id usage:
2015-12-11 22:01:20.128+0000 INFO  [o.n.k.i.DiagnosticsManager] Id usage:
2015-12-11 22:01:20.131+0000 INFO  [o.n.k.i.DiagnosticsManager]   ArrayPropertyStore v0.A.6: used=1 high=0
2015-12-11 22:01:20.133+0000 INFO  [o.n.k.i.DiagnosticsManager]   NodeStore v0.A.6: used=10300 high=10299
2015-12-11 22:01:20.135+0000 INFO  [o.n.k.i.DiagnosticsManager]   StringPropertyStore v0.A.6: used=4 high=3
2015-12-11 22:01:20.138+0000 INFO  [o.n.k.i.DiagnosticsManager]   PropertyIndexStore v0.A.6: used=3 high=2
2015-12-11 22:01:20.140+0000 INFO  [o.n.k.i.DiagnosticsManager]   StringPropertyStore v0.A.6: used=1 high=0
2015-12-11 22:01:20.143+0000 INFO  [o.n.k.i.DiagnosticsManager]   ArrayPropertyStore v0.A.6: used=1 high=0
2015-12-11 22:01:20.145+0000 INFO  [o.n.k.i.DiagnosticsManager]   PropertyStore v0.A.6: used=10300 high=10299
2015-12-11 22:01:20.147+0000 INFO  [o.n.k.i.DiagnosticsManager]   RelationshipStore v0.A.6: used=10200 high=10199
2015-12-11 22:01:20.150+0000 INFO  [o.n.k.i.DiagnosticsManager]   StringPropertyStore v0.A.6: used=3 high=2
2015-12-11 22:01:20.152+0000 INFO  [o.n.k.i.DiagnosticsManager]   RelationshipTypeStore v0.A.6: used=2 high=1
2015-12-11 22:01:20.154+0000 INFO  [o.n.k.i.DiagnosticsManager]   StringPropertyStore v0.A.6: used=4 high=3
2015-12-11 22:01:20.156+0000 INFO  [o.n.k.i.DiagnosticsManager]   LabelTokenStore v0.A.6: used=3 high=2
2015-12-11 22:01:20.158+0000 INFO  [o.n.k.i.DiagnosticsManager]   SchemaStore v0.A.6: used=1 high=0
2015-12-11 22:01:20.160+0000 INFO  [o.n.k.i.DiagnosticsManager]   RelationshipGroupStore v0.A.6: used=201 high=200
2015-12-11 22:01:20.162+0000 INFO  [o.n.k.i.DiagnosticsManager]   NeoStore v0.A.6: used=13 high=12
2015-12-11 22:01:20.165+0000 INFO  [o.n.k.i.DiagnosticsManager] --- STARTED diagnostics for NEO_STORE_ID_USAGE END ---
2015-12-11 22:01:20.167+0000 INFO  [o.n.k.i.DiagnosticsManager] --- STARTED diagnostics for NEO_STORE_RECORDS START ---
2015-12-11 22:01:20.170+0000 INFO  [o.n.k.i.DiagnosticsManager] Neostore records:
2015-12-11 22:01:20.172+0000 INFO  [o.n.k.i.DiagnosticsManager] TIME (Creation time): 1449854440912
2015-12-11 22:01:20.174+0000 INFO  [o.n.k.i.DiagnosticsManager] RANDOM_NUMBER (Random number for store id): 816406612918084603
2015-12-11 22:01:20.176+0000 INFO  [o.n.k.i.DiagnosticsManager] LOG_VERSION (Current log version): 0
2015-12-11 22:01:20.178+0000 INFO  [o.n.k.i.DiagnosticsManager] LAST_TRANSACTION_ID (Last committed transaction): 20509
2015-12-11 22:01:20.180+0000 INFO  [o.n.k.i.DiagnosticsManager] STORE_VERSION (Store format version): 15250506225055238
2015-12-11 22:01:20.182+0000 INFO  [o.n.k.i.DiagnosticsManager] FIRST_GRAPH_PROPERTY (First property record containing graph properties): -1
2015-12-11 22:01:20.184+0000 INFO  [o.n.k.i.DiagnosticsManager] LAST_CONSTRAINT_TRANSACTION (Last committed transaction containing constraint changes): 0
2015-12-11 22:01:20.187+0000 INFO  [o.n.k.i.DiagnosticsManager] UPGRADE_TRANSACTION_ID (Transaction id most recent upgrade was performed at): 1
2015-12-11 22:01:20.189+0000 INFO  [o.n.k.i.DiagnosticsManager] UPGRADE_TIME (Time of last upgrade): 1449854440912
2015-12-11 22:01:20.191+0000 INFO  [o.n.k.i.DiagnosticsManager] LAST_TRANSACTION_CHECKSUM (Checksum of last committed transaction): -160606822281
2015-12-11 22:01:20.193+0000 INFO  [o.n.k.i.DiagnosticsManager] UPGRADE_TRANSACTION_CHECKSUM (Checksum of transaction id the most recent upgrade was performed at): 0
2015-12-11 22:01:20.195+0000 INFO  [o.n.k.i.DiagnosticsManager] LAST_CLOSED_TRANSACTION_LOG_VERSION (Log version where the last transaction commit entry has been written into): 0
2015-12-11 22:01:20.197+0000 INFO  [o.n.k.i.DiagnosticsManager] LAST_CLOSED_TRANSACTION_LOG_BYTE_OFFSET (Byte offset in the log file where the last transaction commit entry has been written into): 7751497
2015-12-11 22:01:20.200+0000 INFO  [o.n.k.i.DiagnosticsManager] --- STARTED diagnostics for NEO_STORE_RECORDS END ---
2015-12-11 22:01:20.202+0000 INFO  [o.n.k.i.DiagnosticsManager] --- STARTED diagnostics for TRANSACTION_RANGE START ---
2015-12-11 22:01:20.204+0000 INFO  [o.n.k.i.DiagnosticsManager] Transaction log:
2015-12-11 22:01:20.207+0000 INFO  [o.n.k.i.DiagnosticsManager] Oldest transaction 2 found in log with version 0
2015-12-11 22:01:20.209+0000 INFO  [o.n.k.i.DiagnosticsManager] --- STARTED diagnostics for TRANSACTION_RANGE END ---
2015-12-11 22:01:20.211+0000 INFO  [o.n.k.i.DiagnosticsManager] --- STARTED diagnostics for KernelDiagnostics:StoreFiles START ---
2015-12-11 22:01:20.214+0000 INFO  [o.n.k.i.DiagnosticsManager] Disk space on partition (Total / Free / Free %): 499738734592 / 397955330048 / 79
Storage files: (filename : modification date - size)
2015-12-11 22:01:20.217+0000 INFO  [o.n.k.i.DiagnosticsManager]   dbms:
2015-12-11 22:01:20.219+0000 INFO  [o.n.k.i.DiagnosticsManager]     auth: 2015-12-11T11:20:41-0600 - 137.00 B
2015-12-11 22:01:20.221+0000 INFO  [o.n.k.i.DiagnosticsManager]     ssl:
2015-12-11 22:01:20.224+0000 INFO  [o.n.k.i.DiagnosticsManager]       snakeoil.cert: 2015-12-11T11:20:37-0600 - 630.00 B
2015-12-11 22:01:20.226+0000 INFO  [o.n.k.i.DiagnosticsManager]       snakeoil.key: 2015-12-11T11:20:37-0600 - 910.00 B
2015-12-11 22:01:20.228+0000 INFO  [o.n.k.i.DiagnosticsManager]     - Total: 2015-12-11T11:20:37-0600 - 1.50 kB
2015-12-11 22:01:20.231+0000 INFO  [o.n.k.i.DiagnosticsManager]   - Total: 2015-12-11T11:20:41-0600 - 1.64 kB
2015-12-11 22:01:20.233+0000 INFO  [o.n.k.i.DiagnosticsManager]   index:
2015-12-11 22:01:20.235+0000 INFO  [o.n.k.i.DiagnosticsManager]   - Total: 2015-12-11T11:20:40-0600 - 0.00 B
2015-12-11 22:01:20.237+0000 INFO  [o.n.k.i.DiagnosticsManager]   messages.log: 2015-12-11T11:42:40-0600 - 66.69 kB
2015-12-11 22:01:20.239+0000 INFO  [o.n.k.i.DiagnosticsManager]   neo4j.properties: 2015-12-11T11:20:37-0600 - 1.30 kB
2015-12-11 22:01:20.242+0000 INFO  [o.n.k.i.DiagnosticsManager]   neostore: 2015-12-11T11:42:38-0600 - 8.00 kB
2015-12-11 22:01:20.244+0000 INFO  [o.n.k.i.DiagnosticsManager]   neostore.counts.db.a: 2015-12-11T11:40:45-0600 - 576.00 B
2015-12-11 22:01:20.246+0000 INFO  [o.n.k.i.DiagnosticsManager]   neostore.counts.db.b: 2015-12-11T11:42:38-0600 - 576.00 B
2015-12-11 22:01:20.249+0000 INFO  [o.n.k.i.DiagnosticsManager]   neostore.id: 2015-12-11T16:01:19-0600 - 9.00 B
2015-12-11 22:01:20.251+0000 INFO  [o.n.k.i.DiagnosticsManager]   neostore.labeltokenstore.db: 2015-12-11T11:25:41-0600 - 8.00 kB
2015-12-11 22:01:20.254+0000 INFO  [o.n.k.i.DiagnosticsManager]   neostore.labeltokenstore.db.id: 2015-12-11T16:01:19-0600 - 9.00 B
2015-12-11 22:01:20.256+0000 INFO  [o.n.k.i.DiagnosticsManager]   neostore.labeltokenstore.db.names: 2015-12-11T11:25:41-0600 - 8.00 kB
2015-12-11 22:01:20.259+0000 INFO  [o.n.k.i.DiagnosticsManager]   neostore.labeltokenstore.db.names.id: 2015-12-11T16:01:19-0600 - 9.00 B
2015-12-11 22:01:20.261+0000 INFO  [o.n.k.i.DiagnosticsManager]   neostore.nodestore.db: 2015-12-11T11:42:39-0600 - 151.96 kB
2015-12-11 22:01:20.264+0000 INFO  [o.n.k.i.DiagnosticsManager]   neostore.nodestore.db.id: 2015-12-11T16:01:18-0600 - 9.00 B
2015-12-11 22:01:20.266+0000 INFO  [o.n.k.i.DiagnosticsManager]   neostore.nodestore.db.labels: 2015-12-11T11:20:38-0600 - 8.00 kB
2015-12-11 22:01:20.269+0000 INFO  [o.n.k.i.DiagnosticsManager]   neostore.nodestore.db.labels.id: 2015-12-11T16:01:18-0600 - 9.00 B
2015-12-11 22:01:20.271+0000 INFO  [o.n.k.i.DiagnosticsManager]   neostore.propertystore.db: 2015-12-11T11:42:39-0600 - 414.32 kB
2015-12-11 22:01:20.273+0000 INFO  [o.n.k.i.DiagnosticsManager]   neostore.propertystore.db.arrays: 2015-12-11T11:20:39-0600 - 8.00 kB
2015-12-11 22:01:20.275+0000 INFO  [o.n.k.i.DiagnosticsManager]   neostore.propertystore.db.arrays.id: 2015-12-11T16:01:19-0600 - 9.00 B
2015-12-11 22:01:20.278+0000 INFO  [o.n.k.i.DiagnosticsManager]   neostore.propertystore.db.id: 2015-12-11T16:01:19-0600 - 9.00 B
2015-12-11 22:01:20.280+0000 INFO  [o.n.k.i.DiagnosticsManager]   neostore.propertystore.db.index: 2015-12-11T11:25:42-0600 - 8.00 kB
2015-12-11 22:01:20.283+0000 INFO  [o.n.k.i.DiagnosticsManager]   neostore.propertystore.db.index.id: 2015-12-11T16:01:19-0600 - 9.00 B
2015-12-11 22:01:20.285+0000 INFO  [o.n.k.i.DiagnosticsManager]   neostore.propertystore.db.index.keys: 2015-12-11T11:25:42-0600 - 8.00 kB
2015-12-11 22:01:20.288+0000 INFO  [o.n.k.i.DiagnosticsManager]   neostore.propertystore.db.index.keys.id: 2015-12-11T16:01:19-0600 - 9.00 B
2015-12-11 22:01:20.290+0000 INFO  [o.n.k.i.DiagnosticsManager]   neostore.propertystore.db.strings: 2015-12-11T11:20:39-0600 - 8.00 kB
2015-12-11 22:01:20.293+0000 INFO  [o.n.k.i.DiagnosticsManager]   neostore.propertystore.db.strings.id: 2015-12-11T16:01:19-0600 - 9.00 B
2015-12-11 22:01:20.295+0000 INFO  [o.n.k.i.DiagnosticsManager]   neostore.relationshipgroupstore.db: 2015-12-11T11:42:38-0600 - 8.00 kB
2015-12-11 22:01:20.297+0000 INFO  [o.n.k.i.DiagnosticsManager]   neostore.relationshipgroupstore.db.id: 2015-12-11T16:01:19-0600 - 9.00 B
2015-12-11 22:01:20.300+0000 INFO  [o.n.k.i.DiagnosticsManager]   neostore.relationshipstore.db: 2015-12-11T11:42:39-0600 - 342.66 kB
2015-12-11 22:01:20.302+0000 INFO  [o.n.k.i.DiagnosticsManager]   neostore.relationshipstore.db.id: 2015-12-11T16:01:19-0600 - 9.00 B
2015-12-11 22:01:20.304+0000 INFO  [o.n.k.i.DiagnosticsManager]   neostore.relationshiptypestore.db: 2015-12-11T11:25:42-0600 - 8.00 kB
2015-12-11 22:01:20.307+0000 INFO  [o.n.k.i.DiagnosticsManager]   neostore.relationshiptypestore.db.id: 2015-12-11T16:01:19-0600 - 9.00 B
2015-12-11 22:01:20.309+0000 INFO  [o.n.k.i.DiagnosticsManager]   neostore.relationshiptypestore.db.names: 2015-12-11T11:25:42-0600 - 8.00 kB
2015-12-11 22:01:20.312+0000 INFO  [o.n.k.i.DiagnosticsManager]   neostore.relationshiptypestore.db.names.id: 2015-12-11T16:01:19-0600 - 9.00 B
2015-12-11 22:01:20.314+0000 INFO  [o.n.k.i.DiagnosticsManager]   neostore.schemastore.db: 2015-12-11T11:20:40-0600 - 8.00 kB
2015-12-11 22:01:20.316+0000 INFO  [o.n.k.i.DiagnosticsManager]   neostore.schemastore.db.id: 2015-12-11T16:01:19-0600 - 9.00 B
2015-12-11 22:01:20.319+0000 INFO  [o.n.k.i.DiagnosticsManager]   neostore.transaction.db.0: 2015-12-11T11:42:38-0600 - 7.39 MB
2015-12-11 22:01:20.321+0000 INFO  [o.n.k.i.DiagnosticsManager]   schema:
2015-12-11 22:01:20.323+0000 INFO  [o.n.k.i.DiagnosticsManager]     label:
2015-12-11 22:01:20.325+0000 INFO  [o.n.k.i.DiagnosticsManager]       lucene:
2015-12-11 22:01:20.328+0000 INFO  [o.n.k.i.DiagnosticsManager]         _fvb.cfs: 2015-12-11T11:41:19-0600 - 10.06 kB
2015-12-11 22:01:20.330+0000 INFO  [o.n.k.i.DiagnosticsManager]         segments.gen: 2015-12-11T11:42:38-0600 - 20.00 B
2015-12-11 22:01:20.332+0000 INFO  [o.n.k.i.DiagnosticsManager]         segments_5: 2015-12-11T11:42:38-0600 - 258.00 B
2015-12-11 22:01:20.335+0000 INFO  [o.n.k.i.DiagnosticsManager]         write.lock: 2015-12-11T16:01:19-0600 - 0.00 B
2015-12-11 22:01:20.337+0000 INFO  [o.n.k.i.DiagnosticsManager]       - Total: 2015-12-11T16:01:19-0600 - 10.33 kB
2015-12-11 22:01:20.339+0000 INFO  [o.n.k.i.DiagnosticsManager]     - Total: 2015-12-11T11:20:40-0600 - 10.33 kB
2015-12-11 22:01:20.341+0000 INFO  [o.n.k.i.DiagnosticsManager]   - Total: 2015-12-11T11:20:40-0600 - 10.33 kB
2015-12-11 22:01:20.343+0000 INFO  [o.n.k.i.DiagnosticsManager]   store_lock: 2015-12-11T11:20:38-0600 - 0.00 B
2015-12-11 22:01:20.345+0000 INFO  [o.n.k.i.DiagnosticsManager] --- STARTED diagnostics for KernelDiagnostics:StoreFiles END ---
2015-12-11 22:01:20.354+0000 INFO  [o.n.k.i.DiagnosticsManager] --- SERVER STARTED START ---
2015-12-11 22:01:20.968+0000 INFO  [o.n.k.i.DiagnosticsManager] --- SERVER STARTED END ---
2015-12-11 22:06:39.652+0000 INFO  [o.n.k.i.f.GraphDatabaseFacade] Shutdown started
2015-12-11 22:06:39.655+0000 INFO  [o.n.k.i.f.CommunityFacadeFactory] Database is now unavailable
2015-12-11 22:06:39.692+0000 INFO  [o.n.k.i.t.l.c.CheckPointerImpl] Check Pointing triggered by database shutdown [20509]:  Starting check pointing...
2015-12-11 22:06:39.695+0000 INFO  [o.n.k.i.t.l.c.CheckPointerImpl] Check Pointing triggered by database shutdown [20509]:  Starting store flush...
2015-12-11 22:06:39.716+0000 INFO  [o.n.k.i.t.l.c.CheckPointerImpl] Check Pointing triggered by database shutdown [20509]:  Store flush completed
2015-12-11 22:06:39.719+0000 INFO  [o.n.k.i.t.l.c.CheckPointerImpl] Check Pointing triggered by database shutdown [20509]:  Starting appending check point entry into the tx log...
2015-12-11 22:06:39.745+0000 INFO  [o.n.k.i.t.l.c.CheckPointerImpl] Check Pointing triggered by database shutdown [20509]:  Appending check point entry into the tx log completed
2015-12-11 22:06:39.747+0000 INFO  [o.n.k.i.t.l.c.CheckPointerImpl] Check Pointing triggered by database shutdown [20509]:  Check pointing completed
2015-12-11 22:06:39.750+0000 INFO  [o.n.k.i.t.l.p.LogPruningImpl] Log Rotation [0]:  Starting log pruning.
2015-12-11 22:06:39.752+0000 INFO  [o.n.k.i.t.l.p.LogPruningImpl] Log Rotation [0]:  Log pruning complete.
2015-12-11 22:06:41.150+0000 INFO  [o.n.k.NeoStoreDataSource] NeoStores closed
2015-12-11 22:06:41.157+0000 INFO  [o.n.k.i.DiagnosticsManager] --- STOPPING diagnostics START ---
2015-12-11 22:06:41.157+0000 INFO  [o.n.k.i.DiagnosticsManager] --- STOPPING diagnostics END ---
