2015-12-11 17:43:48.616+0000 INFO  [o.n.k.i.f.CommunityFacadeFactory] No locking implementation specified, defaulting to 'community'
2015-12-11 17:43:48.616+0000 INFO  [o.n.k.AvailabilityGuard] Requirement makes database unavailable: Database available
2015-12-11 17:43:48.616+0000 INFO  [o.n.k.i.DiagnosticsManager] --- INITIALIZED diagnostics START ---
2015-12-11 17:43:48.616+0000 INFO  [o.n.k.i.DiagnosticsManager] Neo4j Kernel properties:
2015-12-11 17:43:48.616+0000 INFO  [o.n.k.i.DiagnosticsManager] org.neo4j.server.db.tuning.properties=C:\561\10000\10000D5\neo4j.properties
2015-12-11 17:43:48.616+0000 INFO  [o.n.k.i.DiagnosticsManager] org.neo4j.server.database.location=C:\561\10000\10000D5
2015-12-11 17:43:48.616+0000 INFO  [o.n.k.i.DiagnosticsManager] dbms.querylog.filename=data/log/queries.log
2015-12-11 17:43:48.616+0000 INFO  [o.n.k.i.DiagnosticsManager] dbms.security.auth_store.location=C:\561\10000\10000D5\.\dbms\auth
2015-12-11 17:43:48.616+0000 INFO  [o.n.k.i.DiagnosticsManager] dbms.security.tls_certificate_file=C:\561\10000\10000D5\.\dbms\ssl\snakeoil.cert
2015-12-11 17:43:48.616+0000 INFO  [o.n.k.i.DiagnosticsManager] remote_shell_enabled=true
2015-12-11 17:43:48.616+0000 INFO  [o.n.k.i.DiagnosticsManager] edition=Community
2015-12-11 17:43:48.616+0000 INFO  [o.n.k.i.DiagnosticsManager] dbms.security.tls_key_file=C:\561\10000\10000D5\.\dbms\ssl\snakeoil.key
2015-12-11 17:43:48.616+0000 INFO  [o.n.k.i.DiagnosticsManager] Diagnostics providers:
2015-12-11 17:43:48.616+0000 INFO  [o.n.k.i.DiagnosticsManager] org.neo4j.kernel.configuration.Config
2015-12-11 17:43:48.616+0000 INFO  [o.n.k.i.DiagnosticsManager] org.neo4j.kernel.info.DiagnosticsManager
2015-12-11 17:43:48.616+0000 INFO  [o.n.k.i.DiagnosticsManager] SYSTEM_MEMORY
2015-12-11 17:43:48.616+0000 INFO  [o.n.k.i.DiagnosticsManager] JAVA_MEMORY
2015-12-11 17:43:48.616+0000 INFO  [o.n.k.i.DiagnosticsManager] OPERATING_SYSTEM
2015-12-11 17:43:48.616+0000 INFO  [o.n.k.i.DiagnosticsManager] JAVA_VIRTUAL_MACHINE
2015-12-11 17:43:48.616+0000 INFO  [o.n.k.i.DiagnosticsManager] CLASSPATH
2015-12-11 17:43:48.616+0000 INFO  [o.n.k.i.DiagnosticsManager] LIBRARY_PATH
2015-12-11 17:43:48.616+0000 INFO  [o.n.k.i.DiagnosticsManager] SYSTEM_PROPERTIES
2015-12-11 17:43:48.616+0000 INFO  [o.n.k.i.DiagnosticsManager] NETWORK
2015-12-11 17:43:48.616+0000 INFO  [o.n.k.i.DiagnosticsManager] System memory information:
2015-12-11 17:43:48.616+0000 INFO  [o.n.k.i.DiagnosticsManager] Total Physical memory: 3.93 GB
2015-12-11 17:43:48.616+0000 INFO  [o.n.k.i.DiagnosticsManager] Free Physical memory: 2.11 GB
2015-12-11 17:43:48.616+0000 INFO  [o.n.k.i.DiagnosticsManager] Committed virtual memory: 355.50 MB
2015-12-11 17:43:48.616+0000 INFO  [o.n.k.i.DiagnosticsManager] Total swap space: 5.66 GB
2015-12-11 17:43:48.616+0000 INFO  [o.n.k.i.DiagnosticsManager] Free swap space: 3.17 GB
2015-12-11 17:43:48.616+0000 INFO  [o.n.k.i.DiagnosticsManager] JVM memory information:
2015-12-11 17:43:48.616+0000 INFO  [o.n.k.i.DiagnosticsManager] Free  memory: 25.69 MB
2015-12-11 17:43:48.616+0000 INFO  [o.n.k.i.DiagnosticsManager] Total memory: 94.50 MB
2015-12-11 17:43:48.616+0000 INFO  [o.n.k.i.DiagnosticsManager] Max   memory: 894.50 MB
2015-12-11 17:43:48.616+0000 INFO  [o.n.k.i.DiagnosticsManager] Garbage Collector: PS Scavenge: [PS Eden Space, PS Survivor Space]
2015-12-11 17:43:48.616+0000 INFO  [o.n.k.i.DiagnosticsManager] Garbage Collector: PS MarkSweep: [PS Eden Space, PS Survivor Space, PS Old Gen, PS Perm Gen]
2015-12-11 17:43:48.616+0000 INFO  [o.n.k.i.DiagnosticsManager] Memory Pool: Code Cache (Non-heap memory): committed=10.38 MB, used=10.19 MB, max=48.00 MB, threshold=0.00 B
2015-12-11 17:43:48.616+0000 INFO  [o.n.k.i.DiagnosticsManager] Memory Pool: PS Eden Space (Heap memory): committed=26.00 MB, used=18.54 MB, max=334.50 MB, threshold=?
2015-12-11 17:43:48.616+0000 INFO  [o.n.k.i.DiagnosticsManager] Memory Pool: PS Survivor Space (Heap memory): committed=512.00 kB, used=512.00 kB, max=512.00 kB, threshold=?
2015-12-11 17:43:48.616+0000 INFO  [o.n.k.i.DiagnosticsManager] Memory Pool: PS Old Gen (Heap memory): committed=68.00 MB, used=49.77 MB, max=670.50 MB, threshold=0.00 B
2015-12-11 17:43:48.616+0000 INFO  [o.n.k.i.DiagnosticsManager] Memory Pool: PS Perm Gen (Non-heap memory): committed=62.00 MB, used=61.93 MB, max=82.00 MB, threshold=0.00 B
2015-12-11 17:43:48.616+0000 INFO  [o.n.k.i.DiagnosticsManager] Operating system information:
2015-12-11 17:43:48.616+0000 INFO  [o.n.k.i.DiagnosticsManager] Operating System: Windows 8.1; version: 6.3; arch: amd64; cpus: 8
2015-12-11 17:43:48.616+0000 INFO  [o.n.k.i.DiagnosticsManager] Process id: 5816@ATAN-B03-02
2015-12-11 17:43:48.616+0000 INFO  [o.n.k.i.DiagnosticsManager] Byte order: LITTLE_ENDIAN
2015-12-11 17:43:48.616+0000 INFO  [o.n.k.i.DiagnosticsManager] Local timezone: America/Chicago
2015-12-11 17:43:48.616+0000 INFO  [o.n.k.i.DiagnosticsManager] JVM information:
2015-12-11 17:43:48.616+0000 INFO  [o.n.k.i.DiagnosticsManager] VM Name: Java HotSpot(TM) 64-Bit Server VM
2015-12-11 17:43:48.616+0000 INFO  [o.n.k.i.DiagnosticsManager] VM Vendor: Oracle Corporation
2015-12-11 17:43:48.616+0000 INFO  [o.n.k.i.DiagnosticsManager] VM Version: 24.80-b11
2015-12-11 17:43:48.616+0000 INFO  [o.n.k.i.DiagnosticsManager] JIT compiler: HotSpot 64-Bit Tiered Compilers
2015-12-11 17:43:48.616+0000 INFO  [o.n.k.i.DiagnosticsManager] VM Arguments: [-Dexe4j.semaphoreName=Local\c:_program_files_neo4j_ce_2.3.1_bin_neo4j-ce.exe, -Dexe4j.isInstall4j=true, -Dexe4j.moduleName=C:\Program Files\Neo4j CE 2.3.1\bin\neo4j-ce.exe, -Dexe4j.tempDir=, -Dexe4j.unextractedPosition=0, -Djava.library.path=C:\Program Files (x86)\AMD APP\bin\x86_64;C:\Program Files (x86)\AMD APP\bin\x86;C:\ProgramData\Oracle\Java\javapath;C:\Windows\system32;C:\Windows;C:\Windows\System32\Wbem;C:\Windows\System32\WindowsPowerShell\v1.0\;C:\Program Files (x86)\MiKTeX 2.9\miktex\bin\;C:\Program Files\TortoiseSVN\bin;C:\Windows\system32\config\systemprofile\.dnx\bin;C:\Program Files\Microsoft DNX\Dnvm\;C:\Program Files\MATLAB\R2015b\runtime\win64;C:\Program Files\MATLAB\R2015b\bin;C:\Program Files (x86)\ATI Technologies\ATI.ACE\Core-Static;c:\program files\neo4j ce 2.3.1\jre\bin, -Dexe4j.consoleCodepage=cp0, -Dinstall4j.launcherId=24, -Dinstall4j.swt=false]
2015-12-11 17:43:48.616+0000 INFO  [o.n.k.i.DiagnosticsManager] Java classpath:
2015-12-11 17:43:48.616+0000 INFO  [o.n.k.i.DiagnosticsManager]  [loader.1] file:/C:/Program%20Files/Neo4j%20CE%202.3.1/jre/lib/ext/dnsns.jar
2015-12-11 17:43:48.616+0000 INFO  [o.n.k.i.DiagnosticsManager]  [loader.0] file:/C:/Program%20Files/Neo4j%20CE%202.3.1/bin/
2015-12-11 17:43:48.616+0000 INFO  [o.n.k.i.DiagnosticsManager]  [bootstrap] C:\Program Files\Neo4j CE 2.3.1\jre\lib\resources.jar
2015-12-11 17:43:48.616+0000 INFO  [o.n.k.i.DiagnosticsManager]  [bootstrap] C:\Program Files\Neo4j CE 2.3.1\jre\lib\jfr.jar
2015-12-11 17:43:48.616+0000 INFO  [o.n.k.i.DiagnosticsManager]  [classpath] C:\Program Files\Neo4j CE 2.3.1\.install4j\i4jruntime.jar
2015-12-11 17:43:48.616+0000 INFO  [o.n.k.i.DiagnosticsManager]  [loader.1] file:/C:/Program%20Files/Neo4j%20CE%202.3.1/jre/lib/ext/sunmscapi.jar
2015-12-11 17:43:48.616+0000 INFO  [o.n.k.i.DiagnosticsManager]  [bootstrap] C:\Program Files\Neo4j CE 2.3.1\jre\lib\jsse.jar
2015-12-11 17:43:48.616+0000 INFO  [o.n.k.i.DiagnosticsManager]  [loader.1] file:/C:/Program%20Files/Neo4j%20CE%202.3.1/jre/lib/ext/dns_sd.jar
2015-12-11 17:43:48.616+0000 INFO  [o.n.k.i.DiagnosticsManager]  [loader.0] file:/C:/Program%20Files/Neo4j%20CE%202.3.1/.install4j/i4jruntime.jar
2015-12-11 17:43:48.616+0000 INFO  [o.n.k.i.DiagnosticsManager]  [loader.0] file:/C:/Program%20Files/Neo4j%20CE%202.3.1/bin/neo4j-desktop-2.3.1.jar
2015-12-11 17:43:48.616+0000 INFO  [o.n.k.i.DiagnosticsManager]  [loader.1] file:/C:/Program%20Files/Neo4j%20CE%202.3.1/jre/lib/ext/access-bridge-64.jar
2015-12-11 17:43:48.616+0000 INFO  [o.n.k.i.DiagnosticsManager]  [loader.1] file:/C:/Program%20Files/Neo4j%20CE%202.3.1/jre/lib/ext/localedata.jar
2015-12-11 17:43:48.616+0000 INFO  [o.n.k.i.DiagnosticsManager]  [bootstrap] C:\Program Files\Neo4j CE 2.3.1\jre\lib\sunrsasign.jar
2015-12-11 17:43:48.616+0000 INFO  [o.n.k.i.DiagnosticsManager]  [bootstrap] C:\Program Files\Neo4j CE 2.3.1\jre\lib\jce.jar
2015-12-11 17:43:48.616+0000 INFO  [o.n.k.i.DiagnosticsManager]  [bootstrap] C:\Program Files\Neo4j CE 2.3.1\jre\lib\rt.jar
2015-12-11 17:43:48.616+0000 INFO  [o.n.k.i.DiagnosticsManager]  [bootstrap] C:\Program Files\Neo4j CE 2.3.1\jre\lib\charsets.jar
2015-12-11 17:43:48.616+0000 INFO  [o.n.k.i.DiagnosticsManager]  [loader.1] file:/C:/Program%20Files/Neo4j%20CE%202.3.1/jre/lib/ext/sunjce_provider.jar
2015-12-11 17:43:48.616+0000 INFO  [o.n.k.i.DiagnosticsManager]  [bootstrap] C:\Program Files\Neo4j CE 2.3.1\jre\classes
2015-12-11 17:43:48.616+0000 INFO  [o.n.k.i.DiagnosticsManager]  [loader.1] file:/C:/Program%20Files/Neo4j%20CE%202.3.1/jre/lib/ext/zipfs.jar
2015-12-11 17:43:48.616+0000 INFO  [o.n.k.i.DiagnosticsManager]  [loader.1] file:/C:/Program%20Files/Neo4j%20CE%202.3.1/jre/lib/ext/jaccess.jar
2015-12-11 17:43:48.616+0000 INFO  [o.n.k.i.DiagnosticsManager]  [loader.1] file:/C:/Program%20Files/Neo4j%20CE%202.3.1/jre/lib/ext/sunec.jar
2015-12-11 17:43:48.616+0000 INFO  [o.n.k.i.DiagnosticsManager]  [classpath] C:\Program Files\Neo4j CE 2.3.1\bin\neo4j-desktop-2.3.1.jar
2015-12-11 17:43:48.616+0000 INFO  [o.n.k.i.DiagnosticsManager] Library path:
2015-12-11 17:43:48.616+0000 INFO  [o.n.k.i.DiagnosticsManager] C:\Program Files (x86)\AMD APP\bin\x86_64
2015-12-11 17:43:48.616+0000 INFO  [o.n.k.i.DiagnosticsManager] C:\Program Files (x86)\AMD APP\bin\x86
2015-12-11 17:43:48.616+0000 INFO  [o.n.k.i.DiagnosticsManager] C:\ProgramData\Oracle\Java\javapath
2015-12-11 17:43:48.616+0000 INFO  [o.n.k.i.DiagnosticsManager] C:\Windows\System32
2015-12-11 17:43:48.616+0000 INFO  [o.n.k.i.DiagnosticsManager] C:\Windows
2015-12-11 17:43:48.616+0000 INFO  [o.n.k.i.DiagnosticsManager] C:\Windows\System32\wbem
2015-12-11 17:43:48.616+0000 INFO  [o.n.k.i.DiagnosticsManager] C:\Windows\System32\WindowsPowerShell\v1.0
2015-12-11 17:43:48.616+0000 INFO  [o.n.k.i.DiagnosticsManager] C:\Program Files (x86)\MiKTeX 2.9\miktex\bin
2015-12-11 17:43:48.616+0000 INFO  [o.n.k.i.DiagnosticsManager] C:\Program Files\TortoiseSVN\bin
2015-12-11 17:43:48.616+0000 INFO  [o.n.k.i.DiagnosticsManager] C:\Windows\System32\config\systemprofile\.dnx\bin
2015-12-11 17:43:48.616+0000 INFO  [o.n.k.i.DiagnosticsManager] C:\Program Files\Microsoft DNX\Dnvm
2015-12-11 17:43:48.616+0000 INFO  [o.n.k.i.DiagnosticsManager] C:\Program Files\MATLAB\R2015b\runtime\win64
2015-12-11 17:43:48.616+0000 INFO  [o.n.k.i.DiagnosticsManager] C:\Program Files\MATLAB\R2015b\bin
2015-12-11 17:43:48.616+0000 INFO  [o.n.k.i.DiagnosticsManager] C:\Program Files (x86)\ATI Technologies\ATI.ACE\Core-Static
2015-12-11 17:43:48.616+0000 INFO  [o.n.k.i.DiagnosticsManager] C:\Program Files\Neo4j CE 2.3.1\jre\bin
2015-12-11 17:43:48.616+0000 INFO  [o.n.k.i.DiagnosticsManager] System.properties:
2015-12-11 17:43:48.616+0000 INFO  [o.n.k.i.DiagnosticsManager] exe4j.moduleName = C:\Program Files\Neo4j CE 2.3.1\bin\neo4j-ce.exe
2015-12-11 17:43:48.616+0000 INFO  [o.n.k.i.DiagnosticsManager] exe4j.semaphoreName = Local\c:_program_files_neo4j_ce_2.3.1_bin_neo4j-ce.exe
2015-12-11 17:43:48.616+0000 INFO  [o.n.k.i.DiagnosticsManager] sun.boot.library.path = c:\program files\neo4j ce 2.3.1\jre\bin
2015-12-11 17:43:48.616+0000 INFO  [o.n.k.i.DiagnosticsManager] exe4j.consoleCodepage = cp0
2015-12-11 17:43:48.631+0000 INFO  [o.n.k.i.DiagnosticsManager] path.separator = ;
2015-12-11 17:43:48.631+0000 INFO  [o.n.k.i.DiagnosticsManager] file.encoding.pkg = sun.io
2015-12-11 17:43:48.631+0000 INFO  [o.n.k.i.DiagnosticsManager] user.country = US
2015-12-11 17:43:48.631+0000 INFO  [o.n.k.i.DiagnosticsManager] user.script = 
2015-12-11 17:43:48.631+0000 INFO  [o.n.k.i.DiagnosticsManager] sun.os.patch.level = 
2015-12-11 17:43:48.631+0000 INFO  [o.n.k.i.DiagnosticsManager] install4j.exeDir = C:\Program Files\Neo4j CE 2.3.1\bin\
2015-12-11 17:43:48.631+0000 INFO  [o.n.k.i.DiagnosticsManager] user.dir = C:\Program Files\Neo4j CE 2.3.1\bin
2015-12-11 17:43:48.631+0000 INFO  [o.n.k.i.DiagnosticsManager] neo4j.ext.udc.source = desktop
2015-12-11 17:43:48.631+0000 INFO  [o.n.k.i.DiagnosticsManager] user.variant = 
2015-12-11 17:43:48.631+0000 INFO  [o.n.k.i.DiagnosticsManager] exe4j.tempDir = 
2015-12-11 17:43:48.631+0000 INFO  [o.n.k.i.DiagnosticsManager] sun.jnu.encoding = Cp1252
2015-12-11 17:43:48.631+0000 INFO  [o.n.k.i.DiagnosticsManager] sun.awt.enableExtraMouseButtons = true
2015-12-11 17:43:48.631+0000 INFO  [o.n.k.i.DiagnosticsManager] install4j.launcherId = 24
2015-12-11 17:43:48.631+0000 INFO  [o.n.k.i.DiagnosticsManager] sun.management.compiler = HotSpot 64-Bit Tiered Compilers
2015-12-11 17:43:48.631+0000 INFO  [o.n.k.i.DiagnosticsManager] exe4j.isInstall4j = true
2015-12-11 17:43:48.631+0000 INFO  [o.n.k.i.DiagnosticsManager] install4j.swt = false
2015-12-11 17:43:48.631+0000 INFO  [o.n.k.i.DiagnosticsManager] user.home = C:\Users\cez
2015-12-11 17:43:48.631+0000 INFO  [o.n.k.i.DiagnosticsManager] user.timezone = America/Chicago
2015-12-11 17:43:48.631+0000 INFO  [o.n.k.i.DiagnosticsManager] file.encoding = Cp1252
2015-12-11 17:43:48.631+0000 INFO  [o.n.k.i.DiagnosticsManager] user.name = cez
2015-12-11 17:43:48.631+0000 INFO  [o.n.k.i.DiagnosticsManager] sun.java.command = C:\Program Files\Neo4j CE 2.3.1\bin\neo4j-ce.exe
2015-12-11 17:43:48.631+0000 INFO  [o.n.k.i.DiagnosticsManager] sun.arch.data.model = 64
2015-12-11 17:43:48.631+0000 INFO  [o.n.k.i.DiagnosticsManager] exe4j.launchName = C:\Program Files\Neo4j CE 2.3.1\bin\neo4j-ce.exe
2015-12-11 17:43:48.631+0000 INFO  [o.n.k.i.DiagnosticsManager] user.language = en
2015-12-11 17:43:48.631+0000 INFO  [o.n.k.i.DiagnosticsManager] awt.toolkit = sun.awt.windows.WToolkit
2015-12-11 17:43:48.631+0000 INFO  [o.n.k.i.DiagnosticsManager] exe4j.unextractedPosition = 0
2015-12-11 17:43:48.631+0000 INFO  [o.n.k.i.DiagnosticsManager] install4j.appDir = C:\Program Files\Neo4j CE 2.3.1\
2015-12-11 17:43:48.631+0000 INFO  [o.n.k.i.DiagnosticsManager] file.separator = \
2015-12-11 17:43:48.631+0000 INFO  [o.n.k.i.DiagnosticsManager] sun.io.unicode.encoding = UnicodeLittle
2015-12-11 17:43:48.631+0000 INFO  [o.n.k.i.DiagnosticsManager] sun.cpu.endian = little
2015-12-11 17:43:48.631+0000 INFO  [o.n.k.i.DiagnosticsManager] sun.desktop = windows
2015-12-11 17:43:48.631+0000 INFO  [o.n.k.i.DiagnosticsManager] sun.cpu.isalist = amd64
2015-12-11 17:43:48.631+0000 INFO  [o.n.k.i.DiagnosticsManager] Network information:
2015-12-11 17:43:48.631+0000 INFO  [o.n.k.i.DiagnosticsManager] Interface Software Loopback Interface 1:
2015-12-11 17:43:48.631+0000 INFO  [o.n.k.i.DiagnosticsManager]     address: 127.0.0.1
2015-12-11 17:43:48.631+0000 INFO  [o.n.k.i.DiagnosticsManager]     address: 0:0:0:0:0:0:0:1
2015-12-11 17:43:48.631+0000 INFO  [o.n.k.i.DiagnosticsManager] Interface Microsoft Kernel Debug Network Adapter:
2015-12-11 17:43:48.631+0000 INFO  [o.n.k.i.DiagnosticsManager] Interface Intel(R) 82578DM Gigabit Network Connection:
2015-12-11 17:43:48.631+0000 INFO  [o.n.k.i.DiagnosticsManager]     address: 10.24.47.166
2015-12-11 17:43:48.631+0000 INFO  [o.n.k.i.DiagnosticsManager]     address: 2610:130:101:d00:4493:c16:efa9:8b55
2015-12-11 17:43:48.631+0000 INFO  [o.n.k.i.DiagnosticsManager]     address: 2610:130:101:d00:920:e15d:79eb:345b
2015-12-11 17:43:48.631+0000 INFO  [o.n.k.i.DiagnosticsManager]     address: 2610:130:101:d00:a502:b02c:1a2d:577b
2015-12-11 17:43:48.631+0000 INFO  [o.n.k.i.DiagnosticsManager]     address: fe80:0:0:0:4493:c16:efa9:8b55%3
2015-12-11 17:43:48.631+0000 INFO  [o.n.k.i.DiagnosticsManager] Interface Microsoft ISATAP Adapter:
2015-12-11 17:43:48.631+0000 INFO  [o.n.k.i.DiagnosticsManager]     address: fe80:0:0:0:0:5efe:c0a8:3801%4
2015-12-11 17:43:48.631+0000 INFO  [o.n.k.i.DiagnosticsManager] Interface Teredo Tunneling Pseudo-Interface:
2015-12-11 17:43:48.631+0000 INFO  [o.n.k.i.DiagnosticsManager] Interface Microsoft ISATAP Adapter #2:
2015-12-11 17:43:48.631+0000 INFO  [o.n.k.i.DiagnosticsManager]     address: fe80:0:0:0:0:5efe:a18:2fa6%6
2015-12-11 17:43:48.631+0000 INFO  [o.n.k.i.DiagnosticsManager] Interface VirtualBox Host-Only Ethernet Adapter:
2015-12-11 17:43:48.631+0000 INFO  [o.n.k.i.DiagnosticsManager]     address: 192.168.56.1
2015-12-11 17:43:48.631+0000 INFO  [o.n.k.i.DiagnosticsManager]     address: fe80:0:0:0:4133:2d33:29c2:6efa%7
2015-12-11 17:43:48.631+0000 INFO  [o.n.k.i.DiagnosticsManager] Interface Microsoft ISATAP Adapter #3:
2015-12-11 17:43:48.631+0000 INFO  [o.n.k.i.DiagnosticsManager] Interface VirtualBox Host-Only Ethernet Adapter-WFP Native MAC Layer LightWeight Filter-0000:
2015-12-11 17:43:48.631+0000 INFO  [o.n.k.i.DiagnosticsManager] Interface VirtualBox Host-Only Ethernet Adapter-VirtualBox NDIS Light-Weight Filter-0000:
2015-12-11 17:43:48.631+0000 INFO  [o.n.k.i.DiagnosticsManager] Interface VirtualBox Host-Only Ethernet Adapter-QoS Packet Scheduler-0000:
2015-12-11 17:43:48.631+0000 INFO  [o.n.k.i.DiagnosticsManager] Interface VirtualBox Host-Only Ethernet Adapter-WFP 802.3 MAC Layer LightWeight Filter-0000:
2015-12-11 17:43:48.631+0000 INFO  [o.n.k.i.DiagnosticsManager] Interface Intel(R) 82578DM Gigabit Network Connection-WFP Native MAC Layer LightWeight Filter-0000:
2015-12-11 17:43:48.631+0000 INFO  [o.n.k.i.DiagnosticsManager] Interface Intel(R) 82578DM Gigabit Network Connection-VirtualBox NDIS Light-Weight Filter-0000:
2015-12-11 17:43:48.631+0000 INFO  [o.n.k.i.DiagnosticsManager] Interface Intel(R) 82578DM Gigabit Network Connection-QoS Packet Scheduler-0000:
2015-12-11 17:43:48.631+0000 INFO  [o.n.k.i.DiagnosticsManager] Interface Intel(R) 82578DM Gigabit Network Connection-WFP 802.3 MAC Layer LightWeight Filter-0000:
2015-12-11 17:43:48.631+0000 INFO  [o.n.k.i.DiagnosticsManager] --- INITIALIZED diagnostics END ---
2015-12-11 17:43:51.335+0000 INFO  [o.n.k.a.i.i.LuceneLabelScanStore] No lucene scan store index found, this might just be first use. Preparing to rebuild.
2015-12-11 17:43:51.350+0000 INFO  [o.n.k.NeoStoreDataSource] Opened logical log [C:\561\10000\10000D5\neostore.transaction.db.0] version=0, lastTxId=1 (clean)
2015-12-11 17:43:51.350+0000 WARN  [o.n.k.i.s.MetaDataStore] Missing counts store, rebuilding it.
2015-12-11 17:43:51.444+0000 INFO  [o.n.k.a.i.i.LuceneLabelScanStore] Rebuilding lucene scan store, this may take a while
2015-12-11 17:43:51.460+0000 INFO  [o.n.k.a.i.i.LuceneLabelScanStore] Lucene scan store rebuilt (roughly -1 nodes)
2015-12-11 17:43:51.475+0000 INFO  [o.n.k.KernelHealth] Kernel health set to OK
2015-12-11 17:43:51.491+0000 INFO  [o.n.k.AvailabilityGuard] Fulfilling of requirement makes database available: Database available
2015-12-11 17:43:51.491+0000 INFO  [o.n.k.i.f.CommunityFacadeFactory] Database is now ready
2015-12-11 17:43:51.491+0000 INFO  [o.n.k.i.DiagnosticsManager] --- STARTED diagnostics for KernelDiagnostics:Versions START ---
2015-12-11 17:43:51.491+0000 INFO  [o.n.k.i.DiagnosticsManager] Graph Database: Community StoreId{creationTime=1449855831256, randomId=-4406096959139056040, storeVersion=15250506225055238, upgradeTime=1449855831256, upgradeId=1}
2015-12-11 17:43:51.491+0000 INFO  [o.n.k.i.DiagnosticsManager] Kernel version: 2.3.1
2015-12-11 17:43:51.506+0000 INFO  [o.n.k.i.DiagnosticsManager] --- STARTED diagnostics for KernelDiagnostics:Versions END ---
2015-12-11 17:43:51.506+0000 INFO  [o.n.k.i.DiagnosticsManager] --- STARTED diagnostics for NEO_STORE_VERSIONS START ---
2015-12-11 17:43:51.506+0000 INFO  [o.n.k.i.DiagnosticsManager] Store versions:
2015-12-11 17:43:51.506+0000 INFO  [o.n.k.i.DiagnosticsManager] Store versions:
2015-12-11 17:43:51.506+0000 INFO  [o.n.k.i.DiagnosticsManager] ArrayPropertyStore v0.A.6
2015-12-11 17:43:51.506+0000 INFO  [o.n.k.i.DiagnosticsManager] NodeStore v0.A.6
2015-12-11 17:43:51.506+0000 INFO  [o.n.k.i.DiagnosticsManager] StringPropertyStore v0.A.6
2015-12-11 17:43:51.522+0000 INFO  [o.n.k.i.DiagnosticsManager] PropertyIndexStore v0.A.6
2015-12-11 17:43:51.522+0000 INFO  [o.n.k.i.DiagnosticsManager] StringPropertyStore v0.A.6
2015-12-11 17:43:51.522+0000 INFO  [o.n.k.i.DiagnosticsManager] ArrayPropertyStore v0.A.6
2015-12-11 17:43:51.522+0000 INFO  [o.n.k.i.DiagnosticsManager] PropertyStore v0.A.6
2015-12-11 17:43:51.522+0000 INFO  [o.n.k.i.DiagnosticsManager] RelationshipStore v0.A.6
2015-12-11 17:43:51.522+0000 INFO  [o.n.k.i.DiagnosticsManager] StringPropertyStore v0.A.6
2015-12-11 17:43:51.522+0000 INFO  [o.n.k.i.DiagnosticsManager] RelationshipTypeStore v0.A.6
2015-12-11 17:43:51.538+0000 INFO  [o.n.k.i.DiagnosticsManager] StringPropertyStore v0.A.6
2015-12-11 17:43:51.538+0000 INFO  [o.n.k.i.DiagnosticsManager] LabelTokenStore v0.A.6
2015-12-11 17:43:51.538+0000 INFO  [o.n.k.i.DiagnosticsManager] SchemaStore v0.A.6
2015-12-11 17:43:51.538+0000 INFO  [o.n.k.i.DiagnosticsManager] RelationshipGroupStore v0.A.6
2015-12-11 17:43:51.538+0000 INFO  [o.n.k.i.DiagnosticsManager] NeoStore v0.A.6
2015-12-11 17:43:51.538+0000 INFO  [o.n.k.i.DiagnosticsManager] --- STARTED diagnostics for NEO_STORE_VERSIONS END ---
2015-12-11 17:43:51.538+0000 INFO  [o.n.k.i.DiagnosticsManager] --- STARTED diagnostics for NEO_STORE_ID_USAGE START ---
2015-12-11 17:43:51.538+0000 INFO  [o.n.k.i.DiagnosticsManager] Id usage:
2015-12-11 17:43:51.553+0000 INFO  [o.n.k.i.DiagnosticsManager] Id usage:
2015-12-11 17:43:51.553+0000 INFO  [o.n.k.i.DiagnosticsManager]   ArrayPropertyStore v0.A.6: used=1 high=0
2015-12-11 17:43:51.553+0000 INFO  [o.n.k.i.DiagnosticsManager]   NodeStore v0.A.6: used=0 high=-1
2015-12-11 17:43:51.553+0000 INFO  [o.n.k.i.DiagnosticsManager]   StringPropertyStore v0.A.6: used=1 high=0
2015-12-11 17:43:51.553+0000 INFO  [o.n.k.i.DiagnosticsManager]   PropertyIndexStore v0.A.6: used=0 high=-1
2015-12-11 17:43:51.553+0000 INFO  [o.n.k.i.DiagnosticsManager]   StringPropertyStore v0.A.6: used=1 high=0
2015-12-11 17:43:51.553+0000 INFO  [o.n.k.i.DiagnosticsManager]   ArrayPropertyStore v0.A.6: used=1 high=0
2015-12-11 17:43:51.569+0000 INFO  [o.n.k.i.DiagnosticsManager]   PropertyStore v0.A.6: used=0 high=-1
2015-12-11 17:43:51.569+0000 INFO  [o.n.k.i.DiagnosticsManager]   RelationshipStore v0.A.6: used=0 high=-1
2015-12-11 17:43:51.569+0000 INFO  [o.n.k.i.DiagnosticsManager]   StringPropertyStore v0.A.6: used=1 high=0
2015-12-11 17:43:51.569+0000 INFO  [o.n.k.i.DiagnosticsManager]   RelationshipTypeStore v0.A.6: used=0 high=-1
2015-12-11 17:43:51.569+0000 INFO  [o.n.k.i.DiagnosticsManager]   StringPropertyStore v0.A.6: used=1 high=0
2015-12-11 17:43:51.569+0000 INFO  [o.n.k.i.DiagnosticsManager]   LabelTokenStore v0.A.6: used=0 high=-1
2015-12-11 17:43:51.569+0000 INFO  [o.n.k.i.DiagnosticsManager]   SchemaStore v0.A.6: used=1 high=0
2015-12-11 17:43:51.585+0000 INFO  [o.n.k.i.DiagnosticsManager]   RelationshipGroupStore v0.A.6: used=1 high=0
2015-12-11 17:43:51.585+0000 INFO  [o.n.k.i.DiagnosticsManager]   NeoStore v0.A.6: used=13 high=12
2015-12-11 17:43:51.585+0000 INFO  [o.n.k.i.DiagnosticsManager] --- STARTED diagnostics for NEO_STORE_ID_USAGE END ---
2015-12-11 17:43:51.585+0000 INFO  [o.n.k.i.DiagnosticsManager] --- STARTED diagnostics for NEO_STORE_RECORDS START ---
2015-12-11 17:43:51.585+0000 INFO  [o.n.k.i.DiagnosticsManager] Neostore records:
2015-12-11 17:43:51.585+0000 INFO  [o.n.k.i.DiagnosticsManager] TIME (Creation time): 1449855831256
2015-12-11 17:43:51.585+0000 INFO  [o.n.k.i.DiagnosticsManager] RANDOM_NUMBER (Random number for store id): -4406096959139056040
2015-12-11 17:43:51.600+0000 INFO  [o.n.k.i.DiagnosticsManager] LOG_VERSION (Current log version): 0
2015-12-11 17:43:51.600+0000 INFO  [o.n.k.i.DiagnosticsManager] LAST_TRANSACTION_ID (Last committed transaction): 1
2015-12-11 17:43:51.600+0000 INFO  [o.n.k.i.DiagnosticsManager] STORE_VERSION (Store format version): 15250506225055238
2015-12-11 17:43:51.600+0000 INFO  [o.n.k.i.DiagnosticsManager] FIRST_GRAPH_PROPERTY (First property record containing graph properties): -1
2015-12-11 17:43:51.600+0000 INFO  [o.n.k.i.DiagnosticsManager] LAST_CONSTRAINT_TRANSACTION (Last committed transaction containing constraint changes): 0
2015-12-11 17:43:51.600+0000 INFO  [o.n.k.i.DiagnosticsManager] UPGRADE_TRANSACTION_ID (Transaction id most recent upgrade was performed at): 1
2015-12-11 17:43:51.600+0000 INFO  [o.n.k.i.DiagnosticsManager] UPGRADE_TIME (Time of last upgrade): 1449855831256
2015-12-11 17:43:51.616+0000 INFO  [o.n.k.i.DiagnosticsManager] LAST_TRANSACTION_CHECKSUM (Checksum of last committed transaction): 0
2015-12-11 17:43:51.616+0000 INFO  [o.n.k.i.DiagnosticsManager] UPGRADE_TRANSACTION_CHECKSUM (Checksum of transaction id the most recent upgrade was performed at): 0
2015-12-11 17:43:51.616+0000 INFO  [o.n.k.i.DiagnosticsManager] LAST_CLOSED_TRANSACTION_LOG_VERSION (Log version where the last transaction commit entry has been written into): 0
2015-12-11 17:43:51.616+0000 INFO  [o.n.k.i.DiagnosticsManager] LAST_CLOSED_TRANSACTION_LOG_BYTE_OFFSET (Byte offset in the log file where the last transaction commit entry has been written into): 16
2015-12-11 17:43:51.616+0000 INFO  [o.n.k.i.DiagnosticsManager] --- STARTED diagnostics for NEO_STORE_RECORDS END ---
2015-12-11 17:43:51.616+0000 INFO  [o.n.k.i.DiagnosticsManager] --- STARTED diagnostics for TRANSACTION_RANGE START ---
2015-12-11 17:43:51.616+0000 INFO  [o.n.k.i.DiagnosticsManager] Transaction log:
2015-12-11 17:43:51.616+0000 INFO  [o.n.k.i.DiagnosticsManager] No transactions found in any log
2015-12-11 17:43:51.631+0000 INFO  [o.n.k.i.DiagnosticsManager] --- STARTED diagnostics for TRANSACTION_RANGE END ---
2015-12-11 17:43:51.631+0000 INFO  [o.n.k.i.DiagnosticsManager] --- STARTED diagnostics for KernelDiagnostics:StoreFiles START ---
2015-12-11 17:43:51.631+0000 INFO  [o.n.k.i.DiagnosticsManager] Disk space on partition (Total / Free / Free %): 499738734592 / 397975920640 / 79
Storage files: (filename : modification date - size)
2015-12-11 17:43:51.631+0000 INFO  [o.n.k.i.DiagnosticsManager]   dbms:
2015-12-11 17:43:51.631+0000 INFO  [o.n.k.i.DiagnosticsManager]     ssl:
2015-12-11 17:43:51.631+0000 INFO  [o.n.k.i.DiagnosticsManager]       snakeoil.cert: 2015-12-11T11:43:48-0600 - 630.00 B
2015-12-11 17:43:51.631+0000 INFO  [o.n.k.i.DiagnosticsManager]       snakeoil.key: 2015-12-11T11:43:48-0600 - 914.00 B
2015-12-11 17:43:51.647+0000 INFO  [o.n.k.i.DiagnosticsManager]     - Total: 2015-12-11T11:43:48-0600 - 1.51 kB
2015-12-11 17:43:51.647+0000 INFO  [o.n.k.i.DiagnosticsManager]   - Total: 2015-12-11T11:43:48-0600 - 1.51 kB
2015-12-11 17:43:51.647+0000 INFO  [o.n.k.i.DiagnosticsManager]   index:
2015-12-11 17:43:51.647+0000 INFO  [o.n.k.i.DiagnosticsManager]   - Total: 2015-12-11T11:43:51-0600 - 0.00 B
2015-12-11 17:43:51.647+0000 INFO  [o.n.k.i.DiagnosticsManager]   messages.log: 2015-12-11T11:43:48-0600 - 26.53 kB
2015-12-11 17:43:51.647+0000 INFO  [o.n.k.i.DiagnosticsManager]   neo4j.properties: 2015-12-11T11:43:48-0600 - 1.30 kB
2015-12-11 17:43:51.647+0000 INFO  [o.n.k.i.DiagnosticsManager]   neostore: 2015-12-11T11:43:51-0600 - 8.00 kB
2015-12-11 17:43:51.663+0000 INFO  [o.n.k.i.DiagnosticsManager]   neostore.counts.db.a: 2015-12-11T11:43:51-0600 - 96.00 B
2015-12-11 17:43:51.663+0000 INFO  [o.n.k.i.DiagnosticsManager]   neostore.id: 2015-12-11T11:43:51-0600 - 9.00 B
2015-12-11 17:43:51.663+0000 INFO  [o.n.k.i.DiagnosticsManager]   neostore.labeltokenstore.db: 2015-12-11T11:43:50-0600 - 0.00 B
2015-12-11 17:43:51.663+0000 INFO  [o.n.k.i.DiagnosticsManager]   neostore.labeltokenstore.db.id: 2015-12-11T11:43:50-0600 - 9.00 B
2015-12-11 17:43:51.663+0000 INFO  [o.n.k.i.DiagnosticsManager]   neostore.labeltokenstore.db.names: 2015-12-11T11:43:50-0600 - 8.00 kB
2015-12-11 17:43:51.663+0000 INFO  [o.n.k.i.DiagnosticsManager]   neostore.labeltokenstore.db.names.id: 2015-12-11T11:43:50-0600 - 9.00 B
2015-12-11 17:43:51.663+0000 INFO  [o.n.k.i.DiagnosticsManager]   neostore.nodestore.db: 2015-12-11T11:43:48-0600 - 0.00 B
2015-12-11 17:43:51.678+0000 INFO  [o.n.k.i.DiagnosticsManager]   neostore.nodestore.db.id: 2015-12-11T11:43:48-0600 - 9.00 B
2015-12-11 17:43:51.678+0000 INFO  [o.n.k.i.DiagnosticsManager]   neostore.nodestore.db.labels: 2015-12-11T11:43:48-0600 - 8.00 kB
2015-12-11 17:43:51.678+0000 INFO  [o.n.k.i.DiagnosticsManager]   neostore.nodestore.db.labels.id: 2015-12-11T11:43:48-0600 - 9.00 B
2015-12-11 17:43:51.678+0000 INFO  [o.n.k.i.DiagnosticsManager]   neostore.propertystore.db: 2015-12-11T11:43:49-0600 - 0.00 B
2015-12-11 17:43:51.678+0000 INFO  [o.n.k.i.DiagnosticsManager]   neostore.propertystore.db.arrays: 2015-12-11T11:43:49-0600 - 8.00 kB
2015-12-11 17:43:51.678+0000 INFO  [o.n.k.i.DiagnosticsManager]   neostore.propertystore.db.arrays.id: 2015-12-11T11:43:49-0600 - 9.00 B
2015-12-11 17:43:51.678+0000 INFO  [o.n.k.i.DiagnosticsManager]   neostore.propertystore.db.id: 2015-12-11T11:43:49-0600 - 9.00 B
2015-12-11 17:43:51.694+0000 INFO  [o.n.k.i.DiagnosticsManager]   neostore.propertystore.db.index: 2015-12-11T11:43:49-0600 - 0.00 B
2015-12-11 17:43:51.694+0000 INFO  [o.n.k.i.DiagnosticsManager]   neostore.propertystore.db.index.id: 2015-12-11T11:43:49-0600 - 9.00 B
2015-12-11 17:43:51.694+0000 INFO  [o.n.k.i.DiagnosticsManager]   neostore.propertystore.db.index.keys: 2015-12-11T11:43:49-0600 - 8.00 kB
2015-12-11 17:43:51.694+0000 INFO  [o.n.k.i.DiagnosticsManager]   neostore.propertystore.db.index.keys.id: 2015-12-11T11:43:49-0600 - 9.00 B
2015-12-11 17:43:51.694+0000 INFO  [o.n.k.i.DiagnosticsManager]   neostore.propertystore.db.strings: 2015-12-11T11:43:49-0600 - 8.00 kB
2015-12-11 17:43:51.694+0000 INFO  [o.n.k.i.DiagnosticsManager]   neostore.propertystore.db.strings.id: 2015-12-11T11:43:49-0600 - 9.00 B
2015-12-11 17:43:51.694+0000 INFO  [o.n.k.i.DiagnosticsManager]   neostore.relationshipgroupstore.db: 2015-12-11T11:43:51-0600 - 8.00 kB
2015-12-11 17:43:51.709+0000 INFO  [o.n.k.i.DiagnosticsManager]   neostore.relationshipgroupstore.db.id: 2015-12-11T11:43:51-0600 - 9.00 B
2015-12-11 17:43:51.709+0000 INFO  [o.n.k.i.DiagnosticsManager]   neostore.relationshipstore.db: 2015-12-11T11:43:49-0600 - 0.00 B
2015-12-11 17:43:51.709+0000 INFO  [o.n.k.i.DiagnosticsManager]   neostore.relationshipstore.db.id: 2015-12-11T11:43:50-0600 - 9.00 B
2015-12-11 17:43:51.709+0000 INFO  [o.n.k.i.DiagnosticsManager]   neostore.relationshiptypestore.db: 2015-12-11T11:43:50-0600 - 0.00 B
2015-12-11 17:43:51.709+0000 INFO  [o.n.k.i.DiagnosticsManager]   neostore.relationshiptypestore.db.id: 2015-12-11T11:43:50-0600 - 9.00 B
2015-12-11 17:43:51.709+0000 INFO  [o.n.k.i.DiagnosticsManager]   neostore.relationshiptypestore.db.names: 2015-12-11T11:43:50-0600 - 8.00 kB
2015-12-11 17:43:51.725+0000 INFO  [o.n.k.i.DiagnosticsManager]   neostore.relationshiptypestore.db.names.id: 2015-12-11T11:43:50-0600 - 9.00 B
2015-12-11 17:43:51.725+0000 INFO  [o.n.k.i.DiagnosticsManager]   neostore.schemastore.db: 2015-12-11T11:43:50-0600 - 8.00 kB
2015-12-11 17:43:51.725+0000 INFO  [o.n.k.i.DiagnosticsManager]   neostore.schemastore.db.id: 2015-12-11T11:43:50-0600 - 9.00 B
2015-12-11 17:43:51.725+0000 INFO  [o.n.k.i.DiagnosticsManager]   neostore.transaction.db.0: 2015-12-11T11:43:51-0600 - 16.00 B
2015-12-11 17:43:51.725+0000 INFO  [o.n.k.i.DiagnosticsManager]   schema:
2015-12-11 17:43:51.725+0000 INFO  [o.n.k.i.DiagnosticsManager]     label:
2015-12-11 17:43:51.725+0000 INFO  [o.n.k.i.DiagnosticsManager]       lucene:
2015-12-11 17:43:51.741+0000 INFO  [o.n.k.i.DiagnosticsManager]         write.lock: 2015-12-11T11:43:51-0600 - 0.00 B
2015-12-11 17:43:51.741+0000 INFO  [o.n.k.i.DiagnosticsManager]       - Total: 2015-12-11T11:43:51-0600 - 0.00 B
2015-12-11 17:43:51.741+0000 INFO  [o.n.k.i.DiagnosticsManager]     - Total: 2015-12-11T11:43:51-0600 - 0.00 B
2015-12-11 17:43:51.741+0000 INFO  [o.n.k.i.DiagnosticsManager]   - Total: 2015-12-11T11:43:51-0600 - 0.00 B
2015-12-11 17:43:51.741+0000 INFO  [o.n.k.i.DiagnosticsManager]   store_lock: 2015-12-11T11:43:48-0600 - 0.00 B
2015-12-11 17:43:51.741+0000 INFO  [o.n.k.i.DiagnosticsManager] --- STARTED diagnostics for KernelDiagnostics:StoreFiles END ---
2015-12-11 17:43:51.756+0000 INFO  [o.n.k.i.DiagnosticsManager] --- SERVER STARTED START ---
2015-12-11 17:43:52.084+0000 WARN  [o.n.k.i.c.MonitorGc] GC Monitor: Application threads blocked for 302ms.
2015-12-11 17:43:52.694+0000 INFO  [o.n.k.i.DiagnosticsManager] --- SERVER STARTED END ---
2015-12-11 17:48:51.923+0000 INFO  [o.n.k.i.t.l.c.CheckPointerImpl] Check Pointing triggered by scheduler for time threshold [5034]:  Starting check pointing...
2015-12-11 17:48:51.923+0000 INFO  [o.n.k.i.t.l.c.CheckPointerImpl] Check Pointing triggered by scheduler for time threshold [5034]:  Starting store flush...
2015-12-11 17:48:52.188+0000 INFO  [o.n.k.i.s.c.CountsTracker] About to rotate counts store at transaction 5038 to [C:\561\10000\10000D5\neostore.counts.db.b], from [C:\561\10000\10000D5\neostore.counts.db.a].
2015-12-11 17:48:52.204+0000 INFO  [o.n.k.i.s.c.CountsTracker] Successfully rotated counts store at transaction 5038 to [C:\561\10000\10000D5\neostore.counts.db.b], from [C:\561\10000\10000D5\neostore.counts.db.a].
2015-12-11 17:48:52.688+0000 INFO  [o.n.k.i.t.l.c.CheckPointerImpl] Check Pointing triggered by scheduler for time threshold [5034]:  Store flush completed
2015-12-11 17:48:52.704+0000 INFO  [o.n.k.i.t.l.c.CheckPointerImpl] Check Pointing triggered by scheduler for time threshold [5034]:  Starting appending check point entry into the tx log...
2015-12-11 17:48:52.735+0000 INFO  [o.n.k.i.t.l.c.CheckPointerImpl] Check Pointing triggered by scheduler for time threshold [5034]:  Appending check point entry into the tx log completed
2015-12-11 17:48:52.735+0000 INFO  [o.n.k.i.t.l.c.CheckPointerImpl] Check Pointing triggered by scheduler for time threshold [5034]:  Check pointing completed
2015-12-11 17:48:52.735+0000 INFO  [o.n.k.i.t.l.p.LogPruningImpl] Log Rotation [0]:  Starting log pruning.
2015-12-11 17:48:52.751+0000 INFO  [o.n.k.i.t.l.p.LogPruningImpl] Log Rotation [0]:  Log pruning complete.
2015-12-11 17:53:53.213+0000 INFO  [o.n.k.i.t.l.c.CheckPointerImpl] Check Pointing triggered by scheduler for time threshold [10753]:  Starting check pointing...
2015-12-11 17:53:53.213+0000 INFO  [o.n.k.i.t.l.c.CheckPointerImpl] Check Pointing triggered by scheduler for time threshold [10753]:  Starting store flush...
2015-12-11 17:53:53.479+0000 INFO  [o.n.k.i.s.c.CountsTracker] About to rotate counts store at transaction 10756 to [C:\561\10000\10000D5\neostore.counts.db.a], from [C:\561\10000\10000D5\neostore.counts.db.b].
2015-12-11 17:53:53.494+0000 INFO  [o.n.k.i.s.c.CountsTracker] Successfully rotated counts store at transaction 10756 to [C:\561\10000\10000D5\neostore.counts.db.a], from [C:\561\10000\10000D5\neostore.counts.db.b].
2015-12-11 17:53:53.932+0000 INFO  [o.n.k.i.t.l.c.CheckPointerImpl] Check Pointing triggered by scheduler for time threshold [10753]:  Store flush completed
2015-12-11 17:53:53.947+0000 INFO  [o.n.k.i.t.l.c.CheckPointerImpl] Check Pointing triggered by scheduler for time threshold [10753]:  Starting appending check point entry into the tx log...
2015-12-11 17:53:53.979+0000 INFO  [o.n.k.i.t.l.c.CheckPointerImpl] Check Pointing triggered by scheduler for time threshold [10753]:  Appending check point entry into the tx log completed
2015-12-11 17:53:53.979+0000 INFO  [o.n.k.i.t.l.c.CheckPointerImpl] Check Pointing triggered by scheduler for time threshold [10753]:  Check pointing completed
2015-12-11 17:53:53.979+0000 INFO  [o.n.k.i.t.l.p.LogPruningImpl] Log Rotation [0]:  Starting log pruning.
2015-12-11 17:53:53.994+0000 INFO  [o.n.k.i.t.l.p.LogPruningImpl] Log Rotation [0]:  Log pruning complete.
2015-12-11 17:58:54.465+0000 INFO  [o.n.k.i.t.l.c.CheckPointerImpl] Check Pointing triggered by scheduler for time threshold [16005]:  Starting check pointing...
2015-12-11 17:58:54.465+0000 INFO  [o.n.k.i.t.l.c.CheckPointerImpl] Check Pointing triggered by scheduler for time threshold [16005]:  Starting store flush...
2015-12-11 17:58:54.699+0000 INFO  [o.n.k.i.s.c.CountsTracker] About to rotate counts store at transaction 16008 to [C:\561\10000\10000D5\neostore.counts.db.b], from [C:\561\10000\10000D5\neostore.counts.db.a].
2015-12-11 17:58:54.715+0000 INFO  [o.n.k.i.s.c.CountsTracker] Successfully rotated counts store at transaction 16008 to [C:\561\10000\10000D5\neostore.counts.db.b], from [C:\561\10000\10000D5\neostore.counts.db.a].
2015-12-11 17:58:55.246+0000 INFO  [o.n.k.i.t.l.c.CheckPointerImpl] Check Pointing triggered by scheduler for time threshold [16005]:  Store flush completed
2015-12-11 17:58:55.246+0000 INFO  [o.n.k.i.t.l.c.CheckPointerImpl] Check Pointing triggered by scheduler for time threshold [16005]:  Starting appending check point entry into the tx log...
2015-12-11 17:58:55.293+0000 INFO  [o.n.k.i.t.l.c.CheckPointerImpl] Check Pointing triggered by scheduler for time threshold [16005]:  Appending check point entry into the tx log completed
2015-12-11 17:58:55.308+0000 INFO  [o.n.k.i.t.l.c.CheckPointerImpl] Check Pointing triggered by scheduler for time threshold [16005]:  Check pointing completed
2015-12-11 17:58:55.308+0000 INFO  [o.n.k.i.t.l.p.LogPruningImpl] Log Rotation [0]:  Starting log pruning.
2015-12-11 17:58:55.324+0000 INFO  [o.n.k.i.t.l.p.LogPruningImpl] Log Rotation [0]:  Log pruning complete.
2015-12-11 18:03:55.762+0000 INFO  [o.n.k.i.t.l.c.CheckPointerImpl] Check Pointing triggered by scheduler for time threshold [20311]:  Starting check pointing...
2015-12-11 18:03:55.762+0000 INFO  [o.n.k.i.t.l.c.CheckPointerImpl] Check Pointing triggered by scheduler for time threshold [20311]:  Starting store flush...
2015-12-11 18:03:55.840+0000 INFO  [o.n.k.i.s.c.CountsTracker] About to rotate counts store at transaction 20311 to [C:\561\10000\10000D5\neostore.counts.db.a], from [C:\561\10000\10000D5\neostore.counts.db.b].
2015-12-11 18:03:55.856+0000 INFO  [o.n.k.i.s.c.CountsTracker] Successfully rotated counts store at transaction 20311 to [C:\561\10000\10000D5\neostore.counts.db.a], from [C:\561\10000\10000D5\neostore.counts.db.b].
2015-12-11 18:03:55.950+0000 INFO  [o.n.k.i.t.l.c.CheckPointerImpl] Check Pointing triggered by scheduler for time threshold [20311]:  Store flush completed
2015-12-11 18:03:55.950+0000 INFO  [o.n.k.i.t.l.c.CheckPointerImpl] Check Pointing triggered by scheduler for time threshold [20311]:  Starting appending check point entry into the tx log...
2015-12-11 18:03:55.981+0000 INFO  [o.n.k.i.t.l.c.CheckPointerImpl] Check Pointing triggered by scheduler for time threshold [20311]:  Appending check point entry into the tx log completed
2015-12-11 18:03:55.981+0000 INFO  [o.n.k.i.t.l.c.CheckPointerImpl] Check Pointing triggered by scheduler for time threshold [20311]:  Check pointing completed
2015-12-11 18:03:55.997+0000 INFO  [o.n.k.i.t.l.p.LogPruningImpl] Log Rotation [0]:  Starting log pruning.
2015-12-11 18:03:55.997+0000 INFO  [o.n.k.i.t.l.p.LogPruningImpl] Log Rotation [0]:  Log pruning complete.
2015-12-11 19:02:46.751+0000 WARN  [o.n.k.i.c.MonitorGc] GC Monitor: Application threads blocked for 374ms.
2015-12-11 19:21:23.461+0000 INFO  [o.n.k.i.f.GraphDatabaseFacade] Shutdown started
2015-12-11 19:21:23.461+0000 INFO  [o.n.k.i.f.CommunityFacadeFactory] Database is now unavailable
2015-12-11 19:21:23.508+0000 INFO  [o.n.k.i.t.l.c.CheckPointerImpl] Check Pointing triggered by database shutdown [20311]:  Starting check pointing...
2015-12-11 19:21:23.508+0000 INFO  [o.n.k.i.t.l.c.CheckPointerImpl] Check Pointing triggered by database shutdown [20311]:  Starting store flush...
2015-12-11 19:21:23.539+0000 INFO  [o.n.k.i.t.l.c.CheckPointerImpl] Check Pointing triggered by database shutdown [20311]:  Store flush completed
2015-12-11 19:21:23.539+0000 INFO  [o.n.k.i.t.l.c.CheckPointerImpl] Check Pointing triggered by database shutdown [20311]:  Starting appending check point entry into the tx log...
2015-12-11 19:21:23.555+0000 INFO  [o.n.k.i.t.l.c.CheckPointerImpl] Check Pointing triggered by database shutdown [20311]:  Appending check point entry into the tx log completed
2015-12-11 19:21:23.571+0000 INFO  [o.n.k.i.t.l.c.CheckPointerImpl] Check Pointing triggered by database shutdown [20311]:  Check pointing completed
2015-12-11 19:21:23.571+0000 INFO  [o.n.k.i.t.l.p.LogPruningImpl] Log Rotation [0]:  Starting log pruning.
2015-12-11 19:21:23.571+0000 INFO  [o.n.k.i.t.l.p.LogPruningImpl] Log Rotation [0]:  Log pruning complete.
2015-12-11 19:21:25.055+0000 INFO  [o.n.k.NeoStoreDataSource] NeoStores closed
2015-12-11 19:21:25.071+0000 INFO  [o.n.k.i.DiagnosticsManager] --- STOPPING diagnostics START ---
2015-12-11 19:21:25.071+0000 INFO  [o.n.k.i.DiagnosticsManager] --- STOPPING diagnostics END ---
2015-12-11 22:06:46.806+0000 INFO  [o.n.k.i.f.CommunityFacadeFactory] No locking implementation specified, defaulting to 'community'
2015-12-11 22:06:46.845+0000 INFO  [o.n.k.AvailabilityGuard] Requirement makes database unavailable: Database available
2015-12-11 22:06:46.848+0000 INFO  [o.n.k.i.DiagnosticsManager] --- INITIALIZED diagnostics START ---
2015-12-11 22:06:46.848+0000 INFO  [o.n.k.i.DiagnosticsManager] Neo4j Kernel properties:
2015-12-11 22:06:46.848+0000 INFO  [o.n.k.i.DiagnosticsManager] org.neo4j.server.db.tuning.properties=C:\561\10000\10000D5\neo4j.properties
2015-12-11 22:06:46.848+0000 INFO  [o.n.k.i.DiagnosticsManager] org.neo4j.server.database.location=C:\561\10000\10000D5
2015-12-11 22:06:46.848+0000 INFO  [o.n.k.i.DiagnosticsManager] dbms.querylog.filename=data/log/queries.log
2015-12-11 22:06:46.848+0000 INFO  [o.n.k.i.DiagnosticsManager] dbms.security.auth_store.location=C:\561\10000\10000D5\.\dbms\auth
2015-12-11 22:06:46.848+0000 INFO  [o.n.k.i.DiagnosticsManager] dbms.security.tls_certificate_file=C:\561\10000\10000D5\.\dbms\ssl\snakeoil.cert
2015-12-11 22:06:46.848+0000 INFO  [o.n.k.i.DiagnosticsManager] remote_shell_enabled=true
2015-12-11 22:06:46.848+0000 INFO  [o.n.k.i.DiagnosticsManager] edition=Community
2015-12-11 22:06:46.848+0000 INFO  [o.n.k.i.DiagnosticsManager] dbms.security.tls_key_file=C:\561\10000\10000D5\.\dbms\ssl\snakeoil.key
2015-12-11 22:06:46.848+0000 INFO  [o.n.k.i.DiagnosticsManager] Diagnostics providers:
2015-12-11 22:06:46.848+0000 INFO  [o.n.k.i.DiagnosticsManager] org.neo4j.kernel.configuration.Config
2015-12-11 22:06:46.848+0000 INFO  [o.n.k.i.DiagnosticsManager] org.neo4j.kernel.info.DiagnosticsManager
2015-12-11 22:06:46.848+0000 INFO  [o.n.k.i.DiagnosticsManager] SYSTEM_MEMORY
2015-12-11 22:06:46.848+0000 INFO  [o.n.k.i.DiagnosticsManager] JAVA_MEMORY
2015-12-11 22:06:46.848+0000 INFO  [o.n.k.i.DiagnosticsManager] OPERATING_SYSTEM
2015-12-11 22:06:46.848+0000 INFO  [o.n.k.i.DiagnosticsManager] JAVA_VIRTUAL_MACHINE
2015-12-11 22:06:46.848+0000 INFO  [o.n.k.i.DiagnosticsManager] CLASSPATH
2015-12-11 22:06:46.849+0000 INFO  [o.n.k.i.DiagnosticsManager] LIBRARY_PATH
2015-12-11 22:06:46.849+0000 INFO  [o.n.k.i.DiagnosticsManager] SYSTEM_PROPERTIES
2015-12-11 22:06:46.849+0000 INFO  [o.n.k.i.DiagnosticsManager] NETWORK
2015-12-11 22:06:46.849+0000 INFO  [o.n.k.i.DiagnosticsManager] System memory information:
2015-12-11 22:06:46.849+0000 INFO  [o.n.k.i.DiagnosticsManager] Total Physical memory: 3.93 GB
2015-12-11 22:06:46.849+0000 INFO  [o.n.k.i.DiagnosticsManager] Free Physical memory: 1.92 GB
2015-12-11 22:06:46.849+0000 INFO  [o.n.k.i.DiagnosticsManager] Committed virtual memory: 377.20 MB
2015-12-11 22:06:46.849+0000 INFO  [o.n.k.i.DiagnosticsManager] Total swap space: 5.66 GB
2015-12-11 22:06:46.849+0000 INFO  [o.n.k.i.DiagnosticsManager] Free swap space: 2.78 GB
2015-12-11 22:06:46.849+0000 INFO  [o.n.k.i.DiagnosticsManager] JVM memory information:
2015-12-11 22:06:46.849+0000 INFO  [o.n.k.i.DiagnosticsManager] Free  memory: 16.57 MB
2015-12-11 22:06:46.849+0000 INFO  [o.n.k.i.DiagnosticsManager] Total memory: 103.00 MB
2015-12-11 22:06:46.849+0000 INFO  [o.n.k.i.DiagnosticsManager] Max   memory: 894.50 MB
2015-12-11 22:06:46.849+0000 INFO  [o.n.k.i.DiagnosticsManager] Garbage Collector: PS Scavenge: [PS Eden Space, PS Survivor Space]
2015-12-11 22:06:46.849+0000 INFO  [o.n.k.i.DiagnosticsManager] Garbage Collector: PS MarkSweep: [PS Eden Space, PS Survivor Space, PS Old Gen, PS Perm Gen]
2015-12-11 22:06:46.849+0000 INFO  [o.n.k.i.DiagnosticsManager] Memory Pool: Code Cache (Non-heap memory): committed=11.44 MB, used=11.16 MB, max=48.00 MB, threshold=0.00 B
2015-12-11 22:06:46.849+0000 INFO  [o.n.k.i.DiagnosticsManager] Memory Pool: PS Eden Space (Heap memory): committed=30.00 MB, used=17.60 MB, max=333.50 MB, threshold=?
2015-12-11 22:06:46.849+0000 INFO  [o.n.k.i.DiagnosticsManager] Memory Pool: PS Survivor Space (Heap memory): committed=1.00 MB, used=288.00 kB, max=1.00 MB, threshold=?
2015-12-11 22:06:46.849+0000 INFO  [o.n.k.i.DiagnosticsManager] Memory Pool: PS Old Gen (Heap memory): committed=72.00 MB, used=68.58 MB, max=670.50 MB, threshold=0.00 B
2015-12-11 22:06:46.849+0000 INFO  [o.n.k.i.DiagnosticsManager] Memory Pool: PS Perm Gen (Non-heap memory): committed=65.50 MB, used=64.98 MB, max=82.00 MB, threshold=0.00 B
2015-12-11 22:06:46.849+0000 INFO  [o.n.k.i.DiagnosticsManager] Operating system information:
2015-12-11 22:06:46.849+0000 INFO  [o.n.k.i.DiagnosticsManager] Operating System: Windows 8.1; version: 6.3; arch: amd64; cpus: 8
2015-12-11 22:06:46.850+0000 INFO  [o.n.k.i.DiagnosticsManager] Process id: 5816@ATAN-B03-02
2015-12-11 22:06:46.850+0000 INFO  [o.n.k.i.DiagnosticsManager] Byte order: LITTLE_ENDIAN
2015-12-11 22:06:46.850+0000 INFO  [o.n.k.i.DiagnosticsManager] Local timezone: America/Chicago
2015-12-11 22:06:46.850+0000 INFO  [o.n.k.i.DiagnosticsManager] JVM information:
2015-12-11 22:06:46.850+0000 INFO  [o.n.k.i.DiagnosticsManager] VM Name: Java HotSpot(TM) 64-Bit Server VM
2015-12-11 22:06:46.850+0000 INFO  [o.n.k.i.DiagnosticsManager] VM Vendor: Oracle Corporation
2015-12-11 22:06:46.850+0000 INFO  [o.n.k.i.DiagnosticsManager] VM Version: 24.80-b11
2015-12-11 22:06:46.850+0000 INFO  [o.n.k.i.DiagnosticsManager] JIT compiler: HotSpot 64-Bit Tiered Compilers
2015-12-11 22:06:46.850+0000 INFO  [o.n.k.i.DiagnosticsManager] VM Arguments: [-Dexe4j.semaphoreName=Local\c:_program_files_neo4j_ce_2.3.1_bin_neo4j-ce.exe, -Dexe4j.isInstall4j=true, -Dexe4j.moduleName=C:\Program Files\Neo4j CE 2.3.1\bin\neo4j-ce.exe, -Dexe4j.tempDir=, -Dexe4j.unextractedPosition=0, -Djava.library.path=C:\Program Files (x86)\AMD APP\bin\x86_64;C:\Program Files (x86)\AMD APP\bin\x86;C:\ProgramData\Oracle\Java\javapath;C:\Windows\system32;C:\Windows;C:\Windows\System32\Wbem;C:\Windows\System32\WindowsPowerShell\v1.0\;C:\Program Files (x86)\MiKTeX 2.9\miktex\bin\;C:\Program Files\TortoiseSVN\bin;C:\Windows\system32\config\systemprofile\.dnx\bin;C:\Program Files\Microsoft DNX\Dnvm\;C:\Program Files\MATLAB\R2015b\runtime\win64;C:\Program Files\MATLAB\R2015b\bin;C:\Program Files (x86)\ATI Technologies\ATI.ACE\Core-Static;c:\program files\neo4j ce 2.3.1\jre\bin, -Dexe4j.consoleCodepage=cp0, -Dinstall4j.launcherId=24, -Dinstall4j.swt=false]
2015-12-11 22:06:46.850+0000 INFO  [o.n.k.i.DiagnosticsManager] Java classpath:
2015-12-11 22:06:46.852+0000 INFO  [o.n.k.i.DiagnosticsManager]  [loader.1] file:/C:/Program%20Files/Neo4j%20CE%202.3.1/jre/lib/ext/dnsns.jar
2015-12-11 22:06:46.852+0000 INFO  [o.n.k.i.DiagnosticsManager]  [loader.0] file:/C:/Program%20Files/Neo4j%20CE%202.3.1/bin/
2015-12-11 22:06:46.852+0000 INFO  [o.n.k.i.DiagnosticsManager]  [bootstrap] C:\Program Files\Neo4j CE 2.3.1\jre\lib\resources.jar
2015-12-11 22:06:46.852+0000 INFO  [o.n.k.i.DiagnosticsManager]  [bootstrap] C:\Program Files\Neo4j CE 2.3.1\jre\lib\jfr.jar
2015-12-11 22:06:46.852+0000 INFO  [o.n.k.i.DiagnosticsManager]  [classpath] C:\Program Files\Neo4j CE 2.3.1\.install4j\i4jruntime.jar
2015-12-11 22:06:46.852+0000 INFO  [o.n.k.i.DiagnosticsManager]  [loader.1] file:/C:/Program%20Files/Neo4j%20CE%202.3.1/jre/lib/ext/sunmscapi.jar
2015-12-11 22:06:46.852+0000 INFO  [o.n.k.i.DiagnosticsManager]  [bootstrap] C:\Program Files\Neo4j CE 2.3.1\jre\lib\jsse.jar
2015-12-11 22:06:46.852+0000 INFO  [o.n.k.i.DiagnosticsManager]  [loader.1] file:/C:/Program%20Files/Neo4j%20CE%202.3.1/jre/lib/ext/dns_sd.jar
2015-12-11 22:06:46.852+0000 INFO  [o.n.k.i.DiagnosticsManager]  [loader.0] file:/C:/Program%20Files/Neo4j%20CE%202.3.1/.install4j/i4jruntime.jar
2015-12-11 22:06:46.852+0000 INFO  [o.n.k.i.DiagnosticsManager]  [loader.0] file:/C:/Program%20Files/Neo4j%20CE%202.3.1/bin/neo4j-desktop-2.3.1.jar
2015-12-11 22:06:46.852+0000 INFO  [o.n.k.i.DiagnosticsManager]  [loader.1] file:/C:/Program%20Files/Neo4j%20CE%202.3.1/jre/lib/ext/access-bridge-64.jar
2015-12-11 22:06:46.852+0000 INFO  [o.n.k.i.DiagnosticsManager]  [loader.1] file:/C:/Program%20Files/Neo4j%20CE%202.3.1/jre/lib/ext/localedata.jar
2015-12-11 22:06:46.852+0000 INFO  [o.n.k.i.DiagnosticsManager]  [bootstrap] C:\Program Files\Neo4j CE 2.3.1\jre\lib\sunrsasign.jar
2015-12-11 22:06:46.852+0000 INFO  [o.n.k.i.DiagnosticsManager]  [bootstrap] C:\Program Files\Neo4j CE 2.3.1\jre\lib\jce.jar
2015-12-11 22:06:46.852+0000 INFO  [o.n.k.i.DiagnosticsManager]  [bootstrap] C:\Program Files\Neo4j CE 2.3.1\jre\lib\rt.jar
2015-12-11 22:06:46.852+0000 INFO  [o.n.k.i.DiagnosticsManager]  [bootstrap] C:\Program Files\Neo4j CE 2.3.1\jre\lib\charsets.jar
2015-12-11 22:06:46.852+0000 INFO  [o.n.k.i.DiagnosticsManager]  [loader.1] file:/C:/Program%20Files/Neo4j%20CE%202.3.1/jre/lib/ext/sunjce_provider.jar
2015-12-11 22:06:46.852+0000 INFO  [o.n.k.i.DiagnosticsManager]  [bootstrap] C:\Program Files\Neo4j CE 2.3.1\jre\classes
2015-12-11 22:06:46.852+0000 INFO  [o.n.k.i.DiagnosticsManager]  [loader.1] file:/C:/Program%20Files/Neo4j%20CE%202.3.1/jre/lib/ext/zipfs.jar
2015-12-11 22:06:46.852+0000 INFO  [o.n.k.i.DiagnosticsManager]  [loader.1] file:/C:/Program%20Files/Neo4j%20CE%202.3.1/jre/lib/ext/jaccess.jar
2015-12-11 22:06:46.852+0000 INFO  [o.n.k.i.DiagnosticsManager]  [loader.1] file:/C:/Program%20Files/Neo4j%20CE%202.3.1/jre/lib/ext/sunec.jar
2015-12-11 22:06:46.852+0000 INFO  [o.n.k.i.DiagnosticsManager]  [classpath] C:\Program Files\Neo4j CE 2.3.1\bin\neo4j-desktop-2.3.1.jar
2015-12-11 22:06:46.852+0000 INFO  [o.n.k.i.DiagnosticsManager] Library path:
2015-12-11 22:06:46.852+0000 INFO  [o.n.k.i.DiagnosticsManager] C:\Program Files (x86)\AMD APP\bin\x86_64
2015-12-11 22:06:46.852+0000 INFO  [o.n.k.i.DiagnosticsManager] C:\Program Files (x86)\AMD APP\bin\x86
2015-12-11 22:06:46.853+0000 INFO  [o.n.k.i.DiagnosticsManager] C:\ProgramData\Oracle\Java\javapath
2015-12-11 22:06:46.853+0000 INFO  [o.n.k.i.DiagnosticsManager] C:\Windows\System32
2015-12-11 22:06:46.853+0000 INFO  [o.n.k.i.DiagnosticsManager] C:\Windows
2015-12-11 22:06:46.853+0000 INFO  [o.n.k.i.DiagnosticsManager] C:\Windows\System32\wbem
2015-12-11 22:06:46.853+0000 INFO  [o.n.k.i.DiagnosticsManager] C:\Windows\System32\WindowsPowerShell\v1.0
2015-12-11 22:06:46.853+0000 INFO  [o.n.k.i.DiagnosticsManager] C:\Program Files (x86)\MiKTeX 2.9\miktex\bin
2015-12-11 22:06:46.853+0000 INFO  [o.n.k.i.DiagnosticsManager] C:\Program Files\TortoiseSVN\bin
2015-12-11 22:06:46.854+0000 INFO  [o.n.k.i.DiagnosticsManager] C:\Windows\System32\config\systemprofile\.dnx\bin
2015-12-11 22:06:46.854+0000 INFO  [o.n.k.i.DiagnosticsManager] C:\Program Files\Microsoft DNX\Dnvm
2015-12-11 22:06:46.854+0000 INFO  [o.n.k.i.DiagnosticsManager] C:\Program Files\MATLAB\R2015b\runtime\win64
2015-12-11 22:06:46.854+0000 INFO  [o.n.k.i.DiagnosticsManager] C:\Program Files\MATLAB\R2015b\bin
2015-12-11 22:06:46.854+0000 INFO  [o.n.k.i.DiagnosticsManager] C:\Program Files (x86)\ATI Technologies\ATI.ACE\Core-Static
2015-12-11 22:06:46.855+0000 INFO  [o.n.k.i.DiagnosticsManager] C:\Program Files\Neo4j CE 2.3.1\jre\bin
2015-12-11 22:06:46.855+0000 INFO  [o.n.k.i.DiagnosticsManager] System.properties:
2015-12-11 22:06:46.855+0000 INFO  [o.n.k.i.DiagnosticsManager] exe4j.moduleName = C:\Program Files\Neo4j CE 2.3.1\bin\neo4j-ce.exe
2015-12-11 22:06:46.855+0000 INFO  [o.n.k.i.DiagnosticsManager] exe4j.semaphoreName = Local\c:_program_files_neo4j_ce_2.3.1_bin_neo4j-ce.exe
2015-12-11 22:06:46.855+0000 INFO  [o.n.k.i.DiagnosticsManager] sun.boot.library.path = c:\program files\neo4j ce 2.3.1\jre\bin
2015-12-11 22:06:46.855+0000 INFO  [o.n.k.i.DiagnosticsManager] exe4j.consoleCodepage = cp0
2015-12-11 22:06:46.855+0000 INFO  [o.n.k.i.DiagnosticsManager] path.separator = ;
2015-12-11 22:06:46.855+0000 INFO  [o.n.k.i.DiagnosticsManager] file.encoding.pkg = sun.io
2015-12-11 22:06:46.855+0000 INFO  [o.n.k.i.DiagnosticsManager] user.country = US
2015-12-11 22:06:46.855+0000 INFO  [o.n.k.i.DiagnosticsManager] user.script = 
2015-12-11 22:06:46.855+0000 INFO  [o.n.k.i.DiagnosticsManager] sun.os.patch.level = 
2015-12-11 22:06:46.855+0000 INFO  [o.n.k.i.DiagnosticsManager] install4j.exeDir = C:\Program Files\Neo4j CE 2.3.1\bin\
2015-12-11 22:06:46.855+0000 INFO  [o.n.k.i.DiagnosticsManager] user.dir = C:\Program Files\Neo4j CE 2.3.1\bin
2015-12-11 22:06:46.855+0000 INFO  [o.n.k.i.DiagnosticsManager] neo4j.ext.udc.source = desktop
2015-12-11 22:06:46.855+0000 INFO  [o.n.k.i.DiagnosticsManager] user.variant = 
2015-12-11 22:06:46.855+0000 INFO  [o.n.k.i.DiagnosticsManager] exe4j.tempDir = 
2015-12-11 22:06:46.855+0000 INFO  [o.n.k.i.DiagnosticsManager] sun.jnu.encoding = Cp1252
2015-12-11 22:06:46.855+0000 INFO  [o.n.k.i.DiagnosticsManager] sun.awt.enableExtraMouseButtons = true
2015-12-11 22:06:46.855+0000 INFO  [o.n.k.i.DiagnosticsManager] install4j.launcherId = 24
2015-12-11 22:06:46.855+0000 INFO  [o.n.k.i.DiagnosticsManager] sun.management.compiler = HotSpot 64-Bit Tiered Compilers
2015-12-11 22:06:46.855+0000 INFO  [o.n.k.i.DiagnosticsManager] exe4j.isInstall4j = true
2015-12-11 22:06:46.855+0000 INFO  [o.n.k.i.DiagnosticsManager] install4j.swt = false
2015-12-11 22:06:46.855+0000 INFO  [o.n.k.i.DiagnosticsManager] user.home = C:\Users\cez
2015-12-11 22:06:46.855+0000 INFO  [o.n.k.i.DiagnosticsManager] user.timezone = America/Chicago
2015-12-11 22:06:46.855+0000 INFO  [o.n.k.i.DiagnosticsManager] file.encoding = Cp1252
2015-12-11 22:06:46.855+0000 INFO  [o.n.k.i.DiagnosticsManager] user.name = cez
2015-12-11 22:06:46.855+0000 INFO  [o.n.k.i.DiagnosticsManager] sun.java.command = C:\Program Files\Neo4j CE 2.3.1\bin\neo4j-ce.exe
2015-12-11 22:06:46.855+0000 INFO  [o.n.k.i.DiagnosticsManager] sun.arch.data.model = 64
2015-12-11 22:06:46.855+0000 INFO  [o.n.k.i.DiagnosticsManager] exe4j.launchName = C:\Program Files\Neo4j CE 2.3.1\bin\neo4j-ce.exe
2015-12-11 22:06:46.855+0000 INFO  [o.n.k.i.DiagnosticsManager] user.language = en
2015-12-11 22:06:46.855+0000 INFO  [o.n.k.i.DiagnosticsManager] awt.toolkit = sun.awt.windows.WToolkit
2015-12-11 22:06:46.855+0000 INFO  [o.n.k.i.DiagnosticsManager] exe4j.unextractedPosition = 0
2015-12-11 22:06:46.855+0000 INFO  [o.n.k.i.DiagnosticsManager] install4j.appDir = C:\Program Files\Neo4j CE 2.3.1\
2015-12-11 22:06:46.855+0000 INFO  [o.n.k.i.DiagnosticsManager] file.separator = \
2015-12-11 22:06:46.855+0000 INFO  [o.n.k.i.DiagnosticsManager] sun.io.unicode.encoding = UnicodeLittle
2015-12-11 22:06:46.855+0000 INFO  [o.n.k.i.DiagnosticsManager] sun.cpu.endian = little
2015-12-11 22:06:46.855+0000 INFO  [o.n.k.i.DiagnosticsManager] sun.desktop = windows
2015-12-11 22:06:46.855+0000 INFO  [o.n.k.i.DiagnosticsManager] sun.cpu.isalist = amd64
2015-12-11 22:06:46.855+0000 INFO  [o.n.k.i.DiagnosticsManager] Network information:
2015-12-11 22:06:46.868+0000 INFO  [o.n.k.i.DiagnosticsManager] Interface Software Loopback Interface 1:
2015-12-11 22:06:46.868+0000 INFO  [o.n.k.i.DiagnosticsManager]     address: 127.0.0.1
2015-12-11 22:06:46.868+0000 INFO  [o.n.k.i.DiagnosticsManager]     address: 0:0:0:0:0:0:0:1
2015-12-11 22:06:46.868+0000 INFO  [o.n.k.i.DiagnosticsManager] Interface Microsoft Kernel Debug Network Adapter:
2015-12-11 22:06:46.868+0000 INFO  [o.n.k.i.DiagnosticsManager] Interface Intel(R) 82578DM Gigabit Network Connection:
2015-12-11 22:06:46.868+0000 INFO  [o.n.k.i.DiagnosticsManager]     address: 10.24.47.166
2015-12-11 22:06:46.868+0000 INFO  [o.n.k.i.DiagnosticsManager]     address: 2610:130:101:d00:4493:c16:efa9:8b55
2015-12-11 22:06:46.868+0000 INFO  [o.n.k.i.DiagnosticsManager]     address: 2610:130:101:d00:920:e15d:79eb:345b
2015-12-11 22:06:46.868+0000 INFO  [o.n.k.i.DiagnosticsManager]     address: 2610:130:101:d00:a502:b02c:1a2d:577b
2015-12-11 22:06:46.868+0000 INFO  [o.n.k.i.DiagnosticsManager]     address: 2610:130:101:d00:dde0:9cf:9f51:157b
2015-12-11 22:06:46.868+0000 INFO  [o.n.k.i.DiagnosticsManager]     address: fe80:0:0:0:4493:c16:efa9:8b55%3
2015-12-11 22:06:46.868+0000 INFO  [o.n.k.i.DiagnosticsManager] Interface Microsoft ISATAP Adapter:
2015-12-11 22:06:46.868+0000 INFO  [o.n.k.i.DiagnosticsManager]     address: fe80:0:0:0:0:5efe:c0a8:3801%4
2015-12-11 22:06:46.868+0000 INFO  [o.n.k.i.DiagnosticsManager] Interface Teredo Tunneling Pseudo-Interface:
2015-12-11 22:06:46.868+0000 INFO  [o.n.k.i.DiagnosticsManager] Interface Microsoft ISATAP Adapter #2:
2015-12-11 22:06:46.868+0000 INFO  [o.n.k.i.DiagnosticsManager]     address: fe80:0:0:0:0:5efe:a18:2fa6%6
2015-12-11 22:06:46.868+0000 INFO  [o.n.k.i.DiagnosticsManager] Interface VirtualBox Host-Only Ethernet Adapter:
2015-12-11 22:06:46.868+0000 INFO  [o.n.k.i.DiagnosticsManager]     address: 192.168.56.1
2015-12-11 22:06:46.868+0000 INFO  [o.n.k.i.DiagnosticsManager]     address: fe80:0:0:0:4133:2d33:29c2:6efa%7
2015-12-11 22:06:46.868+0000 INFO  [o.n.k.i.DiagnosticsManager] Interface Microsoft ISATAP Adapter #3:
2015-12-11 22:06:46.868+0000 INFO  [o.n.k.i.DiagnosticsManager] Interface VirtualBox Host-Only Ethernet Adapter-WFP Native MAC Layer LightWeight Filter-0000:
2015-12-11 22:06:46.868+0000 INFO  [o.n.k.i.DiagnosticsManager] Interface VirtualBox Host-Only Ethernet Adapter-VirtualBox NDIS Light-Weight Filter-0000:
2015-12-11 22:06:46.868+0000 INFO  [o.n.k.i.DiagnosticsManager] Interface VirtualBox Host-Only Ethernet Adapter-QoS Packet Scheduler-0000:
2015-12-11 22:06:46.868+0000 INFO  [o.n.k.i.DiagnosticsManager] Interface VirtualBox Host-Only Ethernet Adapter-WFP 802.3 MAC Layer LightWeight Filter-0000:
2015-12-11 22:06:46.868+0000 INFO  [o.n.k.i.DiagnosticsManager] Interface Intel(R) 82578DM Gigabit Network Connection-WFP Native MAC Layer LightWeight Filter-0000:
2015-12-11 22:06:46.868+0000 INFO  [o.n.k.i.DiagnosticsManager] Interface Intel(R) 82578DM Gigabit Network Connection-VirtualBox NDIS Light-Weight Filter-0000:
2015-12-11 22:06:46.868+0000 INFO  [o.n.k.i.DiagnosticsManager] Interface Intel(R) 82578DM Gigabit Network Connection-QoS Packet Scheduler-0000:
2015-12-11 22:06:46.868+0000 INFO  [o.n.k.i.DiagnosticsManager] Interface Intel(R) 82578DM Gigabit Network Connection-WFP 802.3 MAC Layer LightWeight Filter-0000:
2015-12-11 22:06:46.868+0000 INFO  [o.n.k.i.DiagnosticsManager] --- INITIALIZED diagnostics END ---
2015-12-11 22:06:47.902+0000 INFO  [o.n.k.KernelHealth] Kernel health set to OK
2015-12-11 22:06:47.910+0000 INFO  [o.n.k.AvailabilityGuard] Fulfilling of requirement makes database available: Database available
2015-12-11 22:06:47.913+0000 INFO  [o.n.k.i.f.CommunityFacadeFactory] Database is now ready
2015-12-11 22:06:47.915+0000 INFO  [o.n.k.i.DiagnosticsManager] --- STARTED diagnostics for KernelDiagnostics:Versions START ---
2015-12-11 22:06:47.917+0000 INFO  [o.n.k.i.DiagnosticsManager] Graph Database: Community StoreId{creationTime=1449855831256, randomId=-4406096959139056040, storeVersion=15250506225055238, upgradeTime=1449855831256, upgradeId=1}
2015-12-11 22:06:47.919+0000 INFO  [o.n.k.i.DiagnosticsManager] Kernel version: 2.3.1
2015-12-11 22:06:47.921+0000 INFO  [o.n.k.i.DiagnosticsManager] --- STARTED diagnostics for KernelDiagnostics:Versions END ---
2015-12-11 22:06:47.923+0000 INFO  [o.n.k.i.DiagnosticsManager] --- STARTED diagnostics for NEO_STORE_VERSIONS START ---
2015-12-11 22:06:47.926+0000 INFO  [o.n.k.i.DiagnosticsManager] Store versions:
2015-12-11 22:06:47.928+0000 INFO  [o.n.k.i.DiagnosticsManager] Store versions:
2015-12-11 22:06:47.930+0000 INFO  [o.n.k.i.DiagnosticsManager] ArrayPropertyStore v0.A.6
2015-12-11 22:06:47.932+0000 INFO  [o.n.k.i.DiagnosticsManager] NodeStore v0.A.6
2015-12-11 22:06:47.935+0000 INFO  [o.n.k.i.DiagnosticsManager] StringPropertyStore v0.A.6
2015-12-11 22:06:47.937+0000 INFO  [o.n.k.i.DiagnosticsManager] PropertyIndexStore v0.A.6
2015-12-11 22:06:47.939+0000 INFO  [o.n.k.i.DiagnosticsManager] StringPropertyStore v0.A.6
2015-12-11 22:06:47.941+0000 INFO  [o.n.k.i.DiagnosticsManager] ArrayPropertyStore v0.A.6
2015-12-11 22:06:47.943+0000 INFO  [o.n.k.i.DiagnosticsManager] PropertyStore v0.A.6
2015-12-11 22:06:47.945+0000 INFO  [o.n.k.i.DiagnosticsManager] RelationshipStore v0.A.6
2015-12-11 22:06:47.948+0000 INFO  [o.n.k.i.DiagnosticsManager] StringPropertyStore v0.A.6
2015-12-11 22:06:47.950+0000 INFO  [o.n.k.i.DiagnosticsManager] RelationshipTypeStore v0.A.6
2015-12-11 22:06:47.952+0000 INFO  [o.n.k.i.DiagnosticsManager] StringPropertyStore v0.A.6
2015-12-11 22:06:47.954+0000 INFO  [o.n.k.i.DiagnosticsManager] LabelTokenStore v0.A.6
2015-12-11 22:06:47.956+0000 INFO  [o.n.k.i.DiagnosticsManager] SchemaStore v0.A.6
2015-12-11 22:06:47.959+0000 INFO  [o.n.k.i.DiagnosticsManager] RelationshipGroupStore v0.A.6
2015-12-11 22:06:47.961+0000 INFO  [o.n.k.i.DiagnosticsManager] NeoStore v0.A.6
2015-12-11 22:06:47.963+0000 INFO  [o.n.k.i.DiagnosticsManager] --- STARTED diagnostics for NEO_STORE_VERSIONS END ---
2015-12-11 22:06:47.965+0000 INFO  [o.n.k.i.DiagnosticsManager] --- STARTED diagnostics for NEO_STORE_ID_USAGE START ---
2015-12-11 22:06:47.968+0000 INFO  [o.n.k.i.DiagnosticsManager] Id usage:
2015-12-11 22:06:47.970+0000 INFO  [o.n.k.i.DiagnosticsManager] Id usage:
2015-12-11 22:06:47.972+0000 INFO  [o.n.k.i.DiagnosticsManager]   ArrayPropertyStore v0.A.6: used=1 high=0
2015-12-11 22:06:47.974+0000 INFO  [o.n.k.i.DiagnosticsManager]   NodeStore v0.A.6: used=10202 high=10201
2015-12-11 22:06:47.977+0000 INFO  [o.n.k.i.DiagnosticsManager]   StringPropertyStore v0.A.6: used=4 high=3
2015-12-11 22:06:47.979+0000 INFO  [o.n.k.i.DiagnosticsManager]   PropertyIndexStore v0.A.6: used=3 high=2
2015-12-11 22:06:47.981+0000 INFO  [o.n.k.i.DiagnosticsManager]   StringPropertyStore v0.A.6: used=1 high=0
2015-12-11 22:06:47.983+0000 INFO  [o.n.k.i.DiagnosticsManager]   ArrayPropertyStore v0.A.6: used=1 high=0
2015-12-11 22:06:47.985+0000 INFO  [o.n.k.i.DiagnosticsManager]   PropertyStore v0.A.6: used=10202 high=10201
2015-12-11 22:06:47.988+0000 INFO  [o.n.k.i.DiagnosticsManager]   RelationshipStore v0.A.6: used=10200 high=10199
2015-12-11 22:06:47.990+0000 INFO  [o.n.k.i.DiagnosticsManager]   StringPropertyStore v0.A.6: used=3 high=2
2015-12-11 22:06:47.992+0000 INFO  [o.n.k.i.DiagnosticsManager]   RelationshipTypeStore v0.A.6: used=2 high=1
2015-12-11 22:06:47.994+0000 INFO  [o.n.k.i.DiagnosticsManager]   StringPropertyStore v0.A.6: used=4 high=3
2015-12-11 22:06:47.996+0000 INFO  [o.n.k.i.DiagnosticsManager]   LabelTokenStore v0.A.6: used=3 high=2
2015-12-11 22:06:47.999+0000 INFO  [o.n.k.i.DiagnosticsManager]   SchemaStore v0.A.6: used=1 high=0
2015-12-11 22:06:48.001+0000 INFO  [o.n.k.i.DiagnosticsManager]   RelationshipGroupStore v0.A.6: used=203 high=202
2015-12-11 22:06:48.003+0000 INFO  [o.n.k.i.DiagnosticsManager]   NeoStore v0.A.6: used=13 high=12
2015-12-11 22:06:48.005+0000 INFO  [o.n.k.i.DiagnosticsManager] --- STARTED diagnostics for NEO_STORE_ID_USAGE END ---
2015-12-11 22:06:48.007+0000 INFO  [o.n.k.i.DiagnosticsManager] --- STARTED diagnostics for NEO_STORE_RECORDS START ---
2015-12-11 22:06:48.009+0000 INFO  [o.n.k.i.DiagnosticsManager] Neostore records:
2015-12-11 22:06:48.011+0000 INFO  [o.n.k.i.DiagnosticsManager] TIME (Creation time): 1449855831256
2015-12-11 22:06:48.014+0000 INFO  [o.n.k.i.DiagnosticsManager] RANDOM_NUMBER (Random number for store id): -4406096959139056040
2015-12-11 22:06:48.016+0000 INFO  [o.n.k.i.DiagnosticsManager] LOG_VERSION (Current log version): 0
2015-12-11 22:06:48.018+0000 INFO  [o.n.k.i.DiagnosticsManager] LAST_TRANSACTION_ID (Last committed transaction): 20311
2015-12-11 22:06:48.020+0000 INFO  [o.n.k.i.DiagnosticsManager] STORE_VERSION (Store format version): 15250506225055238
2015-12-11 22:06:48.022+0000 INFO  [o.n.k.i.DiagnosticsManager] FIRST_GRAPH_PROPERTY (First property record containing graph properties): -1
2015-12-11 22:06:48.025+0000 INFO  [o.n.k.i.DiagnosticsManager] LAST_CONSTRAINT_TRANSACTION (Last committed transaction containing constraint changes): 0
2015-12-11 22:06:48.027+0000 INFO  [o.n.k.i.DiagnosticsManager] UPGRADE_TRANSACTION_ID (Transaction id most recent upgrade was performed at): 1
2015-12-11 22:06:48.029+0000 INFO  [o.n.k.i.DiagnosticsManager] UPGRADE_TIME (Time of last upgrade): 1449855831256
2015-12-11 22:06:48.031+0000 INFO  [o.n.k.i.DiagnosticsManager] LAST_TRANSACTION_CHECKSUM (Checksum of last committed transaction): -163189992048
2015-12-11 22:06:48.033+0000 INFO  [o.n.k.i.DiagnosticsManager] UPGRADE_TRANSACTION_CHECKSUM (Checksum of transaction id the most recent upgrade was performed at): 0
2015-12-11 22:06:48.036+0000 INFO  [o.n.k.i.DiagnosticsManager] LAST_CLOSED_TRANSACTION_LOG_VERSION (Log version where the last transaction commit entry has been written into): 0
2015-12-11 22:06:48.038+0000 INFO  [o.n.k.i.DiagnosticsManager] LAST_CLOSED_TRANSACTION_LOG_BYTE_OFFSET (Byte offset in the log file where the last transaction commit entry has been written into): 7744424
2015-12-11 22:06:48.041+0000 INFO  [o.n.k.i.DiagnosticsManager] --- STARTED diagnostics for NEO_STORE_RECORDS END ---
2015-12-11 22:06:48.043+0000 INFO  [o.n.k.i.DiagnosticsManager] --- STARTED diagnostics for TRANSACTION_RANGE START ---
2015-12-11 22:06:48.046+0000 INFO  [o.n.k.i.DiagnosticsManager] Transaction log:
2015-12-11 22:06:48.049+0000 INFO  [o.n.k.i.DiagnosticsManager] Oldest transaction 2 found in log with version 0
2015-12-11 22:06:48.051+0000 INFO  [o.n.k.i.DiagnosticsManager] --- STARTED diagnostics for TRANSACTION_RANGE END ---
2015-12-11 22:06:48.054+0000 INFO  [o.n.k.i.DiagnosticsManager] --- STARTED diagnostics for KernelDiagnostics:StoreFiles START ---
2015-12-11 22:06:48.057+0000 INFO  [o.n.k.i.DiagnosticsManager] Disk space on partition (Total / Free / Free %): 499738734592 / 397955260416 / 79
Storage files: (filename : modification date - size)
2015-12-11 22:06:48.060+0000 INFO  [o.n.k.i.DiagnosticsManager]   dbms:
2015-12-11 22:06:48.062+0000 INFO  [o.n.k.i.DiagnosticsManager]     auth: 2015-12-11T11:43:51-0600 - 137.00 B
2015-12-11 22:06:48.064+0000 INFO  [o.n.k.i.DiagnosticsManager]     ssl:
2015-12-11 22:06:48.067+0000 INFO  [o.n.k.i.DiagnosticsManager]       snakeoil.cert: 2015-12-11T11:43:48-0600 - 630.00 B
2015-12-11 22:06:48.069+0000 INFO  [o.n.k.i.DiagnosticsManager]       snakeoil.key: 2015-12-11T11:43:48-0600 - 914.00 B
2015-12-11 22:06:48.072+0000 INFO  [o.n.k.i.DiagnosticsManager]     - Total: 2015-12-11T11:43:48-0600 - 1.51 kB
2015-12-11 22:06:48.074+0000 INFO  [o.n.k.i.DiagnosticsManager]   - Total: 2015-12-11T11:43:51-0600 - 1.64 kB
2015-12-11 22:06:48.077+0000 INFO  [o.n.k.i.DiagnosticsManager]   index:
2015-12-11 22:06:48.079+0000 INFO  [o.n.k.i.DiagnosticsManager]   - Total: 2015-12-11T11:43:51-0600 - 0.00 B
2015-12-11 22:06:48.082+0000 INFO  [o.n.k.i.DiagnosticsManager]   messages.log: 2015-12-11T16:06:46-0600 - 66.50 kB
2015-12-11 22:06:48.084+0000 INFO  [o.n.k.i.DiagnosticsManager]   neo4j.properties: 2015-12-11T11:43:48-0600 - 1.30 kB
2015-12-11 22:06:48.086+0000 INFO  [o.n.k.i.DiagnosticsManager]   neostore: 2015-12-11T12:03:55-0600 - 8.00 kB
2015-12-11 22:06:48.089+0000 INFO  [o.n.k.i.DiagnosticsManager]   neostore.counts.db.a: 2015-12-11T12:03:55-0600 - 576.00 B
2015-12-11 22:06:48.091+0000 INFO  [o.n.k.i.DiagnosticsManager]   neostore.counts.db.b: 2015-12-11T11:58:54-0600 - 576.00 B
2015-12-11 22:06:48.094+0000 INFO  [o.n.k.i.DiagnosticsManager]   neostore.id: 2015-12-11T16:06:47-0600 - 9.00 B
2015-12-11 22:06:48.097+0000 INFO  [o.n.k.i.DiagnosticsManager]   neostore.labeltokenstore.db: 2015-12-11T11:48:52-0600 - 8.00 kB
2015-12-11 22:06:48.100+0000 INFO  [o.n.k.i.DiagnosticsManager]   neostore.labeltokenstore.db.id: 2015-12-11T16:06:47-0600 - 9.00 B
2015-12-11 22:06:48.102+0000 INFO  [o.n.k.i.DiagnosticsManager]   neostore.labeltokenstore.db.names: 2015-12-11T11:48:52-0600 - 8.00 kB
2015-12-11 22:06:48.105+0000 INFO  [o.n.k.i.DiagnosticsManager]   neostore.labeltokenstore.db.names.id: 2015-12-11T16:06:47-0600 - 9.00 B
2015-12-11 22:06:48.107+0000 INFO  [o.n.k.i.DiagnosticsManager]   neostore.nodestore.db: 2015-12-11T13:21:23-0600 - 151.96 kB
2015-12-11 22:06:48.110+0000 INFO  [o.n.k.i.DiagnosticsManager]   neostore.nodestore.db.id: 2015-12-11T16:06:46-0600 - 9.00 B
2015-12-11 22:06:48.113+0000 INFO  [o.n.k.i.DiagnosticsManager]   neostore.nodestore.db.labels: 2015-12-11T11:43:48-0600 - 8.00 kB
2015-12-11 22:06:48.116+0000 INFO  [o.n.k.i.DiagnosticsManager]   neostore.nodestore.db.labels.id: 2015-12-11T16:06:46-0600 - 9.00 B
2015-12-11 22:06:48.118+0000 INFO  [o.n.k.i.DiagnosticsManager]   neostore.propertystore.db: 2015-12-11T13:21:24-0600 - 414.32 kB
2015-12-11 22:06:48.121+0000 INFO  [o.n.k.i.DiagnosticsManager]   neostore.propertystore.db.arrays: 2015-12-11T11:43:49-0600 - 8.00 kB
2015-12-11 22:06:48.123+0000 INFO  [o.n.k.i.DiagnosticsManager]   neostore.propertystore.db.arrays.id: 2015-12-11T16:06:47-0600 - 9.00 B
2015-12-11 22:06:48.126+0000 INFO  [o.n.k.i.DiagnosticsManager]   neostore.propertystore.db.id: 2015-12-11T16:06:47-0600 - 9.00 B
2015-12-11 22:06:48.129+0000 INFO  [o.n.k.i.DiagnosticsManager]   neostore.propertystore.db.index: 2015-12-11T11:48:52-0600 - 8.00 kB
2015-12-11 22:06:48.131+0000 INFO  [o.n.k.i.DiagnosticsManager]   neostore.propertystore.db.index.id: 2015-12-11T16:06:47-0600 - 9.00 B
2015-12-11 22:06:48.134+0000 INFO  [o.n.k.i.DiagnosticsManager]   neostore.propertystore.db.index.keys: 2015-12-11T11:48:52-0600 - 8.00 kB
2015-12-11 22:06:48.137+0000 INFO  [o.n.k.i.DiagnosticsManager]   neostore.propertystore.db.index.keys.id: 2015-12-11T16:06:47-0600 - 9.00 B
2015-12-11 22:06:48.139+0000 INFO  [o.n.k.i.DiagnosticsManager]   neostore.propertystore.db.strings: 2015-12-11T11:43:49-0600 - 8.00 kB
2015-12-11 22:06:48.142+0000 INFO  [o.n.k.i.DiagnosticsManager]   neostore.propertystore.db.strings.id: 2015-12-11T16:06:47-0600 - 9.00 B
2015-12-11 22:06:48.145+0000 INFO  [o.n.k.i.DiagnosticsManager]   neostore.relationshipgroupstore.db: 2015-12-11T12:03:55-0600 - 8.00 kB
2015-12-11 22:06:48.148+0000 INFO  [o.n.k.i.DiagnosticsManager]   neostore.relationshipgroupstore.db.id: 2015-12-11T16:06:47-0600 - 9.00 B
2015-12-11 22:06:48.150+0000 INFO  [o.n.k.i.DiagnosticsManager]   neostore.relationshipstore.db: 2015-12-11T13:21:24-0600 - 342.66 kB
2015-12-11 22:06:48.153+0000 INFO  [o.n.k.i.DiagnosticsManager]   neostore.relationshipstore.db.id: 2015-12-11T16:06:47-0600 - 9.00 B
2015-12-11 22:06:48.155+0000 INFO  [o.n.k.i.DiagnosticsManager]   neostore.relationshiptypestore.db: 2015-12-11T11:48:52-0600 - 8.00 kB
2015-12-11 22:06:48.158+0000 INFO  [o.n.k.i.DiagnosticsManager]   neostore.relationshiptypestore.db.id: 2015-12-11T16:06:47-0600 - 9.00 B
2015-12-11 22:06:48.161+0000 INFO  [o.n.k.i.DiagnosticsManager]   neostore.relationshiptypestore.db.names: 2015-12-11T11:48:52-0600 - 8.00 kB
2015-12-11 22:06:48.163+0000 INFO  [o.n.k.i.DiagnosticsManager]   neostore.relationshiptypestore.db.names.id: 2015-12-11T16:06:47-0600 - 9.00 B
2015-12-11 22:06:48.166+0000 INFO  [o.n.k.i.DiagnosticsManager]   neostore.schemastore.db: 2015-12-11T11:43:50-0600 - 8.00 kB
2015-12-11 22:06:48.169+0000 INFO  [o.n.k.i.DiagnosticsManager]   neostore.schemastore.db.id: 2015-12-11T16:06:47-0600 - 9.00 B
2015-12-11 22:06:48.171+0000 INFO  [o.n.k.i.DiagnosticsManager]   neostore.transaction.db.0: 2015-12-11T13:21:23-0600 - 7.39 MB
2015-12-11 22:06:48.221+0000 INFO  [o.n.k.i.DiagnosticsManager]   schema:
2015-12-11 22:06:48.224+0000 INFO  [o.n.k.i.DiagnosticsManager]     label:
2015-12-11 22:06:48.226+0000 INFO  [o.n.k.i.DiagnosticsManager]       lucene:
2015-12-11 22:06:48.229+0000 INFO  [o.n.k.i.DiagnosticsManager]         _fpv.cfs: 2015-12-11T12:02:50-0600 - 9.90 kB
2015-12-11 22:06:48.231+0000 INFO  [o.n.k.i.DiagnosticsManager]         segments.gen: 2015-12-11T12:03:55-0600 - 20.00 B
2015-12-11 22:06:48.234+0000 INFO  [o.n.k.i.DiagnosticsManager]         segments_4: 2015-12-11T12:03:55-0600 - 258.00 B
2015-12-11 22:06:48.236+0000 INFO  [o.n.k.i.DiagnosticsManager]         write.lock: 2015-12-11T16:06:47-0600 - 0.00 B
2015-12-11 22:06:48.239+0000 INFO  [o.n.k.i.DiagnosticsManager]       - Total: 2015-12-11T16:06:47-0600 - 10.17 kB
2015-12-11 22:06:48.241+0000 INFO  [o.n.k.i.DiagnosticsManager]     - Total: 2015-12-11T11:43:51-0600 - 10.17 kB
2015-12-11 22:06:48.243+0000 INFO  [o.n.k.i.DiagnosticsManager]   - Total: 2015-12-11T11:43:51-0600 - 10.17 kB
2015-12-11 22:06:48.246+0000 INFO  [o.n.k.i.DiagnosticsManager]   store_lock: 2015-12-11T11:43:48-0600 - 0.00 B
2015-12-11 22:06:48.248+0000 INFO  [o.n.k.i.DiagnosticsManager] --- STARTED diagnostics for KernelDiagnostics:StoreFiles END ---
2015-12-11 22:06:48.257+0000 INFO  [o.n.k.i.DiagnosticsManager] --- SERVER STARTED START ---
2015-12-11 22:06:48.931+0000 INFO  [o.n.k.i.DiagnosticsManager] --- SERVER STARTED END ---
2015-12-11 22:12:03.991+0000 INFO  [o.n.k.i.f.GraphDatabaseFacade] Shutdown started
2015-12-11 22:12:03.994+0000 INFO  [o.n.k.i.f.CommunityFacadeFactory] Database is now unavailable
2015-12-11 22:12:04.035+0000 INFO  [o.n.k.i.t.l.c.CheckPointerImpl] Check Pointing triggered by database shutdown [20311]:  Starting check pointing...
2015-12-11 22:12:04.038+0000 INFO  [o.n.k.i.t.l.c.CheckPointerImpl] Check Pointing triggered by database shutdown [20311]:  Starting store flush...
2015-12-11 22:12:04.060+0000 INFO  [o.n.k.i.t.l.c.CheckPointerImpl] Check Pointing triggered by database shutdown [20311]:  Store flush completed
2015-12-11 22:12:04.063+0000 INFO  [o.n.k.i.t.l.c.CheckPointerImpl] Check Pointing triggered by database shutdown [20311]:  Starting appending check point entry into the tx log...
2015-12-11 22:12:04.085+0000 INFO  [o.n.k.i.t.l.c.CheckPointerImpl] Check Pointing triggered by database shutdown [20311]:  Appending check point entry into the tx log completed
2015-12-11 22:12:04.088+0000 INFO  [o.n.k.i.t.l.c.CheckPointerImpl] Check Pointing triggered by database shutdown [20311]:  Check pointing completed
2015-12-11 22:12:04.091+0000 INFO  [o.n.k.i.t.l.p.LogPruningImpl] Log Rotation [0]:  Starting log pruning.
2015-12-11 22:12:04.093+0000 INFO  [o.n.k.i.t.l.p.LogPruningImpl] Log Rotation [0]:  Log pruning complete.
2015-12-11 22:12:05.478+0000 INFO  [o.n.k.NeoStoreDataSource] NeoStores closed
2015-12-11 22:12:05.484+0000 INFO  [o.n.k.i.DiagnosticsManager] --- STOPPING diagnostics START ---
2015-12-11 22:12:05.484+0000 INFO  [o.n.k.i.DiagnosticsManager] --- STOPPING diagnostics END ---
