2015-12-11 16:53:12.116+0000 INFO  [o.n.k.i.f.CommunityFacadeFactory] No locking implementation specified, defaulting to 'community'
2015-12-11 16:53:12.116+0000 INFO  [o.n.k.AvailabilityGuard] Requirement makes database unavailable: Database available
2015-12-11 16:53:12.116+0000 INFO  [o.n.k.i.DiagnosticsManager] --- INITIALIZED diagnostics START ---
2015-12-11 16:53:12.116+0000 INFO  [o.n.k.i.DiagnosticsManager] Neo4j Kernel properties:
2015-12-11 16:53:12.116+0000 INFO  [o.n.k.i.DiagnosticsManager] org.neo4j.server.db.tuning.properties=C:\561\10000\10000D3\neo4j.properties
2015-12-11 16:53:12.116+0000 INFO  [o.n.k.i.DiagnosticsManager] org.neo4j.server.database.location=C:\561\10000\10000D3
2015-12-11 16:53:12.116+0000 INFO  [o.n.k.i.DiagnosticsManager] dbms.querylog.filename=data/log/queries.log
2015-12-11 16:53:12.116+0000 INFO  [o.n.k.i.DiagnosticsManager] dbms.security.auth_store.location=C:\561\10000\10000D3\.\dbms\auth
2015-12-11 16:53:12.116+0000 INFO  [o.n.k.i.DiagnosticsManager] dbms.security.tls_certificate_file=C:\561\10000\10000D3\.\dbms\ssl\snakeoil.cert
2015-12-11 16:53:12.116+0000 INFO  [o.n.k.i.DiagnosticsManager] remote_shell_enabled=true
2015-12-11 16:53:12.116+0000 INFO  [o.n.k.i.DiagnosticsManager] edition=Community
2015-12-11 16:53:12.116+0000 INFO  [o.n.k.i.DiagnosticsManager] dbms.security.tls_key_file=C:\561\10000\10000D3\.\dbms\ssl\snakeoil.key
2015-12-11 16:53:12.116+0000 INFO  [o.n.k.i.DiagnosticsManager] Diagnostics providers:
2015-12-11 16:53:12.116+0000 INFO  [o.n.k.i.DiagnosticsManager] org.neo4j.kernel.configuration.Config
2015-12-11 16:53:12.116+0000 INFO  [o.n.k.i.DiagnosticsManager] org.neo4j.kernel.info.DiagnosticsManager
2015-12-11 16:53:12.116+0000 INFO  [o.n.k.i.DiagnosticsManager] SYSTEM_MEMORY
2015-12-11 16:53:12.116+0000 INFO  [o.n.k.i.DiagnosticsManager] JAVA_MEMORY
2015-12-11 16:53:12.116+0000 INFO  [o.n.k.i.DiagnosticsManager] OPERATING_SYSTEM
2015-12-11 16:53:12.116+0000 INFO  [o.n.k.i.DiagnosticsManager] JAVA_VIRTUAL_MACHINE
2015-12-11 16:53:12.116+0000 INFO  [o.n.k.i.DiagnosticsManager] CLASSPATH
2015-12-11 16:53:12.116+0000 INFO  [o.n.k.i.DiagnosticsManager] LIBRARY_PATH
2015-12-11 16:53:12.116+0000 INFO  [o.n.k.i.DiagnosticsManager] SYSTEM_PROPERTIES
2015-12-11 16:53:12.116+0000 INFO  [o.n.k.i.DiagnosticsManager] NETWORK
2015-12-11 16:53:12.116+0000 INFO  [o.n.k.i.DiagnosticsManager] System memory information:
2015-12-11 16:53:12.116+0000 INFO  [o.n.k.i.DiagnosticsManager] Total Physical memory: 3.93 GB
2015-12-11 16:53:12.116+0000 INFO  [o.n.k.i.DiagnosticsManager] Free Physical memory: 2.09 GB
2015-12-11 16:53:12.116+0000 INFO  [o.n.k.i.DiagnosticsManager] Committed virtual memory: 337.39 MB
2015-12-11 16:53:12.116+0000 INFO  [o.n.k.i.DiagnosticsManager] Total swap space: 5.66 GB
2015-12-11 16:53:12.116+0000 INFO  [o.n.k.i.DiagnosticsManager] Free swap space: 3.37 GB
2015-12-11 16:53:12.116+0000 INFO  [o.n.k.i.DiagnosticsManager] JVM memory information:
2015-12-11 16:53:12.116+0000 INFO  [o.n.k.i.DiagnosticsManager] Free  memory: 28.03 MB
2015-12-11 16:53:12.116+0000 INFO  [o.n.k.i.DiagnosticsManager] Total memory: 87.00 MB
2015-12-11 16:53:12.116+0000 INFO  [o.n.k.i.DiagnosticsManager] Max   memory: 894.50 MB
2015-12-11 16:53:12.116+0000 INFO  [o.n.k.i.DiagnosticsManager] Garbage Collector: PS Scavenge: [PS Eden Space, PS Survivor Space]
2015-12-11 16:53:12.116+0000 INFO  [o.n.k.i.DiagnosticsManager] Garbage Collector: PS MarkSweep: [PS Eden Space, PS Survivor Space, PS Old Gen, PS Perm Gen]
2015-12-11 16:53:12.116+0000 INFO  [o.n.k.i.DiagnosticsManager] Memory Pool: Code Cache (Non-heap memory): committed=10.06 MB, used=9.89 MB, max=48.00 MB, threshold=0.00 B
2015-12-11 16:53:12.116+0000 INFO  [o.n.k.i.DiagnosticsManager] Memory Pool: PS Eden Space (Heap memory): committed=20.00 MB, used=4.05 MB, max=330.00 MB, threshold=?
2015-12-11 16:53:12.116+0000 INFO  [o.n.k.i.DiagnosticsManager] Memory Pool: PS Survivor Space (Heap memory): committed=1.00 MB, used=1005.99 kB, max=1.00 MB, threshold=?
2015-12-11 16:53:12.116+0000 INFO  [o.n.k.i.DiagnosticsManager] Memory Pool: PS Old Gen (Heap memory): committed=66.00 MB, used=53.93 MB, max=670.50 MB, threshold=0.00 B
2015-12-11 16:53:12.116+0000 INFO  [o.n.k.i.DiagnosticsManager] Memory Pool: PS Perm Gen (Non-heap memory): committed=62.00 MB, used=61.59 MB, max=82.00 MB, threshold=0.00 B
2015-12-11 16:53:12.116+0000 INFO  [o.n.k.i.DiagnosticsManager] Operating system information:
2015-12-11 16:53:12.116+0000 INFO  [o.n.k.i.DiagnosticsManager] Operating System: Windows 8.1; version: 6.3; arch: amd64; cpus: 8
2015-12-11 16:53:12.116+0000 INFO  [o.n.k.i.DiagnosticsManager] Process id: 5816@ATAN-B03-02
2015-12-11 16:53:12.116+0000 INFO  [o.n.k.i.DiagnosticsManager] Byte order: LITTLE_ENDIAN
2015-12-11 16:53:12.116+0000 INFO  [o.n.k.i.DiagnosticsManager] Local timezone: America/Chicago
2015-12-11 16:53:12.116+0000 INFO  [o.n.k.i.DiagnosticsManager] JVM information:
2015-12-11 16:53:12.116+0000 INFO  [o.n.k.i.DiagnosticsManager] VM Name: Java HotSpot(TM) 64-Bit Server VM
2015-12-11 16:53:12.116+0000 INFO  [o.n.k.i.DiagnosticsManager] VM Vendor: Oracle Corporation
2015-12-11 16:53:12.116+0000 INFO  [o.n.k.i.DiagnosticsManager] VM Version: 24.80-b11
2015-12-11 16:53:12.116+0000 INFO  [o.n.k.i.DiagnosticsManager] JIT compiler: HotSpot 64-Bit Tiered Compilers
2015-12-11 16:53:12.116+0000 INFO  [o.n.k.i.DiagnosticsManager] VM Arguments: [-Dexe4j.semaphoreName=Local\c:_program_files_neo4j_ce_2.3.1_bin_neo4j-ce.exe, -Dexe4j.isInstall4j=true, -Dexe4j.moduleName=C:\Program Files\Neo4j CE 2.3.1\bin\neo4j-ce.exe, -Dexe4j.tempDir=, -Dexe4j.unextractedPosition=0, -Djava.library.path=C:\Program Files (x86)\AMD APP\bin\x86_64;C:\Program Files (x86)\AMD APP\bin\x86;C:\ProgramData\Oracle\Java\javapath;C:\Windows\system32;C:\Windows;C:\Windows\System32\Wbem;C:\Windows\System32\WindowsPowerShell\v1.0\;C:\Program Files (x86)\MiKTeX 2.9\miktex\bin\;C:\Program Files\TortoiseSVN\bin;C:\Windows\system32\config\systemprofile\.dnx\bin;C:\Program Files\Microsoft DNX\Dnvm\;C:\Program Files\MATLAB\R2015b\runtime\win64;C:\Program Files\MATLAB\R2015b\bin;C:\Program Files (x86)\ATI Technologies\ATI.ACE\Core-Static;c:\program files\neo4j ce 2.3.1\jre\bin, -Dexe4j.consoleCodepage=cp0, -Dinstall4j.launcherId=24, -Dinstall4j.swt=false]
2015-12-11 16:53:12.116+0000 INFO  [o.n.k.i.DiagnosticsManager] Java classpath:
2015-12-11 16:53:12.116+0000 INFO  [o.n.k.i.DiagnosticsManager]  [loader.1] file:/C:/Program%20Files/Neo4j%20CE%202.3.1/jre/lib/ext/dnsns.jar
2015-12-11 16:53:12.116+0000 INFO  [o.n.k.i.DiagnosticsManager]  [loader.0] file:/C:/Program%20Files/Neo4j%20CE%202.3.1/bin/
2015-12-11 16:53:12.116+0000 INFO  [o.n.k.i.DiagnosticsManager]  [bootstrap] C:\Program Files\Neo4j CE 2.3.1\jre\lib\resources.jar
2015-12-11 16:53:12.116+0000 INFO  [o.n.k.i.DiagnosticsManager]  [bootstrap] C:\Program Files\Neo4j CE 2.3.1\jre\lib\jfr.jar
2015-12-11 16:53:12.116+0000 INFO  [o.n.k.i.DiagnosticsManager]  [classpath] C:\Program Files\Neo4j CE 2.3.1\.install4j\i4jruntime.jar
2015-12-11 16:53:12.116+0000 INFO  [o.n.k.i.DiagnosticsManager]  [loader.1] file:/C:/Program%20Files/Neo4j%20CE%202.3.1/jre/lib/ext/sunmscapi.jar
2015-12-11 16:53:12.116+0000 INFO  [o.n.k.i.DiagnosticsManager]  [bootstrap] C:\Program Files\Neo4j CE 2.3.1\jre\lib\jsse.jar
2015-12-11 16:53:12.116+0000 INFO  [o.n.k.i.DiagnosticsManager]  [loader.1] file:/C:/Program%20Files/Neo4j%20CE%202.3.1/jre/lib/ext/dns_sd.jar
2015-12-11 16:53:12.116+0000 INFO  [o.n.k.i.DiagnosticsManager]  [loader.0] file:/C:/Program%20Files/Neo4j%20CE%202.3.1/.install4j/i4jruntime.jar
2015-12-11 16:53:12.116+0000 INFO  [o.n.k.i.DiagnosticsManager]  [loader.0] file:/C:/Program%20Files/Neo4j%20CE%202.3.1/bin/neo4j-desktop-2.3.1.jar
2015-12-11 16:53:12.116+0000 INFO  [o.n.k.i.DiagnosticsManager]  [loader.1] file:/C:/Program%20Files/Neo4j%20CE%202.3.1/jre/lib/ext/access-bridge-64.jar
2015-12-11 16:53:12.116+0000 INFO  [o.n.k.i.DiagnosticsManager]  [loader.1] file:/C:/Program%20Files/Neo4j%20CE%202.3.1/jre/lib/ext/localedata.jar
2015-12-11 16:53:12.116+0000 INFO  [o.n.k.i.DiagnosticsManager]  [bootstrap] C:\Program Files\Neo4j CE 2.3.1\jre\lib\sunrsasign.jar
2015-12-11 16:53:12.116+0000 INFO  [o.n.k.i.DiagnosticsManager]  [bootstrap] C:\Program Files\Neo4j CE 2.3.1\jre\lib\jce.jar
2015-12-11 16:53:12.132+0000 INFO  [o.n.k.i.DiagnosticsManager]  [bootstrap] C:\Program Files\Neo4j CE 2.3.1\jre\lib\rt.jar
2015-12-11 16:53:12.132+0000 INFO  [o.n.k.i.DiagnosticsManager]  [bootstrap] C:\Program Files\Neo4j CE 2.3.1\jre\lib\charsets.jar
2015-12-11 16:53:12.132+0000 INFO  [o.n.k.i.DiagnosticsManager]  [loader.1] file:/C:/Program%20Files/Neo4j%20CE%202.3.1/jre/lib/ext/sunjce_provider.jar
2015-12-11 16:53:12.132+0000 INFO  [o.n.k.i.DiagnosticsManager]  [bootstrap] C:\Program Files\Neo4j CE 2.3.1\jre\classes
2015-12-11 16:53:12.132+0000 INFO  [o.n.k.i.DiagnosticsManager]  [loader.1] file:/C:/Program%20Files/Neo4j%20CE%202.3.1/jre/lib/ext/zipfs.jar
2015-12-11 16:53:12.132+0000 INFO  [o.n.k.i.DiagnosticsManager]  [loader.1] file:/C:/Program%20Files/Neo4j%20CE%202.3.1/jre/lib/ext/jaccess.jar
2015-12-11 16:53:12.132+0000 INFO  [o.n.k.i.DiagnosticsManager]  [loader.1] file:/C:/Program%20Files/Neo4j%20CE%202.3.1/jre/lib/ext/sunec.jar
2015-12-11 16:53:12.132+0000 INFO  [o.n.k.i.DiagnosticsManager]  [classpath] C:\Program Files\Neo4j CE 2.3.1\bin\neo4j-desktop-2.3.1.jar
2015-12-11 16:53:12.132+0000 INFO  [o.n.k.i.DiagnosticsManager] Library path:
2015-12-11 16:53:12.132+0000 INFO  [o.n.k.i.DiagnosticsManager] C:\Program Files (x86)\AMD APP\bin\x86_64
2015-12-11 16:53:12.132+0000 INFO  [o.n.k.i.DiagnosticsManager] C:\Program Files (x86)\AMD APP\bin\x86
2015-12-11 16:53:12.132+0000 INFO  [o.n.k.i.DiagnosticsManager] C:\ProgramData\Oracle\Java\javapath
2015-12-11 16:53:12.132+0000 INFO  [o.n.k.i.DiagnosticsManager] C:\Windows\System32
2015-12-11 16:53:12.132+0000 INFO  [o.n.k.i.DiagnosticsManager] C:\Windows
2015-12-11 16:53:12.132+0000 INFO  [o.n.k.i.DiagnosticsManager] C:\Windows\System32\wbem
2015-12-11 16:53:12.132+0000 INFO  [o.n.k.i.DiagnosticsManager] C:\Windows\System32\WindowsPowerShell\v1.0
2015-12-11 16:53:12.132+0000 INFO  [o.n.k.i.DiagnosticsManager] C:\Program Files (x86)\MiKTeX 2.9\miktex\bin
2015-12-11 16:53:12.132+0000 INFO  [o.n.k.i.DiagnosticsManager] C:\Program Files\TortoiseSVN\bin
2015-12-11 16:53:12.132+0000 INFO  [o.n.k.i.DiagnosticsManager] C:\Windows\System32\config\systemprofile\.dnx\bin
2015-12-11 16:53:12.132+0000 INFO  [o.n.k.i.DiagnosticsManager] C:\Program Files\Microsoft DNX\Dnvm
2015-12-11 16:53:12.132+0000 INFO  [o.n.k.i.DiagnosticsManager] C:\Program Files\MATLAB\R2015b\runtime\win64
2015-12-11 16:53:12.132+0000 INFO  [o.n.k.i.DiagnosticsManager] C:\Program Files\MATLAB\R2015b\bin
2015-12-11 16:53:12.132+0000 INFO  [o.n.k.i.DiagnosticsManager] C:\Program Files (x86)\ATI Technologies\ATI.ACE\Core-Static
2015-12-11 16:53:12.132+0000 INFO  [o.n.k.i.DiagnosticsManager] C:\Program Files\Neo4j CE 2.3.1\jre\bin
2015-12-11 16:53:12.132+0000 INFO  [o.n.k.i.DiagnosticsManager] System.properties:
2015-12-11 16:53:12.132+0000 INFO  [o.n.k.i.DiagnosticsManager] exe4j.moduleName = C:\Program Files\Neo4j CE 2.3.1\bin\neo4j-ce.exe
2015-12-11 16:53:12.132+0000 INFO  [o.n.k.i.DiagnosticsManager] exe4j.semaphoreName = Local\c:_program_files_neo4j_ce_2.3.1_bin_neo4j-ce.exe
2015-12-11 16:53:12.132+0000 INFO  [o.n.k.i.DiagnosticsManager] sun.boot.library.path = c:\program files\neo4j ce 2.3.1\jre\bin
2015-12-11 16:53:12.132+0000 INFO  [o.n.k.i.DiagnosticsManager] exe4j.consoleCodepage = cp0
2015-12-11 16:53:12.132+0000 INFO  [o.n.k.i.DiagnosticsManager] path.separator = ;
2015-12-11 16:53:12.132+0000 INFO  [o.n.k.i.DiagnosticsManager] file.encoding.pkg = sun.io
2015-12-11 16:53:12.132+0000 INFO  [o.n.k.i.DiagnosticsManager] user.country = US
2015-12-11 16:53:12.132+0000 INFO  [o.n.k.i.DiagnosticsManager] user.script = 
2015-12-11 16:53:12.132+0000 INFO  [o.n.k.i.DiagnosticsManager] sun.os.patch.level = 
2015-12-11 16:53:12.132+0000 INFO  [o.n.k.i.DiagnosticsManager] install4j.exeDir = C:\Program Files\Neo4j CE 2.3.1\bin\
2015-12-11 16:53:12.132+0000 INFO  [o.n.k.i.DiagnosticsManager] user.dir = C:\Program Files\Neo4j CE 2.3.1\bin
2015-12-11 16:53:12.132+0000 INFO  [o.n.k.i.DiagnosticsManager] neo4j.ext.udc.source = desktop
2015-12-11 16:53:12.132+0000 INFO  [o.n.k.i.DiagnosticsManager] user.variant = 
2015-12-11 16:53:12.132+0000 INFO  [o.n.k.i.DiagnosticsManager] exe4j.tempDir = 
2015-12-11 16:53:12.132+0000 INFO  [o.n.k.i.DiagnosticsManager] sun.jnu.encoding = Cp1252
2015-12-11 16:53:12.132+0000 INFO  [o.n.k.i.DiagnosticsManager] sun.awt.enableExtraMouseButtons = true
2015-12-11 16:53:12.132+0000 INFO  [o.n.k.i.DiagnosticsManager] install4j.launcherId = 24
2015-12-11 16:53:12.132+0000 INFO  [o.n.k.i.DiagnosticsManager] sun.management.compiler = HotSpot 64-Bit Tiered Compilers
2015-12-11 16:53:12.132+0000 INFO  [o.n.k.i.DiagnosticsManager] exe4j.isInstall4j = true
2015-12-11 16:53:12.132+0000 INFO  [o.n.k.i.DiagnosticsManager] install4j.swt = false
2015-12-11 16:53:12.132+0000 INFO  [o.n.k.i.DiagnosticsManager] user.home = C:\Users\cez
2015-12-11 16:53:12.132+0000 INFO  [o.n.k.i.DiagnosticsManager] user.timezone = America/Chicago
2015-12-11 16:53:12.132+0000 INFO  [o.n.k.i.DiagnosticsManager] file.encoding = Cp1252
2015-12-11 16:53:12.132+0000 INFO  [o.n.k.i.DiagnosticsManager] user.name = cez
2015-12-11 16:53:12.132+0000 INFO  [o.n.k.i.DiagnosticsManager] sun.java.command = C:\Program Files\Neo4j CE 2.3.1\bin\neo4j-ce.exe
2015-12-11 16:53:12.132+0000 INFO  [o.n.k.i.DiagnosticsManager] sun.arch.data.model = 64
2015-12-11 16:53:12.132+0000 INFO  [o.n.k.i.DiagnosticsManager] exe4j.launchName = C:\Program Files\Neo4j CE 2.3.1\bin\neo4j-ce.exe
2015-12-11 16:53:12.132+0000 INFO  [o.n.k.i.DiagnosticsManager] user.language = en
2015-12-11 16:53:12.132+0000 INFO  [o.n.k.i.DiagnosticsManager] awt.toolkit = sun.awt.windows.WToolkit
2015-12-11 16:53:12.132+0000 INFO  [o.n.k.i.DiagnosticsManager] exe4j.unextractedPosition = 0
2015-12-11 16:53:12.132+0000 INFO  [o.n.k.i.DiagnosticsManager] install4j.appDir = C:\Program Files\Neo4j CE 2.3.1\
2015-12-11 16:53:12.132+0000 INFO  [o.n.k.i.DiagnosticsManager] file.separator = \
2015-12-11 16:53:12.132+0000 INFO  [o.n.k.i.DiagnosticsManager] sun.io.unicode.encoding = UnicodeLittle
2015-12-11 16:53:12.132+0000 INFO  [o.n.k.i.DiagnosticsManager] sun.cpu.endian = little
2015-12-11 16:53:12.132+0000 INFO  [o.n.k.i.DiagnosticsManager] sun.desktop = windows
2015-12-11 16:53:12.132+0000 INFO  [o.n.k.i.DiagnosticsManager] sun.cpu.isalist = amd64
2015-12-11 16:53:12.132+0000 INFO  [o.n.k.i.DiagnosticsManager] Network information:
2015-12-11 16:53:12.147+0000 INFO  [o.n.k.i.DiagnosticsManager] Interface Software Loopback Interface 1:
2015-12-11 16:53:12.147+0000 INFO  [o.n.k.i.DiagnosticsManager]     address: 127.0.0.1
2015-12-11 16:53:12.147+0000 INFO  [o.n.k.i.DiagnosticsManager]     address: 0:0:0:0:0:0:0:1
2015-12-11 16:53:12.147+0000 INFO  [o.n.k.i.DiagnosticsManager] Interface Microsoft Kernel Debug Network Adapter:
2015-12-11 16:53:12.147+0000 INFO  [o.n.k.i.DiagnosticsManager] Interface Intel(R) 82578DM Gigabit Network Connection:
2015-12-11 16:53:12.147+0000 INFO  [o.n.k.i.DiagnosticsManager]     address: 10.24.47.166
2015-12-11 16:53:12.147+0000 INFO  [o.n.k.i.DiagnosticsManager]     address: 2610:130:101:d00:4493:c16:efa9:8b55
2015-12-11 16:53:12.147+0000 INFO  [o.n.k.i.DiagnosticsManager]     address: 2610:130:101:d00:920:e15d:79eb:345b
2015-12-11 16:53:12.147+0000 INFO  [o.n.k.i.DiagnosticsManager]     address: 2610:130:101:d00:a502:b02c:1a2d:577b
2015-12-11 16:53:12.147+0000 INFO  [o.n.k.i.DiagnosticsManager]     address: fe80:0:0:0:4493:c16:efa9:8b55%3
2015-12-11 16:53:12.147+0000 INFO  [o.n.k.i.DiagnosticsManager] Interface Microsoft ISATAP Adapter:
2015-12-11 16:53:12.147+0000 INFO  [o.n.k.i.DiagnosticsManager]     address: fe80:0:0:0:0:5efe:c0a8:3801%4
2015-12-11 16:53:12.147+0000 INFO  [o.n.k.i.DiagnosticsManager] Interface Teredo Tunneling Pseudo-Interface:
2015-12-11 16:53:12.147+0000 INFO  [o.n.k.i.DiagnosticsManager] Interface Microsoft ISATAP Adapter #2:
2015-12-11 16:53:12.147+0000 INFO  [o.n.k.i.DiagnosticsManager]     address: fe80:0:0:0:0:5efe:a18:2fa6%6
2015-12-11 16:53:12.147+0000 INFO  [o.n.k.i.DiagnosticsManager] Interface VirtualBox Host-Only Ethernet Adapter:
2015-12-11 16:53:12.147+0000 INFO  [o.n.k.i.DiagnosticsManager]     address: 192.168.56.1
2015-12-11 16:53:12.147+0000 INFO  [o.n.k.i.DiagnosticsManager]     address: fe80:0:0:0:4133:2d33:29c2:6efa%7
2015-12-11 16:53:12.147+0000 INFO  [o.n.k.i.DiagnosticsManager] Interface Microsoft ISATAP Adapter #3:
2015-12-11 16:53:12.147+0000 INFO  [o.n.k.i.DiagnosticsManager] Interface VirtualBox Host-Only Ethernet Adapter-WFP Native MAC Layer LightWeight Filter-0000:
2015-12-11 16:53:12.147+0000 INFO  [o.n.k.i.DiagnosticsManager] Interface VirtualBox Host-Only Ethernet Adapter-VirtualBox NDIS Light-Weight Filter-0000:
2015-12-11 16:53:12.147+0000 INFO  [o.n.k.i.DiagnosticsManager] Interface VirtualBox Host-Only Ethernet Adapter-QoS Packet Scheduler-0000:
2015-12-11 16:53:12.147+0000 INFO  [o.n.k.i.DiagnosticsManager] Interface VirtualBox Host-Only Ethernet Adapter-WFP 802.3 MAC Layer LightWeight Filter-0000:
2015-12-11 16:53:12.147+0000 INFO  [o.n.k.i.DiagnosticsManager] Interface Intel(R) 82578DM Gigabit Network Connection-WFP Native MAC Layer LightWeight Filter-0000:
2015-12-11 16:53:12.147+0000 INFO  [o.n.k.i.DiagnosticsManager] Interface Intel(R) 82578DM Gigabit Network Connection-VirtualBox NDIS Light-Weight Filter-0000:
2015-12-11 16:53:12.147+0000 INFO  [o.n.k.i.DiagnosticsManager] Interface Intel(R) 82578DM Gigabit Network Connection-QoS Packet Scheduler-0000:
2015-12-11 16:53:12.147+0000 INFO  [o.n.k.i.DiagnosticsManager] Interface Intel(R) 82578DM Gigabit Network Connection-WFP 802.3 MAC Layer LightWeight Filter-0000:
2015-12-11 16:53:12.147+0000 INFO  [o.n.k.i.DiagnosticsManager] --- INITIALIZED diagnostics END ---
2015-12-11 16:53:14.772+0000 INFO  [o.n.k.a.i.i.LuceneLabelScanStore] No lucene scan store index found, this might just be first use. Preparing to rebuild.
2015-12-11 16:53:14.772+0000 INFO  [o.n.k.NeoStoreDataSource] Opened logical log [C:\561\10000\10000D3\neostore.transaction.db.0] version=0, lastTxId=1 (clean)
2015-12-11 16:53:14.772+0000 WARN  [o.n.k.i.s.MetaDataStore] Missing counts store, rebuilding it.
2015-12-11 16:53:14.866+0000 INFO  [o.n.k.a.i.i.LuceneLabelScanStore] Rebuilding lucene scan store, this may take a while
2015-12-11 16:53:14.866+0000 INFO  [o.n.k.a.i.i.LuceneLabelScanStore] Lucene scan store rebuilt (roughly -1 nodes)
2015-12-11 16:53:14.866+0000 INFO  [o.n.k.KernelHealth] Kernel health set to OK
2015-12-11 16:53:14.882+0000 INFO  [o.n.k.AvailabilityGuard] Fulfilling of requirement makes database available: Database available
2015-12-11 16:53:14.882+0000 INFO  [o.n.k.i.f.CommunityFacadeFactory] Database is now ready
2015-12-11 16:53:14.882+0000 INFO  [o.n.k.i.DiagnosticsManager] --- STARTED diagnostics for KernelDiagnostics:Versions START ---
2015-12-11 16:53:14.882+0000 INFO  [o.n.k.i.DiagnosticsManager] Graph Database: Community StoreId{creationTime=1449852794678, randomId=4463350291439819481, storeVersion=15250506225055238, upgradeTime=1449852794678, upgradeId=1}
2015-12-11 16:53:14.882+0000 INFO  [o.n.k.i.DiagnosticsManager] Kernel version: 2.3.1
2015-12-11 16:53:14.897+0000 INFO  [o.n.k.i.DiagnosticsManager] --- STARTED diagnostics for KernelDiagnostics:Versions END ---
2015-12-11 16:53:14.897+0000 INFO  [o.n.k.i.DiagnosticsManager] --- STARTED diagnostics for NEO_STORE_VERSIONS START ---
2015-12-11 16:53:14.897+0000 INFO  [o.n.k.i.DiagnosticsManager] Store versions:
2015-12-11 16:53:14.897+0000 INFO  [o.n.k.i.DiagnosticsManager] Store versions:
2015-12-11 16:53:14.897+0000 INFO  [o.n.k.i.DiagnosticsManager] ArrayPropertyStore v0.A.6
2015-12-11 16:53:14.897+0000 INFO  [o.n.k.i.DiagnosticsManager] NodeStore v0.A.6
2015-12-11 16:53:14.897+0000 INFO  [o.n.k.i.DiagnosticsManager] StringPropertyStore v0.A.6
2015-12-11 16:53:14.913+0000 INFO  [o.n.k.i.DiagnosticsManager] PropertyIndexStore v0.A.6
2015-12-11 16:53:14.913+0000 INFO  [o.n.k.i.DiagnosticsManager] StringPropertyStore v0.A.6
2015-12-11 16:53:14.913+0000 INFO  [o.n.k.i.DiagnosticsManager] ArrayPropertyStore v0.A.6
2015-12-11 16:53:14.913+0000 INFO  [o.n.k.i.DiagnosticsManager] PropertyStore v0.A.6
2015-12-11 16:53:14.913+0000 INFO  [o.n.k.i.DiagnosticsManager] RelationshipStore v0.A.6
2015-12-11 16:53:14.913+0000 INFO  [o.n.k.i.DiagnosticsManager] StringPropertyStore v0.A.6
2015-12-11 16:53:14.928+0000 INFO  [o.n.k.i.DiagnosticsManager] RelationshipTypeStore v0.A.6
2015-12-11 16:53:14.928+0000 INFO  [o.n.k.i.DiagnosticsManager] StringPropertyStore v0.A.6
2015-12-11 16:53:14.928+0000 INFO  [o.n.k.i.DiagnosticsManager] LabelTokenStore v0.A.6
2015-12-11 16:53:14.928+0000 INFO  [o.n.k.i.DiagnosticsManager] SchemaStore v0.A.6
2015-12-11 16:53:14.928+0000 INFO  [o.n.k.i.DiagnosticsManager] RelationshipGroupStore v0.A.6
2015-12-11 16:53:14.928+0000 INFO  [o.n.k.i.DiagnosticsManager] NeoStore v0.A.6
2015-12-11 16:53:14.928+0000 INFO  [o.n.k.i.DiagnosticsManager] --- STARTED diagnostics for NEO_STORE_VERSIONS END ---
2015-12-11 16:53:14.944+0000 INFO  [o.n.k.i.DiagnosticsManager] --- STARTED diagnostics for NEO_STORE_ID_USAGE START ---
2015-12-11 16:53:14.944+0000 INFO  [o.n.k.i.DiagnosticsManager] Id usage:
2015-12-11 16:53:14.944+0000 INFO  [o.n.k.i.DiagnosticsManager] Id usage:
2015-12-11 16:53:14.944+0000 INFO  [o.n.k.i.DiagnosticsManager]   ArrayPropertyStore v0.A.6: used=1 high=0
2015-12-11 16:53:14.944+0000 INFO  [o.n.k.i.DiagnosticsManager]   NodeStore v0.A.6: used=0 high=-1
2015-12-11 16:53:14.944+0000 INFO  [o.n.k.i.DiagnosticsManager]   StringPropertyStore v0.A.6: used=1 high=0
2015-12-11 16:53:14.960+0000 INFO  [o.n.k.i.DiagnosticsManager]   PropertyIndexStore v0.A.6: used=0 high=-1
2015-12-11 16:53:14.960+0000 INFO  [o.n.k.i.DiagnosticsManager]   StringPropertyStore v0.A.6: used=1 high=0
2015-12-11 16:53:14.960+0000 INFO  [o.n.k.i.DiagnosticsManager]   ArrayPropertyStore v0.A.6: used=1 high=0
2015-12-11 16:53:14.960+0000 INFO  [o.n.k.i.DiagnosticsManager]   PropertyStore v0.A.6: used=0 high=-1
2015-12-11 16:53:14.960+0000 INFO  [o.n.k.i.DiagnosticsManager]   RelationshipStore v0.A.6: used=0 high=-1
2015-12-11 16:53:14.960+0000 INFO  [o.n.k.i.DiagnosticsManager]   StringPropertyStore v0.A.6: used=1 high=0
2015-12-11 16:53:14.960+0000 INFO  [o.n.k.i.DiagnosticsManager]   RelationshipTypeStore v0.A.6: used=0 high=-1
2015-12-11 16:53:14.975+0000 INFO  [o.n.k.i.DiagnosticsManager]   StringPropertyStore v0.A.6: used=1 high=0
2015-12-11 16:53:14.975+0000 INFO  [o.n.k.i.DiagnosticsManager]   LabelTokenStore v0.A.6: used=0 high=-1
2015-12-11 16:53:14.975+0000 INFO  [o.n.k.i.DiagnosticsManager]   SchemaStore v0.A.6: used=1 high=0
2015-12-11 16:53:14.975+0000 INFO  [o.n.k.i.DiagnosticsManager]   RelationshipGroupStore v0.A.6: used=1 high=0
2015-12-11 16:53:14.975+0000 INFO  [o.n.k.i.DiagnosticsManager]   NeoStore v0.A.6: used=13 high=12
2015-12-11 16:53:14.975+0000 INFO  [o.n.k.i.DiagnosticsManager] --- STARTED diagnostics for NEO_STORE_ID_USAGE END ---
2015-12-11 16:53:14.991+0000 INFO  [o.n.k.i.DiagnosticsManager] --- STARTED diagnostics for NEO_STORE_RECORDS START ---
2015-12-11 16:53:14.991+0000 INFO  [o.n.k.i.DiagnosticsManager] Neostore records:
2015-12-11 16:53:14.991+0000 INFO  [o.n.k.i.DiagnosticsManager] TIME (Creation time): 1449852794678
2015-12-11 16:53:14.991+0000 INFO  [o.n.k.i.DiagnosticsManager] RANDOM_NUMBER (Random number for store id): 4463350291439819481
2015-12-11 16:53:14.991+0000 INFO  [o.n.k.i.DiagnosticsManager] LOG_VERSION (Current log version): 0
2015-12-11 16:53:14.991+0000 INFO  [o.n.k.i.DiagnosticsManager] LAST_TRANSACTION_ID (Last committed transaction): 1
2015-12-11 16:53:14.991+0000 INFO  [o.n.k.i.DiagnosticsManager] STORE_VERSION (Store format version): 15250506225055238
2015-12-11 16:53:15.007+0000 INFO  [o.n.k.i.DiagnosticsManager] FIRST_GRAPH_PROPERTY (First property record containing graph properties): -1
2015-12-11 16:53:15.007+0000 INFO  [o.n.k.i.DiagnosticsManager] LAST_CONSTRAINT_TRANSACTION (Last committed transaction containing constraint changes): 0
2015-12-11 16:53:15.007+0000 INFO  [o.n.k.i.DiagnosticsManager] UPGRADE_TRANSACTION_ID (Transaction id most recent upgrade was performed at): 1
2015-12-11 16:53:15.007+0000 INFO  [o.n.k.i.DiagnosticsManager] UPGRADE_TIME (Time of last upgrade): 1449852794678
2015-12-11 16:53:15.007+0000 INFO  [o.n.k.i.DiagnosticsManager] LAST_TRANSACTION_CHECKSUM (Checksum of last committed transaction): 0
2015-12-11 16:53:15.007+0000 INFO  [o.n.k.i.DiagnosticsManager] UPGRADE_TRANSACTION_CHECKSUM (Checksum of transaction id the most recent upgrade was performed at): 0
2015-12-11 16:53:15.022+0000 INFO  [o.n.k.i.DiagnosticsManager] LAST_CLOSED_TRANSACTION_LOG_VERSION (Log version where the last transaction commit entry has been written into): 0
2015-12-11 16:53:15.022+0000 INFO  [o.n.k.i.DiagnosticsManager] LAST_CLOSED_TRANSACTION_LOG_BYTE_OFFSET (Byte offset in the log file where the last transaction commit entry has been written into): 16
2015-12-11 16:53:15.022+0000 INFO  [o.n.k.i.DiagnosticsManager] --- STARTED diagnostics for NEO_STORE_RECORDS END ---
2015-12-11 16:53:15.022+0000 INFO  [o.n.k.i.DiagnosticsManager] --- STARTED diagnostics for TRANSACTION_RANGE START ---
2015-12-11 16:53:15.022+0000 INFO  [o.n.k.i.DiagnosticsManager] Transaction log:
2015-12-11 16:53:15.022+0000 INFO  [o.n.k.i.DiagnosticsManager] No transactions found in any log
2015-12-11 16:53:15.038+0000 INFO  [o.n.k.i.DiagnosticsManager] --- STARTED diagnostics for TRANSACTION_RANGE END ---
2015-12-11 16:53:15.038+0000 INFO  [o.n.k.i.DiagnosticsManager] --- STARTED diagnostics for KernelDiagnostics:StoreFiles START ---
2015-12-11 16:53:15.038+0000 INFO  [o.n.k.i.DiagnosticsManager] Disk space on partition (Total / Free / Free %): 499738734592 / 397994643456 / 79
Storage files: (filename : modification date - size)
2015-12-11 16:53:15.038+0000 INFO  [o.n.k.i.DiagnosticsManager]   dbms:
2015-12-11 16:53:15.038+0000 INFO  [o.n.k.i.DiagnosticsManager]     ssl:
2015-12-11 16:53:15.038+0000 INFO  [o.n.k.i.DiagnosticsManager]       snakeoil.cert: 2015-12-11T10:53:12-0600 - 630.00 B
2015-12-11 16:53:15.053+0000 INFO  [o.n.k.i.DiagnosticsManager]       snakeoil.key: 2015-12-11T10:53:12-0600 - 914.00 B
2015-12-11 16:53:15.053+0000 INFO  [o.n.k.i.DiagnosticsManager]     - Total: 2015-12-11T10:53:12-0600 - 1.51 kB
2015-12-11 16:53:15.053+0000 INFO  [o.n.k.i.DiagnosticsManager]   - Total: 2015-12-11T10:53:12-0600 - 1.51 kB
2015-12-11 16:53:15.053+0000 INFO  [o.n.k.i.DiagnosticsManager]   index:
2015-12-11 16:53:15.053+0000 INFO  [o.n.k.i.DiagnosticsManager]   - Total: 2015-12-11T10:53:14-0600 - 0.00 B
2015-12-11 16:53:15.069+0000 INFO  [o.n.k.i.DiagnosticsManager]   messages.log: 2015-12-11T10:53:15-0600 - 26.52 kB
2015-12-11 16:53:15.069+0000 INFO  [o.n.k.i.DiagnosticsManager]   neo4j.properties: 2015-12-11T10:53:11-0600 - 1.30 kB
2015-12-11 16:53:15.069+0000 INFO  [o.n.k.i.DiagnosticsManager]   neostore: 2015-12-11T10:53:14-0600 - 8.00 kB
2015-12-11 16:53:15.069+0000 INFO  [o.n.k.i.DiagnosticsManager]   neostore.counts.db.a: 2015-12-11T10:53:14-0600 - 96.00 B
2015-12-11 16:53:15.069+0000 INFO  [o.n.k.i.DiagnosticsManager]   neostore.id: 2015-12-11T10:53:14-0600 - 9.00 B
2015-12-11 16:53:15.069+0000 INFO  [o.n.k.i.DiagnosticsManager]   neostore.labeltokenstore.db: 2015-12-11T10:53:14-0600 - 0.00 B
2015-12-11 16:53:15.069+0000 INFO  [o.n.k.i.DiagnosticsManager]   neostore.labeltokenstore.db.id: 2015-12-11T10:53:14-0600 - 9.00 B
2015-12-11 16:53:15.085+0000 INFO  [o.n.k.i.DiagnosticsManager]   neostore.labeltokenstore.db.names: 2015-12-11T10:53:13-0600 - 8.00 kB
2015-12-11 16:53:15.085+0000 INFO  [o.n.k.i.DiagnosticsManager]   neostore.labeltokenstore.db.names.id: 2015-12-11T10:53:13-0600 - 9.00 B
2015-12-11 16:53:15.085+0000 INFO  [o.n.k.i.DiagnosticsManager]   neostore.nodestore.db: 2015-12-11T10:53:12-0600 - 0.00 B
2015-12-11 16:53:15.085+0000 INFO  [o.n.k.i.DiagnosticsManager]   neostore.nodestore.db.id: 2015-12-11T10:53:12-0600 - 9.00 B
2015-12-11 16:53:15.085+0000 INFO  [o.n.k.i.DiagnosticsManager]   neostore.nodestore.db.labels: 2015-12-11T10:53:12-0600 - 8.00 kB
2015-12-11 16:53:15.085+0000 INFO  [o.n.k.i.DiagnosticsManager]   neostore.nodestore.db.labels.id: 2015-12-11T10:53:12-0600 - 9.00 B
2015-12-11 16:53:15.100+0000 INFO  [o.n.k.i.DiagnosticsManager]   neostore.propertystore.db: 2015-12-11T10:53:13-0600 - 0.00 B
2015-12-11 16:53:15.100+0000 INFO  [o.n.k.i.DiagnosticsManager]   neostore.propertystore.db.arrays: 2015-12-11T10:53:13-0600 - 8.00 kB
2015-12-11 16:53:15.100+0000 INFO  [o.n.k.i.DiagnosticsManager]   neostore.propertystore.db.arrays.id: 2015-12-11T10:53:13-0600 - 9.00 B
2015-12-11 16:53:15.100+0000 INFO  [o.n.k.i.DiagnosticsManager]   neostore.propertystore.db.id: 2015-12-11T10:53:13-0600 - 9.00 B
2015-12-11 16:53:15.100+0000 INFO  [o.n.k.i.DiagnosticsManager]   neostore.propertystore.db.index: 2015-12-11T10:53:12-0600 - 0.00 B
2015-12-11 16:53:15.100+0000 INFO  [o.n.k.i.DiagnosticsManager]   neostore.propertystore.db.index.id: 2015-12-11T10:53:12-0600 - 9.00 B
2015-12-11 16:53:15.100+0000 INFO  [o.n.k.i.DiagnosticsManager]   neostore.propertystore.db.index.keys: 2015-12-11T10:53:12-0600 - 8.00 kB
2015-12-11 16:53:15.116+0000 INFO  [o.n.k.i.DiagnosticsManager]   neostore.propertystore.db.index.keys.id: 2015-12-11T10:53:12-0600 - 9.00 B
2015-12-11 16:53:15.116+0000 INFO  [o.n.k.i.DiagnosticsManager]   neostore.propertystore.db.strings: 2015-12-11T10:53:12-0600 - 8.00 kB
2015-12-11 16:53:15.116+0000 INFO  [o.n.k.i.DiagnosticsManager]   neostore.propertystore.db.strings.id: 2015-12-11T10:53:13-0600 - 9.00 B
2015-12-11 16:53:15.116+0000 INFO  [o.n.k.i.DiagnosticsManager]   neostore.relationshipgroupstore.db: 2015-12-11T10:53:14-0600 - 8.00 kB
2015-12-11 16:53:15.116+0000 INFO  [o.n.k.i.DiagnosticsManager]   neostore.relationshipgroupstore.db.id: 2015-12-11T10:53:14-0600 - 9.00 B
2015-12-11 16:53:15.116+0000 INFO  [o.n.k.i.DiagnosticsManager]   neostore.relationshipstore.db: 2015-12-11T10:53:13-0600 - 0.00 B
2015-12-11 16:53:15.132+0000 INFO  [o.n.k.i.DiagnosticsManager]   neostore.relationshipstore.db.id: 2015-12-11T10:53:13-0600 - 9.00 B
2015-12-11 16:53:15.132+0000 INFO  [o.n.k.i.DiagnosticsManager]   neostore.relationshiptypestore.db: 2015-12-11T10:53:13-0600 - 0.00 B
2015-12-11 16:53:15.132+0000 INFO  [o.n.k.i.DiagnosticsManager]   neostore.relationshiptypestore.db.id: 2015-12-11T10:53:13-0600 - 9.00 B
2015-12-11 16:53:15.132+0000 INFO  [o.n.k.i.DiagnosticsManager]   neostore.relationshiptypestore.db.names: 2015-12-11T10:53:13-0600 - 8.00 kB
2015-12-11 16:53:15.132+0000 INFO  [o.n.k.i.DiagnosticsManager]   neostore.relationshiptypestore.db.names.id: 2015-12-11T10:53:13-0600 - 9.00 B
2015-12-11 16:53:15.132+0000 INFO  [o.n.k.i.DiagnosticsManager]   neostore.schemastore.db: 2015-12-11T10:53:14-0600 - 8.00 kB
2015-12-11 16:53:15.147+0000 INFO  [o.n.k.i.DiagnosticsManager]   neostore.schemastore.db.id: 2015-12-11T10:53:14-0600 - 9.00 B
2015-12-11 16:53:15.147+0000 INFO  [o.n.k.i.DiagnosticsManager]   neostore.transaction.db.0: 2015-12-11T10:53:14-0600 - 16.00 B
2015-12-11 16:53:15.147+0000 INFO  [o.n.k.i.DiagnosticsManager]   schema:
2015-12-11 16:53:15.147+0000 INFO  [o.n.k.i.DiagnosticsManager]     label:
2015-12-11 16:53:15.147+0000 INFO  [o.n.k.i.DiagnosticsManager]       lucene:
2015-12-11 16:53:15.147+0000 INFO  [o.n.k.i.DiagnosticsManager]         write.lock: 2015-12-11T10:53:14-0600 - 0.00 B
2015-12-11 16:53:15.163+0000 INFO  [o.n.k.i.DiagnosticsManager]       - Total: 2015-12-11T10:53:14-0600 - 0.00 B
2015-12-11 16:53:15.163+0000 INFO  [o.n.k.i.DiagnosticsManager]     - Total: 2015-12-11T10:53:14-0600 - 0.00 B
2015-12-11 16:53:15.163+0000 INFO  [o.n.k.i.DiagnosticsManager]   - Total: 2015-12-11T10:53:14-0600 - 0.00 B
2015-12-11 16:53:15.163+0000 INFO  [o.n.k.i.DiagnosticsManager]   store_lock: 2015-12-11T10:53:12-0600 - 0.00 B
2015-12-11 16:53:15.163+0000 INFO  [o.n.k.i.DiagnosticsManager] --- STARTED diagnostics for KernelDiagnostics:StoreFiles END ---
2015-12-11 16:53:15.178+0000 INFO  [o.n.k.i.DiagnosticsManager] --- SERVER STARTED START ---
2015-12-11 16:53:15.850+0000 INFO  [o.n.k.i.DiagnosticsManager] --- SERVER STARTED END ---
2015-12-11 16:54:06.553+0000 WARN  [o.n.k.i.c.MonitorGc] GC Monitor: Application threads blocked for 502ms.
2015-12-11 16:58:15.269+0000 INFO  [o.n.k.i.t.l.c.CheckPointerImpl] Check Pointing triggered by scheduler for time threshold [5572]:  Starting check pointing...
2015-12-11 16:58:15.300+0000 INFO  [o.n.k.i.t.l.c.CheckPointerImpl] Check Pointing triggered by scheduler for time threshold [5572]:  Starting store flush...
2015-12-11 16:58:15.504+0000 INFO  [o.n.k.i.s.c.CountsTracker] About to rotate counts store at transaction 5575 to [C:\561\10000\10000D3\neostore.counts.db.b], from [C:\561\10000\10000D3\neostore.counts.db.a].
2015-12-11 16:58:15.519+0000 INFO  [o.n.k.i.s.c.CountsTracker] Successfully rotated counts store at transaction 5575 to [C:\561\10000\10000D3\neostore.counts.db.b], from [C:\561\10000\10000D3\neostore.counts.db.a].
2015-12-11 16:58:16.144+0000 INFO  [o.n.k.i.t.l.c.CheckPointerImpl] Check Pointing triggered by scheduler for time threshold [5572]:  Store flush completed
2015-12-11 16:58:16.144+0000 INFO  [o.n.k.i.t.l.c.CheckPointerImpl] Check Pointing triggered by scheduler for time threshold [5572]:  Starting appending check point entry into the tx log...
2015-12-11 16:58:16.191+0000 INFO  [o.n.k.i.t.l.c.CheckPointerImpl] Check Pointing triggered by scheduler for time threshold [5572]:  Appending check point entry into the tx log completed
2015-12-11 16:58:16.191+0000 INFO  [o.n.k.i.t.l.c.CheckPointerImpl] Check Pointing triggered by scheduler for time threshold [5572]:  Check pointing completed
2015-12-11 16:58:16.191+0000 INFO  [o.n.k.i.t.l.p.LogPruningImpl] Log Rotation [0]:  Starting log pruning.
2015-12-11 16:58:16.222+0000 INFO  [o.n.k.i.t.l.p.LogPruningImpl] Log Rotation [0]:  Log pruning complete.
2015-12-11 17:03:16.654+0000 INFO  [o.n.k.i.t.l.c.CheckPointerImpl] Check Pointing triggered by scheduler for time threshold [11788]:  Starting check pointing...
2015-12-11 17:03:16.654+0000 INFO  [o.n.k.i.t.l.c.CheckPointerImpl] Check Pointing triggered by scheduler for time threshold [11788]:  Starting store flush...
2015-12-11 17:03:16.857+0000 INFO  [o.n.k.i.s.c.CountsTracker] About to rotate counts store at transaction 11791 to [C:\561\10000\10000D3\neostore.counts.db.a], from [C:\561\10000\10000D3\neostore.counts.db.b].
2015-12-11 17:03:16.873+0000 INFO  [o.n.k.i.s.c.CountsTracker] Successfully rotated counts store at transaction 11791 to [C:\561\10000\10000D3\neostore.counts.db.a], from [C:\561\10000\10000D3\neostore.counts.db.b].
2015-12-11 17:03:17.436+0000 INFO  [o.n.k.i.t.l.c.CheckPointerImpl] Check Pointing triggered by scheduler for time threshold [11788]:  Store flush completed
2015-12-11 17:03:17.436+0000 INFO  [o.n.k.i.t.l.c.CheckPointerImpl] Check Pointing triggered by scheduler for time threshold [11788]:  Starting appending check point entry into the tx log...
2015-12-11 17:03:17.498+0000 INFO  [o.n.k.i.t.l.c.CheckPointerImpl] Check Pointing triggered by scheduler for time threshold [11788]:  Appending check point entry into the tx log completed
2015-12-11 17:03:17.498+0000 INFO  [o.n.k.i.t.l.c.CheckPointerImpl] Check Pointing triggered by scheduler for time threshold [11788]:  Check pointing completed
2015-12-11 17:03:17.514+0000 INFO  [o.n.k.i.t.l.p.LogPruningImpl] Log Rotation [0]:  Starting log pruning.
2015-12-11 17:03:17.514+0000 INFO  [o.n.k.i.t.l.p.LogPruningImpl] Log Rotation [0]:  Log pruning complete.
2015-12-11 17:08:18.002+0000 INFO  [o.n.k.i.t.l.c.CheckPointerImpl] Check Pointing triggered by scheduler for time threshold [17835]:  Starting check pointing...
2015-12-11 17:08:18.002+0000 INFO  [o.n.k.i.t.l.c.CheckPointerImpl] Check Pointing triggered by scheduler for time threshold [17835]:  Starting store flush...
2015-12-11 17:08:18.252+0000 INFO  [o.n.k.i.s.c.CountsTracker] About to rotate counts store at transaction 17839 to [C:\561\10000\10000D3\neostore.counts.db.b], from [C:\561\10000\10000D3\neostore.counts.db.a].
2015-12-11 17:08:18.252+0000 INFO  [o.n.k.i.s.c.CountsTracker] Successfully rotated counts store at transaction 17839 to [C:\561\10000\10000D3\neostore.counts.db.b], from [C:\561\10000\10000D3\neostore.counts.db.a].
2015-12-11 17:08:18.814+0000 INFO  [o.n.k.i.t.l.c.CheckPointerImpl] Check Pointing triggered by scheduler for time threshold [17835]:  Store flush completed
2015-12-11 17:08:18.830+0000 INFO  [o.n.k.i.t.l.c.CheckPointerImpl] Check Pointing triggered by scheduler for time threshold [17835]:  Starting appending check point entry into the tx log...
2015-12-11 17:08:18.861+0000 INFO  [o.n.k.i.t.l.c.CheckPointerImpl] Check Pointing triggered by scheduler for time threshold [17835]:  Appending check point entry into the tx log completed
2015-12-11 17:08:18.877+0000 INFO  [o.n.k.i.t.l.c.CheckPointerImpl] Check Pointing triggered by scheduler for time threshold [17835]:  Check pointing completed
2015-12-11 17:08:18.877+0000 INFO  [o.n.k.i.t.l.p.LogPruningImpl] Log Rotation [0]:  Starting log pruning.
2015-12-11 17:08:18.877+0000 INFO  [o.n.k.i.t.l.p.LogPruningImpl] Log Rotation [0]:  Log pruning complete.
2015-12-11 17:13:19.256+0000 INFO  [o.n.k.i.t.l.c.CheckPointerImpl] Check Pointing triggered by scheduler for time threshold [23471]:  Starting check pointing...
2015-12-11 17:13:19.256+0000 INFO  [o.n.k.i.t.l.c.CheckPointerImpl] Check Pointing triggered by scheduler for time threshold [23471]:  Starting store flush...
2015-12-11 17:13:19.428+0000 INFO  [o.n.k.i.s.c.CountsTracker] About to rotate counts store at transaction 23473 to [C:\561\10000\10000D3\neostore.counts.db.a], from [C:\561\10000\10000D3\neostore.counts.db.b].
2015-12-11 17:13:19.444+0000 INFO  [o.n.k.i.s.c.CountsTracker] Successfully rotated counts store at transaction 23473 to [C:\561\10000\10000D3\neostore.counts.db.a], from [C:\561\10000\10000D3\neostore.counts.db.b].
2015-12-11 17:13:19.865+0000 INFO  [o.n.k.i.t.l.c.CheckPointerImpl] Check Pointing triggered by scheduler for time threshold [23471]:  Store flush completed
2015-12-11 17:13:19.881+0000 INFO  [o.n.k.i.t.l.c.CheckPointerImpl] Check Pointing triggered by scheduler for time threshold [23471]:  Starting appending check point entry into the tx log...
2015-12-11 17:13:19.912+0000 INFO  [o.n.k.i.t.l.c.CheckPointerImpl] Check Pointing triggered by scheduler for time threshold [23471]:  Appending check point entry into the tx log completed
2015-12-11 17:13:19.928+0000 INFO  [o.n.k.i.t.l.c.CheckPointerImpl] Check Pointing triggered by scheduler for time threshold [23471]:  Check pointing completed
2015-12-11 17:13:19.928+0000 INFO  [o.n.k.i.t.l.p.LogPruningImpl] Log Rotation [0]:  Starting log pruning.
2015-12-11 17:13:19.928+0000 INFO  [o.n.k.i.t.l.p.LogPruningImpl] Log Rotation [0]:  Log pruning complete.
2015-12-11 17:18:20.309+0000 INFO  [o.n.k.i.t.l.c.CheckPointerImpl] Check Pointing triggered by scheduler for time threshold [28955]:  Starting check pointing...
2015-12-11 17:18:20.309+0000 INFO  [o.n.k.i.t.l.c.CheckPointerImpl] Check Pointing triggered by scheduler for time threshold [28955]:  Starting store flush...
2015-12-11 17:18:20.480+0000 INFO  [o.n.k.i.s.c.CountsTracker] About to rotate counts store at transaction 28957 to [C:\561\10000\10000D3\neostore.counts.db.b], from [C:\561\10000\10000D3\neostore.counts.db.a].
2015-12-11 17:18:20.496+0000 INFO  [o.n.k.i.s.c.CountsTracker] Successfully rotated counts store at transaction 28957 to [C:\561\10000\10000D3\neostore.counts.db.b], from [C:\561\10000\10000D3\neostore.counts.db.a].
2015-12-11 17:18:21.059+0000 INFO  [o.n.k.i.t.l.c.CheckPointerImpl] Check Pointing triggered by scheduler for time threshold [28955]:  Store flush completed
2015-12-11 17:18:21.059+0000 INFO  [o.n.k.i.t.l.c.CheckPointerImpl] Check Pointing triggered by scheduler for time threshold [28955]:  Starting appending check point entry into the tx log...
2015-12-11 17:18:21.105+0000 INFO  [o.n.k.i.t.l.c.CheckPointerImpl] Check Pointing triggered by scheduler for time threshold [28955]:  Appending check point entry into the tx log completed
2015-12-11 17:18:21.105+0000 INFO  [o.n.k.i.t.l.c.CheckPointerImpl] Check Pointing triggered by scheduler for time threshold [28955]:  Check pointing completed
2015-12-11 17:18:21.105+0000 INFO  [o.n.k.i.t.l.p.LogPruningImpl] Log Rotation [0]:  Starting log pruning.
2015-12-11 17:18:21.105+0000 INFO  [o.n.k.i.t.l.p.LogPruningImpl] Log Rotation [0]:  Log pruning complete.
2015-12-11 17:20:26.225+0000 INFO  [o.n.k.i.f.GraphDatabaseFacade] Shutdown started
2015-12-11 17:20:26.225+0000 INFO  [o.n.k.i.f.CommunityFacadeFactory] Database is now unavailable
2015-12-11 17:20:26.319+0000 INFO  [o.n.k.i.s.c.CountsTracker] About to rotate counts store at transaction 30111 to [C:\561\10000\10000D3\neostore.counts.db.a], from [C:\561\10000\10000D3\neostore.counts.db.b].
2015-12-11 17:20:26.334+0000 INFO  [o.n.k.i.s.c.CountsTracker] Successfully rotated counts store at transaction 30111 to [C:\561\10000\10000D3\neostore.counts.db.a], from [C:\561\10000\10000D3\neostore.counts.db.b].
2015-12-11 17:20:26.428+0000 INFO  [o.n.k.i.t.l.c.CheckPointerImpl] Check Pointing triggered by database shutdown [30111]:  Starting check pointing...
2015-12-11 17:20:26.428+0000 INFO  [o.n.k.i.t.l.c.CheckPointerImpl] Check Pointing triggered by database shutdown [30111]:  Starting store flush...
2015-12-11 17:20:26.444+0000 INFO  [o.n.k.i.t.l.c.CheckPointerImpl] Check Pointing triggered by database shutdown [30111]:  Store flush completed
2015-12-11 17:20:26.444+0000 INFO  [o.n.k.i.t.l.c.CheckPointerImpl] Check Pointing triggered by database shutdown [30111]:  Starting appending check point entry into the tx log...
2015-12-11 17:20:26.475+0000 INFO  [o.n.k.i.t.l.c.CheckPointerImpl] Check Pointing triggered by database shutdown [30111]:  Appending check point entry into the tx log completed
2015-12-11 17:20:26.475+0000 INFO  [o.n.k.i.t.l.c.CheckPointerImpl] Check Pointing triggered by database shutdown [30111]:  Check pointing completed
2015-12-11 17:20:26.491+0000 INFO  [o.n.k.i.t.l.p.LogPruningImpl] Log Rotation [0]:  Starting log pruning.
2015-12-11 17:20:26.491+0000 INFO  [o.n.k.i.t.l.p.LogPruningImpl] Log Rotation [0]:  Log pruning complete.
2015-12-11 17:20:27.850+0000 INFO  [o.n.k.NeoStoreDataSource] NeoStores closed
2015-12-11 17:20:27.850+0000 INFO  [o.n.k.i.DiagnosticsManager] --- STOPPING diagnostics START ---
2015-12-11 17:20:27.850+0000 INFO  [o.n.k.i.DiagnosticsManager] --- STOPPING diagnostics END ---
2015-12-11 21:53:14.163+0000 INFO  [o.n.k.i.f.CommunityFacadeFactory] No locking implementation specified, defaulting to 'community'
2015-12-11 21:53:14.167+0000 INFO  [o.n.k.AvailabilityGuard] Requirement makes database unavailable: Database available
2015-12-11 21:53:14.170+0000 INFO  [o.n.k.i.DiagnosticsManager] --- INITIALIZED diagnostics START ---
2015-12-11 21:53:14.170+0000 INFO  [o.n.k.i.DiagnosticsManager] Neo4j Kernel properties:
2015-12-11 21:53:14.170+0000 INFO  [o.n.k.i.DiagnosticsManager] org.neo4j.server.db.tuning.properties=C:\561\10000\10000D3\neo4j.properties
2015-12-11 21:53:14.170+0000 INFO  [o.n.k.i.DiagnosticsManager] org.neo4j.server.database.location=C:\561\10000\10000D3
2015-12-11 21:53:14.170+0000 INFO  [o.n.k.i.DiagnosticsManager] dbms.querylog.filename=data/log/queries.log
2015-12-11 21:53:14.170+0000 INFO  [o.n.k.i.DiagnosticsManager] dbms.security.auth_store.location=C:\561\10000\10000D3\.\dbms\auth
2015-12-11 21:53:14.170+0000 INFO  [o.n.k.i.DiagnosticsManager] dbms.security.tls_certificate_file=C:\561\10000\10000D3\.\dbms\ssl\snakeoil.cert
2015-12-11 21:53:14.170+0000 INFO  [o.n.k.i.DiagnosticsManager] remote_shell_enabled=true
2015-12-11 21:53:14.170+0000 INFO  [o.n.k.i.DiagnosticsManager] edition=Community
2015-12-11 21:53:14.170+0000 INFO  [o.n.k.i.DiagnosticsManager] dbms.security.tls_key_file=C:\561\10000\10000D3\.\dbms\ssl\snakeoil.key
2015-12-11 21:53:14.170+0000 INFO  [o.n.k.i.DiagnosticsManager] Diagnostics providers:
2015-12-11 21:53:14.170+0000 INFO  [o.n.k.i.DiagnosticsManager] org.neo4j.kernel.configuration.Config
2015-12-11 21:53:14.170+0000 INFO  [o.n.k.i.DiagnosticsManager] org.neo4j.kernel.info.DiagnosticsManager
2015-12-11 21:53:14.170+0000 INFO  [o.n.k.i.DiagnosticsManager] SYSTEM_MEMORY
2015-12-11 21:53:14.170+0000 INFO  [o.n.k.i.DiagnosticsManager] JAVA_MEMORY
2015-12-11 21:53:14.170+0000 INFO  [o.n.k.i.DiagnosticsManager] OPERATING_SYSTEM
2015-12-11 21:53:14.170+0000 INFO  [o.n.k.i.DiagnosticsManager] JAVA_VIRTUAL_MACHINE
2015-12-11 21:53:14.170+0000 INFO  [o.n.k.i.DiagnosticsManager] CLASSPATH
2015-12-11 21:53:14.170+0000 INFO  [o.n.k.i.DiagnosticsManager] LIBRARY_PATH
2015-12-11 21:53:14.170+0000 INFO  [o.n.k.i.DiagnosticsManager] SYSTEM_PROPERTIES
2015-12-11 21:53:14.170+0000 INFO  [o.n.k.i.DiagnosticsManager] NETWORK
2015-12-11 21:53:14.170+0000 INFO  [o.n.k.i.DiagnosticsManager] System memory information:
2015-12-11 21:53:14.170+0000 INFO  [o.n.k.i.DiagnosticsManager] Total Physical memory: 3.93 GB
2015-12-11 21:53:14.170+0000 INFO  [o.n.k.i.DiagnosticsManager] Free Physical memory: 1.93 GB
2015-12-11 21:53:14.170+0000 INFO  [o.n.k.i.DiagnosticsManager] Committed virtual memory: 360.81 MB
2015-12-11 21:53:14.170+0000 INFO  [o.n.k.i.DiagnosticsManager] Total swap space: 5.66 GB
2015-12-11 21:53:14.170+0000 INFO  [o.n.k.i.DiagnosticsManager] Free swap space: 2.80 GB
2015-12-11 21:53:14.170+0000 INFO  [o.n.k.i.DiagnosticsManager] JVM memory information:
2015-12-11 21:53:14.170+0000 INFO  [o.n.k.i.DiagnosticsManager] Free  memory: 45.30 MB
2015-12-11 21:53:14.171+0000 INFO  [o.n.k.i.DiagnosticsManager] Total memory: 97.00 MB
2015-12-11 21:53:14.171+0000 INFO  [o.n.k.i.DiagnosticsManager] Max   memory: 894.50 MB
2015-12-11 21:53:14.171+0000 INFO  [o.n.k.i.DiagnosticsManager] Garbage Collector: PS Scavenge: [PS Eden Space, PS Survivor Space]
2015-12-11 21:53:14.171+0000 INFO  [o.n.k.i.DiagnosticsManager] Garbage Collector: PS MarkSweep: [PS Eden Space, PS Survivor Space, PS Old Gen, PS Perm Gen]
2015-12-11 21:53:14.171+0000 INFO  [o.n.k.i.DiagnosticsManager] Memory Pool: Code Cache (Non-heap memory): committed=11.44 MB, used=11.19 MB, max=48.00 MB, threshold=0.00 B
2015-12-11 21:53:14.171+0000 INFO  [o.n.k.i.DiagnosticsManager] Memory Pool: PS Eden Space (Heap memory): committed=42.50 MB, used=6.68 MB, max=332.00 MB, threshold=?
2015-12-11 21:53:14.171+0000 INFO  [o.n.k.i.DiagnosticsManager] Memory Pool: PS Survivor Space (Heap memory): committed=1.00 MB, used=1019.18 kB, max=1.00 MB, threshold=?
2015-12-11 21:53:14.171+0000 INFO  [o.n.k.i.DiagnosticsManager] Memory Pool: PS Old Gen (Heap memory): committed=53.50 MB, used=44.02 MB, max=670.50 MB, threshold=0.00 B
2015-12-11 21:53:14.171+0000 INFO  [o.n.k.i.DiagnosticsManager] Memory Pool: PS Perm Gen (Non-heap memory): committed=65.50 MB, used=64.95 MB, max=82.00 MB, threshold=0.00 B
2015-12-11 21:53:14.171+0000 INFO  [o.n.k.i.DiagnosticsManager] Operating system information:
2015-12-11 21:53:14.171+0000 INFO  [o.n.k.i.DiagnosticsManager] Operating System: Windows 8.1; version: 6.3; arch: amd64; cpus: 8
2015-12-11 21:53:14.172+0000 INFO  [o.n.k.i.DiagnosticsManager] Process id: 5816@ATAN-B03-02
2015-12-11 21:53:14.172+0000 INFO  [o.n.k.i.DiagnosticsManager] Byte order: LITTLE_ENDIAN
2015-12-11 21:53:14.172+0000 INFO  [o.n.k.i.DiagnosticsManager] Local timezone: America/Chicago
2015-12-11 21:53:14.172+0000 INFO  [o.n.k.i.DiagnosticsManager] JVM information:
2015-12-11 21:53:14.172+0000 INFO  [o.n.k.i.DiagnosticsManager] VM Name: Java HotSpot(TM) 64-Bit Server VM
2015-12-11 21:53:14.172+0000 INFO  [o.n.k.i.DiagnosticsManager] VM Vendor: Oracle Corporation
2015-12-11 21:53:14.172+0000 INFO  [o.n.k.i.DiagnosticsManager] VM Version: 24.80-b11
2015-12-11 21:53:14.172+0000 INFO  [o.n.k.i.DiagnosticsManager] JIT compiler: HotSpot 64-Bit Tiered Compilers
2015-12-11 21:53:14.172+0000 INFO  [o.n.k.i.DiagnosticsManager] VM Arguments: [-Dexe4j.semaphoreName=Local\c:_program_files_neo4j_ce_2.3.1_bin_neo4j-ce.exe, -Dexe4j.isInstall4j=true, -Dexe4j.moduleName=C:\Program Files\Neo4j CE 2.3.1\bin\neo4j-ce.exe, -Dexe4j.tempDir=, -Dexe4j.unextractedPosition=0, -Djava.library.path=C:\Program Files (x86)\AMD APP\bin\x86_64;C:\Program Files (x86)\AMD APP\bin\x86;C:\ProgramData\Oracle\Java\javapath;C:\Windows\system32;C:\Windows;C:\Windows\System32\Wbem;C:\Windows\System32\WindowsPowerShell\v1.0\;C:\Program Files (x86)\MiKTeX 2.9\miktex\bin\;C:\Program Files\TortoiseSVN\bin;C:\Windows\system32\config\systemprofile\.dnx\bin;C:\Program Files\Microsoft DNX\Dnvm\;C:\Program Files\MATLAB\R2015b\runtime\win64;C:\Program Files\MATLAB\R2015b\bin;C:\Program Files (x86)\ATI Technologies\ATI.ACE\Core-Static;c:\program files\neo4j ce 2.3.1\jre\bin, -Dexe4j.consoleCodepage=cp0, -Dinstall4j.launcherId=24, -Dinstall4j.swt=false]
2015-12-11 21:53:14.172+0000 INFO  [o.n.k.i.DiagnosticsManager] Java classpath:
2015-12-11 21:53:14.174+0000 INFO  [o.n.k.i.DiagnosticsManager]  [loader.1] file:/C:/Program%20Files/Neo4j%20CE%202.3.1/jre/lib/ext/dnsns.jar
2015-12-11 21:53:14.174+0000 INFO  [o.n.k.i.DiagnosticsManager]  [loader.0] file:/C:/Program%20Files/Neo4j%20CE%202.3.1/bin/
2015-12-11 21:53:14.174+0000 INFO  [o.n.k.i.DiagnosticsManager]  [bootstrap] C:\Program Files\Neo4j CE 2.3.1\jre\lib\resources.jar
2015-12-11 21:53:14.174+0000 INFO  [o.n.k.i.DiagnosticsManager]  [bootstrap] C:\Program Files\Neo4j CE 2.3.1\jre\lib\jfr.jar
2015-12-11 21:53:14.174+0000 INFO  [o.n.k.i.DiagnosticsManager]  [classpath] C:\Program Files\Neo4j CE 2.3.1\.install4j\i4jruntime.jar
2015-12-11 21:53:14.174+0000 INFO  [o.n.k.i.DiagnosticsManager]  [loader.1] file:/C:/Program%20Files/Neo4j%20CE%202.3.1/jre/lib/ext/sunmscapi.jar
2015-12-11 21:53:14.174+0000 INFO  [o.n.k.i.DiagnosticsManager]  [bootstrap] C:\Program Files\Neo4j CE 2.3.1\jre\lib\jsse.jar
2015-12-11 21:53:14.174+0000 INFO  [o.n.k.i.DiagnosticsManager]  [loader.1] file:/C:/Program%20Files/Neo4j%20CE%202.3.1/jre/lib/ext/dns_sd.jar
2015-12-11 21:53:14.174+0000 INFO  [o.n.k.i.DiagnosticsManager]  [loader.0] file:/C:/Program%20Files/Neo4j%20CE%202.3.1/.install4j/i4jruntime.jar
2015-12-11 21:53:14.174+0000 INFO  [o.n.k.i.DiagnosticsManager]  [loader.0] file:/C:/Program%20Files/Neo4j%20CE%202.3.1/bin/neo4j-desktop-2.3.1.jar
2015-12-11 21:53:14.174+0000 INFO  [o.n.k.i.DiagnosticsManager]  [loader.1] file:/C:/Program%20Files/Neo4j%20CE%202.3.1/jre/lib/ext/access-bridge-64.jar
2015-12-11 21:53:14.174+0000 INFO  [o.n.k.i.DiagnosticsManager]  [loader.1] file:/C:/Program%20Files/Neo4j%20CE%202.3.1/jre/lib/ext/localedata.jar
2015-12-11 21:53:14.174+0000 INFO  [o.n.k.i.DiagnosticsManager]  [bootstrap] C:\Program Files\Neo4j CE 2.3.1\jre\lib\sunrsasign.jar
2015-12-11 21:53:14.174+0000 INFO  [o.n.k.i.DiagnosticsManager]  [bootstrap] C:\Program Files\Neo4j CE 2.3.1\jre\lib\jce.jar
2015-12-11 21:53:14.174+0000 INFO  [o.n.k.i.DiagnosticsManager]  [bootstrap] C:\Program Files\Neo4j CE 2.3.1\jre\lib\rt.jar
2015-12-11 21:53:14.174+0000 INFO  [o.n.k.i.DiagnosticsManager]  [bootstrap] C:\Program Files\Neo4j CE 2.3.1\jre\lib\charsets.jar
2015-12-11 21:53:14.174+0000 INFO  [o.n.k.i.DiagnosticsManager]  [loader.1] file:/C:/Program%20Files/Neo4j%20CE%202.3.1/jre/lib/ext/sunjce_provider.jar
2015-12-11 21:53:14.174+0000 INFO  [o.n.k.i.DiagnosticsManager]  [bootstrap] C:\Program Files\Neo4j CE 2.3.1\jre\classes
2015-12-11 21:53:14.174+0000 INFO  [o.n.k.i.DiagnosticsManager]  [loader.1] file:/C:/Program%20Files/Neo4j%20CE%202.3.1/jre/lib/ext/zipfs.jar
2015-12-11 21:53:14.174+0000 INFO  [o.n.k.i.DiagnosticsManager]  [loader.1] file:/C:/Program%20Files/Neo4j%20CE%202.3.1/jre/lib/ext/jaccess.jar
2015-12-11 21:53:14.174+0000 INFO  [o.n.k.i.DiagnosticsManager]  [loader.1] file:/C:/Program%20Files/Neo4j%20CE%202.3.1/jre/lib/ext/sunec.jar
2015-12-11 21:53:14.174+0000 INFO  [o.n.k.i.DiagnosticsManager]  [classpath] C:\Program Files\Neo4j CE 2.3.1\bin\neo4j-desktop-2.3.1.jar
2015-12-11 21:53:14.174+0000 INFO  [o.n.k.i.DiagnosticsManager] Library path:
2015-12-11 21:53:14.174+0000 INFO  [o.n.k.i.DiagnosticsManager] C:\Program Files (x86)\AMD APP\bin\x86_64
2015-12-11 21:53:14.174+0000 INFO  [o.n.k.i.DiagnosticsManager] C:\Program Files (x86)\AMD APP\bin\x86
2015-12-11 21:53:14.174+0000 INFO  [o.n.k.i.DiagnosticsManager] C:\ProgramData\Oracle\Java\javapath
2015-12-11 21:53:14.175+0000 INFO  [o.n.k.i.DiagnosticsManager] C:\Windows\System32
2015-12-11 21:53:14.175+0000 INFO  [o.n.k.i.DiagnosticsManager] C:\Windows
2015-12-11 21:53:14.175+0000 INFO  [o.n.k.i.DiagnosticsManager] C:\Windows\System32\wbem
2015-12-11 21:53:14.175+0000 INFO  [o.n.k.i.DiagnosticsManager] C:\Windows\System32\WindowsPowerShell\v1.0
2015-12-11 21:53:14.175+0000 INFO  [o.n.k.i.DiagnosticsManager] C:\Program Files (x86)\MiKTeX 2.9\miktex\bin
2015-12-11 21:53:14.175+0000 INFO  [o.n.k.i.DiagnosticsManager] C:\Program Files\TortoiseSVN\bin
2015-12-11 21:53:14.176+0000 INFO  [o.n.k.i.DiagnosticsManager] C:\Windows\System32\config\systemprofile\.dnx\bin
2015-12-11 21:53:14.176+0000 INFO  [o.n.k.i.DiagnosticsManager] C:\Program Files\Microsoft DNX\Dnvm
2015-12-11 21:53:14.176+0000 INFO  [o.n.k.i.DiagnosticsManager] C:\Program Files\MATLAB\R2015b\runtime\win64
2015-12-11 21:53:14.176+0000 INFO  [o.n.k.i.DiagnosticsManager] C:\Program Files\MATLAB\R2015b\bin
2015-12-11 21:53:14.176+0000 INFO  [o.n.k.i.DiagnosticsManager] C:\Program Files (x86)\ATI Technologies\ATI.ACE\Core-Static
2015-12-11 21:53:14.176+0000 INFO  [o.n.k.i.DiagnosticsManager] C:\Program Files\Neo4j CE 2.3.1\jre\bin
2015-12-11 21:53:14.176+0000 INFO  [o.n.k.i.DiagnosticsManager] System.properties:
2015-12-11 21:53:14.176+0000 INFO  [o.n.k.i.DiagnosticsManager] exe4j.moduleName = C:\Program Files\Neo4j CE 2.3.1\bin\neo4j-ce.exe
2015-12-11 21:53:14.176+0000 INFO  [o.n.k.i.DiagnosticsManager] exe4j.semaphoreName = Local\c:_program_files_neo4j_ce_2.3.1_bin_neo4j-ce.exe
2015-12-11 21:53:14.176+0000 INFO  [o.n.k.i.DiagnosticsManager] sun.boot.library.path = c:\program files\neo4j ce 2.3.1\jre\bin
2015-12-11 21:53:14.176+0000 INFO  [o.n.k.i.DiagnosticsManager] exe4j.consoleCodepage = cp0
2015-12-11 21:53:14.177+0000 INFO  [o.n.k.i.DiagnosticsManager] path.separator = ;
2015-12-11 21:53:14.177+0000 INFO  [o.n.k.i.DiagnosticsManager] file.encoding.pkg = sun.io
2015-12-11 21:53:14.177+0000 INFO  [o.n.k.i.DiagnosticsManager] user.country = US
2015-12-11 21:53:14.177+0000 INFO  [o.n.k.i.DiagnosticsManager] user.script = 
2015-12-11 21:53:14.177+0000 INFO  [o.n.k.i.DiagnosticsManager] sun.os.patch.level = 
2015-12-11 21:53:14.177+0000 INFO  [o.n.k.i.DiagnosticsManager] install4j.exeDir = C:\Program Files\Neo4j CE 2.3.1\bin\
2015-12-11 21:53:14.177+0000 INFO  [o.n.k.i.DiagnosticsManager] user.dir = C:\Program Files\Neo4j CE 2.3.1\bin
2015-12-11 21:53:14.177+0000 INFO  [o.n.k.i.DiagnosticsManager] neo4j.ext.udc.source = desktop
2015-12-11 21:53:14.177+0000 INFO  [o.n.k.i.DiagnosticsManager] user.variant = 
2015-12-11 21:53:14.177+0000 INFO  [o.n.k.i.DiagnosticsManager] exe4j.tempDir = 
2015-12-11 21:53:14.177+0000 INFO  [o.n.k.i.DiagnosticsManager] sun.jnu.encoding = Cp1252
2015-12-11 21:53:14.177+0000 INFO  [o.n.k.i.DiagnosticsManager] sun.awt.enableExtraMouseButtons = true
2015-12-11 21:53:14.177+0000 INFO  [o.n.k.i.DiagnosticsManager] install4j.launcherId = 24
2015-12-11 21:53:14.177+0000 INFO  [o.n.k.i.DiagnosticsManager] sun.management.compiler = HotSpot 64-Bit Tiered Compilers
2015-12-11 21:53:14.177+0000 INFO  [o.n.k.i.DiagnosticsManager] exe4j.isInstall4j = true
2015-12-11 21:53:14.177+0000 INFO  [o.n.k.i.DiagnosticsManager] install4j.swt = false
2015-12-11 21:53:14.177+0000 INFO  [o.n.k.i.DiagnosticsManager] user.home = C:\Users\cez
2015-12-11 21:53:14.177+0000 INFO  [o.n.k.i.DiagnosticsManager] user.timezone = America/Chicago
2015-12-11 21:53:14.177+0000 INFO  [o.n.k.i.DiagnosticsManager] file.encoding = Cp1252
2015-12-11 21:53:14.177+0000 INFO  [o.n.k.i.DiagnosticsManager] user.name = cez
2015-12-11 21:53:14.177+0000 INFO  [o.n.k.i.DiagnosticsManager] sun.java.command = C:\Program Files\Neo4j CE 2.3.1\bin\neo4j-ce.exe
2015-12-11 21:53:14.177+0000 INFO  [o.n.k.i.DiagnosticsManager] sun.arch.data.model = 64
2015-12-11 21:53:14.177+0000 INFO  [o.n.k.i.DiagnosticsManager] exe4j.launchName = C:\Program Files\Neo4j CE 2.3.1\bin\neo4j-ce.exe
2015-12-11 21:53:14.177+0000 INFO  [o.n.k.i.DiagnosticsManager] user.language = en
2015-12-11 21:53:14.177+0000 INFO  [o.n.k.i.DiagnosticsManager] awt.toolkit = sun.awt.windows.WToolkit
2015-12-11 21:53:14.177+0000 INFO  [o.n.k.i.DiagnosticsManager] exe4j.unextractedPosition = 0
2015-12-11 21:53:14.177+0000 INFO  [o.n.k.i.DiagnosticsManager] install4j.appDir = C:\Program Files\Neo4j CE 2.3.1\
2015-12-11 21:53:14.177+0000 INFO  [o.n.k.i.DiagnosticsManager] file.separator = \
2015-12-11 21:53:14.177+0000 INFO  [o.n.k.i.DiagnosticsManager] sun.io.unicode.encoding = UnicodeLittle
2015-12-11 21:53:14.177+0000 INFO  [o.n.k.i.DiagnosticsManager] sun.cpu.endian = little
2015-12-11 21:53:14.177+0000 INFO  [o.n.k.i.DiagnosticsManager] sun.desktop = windows
2015-12-11 21:53:14.177+0000 INFO  [o.n.k.i.DiagnosticsManager] sun.cpu.isalist = amd64
2015-12-11 21:53:14.177+0000 INFO  [o.n.k.i.DiagnosticsManager] Network information:
2015-12-11 21:53:14.190+0000 INFO  [o.n.k.i.DiagnosticsManager] Interface Software Loopback Interface 1:
2015-12-11 21:53:14.190+0000 INFO  [o.n.k.i.DiagnosticsManager]     address: 127.0.0.1
2015-12-11 21:53:14.190+0000 INFO  [o.n.k.i.DiagnosticsManager]     address: 0:0:0:0:0:0:0:1
2015-12-11 21:53:14.190+0000 INFO  [o.n.k.i.DiagnosticsManager] Interface Microsoft Kernel Debug Network Adapter:
2015-12-11 21:53:14.190+0000 INFO  [o.n.k.i.DiagnosticsManager] Interface Intel(R) 82578DM Gigabit Network Connection:
2015-12-11 21:53:14.190+0000 INFO  [o.n.k.i.DiagnosticsManager]     address: 10.24.47.166
2015-12-11 21:53:14.190+0000 INFO  [o.n.k.i.DiagnosticsManager]     address: 2610:130:101:d00:4493:c16:efa9:8b55
2015-12-11 21:53:14.190+0000 INFO  [o.n.k.i.DiagnosticsManager]     address: 2610:130:101:d00:920:e15d:79eb:345b
2015-12-11 21:53:14.190+0000 INFO  [o.n.k.i.DiagnosticsManager]     address: 2610:130:101:d00:a502:b02c:1a2d:577b
2015-12-11 21:53:14.190+0000 INFO  [o.n.k.i.DiagnosticsManager]     address: 2610:130:101:d00:dde0:9cf:9f51:157b
2015-12-11 21:53:14.190+0000 INFO  [o.n.k.i.DiagnosticsManager]     address: fe80:0:0:0:4493:c16:efa9:8b55%3
2015-12-11 21:53:14.190+0000 INFO  [o.n.k.i.DiagnosticsManager] Interface Microsoft ISATAP Adapter:
2015-12-11 21:53:14.190+0000 INFO  [o.n.k.i.DiagnosticsManager]     address: fe80:0:0:0:0:5efe:c0a8:3801%4
2015-12-11 21:53:14.190+0000 INFO  [o.n.k.i.DiagnosticsManager] Interface Teredo Tunneling Pseudo-Interface:
2015-12-11 21:53:14.190+0000 INFO  [o.n.k.i.DiagnosticsManager] Interface Microsoft ISATAP Adapter #2:
2015-12-11 21:53:14.190+0000 INFO  [o.n.k.i.DiagnosticsManager]     address: fe80:0:0:0:0:5efe:a18:2fa6%6
2015-12-11 21:53:14.190+0000 INFO  [o.n.k.i.DiagnosticsManager] Interface VirtualBox Host-Only Ethernet Adapter:
2015-12-11 21:53:14.190+0000 INFO  [o.n.k.i.DiagnosticsManager]     address: 192.168.56.1
2015-12-11 21:53:14.190+0000 INFO  [o.n.k.i.DiagnosticsManager]     address: fe80:0:0:0:4133:2d33:29c2:6efa%7
2015-12-11 21:53:14.190+0000 INFO  [o.n.k.i.DiagnosticsManager] Interface Microsoft ISATAP Adapter #3:
2015-12-11 21:53:14.190+0000 INFO  [o.n.k.i.DiagnosticsManager] Interface VirtualBox Host-Only Ethernet Adapter-WFP Native MAC Layer LightWeight Filter-0000:
2015-12-11 21:53:14.190+0000 INFO  [o.n.k.i.DiagnosticsManager] Interface VirtualBox Host-Only Ethernet Adapter-VirtualBox NDIS Light-Weight Filter-0000:
2015-12-11 21:53:14.190+0000 INFO  [o.n.k.i.DiagnosticsManager] Interface VirtualBox Host-Only Ethernet Adapter-QoS Packet Scheduler-0000:
2015-12-11 21:53:14.190+0000 INFO  [o.n.k.i.DiagnosticsManager] Interface VirtualBox Host-Only Ethernet Adapter-WFP 802.3 MAC Layer LightWeight Filter-0000:
2015-12-11 21:53:14.190+0000 INFO  [o.n.k.i.DiagnosticsManager] Interface Intel(R) 82578DM Gigabit Network Connection-WFP Native MAC Layer LightWeight Filter-0000:
2015-12-11 21:53:14.191+0000 INFO  [o.n.k.i.DiagnosticsManager] Interface Intel(R) 82578DM Gigabit Network Connection-VirtualBox NDIS Light-Weight Filter-0000:
2015-12-11 21:53:14.191+0000 INFO  [o.n.k.i.DiagnosticsManager] Interface Intel(R) 82578DM Gigabit Network Connection-QoS Packet Scheduler-0000:
2015-12-11 21:53:14.191+0000 INFO  [o.n.k.i.DiagnosticsManager] Interface Intel(R) 82578DM Gigabit Network Connection-WFP 802.3 MAC Layer LightWeight Filter-0000:
2015-12-11 21:53:14.191+0000 INFO  [o.n.k.i.DiagnosticsManager] --- INITIALIZED diagnostics END ---
2015-12-11 21:53:15.033+0000 INFO  [o.n.k.KernelHealth] Kernel health set to OK
2015-12-11 21:53:15.041+0000 INFO  [o.n.k.AvailabilityGuard] Fulfilling of requirement makes database available: Database available
2015-12-11 21:53:15.043+0000 INFO  [o.n.k.i.f.CommunityFacadeFactory] Database is now ready
2015-12-11 21:53:15.045+0000 INFO  [o.n.k.i.DiagnosticsManager] --- STARTED diagnostics for KernelDiagnostics:Versions START ---
2015-12-11 21:53:15.048+0000 INFO  [o.n.k.i.DiagnosticsManager] Graph Database: Community StoreId{creationTime=1449852794678, randomId=4463350291439819481, storeVersion=15250506225055238, upgradeTime=1449852794678, upgradeId=1}
2015-12-11 21:53:15.050+0000 INFO  [o.n.k.i.DiagnosticsManager] Kernel version: 2.3.1
2015-12-11 21:53:15.052+0000 INFO  [o.n.k.i.DiagnosticsManager] --- STARTED diagnostics for KernelDiagnostics:Versions END ---
2015-12-11 21:53:15.055+0000 INFO  [o.n.k.i.DiagnosticsManager] --- STARTED diagnostics for NEO_STORE_VERSIONS START ---
2015-12-11 21:53:15.057+0000 INFO  [o.n.k.i.DiagnosticsManager] Store versions:
2015-12-11 21:53:15.059+0000 INFO  [o.n.k.i.DiagnosticsManager] Store versions:
2015-12-11 21:53:15.061+0000 INFO  [o.n.k.i.DiagnosticsManager] ArrayPropertyStore v0.A.6
2015-12-11 21:53:15.063+0000 INFO  [o.n.k.i.DiagnosticsManager] NodeStore v0.A.6
2015-12-11 21:53:15.066+0000 INFO  [o.n.k.i.DiagnosticsManager] StringPropertyStore v0.A.6
2015-12-11 21:53:15.068+0000 INFO  [o.n.k.i.DiagnosticsManager] PropertyIndexStore v0.A.6
2015-12-11 21:53:15.070+0000 INFO  [o.n.k.i.DiagnosticsManager] StringPropertyStore v0.A.6
2015-12-11 21:53:15.072+0000 INFO  [o.n.k.i.DiagnosticsManager] ArrayPropertyStore v0.A.6
2015-12-11 21:53:15.075+0000 INFO  [o.n.k.i.DiagnosticsManager] PropertyStore v0.A.6
2015-12-11 21:53:15.077+0000 INFO  [o.n.k.i.DiagnosticsManager] RelationshipStore v0.A.6
2015-12-11 21:53:15.079+0000 INFO  [o.n.k.i.DiagnosticsManager] StringPropertyStore v0.A.6
2015-12-11 21:53:15.081+0000 INFO  [o.n.k.i.DiagnosticsManager] RelationshipTypeStore v0.A.6
2015-12-11 21:53:15.083+0000 INFO  [o.n.k.i.DiagnosticsManager] StringPropertyStore v0.A.6
2015-12-11 21:53:15.085+0000 INFO  [o.n.k.i.DiagnosticsManager] LabelTokenStore v0.A.6
2015-12-11 21:53:15.088+0000 INFO  [o.n.k.i.DiagnosticsManager] SchemaStore v0.A.6
2015-12-11 21:53:15.090+0000 INFO  [o.n.k.i.DiagnosticsManager] RelationshipGroupStore v0.A.6
2015-12-11 21:53:15.092+0000 INFO  [o.n.k.i.DiagnosticsManager] NeoStore v0.A.6
2015-12-11 21:53:15.094+0000 INFO  [o.n.k.i.DiagnosticsManager] --- STARTED diagnostics for NEO_STORE_VERSIONS END ---
2015-12-11 21:53:15.096+0000 INFO  [o.n.k.i.DiagnosticsManager] --- STARTED diagnostics for NEO_STORE_ID_USAGE START ---
2015-12-11 21:53:15.099+0000 INFO  [o.n.k.i.DiagnosticsManager] Id usage:
2015-12-11 21:53:15.101+0000 INFO  [o.n.k.i.DiagnosticsManager] Id usage:
2015-12-11 21:53:15.103+0000 INFO  [o.n.k.i.DiagnosticsManager]   ArrayPropertyStore v0.A.6: used=1 high=0
2015-12-11 21:53:15.105+0000 INFO  [o.n.k.i.DiagnosticsManager]   NodeStore v0.A.6: used=10102 high=10101
2015-12-11 21:53:15.108+0000 INFO  [o.n.k.i.DiagnosticsManager]   StringPropertyStore v0.A.6: used=4 high=3
2015-12-11 21:53:15.110+0000 INFO  [o.n.k.i.DiagnosticsManager]   PropertyIndexStore v0.A.6: used=3 high=2
2015-12-11 21:53:15.112+0000 INFO  [o.n.k.i.DiagnosticsManager]   StringPropertyStore v0.A.6: used=1 high=0
2015-12-11 21:53:15.114+0000 INFO  [o.n.k.i.DiagnosticsManager]   ArrayPropertyStore v0.A.6: used=1 high=0
2015-12-11 21:53:15.116+0000 INFO  [o.n.k.i.DiagnosticsManager]   PropertyStore v0.A.6: used=10102 high=10101
2015-12-11 21:53:15.119+0000 INFO  [o.n.k.i.DiagnosticsManager]   RelationshipStore v0.A.6: used=20000 high=19999
2015-12-11 21:53:15.121+0000 INFO  [o.n.k.i.DiagnosticsManager]   StringPropertyStore v0.A.6: used=3 high=2
2015-12-11 21:53:15.123+0000 INFO  [o.n.k.i.DiagnosticsManager]   RelationshipTypeStore v0.A.6: used=2 high=1
2015-12-11 21:53:15.125+0000 INFO  [o.n.k.i.DiagnosticsManager]   StringPropertyStore v0.A.6: used=4 high=3
2015-12-11 21:53:15.128+0000 INFO  [o.n.k.i.DiagnosticsManager]   LabelTokenStore v0.A.6: used=3 high=2
2015-12-11 21:53:15.130+0000 INFO  [o.n.k.i.DiagnosticsManager]   SchemaStore v0.A.6: used=1 high=0
2015-12-11 21:53:15.132+0000 INFO  [o.n.k.i.DiagnosticsManager]   RelationshipGroupStore v0.A.6: used=102 high=101
2015-12-11 21:53:15.134+0000 INFO  [o.n.k.i.DiagnosticsManager]   NeoStore v0.A.6: used=13 high=12
2015-12-11 21:53:15.137+0000 INFO  [o.n.k.i.DiagnosticsManager] --- STARTED diagnostics for NEO_STORE_ID_USAGE END ---
2015-12-11 21:53:15.139+0000 INFO  [o.n.k.i.DiagnosticsManager] --- STARTED diagnostics for NEO_STORE_RECORDS START ---
2015-12-11 21:53:15.141+0000 INFO  [o.n.k.i.DiagnosticsManager] Neostore records:
2015-12-11 21:53:15.143+0000 INFO  [o.n.k.i.DiagnosticsManager] TIME (Creation time): 1449852794678
2015-12-11 21:53:15.145+0000 INFO  [o.n.k.i.DiagnosticsManager] RANDOM_NUMBER (Random number for store id): 4463350291439819481
2015-12-11 21:53:15.148+0000 INFO  [o.n.k.i.DiagnosticsManager] LOG_VERSION (Current log version): 0
2015-12-11 21:53:15.150+0000 INFO  [o.n.k.i.DiagnosticsManager] LAST_TRANSACTION_ID (Last committed transaction): 30111
2015-12-11 21:53:15.152+0000 INFO  [o.n.k.i.DiagnosticsManager] STORE_VERSION (Store format version): 15250506225055238
2015-12-11 21:53:15.154+0000 INFO  [o.n.k.i.DiagnosticsManager] FIRST_GRAPH_PROPERTY (First property record containing graph properties): -1
2015-12-11 21:53:15.157+0000 INFO  [o.n.k.i.DiagnosticsManager] LAST_CONSTRAINT_TRANSACTION (Last committed transaction containing constraint changes): 0
2015-12-11 21:53:15.159+0000 INFO  [o.n.k.i.DiagnosticsManager] UPGRADE_TRANSACTION_ID (Transaction id most recent upgrade was performed at): 1
2015-12-11 21:53:15.161+0000 INFO  [o.n.k.i.DiagnosticsManager] UPGRADE_TIME (Time of last upgrade): 1449852794678
2015-12-11 21:53:15.163+0000 INFO  [o.n.k.i.DiagnosticsManager] LAST_TRANSACTION_CHECKSUM (Checksum of last committed transaction): -160565992936
2015-12-11 21:53:15.165+0000 INFO  [o.n.k.i.DiagnosticsManager] UPGRADE_TRANSACTION_CHECKSUM (Checksum of transaction id the most recent upgrade was performed at): 0
2015-12-11 21:53:15.167+0000 INFO  [o.n.k.i.DiagnosticsManager] LAST_CLOSED_TRANSACTION_LOG_VERSION (Log version where the last transaction commit entry has been written into): 0
2015-12-11 21:53:15.170+0000 INFO  [o.n.k.i.DiagnosticsManager] LAST_CLOSED_TRANSACTION_LOG_BYTE_OFFSET (Byte offset in the log file where the last transaction commit entry has been written into): 13924179
2015-12-11 21:53:15.172+0000 INFO  [o.n.k.i.DiagnosticsManager] --- STARTED diagnostics for NEO_STORE_RECORDS END ---
2015-12-11 21:53:15.174+0000 INFO  [o.n.k.i.DiagnosticsManager] --- STARTED diagnostics for TRANSACTION_RANGE START ---
2015-12-11 21:53:15.176+0000 INFO  [o.n.k.i.DiagnosticsManager] Transaction log:
2015-12-11 21:53:15.179+0000 INFO  [o.n.k.i.DiagnosticsManager] Oldest transaction 2 found in log with version 0
2015-12-11 21:53:15.181+0000 INFO  [o.n.k.i.DiagnosticsManager] --- STARTED diagnostics for TRANSACTION_RANGE END ---
2015-12-11 21:53:15.184+0000 INFO  [o.n.k.i.DiagnosticsManager] --- STARTED diagnostics for KernelDiagnostics:StoreFiles START ---
2015-12-11 21:53:15.187+0000 INFO  [o.n.k.i.DiagnosticsManager] Disk space on partition (Total / Free / Free %): 499738734592 / 397956141056 / 79
Storage files: (filename : modification date - size)
2015-12-11 21:53:15.189+0000 INFO  [o.n.k.i.DiagnosticsManager]   dbms:
2015-12-11 21:53:15.192+0000 INFO  [o.n.k.i.DiagnosticsManager]     auth: 2015-12-11T10:53:15-0600 - 137.00 B
2015-12-11 21:53:15.194+0000 INFO  [o.n.k.i.DiagnosticsManager]     ssl:
2015-12-11 21:53:15.197+0000 INFO  [o.n.k.i.DiagnosticsManager]       snakeoil.cert: 2015-12-11T10:53:12-0600 - 630.00 B
2015-12-11 21:53:15.199+0000 INFO  [o.n.k.i.DiagnosticsManager]       snakeoil.key: 2015-12-11T10:53:12-0600 - 914.00 B
2015-12-11 21:53:15.202+0000 INFO  [o.n.k.i.DiagnosticsManager]     - Total: 2015-12-11T10:53:12-0600 - 1.51 kB
2015-12-11 21:53:15.204+0000 INFO  [o.n.k.i.DiagnosticsManager]   - Total: 2015-12-11T10:53:15-0600 - 1.64 kB
2015-12-11 21:53:15.206+0000 INFO  [o.n.k.i.DiagnosticsManager]   index:
2015-12-11 21:53:15.209+0000 INFO  [o.n.k.i.DiagnosticsManager]   - Total: 2015-12-11T10:53:14-0600 - 0.00 B
2015-12-11 21:53:15.211+0000 INFO  [o.n.k.i.DiagnosticsManager]   messages.log: 2015-12-11T11:20:27-0600 - 68.43 kB
2015-12-11 21:53:15.214+0000 INFO  [o.n.k.i.DiagnosticsManager]   neo4j.properties: 2015-12-11T10:53:11-0600 - 1.30 kB
2015-12-11 21:53:15.216+0000 INFO  [o.n.k.i.DiagnosticsManager]   neostore: 2015-12-11T11:20:26-0600 - 8.00 kB
2015-12-11 21:53:15.219+0000 INFO  [o.n.k.i.DiagnosticsManager]   neostore.counts.db.a: 2015-12-11T11:20:26-0600 - 544.00 B
2015-12-11 21:53:15.221+0000 INFO  [o.n.k.i.DiagnosticsManager]   neostore.counts.db.b: 2015-12-11T11:18:20-0600 - 544.00 B
2015-12-11 21:53:15.224+0000 INFO  [o.n.k.i.DiagnosticsManager]   neostore.id: 2015-12-11T15:53:14-0600 - 9.00 B
2015-12-11 21:53:15.227+0000 INFO  [o.n.k.i.DiagnosticsManager]   neostore.labeltokenstore.db: 2015-12-11T10:58:15-0600 - 8.00 kB
2015-12-11 21:53:15.229+0000 INFO  [o.n.k.i.DiagnosticsManager]   neostore.labeltokenstore.db.id: 2015-12-11T15:53:14-0600 - 9.00 B
2015-12-11 21:53:15.232+0000 INFO  [o.n.k.i.DiagnosticsManager]   neostore.labeltokenstore.db.names: 2015-12-11T10:58:15-0600 - 8.00 kB
2015-12-11 21:53:15.235+0000 INFO  [o.n.k.i.DiagnosticsManager]   neostore.labeltokenstore.db.names.id: 2015-12-11T15:53:14-0600 - 9.00 B
2015-12-11 21:53:15.237+0000 INFO  [o.n.k.i.DiagnosticsManager]   neostore.nodestore.db: 2015-12-11T11:20:26-0600 - 151.96 kB
2015-12-11 21:53:15.240+0000 INFO  [o.n.k.i.DiagnosticsManager]   neostore.nodestore.db.id: 2015-12-11T15:53:14-0600 - 9.00 B
2015-12-11 21:53:15.242+0000 INFO  [o.n.k.i.DiagnosticsManager]   neostore.nodestore.db.labels: 2015-12-11T10:53:12-0600 - 8.00 kB
2015-12-11 21:53:15.245+0000 INFO  [o.n.k.i.DiagnosticsManager]   neostore.nodestore.db.labels.id: 2015-12-11T15:53:14-0600 - 9.00 B
2015-12-11 21:53:15.248+0000 INFO  [o.n.k.i.DiagnosticsManager]   neostore.propertystore.db: 2015-12-11T11:20:27-0600 - 406.36 kB
2015-12-11 21:53:15.250+0000 INFO  [o.n.k.i.DiagnosticsManager]   neostore.propertystore.db.arrays: 2015-12-11T10:53:13-0600 - 8.00 kB
2015-12-11 21:53:15.253+0000 INFO  [o.n.k.i.DiagnosticsManager]   neostore.propertystore.db.arrays.id: 2015-12-11T15:53:14-0600 - 9.00 B
2015-12-11 21:53:15.256+0000 INFO  [o.n.k.i.DiagnosticsManager]   neostore.propertystore.db.id: 2015-12-11T15:53:14-0600 - 9.00 B
2015-12-11 21:53:15.259+0000 INFO  [o.n.k.i.DiagnosticsManager]   neostore.propertystore.db.index: 2015-12-11T10:58:16-0600 - 8.00 kB
2015-12-11 21:53:15.261+0000 INFO  [o.n.k.i.DiagnosticsManager]   neostore.propertystore.db.index.id: 2015-12-11T15:53:14-0600 - 9.00 B
2015-12-11 21:53:15.264+0000 INFO  [o.n.k.i.DiagnosticsManager]   neostore.propertystore.db.index.keys: 2015-12-11T10:58:16-0600 - 8.00 kB
2015-12-11 21:53:15.267+0000 INFO  [o.n.k.i.DiagnosticsManager]   neostore.propertystore.db.index.keys.id: 2015-12-11T15:53:14-0600 - 9.00 B
2015-12-11 21:53:15.269+0000 INFO  [o.n.k.i.DiagnosticsManager]   neostore.propertystore.db.strings: 2015-12-11T10:53:12-0600 - 8.00 kB
2015-12-11 21:53:15.272+0000 INFO  [o.n.k.i.DiagnosticsManager]   neostore.propertystore.db.strings.id: 2015-12-11T15:53:14-0600 - 9.00 B
2015-12-11 21:53:15.275+0000 INFO  [o.n.k.i.DiagnosticsManager]   neostore.relationshipgroupstore.db: 2015-12-11T11:20:26-0600 - 8.00 kB
2015-12-11 21:53:15.277+0000 INFO  [o.n.k.i.DiagnosticsManager]   neostore.relationshipgroupstore.db.id: 2015-12-11T15:53:14-0600 - 9.00 B
2015-12-11 21:53:15.280+0000 INFO  [o.n.k.i.DiagnosticsManager]   neostore.relationshipstore.db: 2015-12-11T11:20:27-0600 - 669.38 kB
2015-12-11 21:53:15.282+0000 INFO  [o.n.k.i.DiagnosticsManager]   neostore.relationshipstore.db.id: 2015-12-11T15:53:14-0600 - 9.00 B
2015-12-11 21:53:15.285+0000 INFO  [o.n.k.i.DiagnosticsManager]   neostore.relationshiptypestore.db: 2015-12-11T10:58:15-0600 - 8.00 kB
2015-12-11 21:53:15.288+0000 INFO  [o.n.k.i.DiagnosticsManager]   neostore.relationshiptypestore.db.id: 2015-12-11T15:53:14-0600 - 9.00 B
2015-12-11 21:53:15.290+0000 INFO  [o.n.k.i.DiagnosticsManager]   neostore.relationshiptypestore.db.names: 2015-12-11T10:58:15-0600 - 8.00 kB
2015-12-11 21:53:15.293+0000 INFO  [o.n.k.i.DiagnosticsManager]   neostore.relationshiptypestore.db.names.id: 2015-12-11T15:53:14-0600 - 9.00 B
2015-12-11 21:53:15.295+0000 INFO  [o.n.k.i.DiagnosticsManager]   neostore.schemastore.db: 2015-12-11T10:53:14-0600 - 8.00 kB
2015-12-11 21:53:15.298+0000 INFO  [o.n.k.i.DiagnosticsManager]   neostore.schemastore.db.id: 2015-12-11T15:53:14-0600 - 9.00 B
2015-12-11 21:53:15.300+0000 INFO  [o.n.k.i.DiagnosticsManager]   neostore.transaction.db.0: 2015-12-11T11:20:26-0600 - 13.28 MB
2015-12-11 21:53:15.302+0000 INFO  [o.n.k.i.DiagnosticsManager]   schema:
2015-12-11 21:53:15.305+0000 INFO  [o.n.k.i.DiagnosticsManager]     label:
2015-12-11 21:53:15.307+0000 INFO  [o.n.k.i.DiagnosticsManager]       lucene:
2015-12-11 21:53:15.310+0000 INFO  [o.n.k.i.DiagnosticsManager]         _fkb.cfs: 2015-12-11T11:19:25-0600 - 9.81 kB
2015-12-11 21:53:15.312+0000 INFO  [o.n.k.i.DiagnosticsManager]         segments.gen: 2015-12-11T11:20:26-0600 - 20.00 B
2015-12-11 21:53:15.314+0000 INFO  [o.n.k.i.DiagnosticsManager]         segments_6: 2015-12-11T11:20:26-0600 - 258.00 B
2015-12-11 21:53:15.317+0000 INFO  [o.n.k.i.DiagnosticsManager]         write.lock: 2015-12-11T15:53:14-0600 - 0.00 B
2015-12-11 21:53:15.319+0000 INFO  [o.n.k.i.DiagnosticsManager]       - Total: 2015-12-11T15:53:14-0600 - 10.08 kB
2015-12-11 21:53:15.321+0000 INFO  [o.n.k.i.DiagnosticsManager]     - Total: 2015-12-11T10:53:14-0600 - 10.08 kB
2015-12-11 21:53:15.324+0000 INFO  [o.n.k.i.DiagnosticsManager]   - Total: 2015-12-11T10:53:14-0600 - 10.08 kB
2015-12-11 21:53:15.326+0000 INFO  [o.n.k.i.DiagnosticsManager]   store_lock: 2015-12-11T10:53:12-0600 - 0.00 B
2015-12-11 21:53:15.328+0000 INFO  [o.n.k.i.DiagnosticsManager] --- STARTED diagnostics for KernelDiagnostics:StoreFiles END ---
2015-12-11 21:53:15.338+0000 INFO  [o.n.k.i.DiagnosticsManager] --- SERVER STARTED START ---
2015-12-11 21:53:16.154+0000 INFO  [o.n.k.i.DiagnosticsManager] --- SERVER STARTED END ---
2015-12-11 22:01:11.681+0000 INFO  [o.n.k.i.f.GraphDatabaseFacade] Shutdown started
2015-12-11 22:01:11.684+0000 INFO  [o.n.k.i.f.CommunityFacadeFactory] Database is now unavailable
2015-12-11 22:01:11.849+0000 INFO  [o.n.k.i.t.l.c.CheckPointerImpl] Check Pointing triggered by database shutdown [30111]:  Starting check pointing...
2015-12-11 22:01:11.853+0000 INFO  [o.n.k.i.t.l.c.CheckPointerImpl] Check Pointing triggered by database shutdown [30111]:  Starting store flush...
2015-12-11 22:01:11.884+0000 INFO  [o.n.k.i.t.l.c.CheckPointerImpl] Check Pointing triggered by database shutdown [30111]:  Store flush completed
2015-12-11 22:01:11.888+0000 INFO  [o.n.k.i.t.l.c.CheckPointerImpl] Check Pointing triggered by database shutdown [30111]:  Starting appending check point entry into the tx log...
2015-12-11 22:01:11.919+0000 INFO  [o.n.k.i.t.l.c.CheckPointerImpl] Check Pointing triggered by database shutdown [30111]:  Appending check point entry into the tx log completed
2015-12-11 22:01:11.923+0000 INFO  [o.n.k.i.t.l.c.CheckPointerImpl] Check Pointing triggered by database shutdown [30111]:  Check pointing completed
2015-12-11 22:01:11.927+0000 INFO  [o.n.k.i.t.l.p.LogPruningImpl] Log Rotation [0]:  Starting log pruning.
2015-12-11 22:01:11.931+0000 INFO  [o.n.k.i.t.l.p.LogPruningImpl] Log Rotation [0]:  Log pruning complete.
2015-12-11 22:01:13.233+0000 INFO  [o.n.k.NeoStoreDataSource] NeoStores closed
2015-12-11 22:01:13.239+0000 INFO  [o.n.k.i.DiagnosticsManager] --- STOPPING diagnostics START ---
2015-12-11 22:01:13.239+0000 INFO  [o.n.k.i.DiagnosticsManager] --- STOPPING diagnostics END ---
