2015-12-10 04:12:44.029+0000 INFO  [o.n.k.i.f.CommunityFacadeFactory] No locking implementation specified, defaulting to 'community'
2015-12-10 04:12:44.033+0000 INFO  [o.n.k.AvailabilityGuard] Requirement makes database unavailable: Database available
2015-12-10 04:12:44.035+0000 INFO  [o.n.k.i.DiagnosticsManager] --- INITIALIZED diagnostics START ---
2015-12-10 04:12:44.035+0000 INFO  [o.n.k.i.DiagnosticsManager] Neo4j Kernel properties:
2015-12-10 04:12:44.035+0000 INFO  [o.n.k.i.DiagnosticsManager] org.neo4j.server.db.tuning.properties=C:\561\4000\4000D1\neo4j.properties
2015-12-10 04:12:44.035+0000 INFO  [o.n.k.i.DiagnosticsManager] org.neo4j.server.database.location=C:\561\4000\4000D1
2015-12-10 04:12:44.035+0000 INFO  [o.n.k.i.DiagnosticsManager] dbms.querylog.filename=data/log/queries.log
2015-12-10 04:12:44.035+0000 INFO  [o.n.k.i.DiagnosticsManager] dbms.security.auth_store.location=C:\561\4000\4000D1\.\dbms\auth
2015-12-10 04:12:44.035+0000 INFO  [o.n.k.i.DiagnosticsManager] dbms.security.tls_certificate_file=C:\561\4000\4000D1\.\dbms\ssl\snakeoil.cert
2015-12-10 04:12:44.035+0000 INFO  [o.n.k.i.DiagnosticsManager] remote_shell_enabled=true
2015-12-10 04:12:44.035+0000 INFO  [o.n.k.i.DiagnosticsManager] edition=Community
2015-12-10 04:12:44.035+0000 INFO  [o.n.k.i.DiagnosticsManager] dbms.security.tls_key_file=C:\561\4000\4000D1\.\dbms\ssl\snakeoil.key
2015-12-10 04:12:44.035+0000 INFO  [o.n.k.i.DiagnosticsManager] Diagnostics providers:
2015-12-10 04:12:44.035+0000 INFO  [o.n.k.i.DiagnosticsManager] org.neo4j.kernel.configuration.Config
2015-12-10 04:12:44.035+0000 INFO  [o.n.k.i.DiagnosticsManager] org.neo4j.kernel.info.DiagnosticsManager
2015-12-10 04:12:44.035+0000 INFO  [o.n.k.i.DiagnosticsManager] SYSTEM_MEMORY
2015-12-10 04:12:44.035+0000 INFO  [o.n.k.i.DiagnosticsManager] JAVA_MEMORY
2015-12-10 04:12:44.035+0000 INFO  [o.n.k.i.DiagnosticsManager] OPERATING_SYSTEM
2015-12-10 04:12:44.035+0000 INFO  [o.n.k.i.DiagnosticsManager] JAVA_VIRTUAL_MACHINE
2015-12-10 04:12:44.035+0000 INFO  [o.n.k.i.DiagnosticsManager] CLASSPATH
2015-12-10 04:12:44.035+0000 INFO  [o.n.k.i.DiagnosticsManager] LIBRARY_PATH
2015-12-10 04:12:44.035+0000 INFO  [o.n.k.i.DiagnosticsManager] SYSTEM_PROPERTIES
2015-12-10 04:12:44.035+0000 INFO  [o.n.k.i.DiagnosticsManager] NETWORK
2015-12-10 04:12:44.035+0000 INFO  [o.n.k.i.DiagnosticsManager] System memory information:
2015-12-10 04:12:44.035+0000 INFO  [o.n.k.i.DiagnosticsManager] Total Physical memory: 3.93 GB
2015-12-10 04:12:44.035+0000 INFO  [o.n.k.i.DiagnosticsManager] Free Physical memory: 1.90 GB
2015-12-10 04:12:44.035+0000 INFO  [o.n.k.i.DiagnosticsManager] Committed virtual memory: 341.99 MB
2015-12-10 04:12:44.035+0000 INFO  [o.n.k.i.DiagnosticsManager] Total swap space: 5.66 GB
2015-12-10 04:12:44.035+0000 INFO  [o.n.k.i.DiagnosticsManager] Free swap space: 2.37 GB
2015-12-10 04:12:44.035+0000 INFO  [o.n.k.i.DiagnosticsManager] JVM memory information:
2015-12-10 04:12:44.035+0000 INFO  [o.n.k.i.DiagnosticsManager] Free  memory: 18.36 MB
2015-12-10 04:12:44.035+0000 INFO  [o.n.k.i.DiagnosticsManager] Total memory: 80.00 MB
2015-12-10 04:12:44.035+0000 INFO  [o.n.k.i.DiagnosticsManager] Max   memory: 894.50 MB
2015-12-10 04:12:44.035+0000 INFO  [o.n.k.i.DiagnosticsManager] Garbage Collector: PS Scavenge: [PS Eden Space, PS Survivor Space]
2015-12-10 04:12:44.035+0000 INFO  [o.n.k.i.DiagnosticsManager] Garbage Collector: PS MarkSweep: [PS Eden Space, PS Survivor Space, PS Old Gen, PS Perm Gen]
2015-12-10 04:12:44.035+0000 INFO  [o.n.k.i.DiagnosticsManager] Memory Pool: Code Cache (Non-heap memory): committed=12.69 MB, used=12.51 MB, max=48.00 MB, threshold=0.00 B
2015-12-10 04:12:44.036+0000 INFO  [o.n.k.i.DiagnosticsManager] Memory Pool: PS Eden Space (Heap memory): committed=19.00 MB, used=13.90 MB, max=332.00 MB, threshold=?
2015-12-10 04:12:44.036+0000 INFO  [o.n.k.i.DiagnosticsManager] Memory Pool: PS Survivor Space (Heap memory): committed=1.50 MB, used=1.48 MB, max=1.50 MB, threshold=?
2015-12-10 04:12:44.036+0000 INFO  [o.n.k.i.DiagnosticsManager] Memory Pool: PS Old Gen (Heap memory): committed=59.50 MB, used=46.26 MB, max=670.50 MB, threshold=0.00 B
2015-12-10 04:12:44.036+0000 INFO  [o.n.k.i.DiagnosticsManager] Memory Pool: PS Perm Gen (Non-heap memory): committed=64.50 MB, used=64.25 MB, max=82.00 MB, threshold=0.00 B
2015-12-10 04:12:44.036+0000 INFO  [o.n.k.i.DiagnosticsManager] Operating system information:
2015-12-10 04:12:44.036+0000 INFO  [o.n.k.i.DiagnosticsManager] Operating System: Windows 8.1; version: 6.3; arch: amd64; cpus: 8
2015-12-10 04:12:44.036+0000 INFO  [o.n.k.i.DiagnosticsManager] Process id: 3784@ATAN-B03-02
2015-12-10 04:12:44.036+0000 INFO  [o.n.k.i.DiagnosticsManager] Byte order: LITTLE_ENDIAN
2015-12-10 04:12:44.036+0000 INFO  [o.n.k.i.DiagnosticsManager] Local timezone: America/Chicago
2015-12-10 04:12:44.036+0000 INFO  [o.n.k.i.DiagnosticsManager] JVM information:
2015-12-10 04:12:44.037+0000 INFO  [o.n.k.i.DiagnosticsManager] VM Name: Java HotSpot(TM) 64-Bit Server VM
2015-12-10 04:12:44.037+0000 INFO  [o.n.k.i.DiagnosticsManager] VM Vendor: Oracle Corporation
2015-12-10 04:12:44.037+0000 INFO  [o.n.k.i.DiagnosticsManager] VM Version: 24.80-b11
2015-12-10 04:12:44.037+0000 INFO  [o.n.k.i.DiagnosticsManager] JIT compiler: HotSpot 64-Bit Tiered Compilers
2015-12-10 04:12:44.037+0000 INFO  [o.n.k.i.DiagnosticsManager] VM Arguments: [-Dexe4j.semaphoreName=Local\c:_program_files_neo4j_ce_2.3.1_bin_neo4j-ce.exe, -Dexe4j.isInstall4j=true, -Dexe4j.moduleName=C:\Program Files\Neo4j CE 2.3.1\bin\neo4j-ce.exe, -Dexe4j.tempDir=, -Dexe4j.unextractedPosition=0, -Djava.library.path=C:\Program Files (x86)\AMD APP\bin\x86_64;C:\Program Files (x86)\AMD APP\bin\x86;C:\ProgramData\Oracle\Java\javapath;C:\Windows\system32;C:\Windows;C:\Windows\System32\Wbem;C:\Windows\System32\WindowsPowerShell\v1.0\;C:\Program Files (x86)\MiKTeX 2.9\miktex\bin\;C:\Program Files\TortoiseSVN\bin;C:\Windows\system32\config\systemprofile\.dnx\bin;C:\Program Files\Microsoft DNX\Dnvm\;C:\Program Files\MATLAB\R2015b\runtime\win64;C:\Program Files\MATLAB\R2015b\bin;C:\Program Files (x86)\ATI Technologies\ATI.ACE\Core-Static;c:\program files\neo4j ce 2.3.1\jre\bin, -Dexe4j.consoleCodepage=cp0, -Dinstall4j.launcherId=24, -Dinstall4j.swt=false]
2015-12-10 04:12:44.037+0000 INFO  [o.n.k.i.DiagnosticsManager] Java classpath:
2015-12-10 04:12:44.038+0000 INFO  [o.n.k.i.DiagnosticsManager]  [loader.1] file:/C:/Program%20Files/Neo4j%20CE%202.3.1/jre/lib/ext/dnsns.jar
2015-12-10 04:12:44.038+0000 INFO  [o.n.k.i.DiagnosticsManager]  [loader.0] file:/C:/Program%20Files/Neo4j%20CE%202.3.1/bin/
2015-12-10 04:12:44.038+0000 INFO  [o.n.k.i.DiagnosticsManager]  [bootstrap] C:\Program Files\Neo4j CE 2.3.1\jre\lib\resources.jar
2015-12-10 04:12:44.038+0000 INFO  [o.n.k.i.DiagnosticsManager]  [bootstrap] C:\Program Files\Neo4j CE 2.3.1\jre\lib\jfr.jar
2015-12-10 04:12:44.038+0000 INFO  [o.n.k.i.DiagnosticsManager]  [classpath] C:\Program Files\Neo4j CE 2.3.1\.install4j\i4jruntime.jar
2015-12-10 04:12:44.038+0000 INFO  [o.n.k.i.DiagnosticsManager]  [loader.1] file:/C:/Program%20Files/Neo4j%20CE%202.3.1/jre/lib/ext/sunmscapi.jar
2015-12-10 04:12:44.038+0000 INFO  [o.n.k.i.DiagnosticsManager]  [bootstrap] C:\Program Files\Neo4j CE 2.3.1\jre\lib\jsse.jar
2015-12-10 04:12:44.038+0000 INFO  [o.n.k.i.DiagnosticsManager]  [loader.1] file:/C:/Program%20Files/Neo4j%20CE%202.3.1/jre/lib/ext/dns_sd.jar
2015-12-10 04:12:44.038+0000 INFO  [o.n.k.i.DiagnosticsManager]  [loader.0] file:/C:/Program%20Files/Neo4j%20CE%202.3.1/.install4j/i4jruntime.jar
2015-12-10 04:12:44.038+0000 INFO  [o.n.k.i.DiagnosticsManager]  [loader.0] file:/C:/Program%20Files/Neo4j%20CE%202.3.1/bin/neo4j-desktop-2.3.1.jar
2015-12-10 04:12:44.038+0000 INFO  [o.n.k.i.DiagnosticsManager]  [loader.1] file:/C:/Program%20Files/Neo4j%20CE%202.3.1/jre/lib/ext/access-bridge-64.jar
2015-12-10 04:12:44.039+0000 INFO  [o.n.k.i.DiagnosticsManager]  [loader.1] file:/C:/Program%20Files/Neo4j%20CE%202.3.1/jre/lib/ext/localedata.jar
2015-12-10 04:12:44.039+0000 INFO  [o.n.k.i.DiagnosticsManager]  [bootstrap] C:\Program Files\Neo4j CE 2.3.1\jre\lib\sunrsasign.jar
2015-12-10 04:12:44.039+0000 INFO  [o.n.k.i.DiagnosticsManager]  [bootstrap] C:\Program Files\Neo4j CE 2.3.1\jre\lib\jce.jar
2015-12-10 04:12:44.039+0000 INFO  [o.n.k.i.DiagnosticsManager]  [bootstrap] C:\Program Files\Neo4j CE 2.3.1\jre\lib\rt.jar
2015-12-10 04:12:44.039+0000 INFO  [o.n.k.i.DiagnosticsManager]  [bootstrap] C:\Program Files\Neo4j CE 2.3.1\jre\lib\charsets.jar
2015-12-10 04:12:44.039+0000 INFO  [o.n.k.i.DiagnosticsManager]  [loader.1] file:/C:/Program%20Files/Neo4j%20CE%202.3.1/jre/lib/ext/sunjce_provider.jar
2015-12-10 04:12:44.039+0000 INFO  [o.n.k.i.DiagnosticsManager]  [bootstrap] C:\Program Files\Neo4j CE 2.3.1\jre\classes
2015-12-10 04:12:44.039+0000 INFO  [o.n.k.i.DiagnosticsManager]  [loader.1] file:/C:/Program%20Files/Neo4j%20CE%202.3.1/jre/lib/ext/zipfs.jar
2015-12-10 04:12:44.039+0000 INFO  [o.n.k.i.DiagnosticsManager]  [loader.1] file:/C:/Program%20Files/Neo4j%20CE%202.3.1/jre/lib/ext/jaccess.jar
2015-12-10 04:12:44.039+0000 INFO  [o.n.k.i.DiagnosticsManager]  [loader.1] file:/C:/Program%20Files/Neo4j%20CE%202.3.1/jre/lib/ext/sunec.jar
2015-12-10 04:12:44.039+0000 INFO  [o.n.k.i.DiagnosticsManager]  [classpath] C:\Program Files\Neo4j CE 2.3.1\bin\neo4j-desktop-2.3.1.jar
2015-12-10 04:12:44.039+0000 INFO  [o.n.k.i.DiagnosticsManager] Library path:
2015-12-10 04:12:44.039+0000 INFO  [o.n.k.i.DiagnosticsManager] C:\Program Files (x86)\AMD APP\bin\x86_64
2015-12-10 04:12:44.039+0000 INFO  [o.n.k.i.DiagnosticsManager] C:\Program Files (x86)\AMD APP\bin\x86
2015-12-10 04:12:44.039+0000 INFO  [o.n.k.i.DiagnosticsManager] C:\ProgramData\Oracle\Java\javapath
2015-12-10 04:12:44.039+0000 INFO  [o.n.k.i.DiagnosticsManager] C:\Windows\System32
2015-12-10 04:12:44.040+0000 INFO  [o.n.k.i.DiagnosticsManager] C:\Windows
2015-12-10 04:12:44.040+0000 INFO  [o.n.k.i.DiagnosticsManager] C:\Windows\System32\wbem
2015-12-10 04:12:44.040+0000 INFO  [o.n.k.i.DiagnosticsManager] C:\Windows\System32\WindowsPowerShell\v1.0
2015-12-10 04:12:44.040+0000 INFO  [o.n.k.i.DiagnosticsManager] C:\Program Files (x86)\MiKTeX 2.9\miktex\bin
2015-12-10 04:12:44.040+0000 INFO  [o.n.k.i.DiagnosticsManager] C:\Program Files\TortoiseSVN\bin
2015-12-10 04:12:44.040+0000 INFO  [o.n.k.i.DiagnosticsManager] C:\Windows\System32\config\systemprofile\.dnx\bin
2015-12-10 04:12:44.040+0000 INFO  [o.n.k.i.DiagnosticsManager] C:\Program Files\Microsoft DNX\Dnvm
2015-12-10 04:12:44.041+0000 INFO  [o.n.k.i.DiagnosticsManager] C:\Program Files\MATLAB\R2015b\runtime\win64
2015-12-10 04:12:44.041+0000 INFO  [o.n.k.i.DiagnosticsManager] C:\Program Files\MATLAB\R2015b\bin
2015-12-10 04:12:44.041+0000 INFO  [o.n.k.i.DiagnosticsManager] C:\Program Files (x86)\ATI Technologies\ATI.ACE\Core-Static
2015-12-10 04:12:44.041+0000 INFO  [o.n.k.i.DiagnosticsManager] C:\Program Files\Neo4j CE 2.3.1\jre\bin
2015-12-10 04:12:44.041+0000 INFO  [o.n.k.i.DiagnosticsManager] System.properties:
2015-12-10 04:12:44.041+0000 INFO  [o.n.k.i.DiagnosticsManager] exe4j.moduleName = C:\Program Files\Neo4j CE 2.3.1\bin\neo4j-ce.exe
2015-12-10 04:12:44.041+0000 INFO  [o.n.k.i.DiagnosticsManager] exe4j.semaphoreName = Local\c:_program_files_neo4j_ce_2.3.1_bin_neo4j-ce.exe
2015-12-10 04:12:44.041+0000 INFO  [o.n.k.i.DiagnosticsManager] sun.boot.library.path = c:\program files\neo4j ce 2.3.1\jre\bin
2015-12-10 04:12:44.041+0000 INFO  [o.n.k.i.DiagnosticsManager] exe4j.consoleCodepage = cp0
2015-12-10 04:12:44.041+0000 INFO  [o.n.k.i.DiagnosticsManager] path.separator = ;
2015-12-10 04:12:44.041+0000 INFO  [o.n.k.i.DiagnosticsManager] file.encoding.pkg = sun.io
2015-12-10 04:12:44.041+0000 INFO  [o.n.k.i.DiagnosticsManager] user.country = US
2015-12-10 04:12:44.041+0000 INFO  [o.n.k.i.DiagnosticsManager] user.script = 
2015-12-10 04:12:44.041+0000 INFO  [o.n.k.i.DiagnosticsManager] sun.os.patch.level = 
2015-12-10 04:12:44.041+0000 INFO  [o.n.k.i.DiagnosticsManager] install4j.exeDir = C:\Program Files\Neo4j CE 2.3.1\bin\
2015-12-10 04:12:44.041+0000 INFO  [o.n.k.i.DiagnosticsManager] user.dir = C:\Program Files\Neo4j CE 2.3.1\bin
2015-12-10 04:12:44.041+0000 INFO  [o.n.k.i.DiagnosticsManager] neo4j.ext.udc.source = desktop
2015-12-10 04:12:44.041+0000 INFO  [o.n.k.i.DiagnosticsManager] user.variant = 
2015-12-10 04:12:44.041+0000 INFO  [o.n.k.i.DiagnosticsManager] exe4j.tempDir = 
2015-12-10 04:12:44.041+0000 INFO  [o.n.k.i.DiagnosticsManager] sun.jnu.encoding = Cp1252
2015-12-10 04:12:44.042+0000 INFO  [o.n.k.i.DiagnosticsManager] sun.awt.enableExtraMouseButtons = true
2015-12-10 04:12:44.042+0000 INFO  [o.n.k.i.DiagnosticsManager] install4j.launcherId = 24
2015-12-10 04:12:44.042+0000 INFO  [o.n.k.i.DiagnosticsManager] sun.management.compiler = HotSpot 64-Bit Tiered Compilers
2015-12-10 04:12:44.042+0000 INFO  [o.n.k.i.DiagnosticsManager] exe4j.isInstall4j = true
2015-12-10 04:12:44.042+0000 INFO  [o.n.k.i.DiagnosticsManager] install4j.swt = false
2015-12-10 04:12:44.042+0000 INFO  [o.n.k.i.DiagnosticsManager] user.home = C:\Users\cez
2015-12-10 04:12:44.042+0000 INFO  [o.n.k.i.DiagnosticsManager] user.timezone = America/Chicago
2015-12-10 04:12:44.042+0000 INFO  [o.n.k.i.DiagnosticsManager] file.encoding = Cp1252
2015-12-10 04:12:44.042+0000 INFO  [o.n.k.i.DiagnosticsManager] user.name = cez
2015-12-10 04:12:44.042+0000 INFO  [o.n.k.i.DiagnosticsManager] sun.java.command = C:\Program Files\Neo4j CE 2.3.1\bin\neo4j-ce.exe
2015-12-10 04:12:44.042+0000 INFO  [o.n.k.i.DiagnosticsManager] sun.arch.data.model = 64
2015-12-10 04:12:44.042+0000 INFO  [o.n.k.i.DiagnosticsManager] exe4j.launchName = C:\Program Files\Neo4j CE 2.3.1\bin\neo4j-ce.exe
2015-12-10 04:12:44.042+0000 INFO  [o.n.k.i.DiagnosticsManager] user.language = en
2015-12-10 04:12:44.042+0000 INFO  [o.n.k.i.DiagnosticsManager] awt.toolkit = sun.awt.windows.WToolkit
2015-12-10 04:12:44.042+0000 INFO  [o.n.k.i.DiagnosticsManager] exe4j.unextractedPosition = 0
2015-12-10 04:12:44.042+0000 INFO  [o.n.k.i.DiagnosticsManager] install4j.appDir = C:\Program Files\Neo4j CE 2.3.1\
2015-12-10 04:12:44.042+0000 INFO  [o.n.k.i.DiagnosticsManager] file.separator = \
2015-12-10 04:12:44.042+0000 INFO  [o.n.k.i.DiagnosticsManager] sun.io.unicode.encoding = UnicodeLittle
2015-12-10 04:12:44.042+0000 INFO  [o.n.k.i.DiagnosticsManager] sun.cpu.endian = little
2015-12-10 04:12:44.042+0000 INFO  [o.n.k.i.DiagnosticsManager] sun.desktop = windows
2015-12-10 04:12:44.042+0000 INFO  [o.n.k.i.DiagnosticsManager] sun.cpu.isalist = amd64
2015-12-10 04:12:44.042+0000 INFO  [o.n.k.i.DiagnosticsManager] Network information:
2015-12-10 04:12:44.055+0000 INFO  [o.n.k.i.DiagnosticsManager] Interface Software Loopback Interface 1:
2015-12-10 04:12:44.055+0000 INFO  [o.n.k.i.DiagnosticsManager]     address: 127.0.0.1
2015-12-10 04:12:44.055+0000 INFO  [o.n.k.i.DiagnosticsManager]     address: 0:0:0:0:0:0:0:1
2015-12-10 04:12:44.055+0000 INFO  [o.n.k.i.DiagnosticsManager] Interface Microsoft Kernel Debug Network Adapter:
2015-12-10 04:12:44.055+0000 INFO  [o.n.k.i.DiagnosticsManager] Interface Intel(R) 82578DM Gigabit Network Connection:
2015-12-10 04:12:44.055+0000 INFO  [o.n.k.i.DiagnosticsManager]     address: 10.24.47.166
2015-12-10 04:12:44.055+0000 INFO  [o.n.k.i.DiagnosticsManager]     address: 2610:130:101:d00:4493:c16:efa9:8b55
2015-12-10 04:12:44.055+0000 INFO  [o.n.k.i.DiagnosticsManager]     address: 2610:130:101:d00:a502:b02c:1a2d:577b
2015-12-10 04:12:44.055+0000 INFO  [o.n.k.i.DiagnosticsManager]     address: fe80:0:0:0:4493:c16:efa9:8b55%3
2015-12-10 04:12:44.055+0000 INFO  [o.n.k.i.DiagnosticsManager] Interface Microsoft ISATAP Adapter:
2015-12-10 04:12:44.055+0000 INFO  [o.n.k.i.DiagnosticsManager]     address: fe80:0:0:0:0:5efe:c0a8:3801%4
2015-12-10 04:12:44.055+0000 INFO  [o.n.k.i.DiagnosticsManager] Interface Teredo Tunneling Pseudo-Interface:
2015-12-10 04:12:44.055+0000 INFO  [o.n.k.i.DiagnosticsManager] Interface Microsoft ISATAP Adapter #2:
2015-12-10 04:12:44.055+0000 INFO  [o.n.k.i.DiagnosticsManager]     address: fe80:0:0:0:0:5efe:a18:2fa6%6
2015-12-10 04:12:44.055+0000 INFO  [o.n.k.i.DiagnosticsManager] Interface VirtualBox Host-Only Ethernet Adapter:
2015-12-10 04:12:44.055+0000 INFO  [o.n.k.i.DiagnosticsManager]     address: 192.168.56.1
2015-12-10 04:12:44.055+0000 INFO  [o.n.k.i.DiagnosticsManager]     address: fe80:0:0:0:4133:2d33:29c2:6efa%7
2015-12-10 04:12:44.055+0000 INFO  [o.n.k.i.DiagnosticsManager] Interface Microsoft ISATAP Adapter #3:
2015-12-10 04:12:44.055+0000 INFO  [o.n.k.i.DiagnosticsManager] Interface VirtualBox Host-Only Ethernet Adapter-WFP Native MAC Layer LightWeight Filter-0000:
2015-12-10 04:12:44.055+0000 INFO  [o.n.k.i.DiagnosticsManager] Interface VirtualBox Host-Only Ethernet Adapter-VirtualBox NDIS Light-Weight Filter-0000:
2015-12-10 04:12:44.055+0000 INFO  [o.n.k.i.DiagnosticsManager] Interface VirtualBox Host-Only Ethernet Adapter-QoS Packet Scheduler-0000:
2015-12-10 04:12:44.055+0000 INFO  [o.n.k.i.DiagnosticsManager] Interface VirtualBox Host-Only Ethernet Adapter-WFP 802.3 MAC Layer LightWeight Filter-0000:
2015-12-10 04:12:44.055+0000 INFO  [o.n.k.i.DiagnosticsManager] Interface Intel(R) 82578DM Gigabit Network Connection-WFP Native MAC Layer LightWeight Filter-0000:
2015-12-10 04:12:44.055+0000 INFO  [o.n.k.i.DiagnosticsManager] Interface Intel(R) 82578DM Gigabit Network Connection-VirtualBox NDIS Light-Weight Filter-0000:
2015-12-10 04:12:44.056+0000 INFO  [o.n.k.i.DiagnosticsManager] Interface Intel(R) 82578DM Gigabit Network Connection-QoS Packet Scheduler-0000:
2015-12-10 04:12:44.056+0000 INFO  [o.n.k.i.DiagnosticsManager] Interface Intel(R) 82578DM Gigabit Network Connection-WFP 802.3 MAC Layer LightWeight Filter-0000:
2015-12-10 04:12:44.056+0000 INFO  [o.n.k.i.DiagnosticsManager] --- INITIALIZED diagnostics END ---
2015-12-10 04:12:46.538+0000 INFO  [o.n.k.a.i.i.LuceneLabelScanStore] No lucene scan store index found, this might just be first use. Preparing to rebuild.
2015-12-10 04:12:46.549+0000 INFO  [o.n.k.NeoStoreDataSource] Opened logical log [C:\561\4000\4000D1\neostore.transaction.db.0] version=0, lastTxId=1 (clean)
2015-12-10 04:12:46.557+0000 WARN  [o.n.k.i.s.MetaDataStore] Missing counts store, rebuilding it.
2015-12-10 04:12:46.622+0000 INFO  [o.n.k.a.i.i.LuceneLabelScanStore] Rebuilding lucene scan store, this may take a while
2015-12-10 04:12:46.628+0000 INFO  [o.n.k.a.i.i.LuceneLabelScanStore] Lucene scan store rebuilt (roughly -1 nodes)
2015-12-10 04:12:46.634+0000 INFO  [o.n.k.KernelHealth] Kernel health set to OK
2015-12-10 04:12:46.653+0000 INFO  [o.n.k.AvailabilityGuard] Fulfilling of requirement makes database available: Database available
2015-12-10 04:12:46.659+0000 INFO  [o.n.k.i.f.CommunityFacadeFactory] Database is now ready
2015-12-10 04:12:46.665+0000 INFO  [o.n.k.i.DiagnosticsManager] --- STARTED diagnostics for KernelDiagnostics:Versions START ---
2015-12-10 04:12:46.671+0000 INFO  [o.n.k.i.DiagnosticsManager] Graph Database: Community StoreId{creationTime=1449720766443, randomId=1931170703960944162, storeVersion=15250506225055238, upgradeTime=1449720766443, upgradeId=1}
2015-12-10 04:12:46.677+0000 INFO  [o.n.k.i.DiagnosticsManager] Kernel version: 2.3.1
2015-12-10 04:12:46.683+0000 INFO  [o.n.k.i.DiagnosticsManager] --- STARTED diagnostics for KernelDiagnostics:Versions END ---
2015-12-10 04:12:46.689+0000 INFO  [o.n.k.i.DiagnosticsManager] --- STARTED diagnostics for NEO_STORE_VERSIONS START ---
2015-12-10 04:12:46.695+0000 INFO  [o.n.k.i.DiagnosticsManager] Store versions:
2015-12-10 04:12:46.699+0000 INFO  [o.n.k.i.DiagnosticsManager] Store versions:
2015-12-10 04:12:46.702+0000 INFO  [o.n.k.i.DiagnosticsManager] ArrayPropertyStore v0.A.6
2015-12-10 04:12:46.705+0000 INFO  [o.n.k.i.DiagnosticsManager] NodeStore v0.A.6
2015-12-10 04:12:46.708+0000 INFO  [o.n.k.i.DiagnosticsManager] StringPropertyStore v0.A.6
2015-12-10 04:12:46.710+0000 INFO  [o.n.k.i.DiagnosticsManager] PropertyIndexStore v0.A.6
2015-12-10 04:12:46.713+0000 INFO  [o.n.k.i.DiagnosticsManager] StringPropertyStore v0.A.6
2015-12-10 04:12:46.716+0000 INFO  [o.n.k.i.DiagnosticsManager] ArrayPropertyStore v0.A.6
2015-12-10 04:12:46.719+0000 INFO  [o.n.k.i.DiagnosticsManager] PropertyStore v0.A.6
2015-12-10 04:12:46.721+0000 INFO  [o.n.k.i.DiagnosticsManager] RelationshipStore v0.A.6
2015-12-10 04:12:46.724+0000 INFO  [o.n.k.i.DiagnosticsManager] StringPropertyStore v0.A.6
2015-12-10 04:12:46.727+0000 INFO  [o.n.k.i.DiagnosticsManager] RelationshipTypeStore v0.A.6
2015-12-10 04:12:46.730+0000 INFO  [o.n.k.i.DiagnosticsManager] StringPropertyStore v0.A.6
2015-12-10 04:12:46.732+0000 INFO  [o.n.k.i.DiagnosticsManager] LabelTokenStore v0.A.6
2015-12-10 04:12:46.734+0000 INFO  [o.n.k.i.DiagnosticsManager] SchemaStore v0.A.6
2015-12-10 04:12:46.736+0000 INFO  [o.n.k.i.DiagnosticsManager] RelationshipGroupStore v0.A.6
2015-12-10 04:12:46.739+0000 INFO  [o.n.k.i.DiagnosticsManager] NeoStore v0.A.6
2015-12-10 04:12:46.741+0000 INFO  [o.n.k.i.DiagnosticsManager] --- STARTED diagnostics for NEO_STORE_VERSIONS END ---
2015-12-10 04:12:46.743+0000 INFO  [o.n.k.i.DiagnosticsManager] --- STARTED diagnostics for NEO_STORE_ID_USAGE START ---
2015-12-10 04:12:46.746+0000 INFO  [o.n.k.i.DiagnosticsManager] Id usage:
2015-12-10 04:12:46.748+0000 INFO  [o.n.k.i.DiagnosticsManager] Id usage:
2015-12-10 04:12:46.750+0000 INFO  [o.n.k.i.DiagnosticsManager]   ArrayPropertyStore v0.A.6: used=1 high=0
2015-12-10 04:12:46.753+0000 INFO  [o.n.k.i.DiagnosticsManager]   NodeStore v0.A.6: used=0 high=-1
2015-12-10 04:12:46.755+0000 INFO  [o.n.k.i.DiagnosticsManager]   StringPropertyStore v0.A.6: used=1 high=0
2015-12-10 04:12:46.757+0000 INFO  [o.n.k.i.DiagnosticsManager]   PropertyIndexStore v0.A.6: used=0 high=-1
2015-12-10 04:12:46.760+0000 INFO  [o.n.k.i.DiagnosticsManager]   StringPropertyStore v0.A.6: used=1 high=0
2015-12-10 04:12:46.762+0000 INFO  [o.n.k.i.DiagnosticsManager]   ArrayPropertyStore v0.A.6: used=1 high=0
2015-12-10 04:12:46.764+0000 INFO  [o.n.k.i.DiagnosticsManager]   PropertyStore v0.A.6: used=0 high=-1
2015-12-10 04:12:46.766+0000 INFO  [o.n.k.i.DiagnosticsManager]   RelationshipStore v0.A.6: used=0 high=-1
2015-12-10 04:12:46.769+0000 INFO  [o.n.k.i.DiagnosticsManager]   StringPropertyStore v0.A.6: used=1 high=0
2015-12-10 04:12:46.771+0000 INFO  [o.n.k.i.DiagnosticsManager]   RelationshipTypeStore v0.A.6: used=0 high=-1
2015-12-10 04:12:46.773+0000 INFO  [o.n.k.i.DiagnosticsManager]   StringPropertyStore v0.A.6: used=1 high=0
2015-12-10 04:12:46.775+0000 INFO  [o.n.k.i.DiagnosticsManager]   LabelTokenStore v0.A.6: used=0 high=-1
2015-12-10 04:12:46.778+0000 INFO  [o.n.k.i.DiagnosticsManager]   SchemaStore v0.A.6: used=1 high=0
2015-12-10 04:12:46.780+0000 INFO  [o.n.k.i.DiagnosticsManager]   RelationshipGroupStore v0.A.6: used=1 high=0
2015-12-10 04:12:46.783+0000 INFO  [o.n.k.i.DiagnosticsManager]   NeoStore v0.A.6: used=13 high=12
2015-12-10 04:12:46.785+0000 INFO  [o.n.k.i.DiagnosticsManager] --- STARTED diagnostics for NEO_STORE_ID_USAGE END ---
2015-12-10 04:12:47.042+0000 INFO  [o.n.k.i.DiagnosticsManager] --- STARTED diagnostics for NEO_STORE_RECORDS START ---
2015-12-10 04:12:47.044+0000 INFO  [o.n.k.i.DiagnosticsManager] Neostore records:
2015-12-10 04:12:47.046+0000 INFO  [o.n.k.i.DiagnosticsManager] TIME (Creation time): 1449720766443
2015-12-10 04:12:47.048+0000 INFO  [o.n.k.i.DiagnosticsManager] RANDOM_NUMBER (Random number for store id): 1931170703960944162
2015-12-10 04:12:47.051+0000 INFO  [o.n.k.i.DiagnosticsManager] LOG_VERSION (Current log version): 0
2015-12-10 04:12:47.053+0000 INFO  [o.n.k.i.DiagnosticsManager] LAST_TRANSACTION_ID (Last committed transaction): 1
2015-12-10 04:12:47.055+0000 INFO  [o.n.k.i.DiagnosticsManager] STORE_VERSION (Store format version): 15250506225055238
2015-12-10 04:12:47.057+0000 INFO  [o.n.k.i.DiagnosticsManager] FIRST_GRAPH_PROPERTY (First property record containing graph properties): -1
2015-12-10 04:12:47.059+0000 INFO  [o.n.k.i.DiagnosticsManager] LAST_CONSTRAINT_TRANSACTION (Last committed transaction containing constraint changes): 0
2015-12-10 04:12:47.061+0000 INFO  [o.n.k.i.DiagnosticsManager] UPGRADE_TRANSACTION_ID (Transaction id most recent upgrade was performed at): 1
2015-12-10 04:12:47.064+0000 INFO  [o.n.k.i.DiagnosticsManager] UPGRADE_TIME (Time of last upgrade): 1449720766443
2015-12-10 04:12:47.066+0000 INFO  [o.n.k.i.DiagnosticsManager] LAST_TRANSACTION_CHECKSUM (Checksum of last committed transaction): 0
2015-12-10 04:12:47.068+0000 INFO  [o.n.k.i.DiagnosticsManager] UPGRADE_TRANSACTION_CHECKSUM (Checksum of transaction id the most recent upgrade was performed at): 0
2015-12-10 04:12:47.070+0000 INFO  [o.n.k.i.DiagnosticsManager] LAST_CLOSED_TRANSACTION_LOG_VERSION (Log version where the last transaction commit entry has been written into): 0
2015-12-10 04:12:47.072+0000 INFO  [o.n.k.i.DiagnosticsManager] LAST_CLOSED_TRANSACTION_LOG_BYTE_OFFSET (Byte offset in the log file where the last transaction commit entry has been written into): 16
2015-12-10 04:12:47.074+0000 INFO  [o.n.k.i.DiagnosticsManager] --- STARTED diagnostics for NEO_STORE_RECORDS END ---
2015-12-10 04:12:47.076+0000 INFO  [o.n.k.i.DiagnosticsManager] --- STARTED diagnostics for TRANSACTION_RANGE START ---
2015-12-10 04:12:47.079+0000 INFO  [o.n.k.i.DiagnosticsManager] Transaction log:
2015-12-10 04:12:47.081+0000 INFO  [o.n.k.i.DiagnosticsManager] No transactions found in any log
2015-12-10 04:12:47.083+0000 INFO  [o.n.k.i.DiagnosticsManager] --- STARTED diagnostics for TRANSACTION_RANGE END ---
2015-12-10 04:12:47.086+0000 INFO  [o.n.k.i.DiagnosticsManager] --- STARTED diagnostics for KernelDiagnostics:StoreFiles START ---
2015-12-10 04:12:47.089+0000 INFO  [o.n.k.i.DiagnosticsManager] Disk space on partition (Total / Free / Free %): 499738734592 / 397731131392 / 79
Storage files: (filename : modification date - size)
2015-12-10 04:12:47.091+0000 INFO  [o.n.k.i.DiagnosticsManager]   dbms:
2015-12-10 04:12:47.094+0000 INFO  [o.n.k.i.DiagnosticsManager]     ssl:
2015-12-10 04:12:47.096+0000 INFO  [o.n.k.i.DiagnosticsManager]       snakeoil.cert: 2015-12-09T22:12:44-0600 - 630.00 B
2015-12-10 04:12:47.098+0000 INFO  [o.n.k.i.DiagnosticsManager]       snakeoil.key: 2015-12-09T22:12:44-0600 - 914.00 B
2015-12-10 04:12:47.100+0000 INFO  [o.n.k.i.DiagnosticsManager]     - Total: 2015-12-09T22:12:44-0600 - 1.51 kB
2015-12-10 04:12:47.103+0000 INFO  [o.n.k.i.DiagnosticsManager]   - Total: 2015-12-09T22:12:44-0600 - 1.51 kB
2015-12-10 04:12:47.105+0000 INFO  [o.n.k.i.DiagnosticsManager]   index:
2015-12-10 04:12:47.107+0000 INFO  [o.n.k.i.DiagnosticsManager]   - Total: 2015-12-09T22:12:46-0600 - 0.00 B
2015-12-10 04:12:47.109+0000 INFO  [o.n.k.i.DiagnosticsManager]   messages.log: 2015-12-09T22:12:44-0600 - 26.40 kB
2015-12-10 04:12:47.111+0000 INFO  [o.n.k.i.DiagnosticsManager]   neo4j.properties: 2015-12-09T22:12:43-0600 - 1.30 kB
2015-12-10 04:12:47.114+0000 INFO  [o.n.k.i.DiagnosticsManager]   neostore: 2015-12-09T22:12:46-0600 - 8.00 kB
2015-12-10 04:12:47.116+0000 INFO  [o.n.k.i.DiagnosticsManager]   neostore.counts.db.a: 2015-12-09T22:12:46-0600 - 96.00 B
2015-12-10 04:12:47.119+0000 INFO  [o.n.k.i.DiagnosticsManager]   neostore.id: 2015-12-09T22:12:46-0600 - 9.00 B
2015-12-10 04:12:47.121+0000 INFO  [o.n.k.i.DiagnosticsManager]   neostore.labeltokenstore.db: 2015-12-09T22:12:45-0600 - 0.00 B
2015-12-10 04:12:47.123+0000 INFO  [o.n.k.i.DiagnosticsManager]   neostore.labeltokenstore.db.id: 2015-12-09T22:12:45-0600 - 9.00 B
2015-12-10 04:12:47.126+0000 INFO  [o.n.k.i.DiagnosticsManager]   neostore.labeltokenstore.db.names: 2015-12-09T22:12:45-0600 - 8.00 kB
2015-12-10 04:12:47.128+0000 INFO  [o.n.k.i.DiagnosticsManager]   neostore.labeltokenstore.db.names.id: 2015-12-09T22:12:45-0600 - 9.00 B
2015-12-10 04:12:47.130+0000 INFO  [o.n.k.i.DiagnosticsManager]   neostore.nodestore.db: 2015-12-09T22:12:44-0600 - 0.00 B
2015-12-10 04:12:47.133+0000 INFO  [o.n.k.i.DiagnosticsManager]   neostore.nodestore.db.id: 2015-12-09T22:12:44-0600 - 9.00 B
2015-12-10 04:12:47.135+0000 INFO  [o.n.k.i.DiagnosticsManager]   neostore.nodestore.db.labels: 2015-12-09T22:12:44-0600 - 8.00 kB
2015-12-10 04:12:47.138+0000 INFO  [o.n.k.i.DiagnosticsManager]   neostore.nodestore.db.labels.id: 2015-12-09T22:12:44-0600 - 9.00 B
2015-12-10 04:12:47.140+0000 INFO  [o.n.k.i.DiagnosticsManager]   neostore.propertystore.db: 2015-12-09T22:12:45-0600 - 0.00 B
2015-12-10 04:12:47.142+0000 INFO  [o.n.k.i.DiagnosticsManager]   neostore.propertystore.db.arrays: 2015-12-09T22:12:45-0600 - 8.00 kB
2015-12-10 04:12:47.145+0000 INFO  [o.n.k.i.DiagnosticsManager]   neostore.propertystore.db.arrays.id: 2015-12-09T22:12:45-0600 - 9.00 B
2015-12-10 04:12:47.147+0000 INFO  [o.n.k.i.DiagnosticsManager]   neostore.propertystore.db.id: 2015-12-09T22:12:45-0600 - 9.00 B
2015-12-10 04:12:47.150+0000 INFO  [o.n.k.i.DiagnosticsManager]   neostore.propertystore.db.index: 2015-12-09T22:12:44-0600 - 0.00 B
2015-12-10 04:12:47.152+0000 INFO  [o.n.k.i.DiagnosticsManager]   neostore.propertystore.db.index.id: 2015-12-09T22:12:44-0600 - 9.00 B
2015-12-10 04:12:47.154+0000 INFO  [o.n.k.i.DiagnosticsManager]   neostore.propertystore.db.index.keys: 2015-12-09T22:12:44-0600 - 8.00 kB
2015-12-10 04:12:47.157+0000 INFO  [o.n.k.i.DiagnosticsManager]   neostore.propertystore.db.index.keys.id: 2015-12-09T22:12:44-0600 - 9.00 B
2015-12-10 04:12:47.159+0000 INFO  [o.n.k.i.DiagnosticsManager]   neostore.propertystore.db.strings: 2015-12-09T22:12:44-0600 - 8.00 kB
2015-12-10 04:12:47.162+0000 INFO  [o.n.k.i.DiagnosticsManager]   neostore.propertystore.db.strings.id: 2015-12-09T22:12:44-0600 - 9.00 B
2015-12-10 04:12:47.164+0000 INFO  [o.n.k.i.DiagnosticsManager]   neostore.relationshipgroupstore.db: 2015-12-09T22:12:46-0600 - 8.00 kB
2015-12-10 04:12:47.166+0000 INFO  [o.n.k.i.DiagnosticsManager]   neostore.relationshipgroupstore.db.id: 2015-12-09T22:12:46-0600 - 9.00 B
2015-12-10 04:12:47.169+0000 INFO  [o.n.k.i.DiagnosticsManager]   neostore.relationshipstore.db: 2015-12-09T22:12:45-0600 - 0.00 B
2015-12-10 04:12:47.171+0000 INFO  [o.n.k.i.DiagnosticsManager]   neostore.relationshipstore.db.id: 2015-12-09T22:12:45-0600 - 9.00 B
2015-12-10 04:12:47.174+0000 INFO  [o.n.k.i.DiagnosticsManager]   neostore.relationshiptypestore.db: 2015-12-09T22:12:45-0600 - 0.00 B
2015-12-10 04:12:47.176+0000 INFO  [o.n.k.i.DiagnosticsManager]   neostore.relationshiptypestore.db.id: 2015-12-09T22:12:45-0600 - 9.00 B
2015-12-10 04:12:47.178+0000 INFO  [o.n.k.i.DiagnosticsManager]   neostore.relationshiptypestore.db.names: 2015-12-09T22:12:45-0600 - 8.00 kB
2015-12-10 04:12:47.181+0000 INFO  [o.n.k.i.DiagnosticsManager]   neostore.relationshiptypestore.db.names.id: 2015-12-09T22:12:45-0600 - 9.00 B
2015-12-10 04:12:47.183+0000 INFO  [o.n.k.i.DiagnosticsManager]   neostore.schemastore.db: 2015-12-09T22:12:46-0600 - 8.00 kB
2015-12-10 04:12:47.185+0000 INFO  [o.n.k.i.DiagnosticsManager]   neostore.schemastore.db.id: 2015-12-09T22:12:46-0600 - 9.00 B
2015-12-10 04:12:47.188+0000 INFO  [o.n.k.i.DiagnosticsManager]   neostore.transaction.db.0: 2015-12-09T22:12:46-0600 - 16.00 B
2015-12-10 04:12:47.190+0000 INFO  [o.n.k.i.DiagnosticsManager]   schema:
2015-12-10 04:12:47.192+0000 INFO  [o.n.k.i.DiagnosticsManager]     label:
2015-12-10 04:12:47.194+0000 INFO  [o.n.k.i.DiagnosticsManager]       lucene:
2015-12-10 04:12:47.197+0000 INFO  [o.n.k.i.DiagnosticsManager]         write.lock: 2015-12-09T22:12:46-0600 - 0.00 B
2015-12-10 04:12:47.199+0000 INFO  [o.n.k.i.DiagnosticsManager]       - Total: 2015-12-09T22:12:46-0600 - 0.00 B
2015-12-10 04:12:47.201+0000 INFO  [o.n.k.i.DiagnosticsManager]     - Total: 2015-12-09T22:12:46-0600 - 0.00 B
2015-12-10 04:12:47.203+0000 INFO  [o.n.k.i.DiagnosticsManager]   - Total: 2015-12-09T22:12:46-0600 - 0.00 B
2015-12-10 04:12:47.206+0000 INFO  [o.n.k.i.DiagnosticsManager]   store_lock: 2015-12-09T22:12:44-0600 - 0.00 B
2015-12-10 04:12:47.208+0000 INFO  [o.n.k.i.DiagnosticsManager] --- STARTED diagnostics for KernelDiagnostics:StoreFiles END ---
2015-12-10 04:12:47.218+0000 INFO  [o.n.k.i.DiagnosticsManager] --- SERVER STARTED START ---
2015-12-10 04:12:47.873+0000 INFO  [o.n.k.i.DiagnosticsManager] --- SERVER STARTED END ---
2015-12-10 04:17:46.656+0000 INFO  [o.n.k.i.t.l.c.CheckPointerImpl] Check Pointing triggered by scheduler for time threshold [3950]:  Starting check pointing...
2015-12-10 04:17:46.659+0000 INFO  [o.n.k.i.t.l.c.CheckPointerImpl] Check Pointing triggered by scheduler for time threshold [3950]:  Starting store flush...
2015-12-10 04:17:46.822+0000 INFO  [o.n.k.i.s.c.CountsTracker] About to rotate counts store at transaction 3951 to [C:\561\4000\4000D1\neostore.counts.db.b], from [C:\561\4000\4000D1\neostore.counts.db.a].
2015-12-10 04:17:46.832+0000 INFO  [o.n.k.i.s.c.CountsTracker] Successfully rotated counts store at transaction 3951 to [C:\561\4000\4000D1\neostore.counts.db.b], from [C:\561\4000\4000D1\neostore.counts.db.a].
2015-12-10 04:17:47.372+0000 INFO  [o.n.k.i.t.l.c.CheckPointerImpl] Check Pointing triggered by scheduler for time threshold [3950]:  Store flush completed
2015-12-10 04:17:47.378+0000 INFO  [o.n.k.i.t.l.c.CheckPointerImpl] Check Pointing triggered by scheduler for time threshold [3950]:  Starting appending check point entry into the tx log...
2015-12-10 04:17:47.413+0000 INFO  [o.n.k.i.t.l.c.CheckPointerImpl] Check Pointing triggered by scheduler for time threshold [3950]:  Appending check point entry into the tx log completed
2015-12-10 04:17:47.419+0000 INFO  [o.n.k.i.t.l.c.CheckPointerImpl] Check Pointing triggered by scheduler for time threshold [3950]:  Check pointing completed
2015-12-10 04:17:47.423+0000 INFO  [o.n.k.i.t.l.p.LogPruningImpl] Log Rotation [0]:  Starting log pruning.
2015-12-10 04:17:47.427+0000 INFO  [o.n.k.i.t.l.p.LogPruningImpl] Log Rotation [0]:  Log pruning complete.
2015-12-10 04:18:09.646+0000 INFO  [o.n.k.i.f.GraphDatabaseFacade] Shutdown started
2015-12-10 04:18:09.649+0000 INFO  [o.n.k.i.f.CommunityFacadeFactory] Database is now unavailable
2015-12-10 04:18:09.812+0000 INFO  [o.n.k.i.s.c.CountsTracker] About to rotate counts store at transaction 4009 to [C:\561\4000\4000D1\neostore.counts.db.a], from [C:\561\4000\4000D1\neostore.counts.db.b].
2015-12-10 04:18:09.827+0000 INFO  [o.n.k.i.s.c.CountsTracker] Successfully rotated counts store at transaction 4009 to [C:\561\4000\4000D1\neostore.counts.db.a], from [C:\561\4000\4000D1\neostore.counts.db.b].
2015-12-10 04:18:10.075+0000 INFO  [o.n.k.i.t.l.c.CheckPointerImpl] Check Pointing triggered by database shutdown [4009]:  Starting check pointing...
2015-12-10 04:18:10.082+0000 INFO  [o.n.k.i.t.l.c.CheckPointerImpl] Check Pointing triggered by database shutdown [4009]:  Starting store flush...
2015-12-10 04:18:10.104+0000 INFO  [o.n.k.i.t.l.c.CheckPointerImpl] Check Pointing triggered by database shutdown [4009]:  Store flush completed
2015-12-10 04:18:10.110+0000 INFO  [o.n.k.i.t.l.c.CheckPointerImpl] Check Pointing triggered by database shutdown [4009]:  Starting appending check point entry into the tx log...
2015-12-10 04:18:10.144+0000 INFO  [o.n.k.i.t.l.c.CheckPointerImpl] Check Pointing triggered by database shutdown [4009]:  Appending check point entry into the tx log completed
2015-12-10 04:18:10.150+0000 INFO  [o.n.k.i.t.l.c.CheckPointerImpl] Check Pointing triggered by database shutdown [4009]:  Check pointing completed
2015-12-10 04:18:10.156+0000 INFO  [o.n.k.i.t.l.p.LogPruningImpl] Log Rotation [0]:  Starting log pruning.
2015-12-10 04:18:10.163+0000 INFO  [o.n.k.i.t.l.p.LogPruningImpl] Log Rotation [0]:  Log pruning complete.
2015-12-10 04:18:11.394+0000 INFO  [o.n.k.NeoStoreDataSource] NeoStores closed
2015-12-10 04:18:11.400+0000 INFO  [o.n.k.i.DiagnosticsManager] --- STOPPING diagnostics START ---
2015-12-10 04:18:11.400+0000 INFO  [o.n.k.i.DiagnosticsManager] --- STOPPING diagnostics END ---
2015-12-11 03:25:12.553+0000 INFO  [o.n.k.i.f.CommunityFacadeFactory] No locking implementation specified, defaulting to 'community'
2015-12-11 03:25:12.583+0000 INFO  [o.n.k.AvailabilityGuard] Requirement makes database unavailable: Database available
2015-12-11 03:25:12.586+0000 INFO  [o.n.k.i.DiagnosticsManager] --- INITIALIZED diagnostics START ---
2015-12-11 03:25:12.586+0000 INFO  [o.n.k.i.DiagnosticsManager] Neo4j Kernel properties:
2015-12-11 03:25:12.586+0000 INFO  [o.n.k.i.DiagnosticsManager] org.neo4j.server.db.tuning.properties=C:\561\4000\4000D1\neo4j.properties
2015-12-11 03:25:12.586+0000 INFO  [o.n.k.i.DiagnosticsManager] org.neo4j.server.database.location=C:\561\4000\4000D1
2015-12-11 03:25:12.586+0000 INFO  [o.n.k.i.DiagnosticsManager] dbms.querylog.filename=data/log/queries.log
2015-12-11 03:25:12.586+0000 INFO  [o.n.k.i.DiagnosticsManager] dbms.security.auth_store.location=C:\561\4000\4000D1\.\dbms\auth
2015-12-11 03:25:12.586+0000 INFO  [o.n.k.i.DiagnosticsManager] dbms.security.tls_certificate_file=C:\561\4000\4000D1\.\dbms\ssl\snakeoil.cert
2015-12-11 03:25:12.586+0000 INFO  [o.n.k.i.DiagnosticsManager] remote_shell_enabled=true
2015-12-11 03:25:12.586+0000 INFO  [o.n.k.i.DiagnosticsManager] edition=Community
2015-12-11 03:25:12.586+0000 INFO  [o.n.k.i.DiagnosticsManager] dbms.security.tls_key_file=C:\561\4000\4000D1\.\dbms\ssl\snakeoil.key
2015-12-11 03:25:12.586+0000 INFO  [o.n.k.i.DiagnosticsManager] Diagnostics providers:
2015-12-11 03:25:12.586+0000 INFO  [o.n.k.i.DiagnosticsManager] org.neo4j.kernel.configuration.Config
2015-12-11 03:25:12.586+0000 INFO  [o.n.k.i.DiagnosticsManager] org.neo4j.kernel.info.DiagnosticsManager
2015-12-11 03:25:12.586+0000 INFO  [o.n.k.i.DiagnosticsManager] SYSTEM_MEMORY
2015-12-11 03:25:12.586+0000 INFO  [o.n.k.i.DiagnosticsManager] JAVA_MEMORY
2015-12-11 03:25:12.586+0000 INFO  [o.n.k.i.DiagnosticsManager] OPERATING_SYSTEM
2015-12-11 03:25:12.586+0000 INFO  [o.n.k.i.DiagnosticsManager] JAVA_VIRTUAL_MACHINE
2015-12-11 03:25:12.586+0000 INFO  [o.n.k.i.DiagnosticsManager] CLASSPATH
2015-12-11 03:25:12.586+0000 INFO  [o.n.k.i.DiagnosticsManager] LIBRARY_PATH
2015-12-11 03:25:12.586+0000 INFO  [o.n.k.i.DiagnosticsManager] SYSTEM_PROPERTIES
2015-12-11 03:25:12.586+0000 INFO  [o.n.k.i.DiagnosticsManager] NETWORK
2015-12-11 03:25:12.586+0000 INFO  [o.n.k.i.DiagnosticsManager] System memory information:
2015-12-11 03:25:12.586+0000 INFO  [o.n.k.i.DiagnosticsManager] Total Physical memory: 3.93 GB
2015-12-11 03:25:12.586+0000 INFO  [o.n.k.i.DiagnosticsManager] Free Physical memory: 1.96 GB
2015-12-11 03:25:12.586+0000 INFO  [o.n.k.i.DiagnosticsManager] Committed virtual memory: 388.01 MB
2015-12-11 03:25:12.586+0000 INFO  [o.n.k.i.DiagnosticsManager] Total swap space: 5.66 GB
2015-12-11 03:25:12.586+0000 INFO  [o.n.k.i.DiagnosticsManager] Free swap space: 1.75 GB
2015-12-11 03:25:12.586+0000 INFO  [o.n.k.i.DiagnosticsManager] JVM memory information:
2015-12-11 03:25:12.586+0000 INFO  [o.n.k.i.DiagnosticsManager] Free  memory: 21.09 MB
2015-12-11 03:25:12.586+0000 INFO  [o.n.k.i.DiagnosticsManager] Total memory: 91.00 MB
2015-12-11 03:25:12.586+0000 INFO  [o.n.k.i.DiagnosticsManager] Max   memory: 894.50 MB
2015-12-11 03:25:12.586+0000 INFO  [o.n.k.i.DiagnosticsManager] Garbage Collector: PS Scavenge: [PS Eden Space, PS Survivor Space]
2015-12-11 03:25:12.586+0000 INFO  [o.n.k.i.DiagnosticsManager] Garbage Collector: PS MarkSweep: [PS Eden Space, PS Survivor Space, PS Old Gen, PS Perm Gen]
2015-12-11 03:25:12.587+0000 INFO  [o.n.k.i.DiagnosticsManager] Memory Pool: Code Cache (Non-heap memory): committed=13.31 MB, used=12.36 MB, max=48.00 MB, threshold=0.00 B
2015-12-11 03:25:12.587+0000 INFO  [o.n.k.i.DiagnosticsManager] Memory Pool: PS Eden Space (Heap memory): committed=29.50 MB, used=18.36 MB, max=334.50 MB, threshold=?
2015-12-11 03:25:12.587+0000 INFO  [o.n.k.i.DiagnosticsManager] Memory Pool: PS Survivor Space (Heap memory): committed=512.00 kB, used=288.00 kB, max=512.00 kB, threshold=?
2015-12-11 03:25:12.587+0000 INFO  [o.n.k.i.DiagnosticsManager] Memory Pool: PS Old Gen (Heap memory): committed=61.00 MB, used=51.28 MB, max=670.50 MB, threshold=0.00 B
2015-12-11 03:25:12.587+0000 INFO  [o.n.k.i.DiagnosticsManager] Memory Pool: PS Perm Gen (Non-heap memory): committed=69.00 MB, used=68.76 MB, max=82.00 MB, threshold=0.00 B
2015-12-11 03:25:12.587+0000 INFO  [o.n.k.i.DiagnosticsManager] Operating system information:
2015-12-11 03:25:12.587+0000 INFO  [o.n.k.i.DiagnosticsManager] Operating System: Windows 8.1; version: 6.3; arch: amd64; cpus: 8
2015-12-11 03:25:12.588+0000 INFO  [o.n.k.i.DiagnosticsManager] Process id: 3784@ATAN-B03-02
2015-12-11 03:25:12.588+0000 INFO  [o.n.k.i.DiagnosticsManager] Byte order: LITTLE_ENDIAN
2015-12-11 03:25:12.588+0000 INFO  [o.n.k.i.DiagnosticsManager] Local timezone: America/Chicago
2015-12-11 03:25:12.588+0000 INFO  [o.n.k.i.DiagnosticsManager] JVM information:
2015-12-11 03:25:12.588+0000 INFO  [o.n.k.i.DiagnosticsManager] VM Name: Java HotSpot(TM) 64-Bit Server VM
2015-12-11 03:25:12.588+0000 INFO  [o.n.k.i.DiagnosticsManager] VM Vendor: Oracle Corporation
2015-12-11 03:25:12.588+0000 INFO  [o.n.k.i.DiagnosticsManager] VM Version: 24.80-b11
2015-12-11 03:25:12.588+0000 INFO  [o.n.k.i.DiagnosticsManager] JIT compiler: HotSpot 64-Bit Tiered Compilers
2015-12-11 03:25:12.588+0000 INFO  [o.n.k.i.DiagnosticsManager] VM Arguments: [-Dexe4j.semaphoreName=Local\c:_program_files_neo4j_ce_2.3.1_bin_neo4j-ce.exe, -Dexe4j.isInstall4j=true, -Dexe4j.moduleName=C:\Program Files\Neo4j CE 2.3.1\bin\neo4j-ce.exe, -Dexe4j.tempDir=, -Dexe4j.unextractedPosition=0, -Djava.library.path=C:\Program Files (x86)\AMD APP\bin\x86_64;C:\Program Files (x86)\AMD APP\bin\x86;C:\ProgramData\Oracle\Java\javapath;C:\Windows\system32;C:\Windows;C:\Windows\System32\Wbem;C:\Windows\System32\WindowsPowerShell\v1.0\;C:\Program Files (x86)\MiKTeX 2.9\miktex\bin\;C:\Program Files\TortoiseSVN\bin;C:\Windows\system32\config\systemprofile\.dnx\bin;C:\Program Files\Microsoft DNX\Dnvm\;C:\Program Files\MATLAB\R2015b\runtime\win64;C:\Program Files\MATLAB\R2015b\bin;C:\Program Files (x86)\ATI Technologies\ATI.ACE\Core-Static;c:\program files\neo4j ce 2.3.1\jre\bin, -Dexe4j.consoleCodepage=cp0, -Dinstall4j.launcherId=24, -Dinstall4j.swt=false]
2015-12-11 03:25:12.588+0000 INFO  [o.n.k.i.DiagnosticsManager] Java classpath:
2015-12-11 03:25:12.590+0000 INFO  [o.n.k.i.DiagnosticsManager]  [loader.1] file:/C:/Program%20Files/Neo4j%20CE%202.3.1/jre/lib/ext/dnsns.jar
2015-12-11 03:25:12.590+0000 INFO  [o.n.k.i.DiagnosticsManager]  [loader.0] file:/C:/Program%20Files/Neo4j%20CE%202.3.1/bin/
2015-12-11 03:25:12.590+0000 INFO  [o.n.k.i.DiagnosticsManager]  [bootstrap] C:\Program Files\Neo4j CE 2.3.1\jre\lib\resources.jar
2015-12-11 03:25:12.590+0000 INFO  [o.n.k.i.DiagnosticsManager]  [bootstrap] C:\Program Files\Neo4j CE 2.3.1\jre\lib\jfr.jar
2015-12-11 03:25:12.590+0000 INFO  [o.n.k.i.DiagnosticsManager]  [classpath] C:\Program Files\Neo4j CE 2.3.1\.install4j\i4jruntime.jar
2015-12-11 03:25:12.590+0000 INFO  [o.n.k.i.DiagnosticsManager]  [loader.1] file:/C:/Program%20Files/Neo4j%20CE%202.3.1/jre/lib/ext/sunmscapi.jar
2015-12-11 03:25:12.590+0000 INFO  [o.n.k.i.DiagnosticsManager]  [bootstrap] C:\Program Files\Neo4j CE 2.3.1\jre\lib\jsse.jar
2015-12-11 03:25:12.590+0000 INFO  [o.n.k.i.DiagnosticsManager]  [loader.1] file:/C:/Program%20Files/Neo4j%20CE%202.3.1/jre/lib/ext/dns_sd.jar
2015-12-11 03:25:12.590+0000 INFO  [o.n.k.i.DiagnosticsManager]  [loader.0] file:/C:/Program%20Files/Neo4j%20CE%202.3.1/.install4j/i4jruntime.jar
2015-12-11 03:25:12.590+0000 INFO  [o.n.k.i.DiagnosticsManager]  [loader.0] file:/C:/Program%20Files/Neo4j%20CE%202.3.1/bin/neo4j-desktop-2.3.1.jar
2015-12-11 03:25:12.590+0000 INFO  [o.n.k.i.DiagnosticsManager]  [loader.1] file:/C:/Program%20Files/Neo4j%20CE%202.3.1/jre/lib/ext/access-bridge-64.jar
2015-12-11 03:25:12.590+0000 INFO  [o.n.k.i.DiagnosticsManager]  [loader.1] file:/C:/Program%20Files/Neo4j%20CE%202.3.1/jre/lib/ext/localedata.jar
2015-12-11 03:25:12.590+0000 INFO  [o.n.k.i.DiagnosticsManager]  [bootstrap] C:\Program Files\Neo4j CE 2.3.1\jre\lib\sunrsasign.jar
2015-12-11 03:25:12.590+0000 INFO  [o.n.k.i.DiagnosticsManager]  [bootstrap] C:\Program Files\Neo4j CE 2.3.1\jre\lib\jce.jar
2015-12-11 03:25:12.590+0000 INFO  [o.n.k.i.DiagnosticsManager]  [bootstrap] C:\Program Files\Neo4j CE 2.3.1\jre\lib\rt.jar
2015-12-11 03:25:12.590+0000 INFO  [o.n.k.i.DiagnosticsManager]  [bootstrap] C:\Program Files\Neo4j CE 2.3.1\jre\lib\charsets.jar
2015-12-11 03:25:12.590+0000 INFO  [o.n.k.i.DiagnosticsManager]  [loader.1] file:/C:/Program%20Files/Neo4j%20CE%202.3.1/jre/lib/ext/sunjce_provider.jar
2015-12-11 03:25:12.590+0000 INFO  [o.n.k.i.DiagnosticsManager]  [bootstrap] C:\Program Files\Neo4j CE 2.3.1\jre\classes
2015-12-11 03:25:12.590+0000 INFO  [o.n.k.i.DiagnosticsManager]  [loader.1] file:/C:/Program%20Files/Neo4j%20CE%202.3.1/jre/lib/ext/zipfs.jar
2015-12-11 03:25:12.590+0000 INFO  [o.n.k.i.DiagnosticsManager]  [loader.1] file:/C:/Program%20Files/Neo4j%20CE%202.3.1/jre/lib/ext/jaccess.jar
2015-12-11 03:25:12.590+0000 INFO  [o.n.k.i.DiagnosticsManager]  [loader.1] file:/C:/Program%20Files/Neo4j%20CE%202.3.1/jre/lib/ext/sunec.jar
2015-12-11 03:25:12.590+0000 INFO  [o.n.k.i.DiagnosticsManager]  [classpath] C:\Program Files\Neo4j CE 2.3.1\bin\neo4j-desktop-2.3.1.jar
2015-12-11 03:25:12.590+0000 INFO  [o.n.k.i.DiagnosticsManager] Library path:
2015-12-11 03:25:12.590+0000 INFO  [o.n.k.i.DiagnosticsManager] C:\Program Files (x86)\AMD APP\bin\x86_64
2015-12-11 03:25:12.590+0000 INFO  [o.n.k.i.DiagnosticsManager] C:\Program Files (x86)\AMD APP\bin\x86
2015-12-11 03:25:12.591+0000 INFO  [o.n.k.i.DiagnosticsManager] C:\ProgramData\Oracle\Java\javapath
2015-12-11 03:25:12.591+0000 INFO  [o.n.k.i.DiagnosticsManager] C:\Windows\System32
2015-12-11 03:25:12.591+0000 INFO  [o.n.k.i.DiagnosticsManager] C:\Windows
2015-12-11 03:25:12.591+0000 INFO  [o.n.k.i.DiagnosticsManager] C:\Windows\System32\wbem
2015-12-11 03:25:12.591+0000 INFO  [o.n.k.i.DiagnosticsManager] C:\Windows\System32\WindowsPowerShell\v1.0
2015-12-11 03:25:12.592+0000 INFO  [o.n.k.i.DiagnosticsManager] C:\Program Files (x86)\MiKTeX 2.9\miktex\bin
2015-12-11 03:25:12.592+0000 INFO  [o.n.k.i.DiagnosticsManager] C:\Program Files\TortoiseSVN\bin
2015-12-11 03:25:12.592+0000 INFO  [o.n.k.i.DiagnosticsManager] C:\Windows\System32\config\systemprofile\.dnx\bin
2015-12-11 03:25:12.592+0000 INFO  [o.n.k.i.DiagnosticsManager] C:\Program Files\Microsoft DNX\Dnvm
2015-12-11 03:25:12.592+0000 INFO  [o.n.k.i.DiagnosticsManager] C:\Program Files\MATLAB\R2015b\runtime\win64
2015-12-11 03:25:12.592+0000 INFO  [o.n.k.i.DiagnosticsManager] C:\Program Files\MATLAB\R2015b\bin
2015-12-11 03:25:12.593+0000 INFO  [o.n.k.i.DiagnosticsManager] C:\Program Files (x86)\ATI Technologies\ATI.ACE\Core-Static
2015-12-11 03:25:12.593+0000 INFO  [o.n.k.i.DiagnosticsManager] C:\Program Files\Neo4j CE 2.3.1\jre\bin
2015-12-11 03:25:12.593+0000 INFO  [o.n.k.i.DiagnosticsManager] System.properties:
2015-12-11 03:25:12.593+0000 INFO  [o.n.k.i.DiagnosticsManager] exe4j.moduleName = C:\Program Files\Neo4j CE 2.3.1\bin\neo4j-ce.exe
2015-12-11 03:25:12.593+0000 INFO  [o.n.k.i.DiagnosticsManager] exe4j.semaphoreName = Local\c:_program_files_neo4j_ce_2.3.1_bin_neo4j-ce.exe
2015-12-11 03:25:12.593+0000 INFO  [o.n.k.i.DiagnosticsManager] sun.boot.library.path = c:\program files\neo4j ce 2.3.1\jre\bin
2015-12-11 03:25:12.593+0000 INFO  [o.n.k.i.DiagnosticsManager] exe4j.consoleCodepage = cp0
2015-12-11 03:25:12.593+0000 INFO  [o.n.k.i.DiagnosticsManager] path.separator = ;
2015-12-11 03:25:12.593+0000 INFO  [o.n.k.i.DiagnosticsManager] file.encoding.pkg = sun.io
2015-12-11 03:25:12.593+0000 INFO  [o.n.k.i.DiagnosticsManager] user.country = US
2015-12-11 03:25:12.593+0000 INFO  [o.n.k.i.DiagnosticsManager] user.script = 
2015-12-11 03:25:12.593+0000 INFO  [o.n.k.i.DiagnosticsManager] sun.os.patch.level = 
2015-12-11 03:25:12.593+0000 INFO  [o.n.k.i.DiagnosticsManager] install4j.exeDir = C:\Program Files\Neo4j CE 2.3.1\bin\
2015-12-11 03:25:12.593+0000 INFO  [o.n.k.i.DiagnosticsManager] user.dir = C:\Program Files\Neo4j CE 2.3.1\bin
2015-12-11 03:25:12.593+0000 INFO  [o.n.k.i.DiagnosticsManager] neo4j.ext.udc.source = desktop
2015-12-11 03:25:12.593+0000 INFO  [o.n.k.i.DiagnosticsManager] user.variant = 
2015-12-11 03:25:12.593+0000 INFO  [o.n.k.i.DiagnosticsManager] exe4j.tempDir = 
2015-12-11 03:25:12.593+0000 INFO  [o.n.k.i.DiagnosticsManager] sun.jnu.encoding = Cp1252
2015-12-11 03:25:12.593+0000 INFO  [o.n.k.i.DiagnosticsManager] sun.awt.enableExtraMouseButtons = true
2015-12-11 03:25:12.593+0000 INFO  [o.n.k.i.DiagnosticsManager] install4j.launcherId = 24
2015-12-11 03:25:12.593+0000 INFO  [o.n.k.i.DiagnosticsManager] sun.management.compiler = HotSpot 64-Bit Tiered Compilers
2015-12-11 03:25:12.593+0000 INFO  [o.n.k.i.DiagnosticsManager] exe4j.isInstall4j = true
2015-12-11 03:25:12.593+0000 INFO  [o.n.k.i.DiagnosticsManager] install4j.swt = false
2015-12-11 03:25:12.593+0000 INFO  [o.n.k.i.DiagnosticsManager] user.home = C:\Users\cez
2015-12-11 03:25:12.593+0000 INFO  [o.n.k.i.DiagnosticsManager] user.timezone = America/Chicago
2015-12-11 03:25:12.593+0000 INFO  [o.n.k.i.DiagnosticsManager] file.encoding = Cp1252
2015-12-11 03:25:12.593+0000 INFO  [o.n.k.i.DiagnosticsManager] user.name = cez
2015-12-11 03:25:12.593+0000 INFO  [o.n.k.i.DiagnosticsManager] sun.java.command = C:\Program Files\Neo4j CE 2.3.1\bin\neo4j-ce.exe
2015-12-11 03:25:12.593+0000 INFO  [o.n.k.i.DiagnosticsManager] sun.arch.data.model = 64
2015-12-11 03:25:12.593+0000 INFO  [o.n.k.i.DiagnosticsManager] exe4j.launchName = C:\Program Files\Neo4j CE 2.3.1\bin\neo4j-ce.exe
2015-12-11 03:25:12.593+0000 INFO  [o.n.k.i.DiagnosticsManager] user.language = en
2015-12-11 03:25:12.593+0000 INFO  [o.n.k.i.DiagnosticsManager] awt.toolkit = sun.awt.windows.WToolkit
2015-12-11 03:25:12.593+0000 INFO  [o.n.k.i.DiagnosticsManager] exe4j.unextractedPosition = 0
2015-12-11 03:25:12.593+0000 INFO  [o.n.k.i.DiagnosticsManager] install4j.appDir = C:\Program Files\Neo4j CE 2.3.1\
2015-12-11 03:25:12.593+0000 INFO  [o.n.k.i.DiagnosticsManager] file.separator = \
2015-12-11 03:25:12.593+0000 INFO  [o.n.k.i.DiagnosticsManager] sun.io.unicode.encoding = UnicodeLittle
2015-12-11 03:25:12.593+0000 INFO  [o.n.k.i.DiagnosticsManager] sun.cpu.endian = little
2015-12-11 03:25:12.593+0000 INFO  [o.n.k.i.DiagnosticsManager] sun.desktop = windows
2015-12-11 03:25:12.593+0000 INFO  [o.n.k.i.DiagnosticsManager] sun.cpu.isalist = amd64
2015-12-11 03:25:12.593+0000 INFO  [o.n.k.i.DiagnosticsManager] Network information:
2015-12-11 03:25:12.607+0000 INFO  [o.n.k.i.DiagnosticsManager] Interface Software Loopback Interface 1:
2015-12-11 03:25:12.607+0000 INFO  [o.n.k.i.DiagnosticsManager]     address: 127.0.0.1
2015-12-11 03:25:12.607+0000 INFO  [o.n.k.i.DiagnosticsManager]     address: 0:0:0:0:0:0:0:1
2015-12-11 03:25:12.607+0000 INFO  [o.n.k.i.DiagnosticsManager] Interface Microsoft Kernel Debug Network Adapter:
2015-12-11 03:25:12.607+0000 INFO  [o.n.k.i.DiagnosticsManager] Interface Intel(R) 82578DM Gigabit Network Connection:
2015-12-11 03:25:12.607+0000 INFO  [o.n.k.i.DiagnosticsManager]     address: 10.24.47.166
2015-12-11 03:25:12.607+0000 INFO  [o.n.k.i.DiagnosticsManager]     address: 2610:130:101:d00:4493:c16:efa9:8b55
2015-12-11 03:25:12.607+0000 INFO  [o.n.k.i.DiagnosticsManager]     address: 2610:130:101:d00:920:e15d:79eb:345b
2015-12-11 03:25:12.607+0000 INFO  [o.n.k.i.DiagnosticsManager]     address: 2610:130:101:d00:a502:b02c:1a2d:577b
2015-12-11 03:25:12.607+0000 INFO  [o.n.k.i.DiagnosticsManager]     address: fe80:0:0:0:4493:c16:efa9:8b55%3
2015-12-11 03:25:12.607+0000 INFO  [o.n.k.i.DiagnosticsManager] Interface Microsoft ISATAP Adapter:
2015-12-11 03:25:12.607+0000 INFO  [o.n.k.i.DiagnosticsManager]     address: fe80:0:0:0:0:5efe:c0a8:3801%4
2015-12-11 03:25:12.607+0000 INFO  [o.n.k.i.DiagnosticsManager] Interface Teredo Tunneling Pseudo-Interface:
2015-12-11 03:25:12.607+0000 INFO  [o.n.k.i.DiagnosticsManager] Interface Microsoft ISATAP Adapter #2:
2015-12-11 03:25:12.607+0000 INFO  [o.n.k.i.DiagnosticsManager]     address: fe80:0:0:0:0:5efe:a18:2fa6%6
2015-12-11 03:25:12.607+0000 INFO  [o.n.k.i.DiagnosticsManager] Interface VirtualBox Host-Only Ethernet Adapter:
2015-12-11 03:25:12.607+0000 INFO  [o.n.k.i.DiagnosticsManager]     address: 192.168.56.1
2015-12-11 03:25:12.607+0000 INFO  [o.n.k.i.DiagnosticsManager]     address: fe80:0:0:0:4133:2d33:29c2:6efa%7
2015-12-11 03:25:12.607+0000 INFO  [o.n.k.i.DiagnosticsManager] Interface Microsoft ISATAP Adapter #3:
2015-12-11 03:25:12.607+0000 INFO  [o.n.k.i.DiagnosticsManager] Interface VirtualBox Host-Only Ethernet Adapter-WFP Native MAC Layer LightWeight Filter-0000:
2015-12-11 03:25:12.607+0000 INFO  [o.n.k.i.DiagnosticsManager] Interface VirtualBox Host-Only Ethernet Adapter-VirtualBox NDIS Light-Weight Filter-0000:
2015-12-11 03:25:12.607+0000 INFO  [o.n.k.i.DiagnosticsManager] Interface VirtualBox Host-Only Ethernet Adapter-QoS Packet Scheduler-0000:
2015-12-11 03:25:12.607+0000 INFO  [o.n.k.i.DiagnosticsManager] Interface VirtualBox Host-Only Ethernet Adapter-WFP 802.3 MAC Layer LightWeight Filter-0000:
2015-12-11 03:25:12.607+0000 INFO  [o.n.k.i.DiagnosticsManager] Interface Intel(R) 82578DM Gigabit Network Connection-WFP Native MAC Layer LightWeight Filter-0000:
2015-12-11 03:25:12.607+0000 INFO  [o.n.k.i.DiagnosticsManager] Interface Intel(R) 82578DM Gigabit Network Connection-VirtualBox NDIS Light-Weight Filter-0000:
2015-12-11 03:25:12.607+0000 INFO  [o.n.k.i.DiagnosticsManager] Interface Intel(R) 82578DM Gigabit Network Connection-QoS Packet Scheduler-0000:
2015-12-11 03:25:12.607+0000 INFO  [o.n.k.i.DiagnosticsManager] Interface Intel(R) 82578DM Gigabit Network Connection-WFP 802.3 MAC Layer LightWeight Filter-0000:
2015-12-11 03:25:12.607+0000 INFO  [o.n.k.i.DiagnosticsManager] --- INITIALIZED diagnostics END ---
2015-12-11 03:25:14.217+0000 INFO  [o.n.k.KernelHealth] Kernel health set to OK
2015-12-11 03:25:14.225+0000 INFO  [o.n.k.AvailabilityGuard] Fulfilling of requirement makes database available: Database available
2015-12-11 03:25:14.228+0000 INFO  [o.n.k.i.f.CommunityFacadeFactory] Database is now ready
2015-12-11 03:25:14.230+0000 INFO  [o.n.k.i.DiagnosticsManager] --- STARTED diagnostics for KernelDiagnostics:Versions START ---
2015-12-11 03:25:14.233+0000 INFO  [o.n.k.i.DiagnosticsManager] Graph Database: Community StoreId{creationTime=1449720766443, randomId=1931170703960944162, storeVersion=15250506225055238, upgradeTime=1449720766443, upgradeId=1}
2015-12-11 03:25:14.235+0000 INFO  [o.n.k.i.DiagnosticsManager] Kernel version: 2.3.1
2015-12-11 03:25:14.237+0000 INFO  [o.n.k.i.DiagnosticsManager] --- STARTED diagnostics for KernelDiagnostics:Versions END ---
2015-12-11 03:25:14.239+0000 INFO  [o.n.k.i.DiagnosticsManager] --- STARTED diagnostics for NEO_STORE_VERSIONS START ---
2015-12-11 03:25:14.241+0000 INFO  [o.n.k.i.DiagnosticsManager] Store versions:
2015-12-11 03:25:14.243+0000 INFO  [o.n.k.i.DiagnosticsManager] Store versions:
2015-12-11 03:25:14.245+0000 INFO  [o.n.k.i.DiagnosticsManager] ArrayPropertyStore v0.A.6
2015-12-11 03:25:14.247+0000 INFO  [o.n.k.i.DiagnosticsManager] NodeStore v0.A.6
2015-12-11 03:25:14.249+0000 INFO  [o.n.k.i.DiagnosticsManager] StringPropertyStore v0.A.6
2015-12-11 03:25:14.251+0000 INFO  [o.n.k.i.DiagnosticsManager] PropertyIndexStore v0.A.6
2015-12-11 03:25:14.253+0000 INFO  [o.n.k.i.DiagnosticsManager] StringPropertyStore v0.A.6
2015-12-11 03:25:14.256+0000 INFO  [o.n.k.i.DiagnosticsManager] ArrayPropertyStore v0.A.6
2015-12-11 03:25:14.258+0000 INFO  [o.n.k.i.DiagnosticsManager] PropertyStore v0.A.6
2015-12-11 03:25:14.260+0000 INFO  [o.n.k.i.DiagnosticsManager] RelationshipStore v0.A.6
2015-12-11 03:25:14.262+0000 INFO  [o.n.k.i.DiagnosticsManager] StringPropertyStore v0.A.6
2015-12-11 03:25:14.264+0000 INFO  [o.n.k.i.DiagnosticsManager] RelationshipTypeStore v0.A.6
2015-12-11 03:25:14.266+0000 INFO  [o.n.k.i.DiagnosticsManager] StringPropertyStore v0.A.6
2015-12-11 03:25:14.268+0000 INFO  [o.n.k.i.DiagnosticsManager] LabelTokenStore v0.A.6
2015-12-11 03:25:14.270+0000 INFO  [o.n.k.i.DiagnosticsManager] SchemaStore v0.A.6
2015-12-11 03:25:14.272+0000 INFO  [o.n.k.i.DiagnosticsManager] RelationshipGroupStore v0.A.6
2015-12-11 03:25:14.274+0000 INFO  [o.n.k.i.DiagnosticsManager] NeoStore v0.A.6
2015-12-11 03:25:14.276+0000 INFO  [o.n.k.i.DiagnosticsManager] --- STARTED diagnostics for NEO_STORE_VERSIONS END ---
2015-12-11 03:25:14.278+0000 INFO  [o.n.k.i.DiagnosticsManager] --- STARTED diagnostics for NEO_STORE_ID_USAGE START ---
2015-12-11 03:25:14.280+0000 INFO  [o.n.k.i.DiagnosticsManager] Id usage:
2015-12-11 03:25:14.282+0000 INFO  [o.n.k.i.DiagnosticsManager] Id usage:
2015-12-11 03:25:14.285+0000 INFO  [o.n.k.i.DiagnosticsManager]   ArrayPropertyStore v0.A.6: used=1 high=0
2015-12-11 03:25:14.287+0000 INFO  [o.n.k.i.DiagnosticsManager]   NodeStore v0.A.6: used=4002 high=4001
2015-12-11 03:25:14.289+0000 INFO  [o.n.k.i.DiagnosticsManager]   StringPropertyStore v0.A.6: used=4 high=3
2015-12-11 03:25:14.291+0000 INFO  [o.n.k.i.DiagnosticsManager]   PropertyIndexStore v0.A.6: used=3 high=2
2015-12-11 03:25:14.293+0000 INFO  [o.n.k.i.DiagnosticsManager]   StringPropertyStore v0.A.6: used=1 high=0
2015-12-11 03:25:14.295+0000 INFO  [o.n.k.i.DiagnosticsManager]   ArrayPropertyStore v0.A.6: used=1 high=0
2015-12-11 03:25:14.297+0000 INFO  [o.n.k.i.DiagnosticsManager]   PropertyStore v0.A.6: used=4002 high=4001
2015-12-11 03:25:14.299+0000 INFO  [o.n.k.i.DiagnosticsManager]   RelationshipStore v0.A.6: used=3999 high=3998
2015-12-11 03:25:14.302+0000 INFO  [o.n.k.i.DiagnosticsManager]   StringPropertyStore v0.A.6: used=2 high=1
2015-12-11 03:25:14.304+0000 INFO  [o.n.k.i.DiagnosticsManager]   RelationshipTypeStore v0.A.6: used=1 high=0
2015-12-11 03:25:14.306+0000 INFO  [o.n.k.i.DiagnosticsManager]   StringPropertyStore v0.A.6: used=3 high=2
2015-12-11 03:25:14.308+0000 INFO  [o.n.k.i.DiagnosticsManager]   LabelTokenStore v0.A.6: used=2 high=1
2015-12-11 03:25:14.310+0000 INFO  [o.n.k.i.DiagnosticsManager]   SchemaStore v0.A.6: used=1 high=0
2015-12-11 03:25:14.312+0000 INFO  [o.n.k.i.DiagnosticsManager]   RelationshipGroupStore v0.A.6: used=3 high=2
2015-12-11 03:25:14.314+0000 INFO  [o.n.k.i.DiagnosticsManager]   NeoStore v0.A.6: used=13 high=12
2015-12-11 03:25:14.316+0000 INFO  [o.n.k.i.DiagnosticsManager] --- STARTED diagnostics for NEO_STORE_ID_USAGE END ---
2015-12-11 03:25:14.318+0000 INFO  [o.n.k.i.DiagnosticsManager] --- STARTED diagnostics for NEO_STORE_RECORDS START ---
2015-12-11 03:25:14.320+0000 INFO  [o.n.k.i.DiagnosticsManager] Neostore records:
2015-12-11 03:25:14.323+0000 INFO  [o.n.k.i.DiagnosticsManager] TIME (Creation time): 1449720766443
2015-12-11 03:25:14.325+0000 INFO  [o.n.k.i.DiagnosticsManager] RANDOM_NUMBER (Random number for store id): 1931170703960944162
2015-12-11 03:25:14.327+0000 INFO  [o.n.k.i.DiagnosticsManager] LOG_VERSION (Current log version): 0
2015-12-11 03:25:14.329+0000 INFO  [o.n.k.i.DiagnosticsManager] LAST_TRANSACTION_ID (Last committed transaction): 4009
2015-12-11 03:25:14.331+0000 INFO  [o.n.k.i.DiagnosticsManager] STORE_VERSION (Store format version): 15250506225055238
2015-12-11 03:25:14.333+0000 INFO  [o.n.k.i.DiagnosticsManager] FIRST_GRAPH_PROPERTY (First property record containing graph properties): -1
2015-12-11 03:25:14.335+0000 INFO  [o.n.k.i.DiagnosticsManager] LAST_CONSTRAINT_TRANSACTION (Last committed transaction containing constraint changes): 0
2015-12-11 03:25:14.337+0000 INFO  [o.n.k.i.DiagnosticsManager] UPGRADE_TRANSACTION_ID (Transaction id most recent upgrade was performed at): 1
2015-12-11 03:25:14.339+0000 INFO  [o.n.k.i.DiagnosticsManager] UPGRADE_TIME (Time of last upgrade): 1449720766443
2015-12-11 03:25:14.341+0000 INFO  [o.n.k.i.DiagnosticsManager] LAST_TRANSACTION_CHECKSUM (Checksum of last committed transaction): -159831517471
2015-12-11 03:25:14.344+0000 INFO  [o.n.k.i.DiagnosticsManager] UPGRADE_TRANSACTION_CHECKSUM (Checksum of transaction id the most recent upgrade was performed at): 0
2015-12-11 03:25:14.346+0000 INFO  [o.n.k.i.DiagnosticsManager] LAST_CLOSED_TRANSACTION_LOG_VERSION (Log version where the last transaction commit entry has been written into): 0
2015-12-11 03:25:14.348+0000 INFO  [o.n.k.i.DiagnosticsManager] LAST_CLOSED_TRANSACTION_LOG_BYTE_OFFSET (Byte offset in the log file where the last transaction commit entry has been written into): 2922227
2015-12-11 03:25:14.350+0000 INFO  [o.n.k.i.DiagnosticsManager] --- STARTED diagnostics for NEO_STORE_RECORDS END ---
2015-12-11 03:25:14.352+0000 INFO  [o.n.k.i.DiagnosticsManager] --- STARTED diagnostics for TRANSACTION_RANGE START ---
2015-12-11 03:25:14.354+0000 INFO  [o.n.k.i.DiagnosticsManager] Transaction log:
2015-12-11 03:25:14.357+0000 INFO  [o.n.k.i.DiagnosticsManager] Oldest transaction 2 found in log with version 0
2015-12-11 03:25:14.360+0000 INFO  [o.n.k.i.DiagnosticsManager] --- STARTED diagnostics for TRANSACTION_RANGE END ---
2015-12-11 03:25:14.362+0000 INFO  [o.n.k.i.DiagnosticsManager] --- STARTED diagnostics for KernelDiagnostics:StoreFiles START ---
2015-12-11 03:25:14.365+0000 INFO  [o.n.k.i.DiagnosticsManager] Disk space on partition (Total / Free / Free %): 499738734592 / 397632262144 / 79
Storage files: (filename : modification date - size)
2015-12-11 03:25:14.367+0000 INFO  [o.n.k.i.DiagnosticsManager]   dbms:
2015-12-11 03:25:14.370+0000 INFO  [o.n.k.i.DiagnosticsManager]     auth: 2015-12-09T22:12:47-0600 - 137.00 B
2015-12-11 03:25:14.372+0000 INFO  [o.n.k.i.DiagnosticsManager]     ssl:
2015-12-11 03:25:14.375+0000 INFO  [o.n.k.i.DiagnosticsManager]       snakeoil.cert: 2015-12-09T22:12:44-0600 - 630.00 B
2015-12-11 03:25:14.377+0000 INFO  [o.n.k.i.DiagnosticsManager]       snakeoil.key: 2015-12-09T22:12:44-0600 - 914.00 B
2015-12-11 03:25:14.379+0000 INFO  [o.n.k.i.DiagnosticsManager]     - Total: 2015-12-09T22:12:44-0600 - 1.51 kB
2015-12-11 03:25:14.382+0000 INFO  [o.n.k.i.DiagnosticsManager]   - Total: 2015-12-09T22:12:47-0600 - 1.64 kB
2015-12-11 03:25:14.384+0000 INFO  [o.n.k.i.DiagnosticsManager]   index:
2015-12-11 03:25:14.386+0000 INFO  [o.n.k.i.DiagnosticsManager]   - Total: 2015-12-09T22:12:46-0600 - 0.00 B
2015-12-11 03:25:14.389+0000 INFO  [o.n.k.i.DiagnosticsManager]   messages.log: 2015-12-10T21:25:14-0600 - 61.53 kB
2015-12-11 03:25:14.391+0000 INFO  [o.n.k.i.DiagnosticsManager]   neo4j.properties: 2015-12-09T22:12:43-0600 - 1.30 kB
2015-12-11 03:25:14.393+0000 INFO  [o.n.k.i.DiagnosticsManager]   neostore: 2015-12-09T22:18:09-0600 - 8.00 kB
2015-12-11 03:25:14.396+0000 INFO  [o.n.k.i.DiagnosticsManager]   neostore.counts.db.a: 2015-12-09T22:18:09-0600 - 384.00 B
2015-12-11 03:25:14.398+0000 INFO  [o.n.k.i.DiagnosticsManager]   neostore.counts.db.b: 2015-12-09T22:17:46-0600 - 384.00 B
2015-12-11 03:25:14.401+0000 INFO  [o.n.k.i.DiagnosticsManager]   neostore.id: 2015-12-10T21:25:13-0600 - 9.00 B
2015-12-11 03:25:14.403+0000 INFO  [o.n.k.i.DiagnosticsManager]   neostore.labeltokenstore.db: 2015-12-09T22:17:47-0600 - 8.00 kB
2015-12-11 03:25:14.406+0000 INFO  [o.n.k.i.DiagnosticsManager]   neostore.labeltokenstore.db.id: 2015-12-10T21:25:13-0600 - 9.00 B
2015-12-11 03:25:14.409+0000 INFO  [o.n.k.i.DiagnosticsManager]   neostore.labeltokenstore.db.names: 2015-12-09T22:17:47-0600 - 8.00 kB
2015-12-11 03:25:14.411+0000 INFO  [o.n.k.i.DiagnosticsManager]   neostore.labeltokenstore.db.names.id: 2015-12-10T21:25:13-0600 - 9.00 B
2015-12-11 03:25:14.414+0000 INFO  [o.n.k.i.DiagnosticsManager]   neostore.nodestore.db: 2015-12-09T22:18:10-0600 - 63.98 kB
2015-12-11 03:25:14.416+0000 INFO  [o.n.k.i.DiagnosticsManager]   neostore.nodestore.db.id: 2015-12-10T21:25:12-0600 - 9.00 B
2015-12-11 03:25:14.419+0000 INFO  [o.n.k.i.DiagnosticsManager]   neostore.nodestore.db.labels: 2015-12-09T22:12:44-0600 - 8.00 kB
2015-12-11 03:25:14.421+0000 INFO  [o.n.k.i.DiagnosticsManager]   neostore.nodestore.db.labels.id: 2015-12-10T21:25:12-0600 - 9.00 B
2015-12-11 03:25:14.424+0000 INFO  [o.n.k.i.DiagnosticsManager]   neostore.propertystore.db: 2015-12-09T22:18:10-0600 - 167.32 kB
2015-12-11 03:25:14.426+0000 INFO  [o.n.k.i.DiagnosticsManager]   neostore.propertystore.db.arrays: 2015-12-09T22:12:45-0600 - 8.00 kB
2015-12-11 03:25:14.428+0000 INFO  [o.n.k.i.DiagnosticsManager]   neostore.propertystore.db.arrays.id: 2015-12-10T21:25:13-0600 - 9.00 B
2015-12-11 03:25:14.431+0000 INFO  [o.n.k.i.DiagnosticsManager]   neostore.propertystore.db.id: 2015-12-10T21:25:13-0600 - 9.00 B
2015-12-11 03:25:14.433+0000 INFO  [o.n.k.i.DiagnosticsManager]   neostore.propertystore.db.index: 2015-12-09T22:17:47-0600 - 8.00 kB
2015-12-11 03:25:14.436+0000 INFO  [o.n.k.i.DiagnosticsManager]   neostore.propertystore.db.index.id: 2015-12-10T21:25:12-0600 - 9.00 B
2015-12-11 03:25:14.438+0000 INFO  [o.n.k.i.DiagnosticsManager]   neostore.propertystore.db.index.keys: 2015-12-09T22:17:47-0600 - 8.00 kB
2015-12-11 03:25:14.440+0000 INFO  [o.n.k.i.DiagnosticsManager]   neostore.propertystore.db.index.keys.id: 2015-12-10T21:25:12-0600 - 9.00 B
2015-12-11 03:25:14.442+0000 INFO  [o.n.k.i.DiagnosticsManager]   neostore.propertystore.db.strings: 2015-12-09T22:12:44-0600 - 8.00 kB
2015-12-11 03:25:14.445+0000 INFO  [o.n.k.i.DiagnosticsManager]   neostore.propertystore.db.strings.id: 2015-12-10T21:25:12-0600 - 9.00 B
2015-12-11 03:25:14.447+0000 INFO  [o.n.k.i.DiagnosticsManager]   neostore.relationshipgroupstore.db: 2015-12-09T22:18:09-0600 - 8.00 kB
2015-12-11 03:25:14.449+0000 INFO  [o.n.k.i.DiagnosticsManager]   neostore.relationshipgroupstore.db.id: 2015-12-10T21:25:13-0600 - 9.00 B
2015-12-11 03:25:14.452+0000 INFO  [o.n.k.i.DiagnosticsManager]   neostore.relationshipstore.db: 2015-12-09T22:18:10-0600 - 135.47 kB
2015-12-11 03:25:14.454+0000 INFO  [o.n.k.i.DiagnosticsManager]   neostore.relationshipstore.db.id: 2015-12-10T21:25:13-0600 - 9.00 B
2015-12-11 03:25:14.456+0000 INFO  [o.n.k.i.DiagnosticsManager]   neostore.relationshiptypestore.db: 2015-12-09T22:17:47-0600 - 8.00 kB
2015-12-11 03:25:14.459+0000 INFO  [o.n.k.i.DiagnosticsManager]   neostore.relationshiptypestore.db.id: 2015-12-10T21:25:13-0600 - 9.00 B
2015-12-11 03:25:14.461+0000 INFO  [o.n.k.i.DiagnosticsManager]   neostore.relationshiptypestore.db.names: 2015-12-09T22:17:47-0600 - 8.00 kB
2015-12-11 03:25:14.463+0000 INFO  [o.n.k.i.DiagnosticsManager]   neostore.relationshiptypestore.db.names.id: 2015-12-10T21:25:13-0600 - 9.00 B
2015-12-11 03:25:14.466+0000 INFO  [o.n.k.i.DiagnosticsManager]   neostore.schemastore.db: 2015-12-09T22:12:46-0600 - 8.00 kB
2015-12-11 03:25:14.468+0000 INFO  [o.n.k.i.DiagnosticsManager]   neostore.schemastore.db.id: 2015-12-10T21:25:13-0600 - 9.00 B
2015-12-11 03:25:14.470+0000 INFO  [o.n.k.i.DiagnosticsManager]   neostore.transaction.db.0: 2015-12-09T22:18:10-0600 - 2.79 MB
2015-12-11 03:25:14.473+0000 INFO  [o.n.k.i.DiagnosticsManager]   schema:
2015-12-11 03:25:14.475+0000 INFO  [o.n.k.i.DiagnosticsManager]     label:
2015-12-11 03:25:14.477+0000 INFO  [o.n.k.i.DiagnosticsManager]       lucene:
2015-12-11 03:25:14.479+0000 INFO  [o.n.k.i.DiagnosticsManager]         _65f.cfs: 2015-12-09T22:17:51-0600 - 3.88 kB
2015-12-11 03:25:14.481+0000 INFO  [o.n.k.i.DiagnosticsManager]         segments.gen: 2015-12-09T22:18:09-0600 - 20.00 B
2015-12-11 03:25:14.483+0000 INFO  [o.n.k.i.DiagnosticsManager]         segments_2: 2015-12-09T22:18:09-0600 - 258.00 B
2015-12-11 03:25:14.486+0000 INFO  [o.n.k.i.DiagnosticsManager]         write.lock: 2015-12-10T21:25:13-0600 - 0.00 B
2015-12-11 03:25:14.488+0000 INFO  [o.n.k.i.DiagnosticsManager]       - Total: 2015-12-10T21:25:13-0600 - 4.15 kB
2015-12-11 03:25:14.490+0000 INFO  [o.n.k.i.DiagnosticsManager]     - Total: 2015-12-09T22:12:46-0600 - 4.15 kB
2015-12-11 03:25:14.492+0000 INFO  [o.n.k.i.DiagnosticsManager]   - Total: 2015-12-09T22:12:46-0600 - 4.15 kB
2015-12-11 03:25:14.494+0000 INFO  [o.n.k.i.DiagnosticsManager]   store_lock: 2015-12-09T22:12:44-0600 - 0.00 B
2015-12-11 03:25:14.496+0000 INFO  [o.n.k.i.DiagnosticsManager] --- STARTED diagnostics for KernelDiagnostics:StoreFiles END ---
2015-12-11 03:25:14.506+0000 INFO  [o.n.k.i.DiagnosticsManager] --- SERVER STARTED START ---
2015-12-11 03:25:15.141+0000 INFO  [o.n.k.i.DiagnosticsManager] --- SERVER STARTED END ---
2015-12-11 03:52:28.253+0000 INFO  [o.n.k.i.f.GraphDatabaseFacade] Shutdown started
2015-12-11 03:52:28.255+0000 INFO  [o.n.k.i.f.CommunityFacadeFactory] Database is now unavailable
2015-12-11 03:52:28.320+0000 INFO  [o.n.k.i.t.l.c.CheckPointerImpl] Check Pointing triggered by database shutdown [4009]:  Starting check pointing...
2015-12-11 03:52:28.325+0000 INFO  [o.n.k.i.t.l.c.CheckPointerImpl] Check Pointing triggered by database shutdown [4009]:  Starting store flush...
2015-12-11 03:52:28.344+0000 INFO  [o.n.k.i.t.l.c.CheckPointerImpl] Check Pointing triggered by database shutdown [4009]:  Store flush completed
2015-12-11 03:52:28.350+0000 INFO  [o.n.k.i.t.l.c.CheckPointerImpl] Check Pointing triggered by database shutdown [4009]:  Starting appending check point entry into the tx log...
2015-12-11 03:52:28.383+0000 INFO  [o.n.k.i.t.l.c.CheckPointerImpl] Check Pointing triggered by database shutdown [4009]:  Appending check point entry into the tx log completed
2015-12-11 03:52:28.387+0000 INFO  [o.n.k.i.t.l.c.CheckPointerImpl] Check Pointing triggered by database shutdown [4009]:  Check pointing completed
2015-12-11 03:52:28.392+0000 INFO  [o.n.k.i.t.l.p.LogPruningImpl] Log Rotation [0]:  Starting log pruning.
2015-12-11 03:52:28.396+0000 INFO  [o.n.k.i.t.l.p.LogPruningImpl] Log Rotation [0]:  Log pruning complete.
2015-12-11 03:52:29.578+0000 INFO  [o.n.k.NeoStoreDataSource] NeoStores closed
2015-12-11 03:52:29.585+0000 INFO  [o.n.k.i.DiagnosticsManager] --- STOPPING diagnostics START ---
2015-12-11 03:52:29.585+0000 INFO  [o.n.k.i.DiagnosticsManager] --- STOPPING diagnostics END ---
