2015-12-10 14:55:55.719+0000 INFO  [o.n.k.i.f.CommunityFacadeFactory] No locking implementation specified, defaulting to 'community'
2015-12-10 14:55:55.722+0000 INFO  [o.n.k.AvailabilityGuard] Requirement makes database unavailable: Database available
2015-12-10 14:55:55.724+0000 INFO  [o.n.k.i.DiagnosticsManager] --- INITIALIZED diagnostics START ---
2015-12-10 14:55:55.724+0000 INFO  [o.n.k.i.DiagnosticsManager] Neo4j Kernel properties:
2015-12-10 14:55:55.724+0000 INFO  [o.n.k.i.DiagnosticsManager] org.neo4j.server.db.tuning.properties=C:\561\5000\5000D3\neo4j.properties
2015-12-10 14:55:55.724+0000 INFO  [o.n.k.i.DiagnosticsManager] org.neo4j.server.database.location=C:\561\5000\5000D3
2015-12-10 14:55:55.724+0000 INFO  [o.n.k.i.DiagnosticsManager] dbms.querylog.filename=data/log/queries.log
2015-12-10 14:55:55.725+0000 INFO  [o.n.k.i.DiagnosticsManager] dbms.security.auth_store.location=C:\561\5000\5000D3\.\dbms\auth
2015-12-10 14:55:55.725+0000 INFO  [o.n.k.i.DiagnosticsManager] dbms.security.tls_certificate_file=C:\561\5000\5000D3\.\dbms\ssl\snakeoil.cert
2015-12-10 14:55:55.725+0000 INFO  [o.n.k.i.DiagnosticsManager] remote_shell_enabled=true
2015-12-10 14:55:55.725+0000 INFO  [o.n.k.i.DiagnosticsManager] edition=Community
2015-12-10 14:55:55.725+0000 INFO  [o.n.k.i.DiagnosticsManager] dbms.security.tls_key_file=C:\561\5000\5000D3\.\dbms\ssl\snakeoil.key
2015-12-10 14:55:55.725+0000 INFO  [o.n.k.i.DiagnosticsManager] Diagnostics providers:
2015-12-10 14:55:55.725+0000 INFO  [o.n.k.i.DiagnosticsManager] org.neo4j.kernel.configuration.Config
2015-12-10 14:55:55.725+0000 INFO  [o.n.k.i.DiagnosticsManager] org.neo4j.kernel.info.DiagnosticsManager
2015-12-10 14:55:55.725+0000 INFO  [o.n.k.i.DiagnosticsManager] SYSTEM_MEMORY
2015-12-10 14:55:55.725+0000 INFO  [o.n.k.i.DiagnosticsManager] JAVA_MEMORY
2015-12-10 14:55:55.725+0000 INFO  [o.n.k.i.DiagnosticsManager] OPERATING_SYSTEM
2015-12-10 14:55:55.725+0000 INFO  [o.n.k.i.DiagnosticsManager] JAVA_VIRTUAL_MACHINE
2015-12-10 14:55:55.725+0000 INFO  [o.n.k.i.DiagnosticsManager] CLASSPATH
2015-12-10 14:55:55.725+0000 INFO  [o.n.k.i.DiagnosticsManager] LIBRARY_PATH
2015-12-10 14:55:55.725+0000 INFO  [o.n.k.i.DiagnosticsManager] SYSTEM_PROPERTIES
2015-12-10 14:55:55.725+0000 INFO  [o.n.k.i.DiagnosticsManager] NETWORK
2015-12-10 14:55:55.725+0000 INFO  [o.n.k.i.DiagnosticsManager] System memory information:
2015-12-10 14:55:55.725+0000 INFO  [o.n.k.i.DiagnosticsManager] Total Physical memory: 3.93 GB
2015-12-10 14:55:55.725+0000 INFO  [o.n.k.i.DiagnosticsManager] Free Physical memory: 2.21 GB
2015-12-10 14:55:55.725+0000 INFO  [o.n.k.i.DiagnosticsManager] Committed virtual memory: 353.92 MB
2015-12-10 14:55:55.725+0000 INFO  [o.n.k.i.DiagnosticsManager] Total swap space: 5.66 GB
2015-12-10 14:55:55.725+0000 INFO  [o.n.k.i.DiagnosticsManager] Free swap space: 2.31 GB
2015-12-10 14:55:55.725+0000 INFO  [o.n.k.i.DiagnosticsManager] JVM memory information:
2015-12-10 14:55:55.725+0000 INFO  [o.n.k.i.DiagnosticsManager] Free  memory: 23.71 MB
2015-12-10 14:55:55.725+0000 INFO  [o.n.k.i.DiagnosticsManager] Total memory: 91.00 MB
2015-12-10 14:55:55.725+0000 INFO  [o.n.k.i.DiagnosticsManager] Max   memory: 894.50 MB
2015-12-10 14:55:55.725+0000 INFO  [o.n.k.i.DiagnosticsManager] Garbage Collector: PS Scavenge: [PS Eden Space, PS Survivor Space]
2015-12-10 14:55:55.725+0000 INFO  [o.n.k.i.DiagnosticsManager] Garbage Collector: PS MarkSweep: [PS Eden Space, PS Survivor Space, PS Old Gen, PS Perm Gen]
2015-12-10 14:55:55.725+0000 INFO  [o.n.k.i.DiagnosticsManager] Memory Pool: Code Cache (Non-heap memory): committed=12.81 MB, used=12.51 MB, max=48.00 MB, threshold=0.00 B
2015-12-10 14:55:55.725+0000 INFO  [o.n.k.i.DiagnosticsManager] Memory Pool: PS Eden Space (Heap memory): committed=20.00 MB, used=18.26 MB, max=333.50 MB, threshold=?
2015-12-10 14:55:55.725+0000 INFO  [o.n.k.i.DiagnosticsManager] Memory Pool: PS Survivor Space (Heap memory): committed=512.00 kB, used=512.00 kB, max=512.00 kB, threshold=?
2015-12-10 14:55:55.725+0000 INFO  [o.n.k.i.DiagnosticsManager] Memory Pool: PS Old Gen (Heap memory): committed=70.50 MB, used=48.77 MB, max=670.50 MB, threshold=0.00 B
2015-12-10 14:55:55.726+0000 INFO  [o.n.k.i.DiagnosticsManager] Memory Pool: PS Perm Gen (Non-heap memory): committed=64.50 MB, used=64.27 MB, max=82.00 MB, threshold=0.00 B
2015-12-10 14:55:55.726+0000 INFO  [o.n.k.i.DiagnosticsManager] Operating system information:
2015-12-10 14:55:55.726+0000 INFO  [o.n.k.i.DiagnosticsManager] Operating System: Windows 8.1; version: 6.3; arch: amd64; cpus: 8
2015-12-10 14:55:55.727+0000 INFO  [o.n.k.i.DiagnosticsManager] Process id: 3784@ATAN-B03-02
2015-12-10 14:55:55.727+0000 INFO  [o.n.k.i.DiagnosticsManager] Byte order: LITTLE_ENDIAN
2015-12-10 14:55:55.727+0000 INFO  [o.n.k.i.DiagnosticsManager] Local timezone: America/Chicago
2015-12-10 14:55:55.727+0000 INFO  [o.n.k.i.DiagnosticsManager] JVM information:
2015-12-10 14:55:55.727+0000 INFO  [o.n.k.i.DiagnosticsManager] VM Name: Java HotSpot(TM) 64-Bit Server VM
2015-12-10 14:55:55.727+0000 INFO  [o.n.k.i.DiagnosticsManager] VM Vendor: Oracle Corporation
2015-12-10 14:55:55.727+0000 INFO  [o.n.k.i.DiagnosticsManager] VM Version: 24.80-b11
2015-12-10 14:55:55.727+0000 INFO  [o.n.k.i.DiagnosticsManager] JIT compiler: HotSpot 64-Bit Tiered Compilers
2015-12-10 14:55:55.727+0000 INFO  [o.n.k.i.DiagnosticsManager] VM Arguments: [-Dexe4j.semaphoreName=Local\c:_program_files_neo4j_ce_2.3.1_bin_neo4j-ce.exe, -Dexe4j.isInstall4j=true, -Dexe4j.moduleName=C:\Program Files\Neo4j CE 2.3.1\bin\neo4j-ce.exe, -Dexe4j.tempDir=, -Dexe4j.unextractedPosition=0, -Djava.library.path=C:\Program Files (x86)\AMD APP\bin\x86_64;C:\Program Files (x86)\AMD APP\bin\x86;C:\ProgramData\Oracle\Java\javapath;C:\Windows\system32;C:\Windows;C:\Windows\System32\Wbem;C:\Windows\System32\WindowsPowerShell\v1.0\;C:\Program Files (x86)\MiKTeX 2.9\miktex\bin\;C:\Program Files\TortoiseSVN\bin;C:\Windows\system32\config\systemprofile\.dnx\bin;C:\Program Files\Microsoft DNX\Dnvm\;C:\Program Files\MATLAB\R2015b\runtime\win64;C:\Program Files\MATLAB\R2015b\bin;C:\Program Files (x86)\ATI Technologies\ATI.ACE\Core-Static;c:\program files\neo4j ce 2.3.1\jre\bin, -Dexe4j.consoleCodepage=cp0, -Dinstall4j.launcherId=24, -Dinstall4j.swt=false]
2015-12-10 14:55:55.727+0000 INFO  [o.n.k.i.DiagnosticsManager] Java classpath:
2015-12-10 14:55:55.729+0000 INFO  [o.n.k.i.DiagnosticsManager]  [loader.1] file:/C:/Program%20Files/Neo4j%20CE%202.3.1/jre/lib/ext/dnsns.jar
2015-12-10 14:55:55.729+0000 INFO  [o.n.k.i.DiagnosticsManager]  [loader.0] file:/C:/Program%20Files/Neo4j%20CE%202.3.1/bin/
2015-12-10 14:55:55.729+0000 INFO  [o.n.k.i.DiagnosticsManager]  [bootstrap] C:\Program Files\Neo4j CE 2.3.1\jre\lib\resources.jar
2015-12-10 14:55:55.729+0000 INFO  [o.n.k.i.DiagnosticsManager]  [bootstrap] C:\Program Files\Neo4j CE 2.3.1\jre\lib\jfr.jar
2015-12-10 14:55:55.729+0000 INFO  [o.n.k.i.DiagnosticsManager]  [classpath] C:\Program Files\Neo4j CE 2.3.1\.install4j\i4jruntime.jar
2015-12-10 14:55:55.729+0000 INFO  [o.n.k.i.DiagnosticsManager]  [loader.1] file:/C:/Program%20Files/Neo4j%20CE%202.3.1/jre/lib/ext/sunmscapi.jar
2015-12-10 14:55:55.729+0000 INFO  [o.n.k.i.DiagnosticsManager]  [bootstrap] C:\Program Files\Neo4j CE 2.3.1\jre\lib\jsse.jar
2015-12-10 14:55:55.729+0000 INFO  [o.n.k.i.DiagnosticsManager]  [loader.1] file:/C:/Program%20Files/Neo4j%20CE%202.3.1/jre/lib/ext/dns_sd.jar
2015-12-10 14:55:55.729+0000 INFO  [o.n.k.i.DiagnosticsManager]  [loader.0] file:/C:/Program%20Files/Neo4j%20CE%202.3.1/.install4j/i4jruntime.jar
2015-12-10 14:55:55.729+0000 INFO  [o.n.k.i.DiagnosticsManager]  [loader.0] file:/C:/Program%20Files/Neo4j%20CE%202.3.1/bin/neo4j-desktop-2.3.1.jar
2015-12-10 14:55:55.729+0000 INFO  [o.n.k.i.DiagnosticsManager]  [loader.1] file:/C:/Program%20Files/Neo4j%20CE%202.3.1/jre/lib/ext/access-bridge-64.jar
2015-12-10 14:55:55.729+0000 INFO  [o.n.k.i.DiagnosticsManager]  [loader.1] file:/C:/Program%20Files/Neo4j%20CE%202.3.1/jre/lib/ext/localedata.jar
2015-12-10 14:55:55.729+0000 INFO  [o.n.k.i.DiagnosticsManager]  [bootstrap] C:\Program Files\Neo4j CE 2.3.1\jre\lib\sunrsasign.jar
2015-12-10 14:55:55.729+0000 INFO  [o.n.k.i.DiagnosticsManager]  [bootstrap] C:\Program Files\Neo4j CE 2.3.1\jre\lib\jce.jar
2015-12-10 14:55:55.729+0000 INFO  [o.n.k.i.DiagnosticsManager]  [bootstrap] C:\Program Files\Neo4j CE 2.3.1\jre\lib\rt.jar
2015-12-10 14:55:55.729+0000 INFO  [o.n.k.i.DiagnosticsManager]  [bootstrap] C:\Program Files\Neo4j CE 2.3.1\jre\lib\charsets.jar
2015-12-10 14:55:55.729+0000 INFO  [o.n.k.i.DiagnosticsManager]  [loader.1] file:/C:/Program%20Files/Neo4j%20CE%202.3.1/jre/lib/ext/sunjce_provider.jar
2015-12-10 14:55:55.729+0000 INFO  [o.n.k.i.DiagnosticsManager]  [bootstrap] C:\Program Files\Neo4j CE 2.3.1\jre\classes
2015-12-10 14:55:55.729+0000 INFO  [o.n.k.i.DiagnosticsManager]  [loader.1] file:/C:/Program%20Files/Neo4j%20CE%202.3.1/jre/lib/ext/zipfs.jar
2015-12-10 14:55:55.729+0000 INFO  [o.n.k.i.DiagnosticsManager]  [loader.1] file:/C:/Program%20Files/Neo4j%20CE%202.3.1/jre/lib/ext/jaccess.jar
2015-12-10 14:55:55.729+0000 INFO  [o.n.k.i.DiagnosticsManager]  [loader.1] file:/C:/Program%20Files/Neo4j%20CE%202.3.1/jre/lib/ext/sunec.jar
2015-12-10 14:55:55.729+0000 INFO  [o.n.k.i.DiagnosticsManager]  [classpath] C:\Program Files\Neo4j CE 2.3.1\bin\neo4j-desktop-2.3.1.jar
2015-12-10 14:55:55.729+0000 INFO  [o.n.k.i.DiagnosticsManager] Library path:
2015-12-10 14:55:55.729+0000 INFO  [o.n.k.i.DiagnosticsManager] C:\Program Files (x86)\AMD APP\bin\x86_64
2015-12-10 14:55:55.729+0000 INFO  [o.n.k.i.DiagnosticsManager] C:\Program Files (x86)\AMD APP\bin\x86
2015-12-10 14:55:55.730+0000 INFO  [o.n.k.i.DiagnosticsManager] C:\ProgramData\Oracle\Java\javapath
2015-12-10 14:55:55.730+0000 INFO  [o.n.k.i.DiagnosticsManager] C:\Windows\System32
2015-12-10 14:55:55.730+0000 INFO  [o.n.k.i.DiagnosticsManager] C:\Windows
2015-12-10 14:55:55.730+0000 INFO  [o.n.k.i.DiagnosticsManager] C:\Windows\System32\wbem
2015-12-10 14:55:55.730+0000 INFO  [o.n.k.i.DiagnosticsManager] C:\Windows\System32\WindowsPowerShell\v1.0
2015-12-10 14:55:55.730+0000 INFO  [o.n.k.i.DiagnosticsManager] C:\Program Files (x86)\MiKTeX 2.9\miktex\bin
2015-12-10 14:55:55.730+0000 INFO  [o.n.k.i.DiagnosticsManager] C:\Program Files\TortoiseSVN\bin
2015-12-10 14:55:55.731+0000 INFO  [o.n.k.i.DiagnosticsManager] C:\Windows\System32\config\systemprofile\.dnx\bin
2015-12-10 14:55:55.731+0000 INFO  [o.n.k.i.DiagnosticsManager] C:\Program Files\Microsoft DNX\Dnvm
2015-12-10 14:55:55.731+0000 INFO  [o.n.k.i.DiagnosticsManager] C:\Program Files\MATLAB\R2015b\runtime\win64
2015-12-10 14:55:55.731+0000 INFO  [o.n.k.i.DiagnosticsManager] C:\Program Files\MATLAB\R2015b\bin
2015-12-10 14:55:55.731+0000 INFO  [o.n.k.i.DiagnosticsManager] C:\Program Files (x86)\ATI Technologies\ATI.ACE\Core-Static
2015-12-10 14:55:55.732+0000 INFO  [o.n.k.i.DiagnosticsManager] C:\Program Files\Neo4j CE 2.3.1\jre\bin
2015-12-10 14:55:55.732+0000 INFO  [o.n.k.i.DiagnosticsManager] System.properties:
2015-12-10 14:55:55.732+0000 INFO  [o.n.k.i.DiagnosticsManager] exe4j.moduleName = C:\Program Files\Neo4j CE 2.3.1\bin\neo4j-ce.exe
2015-12-10 14:55:55.732+0000 INFO  [o.n.k.i.DiagnosticsManager] exe4j.semaphoreName = Local\c:_program_files_neo4j_ce_2.3.1_bin_neo4j-ce.exe
2015-12-10 14:55:55.732+0000 INFO  [o.n.k.i.DiagnosticsManager] sun.boot.library.path = c:\program files\neo4j ce 2.3.1\jre\bin
2015-12-10 14:55:55.732+0000 INFO  [o.n.k.i.DiagnosticsManager] exe4j.consoleCodepage = cp0
2015-12-10 14:55:55.732+0000 INFO  [o.n.k.i.DiagnosticsManager] path.separator = ;
2015-12-10 14:55:55.732+0000 INFO  [o.n.k.i.DiagnosticsManager] file.encoding.pkg = sun.io
2015-12-10 14:55:55.732+0000 INFO  [o.n.k.i.DiagnosticsManager] user.country = US
2015-12-10 14:55:55.732+0000 INFO  [o.n.k.i.DiagnosticsManager] user.script = 
2015-12-10 14:55:55.732+0000 INFO  [o.n.k.i.DiagnosticsManager] sun.os.patch.level = 
2015-12-10 14:55:55.732+0000 INFO  [o.n.k.i.DiagnosticsManager] install4j.exeDir = C:\Program Files\Neo4j CE 2.3.1\bin\
2015-12-10 14:55:55.732+0000 INFO  [o.n.k.i.DiagnosticsManager] user.dir = C:\Program Files\Neo4j CE 2.3.1\bin
2015-12-10 14:55:55.732+0000 INFO  [o.n.k.i.DiagnosticsManager] neo4j.ext.udc.source = desktop
2015-12-10 14:55:55.732+0000 INFO  [o.n.k.i.DiagnosticsManager] user.variant = 
2015-12-10 14:55:55.732+0000 INFO  [o.n.k.i.DiagnosticsManager] exe4j.tempDir = 
2015-12-10 14:55:55.732+0000 INFO  [o.n.k.i.DiagnosticsManager] sun.jnu.encoding = Cp1252
2015-12-10 14:55:55.732+0000 INFO  [o.n.k.i.DiagnosticsManager] sun.awt.enableExtraMouseButtons = true
2015-12-10 14:55:55.732+0000 INFO  [o.n.k.i.DiagnosticsManager] install4j.launcherId = 24
2015-12-10 14:55:55.732+0000 INFO  [o.n.k.i.DiagnosticsManager] sun.management.compiler = HotSpot 64-Bit Tiered Compilers
2015-12-10 14:55:55.732+0000 INFO  [o.n.k.i.DiagnosticsManager] exe4j.isInstall4j = true
2015-12-10 14:55:55.732+0000 INFO  [o.n.k.i.DiagnosticsManager] install4j.swt = false
2015-12-10 14:55:55.732+0000 INFO  [o.n.k.i.DiagnosticsManager] user.home = C:\Users\cez
2015-12-10 14:55:55.732+0000 INFO  [o.n.k.i.DiagnosticsManager] user.timezone = America/Chicago
2015-12-10 14:55:55.732+0000 INFO  [o.n.k.i.DiagnosticsManager] file.encoding = Cp1252
2015-12-10 14:55:55.732+0000 INFO  [o.n.k.i.DiagnosticsManager] user.name = cez
2015-12-10 14:55:55.732+0000 INFO  [o.n.k.i.DiagnosticsManager] sun.java.command = C:\Program Files\Neo4j CE 2.3.1\bin\neo4j-ce.exe
2015-12-10 14:55:55.732+0000 INFO  [o.n.k.i.DiagnosticsManager] sun.arch.data.model = 64
2015-12-10 14:55:55.732+0000 INFO  [o.n.k.i.DiagnosticsManager] exe4j.launchName = C:\Program Files\Neo4j CE 2.3.1\bin\neo4j-ce.exe
2015-12-10 14:55:55.732+0000 INFO  [o.n.k.i.DiagnosticsManager] user.language = en
2015-12-10 14:55:55.732+0000 INFO  [o.n.k.i.DiagnosticsManager] awt.toolkit = sun.awt.windows.WToolkit
2015-12-10 14:55:55.732+0000 INFO  [o.n.k.i.DiagnosticsManager] exe4j.unextractedPosition = 0
2015-12-10 14:55:55.732+0000 INFO  [o.n.k.i.DiagnosticsManager] install4j.appDir = C:\Program Files\Neo4j CE 2.3.1\
2015-12-10 14:55:55.732+0000 INFO  [o.n.k.i.DiagnosticsManager] file.separator = \
2015-12-10 14:55:55.732+0000 INFO  [o.n.k.i.DiagnosticsManager] sun.io.unicode.encoding = UnicodeLittle
2015-12-10 14:55:55.732+0000 INFO  [o.n.k.i.DiagnosticsManager] sun.cpu.endian = little
2015-12-10 14:55:55.732+0000 INFO  [o.n.k.i.DiagnosticsManager] sun.desktop = windows
2015-12-10 14:55:55.732+0000 INFO  [o.n.k.i.DiagnosticsManager] sun.cpu.isalist = amd64
2015-12-10 14:55:55.732+0000 INFO  [o.n.k.i.DiagnosticsManager] Network information:
2015-12-10 14:55:55.746+0000 INFO  [o.n.k.i.DiagnosticsManager] Interface Software Loopback Interface 1:
2015-12-10 14:55:55.746+0000 INFO  [o.n.k.i.DiagnosticsManager]     address: 127.0.0.1
2015-12-10 14:55:55.746+0000 INFO  [o.n.k.i.DiagnosticsManager]     address: 0:0:0:0:0:0:0:1
2015-12-10 14:55:55.746+0000 INFO  [o.n.k.i.DiagnosticsManager] Interface Microsoft Kernel Debug Network Adapter:
2015-12-10 14:55:55.746+0000 INFO  [o.n.k.i.DiagnosticsManager] Interface Intel(R) 82578DM Gigabit Network Connection:
2015-12-10 14:55:55.746+0000 INFO  [o.n.k.i.DiagnosticsManager]     address: 10.24.47.166
2015-12-10 14:55:55.746+0000 INFO  [o.n.k.i.DiagnosticsManager]     address: 2610:130:101:d00:4493:c16:efa9:8b55
2015-12-10 14:55:55.746+0000 INFO  [o.n.k.i.DiagnosticsManager]     address: 2610:130:101:d00:a502:b02c:1a2d:577b
2015-12-10 14:55:55.746+0000 INFO  [o.n.k.i.DiagnosticsManager]     address: fe80:0:0:0:4493:c16:efa9:8b55%3
2015-12-10 14:55:55.746+0000 INFO  [o.n.k.i.DiagnosticsManager] Interface Microsoft ISATAP Adapter:
2015-12-10 14:55:55.746+0000 INFO  [o.n.k.i.DiagnosticsManager]     address: fe80:0:0:0:0:5efe:c0a8:3801%4
2015-12-10 14:55:55.746+0000 INFO  [o.n.k.i.DiagnosticsManager] Interface Teredo Tunneling Pseudo-Interface:
2015-12-10 14:55:55.746+0000 INFO  [o.n.k.i.DiagnosticsManager] Interface Microsoft ISATAP Adapter #2:
2015-12-10 14:55:55.746+0000 INFO  [o.n.k.i.DiagnosticsManager]     address: fe80:0:0:0:0:5efe:a18:2fa6%6
2015-12-10 14:55:55.746+0000 INFO  [o.n.k.i.DiagnosticsManager] Interface VirtualBox Host-Only Ethernet Adapter:
2015-12-10 14:55:55.746+0000 INFO  [o.n.k.i.DiagnosticsManager]     address: 192.168.56.1
2015-12-10 14:55:55.747+0000 INFO  [o.n.k.i.DiagnosticsManager]     address: fe80:0:0:0:4133:2d33:29c2:6efa%7
2015-12-10 14:55:55.747+0000 INFO  [o.n.k.i.DiagnosticsManager] Interface Microsoft ISATAP Adapter #3:
2015-12-10 14:55:55.747+0000 INFO  [o.n.k.i.DiagnosticsManager] Interface VirtualBox Host-Only Ethernet Adapter-WFP Native MAC Layer LightWeight Filter-0000:
2015-12-10 14:55:55.747+0000 INFO  [o.n.k.i.DiagnosticsManager] Interface VirtualBox Host-Only Ethernet Adapter-VirtualBox NDIS Light-Weight Filter-0000:
2015-12-10 14:55:55.747+0000 INFO  [o.n.k.i.DiagnosticsManager] Interface VirtualBox Host-Only Ethernet Adapter-QoS Packet Scheduler-0000:
2015-12-10 14:55:55.747+0000 INFO  [o.n.k.i.DiagnosticsManager] Interface VirtualBox Host-Only Ethernet Adapter-WFP 802.3 MAC Layer LightWeight Filter-0000:
2015-12-10 14:55:55.747+0000 INFO  [o.n.k.i.DiagnosticsManager] Interface Intel(R) 82578DM Gigabit Network Connection-WFP Native MAC Layer LightWeight Filter-0000:
2015-12-10 14:55:55.747+0000 INFO  [o.n.k.i.DiagnosticsManager] Interface Intel(R) 82578DM Gigabit Network Connection-VirtualBox NDIS Light-Weight Filter-0000:
2015-12-10 14:55:55.747+0000 INFO  [o.n.k.i.DiagnosticsManager] Interface Intel(R) 82578DM Gigabit Network Connection-QoS Packet Scheduler-0000:
2015-12-10 14:55:55.747+0000 INFO  [o.n.k.i.DiagnosticsManager] Interface Intel(R) 82578DM Gigabit Network Connection-WFP 802.3 MAC Layer LightWeight Filter-0000:
2015-12-10 14:55:55.747+0000 INFO  [o.n.k.i.DiagnosticsManager] --- INITIALIZED diagnostics END ---
2015-12-10 14:55:58.158+0000 INFO  [o.n.k.a.i.i.LuceneLabelScanStore] No lucene scan store index found, this might just be first use. Preparing to rebuild.
2015-12-10 14:55:58.169+0000 INFO  [o.n.k.NeoStoreDataSource] Opened logical log [C:\561\5000\5000D3\neostore.transaction.db.0] version=0, lastTxId=1 (clean)
2015-12-10 14:55:58.177+0000 WARN  [o.n.k.i.s.MetaDataStore] Missing counts store, rebuilding it.
2015-12-10 14:55:58.235+0000 INFO  [o.n.k.a.i.i.LuceneLabelScanStore] Rebuilding lucene scan store, this may take a while
2015-12-10 14:55:58.238+0000 INFO  [o.n.k.a.i.i.LuceneLabelScanStore] Lucene scan store rebuilt (roughly -1 nodes)
2015-12-10 14:55:58.241+0000 INFO  [o.n.k.KernelHealth] Kernel health set to OK
2015-12-10 14:55:58.250+0000 INFO  [o.n.k.AvailabilityGuard] Fulfilling of requirement makes database available: Database available
2015-12-10 14:55:58.253+0000 INFO  [o.n.k.i.f.CommunityFacadeFactory] Database is now ready
2015-12-10 14:55:58.255+0000 INFO  [o.n.k.i.DiagnosticsManager] --- STARTED diagnostics for KernelDiagnostics:Versions START ---
2015-12-10 14:55:58.257+0000 INFO  [o.n.k.i.DiagnosticsManager] Graph Database: Community StoreId{creationTime=1449759358086, randomId=-5292340648312355077, storeVersion=15250506225055238, upgradeTime=1449759358086, upgradeId=1}
2015-12-10 14:55:58.260+0000 INFO  [o.n.k.i.DiagnosticsManager] Kernel version: 2.3.1
2015-12-10 14:55:58.263+0000 INFO  [o.n.k.i.DiagnosticsManager] --- STARTED diagnostics for KernelDiagnostics:Versions END ---
2015-12-10 14:55:58.265+0000 INFO  [o.n.k.i.DiagnosticsManager] --- STARTED diagnostics for NEO_STORE_VERSIONS START ---
2015-12-10 14:55:58.267+0000 INFO  [o.n.k.i.DiagnosticsManager] Store versions:
2015-12-10 14:55:58.269+0000 INFO  [o.n.k.i.DiagnosticsManager] Store versions:
2015-12-10 14:55:58.272+0000 INFO  [o.n.k.i.DiagnosticsManager] ArrayPropertyStore v0.A.6
2015-12-10 14:55:58.274+0000 INFO  [o.n.k.i.DiagnosticsManager] NodeStore v0.A.6
2015-12-10 14:55:58.276+0000 INFO  [o.n.k.i.DiagnosticsManager] StringPropertyStore v0.A.6
2015-12-10 14:55:58.278+0000 INFO  [o.n.k.i.DiagnosticsManager] PropertyIndexStore v0.A.6
2015-12-10 14:55:58.281+0000 INFO  [o.n.k.i.DiagnosticsManager] StringPropertyStore v0.A.6
2015-12-10 14:55:58.283+0000 INFO  [o.n.k.i.DiagnosticsManager] ArrayPropertyStore v0.A.6
2015-12-10 14:55:58.285+0000 INFO  [o.n.k.i.DiagnosticsManager] PropertyStore v0.A.6
2015-12-10 14:55:58.287+0000 INFO  [o.n.k.i.DiagnosticsManager] RelationshipStore v0.A.6
2015-12-10 14:55:58.290+0000 INFO  [o.n.k.i.DiagnosticsManager] StringPropertyStore v0.A.6
2015-12-10 14:55:58.292+0000 INFO  [o.n.k.i.DiagnosticsManager] RelationshipTypeStore v0.A.6
2015-12-10 14:55:58.294+0000 INFO  [o.n.k.i.DiagnosticsManager] StringPropertyStore v0.A.6
2015-12-10 14:55:58.296+0000 INFO  [o.n.k.i.DiagnosticsManager] LabelTokenStore v0.A.6
2015-12-10 14:55:58.298+0000 INFO  [o.n.k.i.DiagnosticsManager] SchemaStore v0.A.6
2015-12-10 14:55:58.301+0000 INFO  [o.n.k.i.DiagnosticsManager] RelationshipGroupStore v0.A.6
2015-12-10 14:55:58.303+0000 INFO  [o.n.k.i.DiagnosticsManager] NeoStore v0.A.6
2015-12-10 14:55:58.306+0000 INFO  [o.n.k.i.DiagnosticsManager] --- STARTED diagnostics for NEO_STORE_VERSIONS END ---
2015-12-10 14:55:58.308+0000 INFO  [o.n.k.i.DiagnosticsManager] --- STARTED diagnostics for NEO_STORE_ID_USAGE START ---
2015-12-10 14:55:58.311+0000 INFO  [o.n.k.i.DiagnosticsManager] Id usage:
2015-12-10 14:55:58.313+0000 INFO  [o.n.k.i.DiagnosticsManager] Id usage:
2015-12-10 14:55:58.316+0000 INFO  [o.n.k.i.DiagnosticsManager]   ArrayPropertyStore v0.A.6: used=1 high=0
2015-12-10 14:55:58.318+0000 INFO  [o.n.k.i.DiagnosticsManager]   NodeStore v0.A.6: used=0 high=-1
2015-12-10 14:55:58.321+0000 INFO  [o.n.k.i.DiagnosticsManager]   StringPropertyStore v0.A.6: used=1 high=0
2015-12-10 14:55:58.324+0000 INFO  [o.n.k.i.DiagnosticsManager]   PropertyIndexStore v0.A.6: used=0 high=-1
2015-12-10 14:55:58.326+0000 INFO  [o.n.k.i.DiagnosticsManager]   StringPropertyStore v0.A.6: used=1 high=0
2015-12-10 14:55:58.329+0000 INFO  [o.n.k.i.DiagnosticsManager]   ArrayPropertyStore v0.A.6: used=1 high=0
2015-12-10 14:55:58.331+0000 INFO  [o.n.k.i.DiagnosticsManager]   PropertyStore v0.A.6: used=0 high=-1
2015-12-10 14:55:58.334+0000 INFO  [o.n.k.i.DiagnosticsManager]   RelationshipStore v0.A.6: used=0 high=-1
2015-12-10 14:55:58.337+0000 INFO  [o.n.k.i.DiagnosticsManager]   StringPropertyStore v0.A.6: used=1 high=0
2015-12-10 14:55:58.339+0000 INFO  [o.n.k.i.DiagnosticsManager]   RelationshipTypeStore v0.A.6: used=0 high=-1
2015-12-10 14:55:58.342+0000 INFO  [o.n.k.i.DiagnosticsManager]   StringPropertyStore v0.A.6: used=1 high=0
2015-12-10 14:55:58.344+0000 INFO  [o.n.k.i.DiagnosticsManager]   LabelTokenStore v0.A.6: used=0 high=-1
2015-12-10 14:55:58.347+0000 INFO  [o.n.k.i.DiagnosticsManager]   SchemaStore v0.A.6: used=1 high=0
2015-12-10 14:55:58.349+0000 INFO  [o.n.k.i.DiagnosticsManager]   RelationshipGroupStore v0.A.6: used=1 high=0
2015-12-10 14:55:58.352+0000 INFO  [o.n.k.i.DiagnosticsManager]   NeoStore v0.A.6: used=13 high=12
2015-12-10 14:55:58.354+0000 INFO  [o.n.k.i.DiagnosticsManager] --- STARTED diagnostics for NEO_STORE_ID_USAGE END ---
2015-12-10 14:55:58.357+0000 INFO  [o.n.k.i.DiagnosticsManager] --- STARTED diagnostics for NEO_STORE_RECORDS START ---
2015-12-10 14:55:58.359+0000 INFO  [o.n.k.i.DiagnosticsManager] Neostore records:
2015-12-10 14:55:58.362+0000 INFO  [o.n.k.i.DiagnosticsManager] TIME (Creation time): 1449759358086
2015-12-10 14:55:58.365+0000 INFO  [o.n.k.i.DiagnosticsManager] RANDOM_NUMBER (Random number for store id): -5292340648312355077
2015-12-10 14:55:58.367+0000 INFO  [o.n.k.i.DiagnosticsManager] LOG_VERSION (Current log version): 0
2015-12-10 14:55:58.370+0000 INFO  [o.n.k.i.DiagnosticsManager] LAST_TRANSACTION_ID (Last committed transaction): 1
2015-12-10 14:55:58.372+0000 INFO  [o.n.k.i.DiagnosticsManager] STORE_VERSION (Store format version): 15250506225055238
2015-12-10 14:55:58.375+0000 INFO  [o.n.k.i.DiagnosticsManager] FIRST_GRAPH_PROPERTY (First property record containing graph properties): -1
2015-12-10 14:55:58.378+0000 INFO  [o.n.k.i.DiagnosticsManager] LAST_CONSTRAINT_TRANSACTION (Last committed transaction containing constraint changes): 0
2015-12-10 14:55:58.380+0000 INFO  [o.n.k.i.DiagnosticsManager] UPGRADE_TRANSACTION_ID (Transaction id most recent upgrade was performed at): 1
2015-12-10 14:55:58.383+0000 INFO  [o.n.k.i.DiagnosticsManager] UPGRADE_TIME (Time of last upgrade): 1449759358086
2015-12-10 14:55:58.385+0000 INFO  [o.n.k.i.DiagnosticsManager] LAST_TRANSACTION_CHECKSUM (Checksum of last committed transaction): 0
2015-12-10 14:55:58.388+0000 INFO  [o.n.k.i.DiagnosticsManager] UPGRADE_TRANSACTION_CHECKSUM (Checksum of transaction id the most recent upgrade was performed at): 0
2015-12-10 14:55:58.391+0000 INFO  [o.n.k.i.DiagnosticsManager] LAST_CLOSED_TRANSACTION_LOG_VERSION (Log version where the last transaction commit entry has been written into): 0
2015-12-10 14:55:58.393+0000 INFO  [o.n.k.i.DiagnosticsManager] LAST_CLOSED_TRANSACTION_LOG_BYTE_OFFSET (Byte offset in the log file where the last transaction commit entry has been written into): 16
2015-12-10 14:55:58.396+0000 INFO  [o.n.k.i.DiagnosticsManager] --- STARTED diagnostics for NEO_STORE_RECORDS END ---
2015-12-10 14:55:58.398+0000 INFO  [o.n.k.i.DiagnosticsManager] --- STARTED diagnostics for TRANSACTION_RANGE START ---
2015-12-10 14:55:58.400+0000 INFO  [o.n.k.i.DiagnosticsManager] Transaction log:
2015-12-10 14:55:58.404+0000 INFO  [o.n.k.i.DiagnosticsManager] No transactions found in any log
2015-12-10 14:55:58.406+0000 INFO  [o.n.k.i.DiagnosticsManager] --- STARTED diagnostics for TRANSACTION_RANGE END ---
2015-12-10 14:55:58.409+0000 INFO  [o.n.k.i.DiagnosticsManager] --- STARTED diagnostics for KernelDiagnostics:StoreFiles START ---
2015-12-10 14:55:58.413+0000 INFO  [o.n.k.i.DiagnosticsManager] Disk space on partition (Total / Free / Free %): 499738734592 / 397819412480 / 79
Storage files: (filename : modification date - size)
2015-12-10 14:55:58.416+0000 INFO  [o.n.k.i.DiagnosticsManager]   dbms:
2015-12-10 14:55:58.419+0000 INFO  [o.n.k.i.DiagnosticsManager]     ssl:
2015-12-10 14:55:58.421+0000 INFO  [o.n.k.i.DiagnosticsManager]       snakeoil.cert: 2015-12-10T08:55:55-0600 - 630.00 B
2015-12-10 14:55:58.424+0000 INFO  [o.n.k.i.DiagnosticsManager]       snakeoil.key: 2015-12-10T08:55:55-0600 - 910.00 B
2015-12-10 14:55:58.427+0000 INFO  [o.n.k.i.DiagnosticsManager]     - Total: 2015-12-10T08:55:55-0600 - 1.50 kB
2015-12-10 14:55:58.429+0000 INFO  [o.n.k.i.DiagnosticsManager]   - Total: 2015-12-10T08:55:55-0600 - 1.50 kB
2015-12-10 14:55:58.432+0000 INFO  [o.n.k.i.DiagnosticsManager]   index:
2015-12-10 14:55:58.434+0000 INFO  [o.n.k.i.DiagnosticsManager]   - Total: 2015-12-10T08:55:58-0600 - 0.00 B
2015-12-10 14:55:58.437+0000 INFO  [o.n.k.i.DiagnosticsManager]   messages.log: 2015-12-10T08:55:55-0600 - 26.41 kB
2015-12-10 14:55:58.440+0000 INFO  [o.n.k.i.DiagnosticsManager]   neo4j.properties: 2015-12-10T08:55:55-0600 - 1.30 kB
2015-12-10 14:55:58.442+0000 INFO  [o.n.k.i.DiagnosticsManager]   neostore: 2015-12-10T08:55:58-0600 - 8.00 kB
2015-12-10 14:55:58.445+0000 INFO  [o.n.k.i.DiagnosticsManager]   neostore.counts.db.a: 2015-12-10T08:55:58-0600 - 96.00 B
2015-12-10 14:55:58.448+0000 INFO  [o.n.k.i.DiagnosticsManager]   neostore.id: 2015-12-10T08:55:58-0600 - 9.00 B
2015-12-10 14:55:58.451+0000 INFO  [o.n.k.i.DiagnosticsManager]   neostore.labeltokenstore.db: 2015-12-10T08:55:57-0600 - 0.00 B
2015-12-10 14:55:58.454+0000 INFO  [o.n.k.i.DiagnosticsManager]   neostore.labeltokenstore.db.id: 2015-12-10T08:55:57-0600 - 9.00 B
2015-12-10 14:55:58.456+0000 INFO  [o.n.k.i.DiagnosticsManager]   neostore.labeltokenstore.db.names: 2015-12-10T08:55:57-0600 - 8.00 kB
2015-12-10 14:55:58.459+0000 INFO  [o.n.k.i.DiagnosticsManager]   neostore.labeltokenstore.db.names.id: 2015-12-10T08:55:57-0600 - 9.00 B
2015-12-10 14:55:58.462+0000 INFO  [o.n.k.i.DiagnosticsManager]   neostore.nodestore.db: 2015-12-10T08:55:55-0600 - 0.00 B
2015-12-10 14:55:58.465+0000 INFO  [o.n.k.i.DiagnosticsManager]   neostore.nodestore.db.id: 2015-12-10T08:55:56-0600 - 9.00 B
2015-12-10 14:55:58.467+0000 INFO  [o.n.k.i.DiagnosticsManager]   neostore.nodestore.db.labels: 2015-12-10T08:55:55-0600 - 8.00 kB
2015-12-10 14:55:58.470+0000 INFO  [o.n.k.i.DiagnosticsManager]   neostore.nodestore.db.labels.id: 2015-12-10T08:55:55-0600 - 9.00 B
2015-12-10 14:55:58.473+0000 INFO  [o.n.k.i.DiagnosticsManager]   neostore.propertystore.db: 2015-12-10T08:55:56-0600 - 0.00 B
2015-12-10 14:55:58.475+0000 INFO  [o.n.k.i.DiagnosticsManager]   neostore.propertystore.db.arrays: 2015-12-10T08:55:56-0600 - 8.00 kB
2015-12-10 14:55:58.478+0000 INFO  [o.n.k.i.DiagnosticsManager]   neostore.propertystore.db.arrays.id: 2015-12-10T08:55:56-0600 - 9.00 B
2015-12-10 14:55:58.480+0000 INFO  [o.n.k.i.DiagnosticsManager]   neostore.propertystore.db.id: 2015-12-10T08:55:56-0600 - 9.00 B
2015-12-10 14:55:58.483+0000 INFO  [o.n.k.i.DiagnosticsManager]   neostore.propertystore.db.index: 2015-12-10T08:55:56-0600 - 0.00 B
2015-12-10 14:55:58.485+0000 INFO  [o.n.k.i.DiagnosticsManager]   neostore.propertystore.db.index.id: 2015-12-10T08:55:56-0600 - 9.00 B
2015-12-10 14:55:58.488+0000 INFO  [o.n.k.i.DiagnosticsManager]   neostore.propertystore.db.index.keys: 2015-12-10T08:55:56-0600 - 8.00 kB
2015-12-10 14:55:58.490+0000 INFO  [o.n.k.i.DiagnosticsManager]   neostore.propertystore.db.index.keys.id: 2015-12-10T08:55:56-0600 - 9.00 B
2015-12-10 14:55:58.493+0000 INFO  [o.n.k.i.DiagnosticsManager]   neostore.propertystore.db.strings: 2015-12-10T08:55:56-0600 - 8.00 kB
2015-12-10 14:55:58.495+0000 INFO  [o.n.k.i.DiagnosticsManager]   neostore.propertystore.db.strings.id: 2015-12-10T08:55:56-0600 - 9.00 B
2015-12-10 14:55:58.498+0000 INFO  [o.n.k.i.DiagnosticsManager]   neostore.relationshipgroupstore.db: 2015-12-10T08:55:57-0600 - 8.00 kB
2015-12-10 14:55:58.501+0000 INFO  [o.n.k.i.DiagnosticsManager]   neostore.relationshipgroupstore.db.id: 2015-12-10T08:55:58-0600 - 9.00 B
2015-12-10 14:55:58.504+0000 INFO  [o.n.k.i.DiagnosticsManager]   neostore.relationshipstore.db: 2015-12-10T08:55:56-0600 - 0.00 B
2015-12-10 14:55:58.506+0000 INFO  [o.n.k.i.DiagnosticsManager]   neostore.relationshipstore.db.id: 2015-12-10T08:55:56-0600 - 9.00 B
2015-12-10 14:55:58.509+0000 INFO  [o.n.k.i.DiagnosticsManager]   neostore.relationshiptypestore.db: 2015-12-10T08:55:57-0600 - 0.00 B
2015-12-10 14:55:58.512+0000 INFO  [o.n.k.i.DiagnosticsManager]   neostore.relationshiptypestore.db.id: 2015-12-10T08:55:57-0600 - 9.00 B
2015-12-10 14:55:58.514+0000 INFO  [o.n.k.i.DiagnosticsManager]   neostore.relationshiptypestore.db.names: 2015-12-10T08:55:57-0600 - 8.00 kB
2015-12-10 14:55:58.517+0000 INFO  [o.n.k.i.DiagnosticsManager]   neostore.relationshiptypestore.db.names.id: 2015-12-10T08:55:57-0600 - 9.00 B
2015-12-10 14:55:58.519+0000 INFO  [o.n.k.i.DiagnosticsManager]   neostore.schemastore.db: 2015-12-10T08:55:57-0600 - 8.00 kB
2015-12-10 14:55:58.522+0000 INFO  [o.n.k.i.DiagnosticsManager]   neostore.schemastore.db.id: 2015-12-10T08:55:57-0600 - 9.00 B
2015-12-10 14:55:58.525+0000 INFO  [o.n.k.i.DiagnosticsManager]   neostore.transaction.db.0: 2015-12-10T08:55:58-0600 - 16.00 B
2015-12-10 14:55:58.527+0000 INFO  [o.n.k.i.DiagnosticsManager]   schema:
2015-12-10 14:55:58.530+0000 INFO  [o.n.k.i.DiagnosticsManager]     label:
2015-12-10 14:55:58.533+0000 INFO  [o.n.k.i.DiagnosticsManager]       lucene:
2015-12-10 14:55:58.535+0000 INFO  [o.n.k.i.DiagnosticsManager]         write.lock: 2015-12-10T08:55:58-0600 - 0.00 B
2015-12-10 14:55:58.538+0000 INFO  [o.n.k.i.DiagnosticsManager]       - Total: 2015-12-10T08:55:58-0600 - 0.00 B
2015-12-10 14:55:58.540+0000 INFO  [o.n.k.i.DiagnosticsManager]     - Total: 2015-12-10T08:55:58-0600 - 0.00 B
2015-12-10 14:55:58.543+0000 INFO  [o.n.k.i.DiagnosticsManager]   - Total: 2015-12-10T08:55:58-0600 - 0.00 B
2015-12-10 14:55:58.546+0000 INFO  [o.n.k.i.DiagnosticsManager]   store_lock: 2015-12-10T08:55:55-0600 - 0.00 B
2015-12-10 14:55:58.548+0000 INFO  [o.n.k.i.DiagnosticsManager] --- STARTED diagnostics for KernelDiagnostics:StoreFiles END ---
2015-12-10 14:55:58.561+0000 INFO  [o.n.k.i.DiagnosticsManager] --- SERVER STARTED START ---
2015-12-10 14:55:59.270+0000 INFO  [o.n.k.i.DiagnosticsManager] --- SERVER STARTED END ---
2015-12-10 14:56:47.373+0000 WARN  [o.n.k.i.c.MonitorGc] GC Monitor: Application threads blocked for 258ms.
2015-12-10 15:00:58.263+0000 INFO  [o.n.k.i.t.l.c.CheckPointerImpl] Check Pointing triggered by scheduler for time threshold [5587]:  Starting check pointing...
2015-12-10 15:00:58.266+0000 INFO  [o.n.k.i.t.l.c.CheckPointerImpl] Check Pointing triggered by scheduler for time threshold [5587]:  Starting store flush...
2015-12-10 15:00:58.480+0000 INFO  [o.n.k.i.s.c.CountsTracker] About to rotate counts store at transaction 5590 to [C:\561\5000\5000D3\neostore.counts.db.b], from [C:\561\5000\5000D3\neostore.counts.db.a].
2015-12-10 15:00:58.507+0000 INFO  [o.n.k.i.s.c.CountsTracker] Successfully rotated counts store at transaction 5590 to [C:\561\5000\5000D3\neostore.counts.db.b], from [C:\561\5000\5000D3\neostore.counts.db.a].
2015-12-10 15:00:59.059+0000 INFO  [o.n.k.i.t.l.c.CheckPointerImpl] Check Pointing triggered by scheduler for time threshold [5587]:  Store flush completed
2015-12-10 15:00:59.065+0000 INFO  [o.n.k.i.t.l.c.CheckPointerImpl] Check Pointing triggered by scheduler for time threshold [5587]:  Starting appending check point entry into the tx log...
2015-12-10 15:00:59.100+0000 INFO  [o.n.k.i.t.l.c.CheckPointerImpl] Check Pointing triggered by scheduler for time threshold [5587]:  Appending check point entry into the tx log completed
2015-12-10 15:00:59.105+0000 INFO  [o.n.k.i.t.l.c.CheckPointerImpl] Check Pointing triggered by scheduler for time threshold [5587]:  Check pointing completed
2015-12-10 15:00:59.111+0000 INFO  [o.n.k.i.t.l.p.LogPruningImpl] Log Rotation [0]:  Starting log pruning.
2015-12-10 15:00:59.116+0000 INFO  [o.n.k.i.t.l.p.LogPruningImpl] Log Rotation [0]:  Log pruning complete.
2015-12-10 15:05:59.142+0000 INFO  [o.n.k.i.t.l.c.CheckPointerImpl] Check Pointing triggered by scheduler for time threshold [11606]:  Starting check pointing...
2015-12-10 15:05:59.145+0000 INFO  [o.n.k.i.t.l.c.CheckPointerImpl] Check Pointing triggered by scheduler for time threshold [11606]:  Starting store flush...
2015-12-10 15:05:59.316+0000 INFO  [o.n.k.i.s.c.CountsTracker] About to rotate counts store at transaction 11608 to [C:\561\5000\5000D3\neostore.counts.db.a], from [C:\561\5000\5000D3\neostore.counts.db.b].
2015-12-10 15:05:59.325+0000 INFO  [o.n.k.i.s.c.CountsTracker] Successfully rotated counts store at transaction 11608 to [C:\561\5000\5000D3\neostore.counts.db.a], from [C:\561\5000\5000D3\neostore.counts.db.b].
2015-12-10 15:05:59.868+0000 INFO  [o.n.k.i.t.l.c.CheckPointerImpl] Check Pointing triggered by scheduler for time threshold [11606]:  Store flush completed
2015-12-10 15:05:59.871+0000 INFO  [o.n.k.i.t.l.c.CheckPointerImpl] Check Pointing triggered by scheduler for time threshold [11606]:  Starting appending check point entry into the tx log...
2015-12-10 15:05:59.918+0000 INFO  [o.n.k.i.t.l.c.CheckPointerImpl] Check Pointing triggered by scheduler for time threshold [11606]:  Appending check point entry into the tx log completed
2015-12-10 15:05:59.921+0000 INFO  [o.n.k.i.t.l.c.CheckPointerImpl] Check Pointing triggered by scheduler for time threshold [11606]:  Check pointing completed
2015-12-10 15:05:59.924+0000 INFO  [o.n.k.i.t.l.p.LogPruningImpl] Log Rotation [0]:  Starting log pruning.
2015-12-10 15:05:59.926+0000 INFO  [o.n.k.i.t.l.p.LogPruningImpl] Log Rotation [0]:  Log pruning complete.
2015-12-10 15:09:02.086+0000 INFO  [o.n.k.i.f.GraphDatabaseFacade] Shutdown started
2015-12-10 15:09:02.088+0000 INFO  [o.n.k.i.f.CommunityFacadeFactory] Database is now unavailable
2015-12-10 15:09:02.222+0000 INFO  [o.n.k.i.s.c.CountsTracker] About to rotate counts store at transaction 15111 to [C:\561\5000\5000D3\neostore.counts.db.b], from [C:\561\5000\5000D3\neostore.counts.db.a].
2015-12-10 15:09:02.233+0000 INFO  [o.n.k.i.s.c.CountsTracker] Successfully rotated counts store at transaction 15111 to [C:\561\5000\5000D3\neostore.counts.db.b], from [C:\561\5000\5000D3\neostore.counts.db.a].
2015-12-10 15:09:02.373+0000 INFO  [o.n.k.i.t.l.c.CheckPointerImpl] Check Pointing triggered by database shutdown [15111]:  Starting check pointing...
2015-12-10 15:09:02.378+0000 INFO  [o.n.k.i.t.l.c.CheckPointerImpl] Check Pointing triggered by database shutdown [15111]:  Starting store flush...
2015-12-10 15:09:02.402+0000 INFO  [o.n.k.i.t.l.c.CheckPointerImpl] Check Pointing triggered by database shutdown [15111]:  Store flush completed
2015-12-10 15:09:02.407+0000 INFO  [o.n.k.i.t.l.c.CheckPointerImpl] Check Pointing triggered by database shutdown [15111]:  Starting appending check point entry into the tx log...
2015-12-10 15:09:02.437+0000 INFO  [o.n.k.i.t.l.c.CheckPointerImpl] Check Pointing triggered by database shutdown [15111]:  Appending check point entry into the tx log completed
2015-12-10 15:09:02.440+0000 INFO  [o.n.k.i.t.l.c.CheckPointerImpl] Check Pointing triggered by database shutdown [15111]:  Check pointing completed
2015-12-10 15:09:02.444+0000 INFO  [o.n.k.i.t.l.p.LogPruningImpl] Log Rotation [0]:  Starting log pruning.
2015-12-10 15:09:02.448+0000 INFO  [o.n.k.i.t.l.p.LogPruningImpl] Log Rotation [0]:  Log pruning complete.
2015-12-10 15:09:04.046+0000 INFO  [o.n.k.NeoStoreDataSource] NeoStores closed
2015-12-10 15:09:04.048+0000 INFO  [o.n.k.i.DiagnosticsManager] --- STOPPING diagnostics START ---
2015-12-10 15:09:04.048+0000 INFO  [o.n.k.i.DiagnosticsManager] --- STOPPING diagnostics END ---
2015-12-11 20:17:17.041+0000 INFO  [o.n.k.i.f.CommunityFacadeFactory] No locking implementation specified, defaulting to 'community'
2015-12-11 20:17:17.056+0000 INFO  [o.n.k.AvailabilityGuard] Requirement makes database unavailable: Database available
2015-12-11 20:17:17.058+0000 INFO  [o.n.k.i.DiagnosticsManager] --- INITIALIZED diagnostics START ---
2015-12-11 20:17:17.059+0000 INFO  [o.n.k.i.DiagnosticsManager] Neo4j Kernel properties:
2015-12-11 20:17:17.059+0000 INFO  [o.n.k.i.DiagnosticsManager] org.neo4j.server.db.tuning.properties=C:\561\5000\5000D3\neo4j.properties
2015-12-11 20:17:17.059+0000 INFO  [o.n.k.i.DiagnosticsManager] org.neo4j.server.database.location=C:\561\5000\5000D3
2015-12-11 20:17:17.059+0000 INFO  [o.n.k.i.DiagnosticsManager] dbms.querylog.filename=data/log/queries.log
2015-12-11 20:17:17.059+0000 INFO  [o.n.k.i.DiagnosticsManager] dbms.security.auth_store.location=C:\561\5000\5000D3\.\dbms\auth
2015-12-11 20:17:17.059+0000 INFO  [o.n.k.i.DiagnosticsManager] dbms.security.tls_certificate_file=C:\561\5000\5000D3\.\dbms\ssl\snakeoil.cert
2015-12-11 20:17:17.059+0000 INFO  [o.n.k.i.DiagnosticsManager] remote_shell_enabled=true
2015-12-11 20:17:17.059+0000 INFO  [o.n.k.i.DiagnosticsManager] edition=Community
2015-12-11 20:17:17.059+0000 INFO  [o.n.k.i.DiagnosticsManager] dbms.security.tls_key_file=C:\561\5000\5000D3\.\dbms\ssl\snakeoil.key
2015-12-11 20:17:17.059+0000 INFO  [o.n.k.i.DiagnosticsManager] Diagnostics providers:
2015-12-11 20:17:17.059+0000 INFO  [o.n.k.i.DiagnosticsManager] org.neo4j.kernel.configuration.Config
2015-12-11 20:17:17.059+0000 INFO  [o.n.k.i.DiagnosticsManager] org.neo4j.kernel.info.DiagnosticsManager
2015-12-11 20:17:17.059+0000 INFO  [o.n.k.i.DiagnosticsManager] SYSTEM_MEMORY
2015-12-11 20:17:17.059+0000 INFO  [o.n.k.i.DiagnosticsManager] JAVA_MEMORY
2015-12-11 20:17:17.059+0000 INFO  [o.n.k.i.DiagnosticsManager] OPERATING_SYSTEM
2015-12-11 20:17:17.059+0000 INFO  [o.n.k.i.DiagnosticsManager] JAVA_VIRTUAL_MACHINE
2015-12-11 20:17:17.059+0000 INFO  [o.n.k.i.DiagnosticsManager] CLASSPATH
2015-12-11 20:17:17.059+0000 INFO  [o.n.k.i.DiagnosticsManager] LIBRARY_PATH
2015-12-11 20:17:17.059+0000 INFO  [o.n.k.i.DiagnosticsManager] SYSTEM_PROPERTIES
2015-12-11 20:17:17.059+0000 INFO  [o.n.k.i.DiagnosticsManager] NETWORK
2015-12-11 20:17:17.059+0000 INFO  [o.n.k.i.DiagnosticsManager] System memory information:
2015-12-11 20:17:17.059+0000 INFO  [o.n.k.i.DiagnosticsManager] Total Physical memory: 3.93 GB
2015-12-11 20:17:17.059+0000 INFO  [o.n.k.i.DiagnosticsManager] Free Physical memory: 2.00 GB
2015-12-11 20:17:17.059+0000 INFO  [o.n.k.i.DiagnosticsManager] Committed virtual memory: 349.02 MB
2015-12-11 20:17:17.059+0000 INFO  [o.n.k.i.DiagnosticsManager] Total swap space: 5.66 GB
2015-12-11 20:17:17.059+0000 INFO  [o.n.k.i.DiagnosticsManager] Free swap space: 3.04 GB
2015-12-11 20:17:17.059+0000 INFO  [o.n.k.i.DiagnosticsManager] JVM memory information:
2015-12-11 20:17:17.059+0000 INFO  [o.n.k.i.DiagnosticsManager] Free  memory: 25.84 MB
2015-12-11 20:17:17.059+0000 INFO  [o.n.k.i.DiagnosticsManager] Total memory: 75.50 MB
2015-12-11 20:17:17.059+0000 INFO  [o.n.k.i.DiagnosticsManager] Max   memory: 894.50 MB
2015-12-11 20:17:17.059+0000 INFO  [o.n.k.i.DiagnosticsManager] Garbage Collector: PS Scavenge: [PS Eden Space, PS Survivor Space]
2015-12-11 20:17:17.059+0000 INFO  [o.n.k.i.DiagnosticsManager] Garbage Collector: PS MarkSweep: [PS Eden Space, PS Survivor Space, PS Old Gen, PS Perm Gen]
2015-12-11 20:17:17.059+0000 INFO  [o.n.k.i.DiagnosticsManager] Memory Pool: Code Cache (Non-heap memory): committed=11.31 MB, used=11.02 MB, max=48.00 MB, threshold=0.00 B
2015-12-11 20:17:17.059+0000 INFO  [o.n.k.i.DiagnosticsManager] Memory Pool: PS Eden Space (Heap memory): committed=21.50 MB, used=15.60 MB, max=334.50 MB, threshold=?
2015-12-11 20:17:17.059+0000 INFO  [o.n.k.i.DiagnosticsManager] Memory Pool: PS Survivor Space (Heap memory): committed=512.00 kB, used=490.68 kB, max=512.00 kB, threshold=?
2015-12-11 20:17:17.060+0000 INFO  [o.n.k.i.DiagnosticsManager] Memory Pool: PS Old Gen (Heap memory): committed=53.50 MB, used=33.61 MB, max=670.50 MB, threshold=0.00 B
2015-12-11 20:17:17.060+0000 INFO  [o.n.k.i.DiagnosticsManager] Memory Pool: PS Perm Gen (Non-heap memory): committed=65.50 MB, used=64.30 MB, max=82.00 MB, threshold=0.00 B
2015-12-11 20:17:17.060+0000 INFO  [o.n.k.i.DiagnosticsManager] Operating system information:
2015-12-11 20:17:17.060+0000 INFO  [o.n.k.i.DiagnosticsManager] Operating System: Windows 8.1; version: 6.3; arch: amd64; cpus: 8
2015-12-11 20:17:17.060+0000 INFO  [o.n.k.i.DiagnosticsManager] Process id: 5816@ATAN-B03-02
2015-12-11 20:17:17.060+0000 INFO  [o.n.k.i.DiagnosticsManager] Byte order: LITTLE_ENDIAN
2015-12-11 20:17:17.060+0000 INFO  [o.n.k.i.DiagnosticsManager] Local timezone: America/Chicago
2015-12-11 20:17:17.060+0000 INFO  [o.n.k.i.DiagnosticsManager] JVM information:
2015-12-11 20:17:17.060+0000 INFO  [o.n.k.i.DiagnosticsManager] VM Name: Java HotSpot(TM) 64-Bit Server VM
2015-12-11 20:17:17.060+0000 INFO  [o.n.k.i.DiagnosticsManager] VM Vendor: Oracle Corporation
2015-12-11 20:17:17.060+0000 INFO  [o.n.k.i.DiagnosticsManager] VM Version: 24.80-b11
2015-12-11 20:17:17.060+0000 INFO  [o.n.k.i.DiagnosticsManager] JIT compiler: HotSpot 64-Bit Tiered Compilers
2015-12-11 20:17:17.060+0000 INFO  [o.n.k.i.DiagnosticsManager] VM Arguments: [-Dexe4j.semaphoreName=Local\c:_program_files_neo4j_ce_2.3.1_bin_neo4j-ce.exe, -Dexe4j.isInstall4j=true, -Dexe4j.moduleName=C:\Program Files\Neo4j CE 2.3.1\bin\neo4j-ce.exe, -Dexe4j.tempDir=, -Dexe4j.unextractedPosition=0, -Djava.library.path=C:\Program Files (x86)\AMD APP\bin\x86_64;C:\Program Files (x86)\AMD APP\bin\x86;C:\ProgramData\Oracle\Java\javapath;C:\Windows\system32;C:\Windows;C:\Windows\System32\Wbem;C:\Windows\System32\WindowsPowerShell\v1.0\;C:\Program Files (x86)\MiKTeX 2.9\miktex\bin\;C:\Program Files\TortoiseSVN\bin;C:\Windows\system32\config\systemprofile\.dnx\bin;C:\Program Files\Microsoft DNX\Dnvm\;C:\Program Files\MATLAB\R2015b\runtime\win64;C:\Program Files\MATLAB\R2015b\bin;C:\Program Files (x86)\ATI Technologies\ATI.ACE\Core-Static;c:\program files\neo4j ce 2.3.1\jre\bin, -Dexe4j.consoleCodepage=cp0, -Dinstall4j.launcherId=24, -Dinstall4j.swt=false]
2015-12-11 20:17:17.060+0000 INFO  [o.n.k.i.DiagnosticsManager] Java classpath:
2015-12-11 20:17:17.062+0000 INFO  [o.n.k.i.DiagnosticsManager]  [loader.1] file:/C:/Program%20Files/Neo4j%20CE%202.3.1/jre/lib/ext/dnsns.jar
2015-12-11 20:17:17.062+0000 INFO  [o.n.k.i.DiagnosticsManager]  [loader.0] file:/C:/Program%20Files/Neo4j%20CE%202.3.1/bin/
2015-12-11 20:17:17.062+0000 INFO  [o.n.k.i.DiagnosticsManager]  [bootstrap] C:\Program Files\Neo4j CE 2.3.1\jre\lib\resources.jar
2015-12-11 20:17:17.062+0000 INFO  [o.n.k.i.DiagnosticsManager]  [bootstrap] C:\Program Files\Neo4j CE 2.3.1\jre\lib\jfr.jar
2015-12-11 20:17:17.062+0000 INFO  [o.n.k.i.DiagnosticsManager]  [classpath] C:\Program Files\Neo4j CE 2.3.1\.install4j\i4jruntime.jar
2015-12-11 20:17:17.062+0000 INFO  [o.n.k.i.DiagnosticsManager]  [loader.1] file:/C:/Program%20Files/Neo4j%20CE%202.3.1/jre/lib/ext/sunmscapi.jar
2015-12-11 20:17:17.062+0000 INFO  [o.n.k.i.DiagnosticsManager]  [bootstrap] C:\Program Files\Neo4j CE 2.3.1\jre\lib\jsse.jar
2015-12-11 20:17:17.062+0000 INFO  [o.n.k.i.DiagnosticsManager]  [loader.1] file:/C:/Program%20Files/Neo4j%20CE%202.3.1/jre/lib/ext/dns_sd.jar
2015-12-11 20:17:17.062+0000 INFO  [o.n.k.i.DiagnosticsManager]  [loader.0] file:/C:/Program%20Files/Neo4j%20CE%202.3.1/.install4j/i4jruntime.jar
2015-12-11 20:17:17.062+0000 INFO  [o.n.k.i.DiagnosticsManager]  [loader.0] file:/C:/Program%20Files/Neo4j%20CE%202.3.1/bin/neo4j-desktop-2.3.1.jar
2015-12-11 20:17:17.062+0000 INFO  [o.n.k.i.DiagnosticsManager]  [loader.1] file:/C:/Program%20Files/Neo4j%20CE%202.3.1/jre/lib/ext/access-bridge-64.jar
2015-12-11 20:17:17.062+0000 INFO  [o.n.k.i.DiagnosticsManager]  [loader.1] file:/C:/Program%20Files/Neo4j%20CE%202.3.1/jre/lib/ext/localedata.jar
2015-12-11 20:17:17.062+0000 INFO  [o.n.k.i.DiagnosticsManager]  [bootstrap] C:\Program Files\Neo4j CE 2.3.1\jre\lib\sunrsasign.jar
2015-12-11 20:17:17.062+0000 INFO  [o.n.k.i.DiagnosticsManager]  [bootstrap] C:\Program Files\Neo4j CE 2.3.1\jre\lib\jce.jar
2015-12-11 20:17:17.062+0000 INFO  [o.n.k.i.DiagnosticsManager]  [bootstrap] C:\Program Files\Neo4j CE 2.3.1\jre\lib\rt.jar
2015-12-11 20:17:17.062+0000 INFO  [o.n.k.i.DiagnosticsManager]  [bootstrap] C:\Program Files\Neo4j CE 2.3.1\jre\lib\charsets.jar
2015-12-11 20:17:17.062+0000 INFO  [o.n.k.i.DiagnosticsManager]  [loader.1] file:/C:/Program%20Files/Neo4j%20CE%202.3.1/jre/lib/ext/sunjce_provider.jar
2015-12-11 20:17:17.062+0000 INFO  [o.n.k.i.DiagnosticsManager]  [bootstrap] C:\Program Files\Neo4j CE 2.3.1\jre\classes
2015-12-11 20:17:17.062+0000 INFO  [o.n.k.i.DiagnosticsManager]  [loader.1] file:/C:/Program%20Files/Neo4j%20CE%202.3.1/jre/lib/ext/zipfs.jar
2015-12-11 20:17:17.062+0000 INFO  [o.n.k.i.DiagnosticsManager]  [loader.1] file:/C:/Program%20Files/Neo4j%20CE%202.3.1/jre/lib/ext/jaccess.jar
2015-12-11 20:17:17.062+0000 INFO  [o.n.k.i.DiagnosticsManager]  [loader.1] file:/C:/Program%20Files/Neo4j%20CE%202.3.1/jre/lib/ext/sunec.jar
2015-12-11 20:17:17.062+0000 INFO  [o.n.k.i.DiagnosticsManager]  [classpath] C:\Program Files\Neo4j CE 2.3.1\bin\neo4j-desktop-2.3.1.jar
2015-12-11 20:17:17.062+0000 INFO  [o.n.k.i.DiagnosticsManager] Library path:
2015-12-11 20:17:17.063+0000 INFO  [o.n.k.i.DiagnosticsManager] C:\Program Files (x86)\AMD APP\bin\x86_64
2015-12-11 20:17:17.063+0000 INFO  [o.n.k.i.DiagnosticsManager] C:\Program Files (x86)\AMD APP\bin\x86
2015-12-11 20:17:17.063+0000 INFO  [o.n.k.i.DiagnosticsManager] C:\ProgramData\Oracle\Java\javapath
2015-12-11 20:17:17.063+0000 INFO  [o.n.k.i.DiagnosticsManager] C:\Windows\System32
2015-12-11 20:17:17.063+0000 INFO  [o.n.k.i.DiagnosticsManager] C:\Windows
2015-12-11 20:17:17.063+0000 INFO  [o.n.k.i.DiagnosticsManager] C:\Windows\System32\wbem
2015-12-11 20:17:17.064+0000 INFO  [o.n.k.i.DiagnosticsManager] C:\Windows\System32\WindowsPowerShell\v1.0
2015-12-11 20:17:17.064+0000 INFO  [o.n.k.i.DiagnosticsManager] C:\Program Files (x86)\MiKTeX 2.9\miktex\bin
2015-12-11 20:17:17.064+0000 INFO  [o.n.k.i.DiagnosticsManager] C:\Program Files\TortoiseSVN\bin
2015-12-11 20:17:17.064+0000 INFO  [o.n.k.i.DiagnosticsManager] C:\Windows\System32\config\systemprofile\.dnx\bin
2015-12-11 20:17:17.064+0000 INFO  [o.n.k.i.DiagnosticsManager] C:\Program Files\Microsoft DNX\Dnvm
2015-12-11 20:17:17.064+0000 INFO  [o.n.k.i.DiagnosticsManager] C:\Program Files\MATLAB\R2015b\runtime\win64
2015-12-11 20:17:17.065+0000 INFO  [o.n.k.i.DiagnosticsManager] C:\Program Files\MATLAB\R2015b\bin
2015-12-11 20:17:17.065+0000 INFO  [o.n.k.i.DiagnosticsManager] C:\Program Files (x86)\ATI Technologies\ATI.ACE\Core-Static
2015-12-11 20:17:17.065+0000 INFO  [o.n.k.i.DiagnosticsManager] C:\Program Files\Neo4j CE 2.3.1\jre\bin
2015-12-11 20:17:17.065+0000 INFO  [o.n.k.i.DiagnosticsManager] System.properties:
2015-12-11 20:17:17.065+0000 INFO  [o.n.k.i.DiagnosticsManager] exe4j.moduleName = C:\Program Files\Neo4j CE 2.3.1\bin\neo4j-ce.exe
2015-12-11 20:17:17.065+0000 INFO  [o.n.k.i.DiagnosticsManager] exe4j.semaphoreName = Local\c:_program_files_neo4j_ce_2.3.1_bin_neo4j-ce.exe
2015-12-11 20:17:17.065+0000 INFO  [o.n.k.i.DiagnosticsManager] sun.boot.library.path = c:\program files\neo4j ce 2.3.1\jre\bin
2015-12-11 20:17:17.065+0000 INFO  [o.n.k.i.DiagnosticsManager] exe4j.consoleCodepage = cp0
2015-12-11 20:17:17.065+0000 INFO  [o.n.k.i.DiagnosticsManager] path.separator = ;
2015-12-11 20:17:17.065+0000 INFO  [o.n.k.i.DiagnosticsManager] file.encoding.pkg = sun.io
2015-12-11 20:17:17.065+0000 INFO  [o.n.k.i.DiagnosticsManager] user.country = US
2015-12-11 20:17:17.065+0000 INFO  [o.n.k.i.DiagnosticsManager] user.script = 
2015-12-11 20:17:17.065+0000 INFO  [o.n.k.i.DiagnosticsManager] sun.os.patch.level = 
2015-12-11 20:17:17.065+0000 INFO  [o.n.k.i.DiagnosticsManager] install4j.exeDir = C:\Program Files\Neo4j CE 2.3.1\bin\
2015-12-11 20:17:17.065+0000 INFO  [o.n.k.i.DiagnosticsManager] user.dir = C:\Program Files\Neo4j CE 2.3.1\bin
2015-12-11 20:17:17.065+0000 INFO  [o.n.k.i.DiagnosticsManager] neo4j.ext.udc.source = desktop
2015-12-11 20:17:17.065+0000 INFO  [o.n.k.i.DiagnosticsManager] user.variant = 
2015-12-11 20:17:17.065+0000 INFO  [o.n.k.i.DiagnosticsManager] exe4j.tempDir = 
2015-12-11 20:17:17.065+0000 INFO  [o.n.k.i.DiagnosticsManager] sun.jnu.encoding = Cp1252
2015-12-11 20:17:17.065+0000 INFO  [o.n.k.i.DiagnosticsManager] sun.awt.enableExtraMouseButtons = true
2015-12-11 20:17:17.065+0000 INFO  [o.n.k.i.DiagnosticsManager] install4j.launcherId = 24
2015-12-11 20:17:17.065+0000 INFO  [o.n.k.i.DiagnosticsManager] sun.management.compiler = HotSpot 64-Bit Tiered Compilers
2015-12-11 20:17:17.065+0000 INFO  [o.n.k.i.DiagnosticsManager] exe4j.isInstall4j = true
2015-12-11 20:17:17.065+0000 INFO  [o.n.k.i.DiagnosticsManager] install4j.swt = false
2015-12-11 20:17:17.065+0000 INFO  [o.n.k.i.DiagnosticsManager] user.home = C:\Users\cez
2015-12-11 20:17:17.065+0000 INFO  [o.n.k.i.DiagnosticsManager] user.timezone = America/Chicago
2015-12-11 20:17:17.065+0000 INFO  [o.n.k.i.DiagnosticsManager] file.encoding = Cp1252
2015-12-11 20:17:17.065+0000 INFO  [o.n.k.i.DiagnosticsManager] user.name = cez
2015-12-11 20:17:17.065+0000 INFO  [o.n.k.i.DiagnosticsManager] sun.java.command = C:\Program Files\Neo4j CE 2.3.1\bin\neo4j-ce.exe
2015-12-11 20:17:17.065+0000 INFO  [o.n.k.i.DiagnosticsManager] sun.arch.data.model = 64
2015-12-11 20:17:17.065+0000 INFO  [o.n.k.i.DiagnosticsManager] exe4j.launchName = C:\Program Files\Neo4j CE 2.3.1\bin\neo4j-ce.exe
2015-12-11 20:17:17.065+0000 INFO  [o.n.k.i.DiagnosticsManager] user.language = en
2015-12-11 20:17:17.065+0000 INFO  [o.n.k.i.DiagnosticsManager] awt.toolkit = sun.awt.windows.WToolkit
2015-12-11 20:17:17.065+0000 INFO  [o.n.k.i.DiagnosticsManager] exe4j.unextractedPosition = 0
2015-12-11 20:17:17.065+0000 INFO  [o.n.k.i.DiagnosticsManager] install4j.appDir = C:\Program Files\Neo4j CE 2.3.1\
2015-12-11 20:17:17.065+0000 INFO  [o.n.k.i.DiagnosticsManager] file.separator = \
2015-12-11 20:17:17.065+0000 INFO  [o.n.k.i.DiagnosticsManager] sun.io.unicode.encoding = UnicodeLittle
2015-12-11 20:17:17.065+0000 INFO  [o.n.k.i.DiagnosticsManager] sun.cpu.endian = little
2015-12-11 20:17:17.065+0000 INFO  [o.n.k.i.DiagnosticsManager] sun.desktop = windows
2015-12-11 20:17:17.065+0000 INFO  [o.n.k.i.DiagnosticsManager] sun.cpu.isalist = amd64
2015-12-11 20:17:17.065+0000 INFO  [o.n.k.i.DiagnosticsManager] Network information:
2015-12-11 20:17:17.078+0000 INFO  [o.n.k.i.DiagnosticsManager] Interface Software Loopback Interface 1:
2015-12-11 20:17:17.078+0000 INFO  [o.n.k.i.DiagnosticsManager]     address: 127.0.0.1
2015-12-11 20:17:17.078+0000 INFO  [o.n.k.i.DiagnosticsManager]     address: 0:0:0:0:0:0:0:1
2015-12-11 20:17:17.078+0000 INFO  [o.n.k.i.DiagnosticsManager] Interface Microsoft Kernel Debug Network Adapter:
2015-12-11 20:17:17.078+0000 INFO  [o.n.k.i.DiagnosticsManager] Interface Intel(R) 82578DM Gigabit Network Connection:
2015-12-11 20:17:17.078+0000 INFO  [o.n.k.i.DiagnosticsManager]     address: 10.24.47.166
2015-12-11 20:17:17.078+0000 INFO  [o.n.k.i.DiagnosticsManager]     address: 2610:130:101:d00:4493:c16:efa9:8b55
2015-12-11 20:17:17.079+0000 INFO  [o.n.k.i.DiagnosticsManager]     address: 2610:130:101:d00:920:e15d:79eb:345b
2015-12-11 20:17:17.079+0000 INFO  [o.n.k.i.DiagnosticsManager]     address: 2610:130:101:d00:a502:b02c:1a2d:577b
2015-12-11 20:17:17.079+0000 INFO  [o.n.k.i.DiagnosticsManager]     address: 2610:130:101:d00:dde0:9cf:9f51:157b
2015-12-11 20:17:17.079+0000 INFO  [o.n.k.i.DiagnosticsManager]     address: fe80:0:0:0:4493:c16:efa9:8b55%3
2015-12-11 20:17:17.079+0000 INFO  [o.n.k.i.DiagnosticsManager] Interface Microsoft ISATAP Adapter:
2015-12-11 20:17:17.079+0000 INFO  [o.n.k.i.DiagnosticsManager]     address: fe80:0:0:0:0:5efe:c0a8:3801%4
2015-12-11 20:17:17.079+0000 INFO  [o.n.k.i.DiagnosticsManager] Interface Teredo Tunneling Pseudo-Interface:
2015-12-11 20:17:17.079+0000 INFO  [o.n.k.i.DiagnosticsManager] Interface Microsoft ISATAP Adapter #2:
2015-12-11 20:17:17.079+0000 INFO  [o.n.k.i.DiagnosticsManager]     address: fe80:0:0:0:0:5efe:a18:2fa6%6
2015-12-11 20:17:17.079+0000 INFO  [o.n.k.i.DiagnosticsManager] Interface VirtualBox Host-Only Ethernet Adapter:
2015-12-11 20:17:17.079+0000 INFO  [o.n.k.i.DiagnosticsManager]     address: 192.168.56.1
2015-12-11 20:17:17.079+0000 INFO  [o.n.k.i.DiagnosticsManager]     address: fe80:0:0:0:4133:2d33:29c2:6efa%7
2015-12-11 20:17:17.079+0000 INFO  [o.n.k.i.DiagnosticsManager] Interface Microsoft ISATAP Adapter #3:
2015-12-11 20:17:17.079+0000 INFO  [o.n.k.i.DiagnosticsManager] Interface VirtualBox Host-Only Ethernet Adapter-WFP Native MAC Layer LightWeight Filter-0000:
2015-12-11 20:17:17.079+0000 INFO  [o.n.k.i.DiagnosticsManager] Interface VirtualBox Host-Only Ethernet Adapter-VirtualBox NDIS Light-Weight Filter-0000:
2015-12-11 20:17:17.079+0000 INFO  [o.n.k.i.DiagnosticsManager] Interface VirtualBox Host-Only Ethernet Adapter-QoS Packet Scheduler-0000:
2015-12-11 20:17:17.079+0000 INFO  [o.n.k.i.DiagnosticsManager] Interface VirtualBox Host-Only Ethernet Adapter-WFP 802.3 MAC Layer LightWeight Filter-0000:
2015-12-11 20:17:17.079+0000 INFO  [o.n.k.i.DiagnosticsManager] Interface Intel(R) 82578DM Gigabit Network Connection-WFP Native MAC Layer LightWeight Filter-0000:
2015-12-11 20:17:17.079+0000 INFO  [o.n.k.i.DiagnosticsManager] Interface Intel(R) 82578DM Gigabit Network Connection-VirtualBox NDIS Light-Weight Filter-0000:
2015-12-11 20:17:17.079+0000 INFO  [o.n.k.i.DiagnosticsManager] Interface Intel(R) 82578DM Gigabit Network Connection-QoS Packet Scheduler-0000:
2015-12-11 20:17:17.079+0000 INFO  [o.n.k.i.DiagnosticsManager] Interface Intel(R) 82578DM Gigabit Network Connection-WFP 802.3 MAC Layer LightWeight Filter-0000:
2015-12-11 20:17:17.079+0000 INFO  [o.n.k.i.DiagnosticsManager] --- INITIALIZED diagnostics END ---
2015-12-11 20:17:18.984+0000 INFO  [o.n.k.KernelHealth] Kernel health set to OK
2015-12-11 20:17:19.003+0000 INFO  [o.n.k.AvailabilityGuard] Fulfilling of requirement makes database available: Database available
2015-12-11 20:17:19.007+0000 INFO  [o.n.k.i.f.CommunityFacadeFactory] Database is now ready
2015-12-11 20:17:19.012+0000 INFO  [o.n.k.i.DiagnosticsManager] --- STARTED diagnostics for KernelDiagnostics:Versions START ---
2015-12-11 20:17:19.015+0000 INFO  [o.n.k.i.DiagnosticsManager] Graph Database: Community StoreId{creationTime=1449759358086, randomId=-5292340648312355077, storeVersion=15250506225055238, upgradeTime=1449759358086, upgradeId=1}
2015-12-11 20:17:19.019+0000 INFO  [o.n.k.i.DiagnosticsManager] Kernel version: 2.3.1
2015-12-11 20:17:19.022+0000 INFO  [o.n.k.i.DiagnosticsManager] --- STARTED diagnostics for KernelDiagnostics:Versions END ---
2015-12-11 20:17:19.026+0000 INFO  [o.n.k.i.DiagnosticsManager] --- STARTED diagnostics for NEO_STORE_VERSIONS START ---
2015-12-11 20:17:19.029+0000 INFO  [o.n.k.i.DiagnosticsManager] Store versions:
2015-12-11 20:17:19.031+0000 INFO  [o.n.k.i.DiagnosticsManager] Store versions:
2015-12-11 20:17:19.033+0000 INFO  [o.n.k.i.DiagnosticsManager] ArrayPropertyStore v0.A.6
2015-12-11 20:17:19.035+0000 INFO  [o.n.k.i.DiagnosticsManager] NodeStore v0.A.6
2015-12-11 20:17:19.037+0000 INFO  [o.n.k.i.DiagnosticsManager] StringPropertyStore v0.A.6
2015-12-11 20:17:19.039+0000 INFO  [o.n.k.i.DiagnosticsManager] PropertyIndexStore v0.A.6
2015-12-11 20:17:19.041+0000 INFO  [o.n.k.i.DiagnosticsManager] StringPropertyStore v0.A.6
2015-12-11 20:17:19.043+0000 INFO  [o.n.k.i.DiagnosticsManager] ArrayPropertyStore v0.A.6
2015-12-11 20:17:19.046+0000 INFO  [o.n.k.i.DiagnosticsManager] PropertyStore v0.A.6
2015-12-11 20:17:19.049+0000 INFO  [o.n.k.i.DiagnosticsManager] RelationshipStore v0.A.6
2015-12-11 20:17:19.051+0000 INFO  [o.n.k.i.DiagnosticsManager] StringPropertyStore v0.A.6
2015-12-11 20:17:19.053+0000 INFO  [o.n.k.i.DiagnosticsManager] RelationshipTypeStore v0.A.6
2015-12-11 20:17:19.055+0000 INFO  [o.n.k.i.DiagnosticsManager] StringPropertyStore v0.A.6
2015-12-11 20:17:19.058+0000 INFO  [o.n.k.i.DiagnosticsManager] LabelTokenStore v0.A.6
2015-12-11 20:17:19.060+0000 INFO  [o.n.k.i.DiagnosticsManager] SchemaStore v0.A.6
2015-12-11 20:17:19.062+0000 INFO  [o.n.k.i.DiagnosticsManager] RelationshipGroupStore v0.A.6
2015-12-11 20:17:19.064+0000 INFO  [o.n.k.i.DiagnosticsManager] NeoStore v0.A.6
2015-12-11 20:17:19.066+0000 INFO  [o.n.k.i.DiagnosticsManager] --- STARTED diagnostics for NEO_STORE_VERSIONS END ---
2015-12-11 20:17:19.069+0000 INFO  [o.n.k.i.DiagnosticsManager] --- STARTED diagnostics for NEO_STORE_ID_USAGE START ---
2015-12-11 20:17:19.071+0000 INFO  [o.n.k.i.DiagnosticsManager] Id usage:
2015-12-11 20:17:19.073+0000 INFO  [o.n.k.i.DiagnosticsManager] Id usage:
2015-12-11 20:17:19.075+0000 INFO  [o.n.k.i.DiagnosticsManager]   ArrayPropertyStore v0.A.6: used=1 high=0
2015-12-11 20:17:19.077+0000 INFO  [o.n.k.i.DiagnosticsManager]   NodeStore v0.A.6: used=5102 high=5101
2015-12-11 20:17:19.080+0000 INFO  [o.n.k.i.DiagnosticsManager]   StringPropertyStore v0.A.6: used=4 high=3
2015-12-11 20:17:19.082+0000 INFO  [o.n.k.i.DiagnosticsManager]   PropertyIndexStore v0.A.6: used=3 high=2
2015-12-11 20:17:19.084+0000 INFO  [o.n.k.i.DiagnosticsManager]   StringPropertyStore v0.A.6: used=1 high=0
2015-12-11 20:17:19.086+0000 INFO  [o.n.k.i.DiagnosticsManager]   ArrayPropertyStore v0.A.6: used=1 high=0
2015-12-11 20:17:19.089+0000 INFO  [o.n.k.i.DiagnosticsManager]   PropertyStore v0.A.6: used=5102 high=5101
2015-12-11 20:17:19.091+0000 INFO  [o.n.k.i.DiagnosticsManager]   RelationshipStore v0.A.6: used=10000 high=9999
2015-12-11 20:17:19.092+0000 INFO  [o.n.k.i.DiagnosticsManager]   StringPropertyStore v0.A.6: used=3 high=2
2015-12-11 20:17:19.096+0000 INFO  [o.n.k.i.DiagnosticsManager]   RelationshipTypeStore v0.A.6: used=2 high=1
2015-12-11 20:17:19.098+0000 INFO  [o.n.k.i.DiagnosticsManager]   StringPropertyStore v0.A.6: used=4 high=3
2015-12-11 20:17:19.099+0000 INFO  [o.n.k.i.DiagnosticsManager]   LabelTokenStore v0.A.6: used=3 high=2
2015-12-11 20:17:19.103+0000 INFO  [o.n.k.i.DiagnosticsManager]   SchemaStore v0.A.6: used=1 high=0
2015-12-11 20:17:19.104+0000 INFO  [o.n.k.i.DiagnosticsManager]   RelationshipGroupStore v0.A.6: used=54 high=53
2015-12-11 20:17:19.106+0000 INFO  [o.n.k.i.DiagnosticsManager]   NeoStore v0.A.6: used=13 high=12
2015-12-11 20:17:19.108+0000 INFO  [o.n.k.i.DiagnosticsManager] --- STARTED diagnostics for NEO_STORE_ID_USAGE END ---
2015-12-11 20:17:19.111+0000 INFO  [o.n.k.i.DiagnosticsManager] --- STARTED diagnostics for NEO_STORE_RECORDS START ---
2015-12-11 20:17:19.114+0000 INFO  [o.n.k.i.DiagnosticsManager] Neostore records:
2015-12-11 20:17:19.116+0000 INFO  [o.n.k.i.DiagnosticsManager] TIME (Creation time): 1449759358086
2015-12-11 20:17:19.118+0000 INFO  [o.n.k.i.DiagnosticsManager] RANDOM_NUMBER (Random number for store id): -5292340648312355077
2015-12-11 20:17:19.119+0000 INFO  [o.n.k.i.DiagnosticsManager] LOG_VERSION (Current log version): 0
2015-12-11 20:17:19.123+0000 INFO  [o.n.k.i.DiagnosticsManager] LAST_TRANSACTION_ID (Last committed transaction): 15111
2015-12-11 20:17:19.124+0000 INFO  [o.n.k.i.DiagnosticsManager] STORE_VERSION (Store format version): 15250506225055238
2015-12-11 20:17:19.126+0000 INFO  [o.n.k.i.DiagnosticsManager] FIRST_GRAPH_PROPERTY (First property record containing graph properties): -1
2015-12-11 20:17:19.128+0000 INFO  [o.n.k.i.DiagnosticsManager] LAST_CONSTRAINT_TRANSACTION (Last committed transaction containing constraint changes): 0
2015-12-11 20:17:19.131+0000 INFO  [o.n.k.i.DiagnosticsManager] UPGRADE_TRANSACTION_ID (Transaction id most recent upgrade was performed at): 1
2015-12-11 20:17:19.133+0000 INFO  [o.n.k.i.DiagnosticsManager] UPGRADE_TIME (Time of last upgrade): 1449759358086
2015-12-11 20:17:19.136+0000 INFO  [o.n.k.i.DiagnosticsManager] LAST_TRANSACTION_CHECKSUM (Checksum of last committed transaction): -163174503755
2015-12-11 20:17:19.137+0000 INFO  [o.n.k.i.DiagnosticsManager] UPGRADE_TRANSACTION_CHECKSUM (Checksum of transaction id the most recent upgrade was performed at): 0
2015-12-11 20:17:19.140+0000 INFO  [o.n.k.i.DiagnosticsManager] LAST_CLOSED_TRANSACTION_LOG_VERSION (Log version where the last transaction commit entry has been written into): 0
2015-12-11 20:17:19.143+0000 INFO  [o.n.k.i.DiagnosticsManager] LAST_CLOSED_TRANSACTION_LOG_BYTE_OFFSET (Byte offset in the log file where the last transaction commit entry has been written into): 6857279
2015-12-11 20:17:19.144+0000 INFO  [o.n.k.i.DiagnosticsManager] --- STARTED diagnostics for NEO_STORE_RECORDS END ---
2015-12-11 20:17:19.148+0000 INFO  [o.n.k.i.DiagnosticsManager] --- STARTED diagnostics for TRANSACTION_RANGE START ---
2015-12-11 20:17:19.150+0000 INFO  [o.n.k.i.DiagnosticsManager] Transaction log:
2015-12-11 20:17:19.152+0000 INFO  [o.n.k.i.DiagnosticsManager] Oldest transaction 2 found in log with version 0
2015-12-11 20:17:19.155+0000 INFO  [o.n.k.i.DiagnosticsManager] --- STARTED diagnostics for TRANSACTION_RANGE END ---
2015-12-11 20:17:19.157+0000 INFO  [o.n.k.i.DiagnosticsManager] --- STARTED diagnostics for KernelDiagnostics:StoreFiles START ---
2015-12-11 20:17:19.160+0000 INFO  [o.n.k.i.DiagnosticsManager] Disk space on partition (Total / Free / Free %): 499738734592 / 397960511488 / 79
Storage files: (filename : modification date - size)
2015-12-11 20:17:19.163+0000 INFO  [o.n.k.i.DiagnosticsManager]   dbms:
2015-12-11 20:17:19.166+0000 INFO  [o.n.k.i.DiagnosticsManager]     auth: 2015-12-10T08:55:58-0600 - 137.00 B
2015-12-11 20:17:19.168+0000 INFO  [o.n.k.i.DiagnosticsManager]     ssl:
2015-12-11 20:17:19.170+0000 INFO  [o.n.k.i.DiagnosticsManager]       snakeoil.cert: 2015-12-10T08:55:55-0600 - 630.00 B
2015-12-11 20:17:19.173+0000 INFO  [o.n.k.i.DiagnosticsManager]       snakeoil.key: 2015-12-10T08:55:55-0600 - 910.00 B
2015-12-11 20:17:19.175+0000 INFO  [o.n.k.i.DiagnosticsManager]     - Total: 2015-12-10T08:55:55-0600 - 1.50 kB
2015-12-11 20:17:19.178+0000 INFO  [o.n.k.i.DiagnosticsManager]   - Total: 2015-12-10T08:55:58-0600 - 1.64 kB
2015-12-11 20:17:19.179+0000 INFO  [o.n.k.i.DiagnosticsManager]   index:
2015-12-11 20:17:19.181+0000 INFO  [o.n.k.i.DiagnosticsManager]   - Total: 2015-12-10T08:55:58-0600 - 0.00 B
2015-12-11 20:17:19.184+0000 INFO  [o.n.k.i.DiagnosticsManager]   messages.log: 2015-12-10T09:09:04-0600 - 63.39 kB
2015-12-11 20:17:19.187+0000 INFO  [o.n.k.i.DiagnosticsManager]   neo4j.properties: 2015-12-10T08:55:55-0600 - 1.30 kB
2015-12-11 20:17:19.190+0000 INFO  [o.n.k.i.DiagnosticsManager]   neostore: 2015-12-10T09:09:02-0600 - 8.00 kB
2015-12-11 20:17:19.191+0000 INFO  [o.n.k.i.DiagnosticsManager]   neostore.counts.db.a: 2015-12-10T09:05:59-0600 - 544.00 B
2015-12-11 20:17:19.194+0000 INFO  [o.n.k.i.DiagnosticsManager]   neostore.counts.db.b: 2015-12-10T09:09:02-0600 - 544.00 B
2015-12-11 20:17:19.197+0000 INFO  [o.n.k.i.DiagnosticsManager]   neostore.id: 2015-12-11T14:17:18-0600 - 9.00 B
2015-12-11 20:17:19.199+0000 INFO  [o.n.k.i.DiagnosticsManager]   neostore.labeltokenstore.db: 2015-12-10T09:00:58-0600 - 8.00 kB
2015-12-11 20:17:19.202+0000 INFO  [o.n.k.i.DiagnosticsManager]   neostore.labeltokenstore.db.id: 2015-12-11T14:17:17-0600 - 9.00 B
2015-12-11 20:17:19.205+0000 INFO  [o.n.k.i.DiagnosticsManager]   neostore.labeltokenstore.db.names: 2015-12-10T09:00:58-0600 - 8.00 kB
2015-12-11 20:17:19.207+0000 INFO  [o.n.k.i.DiagnosticsManager]   neostore.labeltokenstore.db.names.id: 2015-12-11T14:17:17-0600 - 9.00 B
2015-12-11 20:17:19.210+0000 INFO  [o.n.k.i.DiagnosticsManager]   neostore.nodestore.db: 2015-12-10T09:09:02-0600 - 79.98 kB
2015-12-11 20:17:19.213+0000 INFO  [o.n.k.i.DiagnosticsManager]   neostore.nodestore.db.id: 2015-12-11T14:17:17-0600 - 9.00 B
2015-12-11 20:17:19.215+0000 INFO  [o.n.k.i.DiagnosticsManager]   neostore.nodestore.db.labels: 2015-12-10T08:55:55-0600 - 8.00 kB
2015-12-11 20:17:19.218+0000 INFO  [o.n.k.i.DiagnosticsManager]   neostore.nodestore.db.labels.id: 2015-12-11T14:17:17-0600 - 9.00 B
2015-12-11 20:17:19.221+0000 INFO  [o.n.k.i.DiagnosticsManager]   neostore.propertystore.db: 2015-12-10T09:09:02-0600 - 207.16 kB
2015-12-11 20:17:19.223+0000 INFO  [o.n.k.i.DiagnosticsManager]   neostore.propertystore.db.arrays: 2015-12-10T08:55:56-0600 - 8.00 kB
2015-12-11 20:17:19.226+0000 INFO  [o.n.k.i.DiagnosticsManager]   neostore.propertystore.db.arrays.id: 2015-12-11T14:17:17-0600 - 9.00 B
2015-12-11 20:17:19.229+0000 INFO  [o.n.k.i.DiagnosticsManager]   neostore.propertystore.db.id: 2015-12-11T14:17:17-0600 - 9.00 B
2015-12-11 20:17:19.231+0000 INFO  [o.n.k.i.DiagnosticsManager]   neostore.propertystore.db.index: 2015-12-10T09:00:58-0600 - 8.00 kB
2015-12-11 20:17:19.234+0000 INFO  [o.n.k.i.DiagnosticsManager]   neostore.propertystore.db.index.id: 2015-12-11T14:17:17-0600 - 9.00 B
2015-12-11 20:17:19.236+0000 INFO  [o.n.k.i.DiagnosticsManager]   neostore.propertystore.db.index.keys: 2015-12-10T09:00:58-0600 - 8.00 kB
2015-12-11 20:17:19.239+0000 INFO  [o.n.k.i.DiagnosticsManager]   neostore.propertystore.db.index.keys.id: 2015-12-11T14:17:17-0600 - 9.00 B
2015-12-11 20:17:19.241+0000 INFO  [o.n.k.i.DiagnosticsManager]   neostore.propertystore.db.strings: 2015-12-10T08:55:56-0600 - 8.00 kB
2015-12-11 20:17:19.244+0000 INFO  [o.n.k.i.DiagnosticsManager]   neostore.propertystore.db.strings.id: 2015-12-11T14:17:17-0600 - 9.00 B
2015-12-11 20:17:19.246+0000 INFO  [o.n.k.i.DiagnosticsManager]   neostore.relationshipgroupstore.db: 2015-12-10T09:09:02-0600 - 8.00 kB
2015-12-11 20:17:19.249+0000 INFO  [o.n.k.i.DiagnosticsManager]   neostore.relationshipgroupstore.db.id: 2015-12-11T14:17:17-0600 - 9.00 B
2015-12-11 20:17:19.252+0000 INFO  [o.n.k.i.DiagnosticsManager]   neostore.relationshipstore.db: 2015-12-10T09:09:03-0600 - 334.69 kB
2015-12-11 20:17:19.254+0000 INFO  [o.n.k.i.DiagnosticsManager]   neostore.relationshipstore.db.id: 2015-12-11T14:17:17-0600 - 9.00 B
2015-12-11 20:17:19.256+0000 INFO  [o.n.k.i.DiagnosticsManager]   neostore.relationshiptypestore.db: 2015-12-10T09:00:58-0600 - 8.00 kB
2015-12-11 20:17:19.259+0000 INFO  [o.n.k.i.DiagnosticsManager]   neostore.relationshiptypestore.db.id: 2015-12-11T14:17:17-0600 - 9.00 B
2015-12-11 20:17:19.261+0000 INFO  [o.n.k.i.DiagnosticsManager]   neostore.relationshiptypestore.db.names: 2015-12-10T09:00:58-0600 - 8.00 kB
2015-12-11 20:17:19.263+0000 INFO  [o.n.k.i.DiagnosticsManager]   neostore.relationshiptypestore.db.names.id: 2015-12-11T14:17:17-0600 - 9.00 B
2015-12-11 20:17:19.266+0000 INFO  [o.n.k.i.DiagnosticsManager]   neostore.schemastore.db: 2015-12-10T08:55:57-0600 - 8.00 kB
2015-12-11 20:17:19.268+0000 INFO  [o.n.k.i.DiagnosticsManager]   neostore.schemastore.db.id: 2015-12-11T14:17:17-0600 - 9.00 B
2015-12-11 20:17:19.270+0000 INFO  [o.n.k.i.DiagnosticsManager]   neostore.transaction.db.0: 2015-12-10T09:09:02-0600 - 6.54 MB
2015-12-11 20:17:19.272+0000 INFO  [o.n.k.i.DiagnosticsManager]   schema:
2015-12-11 20:17:19.275+0000 INFO  [o.n.k.i.DiagnosticsManager]     label:
2015-12-11 20:17:19.277+0000 INFO  [o.n.k.i.DiagnosticsManager]       lucene:
2015-12-11 20:17:19.279+0000 INFO  [o.n.k.i.DiagnosticsManager]         _7uj.cfs: 2015-12-10T09:08:43-0600 - 4.95 kB
2015-12-11 20:17:19.281+0000 INFO  [o.n.k.i.DiagnosticsManager]         segments.gen: 2015-12-10T09:09:02-0600 - 20.00 B
2015-12-11 20:17:19.284+0000 INFO  [o.n.k.i.DiagnosticsManager]         segments_3: 2015-12-10T09:09:02-0600 - 258.00 B
2015-12-11 20:17:19.286+0000 INFO  [o.n.k.i.DiagnosticsManager]         write.lock: 2015-12-11T14:17:18-0600 - 0.00 B
2015-12-11 20:17:19.288+0000 INFO  [o.n.k.i.DiagnosticsManager]       - Total: 2015-12-11T14:17:18-0600 - 5.22 kB
2015-12-11 20:17:19.290+0000 INFO  [o.n.k.i.DiagnosticsManager]     - Total: 2015-12-10T08:55:58-0600 - 5.22 kB
2015-12-11 20:17:19.292+0000 INFO  [o.n.k.i.DiagnosticsManager]   - Total: 2015-12-10T08:55:58-0600 - 5.22 kB
2015-12-11 20:17:19.294+0000 INFO  [o.n.k.i.DiagnosticsManager]   store_lock: 2015-12-10T08:55:55-0600 - 0.00 B
2015-12-11 20:17:19.296+0000 INFO  [o.n.k.i.DiagnosticsManager] --- STARTED diagnostics for KernelDiagnostics:StoreFiles END ---
2015-12-11 20:17:19.307+0000 INFO  [o.n.k.i.DiagnosticsManager] --- SERVER STARTED START ---
2015-12-11 20:17:20.166+0000 INFO  [o.n.k.i.DiagnosticsManager] --- SERVER STARTED END ---
2015-12-11 20:53:35.732+0000 INFO  [o.n.k.i.f.GraphDatabaseFacade] Shutdown started
2015-12-11 20:53:35.735+0000 INFO  [o.n.k.i.f.CommunityFacadeFactory] Database is now unavailable
2015-12-11 20:53:35.758+0000 INFO  [o.n.k.i.t.l.c.CheckPointerImpl] Check Pointing triggered by database shutdown [15111]:  Starting check pointing...
2015-12-11 20:53:35.761+0000 INFO  [o.n.k.i.t.l.c.CheckPointerImpl] Check Pointing triggered by database shutdown [15111]:  Starting store flush...
2015-12-11 20:53:35.776+0000 INFO  [o.n.k.i.t.l.c.CheckPointerImpl] Check Pointing triggered by database shutdown [15111]:  Store flush completed
2015-12-11 20:53:35.778+0000 INFO  [o.n.k.i.t.l.c.CheckPointerImpl] Check Pointing triggered by database shutdown [15111]:  Starting appending check point entry into the tx log...
2015-12-11 20:53:35.809+0000 INFO  [o.n.k.i.t.l.c.CheckPointerImpl] Check Pointing triggered by database shutdown [15111]:  Appending check point entry into the tx log completed
2015-12-11 20:53:35.812+0000 INFO  [o.n.k.i.t.l.c.CheckPointerImpl] Check Pointing triggered by database shutdown [15111]:  Check pointing completed
2015-12-11 20:53:35.814+0000 INFO  [o.n.k.i.t.l.p.LogPruningImpl] Log Rotation [0]:  Starting log pruning.
2015-12-11 20:53:35.817+0000 INFO  [o.n.k.i.t.l.p.LogPruningImpl] Log Rotation [0]:  Log pruning complete.
2015-12-11 20:53:37.138+0000 INFO  [o.n.k.NeoStoreDataSource] NeoStores closed
2015-12-11 20:53:37.152+0000 INFO  [o.n.k.i.DiagnosticsManager] --- STOPPING diagnostics START ---
2015-12-11 20:53:37.152+0000 INFO  [o.n.k.i.DiagnosticsManager] --- STOPPING diagnostics END ---
