2015-12-09 21:46:29.624+0000 INFO  [o.n.k.i.f.CommunityFacadeFactory] No locking implementation specified, defaulting to 'community'
2015-12-09 21:46:29.628+0000 INFO  [o.n.k.AvailabilityGuard] Requirement makes database unavailable: Database available
2015-12-09 21:46:29.630+0000 INFO  [o.n.k.i.DiagnosticsManager] --- INITIALIZED diagnostics START ---
2015-12-09 21:46:29.630+0000 INFO  [o.n.k.i.DiagnosticsManager] Neo4j Kernel properties:
2015-12-09 21:46:29.630+0000 INFO  [o.n.k.i.DiagnosticsManager] org.neo4j.server.db.tuning.properties=C:\561\2000\2000D3\neo4j.properties
2015-12-09 21:46:29.630+0000 INFO  [o.n.k.i.DiagnosticsManager] org.neo4j.server.database.location=C:\561\2000\2000D3
2015-12-09 21:46:29.630+0000 INFO  [o.n.k.i.DiagnosticsManager] dbms.querylog.filename=data/log/queries.log
2015-12-09 21:46:29.630+0000 INFO  [o.n.k.i.DiagnosticsManager] dbms.security.auth_store.location=C:\561\2000\2000D3\.\dbms\auth
2015-12-09 21:46:29.630+0000 INFO  [o.n.k.i.DiagnosticsManager] dbms.security.tls_certificate_file=C:\561\2000\2000D3\.\dbms\ssl\snakeoil.cert
2015-12-09 21:46:29.630+0000 INFO  [o.n.k.i.DiagnosticsManager] remote_shell_enabled=true
2015-12-09 21:46:29.630+0000 INFO  [o.n.k.i.DiagnosticsManager] edition=Community
2015-12-09 21:46:29.630+0000 INFO  [o.n.k.i.DiagnosticsManager] dbms.security.tls_key_file=C:\561\2000\2000D3\.\dbms\ssl\snakeoil.key
2015-12-09 21:46:29.630+0000 INFO  [o.n.k.i.DiagnosticsManager] Diagnostics providers:
2015-12-09 21:46:29.630+0000 INFO  [o.n.k.i.DiagnosticsManager] org.neo4j.kernel.configuration.Config
2015-12-09 21:46:29.630+0000 INFO  [o.n.k.i.DiagnosticsManager] org.neo4j.kernel.info.DiagnosticsManager
2015-12-09 21:46:29.630+0000 INFO  [o.n.k.i.DiagnosticsManager] SYSTEM_MEMORY
2015-12-09 21:46:29.630+0000 INFO  [o.n.k.i.DiagnosticsManager] JAVA_MEMORY
2015-12-09 21:46:29.630+0000 INFO  [o.n.k.i.DiagnosticsManager] OPERATING_SYSTEM
2015-12-09 21:46:29.630+0000 INFO  [o.n.k.i.DiagnosticsManager] JAVA_VIRTUAL_MACHINE
2015-12-09 21:46:29.630+0000 INFO  [o.n.k.i.DiagnosticsManager] CLASSPATH
2015-12-09 21:46:29.630+0000 INFO  [o.n.k.i.DiagnosticsManager] LIBRARY_PATH
2015-12-09 21:46:29.630+0000 INFO  [o.n.k.i.DiagnosticsManager] SYSTEM_PROPERTIES
2015-12-09 21:46:29.630+0000 INFO  [o.n.k.i.DiagnosticsManager] NETWORK
2015-12-09 21:46:29.630+0000 INFO  [o.n.k.i.DiagnosticsManager] System memory information:
2015-12-09 21:46:29.630+0000 INFO  [o.n.k.i.DiagnosticsManager] Total Physical memory: 3.93 GB
2015-12-09 21:46:29.630+0000 INFO  [o.n.k.i.DiagnosticsManager] Free Physical memory: 2.08 GB
2015-12-09 21:46:29.630+0000 INFO  [o.n.k.i.DiagnosticsManager] Committed virtual memory: 354.34 MB
2015-12-09 21:46:29.630+0000 INFO  [o.n.k.i.DiagnosticsManager] Total swap space: 5.05 GB
2015-12-09 21:46:29.630+0000 INFO  [o.n.k.i.DiagnosticsManager] Free swap space: 2.57 GB
2015-12-09 21:46:29.630+0000 INFO  [o.n.k.i.DiagnosticsManager] JVM memory information:
2015-12-09 21:46:29.631+0000 INFO  [o.n.k.i.DiagnosticsManager] Free  memory: 9.86 MB
2015-12-09 21:46:29.631+0000 INFO  [o.n.k.i.DiagnosticsManager] Total memory: 93.00 MB
2015-12-09 21:46:29.631+0000 INFO  [o.n.k.i.DiagnosticsManager] Max   memory: 894.50 MB
2015-12-09 21:46:29.631+0000 INFO  [o.n.k.i.DiagnosticsManager] Garbage Collector: PS Scavenge: [PS Eden Space, PS Survivor Space]
2015-12-09 21:46:29.631+0000 INFO  [o.n.k.i.DiagnosticsManager] Garbage Collector: PS MarkSweep: [PS Eden Space, PS Survivor Space, PS Old Gen, PS Perm Gen]
2015-12-09 21:46:29.631+0000 INFO  [o.n.k.i.DiagnosticsManager] Memory Pool: Code Cache (Non-heap memory): committed=10.75 MB, used=10.50 MB, max=48.00 MB, threshold=0.00 B
2015-12-09 21:46:29.631+0000 INFO  [o.n.k.i.DiagnosticsManager] Memory Pool: PS Eden Space (Heap memory): committed=21.00 MB, used=20.80 MB, max=333.50 MB, threshold=?
2015-12-09 21:46:29.631+0000 INFO  [o.n.k.i.DiagnosticsManager] Memory Pool: PS Survivor Space (Heap memory): committed=1.00 MB, used=480.00 kB, max=1.00 MB, threshold=?
2015-12-09 21:46:29.631+0000 INFO  [o.n.k.i.DiagnosticsManager] Memory Pool: PS Old Gen (Heap memory): committed=71.00 MB, used=61.87 MB, max=670.50 MB, threshold=0.00 B
2015-12-09 21:46:29.631+0000 INFO  [o.n.k.i.DiagnosticsManager] Memory Pool: PS Perm Gen (Non-heap memory): committed=69.50 MB, used=63.57 MB, max=82.00 MB, threshold=0.00 B
2015-12-09 21:46:29.631+0000 INFO  [o.n.k.i.DiagnosticsManager] Operating system information:
2015-12-09 21:46:29.631+0000 INFO  [o.n.k.i.DiagnosticsManager] Operating System: Windows 8.1; version: 6.3; arch: amd64; cpus: 8
2015-12-09 21:46:29.632+0000 INFO  [o.n.k.i.DiagnosticsManager] Process id: 3784@ATAN-B03-02
2015-12-09 21:46:29.632+0000 INFO  [o.n.k.i.DiagnosticsManager] Byte order: LITTLE_ENDIAN
2015-12-09 21:46:29.632+0000 INFO  [o.n.k.i.DiagnosticsManager] Local timezone: America/Chicago
2015-12-09 21:46:29.632+0000 INFO  [o.n.k.i.DiagnosticsManager] JVM information:
2015-12-09 21:46:29.632+0000 INFO  [o.n.k.i.DiagnosticsManager] VM Name: Java HotSpot(TM) 64-Bit Server VM
2015-12-09 21:46:29.632+0000 INFO  [o.n.k.i.DiagnosticsManager] VM Vendor: Oracle Corporation
2015-12-09 21:46:29.632+0000 INFO  [o.n.k.i.DiagnosticsManager] VM Version: 24.80-b11
2015-12-09 21:46:29.632+0000 INFO  [o.n.k.i.DiagnosticsManager] JIT compiler: HotSpot 64-Bit Tiered Compilers
2015-12-09 21:46:29.632+0000 INFO  [o.n.k.i.DiagnosticsManager] VM Arguments: [-Dexe4j.semaphoreName=Local\c:_program_files_neo4j_ce_2.3.1_bin_neo4j-ce.exe, -Dexe4j.isInstall4j=true, -Dexe4j.moduleName=C:\Program Files\Neo4j CE 2.3.1\bin\neo4j-ce.exe, -Dexe4j.tempDir=, -Dexe4j.unextractedPosition=0, -Djava.library.path=C:\Program Files (x86)\AMD APP\bin\x86_64;C:\Program Files (x86)\AMD APP\bin\x86;C:\ProgramData\Oracle\Java\javapath;C:\Windows\system32;C:\Windows;C:\Windows\System32\Wbem;C:\Windows\System32\WindowsPowerShell\v1.0\;C:\Program Files (x86)\MiKTeX 2.9\miktex\bin\;C:\Program Files\TortoiseSVN\bin;C:\Windows\system32\config\systemprofile\.dnx\bin;C:\Program Files\Microsoft DNX\Dnvm\;C:\Program Files\MATLAB\R2015b\runtime\win64;C:\Program Files\MATLAB\R2015b\bin;C:\Program Files (x86)\ATI Technologies\ATI.ACE\Core-Static;c:\program files\neo4j ce 2.3.1\jre\bin, -Dexe4j.consoleCodepage=cp0, -Dinstall4j.launcherId=24, -Dinstall4j.swt=false]
2015-12-09 21:46:29.632+0000 INFO  [o.n.k.i.DiagnosticsManager] Java classpath:
2015-12-09 21:46:29.634+0000 INFO  [o.n.k.i.DiagnosticsManager]  [loader.1] file:/C:/Program%20Files/Neo4j%20CE%202.3.1/jre/lib/ext/dnsns.jar
2015-12-09 21:46:29.634+0000 INFO  [o.n.k.i.DiagnosticsManager]  [loader.0] file:/C:/Program%20Files/Neo4j%20CE%202.3.1/bin/
2015-12-09 21:46:29.634+0000 INFO  [o.n.k.i.DiagnosticsManager]  [bootstrap] C:\Program Files\Neo4j CE 2.3.1\jre\lib\resources.jar
2015-12-09 21:46:29.634+0000 INFO  [o.n.k.i.DiagnosticsManager]  [bootstrap] C:\Program Files\Neo4j CE 2.3.1\jre\lib\jfr.jar
2015-12-09 21:46:29.634+0000 INFO  [o.n.k.i.DiagnosticsManager]  [classpath] C:\Program Files\Neo4j CE 2.3.1\.install4j\i4jruntime.jar
2015-12-09 21:46:29.634+0000 INFO  [o.n.k.i.DiagnosticsManager]  [loader.1] file:/C:/Program%20Files/Neo4j%20CE%202.3.1/jre/lib/ext/sunmscapi.jar
2015-12-09 21:46:29.634+0000 INFO  [o.n.k.i.DiagnosticsManager]  [bootstrap] C:\Program Files\Neo4j CE 2.3.1\jre\lib\jsse.jar
2015-12-09 21:46:29.634+0000 INFO  [o.n.k.i.DiagnosticsManager]  [loader.1] file:/C:/Program%20Files/Neo4j%20CE%202.3.1/jre/lib/ext/dns_sd.jar
2015-12-09 21:46:29.634+0000 INFO  [o.n.k.i.DiagnosticsManager]  [loader.0] file:/C:/Program%20Files/Neo4j%20CE%202.3.1/.install4j/i4jruntime.jar
2015-12-09 21:46:29.634+0000 INFO  [o.n.k.i.DiagnosticsManager]  [loader.0] file:/C:/Program%20Files/Neo4j%20CE%202.3.1/bin/neo4j-desktop-2.3.1.jar
2015-12-09 21:46:29.634+0000 INFO  [o.n.k.i.DiagnosticsManager]  [loader.1] file:/C:/Program%20Files/Neo4j%20CE%202.3.1/jre/lib/ext/access-bridge-64.jar
2015-12-09 21:46:29.634+0000 INFO  [o.n.k.i.DiagnosticsManager]  [loader.1] file:/C:/Program%20Files/Neo4j%20CE%202.3.1/jre/lib/ext/localedata.jar
2015-12-09 21:46:29.634+0000 INFO  [o.n.k.i.DiagnosticsManager]  [bootstrap] C:\Program Files\Neo4j CE 2.3.1\jre\lib\sunrsasign.jar
2015-12-09 21:46:29.634+0000 INFO  [o.n.k.i.DiagnosticsManager]  [bootstrap] C:\Program Files\Neo4j CE 2.3.1\jre\lib\jce.jar
2015-12-09 21:46:29.634+0000 INFO  [o.n.k.i.DiagnosticsManager]  [bootstrap] C:\Program Files\Neo4j CE 2.3.1\jre\lib\rt.jar
2015-12-09 21:46:29.634+0000 INFO  [o.n.k.i.DiagnosticsManager]  [bootstrap] C:\Program Files\Neo4j CE 2.3.1\jre\lib\charsets.jar
2015-12-09 21:46:29.634+0000 INFO  [o.n.k.i.DiagnosticsManager]  [loader.1] file:/C:/Program%20Files/Neo4j%20CE%202.3.1/jre/lib/ext/sunjce_provider.jar
2015-12-09 21:46:29.634+0000 INFO  [o.n.k.i.DiagnosticsManager]  [bootstrap] C:\Program Files\Neo4j CE 2.3.1\jre\classes
2015-12-09 21:46:29.634+0000 INFO  [o.n.k.i.DiagnosticsManager]  [loader.1] file:/C:/Program%20Files/Neo4j%20CE%202.3.1/jre/lib/ext/zipfs.jar
2015-12-09 21:46:29.634+0000 INFO  [o.n.k.i.DiagnosticsManager]  [loader.1] file:/C:/Program%20Files/Neo4j%20CE%202.3.1/jre/lib/ext/jaccess.jar
2015-12-09 21:46:29.634+0000 INFO  [o.n.k.i.DiagnosticsManager]  [loader.1] file:/C:/Program%20Files/Neo4j%20CE%202.3.1/jre/lib/ext/sunec.jar
2015-12-09 21:46:29.634+0000 INFO  [o.n.k.i.DiagnosticsManager]  [classpath] C:\Program Files\Neo4j CE 2.3.1\bin\neo4j-desktop-2.3.1.jar
2015-12-09 21:46:29.634+0000 INFO  [o.n.k.i.DiagnosticsManager] Library path:
2015-12-09 21:46:29.634+0000 INFO  [o.n.k.i.DiagnosticsManager] C:\Program Files (x86)\AMD APP\bin\x86_64
2015-12-09 21:46:29.634+0000 INFO  [o.n.k.i.DiagnosticsManager] C:\Program Files (x86)\AMD APP\bin\x86
2015-12-09 21:46:29.635+0000 INFO  [o.n.k.i.DiagnosticsManager] C:\ProgramData\Oracle\Java\javapath
2015-12-09 21:46:29.635+0000 INFO  [o.n.k.i.DiagnosticsManager] C:\Windows\System32
2015-12-09 21:46:29.635+0000 INFO  [o.n.k.i.DiagnosticsManager] C:\Windows
2015-12-09 21:46:29.635+0000 INFO  [o.n.k.i.DiagnosticsManager] C:\Windows\System32\wbem
2015-12-09 21:46:29.635+0000 INFO  [o.n.k.i.DiagnosticsManager] C:\Windows\System32\WindowsPowerShell\v1.0
2015-12-09 21:46:29.635+0000 INFO  [o.n.k.i.DiagnosticsManager] C:\Program Files (x86)\MiKTeX 2.9\miktex\bin
2015-12-09 21:46:29.636+0000 INFO  [o.n.k.i.DiagnosticsManager] C:\Program Files\TortoiseSVN\bin
2015-12-09 21:46:29.636+0000 INFO  [o.n.k.i.DiagnosticsManager] C:\Windows\System32\config\systemprofile\.dnx\bin
2015-12-09 21:46:29.636+0000 INFO  [o.n.k.i.DiagnosticsManager] C:\Program Files\Microsoft DNX\Dnvm
2015-12-09 21:46:29.636+0000 INFO  [o.n.k.i.DiagnosticsManager] C:\Program Files\MATLAB\R2015b\runtime\win64
2015-12-09 21:46:29.636+0000 INFO  [o.n.k.i.DiagnosticsManager] C:\Program Files\MATLAB\R2015b\bin
2015-12-09 21:46:29.636+0000 INFO  [o.n.k.i.DiagnosticsManager] C:\Program Files (x86)\ATI Technologies\ATI.ACE\Core-Static
2015-12-09 21:46:29.637+0000 INFO  [o.n.k.i.DiagnosticsManager] C:\Program Files\Neo4j CE 2.3.1\jre\bin
2015-12-09 21:46:29.637+0000 INFO  [o.n.k.i.DiagnosticsManager] System.properties:
2015-12-09 21:46:29.637+0000 INFO  [o.n.k.i.DiagnosticsManager] exe4j.moduleName = C:\Program Files\Neo4j CE 2.3.1\bin\neo4j-ce.exe
2015-12-09 21:46:29.637+0000 INFO  [o.n.k.i.DiagnosticsManager] exe4j.semaphoreName = Local\c:_program_files_neo4j_ce_2.3.1_bin_neo4j-ce.exe
2015-12-09 21:46:29.637+0000 INFO  [o.n.k.i.DiagnosticsManager] sun.boot.library.path = c:\program files\neo4j ce 2.3.1\jre\bin
2015-12-09 21:46:29.637+0000 INFO  [o.n.k.i.DiagnosticsManager] exe4j.consoleCodepage = cp0
2015-12-09 21:46:29.637+0000 INFO  [o.n.k.i.DiagnosticsManager] path.separator = ;
2015-12-09 21:46:29.637+0000 INFO  [o.n.k.i.DiagnosticsManager] file.encoding.pkg = sun.io
2015-12-09 21:46:29.637+0000 INFO  [o.n.k.i.DiagnosticsManager] user.country = US
2015-12-09 21:46:29.637+0000 INFO  [o.n.k.i.DiagnosticsManager] user.script = 
2015-12-09 21:46:29.637+0000 INFO  [o.n.k.i.DiagnosticsManager] sun.os.patch.level = 
2015-12-09 21:46:29.637+0000 INFO  [o.n.k.i.DiagnosticsManager] install4j.exeDir = C:\Program Files\Neo4j CE 2.3.1\bin\
2015-12-09 21:46:29.637+0000 INFO  [o.n.k.i.DiagnosticsManager] user.dir = C:\Program Files\Neo4j CE 2.3.1\bin
2015-12-09 21:46:29.637+0000 INFO  [o.n.k.i.DiagnosticsManager] neo4j.ext.udc.source = desktop
2015-12-09 21:46:29.637+0000 INFO  [o.n.k.i.DiagnosticsManager] user.variant = 
2015-12-09 21:46:29.637+0000 INFO  [o.n.k.i.DiagnosticsManager] exe4j.tempDir = 
2015-12-09 21:46:29.637+0000 INFO  [o.n.k.i.DiagnosticsManager] sun.jnu.encoding = Cp1252
2015-12-09 21:46:29.637+0000 INFO  [o.n.k.i.DiagnosticsManager] sun.awt.enableExtraMouseButtons = true
2015-12-09 21:46:29.637+0000 INFO  [o.n.k.i.DiagnosticsManager] install4j.launcherId = 24
2015-12-09 21:46:29.637+0000 INFO  [o.n.k.i.DiagnosticsManager] sun.management.compiler = HotSpot 64-Bit Tiered Compilers
2015-12-09 21:46:29.637+0000 INFO  [o.n.k.i.DiagnosticsManager] exe4j.isInstall4j = true
2015-12-09 21:46:29.637+0000 INFO  [o.n.k.i.DiagnosticsManager] install4j.swt = false
2015-12-09 21:46:29.637+0000 INFO  [o.n.k.i.DiagnosticsManager] user.home = C:\Users\cez
2015-12-09 21:46:29.637+0000 INFO  [o.n.k.i.DiagnosticsManager] user.timezone = America/Chicago
2015-12-09 21:46:29.637+0000 INFO  [o.n.k.i.DiagnosticsManager] file.encoding = Cp1252
2015-12-09 21:46:29.637+0000 INFO  [o.n.k.i.DiagnosticsManager] user.name = cez
2015-12-09 21:46:29.637+0000 INFO  [o.n.k.i.DiagnosticsManager] sun.java.command = C:\Program Files\Neo4j CE 2.3.1\bin\neo4j-ce.exe
2015-12-09 21:46:29.637+0000 INFO  [o.n.k.i.DiagnosticsManager] sun.arch.data.model = 64
2015-12-09 21:46:29.637+0000 INFO  [o.n.k.i.DiagnosticsManager] exe4j.launchName = C:\Program Files\Neo4j CE 2.3.1\bin\neo4j-ce.exe
2015-12-09 21:46:29.637+0000 INFO  [o.n.k.i.DiagnosticsManager] user.language = en
2015-12-09 21:46:29.637+0000 INFO  [o.n.k.i.DiagnosticsManager] awt.toolkit = sun.awt.windows.WToolkit
2015-12-09 21:46:29.637+0000 INFO  [o.n.k.i.DiagnosticsManager] exe4j.unextractedPosition = 0
2015-12-09 21:46:29.637+0000 INFO  [o.n.k.i.DiagnosticsManager] install4j.appDir = C:\Program Files\Neo4j CE 2.3.1\
2015-12-09 21:46:29.637+0000 INFO  [o.n.k.i.DiagnosticsManager] file.separator = \
2015-12-09 21:46:29.637+0000 INFO  [o.n.k.i.DiagnosticsManager] sun.io.unicode.encoding = UnicodeLittle
2015-12-09 21:46:29.637+0000 INFO  [o.n.k.i.DiagnosticsManager] sun.cpu.endian = little
2015-12-09 21:46:29.637+0000 INFO  [o.n.k.i.DiagnosticsManager] sun.desktop = windows
2015-12-09 21:46:29.637+0000 INFO  [o.n.k.i.DiagnosticsManager] sun.cpu.isalist = amd64
2015-12-09 21:46:29.637+0000 INFO  [o.n.k.i.DiagnosticsManager] Network information:
2015-12-09 21:46:29.650+0000 INFO  [o.n.k.i.DiagnosticsManager] Interface Software Loopback Interface 1:
2015-12-09 21:46:29.651+0000 INFO  [o.n.k.i.DiagnosticsManager]     address: 127.0.0.1
2015-12-09 21:46:29.651+0000 INFO  [o.n.k.i.DiagnosticsManager]     address: 0:0:0:0:0:0:0:1
2015-12-09 21:46:29.651+0000 INFO  [o.n.k.i.DiagnosticsManager] Interface Microsoft Kernel Debug Network Adapter:
2015-12-09 21:46:29.651+0000 INFO  [o.n.k.i.DiagnosticsManager] Interface Intel(R) 82578DM Gigabit Network Connection:
2015-12-09 21:46:29.651+0000 INFO  [o.n.k.i.DiagnosticsManager]     address: 10.24.47.166
2015-12-09 21:46:29.651+0000 INFO  [o.n.k.i.DiagnosticsManager]     address: 2610:130:101:d00:4493:c16:efa9:8b55
2015-12-09 21:46:29.651+0000 INFO  [o.n.k.i.DiagnosticsManager]     address: 2610:130:101:d00:a502:b02c:1a2d:577b
2015-12-09 21:46:29.651+0000 INFO  [o.n.k.i.DiagnosticsManager]     address: fe80:0:0:0:4493:c16:efa9:8b55%3
2015-12-09 21:46:29.651+0000 INFO  [o.n.k.i.DiagnosticsManager] Interface Microsoft ISATAP Adapter:
2015-12-09 21:46:29.651+0000 INFO  [o.n.k.i.DiagnosticsManager]     address: fe80:0:0:0:0:5efe:c0a8:3801%4
2015-12-09 21:46:29.651+0000 INFO  [o.n.k.i.DiagnosticsManager] Interface Teredo Tunneling Pseudo-Interface:
2015-12-09 21:46:29.651+0000 INFO  [o.n.k.i.DiagnosticsManager] Interface Microsoft ISATAP Adapter #2:
2015-12-09 21:46:29.651+0000 INFO  [o.n.k.i.DiagnosticsManager]     address: fe80:0:0:0:0:5efe:a18:2fa6%6
2015-12-09 21:46:29.651+0000 INFO  [o.n.k.i.DiagnosticsManager] Interface VirtualBox Host-Only Ethernet Adapter:
2015-12-09 21:46:29.651+0000 INFO  [o.n.k.i.DiagnosticsManager]     address: 192.168.56.1
2015-12-09 21:46:29.651+0000 INFO  [o.n.k.i.DiagnosticsManager]     address: fe80:0:0:0:4133:2d33:29c2:6efa%7
2015-12-09 21:46:29.651+0000 INFO  [o.n.k.i.DiagnosticsManager] Interface Microsoft ISATAP Adapter #3:
2015-12-09 21:46:29.651+0000 INFO  [o.n.k.i.DiagnosticsManager] Interface VirtualBox Host-Only Ethernet Adapter-WFP Native MAC Layer LightWeight Filter-0000:
2015-12-09 21:46:29.651+0000 INFO  [o.n.k.i.DiagnosticsManager] Interface VirtualBox Host-Only Ethernet Adapter-VirtualBox NDIS Light-Weight Filter-0000:
2015-12-09 21:46:29.651+0000 INFO  [o.n.k.i.DiagnosticsManager] Interface VirtualBox Host-Only Ethernet Adapter-QoS Packet Scheduler-0000:
2015-12-09 21:46:29.651+0000 INFO  [o.n.k.i.DiagnosticsManager] Interface VirtualBox Host-Only Ethernet Adapter-WFP 802.3 MAC Layer LightWeight Filter-0000:
2015-12-09 21:46:29.651+0000 INFO  [o.n.k.i.DiagnosticsManager] Interface Intel(R) 82578DM Gigabit Network Connection-WFP Native MAC Layer LightWeight Filter-0000:
2015-12-09 21:46:29.651+0000 INFO  [o.n.k.i.DiagnosticsManager] Interface Intel(R) 82578DM Gigabit Network Connection-VirtualBox NDIS Light-Weight Filter-0000:
2015-12-09 21:46:29.651+0000 INFO  [o.n.k.i.DiagnosticsManager] Interface Intel(R) 82578DM Gigabit Network Connection-QoS Packet Scheduler-0000:
2015-12-09 21:46:29.651+0000 INFO  [o.n.k.i.DiagnosticsManager] Interface Intel(R) 82578DM Gigabit Network Connection-WFP 802.3 MAC Layer LightWeight Filter-0000:
2015-12-09 21:46:29.651+0000 INFO  [o.n.k.i.DiagnosticsManager] --- INITIALIZED diagnostics END ---
2015-12-09 21:46:32.636+0000 INFO  [o.n.k.a.i.i.LuceneLabelScanStore] No lucene scan store index found, this might just be first use. Preparing to rebuild.
2015-12-09 21:46:32.641+0000 INFO  [o.n.k.NeoStoreDataSource] Opened logical log [C:\561\2000\2000D3\neostore.transaction.db.0] version=0, lastTxId=1 (clean)
2015-12-09 21:46:32.644+0000 WARN  [o.n.k.i.s.MetaDataStore] Missing counts store, rebuilding it.
2015-12-09 21:46:32.715+0000 INFO  [o.n.k.a.i.i.LuceneLabelScanStore] Rebuilding lucene scan store, this may take a while
2015-12-09 21:46:32.737+0000 INFO  [o.n.k.a.i.i.LuceneLabelScanStore] Lucene scan store rebuilt (roughly -1 nodes)
2015-12-09 21:46:32.740+0000 INFO  [o.n.k.KernelHealth] Kernel health set to OK
2015-12-09 21:46:32.749+0000 INFO  [o.n.k.AvailabilityGuard] Fulfilling of requirement makes database available: Database available
2015-12-09 21:46:32.751+0000 INFO  [o.n.k.i.f.CommunityFacadeFactory] Database is now ready
2015-12-09 21:46:32.754+0000 INFO  [o.n.k.i.DiagnosticsManager] --- STARTED diagnostics for KernelDiagnostics:Versions START ---
2015-12-09 21:46:32.756+0000 INFO  [o.n.k.i.DiagnosticsManager] Graph Database: Community StoreId{creationTime=1449697592558, randomId=7300671531662598237, storeVersion=15250506225055238, upgradeTime=1449697592558, upgradeId=1}
2015-12-09 21:46:32.759+0000 INFO  [o.n.k.i.DiagnosticsManager] Kernel version: 2.3.1
2015-12-09 21:46:32.761+0000 INFO  [o.n.k.i.DiagnosticsManager] --- STARTED diagnostics for KernelDiagnostics:Versions END ---
2015-12-09 21:46:32.763+0000 INFO  [o.n.k.i.DiagnosticsManager] --- STARTED diagnostics for NEO_STORE_VERSIONS START ---
2015-12-09 21:46:32.766+0000 INFO  [o.n.k.i.DiagnosticsManager] Store versions:
2015-12-09 21:46:32.768+0000 INFO  [o.n.k.i.DiagnosticsManager] Store versions:
2015-12-09 21:46:32.770+0000 INFO  [o.n.k.i.DiagnosticsManager] ArrayPropertyStore v0.A.6
2015-12-09 21:46:32.773+0000 INFO  [o.n.k.i.DiagnosticsManager] NodeStore v0.A.6
2015-12-09 21:46:32.775+0000 INFO  [o.n.k.i.DiagnosticsManager] StringPropertyStore v0.A.6
2015-12-09 21:46:32.777+0000 INFO  [o.n.k.i.DiagnosticsManager] PropertyIndexStore v0.A.6
2015-12-09 21:46:32.780+0000 INFO  [o.n.k.i.DiagnosticsManager] StringPropertyStore v0.A.6
2015-12-09 21:46:32.782+0000 INFO  [o.n.k.i.DiagnosticsManager] ArrayPropertyStore v0.A.6
2015-12-09 21:46:32.785+0000 INFO  [o.n.k.i.DiagnosticsManager] PropertyStore v0.A.6
2015-12-09 21:46:32.787+0000 INFO  [o.n.k.i.DiagnosticsManager] RelationshipStore v0.A.6
2015-12-09 21:46:32.790+0000 INFO  [o.n.k.i.DiagnosticsManager] StringPropertyStore v0.A.6
2015-12-09 21:46:32.792+0000 INFO  [o.n.k.i.DiagnosticsManager] RelationshipTypeStore v0.A.6
2015-12-09 21:46:32.795+0000 INFO  [o.n.k.i.DiagnosticsManager] StringPropertyStore v0.A.6
2015-12-09 21:46:32.797+0000 INFO  [o.n.k.i.DiagnosticsManager] LabelTokenStore v0.A.6
2015-12-09 21:46:32.799+0000 INFO  [o.n.k.i.DiagnosticsManager] SchemaStore v0.A.6
2015-12-09 21:46:32.802+0000 INFO  [o.n.k.i.DiagnosticsManager] RelationshipGroupStore v0.A.6
2015-12-09 21:46:32.804+0000 INFO  [o.n.k.i.DiagnosticsManager] NeoStore v0.A.6
2015-12-09 21:46:32.807+0000 INFO  [o.n.k.i.DiagnosticsManager] --- STARTED diagnostics for NEO_STORE_VERSIONS END ---
2015-12-09 21:46:32.809+0000 INFO  [o.n.k.i.DiagnosticsManager] --- STARTED diagnostics for NEO_STORE_ID_USAGE START ---
2015-12-09 21:46:32.812+0000 INFO  [o.n.k.i.DiagnosticsManager] Id usage:
2015-12-09 21:46:32.814+0000 INFO  [o.n.k.i.DiagnosticsManager] Id usage:
2015-12-09 21:46:32.816+0000 INFO  [o.n.k.i.DiagnosticsManager]   ArrayPropertyStore v0.A.6: used=1 high=0
2015-12-09 21:46:32.819+0000 INFO  [o.n.k.i.DiagnosticsManager]   NodeStore v0.A.6: used=0 high=-1
2015-12-09 21:46:32.821+0000 INFO  [o.n.k.i.DiagnosticsManager]   StringPropertyStore v0.A.6: used=1 high=0
2015-12-09 21:46:32.824+0000 INFO  [o.n.k.i.DiagnosticsManager]   PropertyIndexStore v0.A.6: used=0 high=-1
2015-12-09 21:46:32.826+0000 INFO  [o.n.k.i.DiagnosticsManager]   StringPropertyStore v0.A.6: used=1 high=0
2015-12-09 21:46:32.828+0000 INFO  [o.n.k.i.DiagnosticsManager]   ArrayPropertyStore v0.A.6: used=1 high=0
2015-12-09 21:46:32.831+0000 INFO  [o.n.k.i.DiagnosticsManager]   PropertyStore v0.A.6: used=0 high=-1
2015-12-09 21:46:32.833+0000 INFO  [o.n.k.i.DiagnosticsManager]   RelationshipStore v0.A.6: used=0 high=-1
2015-12-09 21:46:32.835+0000 INFO  [o.n.k.i.DiagnosticsManager]   StringPropertyStore v0.A.6: used=1 high=0
2015-12-09 21:46:32.838+0000 INFO  [o.n.k.i.DiagnosticsManager]   RelationshipTypeStore v0.A.6: used=0 high=-1
2015-12-09 21:46:32.840+0000 INFO  [o.n.k.i.DiagnosticsManager]   StringPropertyStore v0.A.6: used=1 high=0
2015-12-09 21:46:32.842+0000 INFO  [o.n.k.i.DiagnosticsManager]   LabelTokenStore v0.A.6: used=0 high=-1
2015-12-09 21:46:32.845+0000 INFO  [o.n.k.i.DiagnosticsManager]   SchemaStore v0.A.6: used=1 high=0
2015-12-09 21:46:32.847+0000 INFO  [o.n.k.i.DiagnosticsManager]   RelationshipGroupStore v0.A.6: used=1 high=0
2015-12-09 21:46:32.849+0000 INFO  [o.n.k.i.DiagnosticsManager]   NeoStore v0.A.6: used=13 high=12
2015-12-09 21:46:32.852+0000 INFO  [o.n.k.i.DiagnosticsManager] --- STARTED diagnostics for NEO_STORE_ID_USAGE END ---
2015-12-09 21:46:32.854+0000 INFO  [o.n.k.i.DiagnosticsManager] --- STARTED diagnostics for NEO_STORE_RECORDS START ---
2015-12-09 21:46:32.857+0000 INFO  [o.n.k.i.DiagnosticsManager] Neostore records:
2015-12-09 21:46:32.859+0000 INFO  [o.n.k.i.DiagnosticsManager] TIME (Creation time): 1449697592558
2015-12-09 21:46:32.861+0000 INFO  [o.n.k.i.DiagnosticsManager] RANDOM_NUMBER (Random number for store id): 7300671531662598237
2015-12-09 21:46:32.864+0000 INFO  [o.n.k.i.DiagnosticsManager] LOG_VERSION (Current log version): 0
2015-12-09 21:46:32.866+0000 INFO  [o.n.k.i.DiagnosticsManager] LAST_TRANSACTION_ID (Last committed transaction): 1
2015-12-09 21:46:32.868+0000 INFO  [o.n.k.i.DiagnosticsManager] STORE_VERSION (Store format version): 15250506225055238
2015-12-09 21:46:32.871+0000 INFO  [o.n.k.i.DiagnosticsManager] FIRST_GRAPH_PROPERTY (First property record containing graph properties): -1
2015-12-09 21:46:32.873+0000 INFO  [o.n.k.i.DiagnosticsManager] LAST_CONSTRAINT_TRANSACTION (Last committed transaction containing constraint changes): 0
2015-12-09 21:46:32.875+0000 INFO  [o.n.k.i.DiagnosticsManager] UPGRADE_TRANSACTION_ID (Transaction id most recent upgrade was performed at): 1
2015-12-09 21:46:32.877+0000 INFO  [o.n.k.i.DiagnosticsManager] UPGRADE_TIME (Time of last upgrade): 1449697592558
2015-12-09 21:46:32.880+0000 INFO  [o.n.k.i.DiagnosticsManager] LAST_TRANSACTION_CHECKSUM (Checksum of last committed transaction): 0
2015-12-09 21:46:32.882+0000 INFO  [o.n.k.i.DiagnosticsManager] UPGRADE_TRANSACTION_CHECKSUM (Checksum of transaction id the most recent upgrade was performed at): 0
2015-12-09 21:46:32.884+0000 INFO  [o.n.k.i.DiagnosticsManager] LAST_CLOSED_TRANSACTION_LOG_VERSION (Log version where the last transaction commit entry has been written into): 0
2015-12-09 21:46:32.887+0000 INFO  [o.n.k.i.DiagnosticsManager] LAST_CLOSED_TRANSACTION_LOG_BYTE_OFFSET (Byte offset in the log file where the last transaction commit entry has been written into): 16
2015-12-09 21:46:32.889+0000 INFO  [o.n.k.i.DiagnosticsManager] --- STARTED diagnostics for NEO_STORE_RECORDS END ---
2015-12-09 21:46:32.891+0000 INFO  [o.n.k.i.DiagnosticsManager] --- STARTED diagnostics for TRANSACTION_RANGE START ---
2015-12-09 21:46:32.894+0000 INFO  [o.n.k.i.DiagnosticsManager] Transaction log:
2015-12-09 21:46:32.896+0000 INFO  [o.n.k.i.DiagnosticsManager] No transactions found in any log
2015-12-09 21:46:32.899+0000 INFO  [o.n.k.i.DiagnosticsManager] --- STARTED diagnostics for TRANSACTION_RANGE END ---
2015-12-09 21:46:32.901+0000 INFO  [o.n.k.i.DiagnosticsManager] --- STARTED diagnostics for KernelDiagnostics:StoreFiles START ---
2015-12-09 21:46:32.904+0000 INFO  [o.n.k.i.DiagnosticsManager] Disk space on partition (Total / Free / Free %): 499738734592 / 397702340608 / 79
Storage files: (filename : modification date - size)
2015-12-09 21:46:32.907+0000 INFO  [o.n.k.i.DiagnosticsManager]   dbms:
2015-12-09 21:46:32.910+0000 INFO  [o.n.k.i.DiagnosticsManager]     ssl:
2015-12-09 21:46:32.912+0000 INFO  [o.n.k.i.DiagnosticsManager]       snakeoil.cert: 2015-12-09T15:46:29-0600 - 630.00 B
2015-12-09 21:46:32.915+0000 INFO  [o.n.k.i.DiagnosticsManager]       snakeoil.key: 2015-12-09T15:46:29-0600 - 914.00 B
2015-12-09 21:46:32.917+0000 INFO  [o.n.k.i.DiagnosticsManager]     - Total: 2015-12-09T15:46:29-0600 - 1.51 kB
2015-12-09 21:46:32.920+0000 INFO  [o.n.k.i.DiagnosticsManager]   - Total: 2015-12-09T15:46:29-0600 - 1.51 kB
2015-12-09 21:46:32.922+0000 INFO  [o.n.k.i.DiagnosticsManager]   index:
2015-12-09 21:46:32.925+0000 INFO  [o.n.k.i.DiagnosticsManager]   - Total: 2015-12-09T15:46:32-0600 - 0.00 B
2015-12-09 21:46:32.927+0000 INFO  [o.n.k.i.DiagnosticsManager]   messages.log: 2015-12-09T15:46:29-0600 - 26.40 kB
2015-12-09 21:46:32.930+0000 INFO  [o.n.k.i.DiagnosticsManager]   neo4j.properties: 2015-12-09T15:46:29-0600 - 1.30 kB
2015-12-09 21:46:32.932+0000 INFO  [o.n.k.i.DiagnosticsManager]   neostore: 2015-12-09T15:46:32-0600 - 8.00 kB
2015-12-09 21:46:32.935+0000 INFO  [o.n.k.i.DiagnosticsManager]   neostore.counts.db.a: 2015-12-09T15:46:32-0600 - 96.00 B
2015-12-09 21:46:32.938+0000 INFO  [o.n.k.i.DiagnosticsManager]   neostore.id: 2015-12-09T15:46:32-0600 - 9.00 B
2015-12-09 21:46:32.940+0000 INFO  [o.n.k.i.DiagnosticsManager]   neostore.labeltokenstore.db: 2015-12-09T15:46:31-0600 - 0.00 B
2015-12-09 21:46:32.943+0000 INFO  [o.n.k.i.DiagnosticsManager]   neostore.labeltokenstore.db.id: 2015-12-09T15:46:31-0600 - 9.00 B
2015-12-09 21:46:32.946+0000 INFO  [o.n.k.i.DiagnosticsManager]   neostore.labeltokenstore.db.names: 2015-12-09T15:46:31-0600 - 8.00 kB
2015-12-09 21:46:32.949+0000 INFO  [o.n.k.i.DiagnosticsManager]   neostore.labeltokenstore.db.names.id: 2015-12-09T15:46:31-0600 - 9.00 B
2015-12-09 21:46:32.951+0000 INFO  [o.n.k.i.DiagnosticsManager]   neostore.nodestore.db: 2015-12-09T15:46:30-0600 - 0.00 B
2015-12-09 21:46:32.953+0000 INFO  [o.n.k.i.DiagnosticsManager]   neostore.nodestore.db.id: 2015-12-09T15:46:30-0600 - 9.00 B
2015-12-09 21:46:32.956+0000 INFO  [o.n.k.i.DiagnosticsManager]   neostore.nodestore.db.labels: 2015-12-09T15:46:30-0600 - 8.00 kB
2015-12-09 21:46:32.958+0000 INFO  [o.n.k.i.DiagnosticsManager]   neostore.nodestore.db.labels.id: 2015-12-09T15:46:30-0600 - 9.00 B
2015-12-09 21:46:32.961+0000 INFO  [o.n.k.i.DiagnosticsManager]   neostore.propertystore.db: 2015-12-09T15:46:31-0600 - 0.00 B
2015-12-09 21:46:32.963+0000 INFO  [o.n.k.i.DiagnosticsManager]   neostore.propertystore.db.arrays: 2015-12-09T15:46:31-0600 - 8.00 kB
2015-12-09 21:46:32.966+0000 INFO  [o.n.k.i.DiagnosticsManager]   neostore.propertystore.db.arrays.id: 2015-12-09T15:46:31-0600 - 9.00 B
2015-12-09 21:46:32.968+0000 INFO  [o.n.k.i.DiagnosticsManager]   neostore.propertystore.db.id: 2015-12-09T15:46:31-0600 - 9.00 B
2015-12-09 21:46:32.971+0000 INFO  [o.n.k.i.DiagnosticsManager]   neostore.propertystore.db.index: 2015-12-09T15:46:30-0600 - 0.00 B
2015-12-09 21:46:32.973+0000 INFO  [o.n.k.i.DiagnosticsManager]   neostore.propertystore.db.index.id: 2015-12-09T15:46:30-0600 - 9.00 B
2015-12-09 21:46:32.975+0000 INFO  [o.n.k.i.DiagnosticsManager]   neostore.propertystore.db.index.keys: 2015-12-09T15:46:30-0600 - 8.00 kB
2015-12-09 21:46:32.978+0000 INFO  [o.n.k.i.DiagnosticsManager]   neostore.propertystore.db.index.keys.id: 2015-12-09T15:46:30-0600 - 9.00 B
2015-12-09 21:46:32.980+0000 INFO  [o.n.k.i.DiagnosticsManager]   neostore.propertystore.db.strings: 2015-12-09T15:46:30-0600 - 8.00 kB
2015-12-09 21:46:32.983+0000 INFO  [o.n.k.i.DiagnosticsManager]   neostore.propertystore.db.strings.id: 2015-12-09T15:46:30-0600 - 9.00 B
2015-12-09 21:46:32.985+0000 INFO  [o.n.k.i.DiagnosticsManager]   neostore.relationshipgroupstore.db: 2015-12-09T15:46:32-0600 - 8.00 kB
2015-12-09 21:46:32.988+0000 INFO  [o.n.k.i.DiagnosticsManager]   neostore.relationshipgroupstore.db.id: 2015-12-09T15:46:32-0600 - 9.00 B
2015-12-09 21:46:32.990+0000 INFO  [o.n.k.i.DiagnosticsManager]   neostore.relationshipstore.db: 2015-12-09T15:46:31-0600 - 0.00 B
2015-12-09 21:46:32.993+0000 INFO  [o.n.k.i.DiagnosticsManager]   neostore.relationshipstore.db.id: 2015-12-09T15:46:31-0600 - 9.00 B
2015-12-09 21:46:32.996+0000 INFO  [o.n.k.i.DiagnosticsManager]   neostore.relationshiptypestore.db: 2015-12-09T15:46:31-0600 - 0.00 B
2015-12-09 21:46:32.999+0000 INFO  [o.n.k.i.DiagnosticsManager]   neostore.relationshiptypestore.db.id: 2015-12-09T15:46:31-0600 - 9.00 B
2015-12-09 21:46:33.001+0000 INFO  [o.n.k.i.DiagnosticsManager]   neostore.relationshiptypestore.db.names: 2015-12-09T15:46:31-0600 - 8.00 kB
2015-12-09 21:46:33.004+0000 INFO  [o.n.k.i.DiagnosticsManager]   neostore.relationshiptypestore.db.names.id: 2015-12-09T15:46:31-0600 - 9.00 B
2015-12-09 21:46:33.007+0000 INFO  [o.n.k.i.DiagnosticsManager]   neostore.schemastore.db: 2015-12-09T15:46:32-0600 - 8.00 kB
2015-12-09 21:46:33.010+0000 INFO  [o.n.k.i.DiagnosticsManager]   neostore.schemastore.db.id: 2015-12-09T15:46:32-0600 - 9.00 B
2015-12-09 21:46:33.012+0000 INFO  [o.n.k.i.DiagnosticsManager]   neostore.transaction.db.0: 2015-12-09T15:46:32-0600 - 16.00 B
2015-12-09 21:46:33.015+0000 INFO  [o.n.k.i.DiagnosticsManager]   schema:
2015-12-09 21:46:33.017+0000 INFO  [o.n.k.i.DiagnosticsManager]     label:
2015-12-09 21:46:33.020+0000 INFO  [o.n.k.i.DiagnosticsManager]       lucene:
2015-12-09 21:46:33.022+0000 INFO  [o.n.k.i.DiagnosticsManager]         write.lock: 2015-12-09T15:46:32-0600 - 0.00 B
2015-12-09 21:46:33.025+0000 INFO  [o.n.k.i.DiagnosticsManager]       - Total: 2015-12-09T15:46:32-0600 - 0.00 B
2015-12-09 21:46:33.027+0000 INFO  [o.n.k.i.DiagnosticsManager]     - Total: 2015-12-09T15:46:32-0600 - 0.00 B
2015-12-09 21:46:33.030+0000 INFO  [o.n.k.i.DiagnosticsManager]   - Total: 2015-12-09T15:46:32-0600 - 0.00 B
2015-12-09 21:46:33.032+0000 INFO  [o.n.k.i.DiagnosticsManager]   store_lock: 2015-12-09T15:46:29-0600 - 0.00 B
2015-12-09 21:46:33.035+0000 INFO  [o.n.k.i.DiagnosticsManager] --- STARTED diagnostics for KernelDiagnostics:StoreFiles END ---
2015-12-09 21:46:33.046+0000 INFO  [o.n.k.i.DiagnosticsManager] --- SERVER STARTED START ---
2015-12-09 21:46:33.732+0000 INFO  [o.n.k.i.DiagnosticsManager] --- SERVER STARTED END ---
2015-12-09 21:51:32.760+0000 INFO  [o.n.k.i.t.l.c.CheckPointerImpl] Check Pointing triggered by scheduler for time threshold [6024]:  Starting check pointing...
2015-12-09 21:51:32.767+0000 INFO  [o.n.k.i.t.l.c.CheckPointerImpl] Check Pointing triggered by scheduler for time threshold [6024]:  Starting store flush...
2015-12-09 21:51:32.886+0000 INFO  [o.n.k.i.s.c.CountsTracker] About to rotate counts store at transaction 6025 to [C:\561\2000\2000D3\neostore.counts.db.b], from [C:\561\2000\2000D3\neostore.counts.db.a].
2015-12-09 21:51:32.905+0000 INFO  [o.n.k.i.s.c.CountsTracker] Successfully rotated counts store at transaction 6025 to [C:\561\2000\2000D3\neostore.counts.db.b], from [C:\561\2000\2000D3\neostore.counts.db.a].
2015-12-09 21:51:33.349+0000 INFO  [o.n.k.i.t.l.c.CheckPointerImpl] Check Pointing triggered by scheduler for time threshold [6024]:  Store flush completed
2015-12-09 21:51:33.352+0000 INFO  [o.n.k.i.t.l.c.CheckPointerImpl] Check Pointing triggered by scheduler for time threshold [6024]:  Starting appending check point entry into the tx log...
2015-12-09 21:51:33.376+0000 INFO  [o.n.k.i.t.l.c.CheckPointerImpl] Check Pointing triggered by scheduler for time threshold [6024]:  Appending check point entry into the tx log completed
2015-12-09 21:51:33.379+0000 INFO  [o.n.k.i.t.l.c.CheckPointerImpl] Check Pointing triggered by scheduler for time threshold [6024]:  Check pointing completed
2015-12-09 21:51:33.381+0000 INFO  [o.n.k.i.t.l.p.LogPruningImpl] Log Rotation [0]:  Starting log pruning.
2015-12-09 21:51:33.384+0000 INFO  [o.n.k.i.t.l.p.LogPruningImpl] Log Rotation [0]:  Log pruning complete.
2015-12-09 21:51:52.129+0000 INFO  [o.n.k.i.f.GraphDatabaseFacade] Shutdown started
2015-12-09 21:51:52.132+0000 INFO  [o.n.k.i.f.CommunityFacadeFactory] Database is now unavailable
2015-12-09 21:51:52.296+0000 INFO  [o.n.k.i.s.c.CountsTracker] About to rotate counts store at transaction 6111 to [C:\561\2000\2000D3\neostore.counts.db.a], from [C:\561\2000\2000D3\neostore.counts.db.b].
2015-12-09 21:51:52.312+0000 INFO  [o.n.k.i.s.c.CountsTracker] Successfully rotated counts store at transaction 6111 to [C:\561\2000\2000D3\neostore.counts.db.a], from [C:\561\2000\2000D3\neostore.counts.db.b].
2015-12-09 21:51:52.520+0000 INFO  [o.n.k.i.t.l.c.CheckPointerImpl] Check Pointing triggered by database shutdown [6111]:  Starting check pointing...
2015-12-09 21:51:52.526+0000 INFO  [o.n.k.i.t.l.c.CheckPointerImpl] Check Pointing triggered by database shutdown [6111]:  Starting store flush...
2015-12-09 21:51:52.561+0000 INFO  [o.n.k.i.t.l.c.CheckPointerImpl] Check Pointing triggered by database shutdown [6111]:  Store flush completed
2015-12-09 21:51:52.567+0000 INFO  [o.n.k.i.t.l.c.CheckPointerImpl] Check Pointing triggered by database shutdown [6111]:  Starting appending check point entry into the tx log...
2015-12-09 21:51:52.585+0000 INFO  [o.n.k.i.t.l.c.CheckPointerImpl] Check Pointing triggered by database shutdown [6111]:  Appending check point entry into the tx log completed
2015-12-09 21:51:52.591+0000 INFO  [o.n.k.i.t.l.c.CheckPointerImpl] Check Pointing triggered by database shutdown [6111]:  Check pointing completed
2015-12-09 21:51:52.597+0000 INFO  [o.n.k.i.t.l.p.LogPruningImpl] Log Rotation [0]:  Starting log pruning.
2015-12-09 21:51:52.603+0000 INFO  [o.n.k.i.t.l.p.LogPruningImpl] Log Rotation [0]:  Log pruning complete.
2015-12-09 21:51:54.096+0000 INFO  [o.n.k.NeoStoreDataSource] NeoStores closed
2015-12-09 21:51:54.099+0000 INFO  [o.n.k.i.DiagnosticsManager] --- STOPPING diagnostics START ---
2015-12-09 21:51:54.099+0000 INFO  [o.n.k.i.DiagnosticsManager] --- STOPPING diagnostics END ---
2015-12-10 22:22:06.690+0000 INFO  [o.n.k.i.f.CommunityFacadeFactory] No locking implementation specified, defaulting to 'community'
2015-12-10 22:22:06.731+0000 INFO  [o.n.k.AvailabilityGuard] Requirement makes database unavailable: Database available
2015-12-10 22:22:06.733+0000 INFO  [o.n.k.i.DiagnosticsManager] --- INITIALIZED diagnostics START ---
2015-12-10 22:22:06.733+0000 INFO  [o.n.k.i.DiagnosticsManager] Neo4j Kernel properties:
2015-12-10 22:22:06.733+0000 INFO  [o.n.k.i.DiagnosticsManager] org.neo4j.server.db.tuning.properties=C:\561\2000\2000D3\neo4j.properties
2015-12-10 22:22:06.733+0000 INFO  [o.n.k.i.DiagnosticsManager] org.neo4j.server.database.location=C:\561\2000\2000D3
2015-12-10 22:22:06.733+0000 INFO  [o.n.k.i.DiagnosticsManager] dbms.querylog.filename=data/log/queries.log
2015-12-10 22:22:06.733+0000 INFO  [o.n.k.i.DiagnosticsManager] dbms.security.auth_store.location=C:\561\2000\2000D3\.\dbms\auth
2015-12-10 22:22:06.733+0000 INFO  [o.n.k.i.DiagnosticsManager] dbms.security.tls_certificate_file=C:\561\2000\2000D3\.\dbms\ssl\snakeoil.cert
2015-12-10 22:22:06.733+0000 INFO  [o.n.k.i.DiagnosticsManager] remote_shell_enabled=true
2015-12-10 22:22:06.733+0000 INFO  [o.n.k.i.DiagnosticsManager] edition=Community
2015-12-10 22:22:06.733+0000 INFO  [o.n.k.i.DiagnosticsManager] dbms.security.tls_key_file=C:\561\2000\2000D3\.\dbms\ssl\snakeoil.key
2015-12-10 22:22:06.733+0000 INFO  [o.n.k.i.DiagnosticsManager] Diagnostics providers:
2015-12-10 22:22:06.733+0000 INFO  [o.n.k.i.DiagnosticsManager] org.neo4j.kernel.configuration.Config
2015-12-10 22:22:06.733+0000 INFO  [o.n.k.i.DiagnosticsManager] org.neo4j.kernel.info.DiagnosticsManager
2015-12-10 22:22:06.733+0000 INFO  [o.n.k.i.DiagnosticsManager] SYSTEM_MEMORY
2015-12-10 22:22:06.733+0000 INFO  [o.n.k.i.DiagnosticsManager] JAVA_MEMORY
2015-12-10 22:22:06.733+0000 INFO  [o.n.k.i.DiagnosticsManager] OPERATING_SYSTEM
2015-12-10 22:22:06.733+0000 INFO  [o.n.k.i.DiagnosticsManager] JAVA_VIRTUAL_MACHINE
2015-12-10 22:22:06.733+0000 INFO  [o.n.k.i.DiagnosticsManager] CLASSPATH
2015-12-10 22:22:06.733+0000 INFO  [o.n.k.i.DiagnosticsManager] LIBRARY_PATH
2015-12-10 22:22:06.733+0000 INFO  [o.n.k.i.DiagnosticsManager] SYSTEM_PROPERTIES
2015-12-10 22:22:06.734+0000 INFO  [o.n.k.i.DiagnosticsManager] NETWORK
2015-12-10 22:22:06.734+0000 INFO  [o.n.k.i.DiagnosticsManager] System memory information:
2015-12-10 22:22:06.734+0000 INFO  [o.n.k.i.DiagnosticsManager] Total Physical memory: 3.93 GB
2015-12-10 22:22:06.734+0000 INFO  [o.n.k.i.DiagnosticsManager] Free Physical memory: 2.00 GB
2015-12-10 22:22:06.734+0000 INFO  [o.n.k.i.DiagnosticsManager] Committed virtual memory: 385.56 MB
2015-12-10 22:22:06.734+0000 INFO  [o.n.k.i.DiagnosticsManager] Total swap space: 5.66 GB
2015-12-10 22:22:06.734+0000 INFO  [o.n.k.i.DiagnosticsManager] Free swap space: 1.82 GB
2015-12-10 22:22:06.734+0000 INFO  [o.n.k.i.DiagnosticsManager] JVM memory information:
2015-12-10 22:22:06.734+0000 INFO  [o.n.k.i.DiagnosticsManager] Free  memory: 33.31 MB
2015-12-10 22:22:06.734+0000 INFO  [o.n.k.i.DiagnosticsManager] Total memory: 84.50 MB
2015-12-10 22:22:06.734+0000 INFO  [o.n.k.i.DiagnosticsManager] Max   memory: 894.50 MB
2015-12-10 22:22:06.734+0000 INFO  [o.n.k.i.DiagnosticsManager] Garbage Collector: PS Scavenge: [PS Eden Space, PS Survivor Space]
2015-12-10 22:22:06.734+0000 INFO  [o.n.k.i.DiagnosticsManager] Garbage Collector: PS MarkSweep: [PS Eden Space, PS Survivor Space, PS Old Gen, PS Perm Gen]
2015-12-10 22:22:06.734+0000 INFO  [o.n.k.i.DiagnosticsManager] Memory Pool: Code Cache (Non-heap memory): committed=13.31 MB, used=12.25 MB, max=48.00 MB, threshold=0.00 B
2015-12-10 22:22:06.734+0000 INFO  [o.n.k.i.DiagnosticsManager] Memory Pool: PS Eden Space (Heap memory): committed=20.00 MB, used=9.18 MB, max=332.50 MB, threshold=?
2015-12-10 22:22:06.734+0000 INFO  [o.n.k.i.DiagnosticsManager] Memory Pool: PS Survivor Space (Heap memory): committed=512.00 kB, used=0.00 B, max=512.00 kB, threshold=?
2015-12-10 22:22:06.734+0000 INFO  [o.n.k.i.DiagnosticsManager] Memory Pool: PS Old Gen (Heap memory): committed=64.00 MB, used=42.01 MB, max=670.50 MB, threshold=0.00 B
2015-12-10 22:22:06.734+0000 INFO  [o.n.k.i.DiagnosticsManager] Memory Pool: PS Perm Gen (Non-heap memory): committed=69.50 MB, used=68.61 MB, max=82.00 MB, threshold=0.00 B
2015-12-10 22:22:06.734+0000 INFO  [o.n.k.i.DiagnosticsManager] Operating system information:
2015-12-10 22:22:06.734+0000 INFO  [o.n.k.i.DiagnosticsManager] Operating System: Windows 8.1; version: 6.3; arch: amd64; cpus: 8
2015-12-10 22:22:06.735+0000 INFO  [o.n.k.i.DiagnosticsManager] Process id: 3784@ATAN-B03-02
2015-12-10 22:22:06.735+0000 INFO  [o.n.k.i.DiagnosticsManager] Byte order: LITTLE_ENDIAN
2015-12-10 22:22:06.735+0000 INFO  [o.n.k.i.DiagnosticsManager] Local timezone: America/Chicago
2015-12-10 22:22:06.735+0000 INFO  [o.n.k.i.DiagnosticsManager] JVM information:
2015-12-10 22:22:06.735+0000 INFO  [o.n.k.i.DiagnosticsManager] VM Name: Java HotSpot(TM) 64-Bit Server VM
2015-12-10 22:22:06.735+0000 INFO  [o.n.k.i.DiagnosticsManager] VM Vendor: Oracle Corporation
2015-12-10 22:22:06.735+0000 INFO  [o.n.k.i.DiagnosticsManager] VM Version: 24.80-b11
2015-12-10 22:22:06.735+0000 INFO  [o.n.k.i.DiagnosticsManager] JIT compiler: HotSpot 64-Bit Tiered Compilers
2015-12-10 22:22:06.735+0000 INFO  [o.n.k.i.DiagnosticsManager] VM Arguments: [-Dexe4j.semaphoreName=Local\c:_program_files_neo4j_ce_2.3.1_bin_neo4j-ce.exe, -Dexe4j.isInstall4j=true, -Dexe4j.moduleName=C:\Program Files\Neo4j CE 2.3.1\bin\neo4j-ce.exe, -Dexe4j.tempDir=, -Dexe4j.unextractedPosition=0, -Djava.library.path=C:\Program Files (x86)\AMD APP\bin\x86_64;C:\Program Files (x86)\AMD APP\bin\x86;C:\ProgramData\Oracle\Java\javapath;C:\Windows\system32;C:\Windows;C:\Windows\System32\Wbem;C:\Windows\System32\WindowsPowerShell\v1.0\;C:\Program Files (x86)\MiKTeX 2.9\miktex\bin\;C:\Program Files\TortoiseSVN\bin;C:\Windows\system32\config\systemprofile\.dnx\bin;C:\Program Files\Microsoft DNX\Dnvm\;C:\Program Files\MATLAB\R2015b\runtime\win64;C:\Program Files\MATLAB\R2015b\bin;C:\Program Files (x86)\ATI Technologies\ATI.ACE\Core-Static;c:\program files\neo4j ce 2.3.1\jre\bin, -Dexe4j.consoleCodepage=cp0, -Dinstall4j.launcherId=24, -Dinstall4j.swt=false]
2015-12-10 22:22:06.735+0000 INFO  [o.n.k.i.DiagnosticsManager] Java classpath:
2015-12-10 22:22:06.737+0000 INFO  [o.n.k.i.DiagnosticsManager]  [loader.1] file:/C:/Program%20Files/Neo4j%20CE%202.3.1/jre/lib/ext/dnsns.jar
2015-12-10 22:22:06.737+0000 INFO  [o.n.k.i.DiagnosticsManager]  [loader.0] file:/C:/Program%20Files/Neo4j%20CE%202.3.1/bin/
2015-12-10 22:22:06.737+0000 INFO  [o.n.k.i.DiagnosticsManager]  [bootstrap] C:\Program Files\Neo4j CE 2.3.1\jre\lib\resources.jar
2015-12-10 22:22:06.737+0000 INFO  [o.n.k.i.DiagnosticsManager]  [bootstrap] C:\Program Files\Neo4j CE 2.3.1\jre\lib\jfr.jar
2015-12-10 22:22:06.737+0000 INFO  [o.n.k.i.DiagnosticsManager]  [classpath] C:\Program Files\Neo4j CE 2.3.1\.install4j\i4jruntime.jar
2015-12-10 22:22:06.737+0000 INFO  [o.n.k.i.DiagnosticsManager]  [loader.1] file:/C:/Program%20Files/Neo4j%20CE%202.3.1/jre/lib/ext/sunmscapi.jar
2015-12-10 22:22:06.737+0000 INFO  [o.n.k.i.DiagnosticsManager]  [bootstrap] C:\Program Files\Neo4j CE 2.3.1\jre\lib\jsse.jar
2015-12-10 22:22:06.737+0000 INFO  [o.n.k.i.DiagnosticsManager]  [loader.1] file:/C:/Program%20Files/Neo4j%20CE%202.3.1/jre/lib/ext/dns_sd.jar
2015-12-10 22:22:06.737+0000 INFO  [o.n.k.i.DiagnosticsManager]  [loader.0] file:/C:/Program%20Files/Neo4j%20CE%202.3.1/.install4j/i4jruntime.jar
2015-12-10 22:22:06.737+0000 INFO  [o.n.k.i.DiagnosticsManager]  [loader.0] file:/C:/Program%20Files/Neo4j%20CE%202.3.1/bin/neo4j-desktop-2.3.1.jar
2015-12-10 22:22:06.737+0000 INFO  [o.n.k.i.DiagnosticsManager]  [loader.1] file:/C:/Program%20Files/Neo4j%20CE%202.3.1/jre/lib/ext/access-bridge-64.jar
2015-12-10 22:22:06.737+0000 INFO  [o.n.k.i.DiagnosticsManager]  [loader.1] file:/C:/Program%20Files/Neo4j%20CE%202.3.1/jre/lib/ext/localedata.jar
2015-12-10 22:22:06.737+0000 INFO  [o.n.k.i.DiagnosticsManager]  [bootstrap] C:\Program Files\Neo4j CE 2.3.1\jre\lib\sunrsasign.jar
2015-12-10 22:22:06.737+0000 INFO  [o.n.k.i.DiagnosticsManager]  [bootstrap] C:\Program Files\Neo4j CE 2.3.1\jre\lib\jce.jar
2015-12-10 22:22:06.737+0000 INFO  [o.n.k.i.DiagnosticsManager]  [bootstrap] C:\Program Files\Neo4j CE 2.3.1\jre\lib\rt.jar
2015-12-10 22:22:06.737+0000 INFO  [o.n.k.i.DiagnosticsManager]  [bootstrap] C:\Program Files\Neo4j CE 2.3.1\jre\lib\charsets.jar
2015-12-10 22:22:06.737+0000 INFO  [o.n.k.i.DiagnosticsManager]  [loader.1] file:/C:/Program%20Files/Neo4j%20CE%202.3.1/jre/lib/ext/sunjce_provider.jar
2015-12-10 22:22:06.737+0000 INFO  [o.n.k.i.DiagnosticsManager]  [bootstrap] C:\Program Files\Neo4j CE 2.3.1\jre\classes
2015-12-10 22:22:06.737+0000 INFO  [o.n.k.i.DiagnosticsManager]  [loader.1] file:/C:/Program%20Files/Neo4j%20CE%202.3.1/jre/lib/ext/zipfs.jar
2015-12-10 22:22:06.737+0000 INFO  [o.n.k.i.DiagnosticsManager]  [loader.1] file:/C:/Program%20Files/Neo4j%20CE%202.3.1/jre/lib/ext/jaccess.jar
2015-12-10 22:22:06.737+0000 INFO  [o.n.k.i.DiagnosticsManager]  [loader.1] file:/C:/Program%20Files/Neo4j%20CE%202.3.1/jre/lib/ext/sunec.jar
2015-12-10 22:22:06.737+0000 INFO  [o.n.k.i.DiagnosticsManager]  [classpath] C:\Program Files\Neo4j CE 2.3.1\bin\neo4j-desktop-2.3.1.jar
2015-12-10 22:22:06.737+0000 INFO  [o.n.k.i.DiagnosticsManager] Library path:
2015-12-10 22:22:06.737+0000 INFO  [o.n.k.i.DiagnosticsManager] C:\Program Files (x86)\AMD APP\bin\x86_64
2015-12-10 22:22:06.738+0000 INFO  [o.n.k.i.DiagnosticsManager] C:\Program Files (x86)\AMD APP\bin\x86
2015-12-10 22:22:06.738+0000 INFO  [o.n.k.i.DiagnosticsManager] C:\ProgramData\Oracle\Java\javapath
2015-12-10 22:22:06.738+0000 INFO  [o.n.k.i.DiagnosticsManager] C:\Windows\System32
2015-12-10 22:22:06.738+0000 INFO  [o.n.k.i.DiagnosticsManager] C:\Windows
2015-12-10 22:22:06.738+0000 INFO  [o.n.k.i.DiagnosticsManager] C:\Windows\System32\wbem
2015-12-10 22:22:06.738+0000 INFO  [o.n.k.i.DiagnosticsManager] C:\Windows\System32\WindowsPowerShell\v1.0
2015-12-10 22:22:06.739+0000 INFO  [o.n.k.i.DiagnosticsManager] C:\Program Files (x86)\MiKTeX 2.9\miktex\bin
2015-12-10 22:22:06.739+0000 INFO  [o.n.k.i.DiagnosticsManager] C:\Program Files\TortoiseSVN\bin
2015-12-10 22:22:06.739+0000 INFO  [o.n.k.i.DiagnosticsManager] C:\Windows\System32\config\systemprofile\.dnx\bin
2015-12-10 22:22:06.739+0000 INFO  [o.n.k.i.DiagnosticsManager] C:\Program Files\Microsoft DNX\Dnvm
2015-12-10 22:22:06.739+0000 INFO  [o.n.k.i.DiagnosticsManager] C:\Program Files\MATLAB\R2015b\runtime\win64
2015-12-10 22:22:06.739+0000 INFO  [o.n.k.i.DiagnosticsManager] C:\Program Files\MATLAB\R2015b\bin
2015-12-10 22:22:06.740+0000 INFO  [o.n.k.i.DiagnosticsManager] C:\Program Files (x86)\ATI Technologies\ATI.ACE\Core-Static
2015-12-10 22:22:06.740+0000 INFO  [o.n.k.i.DiagnosticsManager] C:\Program Files\Neo4j CE 2.3.1\jre\bin
2015-12-10 22:22:06.740+0000 INFO  [o.n.k.i.DiagnosticsManager] System.properties:
2015-12-10 22:22:06.740+0000 INFO  [o.n.k.i.DiagnosticsManager] exe4j.moduleName = C:\Program Files\Neo4j CE 2.3.1\bin\neo4j-ce.exe
2015-12-10 22:22:06.740+0000 INFO  [o.n.k.i.DiagnosticsManager] exe4j.semaphoreName = Local\c:_program_files_neo4j_ce_2.3.1_bin_neo4j-ce.exe
2015-12-10 22:22:06.740+0000 INFO  [o.n.k.i.DiagnosticsManager] sun.boot.library.path = c:\program files\neo4j ce 2.3.1\jre\bin
2015-12-10 22:22:06.740+0000 INFO  [o.n.k.i.DiagnosticsManager] exe4j.consoleCodepage = cp0
2015-12-10 22:22:06.740+0000 INFO  [o.n.k.i.DiagnosticsManager] path.separator = ;
2015-12-10 22:22:06.740+0000 INFO  [o.n.k.i.DiagnosticsManager] file.encoding.pkg = sun.io
2015-12-10 22:22:06.740+0000 INFO  [o.n.k.i.DiagnosticsManager] user.country = US
2015-12-10 22:22:06.740+0000 INFO  [o.n.k.i.DiagnosticsManager] user.script = 
2015-12-10 22:22:06.740+0000 INFO  [o.n.k.i.DiagnosticsManager] sun.os.patch.level = 
2015-12-10 22:22:06.740+0000 INFO  [o.n.k.i.DiagnosticsManager] install4j.exeDir = C:\Program Files\Neo4j CE 2.3.1\bin\
2015-12-10 22:22:06.740+0000 INFO  [o.n.k.i.DiagnosticsManager] user.dir = C:\Program Files\Neo4j CE 2.3.1\bin
2015-12-10 22:22:06.740+0000 INFO  [o.n.k.i.DiagnosticsManager] neo4j.ext.udc.source = desktop
2015-12-10 22:22:06.740+0000 INFO  [o.n.k.i.DiagnosticsManager] user.variant = 
2015-12-10 22:22:06.740+0000 INFO  [o.n.k.i.DiagnosticsManager] exe4j.tempDir = 
2015-12-10 22:22:06.740+0000 INFO  [o.n.k.i.DiagnosticsManager] sun.jnu.encoding = Cp1252
2015-12-10 22:22:06.740+0000 INFO  [o.n.k.i.DiagnosticsManager] sun.awt.enableExtraMouseButtons = true
2015-12-10 22:22:06.740+0000 INFO  [o.n.k.i.DiagnosticsManager] install4j.launcherId = 24
2015-12-10 22:22:06.740+0000 INFO  [o.n.k.i.DiagnosticsManager] sun.management.compiler = HotSpot 64-Bit Tiered Compilers
2015-12-10 22:22:06.740+0000 INFO  [o.n.k.i.DiagnosticsManager] exe4j.isInstall4j = true
2015-12-10 22:22:06.740+0000 INFO  [o.n.k.i.DiagnosticsManager] install4j.swt = false
2015-12-10 22:22:06.740+0000 INFO  [o.n.k.i.DiagnosticsManager] user.home = C:\Users\cez
2015-12-10 22:22:06.740+0000 INFO  [o.n.k.i.DiagnosticsManager] user.timezone = America/Chicago
2015-12-10 22:22:06.740+0000 INFO  [o.n.k.i.DiagnosticsManager] file.encoding = Cp1252
2015-12-10 22:22:06.740+0000 INFO  [o.n.k.i.DiagnosticsManager] user.name = cez
2015-12-10 22:22:06.740+0000 INFO  [o.n.k.i.DiagnosticsManager] sun.java.command = C:\Program Files\Neo4j CE 2.3.1\bin\neo4j-ce.exe
2015-12-10 22:22:06.740+0000 INFO  [o.n.k.i.DiagnosticsManager] sun.arch.data.model = 64
2015-12-10 22:22:06.740+0000 INFO  [o.n.k.i.DiagnosticsManager] exe4j.launchName = C:\Program Files\Neo4j CE 2.3.1\bin\neo4j-ce.exe
2015-12-10 22:22:06.740+0000 INFO  [o.n.k.i.DiagnosticsManager] user.language = en
2015-12-10 22:22:06.740+0000 INFO  [o.n.k.i.DiagnosticsManager] awt.toolkit = sun.awt.windows.WToolkit
2015-12-10 22:22:06.740+0000 INFO  [o.n.k.i.DiagnosticsManager] exe4j.unextractedPosition = 0
2015-12-10 22:22:06.740+0000 INFO  [o.n.k.i.DiagnosticsManager] install4j.appDir = C:\Program Files\Neo4j CE 2.3.1\
2015-12-10 22:22:06.740+0000 INFO  [o.n.k.i.DiagnosticsManager] file.separator = \
2015-12-10 22:22:06.740+0000 INFO  [o.n.k.i.DiagnosticsManager] sun.io.unicode.encoding = UnicodeLittle
2015-12-10 22:22:06.740+0000 INFO  [o.n.k.i.DiagnosticsManager] sun.cpu.endian = little
2015-12-10 22:22:06.740+0000 INFO  [o.n.k.i.DiagnosticsManager] sun.desktop = windows
2015-12-10 22:22:06.740+0000 INFO  [o.n.k.i.DiagnosticsManager] sun.cpu.isalist = amd64
2015-12-10 22:22:06.740+0000 INFO  [o.n.k.i.DiagnosticsManager] Network information:
2015-12-10 22:22:06.753+0000 INFO  [o.n.k.i.DiagnosticsManager] Interface Software Loopback Interface 1:
2015-12-10 22:22:06.754+0000 INFO  [o.n.k.i.DiagnosticsManager]     address: 127.0.0.1
2015-12-10 22:22:06.754+0000 INFO  [o.n.k.i.DiagnosticsManager]     address: 0:0:0:0:0:0:0:1
2015-12-10 22:22:06.754+0000 INFO  [o.n.k.i.DiagnosticsManager] Interface Microsoft Kernel Debug Network Adapter:
2015-12-10 22:22:06.754+0000 INFO  [o.n.k.i.DiagnosticsManager] Interface Intel(R) 82578DM Gigabit Network Connection:
2015-12-10 22:22:06.754+0000 INFO  [o.n.k.i.DiagnosticsManager]     address: 10.24.47.166
2015-12-10 22:22:06.754+0000 INFO  [o.n.k.i.DiagnosticsManager]     address: 2610:130:101:d00:4493:c16:efa9:8b55
2015-12-10 22:22:06.754+0000 INFO  [o.n.k.i.DiagnosticsManager]     address: 2610:130:101:d00:920:e15d:79eb:345b
2015-12-10 22:22:06.754+0000 INFO  [o.n.k.i.DiagnosticsManager]     address: 2610:130:101:d00:a502:b02c:1a2d:577b
2015-12-10 22:22:06.754+0000 INFO  [o.n.k.i.DiagnosticsManager]     address: fe80:0:0:0:4493:c16:efa9:8b55%3
2015-12-10 22:22:06.754+0000 INFO  [o.n.k.i.DiagnosticsManager] Interface Microsoft ISATAP Adapter:
2015-12-10 22:22:06.754+0000 INFO  [o.n.k.i.DiagnosticsManager]     address: fe80:0:0:0:0:5efe:c0a8:3801%4
2015-12-10 22:22:06.754+0000 INFO  [o.n.k.i.DiagnosticsManager] Interface Teredo Tunneling Pseudo-Interface:
2015-12-10 22:22:06.754+0000 INFO  [o.n.k.i.DiagnosticsManager] Interface Microsoft ISATAP Adapter #2:
2015-12-10 22:22:06.754+0000 INFO  [o.n.k.i.DiagnosticsManager]     address: fe80:0:0:0:0:5efe:a18:2fa6%6
2015-12-10 22:22:06.754+0000 INFO  [o.n.k.i.DiagnosticsManager] Interface VirtualBox Host-Only Ethernet Adapter:
2015-12-10 22:22:06.754+0000 INFO  [o.n.k.i.DiagnosticsManager]     address: 192.168.56.1
2015-12-10 22:22:06.754+0000 INFO  [o.n.k.i.DiagnosticsManager]     address: fe80:0:0:0:4133:2d33:29c2:6efa%7
2015-12-10 22:22:06.754+0000 INFO  [o.n.k.i.DiagnosticsManager] Interface Microsoft ISATAP Adapter #3:
2015-12-10 22:22:06.754+0000 INFO  [o.n.k.i.DiagnosticsManager] Interface VirtualBox Host-Only Ethernet Adapter-WFP Native MAC Layer LightWeight Filter-0000:
2015-12-10 22:22:06.754+0000 INFO  [o.n.k.i.DiagnosticsManager] Interface VirtualBox Host-Only Ethernet Adapter-VirtualBox NDIS Light-Weight Filter-0000:
2015-12-10 22:22:06.754+0000 INFO  [o.n.k.i.DiagnosticsManager] Interface VirtualBox Host-Only Ethernet Adapter-QoS Packet Scheduler-0000:
2015-12-10 22:22:06.754+0000 INFO  [o.n.k.i.DiagnosticsManager] Interface VirtualBox Host-Only Ethernet Adapter-WFP 802.3 MAC Layer LightWeight Filter-0000:
2015-12-10 22:22:06.754+0000 INFO  [o.n.k.i.DiagnosticsManager] Interface Intel(R) 82578DM Gigabit Network Connection-WFP Native MAC Layer LightWeight Filter-0000:
2015-12-10 22:22:06.754+0000 INFO  [o.n.k.i.DiagnosticsManager] Interface Intel(R) 82578DM Gigabit Network Connection-VirtualBox NDIS Light-Weight Filter-0000:
2015-12-10 22:22:06.754+0000 INFO  [o.n.k.i.DiagnosticsManager] Interface Intel(R) 82578DM Gigabit Network Connection-QoS Packet Scheduler-0000:
2015-12-10 22:22:06.754+0000 INFO  [o.n.k.i.DiagnosticsManager] Interface Intel(R) 82578DM Gigabit Network Connection-WFP 802.3 MAC Layer LightWeight Filter-0000:
2015-12-10 22:22:06.754+0000 INFO  [o.n.k.i.DiagnosticsManager] --- INITIALIZED diagnostics END ---
2015-12-10 22:22:08.188+0000 INFO  [o.n.k.KernelHealth] Kernel health set to OK
2015-12-10 22:22:08.200+0000 INFO  [o.n.k.AvailabilityGuard] Fulfilling of requirement makes database available: Database available
2015-12-10 22:22:08.202+0000 INFO  [o.n.k.i.f.CommunityFacadeFactory] Database is now ready
2015-12-10 22:22:08.204+0000 INFO  [o.n.k.i.DiagnosticsManager] --- STARTED diagnostics for KernelDiagnostics:Versions START ---
2015-12-10 22:22:08.206+0000 INFO  [o.n.k.i.DiagnosticsManager] Graph Database: Community StoreId{creationTime=1449697592558, randomId=7300671531662598237, storeVersion=15250506225055238, upgradeTime=1449697592558, upgradeId=1}
2015-12-10 22:22:08.209+0000 INFO  [o.n.k.i.DiagnosticsManager] Kernel version: 2.3.1
2015-12-10 22:22:08.211+0000 INFO  [o.n.k.i.DiagnosticsManager] --- STARTED diagnostics for KernelDiagnostics:Versions END ---
2015-12-10 22:22:08.213+0000 INFO  [o.n.k.i.DiagnosticsManager] --- STARTED diagnostics for NEO_STORE_VERSIONS START ---
2015-12-10 22:22:08.215+0000 INFO  [o.n.k.i.DiagnosticsManager] Store versions:
2015-12-10 22:22:08.218+0000 INFO  [o.n.k.i.DiagnosticsManager] Store versions:
2015-12-10 22:22:08.220+0000 INFO  [o.n.k.i.DiagnosticsManager] ArrayPropertyStore v0.A.6
2015-12-10 22:22:08.222+0000 INFO  [o.n.k.i.DiagnosticsManager] NodeStore v0.A.6
2015-12-10 22:22:08.224+0000 INFO  [o.n.k.i.DiagnosticsManager] StringPropertyStore v0.A.6
2015-12-10 22:22:08.227+0000 INFO  [o.n.k.i.DiagnosticsManager] PropertyIndexStore v0.A.6
2015-12-10 22:22:08.229+0000 INFO  [o.n.k.i.DiagnosticsManager] StringPropertyStore v0.A.6
2015-12-10 22:22:08.231+0000 INFO  [o.n.k.i.DiagnosticsManager] ArrayPropertyStore v0.A.6
2015-12-10 22:22:08.233+0000 INFO  [o.n.k.i.DiagnosticsManager] PropertyStore v0.A.6
2015-12-10 22:22:08.235+0000 INFO  [o.n.k.i.DiagnosticsManager] RelationshipStore v0.A.6
2015-12-10 22:22:08.238+0000 INFO  [o.n.k.i.DiagnosticsManager] StringPropertyStore v0.A.6
2015-12-10 22:22:08.240+0000 INFO  [o.n.k.i.DiagnosticsManager] RelationshipTypeStore v0.A.6
2015-12-10 22:22:08.242+0000 INFO  [o.n.k.i.DiagnosticsManager] StringPropertyStore v0.A.6
2015-12-10 22:22:08.244+0000 INFO  [o.n.k.i.DiagnosticsManager] LabelTokenStore v0.A.6
2015-12-10 22:22:08.247+0000 INFO  [o.n.k.i.DiagnosticsManager] SchemaStore v0.A.6
2015-12-10 22:22:08.249+0000 INFO  [o.n.k.i.DiagnosticsManager] RelationshipGroupStore v0.A.6
2015-12-10 22:22:08.251+0000 INFO  [o.n.k.i.DiagnosticsManager] NeoStore v0.A.6
2015-12-10 22:22:08.253+0000 INFO  [o.n.k.i.DiagnosticsManager] --- STARTED diagnostics for NEO_STORE_VERSIONS END ---
2015-12-10 22:22:08.255+0000 INFO  [o.n.k.i.DiagnosticsManager] --- STARTED diagnostics for NEO_STORE_ID_USAGE START ---
2015-12-10 22:22:08.258+0000 INFO  [o.n.k.i.DiagnosticsManager] Id usage:
2015-12-10 22:22:08.260+0000 INFO  [o.n.k.i.DiagnosticsManager] Id usage:
2015-12-10 22:22:08.262+0000 INFO  [o.n.k.i.DiagnosticsManager]   ArrayPropertyStore v0.A.6: used=1 high=0
2015-12-10 22:22:08.264+0000 INFO  [o.n.k.i.DiagnosticsManager]   NodeStore v0.A.6: used=2102 high=2101
2015-12-10 22:22:08.266+0000 INFO  [o.n.k.i.DiagnosticsManager]   StringPropertyStore v0.A.6: used=4 high=3
2015-12-10 22:22:08.269+0000 INFO  [o.n.k.i.DiagnosticsManager]   PropertyIndexStore v0.A.6: used=3 high=2
2015-12-10 22:22:08.271+0000 INFO  [o.n.k.i.DiagnosticsManager]   StringPropertyStore v0.A.6: used=1 high=0
2015-12-10 22:22:08.273+0000 INFO  [o.n.k.i.DiagnosticsManager]   ArrayPropertyStore v0.A.6: used=1 high=0
2015-12-10 22:22:08.275+0000 INFO  [o.n.k.i.DiagnosticsManager]   PropertyStore v0.A.6: used=2102 high=2101
2015-12-10 22:22:08.278+0000 INFO  [o.n.k.i.DiagnosticsManager]   RelationshipStore v0.A.6: used=4000 high=3999
2015-12-10 22:22:08.280+0000 INFO  [o.n.k.i.DiagnosticsManager]   StringPropertyStore v0.A.6: used=3 high=2
2015-12-10 22:22:08.282+0000 INFO  [o.n.k.i.DiagnosticsManager]   RelationshipTypeStore v0.A.6: used=2 high=1
2015-12-10 22:22:08.284+0000 INFO  [o.n.k.i.DiagnosticsManager]   StringPropertyStore v0.A.6: used=4 high=3
2015-12-10 22:22:08.287+0000 INFO  [o.n.k.i.DiagnosticsManager]   LabelTokenStore v0.A.6: used=3 high=2
2015-12-10 22:22:08.289+0000 INFO  [o.n.k.i.DiagnosticsManager]   SchemaStore v0.A.6: used=1 high=0
2015-12-10 22:22:08.291+0000 INFO  [o.n.k.i.DiagnosticsManager]   RelationshipGroupStore v0.A.6: used=3 high=2
2015-12-10 22:22:08.293+0000 INFO  [o.n.k.i.DiagnosticsManager]   NeoStore v0.A.6: used=13 high=12
2015-12-10 22:22:08.295+0000 INFO  [o.n.k.i.DiagnosticsManager] --- STARTED diagnostics for NEO_STORE_ID_USAGE END ---
2015-12-10 22:22:08.298+0000 INFO  [o.n.k.i.DiagnosticsManager] --- STARTED diagnostics for NEO_STORE_RECORDS START ---
2015-12-10 22:22:08.300+0000 INFO  [o.n.k.i.DiagnosticsManager] Neostore records:
2015-12-10 22:22:08.302+0000 INFO  [o.n.k.i.DiagnosticsManager] TIME (Creation time): 1449697592558
2015-12-10 22:22:08.304+0000 INFO  [o.n.k.i.DiagnosticsManager] RANDOM_NUMBER (Random number for store id): 7300671531662598237
2015-12-10 22:22:08.307+0000 INFO  [o.n.k.i.DiagnosticsManager] LOG_VERSION (Current log version): 0
2015-12-10 22:22:08.309+0000 INFO  [o.n.k.i.DiagnosticsManager] LAST_TRANSACTION_ID (Last committed transaction): 6111
2015-12-10 22:22:08.311+0000 INFO  [o.n.k.i.DiagnosticsManager] STORE_VERSION (Store format version): 15250506225055238
2015-12-10 22:22:08.313+0000 INFO  [o.n.k.i.DiagnosticsManager] FIRST_GRAPH_PROPERTY (First property record containing graph properties): -1
2015-12-10 22:22:08.316+0000 INFO  [o.n.k.i.DiagnosticsManager] LAST_CONSTRAINT_TRANSACTION (Last committed transaction containing constraint changes): 0
2015-12-10 22:22:08.318+0000 INFO  [o.n.k.i.DiagnosticsManager] UPGRADE_TRANSACTION_ID (Transaction id most recent upgrade was performed at): 1
2015-12-10 22:22:08.320+0000 INFO  [o.n.k.i.DiagnosticsManager] UPGRADE_TIME (Time of last upgrade): 1449697592558
2015-12-10 22:22:08.322+0000 INFO  [o.n.k.i.DiagnosticsManager] LAST_TRANSACTION_CHECKSUM (Checksum of last committed transaction): -161117448595
2015-12-10 22:22:08.325+0000 INFO  [o.n.k.i.DiagnosticsManager] UPGRADE_TRANSACTION_CHECKSUM (Checksum of transaction id the most recent upgrade was performed at): 0
2015-12-10 22:22:08.327+0000 INFO  [o.n.k.i.DiagnosticsManager] LAST_CLOSED_TRANSACTION_LOG_VERSION (Log version where the last transaction commit entry has been written into): 0
2015-12-10 22:22:08.329+0000 INFO  [o.n.k.i.DiagnosticsManager] LAST_CLOSED_TRANSACTION_LOG_BYTE_OFFSET (Byte offset in the log file where the last transaction commit entry has been written into): 2673284
2015-12-10 22:22:08.331+0000 INFO  [o.n.k.i.DiagnosticsManager] --- STARTED diagnostics for NEO_STORE_RECORDS END ---
2015-12-10 22:22:08.334+0000 INFO  [o.n.k.i.DiagnosticsManager] --- STARTED diagnostics for TRANSACTION_RANGE START ---
2015-12-10 22:22:08.336+0000 INFO  [o.n.k.i.DiagnosticsManager] Transaction log:
2015-12-10 22:22:08.339+0000 INFO  [o.n.k.i.DiagnosticsManager] Oldest transaction 2 found in log with version 0
2015-12-10 22:22:08.341+0000 INFO  [o.n.k.i.DiagnosticsManager] --- STARTED diagnostics for TRANSACTION_RANGE END ---
2015-12-10 22:22:08.343+0000 INFO  [o.n.k.i.DiagnosticsManager] --- STARTED diagnostics for KernelDiagnostics:StoreFiles START ---
2015-12-10 22:22:08.346+0000 INFO  [o.n.k.i.DiagnosticsManager] Disk space on partition (Total / Free / Free %): 499738734592 / 397644701696 / 79
Storage files: (filename : modification date - size)
2015-12-10 22:22:08.349+0000 INFO  [o.n.k.i.DiagnosticsManager]   dbms:
2015-12-10 22:22:08.351+0000 INFO  [o.n.k.i.DiagnosticsManager]     auth: 2015-12-09T15:46:33-0600 - 137.00 B
2015-12-10 22:22:08.353+0000 INFO  [o.n.k.i.DiagnosticsManager]     ssl:
2015-12-10 22:22:08.355+0000 INFO  [o.n.k.i.DiagnosticsManager]       snakeoil.cert: 2015-12-09T15:46:29-0600 - 630.00 B
2015-12-10 22:22:08.358+0000 INFO  [o.n.k.i.DiagnosticsManager]       snakeoil.key: 2015-12-09T15:46:29-0600 - 914.00 B
2015-12-10 22:22:08.360+0000 INFO  [o.n.k.i.DiagnosticsManager]     - Total: 2015-12-09T15:46:29-0600 - 1.51 kB
2015-12-10 22:22:08.362+0000 INFO  [o.n.k.i.DiagnosticsManager]   - Total: 2015-12-09T15:46:33-0600 - 1.64 kB
2015-12-10 22:22:08.364+0000 INFO  [o.n.k.i.DiagnosticsManager]   index:
2015-12-10 22:22:08.367+0000 INFO  [o.n.k.i.DiagnosticsManager]   - Total: 2015-12-09T15:46:32-0600 - 0.00 B
2015-12-10 22:22:08.369+0000 INFO  [o.n.k.i.DiagnosticsManager]   messages.log: 2015-12-09T15:51:54-0600 - 61.53 kB
2015-12-10 22:22:08.372+0000 INFO  [o.n.k.i.DiagnosticsManager]   neo4j.properties: 2015-12-09T15:46:29-0600 - 1.30 kB
2015-12-10 22:22:08.374+0000 INFO  [o.n.k.i.DiagnosticsManager]   neostore: 2015-12-09T15:51:52-0600 - 8.00 kB
2015-12-10 22:22:08.376+0000 INFO  [o.n.k.i.DiagnosticsManager]   neostore.counts.db.a: 2015-12-09T15:51:52-0600 - 544.00 B
2015-12-10 22:22:08.378+0000 INFO  [o.n.k.i.DiagnosticsManager]   neostore.counts.db.b: 2015-12-09T15:51:32-0600 - 544.00 B
2015-12-10 22:22:08.381+0000 INFO  [o.n.k.i.DiagnosticsManager]   neostore.id: 2015-12-10T16:22:07-0600 - 9.00 B
2015-12-10 22:22:08.383+0000 INFO  [o.n.k.i.DiagnosticsManager]   neostore.labeltokenstore.db: 2015-12-09T15:51:33-0600 - 8.00 kB
2015-12-10 22:22:08.385+0000 INFO  [o.n.k.i.DiagnosticsManager]   neostore.labeltokenstore.db.id: 2015-12-10T16:22:07-0600 - 9.00 B
2015-12-10 22:22:08.388+0000 INFO  [o.n.k.i.DiagnosticsManager]   neostore.labeltokenstore.db.names: 2015-12-09T15:51:33-0600 - 8.00 kB
2015-12-10 22:22:08.390+0000 INFO  [o.n.k.i.DiagnosticsManager]   neostore.labeltokenstore.db.names.id: 2015-12-10T16:22:07-0600 - 9.00 B
2015-12-10 22:22:08.393+0000 INFO  [o.n.k.i.DiagnosticsManager]   neostore.nodestore.db: 2015-12-09T15:51:52-0600 - 31.99 kB
2015-12-10 22:22:08.395+0000 INFO  [o.n.k.i.DiagnosticsManager]   neostore.nodestore.db.id: 2015-12-10T16:22:06-0600 - 9.00 B
2015-12-10 22:22:08.397+0000 INFO  [o.n.k.i.DiagnosticsManager]   neostore.nodestore.db.labels: 2015-12-09T15:46:30-0600 - 8.00 kB
2015-12-10 22:22:08.400+0000 INFO  [o.n.k.i.DiagnosticsManager]   neostore.nodestore.db.labels.id: 2015-12-10T16:22:06-0600 - 9.00 B
2015-12-10 22:22:08.402+0000 INFO  [o.n.k.i.DiagnosticsManager]   neostore.propertystore.db: 2015-12-09T15:51:52-0600 - 87.65 kB
2015-12-10 22:22:08.404+0000 INFO  [o.n.k.i.DiagnosticsManager]   neostore.propertystore.db.arrays: 2015-12-09T15:46:31-0600 - 8.00 kB
2015-12-10 22:22:08.407+0000 INFO  [o.n.k.i.DiagnosticsManager]   neostore.propertystore.db.arrays.id: 2015-12-10T16:22:07-0600 - 9.00 B
2015-12-10 22:22:08.409+0000 INFO  [o.n.k.i.DiagnosticsManager]   neostore.propertystore.db.id: 2015-12-10T16:22:07-0600 - 9.00 B
2015-12-10 22:22:08.412+0000 INFO  [o.n.k.i.DiagnosticsManager]   neostore.propertystore.db.index: 2015-12-09T15:51:33-0600 - 8.00 kB
2015-12-10 22:22:08.414+0000 INFO  [o.n.k.i.DiagnosticsManager]   neostore.propertystore.db.index.id: 2015-12-10T16:22:06-0600 - 9.00 B
2015-12-10 22:22:08.417+0000 INFO  [o.n.k.i.DiagnosticsManager]   neostore.propertystore.db.index.keys: 2015-12-09T15:51:33-0600 - 8.00 kB
2015-12-10 22:22:08.419+0000 INFO  [o.n.k.i.DiagnosticsManager]   neostore.propertystore.db.index.keys.id: 2015-12-10T16:22:06-0600 - 9.00 B
2015-12-10 22:22:08.421+0000 INFO  [o.n.k.i.DiagnosticsManager]   neostore.propertystore.db.strings: 2015-12-09T15:46:30-0600 - 8.00 kB
2015-12-10 22:22:08.424+0000 INFO  [o.n.k.i.DiagnosticsManager]   neostore.propertystore.db.strings.id: 2015-12-10T16:22:07-0600 - 9.00 B
2015-12-10 22:22:08.426+0000 INFO  [o.n.k.i.DiagnosticsManager]   neostore.relationshipgroupstore.db: 2015-12-09T15:51:52-0600 - 8.00 kB
2015-12-10 22:22:08.429+0000 INFO  [o.n.k.i.DiagnosticsManager]   neostore.relationshipgroupstore.db.id: 2015-12-10T16:22:07-0600 - 9.00 B
2015-12-10 22:22:08.431+0000 INFO  [o.n.k.i.DiagnosticsManager]   neostore.relationshipstore.db: 2015-12-09T15:51:53-0600 - 135.47 kB
2015-12-10 22:22:08.434+0000 INFO  [o.n.k.i.DiagnosticsManager]   neostore.relationshipstore.db.id: 2015-12-10T16:22:07-0600 - 9.00 B
2015-12-10 22:22:08.436+0000 INFO  [o.n.k.i.DiagnosticsManager]   neostore.relationshiptypestore.db: 2015-12-09T15:51:33-0600 - 8.00 kB
2015-12-10 22:22:08.438+0000 INFO  [o.n.k.i.DiagnosticsManager]   neostore.relationshiptypestore.db.id: 2015-12-10T16:22:07-0600 - 9.00 B
2015-12-10 22:22:08.441+0000 INFO  [o.n.k.i.DiagnosticsManager]   neostore.relationshiptypestore.db.names: 2015-12-09T15:51:33-0600 - 8.00 kB
2015-12-10 22:22:08.443+0000 INFO  [o.n.k.i.DiagnosticsManager]   neostore.relationshiptypestore.db.names.id: 2015-12-10T16:22:07-0600 - 9.00 B
2015-12-10 22:22:08.445+0000 INFO  [o.n.k.i.DiagnosticsManager]   neostore.schemastore.db: 2015-12-09T15:46:32-0600 - 8.00 kB
2015-12-10 22:22:08.448+0000 INFO  [o.n.k.i.DiagnosticsManager]   neostore.schemastore.db.id: 2015-12-10T16:22:07-0600 - 9.00 B
2015-12-10 22:22:08.450+0000 INFO  [o.n.k.i.DiagnosticsManager]   neostore.transaction.db.0: 2015-12-09T15:51:52-0600 - 2.55 MB
2015-12-10 22:22:08.452+0000 INFO  [o.n.k.i.DiagnosticsManager]   schema:
2015-12-10 22:22:08.455+0000 INFO  [o.n.k.i.DiagnosticsManager]     label:
2015-12-10 22:22:08.457+0000 INFO  [o.n.k.i.DiagnosticsManager]       lucene:
2015-12-10 22:22:08.459+0000 INFO  [o.n.k.i.DiagnosticsManager]         _37v.cfs: 2015-12-09T15:51:36-0600 - 2.11 kB
2015-12-10 22:22:08.462+0000 INFO  [o.n.k.i.DiagnosticsManager]         segments.gen: 2015-12-09T15:51:52-0600 - 20.00 B
2015-12-10 22:22:08.464+0000 INFO  [o.n.k.i.DiagnosticsManager]         segments_2: 2015-12-09T15:51:52-0600 - 258.00 B
2015-12-10 22:22:08.466+0000 INFO  [o.n.k.i.DiagnosticsManager]         write.lock: 2015-12-10T16:22:07-0600 - 0.00 B
2015-12-10 22:22:08.468+0000 INFO  [o.n.k.i.DiagnosticsManager]       - Total: 2015-12-10T16:22:07-0600 - 2.39 kB
2015-12-10 22:22:08.470+0000 INFO  [o.n.k.i.DiagnosticsManager]     - Total: 2015-12-09T15:46:32-0600 - 2.39 kB
2015-12-10 22:22:08.472+0000 INFO  [o.n.k.i.DiagnosticsManager]   - Total: 2015-12-09T15:46:32-0600 - 2.39 kB
2015-12-10 22:22:08.475+0000 INFO  [o.n.k.i.DiagnosticsManager]   store_lock: 2015-12-09T15:46:29-0600 - 0.00 B
2015-12-10 22:22:08.477+0000 INFO  [o.n.k.i.DiagnosticsManager] --- STARTED diagnostics for KernelDiagnostics:StoreFiles END ---
2015-12-10 22:22:08.488+0000 INFO  [o.n.k.i.DiagnosticsManager] --- SERVER STARTED START ---
2015-12-10 22:22:09.162+0000 INFO  [o.n.k.i.DiagnosticsManager] --- SERVER STARTED END ---
2015-12-10 22:45:30.862+0000 INFO  [o.n.k.i.f.GraphDatabaseFacade] Shutdown started
2015-12-10 22:45:30.865+0000 INFO  [o.n.k.i.f.CommunityFacadeFactory] Database is now unavailable
2015-12-10 22:45:30.894+0000 INFO  [o.n.k.i.t.l.c.CheckPointerImpl] Check Pointing triggered by database shutdown [6111]:  Starting check pointing...
2015-12-10 22:45:30.897+0000 INFO  [o.n.k.i.t.l.c.CheckPointerImpl] Check Pointing triggered by database shutdown [6111]:  Starting store flush...
2015-12-10 22:45:30.916+0000 INFO  [o.n.k.i.t.l.c.CheckPointerImpl] Check Pointing triggered by database shutdown [6111]:  Store flush completed
2015-12-10 22:45:30.922+0000 INFO  [o.n.k.i.t.l.c.CheckPointerImpl] Check Pointing triggered by database shutdown [6111]:  Starting appending check point entry into the tx log...
2015-12-10 22:45:30.951+0000 INFO  [o.n.k.i.t.l.c.CheckPointerImpl] Check Pointing triggered by database shutdown [6111]:  Appending check point entry into the tx log completed
2015-12-10 22:45:30.955+0000 INFO  [o.n.k.i.t.l.c.CheckPointerImpl] Check Pointing triggered by database shutdown [6111]:  Check pointing completed
2015-12-10 22:45:30.959+0000 INFO  [o.n.k.i.t.l.p.LogPruningImpl] Log Rotation [0]:  Starting log pruning.
2015-12-10 22:45:30.963+0000 INFO  [o.n.k.i.t.l.p.LogPruningImpl] Log Rotation [0]:  Log pruning complete.
2015-12-10 22:45:32.344+0000 INFO  [o.n.k.NeoStoreDataSource] NeoStores closed
2015-12-10 22:45:32.350+0000 INFO  [o.n.k.i.DiagnosticsManager] --- STOPPING diagnostics START ---
2015-12-10 22:45:32.351+0000 INFO  [o.n.k.i.DiagnosticsManager] --- STOPPING diagnostics END ---
