2015-12-09 21:28:16.964+0000 INFO  [o.n.k.i.f.CommunityFacadeFactory] No locking implementation specified, defaulting to 'community'
2015-12-09 21:28:16.968+0000 INFO  [o.n.k.AvailabilityGuard] Requirement makes database unavailable: Database available
2015-12-09 21:28:16.970+0000 INFO  [o.n.k.i.DiagnosticsManager] --- INITIALIZED diagnostics START ---
2015-12-09 21:28:16.970+0000 INFO  [o.n.k.i.DiagnosticsManager] Neo4j Kernel properties:
2015-12-09 21:28:16.970+0000 INFO  [o.n.k.i.DiagnosticsManager] org.neo4j.server.db.tuning.properties=C:\561\2000\2000D2\neo4j.properties
2015-12-09 21:28:16.970+0000 INFO  [o.n.k.i.DiagnosticsManager] org.neo4j.server.database.location=C:\561\2000\2000D2
2015-12-09 21:28:16.970+0000 INFO  [o.n.k.i.DiagnosticsManager] dbms.querylog.filename=data/log/queries.log
2015-12-09 21:28:16.970+0000 INFO  [o.n.k.i.DiagnosticsManager] dbms.security.auth_store.location=C:\561\2000\2000D2\.\dbms\auth
2015-12-09 21:28:16.970+0000 INFO  [o.n.k.i.DiagnosticsManager] dbms.security.tls_certificate_file=C:\561\2000\2000D2\.\dbms\ssl\snakeoil.cert
2015-12-09 21:28:16.970+0000 INFO  [o.n.k.i.DiagnosticsManager] remote_shell_enabled=true
2015-12-09 21:28:16.970+0000 INFO  [o.n.k.i.DiagnosticsManager] edition=Community
2015-12-09 21:28:16.970+0000 INFO  [o.n.k.i.DiagnosticsManager] dbms.security.tls_key_file=C:\561\2000\2000D2\.\dbms\ssl\snakeoil.key
2015-12-09 21:28:16.970+0000 INFO  [o.n.k.i.DiagnosticsManager] Diagnostics providers:
2015-12-09 21:28:16.970+0000 INFO  [o.n.k.i.DiagnosticsManager] org.neo4j.kernel.configuration.Config
2015-12-09 21:28:16.970+0000 INFO  [o.n.k.i.DiagnosticsManager] org.neo4j.kernel.info.DiagnosticsManager
2015-12-09 21:28:16.970+0000 INFO  [o.n.k.i.DiagnosticsManager] SYSTEM_MEMORY
2015-12-09 21:28:16.970+0000 INFO  [o.n.k.i.DiagnosticsManager] JAVA_MEMORY
2015-12-09 21:28:16.970+0000 INFO  [o.n.k.i.DiagnosticsManager] OPERATING_SYSTEM
2015-12-09 21:28:16.970+0000 INFO  [o.n.k.i.DiagnosticsManager] JAVA_VIRTUAL_MACHINE
2015-12-09 21:28:16.970+0000 INFO  [o.n.k.i.DiagnosticsManager] CLASSPATH
2015-12-09 21:28:16.970+0000 INFO  [o.n.k.i.DiagnosticsManager] LIBRARY_PATH
2015-12-09 21:28:16.970+0000 INFO  [o.n.k.i.DiagnosticsManager] SYSTEM_PROPERTIES
2015-12-09 21:28:16.970+0000 INFO  [o.n.k.i.DiagnosticsManager] NETWORK
2015-12-09 21:28:16.970+0000 INFO  [o.n.k.i.DiagnosticsManager] System memory information:
2015-12-09 21:28:16.971+0000 INFO  [o.n.k.i.DiagnosticsManager] Total Physical memory: 3.93 GB
2015-12-09 21:28:16.971+0000 INFO  [o.n.k.i.DiagnosticsManager] Free Physical memory: 2.01 GB
2015-12-09 21:28:16.971+0000 INFO  [o.n.k.i.DiagnosticsManager] Committed virtual memory: 374.39 MB
2015-12-09 21:28:16.971+0000 INFO  [o.n.k.i.DiagnosticsManager] Total swap space: 5.05 GB
2015-12-09 21:28:16.971+0000 INFO  [o.n.k.i.DiagnosticsManager] Free swap space: 2.54 GB
2015-12-09 21:28:16.971+0000 INFO  [o.n.k.i.DiagnosticsManager] JVM memory information:
2015-12-09 21:28:16.971+0000 INFO  [o.n.k.i.DiagnosticsManager] Free  memory: 34.11 MB
2015-12-09 21:28:16.971+0000 INFO  [o.n.k.i.DiagnosticsManager] Total memory: 97.00 MB
2015-12-09 21:28:16.971+0000 INFO  [o.n.k.i.DiagnosticsManager] Max   memory: 894.50 MB
2015-12-09 21:28:16.971+0000 INFO  [o.n.k.i.DiagnosticsManager] Garbage Collector: PS Scavenge: [PS Eden Space, PS Survivor Space]
2015-12-09 21:28:16.971+0000 INFO  [o.n.k.i.DiagnosticsManager] Garbage Collector: PS MarkSweep: [PS Eden Space, PS Survivor Space, PS Old Gen, PS Perm Gen]
2015-12-09 21:28:16.971+0000 INFO  [o.n.k.i.DiagnosticsManager] Memory Pool: Code Cache (Non-heap memory): committed=10.56 MB, used=10.22 MB, max=48.00 MB, threshold=0.00 B
2015-12-09 21:28:16.971+0000 INFO  [o.n.k.i.DiagnosticsManager] Memory Pool: PS Eden Space (Heap memory): committed=22.50 MB, used=7.49 MB, max=331.50 MB, threshold=?
2015-12-09 21:28:16.971+0000 INFO  [o.n.k.i.DiagnosticsManager] Memory Pool: PS Survivor Space (Heap memory): committed=1.00 MB, used=1005.99 kB, max=1.00 MB, threshold=?
2015-12-09 21:28:16.971+0000 INFO  [o.n.k.i.DiagnosticsManager] Memory Pool: PS Old Gen (Heap memory): committed=73.50 MB, used=54.42 MB, max=670.50 MB, threshold=0.00 B
2015-12-09 21:28:16.971+0000 INFO  [o.n.k.i.DiagnosticsManager] Memory Pool: PS Perm Gen (Non-heap memory): committed=82.00 MB, used=63.06 MB, max=82.00 MB, threshold=0.00 B
2015-12-09 21:28:16.971+0000 INFO  [o.n.k.i.DiagnosticsManager] Operating system information:
2015-12-09 21:28:16.971+0000 INFO  [o.n.k.i.DiagnosticsManager] Operating System: Windows 8.1; version: 6.3; arch: amd64; cpus: 8
2015-12-09 21:28:16.972+0000 INFO  [o.n.k.i.DiagnosticsManager] Process id: 3784@ATAN-B03-02
2015-12-09 21:28:16.972+0000 INFO  [o.n.k.i.DiagnosticsManager] Byte order: LITTLE_ENDIAN
2015-12-09 21:28:16.972+0000 INFO  [o.n.k.i.DiagnosticsManager] Local timezone: America/Chicago
2015-12-09 21:28:16.972+0000 INFO  [o.n.k.i.DiagnosticsManager] JVM information:
2015-12-09 21:28:16.972+0000 INFO  [o.n.k.i.DiagnosticsManager] VM Name: Java HotSpot(TM) 64-Bit Server VM
2015-12-09 21:28:16.972+0000 INFO  [o.n.k.i.DiagnosticsManager] VM Vendor: Oracle Corporation
2015-12-09 21:28:16.972+0000 INFO  [o.n.k.i.DiagnosticsManager] VM Version: 24.80-b11
2015-12-09 21:28:16.972+0000 INFO  [o.n.k.i.DiagnosticsManager] JIT compiler: HotSpot 64-Bit Tiered Compilers
2015-12-09 21:28:16.972+0000 INFO  [o.n.k.i.DiagnosticsManager] VM Arguments: [-Dexe4j.semaphoreName=Local\c:_program_files_neo4j_ce_2.3.1_bin_neo4j-ce.exe, -Dexe4j.isInstall4j=true, -Dexe4j.moduleName=C:\Program Files\Neo4j CE 2.3.1\bin\neo4j-ce.exe, -Dexe4j.tempDir=, -Dexe4j.unextractedPosition=0, -Djava.library.path=C:\Program Files (x86)\AMD APP\bin\x86_64;C:\Program Files (x86)\AMD APP\bin\x86;C:\ProgramData\Oracle\Java\javapath;C:\Windows\system32;C:\Windows;C:\Windows\System32\Wbem;C:\Windows\System32\WindowsPowerShell\v1.0\;C:\Program Files (x86)\MiKTeX 2.9\miktex\bin\;C:\Program Files\TortoiseSVN\bin;C:\Windows\system32\config\systemprofile\.dnx\bin;C:\Program Files\Microsoft DNX\Dnvm\;C:\Program Files\MATLAB\R2015b\runtime\win64;C:\Program Files\MATLAB\R2015b\bin;C:\Program Files (x86)\ATI Technologies\ATI.ACE\Core-Static;c:\program files\neo4j ce 2.3.1\jre\bin, -Dexe4j.consoleCodepage=cp0, -Dinstall4j.launcherId=24, -Dinstall4j.swt=false]
2015-12-09 21:28:16.972+0000 INFO  [o.n.k.i.DiagnosticsManager] Java classpath:
2015-12-09 21:28:16.974+0000 INFO  [o.n.k.i.DiagnosticsManager]  [loader.1] file:/C:/Program%20Files/Neo4j%20CE%202.3.1/jre/lib/ext/dnsns.jar
2015-12-09 21:28:16.974+0000 INFO  [o.n.k.i.DiagnosticsManager]  [loader.0] file:/C:/Program%20Files/Neo4j%20CE%202.3.1/bin/
2015-12-09 21:28:16.974+0000 INFO  [o.n.k.i.DiagnosticsManager]  [bootstrap] C:\Program Files\Neo4j CE 2.3.1\jre\lib\resources.jar
2015-12-09 21:28:16.974+0000 INFO  [o.n.k.i.DiagnosticsManager]  [bootstrap] C:\Program Files\Neo4j CE 2.3.1\jre\lib\jfr.jar
2015-12-09 21:28:16.974+0000 INFO  [o.n.k.i.DiagnosticsManager]  [classpath] C:\Program Files\Neo4j CE 2.3.1\.install4j\i4jruntime.jar
2015-12-09 21:28:16.974+0000 INFO  [o.n.k.i.DiagnosticsManager]  [loader.1] file:/C:/Program%20Files/Neo4j%20CE%202.3.1/jre/lib/ext/sunmscapi.jar
2015-12-09 21:28:16.974+0000 INFO  [o.n.k.i.DiagnosticsManager]  [bootstrap] C:\Program Files\Neo4j CE 2.3.1\jre\lib\jsse.jar
2015-12-09 21:28:16.974+0000 INFO  [o.n.k.i.DiagnosticsManager]  [loader.1] file:/C:/Program%20Files/Neo4j%20CE%202.3.1/jre/lib/ext/dns_sd.jar
2015-12-09 21:28:16.974+0000 INFO  [o.n.k.i.DiagnosticsManager]  [loader.0] file:/C:/Program%20Files/Neo4j%20CE%202.3.1/.install4j/i4jruntime.jar
2015-12-09 21:28:16.974+0000 INFO  [o.n.k.i.DiagnosticsManager]  [loader.0] file:/C:/Program%20Files/Neo4j%20CE%202.3.1/bin/neo4j-desktop-2.3.1.jar
2015-12-09 21:28:16.974+0000 INFO  [o.n.k.i.DiagnosticsManager]  [loader.1] file:/C:/Program%20Files/Neo4j%20CE%202.3.1/jre/lib/ext/access-bridge-64.jar
2015-12-09 21:28:16.974+0000 INFO  [o.n.k.i.DiagnosticsManager]  [loader.1] file:/C:/Program%20Files/Neo4j%20CE%202.3.1/jre/lib/ext/localedata.jar
2015-12-09 21:28:16.974+0000 INFO  [o.n.k.i.DiagnosticsManager]  [bootstrap] C:\Program Files\Neo4j CE 2.3.1\jre\lib\sunrsasign.jar
2015-12-09 21:28:16.974+0000 INFO  [o.n.k.i.DiagnosticsManager]  [bootstrap] C:\Program Files\Neo4j CE 2.3.1\jre\lib\jce.jar
2015-12-09 21:28:16.974+0000 INFO  [o.n.k.i.DiagnosticsManager]  [bootstrap] C:\Program Files\Neo4j CE 2.3.1\jre\lib\rt.jar
2015-12-09 21:28:16.974+0000 INFO  [o.n.k.i.DiagnosticsManager]  [bootstrap] C:\Program Files\Neo4j CE 2.3.1\jre\lib\charsets.jar
2015-12-09 21:28:16.974+0000 INFO  [o.n.k.i.DiagnosticsManager]  [loader.1] file:/C:/Program%20Files/Neo4j%20CE%202.3.1/jre/lib/ext/sunjce_provider.jar
2015-12-09 21:28:16.974+0000 INFO  [o.n.k.i.DiagnosticsManager]  [bootstrap] C:\Program Files\Neo4j CE 2.3.1\jre\classes
2015-12-09 21:28:16.974+0000 INFO  [o.n.k.i.DiagnosticsManager]  [loader.1] file:/C:/Program%20Files/Neo4j%20CE%202.3.1/jre/lib/ext/zipfs.jar
2015-12-09 21:28:16.974+0000 INFO  [o.n.k.i.DiagnosticsManager]  [loader.1] file:/C:/Program%20Files/Neo4j%20CE%202.3.1/jre/lib/ext/jaccess.jar
2015-12-09 21:28:16.974+0000 INFO  [o.n.k.i.DiagnosticsManager]  [loader.1] file:/C:/Program%20Files/Neo4j%20CE%202.3.1/jre/lib/ext/sunec.jar
2015-12-09 21:28:16.974+0000 INFO  [o.n.k.i.DiagnosticsManager]  [classpath] C:\Program Files\Neo4j CE 2.3.1\bin\neo4j-desktop-2.3.1.jar
2015-12-09 21:28:16.974+0000 INFO  [o.n.k.i.DiagnosticsManager] Library path:
2015-12-09 21:28:16.975+0000 INFO  [o.n.k.i.DiagnosticsManager] C:\Program Files (x86)\AMD APP\bin\x86_64
2015-12-09 21:28:16.975+0000 INFO  [o.n.k.i.DiagnosticsManager] C:\Program Files (x86)\AMD APP\bin\x86
2015-12-09 21:28:16.975+0000 INFO  [o.n.k.i.DiagnosticsManager] C:\ProgramData\Oracle\Java\javapath
2015-12-09 21:28:16.975+0000 INFO  [o.n.k.i.DiagnosticsManager] C:\Windows\System32
2015-12-09 21:28:16.975+0000 INFO  [o.n.k.i.DiagnosticsManager] C:\Windows
2015-12-09 21:28:16.976+0000 INFO  [o.n.k.i.DiagnosticsManager] C:\Windows\System32\wbem
2015-12-09 21:28:16.976+0000 INFO  [o.n.k.i.DiagnosticsManager] C:\Windows\System32\WindowsPowerShell\v1.0
2015-12-09 21:28:16.976+0000 INFO  [o.n.k.i.DiagnosticsManager] C:\Program Files (x86)\MiKTeX 2.9\miktex\bin
2015-12-09 21:28:16.976+0000 INFO  [o.n.k.i.DiagnosticsManager] C:\Program Files\TortoiseSVN\bin
2015-12-09 21:28:16.976+0000 INFO  [o.n.k.i.DiagnosticsManager] C:\Windows\System32\config\systemprofile\.dnx\bin
2015-12-09 21:28:16.976+0000 INFO  [o.n.k.i.DiagnosticsManager] C:\Program Files\Microsoft DNX\Dnvm
2015-12-09 21:28:16.977+0000 INFO  [o.n.k.i.DiagnosticsManager] C:\Program Files\MATLAB\R2015b\runtime\win64
2015-12-09 21:28:16.977+0000 INFO  [o.n.k.i.DiagnosticsManager] C:\Program Files\MATLAB\R2015b\bin
2015-12-09 21:28:16.977+0000 INFO  [o.n.k.i.DiagnosticsManager] C:\Program Files (x86)\ATI Technologies\ATI.ACE\Core-Static
2015-12-09 21:28:16.977+0000 INFO  [o.n.k.i.DiagnosticsManager] C:\Program Files\Neo4j CE 2.3.1\jre\bin
2015-12-09 21:28:16.977+0000 INFO  [o.n.k.i.DiagnosticsManager] System.properties:
2015-12-09 21:28:16.977+0000 INFO  [o.n.k.i.DiagnosticsManager] exe4j.moduleName = C:\Program Files\Neo4j CE 2.3.1\bin\neo4j-ce.exe
2015-12-09 21:28:16.977+0000 INFO  [o.n.k.i.DiagnosticsManager] exe4j.semaphoreName = Local\c:_program_files_neo4j_ce_2.3.1_bin_neo4j-ce.exe
2015-12-09 21:28:16.977+0000 INFO  [o.n.k.i.DiagnosticsManager] sun.boot.library.path = c:\program files\neo4j ce 2.3.1\jre\bin
2015-12-09 21:28:16.977+0000 INFO  [o.n.k.i.DiagnosticsManager] exe4j.consoleCodepage = cp0
2015-12-09 21:28:16.977+0000 INFO  [o.n.k.i.DiagnosticsManager] path.separator = ;
2015-12-09 21:28:16.977+0000 INFO  [o.n.k.i.DiagnosticsManager] file.encoding.pkg = sun.io
2015-12-09 21:28:16.977+0000 INFO  [o.n.k.i.DiagnosticsManager] user.country = US
2015-12-09 21:28:16.977+0000 INFO  [o.n.k.i.DiagnosticsManager] user.script = 
2015-12-09 21:28:16.977+0000 INFO  [o.n.k.i.DiagnosticsManager] sun.os.patch.level = 
2015-12-09 21:28:16.978+0000 INFO  [o.n.k.i.DiagnosticsManager] install4j.exeDir = C:\Program Files\Neo4j CE 2.3.1\bin\
2015-12-09 21:28:16.978+0000 INFO  [o.n.k.i.DiagnosticsManager] user.dir = C:\Program Files\Neo4j CE 2.3.1\bin
2015-12-09 21:28:16.978+0000 INFO  [o.n.k.i.DiagnosticsManager] neo4j.ext.udc.source = desktop
2015-12-09 21:28:16.978+0000 INFO  [o.n.k.i.DiagnosticsManager] user.variant = 
2015-12-09 21:28:16.978+0000 INFO  [o.n.k.i.DiagnosticsManager] exe4j.tempDir = 
2015-12-09 21:28:16.978+0000 INFO  [o.n.k.i.DiagnosticsManager] sun.jnu.encoding = Cp1252
2015-12-09 21:28:16.978+0000 INFO  [o.n.k.i.DiagnosticsManager] sun.awt.enableExtraMouseButtons = true
2015-12-09 21:28:16.978+0000 INFO  [o.n.k.i.DiagnosticsManager] install4j.launcherId = 24
2015-12-09 21:28:16.978+0000 INFO  [o.n.k.i.DiagnosticsManager] sun.management.compiler = HotSpot 64-Bit Tiered Compilers
2015-12-09 21:28:16.978+0000 INFO  [o.n.k.i.DiagnosticsManager] exe4j.isInstall4j = true
2015-12-09 21:28:16.978+0000 INFO  [o.n.k.i.DiagnosticsManager] install4j.swt = false
2015-12-09 21:28:16.978+0000 INFO  [o.n.k.i.DiagnosticsManager] user.home = C:\Users\cez
2015-12-09 21:28:16.978+0000 INFO  [o.n.k.i.DiagnosticsManager] user.timezone = America/Chicago
2015-12-09 21:28:16.978+0000 INFO  [o.n.k.i.DiagnosticsManager] file.encoding = Cp1252
2015-12-09 21:28:16.978+0000 INFO  [o.n.k.i.DiagnosticsManager] user.name = cez
2015-12-09 21:28:16.978+0000 INFO  [o.n.k.i.DiagnosticsManager] sun.java.command = C:\Program Files\Neo4j CE 2.3.1\bin\neo4j-ce.exe
2015-12-09 21:28:16.978+0000 INFO  [o.n.k.i.DiagnosticsManager] sun.arch.data.model = 64
2015-12-09 21:28:16.978+0000 INFO  [o.n.k.i.DiagnosticsManager] exe4j.launchName = C:\Program Files\Neo4j CE 2.3.1\bin\neo4j-ce.exe
2015-12-09 21:28:16.978+0000 INFO  [o.n.k.i.DiagnosticsManager] user.language = en
2015-12-09 21:28:16.978+0000 INFO  [o.n.k.i.DiagnosticsManager] awt.toolkit = sun.awt.windows.WToolkit
2015-12-09 21:28:16.978+0000 INFO  [o.n.k.i.DiagnosticsManager] exe4j.unextractedPosition = 0
2015-12-09 21:28:16.978+0000 INFO  [o.n.k.i.DiagnosticsManager] install4j.appDir = C:\Program Files\Neo4j CE 2.3.1\
2015-12-09 21:28:16.978+0000 INFO  [o.n.k.i.DiagnosticsManager] file.separator = \
2015-12-09 21:28:16.978+0000 INFO  [o.n.k.i.DiagnosticsManager] sun.io.unicode.encoding = UnicodeLittle
2015-12-09 21:28:16.978+0000 INFO  [o.n.k.i.DiagnosticsManager] sun.cpu.endian = little
2015-12-09 21:28:16.978+0000 INFO  [o.n.k.i.DiagnosticsManager] sun.desktop = windows
2015-12-09 21:28:16.978+0000 INFO  [o.n.k.i.DiagnosticsManager] sun.cpu.isalist = amd64
2015-12-09 21:28:16.978+0000 INFO  [o.n.k.i.DiagnosticsManager] Network information:
2015-12-09 21:28:16.991+0000 INFO  [o.n.k.i.DiagnosticsManager] Interface Software Loopback Interface 1:
2015-12-09 21:28:16.991+0000 INFO  [o.n.k.i.DiagnosticsManager]     address: 127.0.0.1
2015-12-09 21:28:16.991+0000 INFO  [o.n.k.i.DiagnosticsManager]     address: 0:0:0:0:0:0:0:1
2015-12-09 21:28:16.991+0000 INFO  [o.n.k.i.DiagnosticsManager] Interface Microsoft Kernel Debug Network Adapter:
2015-12-09 21:28:16.991+0000 INFO  [o.n.k.i.DiagnosticsManager] Interface Intel(R) 82578DM Gigabit Network Connection:
2015-12-09 21:28:16.991+0000 INFO  [o.n.k.i.DiagnosticsManager]     address: 10.24.47.166
2015-12-09 21:28:16.991+0000 INFO  [o.n.k.i.DiagnosticsManager]     address: 2610:130:101:d00:4493:c16:efa9:8b55
2015-12-09 21:28:16.991+0000 INFO  [o.n.k.i.DiagnosticsManager]     address: 2610:130:101:d00:a502:b02c:1a2d:577b
2015-12-09 21:28:16.991+0000 INFO  [o.n.k.i.DiagnosticsManager]     address: fe80:0:0:0:4493:c16:efa9:8b55%3
2015-12-09 21:28:16.991+0000 INFO  [o.n.k.i.DiagnosticsManager] Interface Microsoft ISATAP Adapter:
2015-12-09 21:28:16.991+0000 INFO  [o.n.k.i.DiagnosticsManager]     address: fe80:0:0:0:0:5efe:c0a8:3801%4
2015-12-09 21:28:16.991+0000 INFO  [o.n.k.i.DiagnosticsManager] Interface Teredo Tunneling Pseudo-Interface:
2015-12-09 21:28:16.991+0000 INFO  [o.n.k.i.DiagnosticsManager] Interface Microsoft ISATAP Adapter #2:
2015-12-09 21:28:16.991+0000 INFO  [o.n.k.i.DiagnosticsManager]     address: fe80:0:0:0:0:5efe:a18:2fa6%6
2015-12-09 21:28:16.991+0000 INFO  [o.n.k.i.DiagnosticsManager] Interface VirtualBox Host-Only Ethernet Adapter:
2015-12-09 21:28:16.991+0000 INFO  [o.n.k.i.DiagnosticsManager]     address: 192.168.56.1
2015-12-09 21:28:16.991+0000 INFO  [o.n.k.i.DiagnosticsManager]     address: fe80:0:0:0:4133:2d33:29c2:6efa%7
2015-12-09 21:28:16.991+0000 INFO  [o.n.k.i.DiagnosticsManager] Interface Microsoft ISATAP Adapter #3:
2015-12-09 21:28:16.992+0000 INFO  [o.n.k.i.DiagnosticsManager] Interface VirtualBox Host-Only Ethernet Adapter-WFP Native MAC Layer LightWeight Filter-0000:
2015-12-09 21:28:16.992+0000 INFO  [o.n.k.i.DiagnosticsManager] Interface VirtualBox Host-Only Ethernet Adapter-VirtualBox NDIS Light-Weight Filter-0000:
2015-12-09 21:28:16.992+0000 INFO  [o.n.k.i.DiagnosticsManager] Interface VirtualBox Host-Only Ethernet Adapter-QoS Packet Scheduler-0000:
2015-12-09 21:28:16.992+0000 INFO  [o.n.k.i.DiagnosticsManager] Interface VirtualBox Host-Only Ethernet Adapter-WFP 802.3 MAC Layer LightWeight Filter-0000:
2015-12-09 21:28:16.992+0000 INFO  [o.n.k.i.DiagnosticsManager] Interface Intel(R) 82578DM Gigabit Network Connection-WFP Native MAC Layer LightWeight Filter-0000:
2015-12-09 21:28:16.992+0000 INFO  [o.n.k.i.DiagnosticsManager] Interface Intel(R) 82578DM Gigabit Network Connection-VirtualBox NDIS Light-Weight Filter-0000:
2015-12-09 21:28:16.992+0000 INFO  [o.n.k.i.DiagnosticsManager] Interface Intel(R) 82578DM Gigabit Network Connection-QoS Packet Scheduler-0000:
2015-12-09 21:28:16.992+0000 INFO  [o.n.k.i.DiagnosticsManager] Interface Intel(R) 82578DM Gigabit Network Connection-WFP 802.3 MAC Layer LightWeight Filter-0000:
2015-12-09 21:28:16.992+0000 INFO  [o.n.k.i.DiagnosticsManager] --- INITIALIZED diagnostics END ---
2015-12-09 21:28:19.718+0000 INFO  [o.n.k.a.i.i.LuceneLabelScanStore] No lucene scan store index found, this might just be first use. Preparing to rebuild.
2015-12-09 21:28:19.723+0000 INFO  [o.n.k.NeoStoreDataSource] Opened logical log [C:\561\2000\2000D2\neostore.transaction.db.0] version=0, lastTxId=1 (clean)
2015-12-09 21:28:19.726+0000 WARN  [o.n.k.i.s.MetaDataStore] Missing counts store, rebuilding it.
2015-12-09 21:28:19.796+0000 INFO  [o.n.k.a.i.i.LuceneLabelScanStore] Rebuilding lucene scan store, this may take a while
2015-12-09 21:28:19.800+0000 INFO  [o.n.k.a.i.i.LuceneLabelScanStore] Lucene scan store rebuilt (roughly -1 nodes)
2015-12-09 21:28:19.802+0000 INFO  [o.n.k.KernelHealth] Kernel health set to OK
2015-12-09 21:28:19.812+0000 INFO  [o.n.k.AvailabilityGuard] Fulfilling of requirement makes database available: Database available
2015-12-09 21:28:19.815+0000 INFO  [o.n.k.i.f.CommunityFacadeFactory] Database is now ready
2015-12-09 21:28:19.818+0000 INFO  [o.n.k.i.DiagnosticsManager] --- STARTED diagnostics for KernelDiagnostics:Versions START ---
2015-12-09 21:28:19.821+0000 INFO  [o.n.k.i.DiagnosticsManager] Graph Database: Community StoreId{creationTime=1449696499647, randomId=312835165913145172, storeVersion=15250506225055238, upgradeTime=1449696499647, upgradeId=1}
2015-12-09 21:28:19.824+0000 INFO  [o.n.k.i.DiagnosticsManager] Kernel version: 2.3.1
2015-12-09 21:28:19.826+0000 INFO  [o.n.k.i.DiagnosticsManager] --- STARTED diagnostics for KernelDiagnostics:Versions END ---
2015-12-09 21:28:19.829+0000 INFO  [o.n.k.i.DiagnosticsManager] --- STARTED diagnostics for NEO_STORE_VERSIONS START ---
2015-12-09 21:28:19.831+0000 INFO  [o.n.k.i.DiagnosticsManager] Store versions:
2015-12-09 21:28:19.834+0000 INFO  [o.n.k.i.DiagnosticsManager] Store versions:
2015-12-09 21:28:19.837+0000 INFO  [o.n.k.i.DiagnosticsManager] ArrayPropertyStore v0.A.6
2015-12-09 21:28:19.839+0000 INFO  [o.n.k.i.DiagnosticsManager] NodeStore v0.A.6
2015-12-09 21:28:19.842+0000 INFO  [o.n.k.i.DiagnosticsManager] StringPropertyStore v0.A.6
2015-12-09 21:28:19.844+0000 INFO  [o.n.k.i.DiagnosticsManager] PropertyIndexStore v0.A.6
2015-12-09 21:28:19.847+0000 INFO  [o.n.k.i.DiagnosticsManager] StringPropertyStore v0.A.6
2015-12-09 21:28:19.849+0000 INFO  [o.n.k.i.DiagnosticsManager] ArrayPropertyStore v0.A.6
2015-12-09 21:28:19.852+0000 INFO  [o.n.k.i.DiagnosticsManager] PropertyStore v0.A.6
2015-12-09 21:28:19.854+0000 INFO  [o.n.k.i.DiagnosticsManager] RelationshipStore v0.A.6
2015-12-09 21:28:19.857+0000 INFO  [o.n.k.i.DiagnosticsManager] StringPropertyStore v0.A.6
2015-12-09 21:28:19.860+0000 INFO  [o.n.k.i.DiagnosticsManager] RelationshipTypeStore v0.A.6
2015-12-09 21:28:19.862+0000 INFO  [o.n.k.i.DiagnosticsManager] StringPropertyStore v0.A.6
2015-12-09 21:28:19.865+0000 INFO  [o.n.k.i.DiagnosticsManager] LabelTokenStore v0.A.6
2015-12-09 21:28:19.867+0000 INFO  [o.n.k.i.DiagnosticsManager] SchemaStore v0.A.6
2015-12-09 21:28:19.870+0000 INFO  [o.n.k.i.DiagnosticsManager] RelationshipGroupStore v0.A.6
2015-12-09 21:28:19.872+0000 INFO  [o.n.k.i.DiagnosticsManager] NeoStore v0.A.6
2015-12-09 21:28:19.874+0000 INFO  [o.n.k.i.DiagnosticsManager] --- STARTED diagnostics for NEO_STORE_VERSIONS END ---
2015-12-09 21:28:19.877+0000 INFO  [o.n.k.i.DiagnosticsManager] --- STARTED diagnostics for NEO_STORE_ID_USAGE START ---
2015-12-09 21:28:19.880+0000 INFO  [o.n.k.i.DiagnosticsManager] Id usage:
2015-12-09 21:28:19.882+0000 INFO  [o.n.k.i.DiagnosticsManager] Id usage:
2015-12-09 21:28:19.884+0000 INFO  [o.n.k.i.DiagnosticsManager]   ArrayPropertyStore v0.A.6: used=1 high=0
2015-12-09 21:28:19.887+0000 INFO  [o.n.k.i.DiagnosticsManager]   NodeStore v0.A.6: used=0 high=-1
2015-12-09 21:28:19.890+0000 INFO  [o.n.k.i.DiagnosticsManager]   StringPropertyStore v0.A.6: used=1 high=0
2015-12-09 21:28:19.892+0000 INFO  [o.n.k.i.DiagnosticsManager]   PropertyIndexStore v0.A.6: used=0 high=-1
2015-12-09 21:28:19.895+0000 INFO  [o.n.k.i.DiagnosticsManager]   StringPropertyStore v0.A.6: used=1 high=0
2015-12-09 21:28:19.897+0000 INFO  [o.n.k.i.DiagnosticsManager]   ArrayPropertyStore v0.A.6: used=1 high=0
2015-12-09 21:28:19.900+0000 INFO  [o.n.k.i.DiagnosticsManager]   PropertyStore v0.A.6: used=0 high=-1
2015-12-09 21:28:19.902+0000 INFO  [o.n.k.i.DiagnosticsManager]   RelationshipStore v0.A.6: used=0 high=-1
2015-12-09 21:28:19.904+0000 INFO  [o.n.k.i.DiagnosticsManager]   StringPropertyStore v0.A.6: used=1 high=0
2015-12-09 21:28:19.907+0000 INFO  [o.n.k.i.DiagnosticsManager]   RelationshipTypeStore v0.A.6: used=0 high=-1
2015-12-09 21:28:19.909+0000 INFO  [o.n.k.i.DiagnosticsManager]   StringPropertyStore v0.A.6: used=1 high=0
2015-12-09 21:28:19.912+0000 INFO  [o.n.k.i.DiagnosticsManager]   LabelTokenStore v0.A.6: used=0 high=-1
2015-12-09 21:28:19.914+0000 INFO  [o.n.k.i.DiagnosticsManager]   SchemaStore v0.A.6: used=1 high=0
2015-12-09 21:28:19.917+0000 INFO  [o.n.k.i.DiagnosticsManager]   RelationshipGroupStore v0.A.6: used=1 high=0
2015-12-09 21:28:19.919+0000 INFO  [o.n.k.i.DiagnosticsManager]   NeoStore v0.A.6: used=13 high=12
2015-12-09 21:28:19.921+0000 INFO  [o.n.k.i.DiagnosticsManager] --- STARTED diagnostics for NEO_STORE_ID_USAGE END ---
2015-12-09 21:28:19.924+0000 INFO  [o.n.k.i.DiagnosticsManager] --- STARTED diagnostics for NEO_STORE_RECORDS START ---
2015-12-09 21:28:19.927+0000 INFO  [o.n.k.i.DiagnosticsManager] Neostore records:
2015-12-09 21:28:19.929+0000 INFO  [o.n.k.i.DiagnosticsManager] TIME (Creation time): 1449696499647
2015-12-09 21:28:19.932+0000 INFO  [o.n.k.i.DiagnosticsManager] RANDOM_NUMBER (Random number for store id): 312835165913145172
2015-12-09 21:28:19.934+0000 INFO  [o.n.k.i.DiagnosticsManager] LOG_VERSION (Current log version): 0
2015-12-09 21:28:19.936+0000 INFO  [o.n.k.i.DiagnosticsManager] LAST_TRANSACTION_ID (Last committed transaction): 1
2015-12-09 21:28:19.939+0000 INFO  [o.n.k.i.DiagnosticsManager] STORE_VERSION (Store format version): 15250506225055238
2015-12-09 21:28:19.941+0000 INFO  [o.n.k.i.DiagnosticsManager] FIRST_GRAPH_PROPERTY (First property record containing graph properties): -1
2015-12-09 21:28:19.944+0000 INFO  [o.n.k.i.DiagnosticsManager] LAST_CONSTRAINT_TRANSACTION (Last committed transaction containing constraint changes): 0
2015-12-09 21:28:19.946+0000 INFO  [o.n.k.i.DiagnosticsManager] UPGRADE_TRANSACTION_ID (Transaction id most recent upgrade was performed at): 1
2015-12-09 21:28:19.949+0000 INFO  [o.n.k.i.DiagnosticsManager] UPGRADE_TIME (Time of last upgrade): 1449696499647
2015-12-09 21:28:19.952+0000 INFO  [o.n.k.i.DiagnosticsManager] LAST_TRANSACTION_CHECKSUM (Checksum of last committed transaction): 0
2015-12-09 21:28:19.954+0000 INFO  [o.n.k.i.DiagnosticsManager] UPGRADE_TRANSACTION_CHECKSUM (Checksum of transaction id the most recent upgrade was performed at): 0
2015-12-09 21:28:19.956+0000 INFO  [o.n.k.i.DiagnosticsManager] LAST_CLOSED_TRANSACTION_LOG_VERSION (Log version where the last transaction commit entry has been written into): 0
2015-12-09 21:28:19.959+0000 INFO  [o.n.k.i.DiagnosticsManager] LAST_CLOSED_TRANSACTION_LOG_BYTE_OFFSET (Byte offset in the log file where the last transaction commit entry has been written into): 16
2015-12-09 21:28:19.961+0000 INFO  [o.n.k.i.DiagnosticsManager] --- STARTED diagnostics for NEO_STORE_RECORDS END ---
2015-12-09 21:28:19.964+0000 INFO  [o.n.k.i.DiagnosticsManager] --- STARTED diagnostics for TRANSACTION_RANGE START ---
2015-12-09 21:28:19.967+0000 INFO  [o.n.k.i.DiagnosticsManager] Transaction log:
2015-12-09 21:28:19.970+0000 INFO  [o.n.k.i.DiagnosticsManager] No transactions found in any log
2015-12-09 21:28:19.972+0000 INFO  [o.n.k.i.DiagnosticsManager] --- STARTED diagnostics for TRANSACTION_RANGE END ---
2015-12-09 21:28:19.975+0000 INFO  [o.n.k.i.DiagnosticsManager] --- STARTED diagnostics for KernelDiagnostics:StoreFiles START ---
2015-12-09 21:28:19.978+0000 INFO  [o.n.k.i.DiagnosticsManager] Disk space on partition (Total / Free / Free %): 499738734592 / 397709369344 / 79
Storage files: (filename : modification date - size)
2015-12-09 21:28:19.981+0000 INFO  [o.n.k.i.DiagnosticsManager]   dbms:
2015-12-09 21:28:19.984+0000 INFO  [o.n.k.i.DiagnosticsManager]     ssl:
2015-12-09 21:28:19.987+0000 INFO  [o.n.k.i.DiagnosticsManager]       snakeoil.cert: 2015-12-09T15:28:16-0600 - 630.00 B
2015-12-09 21:28:19.989+0000 INFO  [o.n.k.i.DiagnosticsManager]       snakeoil.key: 2015-12-09T15:28:16-0600 - 910.00 B
2015-12-09 21:28:19.992+0000 INFO  [o.n.k.i.DiagnosticsManager]     - Total: 2015-12-09T15:28:16-0600 - 1.50 kB
2015-12-09 21:28:19.995+0000 INFO  [o.n.k.i.DiagnosticsManager]   - Total: 2015-12-09T15:28:16-0600 - 1.50 kB
2015-12-09 21:28:19.997+0000 INFO  [o.n.k.i.DiagnosticsManager]   index:
2015-12-09 21:28:20.000+0000 INFO  [o.n.k.i.DiagnosticsManager]   - Total: 2015-12-09T15:28:19-0600 - 0.00 B
2015-12-09 21:28:20.014+0000 INFO  [o.n.k.i.DiagnosticsManager]   messages.log: 2015-12-09T15:28:16-0600 - 26.40 kB
2015-12-09 21:28:20.016+0000 INFO  [o.n.k.i.DiagnosticsManager]   neo4j.properties: 2015-12-09T15:28:16-0600 - 1.30 kB
2015-12-09 21:28:20.019+0000 INFO  [o.n.k.i.DiagnosticsManager]   neostore: 2015-12-09T15:28:19-0600 - 8.00 kB
2015-12-09 21:28:20.022+0000 INFO  [o.n.k.i.DiagnosticsManager]   neostore.counts.db.a: 2015-12-09T15:28:19-0600 - 96.00 B
2015-12-09 21:28:20.025+0000 INFO  [o.n.k.i.DiagnosticsManager]   neostore.id: 2015-12-09T15:28:19-0600 - 9.00 B
2015-12-09 21:28:20.028+0000 INFO  [o.n.k.i.DiagnosticsManager]   neostore.labeltokenstore.db: 2015-12-09T15:28:19-0600 - 0.00 B
2015-12-09 21:28:20.031+0000 INFO  [o.n.k.i.DiagnosticsManager]   neostore.labeltokenstore.db.id: 2015-12-09T15:28:19-0600 - 9.00 B
2015-12-09 21:28:20.033+0000 INFO  [o.n.k.i.DiagnosticsManager]   neostore.labeltokenstore.db.names: 2015-12-09T15:28:18-0600 - 8.00 kB
2015-12-09 21:28:20.036+0000 INFO  [o.n.k.i.DiagnosticsManager]   neostore.labeltokenstore.db.names.id: 2015-12-09T15:28:18-0600 - 9.00 B
2015-12-09 21:28:20.039+0000 INFO  [o.n.k.i.DiagnosticsManager]   neostore.nodestore.db: 2015-12-09T15:28:17-0600 - 0.00 B
2015-12-09 21:28:20.041+0000 INFO  [o.n.k.i.DiagnosticsManager]   neostore.nodestore.db.id: 2015-12-09T15:28:17-0600 - 9.00 B
2015-12-09 21:28:20.044+0000 INFO  [o.n.k.i.DiagnosticsManager]   neostore.nodestore.db.labels: 2015-12-09T15:28:17-0600 - 8.00 kB
2015-12-09 21:28:20.046+0000 INFO  [o.n.k.i.DiagnosticsManager]   neostore.nodestore.db.labels.id: 2015-12-09T15:28:17-0600 - 9.00 B
2015-12-09 21:28:20.049+0000 INFO  [o.n.k.i.DiagnosticsManager]   neostore.propertystore.db: 2015-12-09T15:28:18-0600 - 0.00 B
2015-12-09 21:28:20.051+0000 INFO  [o.n.k.i.DiagnosticsManager]   neostore.propertystore.db.arrays: 2015-12-09T15:28:18-0600 - 8.00 kB
2015-12-09 21:28:20.054+0000 INFO  [o.n.k.i.DiagnosticsManager]   neostore.propertystore.db.arrays.id: 2015-12-09T15:28:18-0600 - 9.00 B
2015-12-09 21:28:20.057+0000 INFO  [o.n.k.i.DiagnosticsManager]   neostore.propertystore.db.id: 2015-12-09T15:28:18-0600 - 9.00 B
2015-12-09 21:28:20.059+0000 INFO  [o.n.k.i.DiagnosticsManager]   neostore.propertystore.db.index: 2015-12-09T15:28:17-0600 - 0.00 B
2015-12-09 21:28:20.061+0000 INFO  [o.n.k.i.DiagnosticsManager]   neostore.propertystore.db.index.id: 2015-12-09T15:28:17-0600 - 9.00 B
2015-12-09 21:28:20.064+0000 INFO  [o.n.k.i.DiagnosticsManager]   neostore.propertystore.db.index.keys: 2015-12-09T15:28:17-0600 - 8.00 kB
2015-12-09 21:28:20.066+0000 INFO  [o.n.k.i.DiagnosticsManager]   neostore.propertystore.db.index.keys.id: 2015-12-09T15:28:17-0600 - 9.00 B
2015-12-09 21:28:20.069+0000 INFO  [o.n.k.i.DiagnosticsManager]   neostore.propertystore.db.strings: 2015-12-09T15:28:17-0600 - 8.00 kB
2015-12-09 21:28:20.071+0000 INFO  [o.n.k.i.DiagnosticsManager]   neostore.propertystore.db.strings.id: 2015-12-09T15:28:17-0600 - 9.00 B
2015-12-09 21:28:20.074+0000 INFO  [o.n.k.i.DiagnosticsManager]   neostore.relationshipgroupstore.db: 2015-12-09T15:28:19-0600 - 8.00 kB
2015-12-09 21:28:20.077+0000 INFO  [o.n.k.i.DiagnosticsManager]   neostore.relationshipgroupstore.db.id: 2015-12-09T15:28:19-0600 - 9.00 B
2015-12-09 21:28:20.079+0000 INFO  [o.n.k.i.DiagnosticsManager]   neostore.relationshipstore.db: 2015-12-09T15:28:18-0600 - 0.00 B
2015-12-09 21:28:20.082+0000 INFO  [o.n.k.i.DiagnosticsManager]   neostore.relationshipstore.db.id: 2015-12-09T15:28:18-0600 - 9.00 B
2015-12-09 21:28:20.084+0000 INFO  [o.n.k.i.DiagnosticsManager]   neostore.relationshiptypestore.db: 2015-12-09T15:28:18-0600 - 0.00 B
2015-12-09 21:28:20.087+0000 INFO  [o.n.k.i.DiagnosticsManager]   neostore.relationshiptypestore.db.id: 2015-12-09T15:28:18-0600 - 9.00 B
2015-12-09 21:28:20.089+0000 INFO  [o.n.k.i.DiagnosticsManager]   neostore.relationshiptypestore.db.names: 2015-12-09T15:28:18-0600 - 8.00 kB
2015-12-09 21:28:20.092+0000 INFO  [o.n.k.i.DiagnosticsManager]   neostore.relationshiptypestore.db.names.id: 2015-12-09T15:28:18-0600 - 9.00 B
2015-12-09 21:28:20.095+0000 INFO  [o.n.k.i.DiagnosticsManager]   neostore.schemastore.db: 2015-12-09T15:28:19-0600 - 8.00 kB
2015-12-09 21:28:20.097+0000 INFO  [o.n.k.i.DiagnosticsManager]   neostore.schemastore.db.id: 2015-12-09T15:28:19-0600 - 9.00 B
2015-12-09 21:28:20.100+0000 INFO  [o.n.k.i.DiagnosticsManager]   neostore.transaction.db.0: 2015-12-09T15:28:19-0600 - 16.00 B
2015-12-09 21:28:20.102+0000 INFO  [o.n.k.i.DiagnosticsManager]   schema:
2015-12-09 21:28:20.105+0000 INFO  [o.n.k.i.DiagnosticsManager]     label:
2015-12-09 21:28:20.108+0000 INFO  [o.n.k.i.DiagnosticsManager]       lucene:
2015-12-09 21:28:20.110+0000 INFO  [o.n.k.i.DiagnosticsManager]         write.lock: 2015-12-09T15:28:19-0600 - 0.00 B
2015-12-09 21:28:20.112+0000 INFO  [o.n.k.i.DiagnosticsManager]       - Total: 2015-12-09T15:28:19-0600 - 0.00 B
2015-12-09 21:28:20.115+0000 INFO  [o.n.k.i.DiagnosticsManager]     - Total: 2015-12-09T15:28:19-0600 - 0.00 B
2015-12-09 21:28:20.117+0000 INFO  [o.n.k.i.DiagnosticsManager]   - Total: 2015-12-09T15:28:19-0600 - 0.00 B
2015-12-09 21:28:20.120+0000 INFO  [o.n.k.i.DiagnosticsManager]   store_lock: 2015-12-09T15:28:16-0600 - 0.00 B
2015-12-09 21:28:20.123+0000 INFO  [o.n.k.i.DiagnosticsManager] --- STARTED diagnostics for KernelDiagnostics:StoreFiles END ---
2015-12-09 21:28:20.135+0000 INFO  [o.n.k.i.DiagnosticsManager] --- SERVER STARTED START ---
2015-12-09 21:28:20.858+0000 INFO  [o.n.k.i.DiagnosticsManager] --- SERVER STARTED END ---
2015-12-09 21:29:20.915+0000 WARN  [o.n.k.i.c.MonitorGc] GC Monitor: Application threads blocked for 292ms.
2015-12-09 21:32:57.726+0000 INFO  [o.n.k.i.f.GraphDatabaseFacade] Shutdown started
2015-12-09 21:32:57.773+0000 INFO  [o.n.k.i.f.CommunityFacadeFactory] Database is now unavailable
2015-12-09 21:32:57.833+0000 INFO  [o.n.k.i.s.c.CountsTracker] About to rotate counts store at transaction 4108 to [C:\561\2000\2000D2\neostore.counts.db.b], from [C:\561\2000\2000D2\neostore.counts.db.a].
2015-12-09 21:32:57.839+0000 INFO  [o.n.k.i.s.c.CountsTracker] Successfully rotated counts store at transaction 4108 to [C:\561\2000\2000D2\neostore.counts.db.b], from [C:\561\2000\2000D2\neostore.counts.db.a].
2015-12-09 21:32:57.993+0000 INFO  [o.n.k.i.t.l.c.CheckPointerImpl] Check Pointing triggered by database shutdown [4108]:  Starting check pointing...
2015-12-09 21:32:57.999+0000 INFO  [o.n.k.i.t.l.c.CheckPointerImpl] Check Pointing triggered by database shutdown [4108]:  Starting store flush...
2015-12-09 21:32:58.025+0000 INFO  [o.n.k.i.t.l.c.CheckPointerImpl] Check Pointing triggered by database shutdown [4108]:  Store flush completed
2015-12-09 21:32:58.031+0000 INFO  [o.n.k.i.t.l.c.CheckPointerImpl] Check Pointing triggered by database shutdown [4108]:  Starting appending check point entry into the tx log...
2015-12-09 21:32:58.217+0000 INFO  [o.n.k.i.t.l.c.CheckPointerImpl] Check Pointing triggered by database shutdown [4108]:  Appending check point entry into the tx log completed
2015-12-09 21:32:58.224+0000 INFO  [o.n.k.i.t.l.c.CheckPointerImpl] Check Pointing triggered by database shutdown [4108]:  Check pointing completed
2015-12-09 21:32:58.230+0000 INFO  [o.n.k.i.t.l.p.LogPruningImpl] Log Rotation [0]:  Starting log pruning.
2015-12-09 21:32:58.239+0000 INFO  [o.n.k.i.t.l.p.LogPruningImpl] Log Rotation [0]:  Log pruning complete.
2015-12-09 21:33:00.026+0000 INFO  [o.n.k.NeoStoreDataSource] NeoStores closed
2015-12-09 21:33:00.028+0000 INFO  [o.n.k.i.DiagnosticsManager] --- STOPPING diagnostics START ---
2015-12-09 21:33:00.028+0000 INFO  [o.n.k.i.DiagnosticsManager] --- STOPPING diagnostics END ---
2015-12-10 21:54:42.960+0000 INFO  [o.n.k.i.f.CommunityFacadeFactory] No locking implementation specified, defaulting to 'community'
2015-12-10 21:54:42.980+0000 INFO  [o.n.k.AvailabilityGuard] Requirement makes database unavailable: Database available
2015-12-10 21:54:42.983+0000 INFO  [o.n.k.i.DiagnosticsManager] --- INITIALIZED diagnostics START ---
2015-12-10 21:54:42.983+0000 INFO  [o.n.k.i.DiagnosticsManager] Neo4j Kernel properties:
2015-12-10 21:54:42.983+0000 INFO  [o.n.k.i.DiagnosticsManager] org.neo4j.server.db.tuning.properties=C:\561\2000\2000D2\neo4j.properties
2015-12-10 21:54:42.983+0000 INFO  [o.n.k.i.DiagnosticsManager] org.neo4j.server.database.location=C:\561\2000\2000D2
2015-12-10 21:54:42.983+0000 INFO  [o.n.k.i.DiagnosticsManager] dbms.querylog.filename=data/log/queries.log
2015-12-10 21:54:42.983+0000 INFO  [o.n.k.i.DiagnosticsManager] dbms.security.auth_store.location=C:\561\2000\2000D2\.\dbms\auth
2015-12-10 21:54:42.983+0000 INFO  [o.n.k.i.DiagnosticsManager] dbms.security.tls_certificate_file=C:\561\2000\2000D2\.\dbms\ssl\snakeoil.cert
2015-12-10 21:54:42.983+0000 INFO  [o.n.k.i.DiagnosticsManager] remote_shell_enabled=true
2015-12-10 21:54:42.983+0000 INFO  [o.n.k.i.DiagnosticsManager] edition=Community
2015-12-10 21:54:42.983+0000 INFO  [o.n.k.i.DiagnosticsManager] dbms.security.tls_key_file=C:\561\2000\2000D2\.\dbms\ssl\snakeoil.key
2015-12-10 21:54:42.983+0000 INFO  [o.n.k.i.DiagnosticsManager] Diagnostics providers:
2015-12-10 21:54:42.983+0000 INFO  [o.n.k.i.DiagnosticsManager] org.neo4j.kernel.configuration.Config
2015-12-10 21:54:42.983+0000 INFO  [o.n.k.i.DiagnosticsManager] org.neo4j.kernel.info.DiagnosticsManager
2015-12-10 21:54:42.983+0000 INFO  [o.n.k.i.DiagnosticsManager] SYSTEM_MEMORY
2015-12-10 21:54:42.983+0000 INFO  [o.n.k.i.DiagnosticsManager] JAVA_MEMORY
2015-12-10 21:54:42.983+0000 INFO  [o.n.k.i.DiagnosticsManager] OPERATING_SYSTEM
2015-12-10 21:54:42.983+0000 INFO  [o.n.k.i.DiagnosticsManager] JAVA_VIRTUAL_MACHINE
2015-12-10 21:54:42.983+0000 INFO  [o.n.k.i.DiagnosticsManager] CLASSPATH
2015-12-10 21:54:42.983+0000 INFO  [o.n.k.i.DiagnosticsManager] LIBRARY_PATH
2015-12-10 21:54:42.983+0000 INFO  [o.n.k.i.DiagnosticsManager] SYSTEM_PROPERTIES
2015-12-10 21:54:42.983+0000 INFO  [o.n.k.i.DiagnosticsManager] NETWORK
2015-12-10 21:54:42.983+0000 INFO  [o.n.k.i.DiagnosticsManager] System memory information:
2015-12-10 21:54:42.983+0000 INFO  [o.n.k.i.DiagnosticsManager] Total Physical memory: 3.93 GB
2015-12-10 21:54:42.983+0000 INFO  [o.n.k.i.DiagnosticsManager] Free Physical memory: 1.99 GB
2015-12-10 21:54:42.983+0000 INFO  [o.n.k.i.DiagnosticsManager] Committed virtual memory: 388.57 MB
2015-12-10 21:54:42.983+0000 INFO  [o.n.k.i.DiagnosticsManager] Total swap space: 5.66 GB
2015-12-10 21:54:42.983+0000 INFO  [o.n.k.i.DiagnosticsManager] Free swap space: 1.80 GB
2015-12-10 21:54:42.983+0000 INFO  [o.n.k.i.DiagnosticsManager] JVM memory information:
2015-12-10 21:54:42.983+0000 INFO  [o.n.k.i.DiagnosticsManager] Free  memory: 37.98 MB
2015-12-10 21:54:42.984+0000 INFO  [o.n.k.i.DiagnosticsManager] Total memory: 88.50 MB
2015-12-10 21:54:42.984+0000 INFO  [o.n.k.i.DiagnosticsManager] Max   memory: 894.50 MB
2015-12-10 21:54:42.984+0000 INFO  [o.n.k.i.DiagnosticsManager] Garbage Collector: PS Scavenge: [PS Eden Space, PS Survivor Space]
2015-12-10 21:54:42.984+0000 INFO  [o.n.k.i.DiagnosticsManager] Garbage Collector: PS MarkSweep: [PS Eden Space, PS Survivor Space, PS Old Gen, PS Perm Gen]
2015-12-10 21:54:42.984+0000 INFO  [o.n.k.i.DiagnosticsManager] Memory Pool: Code Cache (Non-heap memory): committed=13.31 MB, used=12.24 MB, max=48.00 MB, threshold=0.00 B
2015-12-10 21:54:42.984+0000 INFO  [o.n.k.i.DiagnosticsManager] Memory Pool: PS Eden Space (Heap memory): committed=20.00 MB, used=5.95 MB, max=334.50 MB, threshold=?
2015-12-10 21:54:42.984+0000 INFO  [o.n.k.i.DiagnosticsManager] Memory Pool: PS Survivor Space (Heap memory): committed=512.00 kB, used=0.00 B, max=512.00 kB, threshold=?
2015-12-10 21:54:42.984+0000 INFO  [o.n.k.i.DiagnosticsManager] Memory Pool: PS Old Gen (Heap memory): committed=68.00 MB, used=44.57 MB, max=670.50 MB, threshold=0.00 B
2015-12-10 21:54:42.984+0000 INFO  [o.n.k.i.DiagnosticsManager] Memory Pool: PS Perm Gen (Non-heap memory): committed=70.00 MB, used=68.57 MB, max=82.00 MB, threshold=0.00 B
2015-12-10 21:54:42.984+0000 INFO  [o.n.k.i.DiagnosticsManager] Operating system information:
2015-12-10 21:54:42.984+0000 INFO  [o.n.k.i.DiagnosticsManager] Operating System: Windows 8.1; version: 6.3; arch: amd64; cpus: 8
2015-12-10 21:54:42.985+0000 INFO  [o.n.k.i.DiagnosticsManager] Process id: 3784@ATAN-B03-02
2015-12-10 21:54:42.985+0000 INFO  [o.n.k.i.DiagnosticsManager] Byte order: LITTLE_ENDIAN
2015-12-10 21:54:42.985+0000 INFO  [o.n.k.i.DiagnosticsManager] Local timezone: America/Chicago
2015-12-10 21:54:42.985+0000 INFO  [o.n.k.i.DiagnosticsManager] JVM information:
2015-12-10 21:54:42.985+0000 INFO  [o.n.k.i.DiagnosticsManager] VM Name: Java HotSpot(TM) 64-Bit Server VM
2015-12-10 21:54:42.985+0000 INFO  [o.n.k.i.DiagnosticsManager] VM Vendor: Oracle Corporation
2015-12-10 21:54:42.985+0000 INFO  [o.n.k.i.DiagnosticsManager] VM Version: 24.80-b11
2015-12-10 21:54:42.985+0000 INFO  [o.n.k.i.DiagnosticsManager] JIT compiler: HotSpot 64-Bit Tiered Compilers
2015-12-10 21:54:42.985+0000 INFO  [o.n.k.i.DiagnosticsManager] VM Arguments: [-Dexe4j.semaphoreName=Local\c:_program_files_neo4j_ce_2.3.1_bin_neo4j-ce.exe, -Dexe4j.isInstall4j=true, -Dexe4j.moduleName=C:\Program Files\Neo4j CE 2.3.1\bin\neo4j-ce.exe, -Dexe4j.tempDir=, -Dexe4j.unextractedPosition=0, -Djava.library.path=C:\Program Files (x86)\AMD APP\bin\x86_64;C:\Program Files (x86)\AMD APP\bin\x86;C:\ProgramData\Oracle\Java\javapath;C:\Windows\system32;C:\Windows;C:\Windows\System32\Wbem;C:\Windows\System32\WindowsPowerShell\v1.0\;C:\Program Files (x86)\MiKTeX 2.9\miktex\bin\;C:\Program Files\TortoiseSVN\bin;C:\Windows\system32\config\systemprofile\.dnx\bin;C:\Program Files\Microsoft DNX\Dnvm\;C:\Program Files\MATLAB\R2015b\runtime\win64;C:\Program Files\MATLAB\R2015b\bin;C:\Program Files (x86)\ATI Technologies\ATI.ACE\Core-Static;c:\program files\neo4j ce 2.3.1\jre\bin, -Dexe4j.consoleCodepage=cp0, -Dinstall4j.launcherId=24, -Dinstall4j.swt=false]
2015-12-10 21:54:42.985+0000 INFO  [o.n.k.i.DiagnosticsManager] Java classpath:
2015-12-10 21:54:42.987+0000 INFO  [o.n.k.i.DiagnosticsManager]  [loader.1] file:/C:/Program%20Files/Neo4j%20CE%202.3.1/jre/lib/ext/dnsns.jar
2015-12-10 21:54:42.987+0000 INFO  [o.n.k.i.DiagnosticsManager]  [loader.0] file:/C:/Program%20Files/Neo4j%20CE%202.3.1/bin/
2015-12-10 21:54:42.987+0000 INFO  [o.n.k.i.DiagnosticsManager]  [bootstrap] C:\Program Files\Neo4j CE 2.3.1\jre\lib\resources.jar
2015-12-10 21:54:42.987+0000 INFO  [o.n.k.i.DiagnosticsManager]  [bootstrap] C:\Program Files\Neo4j CE 2.3.1\jre\lib\jfr.jar
2015-12-10 21:54:42.987+0000 INFO  [o.n.k.i.DiagnosticsManager]  [classpath] C:\Program Files\Neo4j CE 2.3.1\.install4j\i4jruntime.jar
2015-12-10 21:54:42.987+0000 INFO  [o.n.k.i.DiagnosticsManager]  [loader.1] file:/C:/Program%20Files/Neo4j%20CE%202.3.1/jre/lib/ext/sunmscapi.jar
2015-12-10 21:54:42.987+0000 INFO  [o.n.k.i.DiagnosticsManager]  [bootstrap] C:\Program Files\Neo4j CE 2.3.1\jre\lib\jsse.jar
2015-12-10 21:54:42.987+0000 INFO  [o.n.k.i.DiagnosticsManager]  [loader.1] file:/C:/Program%20Files/Neo4j%20CE%202.3.1/jre/lib/ext/dns_sd.jar
2015-12-10 21:54:42.987+0000 INFO  [o.n.k.i.DiagnosticsManager]  [loader.0] file:/C:/Program%20Files/Neo4j%20CE%202.3.1/.install4j/i4jruntime.jar
2015-12-10 21:54:42.987+0000 INFO  [o.n.k.i.DiagnosticsManager]  [loader.0] file:/C:/Program%20Files/Neo4j%20CE%202.3.1/bin/neo4j-desktop-2.3.1.jar
2015-12-10 21:54:42.987+0000 INFO  [o.n.k.i.DiagnosticsManager]  [loader.1] file:/C:/Program%20Files/Neo4j%20CE%202.3.1/jre/lib/ext/access-bridge-64.jar
2015-12-10 21:54:42.987+0000 INFO  [o.n.k.i.DiagnosticsManager]  [loader.1] file:/C:/Program%20Files/Neo4j%20CE%202.3.1/jre/lib/ext/localedata.jar
2015-12-10 21:54:42.987+0000 INFO  [o.n.k.i.DiagnosticsManager]  [bootstrap] C:\Program Files\Neo4j CE 2.3.1\jre\lib\sunrsasign.jar
2015-12-10 21:54:42.987+0000 INFO  [o.n.k.i.DiagnosticsManager]  [bootstrap] C:\Program Files\Neo4j CE 2.3.1\jre\lib\jce.jar
2015-12-10 21:54:42.987+0000 INFO  [o.n.k.i.DiagnosticsManager]  [bootstrap] C:\Program Files\Neo4j CE 2.3.1\jre\lib\rt.jar
2015-12-10 21:54:42.987+0000 INFO  [o.n.k.i.DiagnosticsManager]  [bootstrap] C:\Program Files\Neo4j CE 2.3.1\jre\lib\charsets.jar
2015-12-10 21:54:42.987+0000 INFO  [o.n.k.i.DiagnosticsManager]  [loader.1] file:/C:/Program%20Files/Neo4j%20CE%202.3.1/jre/lib/ext/sunjce_provider.jar
2015-12-10 21:54:42.987+0000 INFO  [o.n.k.i.DiagnosticsManager]  [bootstrap] C:\Program Files\Neo4j CE 2.3.1\jre\classes
2015-12-10 21:54:42.987+0000 INFO  [o.n.k.i.DiagnosticsManager]  [loader.1] file:/C:/Program%20Files/Neo4j%20CE%202.3.1/jre/lib/ext/zipfs.jar
2015-12-10 21:54:42.987+0000 INFO  [o.n.k.i.DiagnosticsManager]  [loader.1] file:/C:/Program%20Files/Neo4j%20CE%202.3.1/jre/lib/ext/jaccess.jar
2015-12-10 21:54:42.987+0000 INFO  [o.n.k.i.DiagnosticsManager]  [loader.1] file:/C:/Program%20Files/Neo4j%20CE%202.3.1/jre/lib/ext/sunec.jar
2015-12-10 21:54:42.987+0000 INFO  [o.n.k.i.DiagnosticsManager]  [classpath] C:\Program Files\Neo4j CE 2.3.1\bin\neo4j-desktop-2.3.1.jar
2015-12-10 21:54:42.987+0000 INFO  [o.n.k.i.DiagnosticsManager] Library path:
2015-12-10 21:54:42.987+0000 INFO  [o.n.k.i.DiagnosticsManager] C:\Program Files (x86)\AMD APP\bin\x86_64
2015-12-10 21:54:42.987+0000 INFO  [o.n.k.i.DiagnosticsManager] C:\Program Files (x86)\AMD APP\bin\x86
2015-12-10 21:54:42.988+0000 INFO  [o.n.k.i.DiagnosticsManager] C:\ProgramData\Oracle\Java\javapath
2015-12-10 21:54:42.988+0000 INFO  [o.n.k.i.DiagnosticsManager] C:\Windows\System32
2015-12-10 21:54:42.988+0000 INFO  [o.n.k.i.DiagnosticsManager] C:\Windows
2015-12-10 21:54:42.988+0000 INFO  [o.n.k.i.DiagnosticsManager] C:\Windows\System32\wbem
2015-12-10 21:54:42.988+0000 INFO  [o.n.k.i.DiagnosticsManager] C:\Windows\System32\WindowsPowerShell\v1.0
2015-12-10 21:54:42.988+0000 INFO  [o.n.k.i.DiagnosticsManager] C:\Program Files (x86)\MiKTeX 2.9\miktex\bin
2015-12-10 21:54:42.989+0000 INFO  [o.n.k.i.DiagnosticsManager] C:\Program Files\TortoiseSVN\bin
2015-12-10 21:54:42.989+0000 INFO  [o.n.k.i.DiagnosticsManager] C:\Windows\System32\config\systemprofile\.dnx\bin
2015-12-10 21:54:42.989+0000 INFO  [o.n.k.i.DiagnosticsManager] C:\Program Files\Microsoft DNX\Dnvm
2015-12-10 21:54:42.989+0000 INFO  [o.n.k.i.DiagnosticsManager] C:\Program Files\MATLAB\R2015b\runtime\win64
2015-12-10 21:54:42.989+0000 INFO  [o.n.k.i.DiagnosticsManager] C:\Program Files\MATLAB\R2015b\bin
2015-12-10 21:54:42.990+0000 INFO  [o.n.k.i.DiagnosticsManager] C:\Program Files (x86)\ATI Technologies\ATI.ACE\Core-Static
2015-12-10 21:54:42.990+0000 INFO  [o.n.k.i.DiagnosticsManager] C:\Program Files\Neo4j CE 2.3.1\jre\bin
2015-12-10 21:54:42.990+0000 INFO  [o.n.k.i.DiagnosticsManager] System.properties:
2015-12-10 21:54:42.990+0000 INFO  [o.n.k.i.DiagnosticsManager] exe4j.moduleName = C:\Program Files\Neo4j CE 2.3.1\bin\neo4j-ce.exe
2015-12-10 21:54:42.990+0000 INFO  [o.n.k.i.DiagnosticsManager] exe4j.semaphoreName = Local\c:_program_files_neo4j_ce_2.3.1_bin_neo4j-ce.exe
2015-12-10 21:54:42.990+0000 INFO  [o.n.k.i.DiagnosticsManager] sun.boot.library.path = c:\program files\neo4j ce 2.3.1\jre\bin
2015-12-10 21:54:42.990+0000 INFO  [o.n.k.i.DiagnosticsManager] exe4j.consoleCodepage = cp0
2015-12-10 21:54:42.990+0000 INFO  [o.n.k.i.DiagnosticsManager] path.separator = ;
2015-12-10 21:54:42.990+0000 INFO  [o.n.k.i.DiagnosticsManager] file.encoding.pkg = sun.io
2015-12-10 21:54:42.990+0000 INFO  [o.n.k.i.DiagnosticsManager] user.country = US
2015-12-10 21:54:42.990+0000 INFO  [o.n.k.i.DiagnosticsManager] user.script = 
2015-12-10 21:54:42.990+0000 INFO  [o.n.k.i.DiagnosticsManager] sun.os.patch.level = 
2015-12-10 21:54:42.990+0000 INFO  [o.n.k.i.DiagnosticsManager] install4j.exeDir = C:\Program Files\Neo4j CE 2.3.1\bin\
2015-12-10 21:54:42.990+0000 INFO  [o.n.k.i.DiagnosticsManager] user.dir = C:\Program Files\Neo4j CE 2.3.1\bin
2015-12-10 21:54:42.990+0000 INFO  [o.n.k.i.DiagnosticsManager] neo4j.ext.udc.source = desktop
2015-12-10 21:54:42.990+0000 INFO  [o.n.k.i.DiagnosticsManager] user.variant = 
2015-12-10 21:54:42.990+0000 INFO  [o.n.k.i.DiagnosticsManager] exe4j.tempDir = 
2015-12-10 21:54:42.990+0000 INFO  [o.n.k.i.DiagnosticsManager] sun.jnu.encoding = Cp1252
2015-12-10 21:54:42.990+0000 INFO  [o.n.k.i.DiagnosticsManager] sun.awt.enableExtraMouseButtons = true
2015-12-10 21:54:42.990+0000 INFO  [o.n.k.i.DiagnosticsManager] install4j.launcherId = 24
2015-12-10 21:54:42.990+0000 INFO  [o.n.k.i.DiagnosticsManager] sun.management.compiler = HotSpot 64-Bit Tiered Compilers
2015-12-10 21:54:42.990+0000 INFO  [o.n.k.i.DiagnosticsManager] exe4j.isInstall4j = true
2015-12-10 21:54:42.990+0000 INFO  [o.n.k.i.DiagnosticsManager] install4j.swt = false
2015-12-10 21:54:42.990+0000 INFO  [o.n.k.i.DiagnosticsManager] user.home = C:\Users\cez
2015-12-10 21:54:42.990+0000 INFO  [o.n.k.i.DiagnosticsManager] user.timezone = America/Chicago
2015-12-10 21:54:42.990+0000 INFO  [o.n.k.i.DiagnosticsManager] file.encoding = Cp1252
2015-12-10 21:54:42.990+0000 INFO  [o.n.k.i.DiagnosticsManager] user.name = cez
2015-12-10 21:54:42.990+0000 INFO  [o.n.k.i.DiagnosticsManager] sun.java.command = C:\Program Files\Neo4j CE 2.3.1\bin\neo4j-ce.exe
2015-12-10 21:54:42.990+0000 INFO  [o.n.k.i.DiagnosticsManager] sun.arch.data.model = 64
2015-12-10 21:54:42.990+0000 INFO  [o.n.k.i.DiagnosticsManager] exe4j.launchName = C:\Program Files\Neo4j CE 2.3.1\bin\neo4j-ce.exe
2015-12-10 21:54:42.990+0000 INFO  [o.n.k.i.DiagnosticsManager] user.language = en
2015-12-10 21:54:42.990+0000 INFO  [o.n.k.i.DiagnosticsManager] awt.toolkit = sun.awt.windows.WToolkit
2015-12-10 21:54:42.990+0000 INFO  [o.n.k.i.DiagnosticsManager] exe4j.unextractedPosition = 0
2015-12-10 21:54:42.990+0000 INFO  [o.n.k.i.DiagnosticsManager] install4j.appDir = C:\Program Files\Neo4j CE 2.3.1\
2015-12-10 21:54:42.990+0000 INFO  [o.n.k.i.DiagnosticsManager] file.separator = \
2015-12-10 21:54:42.990+0000 INFO  [o.n.k.i.DiagnosticsManager] sun.io.unicode.encoding = UnicodeLittle
2015-12-10 21:54:42.990+0000 INFO  [o.n.k.i.DiagnosticsManager] sun.cpu.endian = little
2015-12-10 21:54:42.990+0000 INFO  [o.n.k.i.DiagnosticsManager] sun.desktop = windows
2015-12-10 21:54:42.990+0000 INFO  [o.n.k.i.DiagnosticsManager] sun.cpu.isalist = amd64
2015-12-10 21:54:42.990+0000 INFO  [o.n.k.i.DiagnosticsManager] Network information:
2015-12-10 21:54:43.003+0000 INFO  [o.n.k.i.DiagnosticsManager] Interface Software Loopback Interface 1:
2015-12-10 21:54:43.003+0000 INFO  [o.n.k.i.DiagnosticsManager]     address: 127.0.0.1
2015-12-10 21:54:43.003+0000 INFO  [o.n.k.i.DiagnosticsManager]     address: 0:0:0:0:0:0:0:1
2015-12-10 21:54:43.003+0000 INFO  [o.n.k.i.DiagnosticsManager] Interface Microsoft Kernel Debug Network Adapter:
2015-12-10 21:54:43.003+0000 INFO  [o.n.k.i.DiagnosticsManager] Interface Intel(R) 82578DM Gigabit Network Connection:
2015-12-10 21:54:43.003+0000 INFO  [o.n.k.i.DiagnosticsManager]     address: 10.24.47.166
2015-12-10 21:54:43.003+0000 INFO  [o.n.k.i.DiagnosticsManager]     address: 2610:130:101:d00:4493:c16:efa9:8b55
2015-12-10 21:54:43.004+0000 INFO  [o.n.k.i.DiagnosticsManager]     address: 2610:130:101:d00:920:e15d:79eb:345b
2015-12-10 21:54:43.004+0000 INFO  [o.n.k.i.DiagnosticsManager]     address: 2610:130:101:d00:a502:b02c:1a2d:577b
2015-12-10 21:54:43.004+0000 INFO  [o.n.k.i.DiagnosticsManager]     address: fe80:0:0:0:4493:c16:efa9:8b55%3
2015-12-10 21:54:43.004+0000 INFO  [o.n.k.i.DiagnosticsManager] Interface Microsoft ISATAP Adapter:
2015-12-10 21:54:43.004+0000 INFO  [o.n.k.i.DiagnosticsManager]     address: fe80:0:0:0:0:5efe:c0a8:3801%4
2015-12-10 21:54:43.004+0000 INFO  [o.n.k.i.DiagnosticsManager] Interface Teredo Tunneling Pseudo-Interface:
2015-12-10 21:54:43.004+0000 INFO  [o.n.k.i.DiagnosticsManager] Interface Microsoft ISATAP Adapter #2:
2015-12-10 21:54:43.004+0000 INFO  [o.n.k.i.DiagnosticsManager]     address: fe80:0:0:0:0:5efe:a18:2fa6%6
2015-12-10 21:54:43.004+0000 INFO  [o.n.k.i.DiagnosticsManager] Interface VirtualBox Host-Only Ethernet Adapter:
2015-12-10 21:54:43.004+0000 INFO  [o.n.k.i.DiagnosticsManager]     address: 192.168.56.1
2015-12-10 21:54:43.004+0000 INFO  [o.n.k.i.DiagnosticsManager]     address: fe80:0:0:0:4133:2d33:29c2:6efa%7
2015-12-10 21:54:43.004+0000 INFO  [o.n.k.i.DiagnosticsManager] Interface Microsoft ISATAP Adapter #3:
2015-12-10 21:54:43.004+0000 INFO  [o.n.k.i.DiagnosticsManager] Interface VirtualBox Host-Only Ethernet Adapter-WFP Native MAC Layer LightWeight Filter-0000:
2015-12-10 21:54:43.004+0000 INFO  [o.n.k.i.DiagnosticsManager] Interface VirtualBox Host-Only Ethernet Adapter-VirtualBox NDIS Light-Weight Filter-0000:
2015-12-10 21:54:43.004+0000 INFO  [o.n.k.i.DiagnosticsManager] Interface VirtualBox Host-Only Ethernet Adapter-QoS Packet Scheduler-0000:
2015-12-10 21:54:43.004+0000 INFO  [o.n.k.i.DiagnosticsManager] Interface VirtualBox Host-Only Ethernet Adapter-WFP 802.3 MAC Layer LightWeight Filter-0000:
2015-12-10 21:54:43.004+0000 INFO  [o.n.k.i.DiagnosticsManager] Interface Intel(R) 82578DM Gigabit Network Connection-WFP Native MAC Layer LightWeight Filter-0000:
2015-12-10 21:54:43.004+0000 INFO  [o.n.k.i.DiagnosticsManager] Interface Intel(R) 82578DM Gigabit Network Connection-VirtualBox NDIS Light-Weight Filter-0000:
2015-12-10 21:54:43.004+0000 INFO  [o.n.k.i.DiagnosticsManager] Interface Intel(R) 82578DM Gigabit Network Connection-QoS Packet Scheduler-0000:
2015-12-10 21:54:43.004+0000 INFO  [o.n.k.i.DiagnosticsManager] Interface Intel(R) 82578DM Gigabit Network Connection-WFP 802.3 MAC Layer LightWeight Filter-0000:
2015-12-10 21:54:43.004+0000 INFO  [o.n.k.i.DiagnosticsManager] --- INITIALIZED diagnostics END ---
2015-12-10 21:54:44.273+0000 INFO  [o.n.k.KernelHealth] Kernel health set to OK
2015-12-10 21:54:44.292+0000 INFO  [o.n.k.AvailabilityGuard] Fulfilling of requirement makes database available: Database available
2015-12-10 21:54:44.296+0000 INFO  [o.n.k.i.f.CommunityFacadeFactory] Database is now ready
2015-12-10 21:54:44.299+0000 INFO  [o.n.k.i.DiagnosticsManager] --- STARTED diagnostics for KernelDiagnostics:Versions START ---
2015-12-10 21:54:44.302+0000 INFO  [o.n.k.i.DiagnosticsManager] Graph Database: Community StoreId{creationTime=1449696499647, randomId=312835165913145172, storeVersion=15250506225055238, upgradeTime=1449696499647, upgradeId=1}
2015-12-10 21:54:44.306+0000 INFO  [o.n.k.i.DiagnosticsManager] Kernel version: 2.3.1
2015-12-10 21:54:44.309+0000 INFO  [o.n.k.i.DiagnosticsManager] --- STARTED diagnostics for KernelDiagnostics:Versions END ---
2015-12-10 21:54:44.312+0000 INFO  [o.n.k.i.DiagnosticsManager] --- STARTED diagnostics for NEO_STORE_VERSIONS START ---
2015-12-10 21:54:44.316+0000 INFO  [o.n.k.i.DiagnosticsManager] Store versions:
2015-12-10 21:54:44.319+0000 INFO  [o.n.k.i.DiagnosticsManager] Store versions:
2015-12-10 21:54:44.322+0000 INFO  [o.n.k.i.DiagnosticsManager] ArrayPropertyStore v0.A.6
2015-12-10 21:54:44.326+0000 INFO  [o.n.k.i.DiagnosticsManager] NodeStore v0.A.6
2015-12-10 21:54:44.329+0000 INFO  [o.n.k.i.DiagnosticsManager] StringPropertyStore v0.A.6
2015-12-10 21:54:44.331+0000 INFO  [o.n.k.i.DiagnosticsManager] PropertyIndexStore v0.A.6
2015-12-10 21:54:44.333+0000 INFO  [o.n.k.i.DiagnosticsManager] StringPropertyStore v0.A.6
2015-12-10 21:54:44.335+0000 INFO  [o.n.k.i.DiagnosticsManager] ArrayPropertyStore v0.A.6
2015-12-10 21:54:44.338+0000 INFO  [o.n.k.i.DiagnosticsManager] PropertyStore v0.A.6
2015-12-10 21:54:44.340+0000 INFO  [o.n.k.i.DiagnosticsManager] RelationshipStore v0.A.6
2015-12-10 21:54:44.342+0000 INFO  [o.n.k.i.DiagnosticsManager] StringPropertyStore v0.A.6
2015-12-10 21:54:44.344+0000 INFO  [o.n.k.i.DiagnosticsManager] RelationshipTypeStore v0.A.6
2015-12-10 21:54:44.346+0000 INFO  [o.n.k.i.DiagnosticsManager] StringPropertyStore v0.A.6
2015-12-10 21:54:44.349+0000 INFO  [o.n.k.i.DiagnosticsManager] LabelTokenStore v0.A.6
2015-12-10 21:54:44.351+0000 INFO  [o.n.k.i.DiagnosticsManager] SchemaStore v0.A.6
2015-12-10 21:54:44.353+0000 INFO  [o.n.k.i.DiagnosticsManager] RelationshipGroupStore v0.A.6
2015-12-10 21:54:44.355+0000 INFO  [o.n.k.i.DiagnosticsManager] NeoStore v0.A.6
2015-12-10 21:54:44.357+0000 INFO  [o.n.k.i.DiagnosticsManager] --- STARTED diagnostics for NEO_STORE_VERSIONS END ---
2015-12-10 21:54:44.360+0000 INFO  [o.n.k.i.DiagnosticsManager] --- STARTED diagnostics for NEO_STORE_ID_USAGE START ---
2015-12-10 21:54:44.362+0000 INFO  [o.n.k.i.DiagnosticsManager] Id usage:
2015-12-10 21:54:44.364+0000 INFO  [o.n.k.i.DiagnosticsManager] Id usage:
2015-12-10 21:54:44.367+0000 INFO  [o.n.k.i.DiagnosticsManager]   ArrayPropertyStore v0.A.6: used=1 high=0
2015-12-10 21:54:44.369+0000 INFO  [o.n.k.i.DiagnosticsManager]   NodeStore v0.A.6: used=2100 high=2099
2015-12-10 21:54:44.371+0000 INFO  [o.n.k.i.DiagnosticsManager]   StringPropertyStore v0.A.6: used=5 high=4
2015-12-10 21:54:44.373+0000 INFO  [o.n.k.i.DiagnosticsManager]   PropertyIndexStore v0.A.6: used=4 high=3
2015-12-10 21:54:44.375+0000 INFO  [o.n.k.i.DiagnosticsManager]   StringPropertyStore v0.A.6: used=1 high=0
2015-12-10 21:54:44.377+0000 INFO  [o.n.k.i.DiagnosticsManager]   ArrayPropertyStore v0.A.6: used=1 high=0
2015-12-10 21:54:44.380+0000 INFO  [o.n.k.i.DiagnosticsManager]   PropertyStore v0.A.6: used=3120 high=3119
2015-12-10 21:54:44.382+0000 INFO  [o.n.k.i.DiagnosticsManager]   RelationshipStore v0.A.6: used=2000 high=1999
2015-12-10 21:54:44.384+0000 INFO  [o.n.k.i.DiagnosticsManager]   StringPropertyStore v0.A.6: used=2 high=1
2015-12-10 21:54:44.386+0000 INFO  [o.n.k.i.DiagnosticsManager]   RelationshipTypeStore v0.A.6: used=1 high=0
2015-12-10 21:54:44.388+0000 INFO  [o.n.k.i.DiagnosticsManager]   StringPropertyStore v0.A.6: used=3 high=2
2015-12-10 21:54:44.391+0000 INFO  [o.n.k.i.DiagnosticsManager]   LabelTokenStore v0.A.6: used=2 high=1
2015-12-10 21:54:44.393+0000 INFO  [o.n.k.i.DiagnosticsManager]   SchemaStore v0.A.6: used=1 high=0
2015-12-10 21:54:44.395+0000 INFO  [o.n.k.i.DiagnosticsManager]   RelationshipGroupStore v0.A.6: used=1 high=0
2015-12-10 21:54:44.397+0000 INFO  [o.n.k.i.DiagnosticsManager]   NeoStore v0.A.6: used=13 high=12
2015-12-10 21:54:44.399+0000 INFO  [o.n.k.i.DiagnosticsManager] --- STARTED diagnostics for NEO_STORE_ID_USAGE END ---
2015-12-10 21:54:44.401+0000 INFO  [o.n.k.i.DiagnosticsManager] --- STARTED diagnostics for NEO_STORE_RECORDS START ---
2015-12-10 21:54:44.403+0000 INFO  [o.n.k.i.DiagnosticsManager] Neostore records:
2015-12-10 21:54:44.405+0000 INFO  [o.n.k.i.DiagnosticsManager] TIME (Creation time): 1449696499647
2015-12-10 21:54:44.407+0000 INFO  [o.n.k.i.DiagnosticsManager] RANDOM_NUMBER (Random number for store id): 312835165913145172
2015-12-10 21:54:44.409+0000 INFO  [o.n.k.i.DiagnosticsManager] LOG_VERSION (Current log version): 0
2015-12-10 21:54:44.412+0000 INFO  [o.n.k.i.DiagnosticsManager] LAST_TRANSACTION_ID (Last committed transaction): 4108
2015-12-10 21:54:44.414+0000 INFO  [o.n.k.i.DiagnosticsManager] STORE_VERSION (Store format version): 15250506225055238
2015-12-10 21:54:44.416+0000 INFO  [o.n.k.i.DiagnosticsManager] FIRST_GRAPH_PROPERTY (First property record containing graph properties): -1
2015-12-10 21:54:44.418+0000 INFO  [o.n.k.i.DiagnosticsManager] LAST_CONSTRAINT_TRANSACTION (Last committed transaction containing constraint changes): 0
2015-12-10 21:54:44.420+0000 INFO  [o.n.k.i.DiagnosticsManager] UPGRADE_TRANSACTION_ID (Transaction id most recent upgrade was performed at): 1
2015-12-10 21:54:44.422+0000 INFO  [o.n.k.i.DiagnosticsManager] UPGRADE_TIME (Time of last upgrade): 1449696499647
2015-12-10 21:54:44.424+0000 INFO  [o.n.k.i.DiagnosticsManager] LAST_TRANSACTION_CHECKSUM (Checksum of last committed transaction): -162957951479
2015-12-10 21:54:44.426+0000 INFO  [o.n.k.i.DiagnosticsManager] UPGRADE_TRANSACTION_CHECKSUM (Checksum of transaction id the most recent upgrade was performed at): 0
2015-12-10 21:54:44.428+0000 INFO  [o.n.k.i.DiagnosticsManager] LAST_CLOSED_TRANSACTION_LOG_VERSION (Log version where the last transaction commit entry has been written into): 0
2015-12-10 21:54:44.431+0000 INFO  [o.n.k.i.DiagnosticsManager] LAST_CLOSED_TRANSACTION_LOG_BYTE_OFFSET (Byte offset in the log file where the last transaction commit entry has been written into): 1559695
2015-12-10 21:54:44.433+0000 INFO  [o.n.k.i.DiagnosticsManager] --- STARTED diagnostics for NEO_STORE_RECORDS END ---
2015-12-10 21:54:44.435+0000 INFO  [o.n.k.i.DiagnosticsManager] --- STARTED diagnostics for TRANSACTION_RANGE START ---
2015-12-10 21:54:44.437+0000 INFO  [o.n.k.i.DiagnosticsManager] Transaction log:
2015-12-10 21:54:44.440+0000 INFO  [o.n.k.i.DiagnosticsManager] Oldest transaction 2 found in log with version 0
2015-12-10 21:54:44.442+0000 INFO  [o.n.k.i.DiagnosticsManager] --- STARTED diagnostics for TRANSACTION_RANGE END ---
2015-12-10 21:54:44.444+0000 INFO  [o.n.k.i.DiagnosticsManager] --- STARTED diagnostics for KernelDiagnostics:StoreFiles START ---
2015-12-10 21:54:44.447+0000 INFO  [o.n.k.i.DiagnosticsManager] Disk space on partition (Total / Free / Free %): 499738734592 / 397645049856 / 79
Storage files: (filename : modification date - size)
2015-12-10 21:54:44.450+0000 INFO  [o.n.k.i.DiagnosticsManager]   dbms:
2015-12-10 21:54:44.452+0000 INFO  [o.n.k.i.DiagnosticsManager]     auth: 2015-12-09T15:28:20-0600 - 137.00 B
2015-12-10 21:54:44.455+0000 INFO  [o.n.k.i.DiagnosticsManager]     ssl:
2015-12-10 21:54:44.457+0000 INFO  [o.n.k.i.DiagnosticsManager]       snakeoil.cert: 2015-12-09T15:28:16-0600 - 630.00 B
2015-12-10 21:54:44.459+0000 INFO  [o.n.k.i.DiagnosticsManager]       snakeoil.key: 2015-12-09T15:28:16-0600 - 910.00 B
2015-12-10 21:54:44.461+0000 INFO  [o.n.k.i.DiagnosticsManager]     - Total: 2015-12-09T15:28:16-0600 - 1.50 kB
2015-12-10 21:54:44.464+0000 INFO  [o.n.k.i.DiagnosticsManager]   - Total: 2015-12-09T15:28:20-0600 - 1.64 kB
2015-12-10 21:54:44.466+0000 INFO  [o.n.k.i.DiagnosticsManager]   index:
2015-12-10 21:54:44.468+0000 INFO  [o.n.k.i.DiagnosticsManager]   - Total: 2015-12-09T15:28:19-0600 - 0.00 B
2015-12-10 21:54:44.470+0000 INFO  [o.n.k.i.DiagnosticsManager]   messages.log: 2015-12-09T15:33:00-0600 - 60.01 kB
2015-12-10 21:54:44.472+0000 INFO  [o.n.k.i.DiagnosticsManager]   neo4j.properties: 2015-12-09T15:28:16-0600 - 1.30 kB
2015-12-10 21:54:44.474+0000 INFO  [o.n.k.i.DiagnosticsManager]   neostore: 2015-12-09T15:32:57-0600 - 8.00 kB
2015-12-10 21:54:44.477+0000 INFO  [o.n.k.i.DiagnosticsManager]   neostore.counts.db.a: 2015-12-09T15:28:19-0600 - 96.00 B
2015-12-10 21:54:44.479+0000 INFO  [o.n.k.i.DiagnosticsManager]   neostore.counts.db.b: 2015-12-09T15:32:57-0600 - 384.00 B
2015-12-10 21:54:44.481+0000 INFO  [o.n.k.i.DiagnosticsManager]   neostore.id: 2015-12-10T15:54:43-0600 - 9.00 B
2015-12-10 21:54:44.484+0000 INFO  [o.n.k.i.DiagnosticsManager]   neostore.labeltokenstore.db: 2015-12-09T15:32:57-0600 - 8.00 kB
2015-12-10 21:54:44.486+0000 INFO  [o.n.k.i.DiagnosticsManager]   neostore.labeltokenstore.db.id: 2015-12-10T15:54:43-0600 - 9.00 B
2015-12-10 21:54:44.488+0000 INFO  [o.n.k.i.DiagnosticsManager]   neostore.labeltokenstore.db.names: 2015-12-09T15:32:57-0600 - 8.00 kB
2015-12-10 21:54:44.491+0000 INFO  [o.n.k.i.DiagnosticsManager]   neostore.labeltokenstore.db.names.id: 2015-12-10T15:54:43-0600 - 9.00 B
2015-12-10 21:54:44.493+0000 INFO  [o.n.k.i.DiagnosticsManager]   neostore.nodestore.db: 2015-12-09T15:32:57-0600 - 31.99 kB
2015-12-10 21:54:44.495+0000 INFO  [o.n.k.i.DiagnosticsManager]   neostore.nodestore.db.id: 2015-12-10T15:54:43-0600 - 9.00 B
2015-12-10 21:54:44.497+0000 INFO  [o.n.k.i.DiagnosticsManager]   neostore.nodestore.db.labels: 2015-12-09T15:28:17-0600 - 8.00 kB
2015-12-10 21:54:44.500+0000 INFO  [o.n.k.i.DiagnosticsManager]   neostore.nodestore.db.labels.id: 2015-12-10T15:54:43-0600 - 9.00 B
2015-12-10 21:54:44.502+0000 INFO  [o.n.k.i.DiagnosticsManager]   neostore.propertystore.db: 2015-12-09T15:32:57-0600 - 127.48 kB
2015-12-10 21:54:44.504+0000 INFO  [o.n.k.i.DiagnosticsManager]   neostore.propertystore.db.arrays: 2015-12-09T15:28:18-0600 - 8.00 kB
2015-12-10 21:54:44.507+0000 INFO  [o.n.k.i.DiagnosticsManager]   neostore.propertystore.db.arrays.id: 2015-12-10T15:54:43-0600 - 9.00 B
2015-12-10 21:54:44.509+0000 INFO  [o.n.k.i.DiagnosticsManager]   neostore.propertystore.db.id: 2015-12-10T15:54:43-0600 - 9.00 B
2015-12-10 21:54:44.511+0000 INFO  [o.n.k.i.DiagnosticsManager]   neostore.propertystore.db.index: 2015-12-09T15:32:57-0600 - 8.00 kB
2015-12-10 21:54:44.514+0000 INFO  [o.n.k.i.DiagnosticsManager]   neostore.propertystore.db.index.id: 2015-12-10T15:54:43-0600 - 9.00 B
2015-12-10 21:54:44.516+0000 INFO  [o.n.k.i.DiagnosticsManager]   neostore.propertystore.db.index.keys: 2015-12-09T15:32:57-0600 - 8.00 kB
2015-12-10 21:54:44.519+0000 INFO  [o.n.k.i.DiagnosticsManager]   neostore.propertystore.db.index.keys.id: 2015-12-10T15:54:43-0600 - 9.00 B
2015-12-10 21:54:44.521+0000 INFO  [o.n.k.i.DiagnosticsManager]   neostore.propertystore.db.strings: 2015-12-09T15:28:17-0600 - 8.00 kB
2015-12-10 21:54:44.523+0000 INFO  [o.n.k.i.DiagnosticsManager]   neostore.propertystore.db.strings.id: 2015-12-10T15:54:43-0600 - 9.00 B
2015-12-10 21:54:44.526+0000 INFO  [o.n.k.i.DiagnosticsManager]   neostore.relationshipgroupstore.db: 2015-12-09T15:28:19-0600 - 8.00 kB
2015-12-10 21:54:44.528+0000 INFO  [o.n.k.i.DiagnosticsManager]   neostore.relationshipgroupstore.db.id: 2015-12-10T15:54:43-0600 - 9.00 B
2015-12-10 21:54:44.530+0000 INFO  [o.n.k.i.DiagnosticsManager]   neostore.relationshipstore.db: 2015-12-09T15:32:57-0600 - 71.72 kB
2015-12-10 21:54:44.533+0000 INFO  [o.n.k.i.DiagnosticsManager]   neostore.relationshipstore.db.id: 2015-12-10T15:54:43-0600 - 9.00 B
2015-12-10 21:54:44.535+0000 INFO  [o.n.k.i.DiagnosticsManager]   neostore.relationshiptypestore.db: 2015-12-09T15:32:57-0600 - 8.00 kB
2015-12-10 21:54:44.537+0000 INFO  [o.n.k.i.DiagnosticsManager]   neostore.relationshiptypestore.db.id: 2015-12-10T15:54:43-0600 - 9.00 B
2015-12-10 21:54:44.540+0000 INFO  [o.n.k.i.DiagnosticsManager]   neostore.relationshiptypestore.db.names: 2015-12-09T15:32:57-0600 - 8.00 kB
2015-12-10 21:54:44.542+0000 INFO  [o.n.k.i.DiagnosticsManager]   neostore.relationshiptypestore.db.names.id: 2015-12-10T15:54:43-0600 - 9.00 B
2015-12-10 21:54:44.544+0000 INFO  [o.n.k.i.DiagnosticsManager]   neostore.schemastore.db: 2015-12-09T15:28:19-0600 - 8.00 kB
2015-12-10 21:54:44.547+0000 INFO  [o.n.k.i.DiagnosticsManager]   neostore.schemastore.db.id: 2015-12-10T15:54:43-0600 - 9.00 B
2015-12-10 21:54:44.549+0000 INFO  [o.n.k.i.DiagnosticsManager]   neostore.transaction.db.0: 2015-12-09T15:32:58-0600 - 1.49 MB
2015-12-10 21:54:44.551+0000 INFO  [o.n.k.i.DiagnosticsManager]   schema:
2015-12-10 21:54:44.553+0000 INFO  [o.n.k.i.DiagnosticsManager]     label:
2015-12-10 21:54:44.555+0000 INFO  [o.n.k.i.DiagnosticsManager]       lucene:
2015-12-10 21:54:44.558+0000 INFO  [o.n.k.i.DiagnosticsManager]         _37r.cfs: 2015-12-09T15:32:12-0600 - 2.10 kB
2015-12-10 21:54:44.560+0000 INFO  [o.n.k.i.DiagnosticsManager]         segments.gen: 2015-12-09T15:32:57-0600 - 20.00 B
2015-12-10 21:54:44.562+0000 INFO  [o.n.k.i.DiagnosticsManager]         segments_1: 2015-12-09T15:32:57-0600 - 258.00 B
2015-12-10 21:54:44.564+0000 INFO  [o.n.k.i.DiagnosticsManager]         write.lock: 2015-12-10T15:54:44-0600 - 0.00 B
2015-12-10 21:54:44.566+0000 INFO  [o.n.k.i.DiagnosticsManager]       - Total: 2015-12-10T15:54:44-0600 - 2.37 kB
2015-12-10 21:54:44.569+0000 INFO  [o.n.k.i.DiagnosticsManager]     - Total: 2015-12-09T15:28:19-0600 - 2.37 kB
2015-12-10 21:54:44.571+0000 INFO  [o.n.k.i.DiagnosticsManager]   - Total: 2015-12-09T15:28:19-0600 - 2.37 kB
2015-12-10 21:54:44.573+0000 INFO  [o.n.k.i.DiagnosticsManager]   store_lock: 2015-12-09T15:28:16-0600 - 0.00 B
2015-12-10 21:54:44.575+0000 INFO  [o.n.k.i.DiagnosticsManager] --- STARTED diagnostics for KernelDiagnostics:StoreFiles END ---
2015-12-10 21:54:44.585+0000 INFO  [o.n.k.i.DiagnosticsManager] --- SERVER STARTED START ---
2015-12-10 21:54:45.245+0000 INFO  [o.n.k.i.DiagnosticsManager] --- SERVER STARTED END ---
2015-12-10 22:21:51.959+0000 INFO  [o.n.k.i.f.GraphDatabaseFacade] Shutdown started
2015-12-10 22:21:51.962+0000 INFO  [o.n.k.i.f.CommunityFacadeFactory] Database is now unavailable
2015-12-10 22:21:51.991+0000 INFO  [o.n.k.i.t.l.c.CheckPointerImpl] Check Pointing triggered by database shutdown [4108]:  Starting check pointing...
2015-12-10 22:21:51.994+0000 INFO  [o.n.k.i.t.l.c.CheckPointerImpl] Check Pointing triggered by database shutdown [4108]:  Starting store flush...
2015-12-10 22:21:52.009+0000 INFO  [o.n.k.i.t.l.c.CheckPointerImpl] Check Pointing triggered by database shutdown [4108]:  Store flush completed
2015-12-10 22:21:52.012+0000 INFO  [o.n.k.i.t.l.c.CheckPointerImpl] Check Pointing triggered by database shutdown [4108]:  Starting appending check point entry into the tx log...
2015-12-10 22:21:52.040+0000 INFO  [o.n.k.i.t.l.c.CheckPointerImpl] Check Pointing triggered by database shutdown [4108]:  Appending check point entry into the tx log completed
2015-12-10 22:21:52.045+0000 INFO  [o.n.k.i.t.l.c.CheckPointerImpl] Check Pointing triggered by database shutdown [4108]:  Check pointing completed
2015-12-10 22:21:52.051+0000 INFO  [o.n.k.i.t.l.p.LogPruningImpl] Log Rotation [0]:  Starting log pruning.
2015-12-10 22:21:52.057+0000 INFO  [o.n.k.i.t.l.p.LogPruningImpl] Log Rotation [0]:  Log pruning complete.
2015-12-10 22:21:53.432+0000 INFO  [o.n.k.NeoStoreDataSource] NeoStores closed
2015-12-10 22:21:53.439+0000 INFO  [o.n.k.i.DiagnosticsManager] --- STOPPING diagnostics START ---
2015-12-10 22:21:53.439+0000 INFO  [o.n.k.i.DiagnosticsManager] --- STOPPING diagnostics END ---
