2015-12-09 23:07:28.731+0000 INFO  [o.n.k.i.f.CommunityFacadeFactory] No locking implementation specified, defaulting to 'community'
2015-12-09 23:07:28.735+0000 INFO  [o.n.k.AvailabilityGuard] Requirement makes database unavailable: Database available
2015-12-09 23:07:28.737+0000 INFO  [o.n.k.i.DiagnosticsManager] --- INITIALIZED diagnostics START ---
2015-12-09 23:07:28.737+0000 INFO  [o.n.k.i.DiagnosticsManager] Neo4j Kernel properties:
2015-12-09 23:07:28.737+0000 INFO  [o.n.k.i.DiagnosticsManager] org.neo4j.server.db.tuning.properties=C:\561\3000\3000D1\neo4j.properties
2015-12-09 23:07:28.737+0000 INFO  [o.n.k.i.DiagnosticsManager] org.neo4j.server.database.location=C:\561\3000\3000D1
2015-12-09 23:07:28.737+0000 INFO  [o.n.k.i.DiagnosticsManager] dbms.querylog.filename=data/log/queries.log
2015-12-09 23:07:28.737+0000 INFO  [o.n.k.i.DiagnosticsManager] dbms.security.auth_store.location=C:\561\3000\3000D1\.\dbms\auth
2015-12-09 23:07:28.737+0000 INFO  [o.n.k.i.DiagnosticsManager] dbms.security.tls_certificate_file=C:\561\3000\3000D1\.\dbms\ssl\snakeoil.cert
2015-12-09 23:07:28.737+0000 INFO  [o.n.k.i.DiagnosticsManager] remote_shell_enabled=true
2015-12-09 23:07:28.737+0000 INFO  [o.n.k.i.DiagnosticsManager] edition=Community
2015-12-09 23:07:28.737+0000 INFO  [o.n.k.i.DiagnosticsManager] dbms.security.tls_key_file=C:\561\3000\3000D1\.\dbms\ssl\snakeoil.key
2015-12-09 23:07:28.737+0000 INFO  [o.n.k.i.DiagnosticsManager] Diagnostics providers:
2015-12-09 23:07:28.737+0000 INFO  [o.n.k.i.DiagnosticsManager] org.neo4j.kernel.configuration.Config
2015-12-09 23:07:28.737+0000 INFO  [o.n.k.i.DiagnosticsManager] org.neo4j.kernel.info.DiagnosticsManager
2015-12-09 23:07:28.737+0000 INFO  [o.n.k.i.DiagnosticsManager] SYSTEM_MEMORY
2015-12-09 23:07:28.737+0000 INFO  [o.n.k.i.DiagnosticsManager] JAVA_MEMORY
2015-12-09 23:07:28.737+0000 INFO  [o.n.k.i.DiagnosticsManager] OPERATING_SYSTEM
2015-12-09 23:07:28.737+0000 INFO  [o.n.k.i.DiagnosticsManager] JAVA_VIRTUAL_MACHINE
2015-12-09 23:07:28.737+0000 INFO  [o.n.k.i.DiagnosticsManager] CLASSPATH
2015-12-09 23:07:28.737+0000 INFO  [o.n.k.i.DiagnosticsManager] LIBRARY_PATH
2015-12-09 23:07:28.737+0000 INFO  [o.n.k.i.DiagnosticsManager] SYSTEM_PROPERTIES
2015-12-09 23:07:28.737+0000 INFO  [o.n.k.i.DiagnosticsManager] NETWORK
2015-12-09 23:07:28.737+0000 INFO  [o.n.k.i.DiagnosticsManager] System memory information:
2015-12-09 23:07:28.737+0000 INFO  [o.n.k.i.DiagnosticsManager] Total Physical memory: 3.93 GB
2015-12-09 23:07:28.737+0000 INFO  [o.n.k.i.DiagnosticsManager] Free Physical memory: 1.79 GB
2015-12-09 23:07:28.737+0000 INFO  [o.n.k.i.DiagnosticsManager] Committed virtual memory: 362.79 MB
2015-12-09 23:07:28.738+0000 INFO  [o.n.k.i.DiagnosticsManager] Total swap space: 5.05 GB
2015-12-09 23:07:28.738+0000 INFO  [o.n.k.i.DiagnosticsManager] Free swap space: 1.91 GB
2015-12-09 23:07:28.738+0000 INFO  [o.n.k.i.DiagnosticsManager] JVM memory information:
2015-12-09 23:07:28.738+0000 INFO  [o.n.k.i.DiagnosticsManager] Free  memory: 24.38 MB
2015-12-09 23:07:28.738+0000 INFO  [o.n.k.i.DiagnosticsManager] Total memory: 100.00 MB
2015-12-09 23:07:28.738+0000 INFO  [o.n.k.i.DiagnosticsManager] Max   memory: 894.50 MB
2015-12-09 23:07:28.738+0000 INFO  [o.n.k.i.DiagnosticsManager] Garbage Collector: PS Scavenge: [PS Eden Space, PS Survivor Space]
2015-12-09 23:07:28.738+0000 INFO  [o.n.k.i.DiagnosticsManager] Garbage Collector: PS MarkSweep: [PS Eden Space, PS Survivor Space, PS Old Gen, PS Perm Gen]
2015-12-09 23:07:28.738+0000 INFO  [o.n.k.i.DiagnosticsManager] Memory Pool: Code Cache (Non-heap memory): committed=11.19 MB, used=10.99 MB, max=48.00 MB, threshold=0.00 B
2015-12-09 23:07:28.738+0000 INFO  [o.n.k.i.DiagnosticsManager] Memory Pool: PS Eden Space (Heap memory): committed=19.50 MB, used=5.20 MB, max=331.50 MB, threshold=?
2015-12-09 23:07:28.738+0000 INFO  [o.n.k.i.DiagnosticsManager] Memory Pool: PS Survivor Space (Heap memory): committed=512.00 kB, used=512.00 kB, max=512.00 kB, threshold=?
2015-12-09 23:07:28.738+0000 INFO  [o.n.k.i.DiagnosticsManager] Memory Pool: PS Old Gen (Heap memory): committed=80.00 MB, used=69.93 MB, max=670.50 MB, threshold=0.00 B
2015-12-09 23:07:28.738+0000 INFO  [o.n.k.i.DiagnosticsManager] Memory Pool: PS Perm Gen (Non-heap memory): committed=64.00 MB, used=63.85 MB, max=82.00 MB, threshold=0.00 B
2015-12-09 23:07:28.738+0000 INFO  [o.n.k.i.DiagnosticsManager] Operating system information:
2015-12-09 23:07:28.738+0000 INFO  [o.n.k.i.DiagnosticsManager] Operating System: Windows 8.1; version: 6.3; arch: amd64; cpus: 8
2015-12-09 23:07:28.739+0000 INFO  [o.n.k.i.DiagnosticsManager] Process id: 3784@ATAN-B03-02
2015-12-09 23:07:28.739+0000 INFO  [o.n.k.i.DiagnosticsManager] Byte order: LITTLE_ENDIAN
2015-12-09 23:07:28.739+0000 INFO  [o.n.k.i.DiagnosticsManager] Local timezone: America/Chicago
2015-12-09 23:07:28.739+0000 INFO  [o.n.k.i.DiagnosticsManager] JVM information:
2015-12-09 23:07:28.739+0000 INFO  [o.n.k.i.DiagnosticsManager] VM Name: Java HotSpot(TM) 64-Bit Server VM
2015-12-09 23:07:28.739+0000 INFO  [o.n.k.i.DiagnosticsManager] VM Vendor: Oracle Corporation
2015-12-09 23:07:28.739+0000 INFO  [o.n.k.i.DiagnosticsManager] VM Version: 24.80-b11
2015-12-09 23:07:28.739+0000 INFO  [o.n.k.i.DiagnosticsManager] JIT compiler: HotSpot 64-Bit Tiered Compilers
2015-12-09 23:07:28.739+0000 INFO  [o.n.k.i.DiagnosticsManager] VM Arguments: [-Dexe4j.semaphoreName=Local\c:_program_files_neo4j_ce_2.3.1_bin_neo4j-ce.exe, -Dexe4j.isInstall4j=true, -Dexe4j.moduleName=C:\Program Files\Neo4j CE 2.3.1\bin\neo4j-ce.exe, -Dexe4j.tempDir=, -Dexe4j.unextractedPosition=0, -Djava.library.path=C:\Program Files (x86)\AMD APP\bin\x86_64;C:\Program Files (x86)\AMD APP\bin\x86;C:\ProgramData\Oracle\Java\javapath;C:\Windows\system32;C:\Windows;C:\Windows\System32\Wbem;C:\Windows\System32\WindowsPowerShell\v1.0\;C:\Program Files (x86)\MiKTeX 2.9\miktex\bin\;C:\Program Files\TortoiseSVN\bin;C:\Windows\system32\config\systemprofile\.dnx\bin;C:\Program Files\Microsoft DNX\Dnvm\;C:\Program Files\MATLAB\R2015b\runtime\win64;C:\Program Files\MATLAB\R2015b\bin;C:\Program Files (x86)\ATI Technologies\ATI.ACE\Core-Static;c:\program files\neo4j ce 2.3.1\jre\bin, -Dexe4j.consoleCodepage=cp0, -Dinstall4j.launcherId=24, -Dinstall4j.swt=false]
2015-12-09 23:07:28.739+0000 INFO  [o.n.k.i.DiagnosticsManager] Java classpath:
2015-12-09 23:07:28.741+0000 INFO  [o.n.k.i.DiagnosticsManager]  [loader.1] file:/C:/Program%20Files/Neo4j%20CE%202.3.1/jre/lib/ext/dnsns.jar
2015-12-09 23:07:28.741+0000 INFO  [o.n.k.i.DiagnosticsManager]  [loader.0] file:/C:/Program%20Files/Neo4j%20CE%202.3.1/bin/
2015-12-09 23:07:28.741+0000 INFO  [o.n.k.i.DiagnosticsManager]  [bootstrap] C:\Program Files\Neo4j CE 2.3.1\jre\lib\resources.jar
2015-12-09 23:07:28.741+0000 INFO  [o.n.k.i.DiagnosticsManager]  [bootstrap] C:\Program Files\Neo4j CE 2.3.1\jre\lib\jfr.jar
2015-12-09 23:07:28.741+0000 INFO  [o.n.k.i.DiagnosticsManager]  [classpath] C:\Program Files\Neo4j CE 2.3.1\.install4j\i4jruntime.jar
2015-12-09 23:07:28.741+0000 INFO  [o.n.k.i.DiagnosticsManager]  [loader.1] file:/C:/Program%20Files/Neo4j%20CE%202.3.1/jre/lib/ext/sunmscapi.jar
2015-12-09 23:07:28.741+0000 INFO  [o.n.k.i.DiagnosticsManager]  [bootstrap] C:\Program Files\Neo4j CE 2.3.1\jre\lib\jsse.jar
2015-12-09 23:07:28.741+0000 INFO  [o.n.k.i.DiagnosticsManager]  [loader.1] file:/C:/Program%20Files/Neo4j%20CE%202.3.1/jre/lib/ext/dns_sd.jar
2015-12-09 23:07:28.741+0000 INFO  [o.n.k.i.DiagnosticsManager]  [loader.0] file:/C:/Program%20Files/Neo4j%20CE%202.3.1/.install4j/i4jruntime.jar
2015-12-09 23:07:28.741+0000 INFO  [o.n.k.i.DiagnosticsManager]  [loader.0] file:/C:/Program%20Files/Neo4j%20CE%202.3.1/bin/neo4j-desktop-2.3.1.jar
2015-12-09 23:07:28.741+0000 INFO  [o.n.k.i.DiagnosticsManager]  [loader.1] file:/C:/Program%20Files/Neo4j%20CE%202.3.1/jre/lib/ext/access-bridge-64.jar
2015-12-09 23:07:28.741+0000 INFO  [o.n.k.i.DiagnosticsManager]  [loader.1] file:/C:/Program%20Files/Neo4j%20CE%202.3.1/jre/lib/ext/localedata.jar
2015-12-09 23:07:28.741+0000 INFO  [o.n.k.i.DiagnosticsManager]  [bootstrap] C:\Program Files\Neo4j CE 2.3.1\jre\lib\sunrsasign.jar
2015-12-09 23:07:28.741+0000 INFO  [o.n.k.i.DiagnosticsManager]  [bootstrap] C:\Program Files\Neo4j CE 2.3.1\jre\lib\jce.jar
2015-12-09 23:07:28.741+0000 INFO  [o.n.k.i.DiagnosticsManager]  [bootstrap] C:\Program Files\Neo4j CE 2.3.1\jre\lib\rt.jar
2015-12-09 23:07:28.741+0000 INFO  [o.n.k.i.DiagnosticsManager]  [bootstrap] C:\Program Files\Neo4j CE 2.3.1\jre\lib\charsets.jar
2015-12-09 23:07:28.741+0000 INFO  [o.n.k.i.DiagnosticsManager]  [loader.1] file:/C:/Program%20Files/Neo4j%20CE%202.3.1/jre/lib/ext/sunjce_provider.jar
2015-12-09 23:07:28.741+0000 INFO  [o.n.k.i.DiagnosticsManager]  [bootstrap] C:\Program Files\Neo4j CE 2.3.1\jre\classes
2015-12-09 23:07:28.741+0000 INFO  [o.n.k.i.DiagnosticsManager]  [loader.1] file:/C:/Program%20Files/Neo4j%20CE%202.3.1/jre/lib/ext/zipfs.jar
2015-12-09 23:07:28.741+0000 INFO  [o.n.k.i.DiagnosticsManager]  [loader.1] file:/C:/Program%20Files/Neo4j%20CE%202.3.1/jre/lib/ext/jaccess.jar
2015-12-09 23:07:28.741+0000 INFO  [o.n.k.i.DiagnosticsManager]  [loader.1] file:/C:/Program%20Files/Neo4j%20CE%202.3.1/jre/lib/ext/sunec.jar
2015-12-09 23:07:28.741+0000 INFO  [o.n.k.i.DiagnosticsManager]  [classpath] C:\Program Files\Neo4j CE 2.3.1\bin\neo4j-desktop-2.3.1.jar
2015-12-09 23:07:28.741+0000 INFO  [o.n.k.i.DiagnosticsManager] Library path:
2015-12-09 23:07:28.741+0000 INFO  [o.n.k.i.DiagnosticsManager] C:\Program Files (x86)\AMD APP\bin\x86_64
2015-12-09 23:07:28.741+0000 INFO  [o.n.k.i.DiagnosticsManager] C:\Program Files (x86)\AMD APP\bin\x86
2015-12-09 23:07:28.742+0000 INFO  [o.n.k.i.DiagnosticsManager] C:\ProgramData\Oracle\Java\javapath
2015-12-09 23:07:28.742+0000 INFO  [o.n.k.i.DiagnosticsManager] C:\Windows\System32
2015-12-09 23:07:28.742+0000 INFO  [o.n.k.i.DiagnosticsManager] C:\Windows
2015-12-09 23:07:28.742+0000 INFO  [o.n.k.i.DiagnosticsManager] C:\Windows\System32\wbem
2015-12-09 23:07:28.742+0000 INFO  [o.n.k.i.DiagnosticsManager] C:\Windows\System32\WindowsPowerShell\v1.0
2015-12-09 23:07:28.742+0000 INFO  [o.n.k.i.DiagnosticsManager] C:\Program Files (x86)\MiKTeX 2.9\miktex\bin
2015-12-09 23:07:28.743+0000 INFO  [o.n.k.i.DiagnosticsManager] C:\Program Files\TortoiseSVN\bin
2015-12-09 23:07:28.743+0000 INFO  [o.n.k.i.DiagnosticsManager] C:\Windows\System32\config\systemprofile\.dnx\bin
2015-12-09 23:07:28.743+0000 INFO  [o.n.k.i.DiagnosticsManager] C:\Program Files\Microsoft DNX\Dnvm
2015-12-09 23:07:28.743+0000 INFO  [o.n.k.i.DiagnosticsManager] C:\Program Files\MATLAB\R2015b\runtime\win64
2015-12-09 23:07:28.743+0000 INFO  [o.n.k.i.DiagnosticsManager] C:\Program Files\MATLAB\R2015b\bin
2015-12-09 23:07:28.743+0000 INFO  [o.n.k.i.DiagnosticsManager] C:\Program Files (x86)\ATI Technologies\ATI.ACE\Core-Static
2015-12-09 23:07:28.744+0000 INFO  [o.n.k.i.DiagnosticsManager] C:\Program Files\Neo4j CE 2.3.1\jre\bin
2015-12-09 23:07:28.744+0000 INFO  [o.n.k.i.DiagnosticsManager] System.properties:
2015-12-09 23:07:28.744+0000 INFO  [o.n.k.i.DiagnosticsManager] exe4j.moduleName = C:\Program Files\Neo4j CE 2.3.1\bin\neo4j-ce.exe
2015-12-09 23:07:28.744+0000 INFO  [o.n.k.i.DiagnosticsManager] exe4j.semaphoreName = Local\c:_program_files_neo4j_ce_2.3.1_bin_neo4j-ce.exe
2015-12-09 23:07:28.744+0000 INFO  [o.n.k.i.DiagnosticsManager] sun.boot.library.path = c:\program files\neo4j ce 2.3.1\jre\bin
2015-12-09 23:07:28.744+0000 INFO  [o.n.k.i.DiagnosticsManager] exe4j.consoleCodepage = cp0
2015-12-09 23:07:28.744+0000 INFO  [o.n.k.i.DiagnosticsManager] path.separator = ;
2015-12-09 23:07:28.744+0000 INFO  [o.n.k.i.DiagnosticsManager] file.encoding.pkg = sun.io
2015-12-09 23:07:28.744+0000 INFO  [o.n.k.i.DiagnosticsManager] user.country = US
2015-12-09 23:07:28.744+0000 INFO  [o.n.k.i.DiagnosticsManager] user.script = 
2015-12-09 23:07:28.744+0000 INFO  [o.n.k.i.DiagnosticsManager] sun.os.patch.level = 
2015-12-09 23:07:28.744+0000 INFO  [o.n.k.i.DiagnosticsManager] install4j.exeDir = C:\Program Files\Neo4j CE 2.3.1\bin\
2015-12-09 23:07:28.744+0000 INFO  [o.n.k.i.DiagnosticsManager] user.dir = C:\Program Files\Neo4j CE 2.3.1\bin
2015-12-09 23:07:28.744+0000 INFO  [o.n.k.i.DiagnosticsManager] neo4j.ext.udc.source = desktop
2015-12-09 23:07:28.744+0000 INFO  [o.n.k.i.DiagnosticsManager] user.variant = 
2015-12-09 23:07:28.744+0000 INFO  [o.n.k.i.DiagnosticsManager] exe4j.tempDir = 
2015-12-09 23:07:28.744+0000 INFO  [o.n.k.i.DiagnosticsManager] sun.jnu.encoding = Cp1252
2015-12-09 23:07:28.744+0000 INFO  [o.n.k.i.DiagnosticsManager] sun.awt.enableExtraMouseButtons = true
2015-12-09 23:07:28.744+0000 INFO  [o.n.k.i.DiagnosticsManager] install4j.launcherId = 24
2015-12-09 23:07:28.744+0000 INFO  [o.n.k.i.DiagnosticsManager] sun.management.compiler = HotSpot 64-Bit Tiered Compilers
2015-12-09 23:07:28.744+0000 INFO  [o.n.k.i.DiagnosticsManager] exe4j.isInstall4j = true
2015-12-09 23:07:28.744+0000 INFO  [o.n.k.i.DiagnosticsManager] install4j.swt = false
2015-12-09 23:07:28.744+0000 INFO  [o.n.k.i.DiagnosticsManager] user.home = C:\Users\cez
2015-12-09 23:07:28.744+0000 INFO  [o.n.k.i.DiagnosticsManager] user.timezone = America/Chicago
2015-12-09 23:07:28.744+0000 INFO  [o.n.k.i.DiagnosticsManager] file.encoding = Cp1252
2015-12-09 23:07:28.744+0000 INFO  [o.n.k.i.DiagnosticsManager] user.name = cez
2015-12-09 23:07:28.744+0000 INFO  [o.n.k.i.DiagnosticsManager] sun.java.command = C:\Program Files\Neo4j CE 2.3.1\bin\neo4j-ce.exe
2015-12-09 23:07:28.744+0000 INFO  [o.n.k.i.DiagnosticsManager] sun.arch.data.model = 64
2015-12-09 23:07:28.744+0000 INFO  [o.n.k.i.DiagnosticsManager] exe4j.launchName = C:\Program Files\Neo4j CE 2.3.1\bin\neo4j-ce.exe
2015-12-09 23:07:28.744+0000 INFO  [o.n.k.i.DiagnosticsManager] user.language = en
2015-12-09 23:07:28.744+0000 INFO  [o.n.k.i.DiagnosticsManager] awt.toolkit = sun.awt.windows.WToolkit
2015-12-09 23:07:28.744+0000 INFO  [o.n.k.i.DiagnosticsManager] exe4j.unextractedPosition = 0
2015-12-09 23:07:28.744+0000 INFO  [o.n.k.i.DiagnosticsManager] install4j.appDir = C:\Program Files\Neo4j CE 2.3.1\
2015-12-09 23:07:28.744+0000 INFO  [o.n.k.i.DiagnosticsManager] file.separator = \
2015-12-09 23:07:28.744+0000 INFO  [o.n.k.i.DiagnosticsManager] sun.io.unicode.encoding = UnicodeLittle
2015-12-09 23:07:28.744+0000 INFO  [o.n.k.i.DiagnosticsManager] sun.cpu.endian = little
2015-12-09 23:07:28.744+0000 INFO  [o.n.k.i.DiagnosticsManager] sun.desktop = windows
2015-12-09 23:07:28.744+0000 INFO  [o.n.k.i.DiagnosticsManager] sun.cpu.isalist = amd64
2015-12-09 23:07:28.744+0000 INFO  [o.n.k.i.DiagnosticsManager] Network information:
2015-12-09 23:07:28.758+0000 INFO  [o.n.k.i.DiagnosticsManager] Interface Software Loopback Interface 1:
2015-12-09 23:07:28.758+0000 INFO  [o.n.k.i.DiagnosticsManager]     address: 127.0.0.1
2015-12-09 23:07:28.758+0000 INFO  [o.n.k.i.DiagnosticsManager]     address: 0:0:0:0:0:0:0:1
2015-12-09 23:07:28.758+0000 INFO  [o.n.k.i.DiagnosticsManager] Interface Microsoft Kernel Debug Network Adapter:
2015-12-09 23:07:28.758+0000 INFO  [o.n.k.i.DiagnosticsManager] Interface Intel(R) 82578DM Gigabit Network Connection:
2015-12-09 23:07:28.758+0000 INFO  [o.n.k.i.DiagnosticsManager]     address: 10.24.47.166
2015-12-09 23:07:28.758+0000 INFO  [o.n.k.i.DiagnosticsManager]     address: 2610:130:101:d00:4493:c16:efa9:8b55
2015-12-09 23:07:28.758+0000 INFO  [o.n.k.i.DiagnosticsManager]     address: 2610:130:101:d00:a502:b02c:1a2d:577b
2015-12-09 23:07:28.758+0000 INFO  [o.n.k.i.DiagnosticsManager]     address: fe80:0:0:0:4493:c16:efa9:8b55%3
2015-12-09 23:07:28.758+0000 INFO  [o.n.k.i.DiagnosticsManager] Interface Microsoft ISATAP Adapter:
2015-12-09 23:07:28.758+0000 INFO  [o.n.k.i.DiagnosticsManager]     address: fe80:0:0:0:0:5efe:c0a8:3801%4
2015-12-09 23:07:28.758+0000 INFO  [o.n.k.i.DiagnosticsManager] Interface Teredo Tunneling Pseudo-Interface:
2015-12-09 23:07:28.758+0000 INFO  [o.n.k.i.DiagnosticsManager] Interface Microsoft ISATAP Adapter #2:
2015-12-09 23:07:28.758+0000 INFO  [o.n.k.i.DiagnosticsManager]     address: fe80:0:0:0:0:5efe:a18:2fa6%6
2015-12-09 23:07:28.758+0000 INFO  [o.n.k.i.DiagnosticsManager] Interface VirtualBox Host-Only Ethernet Adapter:
2015-12-09 23:07:28.758+0000 INFO  [o.n.k.i.DiagnosticsManager]     address: 192.168.56.1
2015-12-09 23:07:28.758+0000 INFO  [o.n.k.i.DiagnosticsManager]     address: fe80:0:0:0:4133:2d33:29c2:6efa%7
2015-12-09 23:07:28.758+0000 INFO  [o.n.k.i.DiagnosticsManager] Interface Microsoft ISATAP Adapter #3:
2015-12-09 23:07:28.758+0000 INFO  [o.n.k.i.DiagnosticsManager] Interface VirtualBox Host-Only Ethernet Adapter-WFP Native MAC Layer LightWeight Filter-0000:
2015-12-09 23:07:28.758+0000 INFO  [o.n.k.i.DiagnosticsManager] Interface VirtualBox Host-Only Ethernet Adapter-VirtualBox NDIS Light-Weight Filter-0000:
2015-12-09 23:07:28.758+0000 INFO  [o.n.k.i.DiagnosticsManager] Interface VirtualBox Host-Only Ethernet Adapter-QoS Packet Scheduler-0000:
2015-12-09 23:07:28.758+0000 INFO  [o.n.k.i.DiagnosticsManager] Interface VirtualBox Host-Only Ethernet Adapter-WFP 802.3 MAC Layer LightWeight Filter-0000:
2015-12-09 23:07:28.758+0000 INFO  [o.n.k.i.DiagnosticsManager] Interface Intel(R) 82578DM Gigabit Network Connection-WFP Native MAC Layer LightWeight Filter-0000:
2015-12-09 23:07:28.758+0000 INFO  [o.n.k.i.DiagnosticsManager] Interface Intel(R) 82578DM Gigabit Network Connection-VirtualBox NDIS Light-Weight Filter-0000:
2015-12-09 23:07:28.758+0000 INFO  [o.n.k.i.DiagnosticsManager] Interface Intel(R) 82578DM Gigabit Network Connection-QoS Packet Scheduler-0000:
2015-12-09 23:07:28.758+0000 INFO  [o.n.k.i.DiagnosticsManager] Interface Intel(R) 82578DM Gigabit Network Connection-WFP 802.3 MAC Layer LightWeight Filter-0000:
2015-12-09 23:07:28.758+0000 INFO  [o.n.k.i.DiagnosticsManager] --- INITIALIZED diagnostics END ---
2015-12-09 23:07:31.803+0000 INFO  [o.n.k.a.i.i.LuceneLabelScanStore] No lucene scan store index found, this might just be first use. Preparing to rebuild.
2015-12-09 23:07:31.815+0000 INFO  [o.n.k.NeoStoreDataSource] Opened logical log [C:\561\3000\3000D1\neostore.transaction.db.0] version=0, lastTxId=1 (clean)
2015-12-09 23:07:31.821+0000 WARN  [o.n.k.i.s.MetaDataStore] Missing counts store, rebuilding it.
2015-12-09 23:07:31.885+0000 INFO  [o.n.k.a.i.i.LuceneLabelScanStore] Rebuilding lucene scan store, this may take a while
2015-12-09 23:07:31.890+0000 INFO  [o.n.k.a.i.i.LuceneLabelScanStore] Lucene scan store rebuilt (roughly -1 nodes)
2015-12-09 23:07:31.895+0000 INFO  [o.n.k.KernelHealth] Kernel health set to OK
2015-12-09 23:07:31.908+0000 INFO  [o.n.k.AvailabilityGuard] Fulfilling of requirement makes database available: Database available
2015-12-09 23:07:31.912+0000 INFO  [o.n.k.i.f.CommunityFacadeFactory] Database is now ready
2015-12-09 23:07:31.917+0000 INFO  [o.n.k.i.DiagnosticsManager] --- STARTED diagnostics for KernelDiagnostics:Versions START ---
2015-12-09 23:07:31.921+0000 INFO  [o.n.k.i.DiagnosticsManager] Graph Database: Community StoreId{creationTime=1449702451725, randomId=3696544649780377622, storeVersion=15250506225055238, upgradeTime=1449702451725, upgradeId=1}
2015-12-09 23:07:31.926+0000 INFO  [o.n.k.i.DiagnosticsManager] Kernel version: 2.3.1
2015-12-09 23:07:31.930+0000 INFO  [o.n.k.i.DiagnosticsManager] --- STARTED diagnostics for KernelDiagnostics:Versions END ---
2015-12-09 23:07:31.934+0000 INFO  [o.n.k.i.DiagnosticsManager] --- STARTED diagnostics for NEO_STORE_VERSIONS START ---
2015-12-09 23:07:31.936+0000 INFO  [o.n.k.i.DiagnosticsManager] Store versions:
2015-12-09 23:07:31.939+0000 INFO  [o.n.k.i.DiagnosticsManager] Store versions:
2015-12-09 23:07:31.941+0000 INFO  [o.n.k.i.DiagnosticsManager] ArrayPropertyStore v0.A.6
2015-12-09 23:07:31.944+0000 INFO  [o.n.k.i.DiagnosticsManager] NodeStore v0.A.6
2015-12-09 23:07:31.946+0000 INFO  [o.n.k.i.DiagnosticsManager] StringPropertyStore v0.A.6
2015-12-09 23:07:31.949+0000 INFO  [o.n.k.i.DiagnosticsManager] PropertyIndexStore v0.A.6
2015-12-09 23:07:31.951+0000 INFO  [o.n.k.i.DiagnosticsManager] StringPropertyStore v0.A.6
2015-12-09 23:07:31.954+0000 INFO  [o.n.k.i.DiagnosticsManager] ArrayPropertyStore v0.A.6
2015-12-09 23:07:31.956+0000 INFO  [o.n.k.i.DiagnosticsManager] PropertyStore v0.A.6
2015-12-09 23:07:31.958+0000 INFO  [o.n.k.i.DiagnosticsManager] RelationshipStore v0.A.6
2015-12-09 23:07:31.961+0000 INFO  [o.n.k.i.DiagnosticsManager] StringPropertyStore v0.A.6
2015-12-09 23:07:31.963+0000 INFO  [o.n.k.i.DiagnosticsManager] RelationshipTypeStore v0.A.6
2015-12-09 23:07:31.965+0000 INFO  [o.n.k.i.DiagnosticsManager] StringPropertyStore v0.A.6
2015-12-09 23:07:31.967+0000 INFO  [o.n.k.i.DiagnosticsManager] LabelTokenStore v0.A.6
2015-12-09 23:07:31.969+0000 INFO  [o.n.k.i.DiagnosticsManager] SchemaStore v0.A.6
2015-12-09 23:07:31.972+0000 INFO  [o.n.k.i.DiagnosticsManager] RelationshipGroupStore v0.A.6
2015-12-09 23:07:31.974+0000 INFO  [o.n.k.i.DiagnosticsManager] NeoStore v0.A.6
2015-12-09 23:07:31.976+0000 INFO  [o.n.k.i.DiagnosticsManager] --- STARTED diagnostics for NEO_STORE_VERSIONS END ---
2015-12-09 23:07:31.978+0000 INFO  [o.n.k.i.DiagnosticsManager] --- STARTED diagnostics for NEO_STORE_ID_USAGE START ---
2015-12-09 23:07:31.980+0000 INFO  [o.n.k.i.DiagnosticsManager] Id usage:
2015-12-09 23:07:31.982+0000 INFO  [o.n.k.i.DiagnosticsManager] Id usage:
2015-12-09 23:07:31.984+0000 INFO  [o.n.k.i.DiagnosticsManager]   ArrayPropertyStore v0.A.6: used=1 high=0
2015-12-09 23:07:31.987+0000 INFO  [o.n.k.i.DiagnosticsManager]   NodeStore v0.A.6: used=0 high=-1
2015-12-09 23:07:31.989+0000 INFO  [o.n.k.i.DiagnosticsManager]   StringPropertyStore v0.A.6: used=1 high=0
2015-12-09 23:07:31.991+0000 INFO  [o.n.k.i.DiagnosticsManager]   PropertyIndexStore v0.A.6: used=0 high=-1
2015-12-09 23:07:31.993+0000 INFO  [o.n.k.i.DiagnosticsManager]   StringPropertyStore v0.A.6: used=1 high=0
2015-12-09 23:07:31.995+0000 INFO  [o.n.k.i.DiagnosticsManager]   ArrayPropertyStore v0.A.6: used=1 high=0
2015-12-09 23:07:31.997+0000 INFO  [o.n.k.i.DiagnosticsManager]   PropertyStore v0.A.6: used=0 high=-1
2015-12-09 23:07:32.000+0000 INFO  [o.n.k.i.DiagnosticsManager]   RelationshipStore v0.A.6: used=0 high=-1
2015-12-09 23:07:32.002+0000 INFO  [o.n.k.i.DiagnosticsManager]   StringPropertyStore v0.A.6: used=1 high=0
2015-12-09 23:07:32.004+0000 INFO  [o.n.k.i.DiagnosticsManager]   RelationshipTypeStore v0.A.6: used=0 high=-1
2015-12-09 23:07:32.006+0000 INFO  [o.n.k.i.DiagnosticsManager]   StringPropertyStore v0.A.6: used=1 high=0
2015-12-09 23:07:32.008+0000 INFO  [o.n.k.i.DiagnosticsManager]   LabelTokenStore v0.A.6: used=0 high=-1
2015-12-09 23:07:32.010+0000 INFO  [o.n.k.i.DiagnosticsManager]   SchemaStore v0.A.6: used=1 high=0
2015-12-09 23:07:32.013+0000 INFO  [o.n.k.i.DiagnosticsManager]   RelationshipGroupStore v0.A.6: used=1 high=0
2015-12-09 23:07:32.015+0000 INFO  [o.n.k.i.DiagnosticsManager]   NeoStore v0.A.6: used=13 high=12
2015-12-09 23:07:32.017+0000 INFO  [o.n.k.i.DiagnosticsManager] --- STARTED diagnostics for NEO_STORE_ID_USAGE END ---
2015-12-09 23:07:32.019+0000 INFO  [o.n.k.i.DiagnosticsManager] --- STARTED diagnostics for NEO_STORE_RECORDS START ---
2015-12-09 23:07:32.021+0000 INFO  [o.n.k.i.DiagnosticsManager] Neostore records:
2015-12-09 23:07:32.023+0000 INFO  [o.n.k.i.DiagnosticsManager] TIME (Creation time): 1449702451725
2015-12-09 23:07:32.025+0000 INFO  [o.n.k.i.DiagnosticsManager] RANDOM_NUMBER (Random number for store id): 3696544649780377622
2015-12-09 23:07:32.027+0000 INFO  [o.n.k.i.DiagnosticsManager] LOG_VERSION (Current log version): 0
2015-12-09 23:07:32.029+0000 INFO  [o.n.k.i.DiagnosticsManager] LAST_TRANSACTION_ID (Last committed transaction): 1
2015-12-09 23:07:32.031+0000 INFO  [o.n.k.i.DiagnosticsManager] STORE_VERSION (Store format version): 15250506225055238
2015-12-09 23:07:32.033+0000 INFO  [o.n.k.i.DiagnosticsManager] FIRST_GRAPH_PROPERTY (First property record containing graph properties): -1
2015-12-09 23:07:32.035+0000 INFO  [o.n.k.i.DiagnosticsManager] LAST_CONSTRAINT_TRANSACTION (Last committed transaction containing constraint changes): 0
2015-12-09 23:07:32.037+0000 INFO  [o.n.k.i.DiagnosticsManager] UPGRADE_TRANSACTION_ID (Transaction id most recent upgrade was performed at): 1
2015-12-09 23:07:32.040+0000 INFO  [o.n.k.i.DiagnosticsManager] UPGRADE_TIME (Time of last upgrade): 1449702451725
2015-12-09 23:07:32.042+0000 INFO  [o.n.k.i.DiagnosticsManager] LAST_TRANSACTION_CHECKSUM (Checksum of last committed transaction): 0
2015-12-09 23:07:32.044+0000 INFO  [o.n.k.i.DiagnosticsManager] UPGRADE_TRANSACTION_CHECKSUM (Checksum of transaction id the most recent upgrade was performed at): 0
2015-12-09 23:07:32.046+0000 INFO  [o.n.k.i.DiagnosticsManager] LAST_CLOSED_TRANSACTION_LOG_VERSION (Log version where the last transaction commit entry has been written into): 0
2015-12-09 23:07:32.048+0000 INFO  [o.n.k.i.DiagnosticsManager] LAST_CLOSED_TRANSACTION_LOG_BYTE_OFFSET (Byte offset in the log file where the last transaction commit entry has been written into): 16
2015-12-09 23:07:32.051+0000 INFO  [o.n.k.i.DiagnosticsManager] --- STARTED diagnostics for NEO_STORE_RECORDS END ---
2015-12-09 23:07:32.053+0000 INFO  [o.n.k.i.DiagnosticsManager] --- STARTED diagnostics for TRANSACTION_RANGE START ---
2015-12-09 23:07:32.055+0000 INFO  [o.n.k.i.DiagnosticsManager] Transaction log:
2015-12-09 23:07:32.058+0000 INFO  [o.n.k.i.DiagnosticsManager] No transactions found in any log
2015-12-09 23:07:32.061+0000 INFO  [o.n.k.i.DiagnosticsManager] --- STARTED diagnostics for TRANSACTION_RANGE END ---
2015-12-09 23:07:32.063+0000 INFO  [o.n.k.i.DiagnosticsManager] --- STARTED diagnostics for KernelDiagnostics:StoreFiles START ---
2015-12-09 23:07:32.066+0000 INFO  [o.n.k.i.DiagnosticsManager] Disk space on partition (Total / Free / Free %): 499738734592 / 397625339904 / 79
Storage files: (filename : modification date - size)
2015-12-09 23:07:32.069+0000 INFO  [o.n.k.i.DiagnosticsManager]   dbms:
2015-12-09 23:07:32.071+0000 INFO  [o.n.k.i.DiagnosticsManager]     ssl:
2015-12-09 23:07:32.074+0000 INFO  [o.n.k.i.DiagnosticsManager]       snakeoil.cert: 2015-12-09T17:07:28-0600 - 630.00 B
2015-12-09 23:07:32.076+0000 INFO  [o.n.k.i.DiagnosticsManager]       snakeoil.key: 2015-12-09T17:07:28-0600 - 910.00 B
2015-12-09 23:07:32.079+0000 INFO  [o.n.k.i.DiagnosticsManager]     - Total: 2015-12-09T17:07:28-0600 - 1.50 kB
2015-12-09 23:07:32.081+0000 INFO  [o.n.k.i.DiagnosticsManager]   - Total: 2015-12-09T17:07:28-0600 - 1.50 kB
2015-12-09 23:07:32.083+0000 INFO  [o.n.k.i.DiagnosticsManager]   index:
2015-12-09 23:07:32.086+0000 INFO  [o.n.k.i.DiagnosticsManager]   - Total: 2015-12-09T17:07:31-0600 - 0.00 B
2015-12-09 23:07:32.088+0000 INFO  [o.n.k.i.DiagnosticsManager]   messages.log: 2015-12-09T17:07:28-0600 - 26.41 kB
2015-12-09 23:07:32.090+0000 INFO  [o.n.k.i.DiagnosticsManager]   neo4j.properties: 2015-12-09T17:07:28-0600 - 1.30 kB
2015-12-09 23:07:32.093+0000 INFO  [o.n.k.i.DiagnosticsManager]   neostore: 2015-12-09T17:07:31-0600 - 8.00 kB
2015-12-09 23:07:32.095+0000 INFO  [o.n.k.i.DiagnosticsManager]   neostore.counts.db.a: 2015-12-09T17:07:31-0600 - 96.00 B
2015-12-09 23:07:32.098+0000 INFO  [o.n.k.i.DiagnosticsManager]   neostore.id: 2015-12-09T17:07:31-0600 - 9.00 B
2015-12-09 23:07:32.100+0000 INFO  [o.n.k.i.DiagnosticsManager]   neostore.labeltokenstore.db: 2015-12-09T17:07:31-0600 - 0.00 B
2015-12-09 23:07:32.102+0000 INFO  [o.n.k.i.DiagnosticsManager]   neostore.labeltokenstore.db.id: 2015-12-09T17:07:31-0600 - 9.00 B
2015-12-09 23:07:32.104+0000 INFO  [o.n.k.i.DiagnosticsManager]   neostore.labeltokenstore.db.names: 2015-12-09T17:07:30-0600 - 8.00 kB
2015-12-09 23:07:32.107+0000 INFO  [o.n.k.i.DiagnosticsManager]   neostore.labeltokenstore.db.names.id: 2015-12-09T17:07:30-0600 - 9.00 B
2015-12-09 23:07:32.109+0000 INFO  [o.n.k.i.DiagnosticsManager]   neostore.nodestore.db: 2015-12-09T17:07:29-0600 - 0.00 B
2015-12-09 23:07:32.111+0000 INFO  [o.n.k.i.DiagnosticsManager]   neostore.nodestore.db.id: 2015-12-09T17:07:29-0600 - 9.00 B
2015-12-09 23:07:32.113+0000 INFO  [o.n.k.i.DiagnosticsManager]   neostore.nodestore.db.labels: 2015-12-09T17:07:28-0600 - 8.00 kB
2015-12-09 23:07:32.116+0000 INFO  [o.n.k.i.DiagnosticsManager]   neostore.nodestore.db.labels.id: 2015-12-09T17:07:29-0600 - 9.00 B
2015-12-09 23:07:32.118+0000 INFO  [o.n.k.i.DiagnosticsManager]   neostore.propertystore.db: 2015-12-09T17:07:29-0600 - 0.00 B
2015-12-09 23:07:32.121+0000 INFO  [o.n.k.i.DiagnosticsManager]   neostore.propertystore.db.arrays: 2015-12-09T17:07:29-0600 - 8.00 kB
2015-12-09 23:07:32.123+0000 INFO  [o.n.k.i.DiagnosticsManager]   neostore.propertystore.db.arrays.id: 2015-12-09T17:07:29-0600 - 9.00 B
2015-12-09 23:07:32.126+0000 INFO  [o.n.k.i.DiagnosticsManager]   neostore.propertystore.db.id: 2015-12-09T17:07:29-0600 - 9.00 B
2015-12-09 23:07:32.128+0000 INFO  [o.n.k.i.DiagnosticsManager]   neostore.propertystore.db.index: 2015-12-09T17:07:29-0600 - 0.00 B
2015-12-09 23:07:32.131+0000 INFO  [o.n.k.i.DiagnosticsManager]   neostore.propertystore.db.index.id: 2015-12-09T17:07:29-0600 - 9.00 B
2015-12-09 23:07:32.133+0000 INFO  [o.n.k.i.DiagnosticsManager]   neostore.propertystore.db.index.keys: 2015-12-09T17:07:29-0600 - 8.00 kB
2015-12-09 23:07:32.136+0000 INFO  [o.n.k.i.DiagnosticsManager]   neostore.propertystore.db.index.keys.id: 2015-12-09T17:07:29-0600 - 9.00 B
2015-12-09 23:07:32.138+0000 INFO  [o.n.k.i.DiagnosticsManager]   neostore.propertystore.db.strings: 2015-12-09T17:07:29-0600 - 8.00 kB
2015-12-09 23:07:32.141+0000 INFO  [o.n.k.i.DiagnosticsManager]   neostore.propertystore.db.strings.id: 2015-12-09T17:07:29-0600 - 9.00 B
2015-12-09 23:07:32.143+0000 INFO  [o.n.k.i.DiagnosticsManager]   neostore.relationshipgroupstore.db: 2015-12-09T17:07:31-0600 - 8.00 kB
2015-12-09 23:07:32.146+0000 INFO  [o.n.k.i.DiagnosticsManager]   neostore.relationshipgroupstore.db.id: 2015-12-09T17:07:31-0600 - 9.00 B
2015-12-09 23:07:32.148+0000 INFO  [o.n.k.i.DiagnosticsManager]   neostore.relationshipstore.db: 2015-12-09T17:07:30-0600 - 0.00 B
2015-12-09 23:07:32.151+0000 INFO  [o.n.k.i.DiagnosticsManager]   neostore.relationshipstore.db.id: 2015-12-09T17:07:30-0600 - 9.00 B
2015-12-09 23:07:32.154+0000 INFO  [o.n.k.i.DiagnosticsManager]   neostore.relationshiptypestore.db: 2015-12-09T17:07:30-0600 - 0.00 B
2015-12-09 23:07:32.156+0000 INFO  [o.n.k.i.DiagnosticsManager]   neostore.relationshiptypestore.db.id: 2015-12-09T17:07:30-0600 - 9.00 B
2015-12-09 23:07:32.159+0000 INFO  [o.n.k.i.DiagnosticsManager]   neostore.relationshiptypestore.db.names: 2015-12-09T17:07:30-0600 - 8.00 kB
2015-12-09 23:07:32.161+0000 INFO  [o.n.k.i.DiagnosticsManager]   neostore.relationshiptypestore.db.names.id: 2015-12-09T17:07:30-0600 - 9.00 B
2015-12-09 23:07:32.163+0000 INFO  [o.n.k.i.DiagnosticsManager]   neostore.schemastore.db: 2015-12-09T17:07:31-0600 - 8.00 kB
2015-12-09 23:07:32.166+0000 INFO  [o.n.k.i.DiagnosticsManager]   neostore.schemastore.db.id: 2015-12-09T17:07:31-0600 - 9.00 B
2015-12-09 23:07:32.168+0000 INFO  [o.n.k.i.DiagnosticsManager]   neostore.transaction.db.0: 2015-12-09T17:07:31-0600 - 16.00 B
2015-12-09 23:07:32.171+0000 INFO  [o.n.k.i.DiagnosticsManager]   schema:
2015-12-09 23:07:32.173+0000 INFO  [o.n.k.i.DiagnosticsManager]     label:
2015-12-09 23:07:32.175+0000 INFO  [o.n.k.i.DiagnosticsManager]       lucene:
2015-12-09 23:07:32.178+0000 INFO  [o.n.k.i.DiagnosticsManager]         write.lock: 2015-12-09T17:07:31-0600 - 0.00 B
2015-12-09 23:07:32.180+0000 INFO  [o.n.k.i.DiagnosticsManager]       - Total: 2015-12-09T17:07:31-0600 - 0.00 B
2015-12-09 23:07:32.182+0000 INFO  [o.n.k.i.DiagnosticsManager]     - Total: 2015-12-09T17:07:31-0600 - 0.00 B
2015-12-09 23:07:32.185+0000 INFO  [o.n.k.i.DiagnosticsManager]   - Total: 2015-12-09T17:07:31-0600 - 0.00 B
2015-12-09 23:07:32.187+0000 INFO  [o.n.k.i.DiagnosticsManager]   store_lock: 2015-12-09T17:07:28-0600 - 0.00 B
2015-12-09 23:07:32.189+0000 INFO  [o.n.k.i.DiagnosticsManager] --- STARTED diagnostics for KernelDiagnostics:StoreFiles END ---
2015-12-09 23:07:32.200+0000 INFO  [o.n.k.i.DiagnosticsManager] --- SERVER STARTED START ---
2015-12-09 23:07:32.816+0000 WARN  [o.n.k.i.c.MonitorGc] GC Monitor: Application threads blocked for 504ms.
2015-12-09 23:07:33.400+0000 INFO  [o.n.k.i.DiagnosticsManager] --- SERVER STARTED END ---
2015-12-09 23:11:40.927+0000 INFO  [o.n.k.i.f.GraphDatabaseFacade] Shutdown started
2015-12-09 23:11:40.930+0000 INFO  [o.n.k.i.f.CommunityFacadeFactory] Database is now unavailable
2015-12-09 23:11:41.081+0000 INFO  [o.n.k.i.s.c.CountsTracker] About to rotate counts store at transaction 3009 to [C:\561\3000\3000D1\neostore.counts.db.b], from [C:\561\3000\3000D1\neostore.counts.db.a].
2015-12-09 23:11:41.094+0000 INFO  [o.n.k.i.s.c.CountsTracker] Successfully rotated counts store at transaction 3009 to [C:\561\3000\3000D1\neostore.counts.db.b], from [C:\561\3000\3000D1\neostore.counts.db.a].
2015-12-09 23:11:41.313+0000 INFO  [o.n.k.i.t.l.c.CheckPointerImpl] Check Pointing triggered by database shutdown [3009]:  Starting check pointing...
2015-12-09 23:11:41.319+0000 INFO  [o.n.k.i.t.l.c.CheckPointerImpl] Check Pointing triggered by database shutdown [3009]:  Starting store flush...
2015-12-09 23:11:41.337+0000 INFO  [o.n.k.i.t.l.c.CheckPointerImpl] Check Pointing triggered by database shutdown [3009]:  Store flush completed
2015-12-09 23:11:41.343+0000 INFO  [o.n.k.i.t.l.c.CheckPointerImpl] Check Pointing triggered by database shutdown [3009]:  Starting appending check point entry into the tx log...
2015-12-09 23:11:41.371+0000 INFO  [o.n.k.i.t.l.c.CheckPointerImpl] Check Pointing triggered by database shutdown [3009]:  Appending check point entry into the tx log completed
2015-12-09 23:11:41.375+0000 INFO  [o.n.k.i.t.l.c.CheckPointerImpl] Check Pointing triggered by database shutdown [3009]:  Check pointing completed
2015-12-09 23:11:41.379+0000 INFO  [o.n.k.i.t.l.p.LogPruningImpl] Log Rotation [0]:  Starting log pruning.
2015-12-09 23:11:41.383+0000 INFO  [o.n.k.i.t.l.p.LogPruningImpl] Log Rotation [0]:  Log pruning complete.
2015-12-09 23:11:42.838+0000 INFO  [o.n.k.NeoStoreDataSource] NeoStores closed
2015-12-09 23:11:42.843+0000 INFO  [o.n.k.i.DiagnosticsManager] --- STOPPING diagnostics START ---
2015-12-09 23:11:42.844+0000 INFO  [o.n.k.i.DiagnosticsManager] --- STOPPING diagnostics END ---
2015-12-11 01:24:10.247+0000 INFO  [o.n.k.i.f.CommunityFacadeFactory] No locking implementation specified, defaulting to 'community'
2015-12-11 01:24:10.268+0000 INFO  [o.n.k.AvailabilityGuard] Requirement makes database unavailable: Database available
2015-12-11 01:24:10.270+0000 INFO  [o.n.k.i.DiagnosticsManager] --- INITIALIZED diagnostics START ---
2015-12-11 01:24:10.270+0000 INFO  [o.n.k.i.DiagnosticsManager] Neo4j Kernel properties:
2015-12-11 01:24:10.270+0000 INFO  [o.n.k.i.DiagnosticsManager] org.neo4j.server.db.tuning.properties=C:\561\3000\3000D1\neo4j.properties
2015-12-11 01:24:10.270+0000 INFO  [o.n.k.i.DiagnosticsManager] org.neo4j.server.database.location=C:\561\3000\3000D1
2015-12-11 01:24:10.270+0000 INFO  [o.n.k.i.DiagnosticsManager] dbms.querylog.filename=data/log/queries.log
2015-12-11 01:24:10.270+0000 INFO  [o.n.k.i.DiagnosticsManager] dbms.security.auth_store.location=C:\561\3000\3000D1\.\dbms\auth
2015-12-11 01:24:10.270+0000 INFO  [o.n.k.i.DiagnosticsManager] dbms.security.tls_certificate_file=C:\561\3000\3000D1\.\dbms\ssl\snakeoil.cert
2015-12-11 01:24:10.270+0000 INFO  [o.n.k.i.DiagnosticsManager] remote_shell_enabled=true
2015-12-11 01:24:10.270+0000 INFO  [o.n.k.i.DiagnosticsManager] edition=Community
2015-12-11 01:24:10.270+0000 INFO  [o.n.k.i.DiagnosticsManager] dbms.security.tls_key_file=C:\561\3000\3000D1\.\dbms\ssl\snakeoil.key
2015-12-11 01:24:10.270+0000 INFO  [o.n.k.i.DiagnosticsManager] Diagnostics providers:
2015-12-11 01:24:10.270+0000 INFO  [o.n.k.i.DiagnosticsManager] org.neo4j.kernel.configuration.Config
2015-12-11 01:24:10.270+0000 INFO  [o.n.k.i.DiagnosticsManager] org.neo4j.kernel.info.DiagnosticsManager
2015-12-11 01:24:10.270+0000 INFO  [o.n.k.i.DiagnosticsManager] SYSTEM_MEMORY
2015-12-11 01:24:10.270+0000 INFO  [o.n.k.i.DiagnosticsManager] JAVA_MEMORY
2015-12-11 01:24:10.270+0000 INFO  [o.n.k.i.DiagnosticsManager] OPERATING_SYSTEM
2015-12-11 01:24:10.271+0000 INFO  [o.n.k.i.DiagnosticsManager] JAVA_VIRTUAL_MACHINE
2015-12-11 01:24:10.271+0000 INFO  [o.n.k.i.DiagnosticsManager] CLASSPATH
2015-12-11 01:24:10.271+0000 INFO  [o.n.k.i.DiagnosticsManager] LIBRARY_PATH
2015-12-11 01:24:10.271+0000 INFO  [o.n.k.i.DiagnosticsManager] SYSTEM_PROPERTIES
2015-12-11 01:24:10.271+0000 INFO  [o.n.k.i.DiagnosticsManager] NETWORK
2015-12-11 01:24:10.271+0000 INFO  [o.n.k.i.DiagnosticsManager] System memory information:
2015-12-11 01:24:10.271+0000 INFO  [o.n.k.i.DiagnosticsManager] Total Physical memory: 3.93 GB
2015-12-11 01:24:10.271+0000 INFO  [o.n.k.i.DiagnosticsManager] Free Physical memory: 1.94 GB
2015-12-11 01:24:10.271+0000 INFO  [o.n.k.i.DiagnosticsManager] Committed virtual memory: 385.75 MB
2015-12-11 01:24:10.271+0000 INFO  [o.n.k.i.DiagnosticsManager] Total swap space: 5.66 GB
2015-12-11 01:24:10.271+0000 INFO  [o.n.k.i.DiagnosticsManager] Free swap space: 1.77 GB
2015-12-11 01:24:10.271+0000 INFO  [o.n.k.i.DiagnosticsManager] JVM memory information:
2015-12-11 01:24:10.271+0000 INFO  [o.n.k.i.DiagnosticsManager] Free  memory: 27.43 MB
2015-12-11 01:24:10.271+0000 INFO  [o.n.k.i.DiagnosticsManager] Total memory: 80.00 MB
2015-12-11 01:24:10.271+0000 INFO  [o.n.k.i.DiagnosticsManager] Max   memory: 894.50 MB
2015-12-11 01:24:10.271+0000 INFO  [o.n.k.i.DiagnosticsManager] Garbage Collector: PS Scavenge: [PS Eden Space, PS Survivor Space]
2015-12-11 01:24:10.271+0000 INFO  [o.n.k.i.DiagnosticsManager] Garbage Collector: PS MarkSweep: [PS Eden Space, PS Survivor Space, PS Old Gen, PS Perm Gen]
2015-12-11 01:24:10.271+0000 INFO  [o.n.k.i.DiagnosticsManager] Memory Pool: Code Cache (Non-heap memory): committed=13.31 MB, used=12.33 MB, max=48.00 MB, threshold=0.00 B
2015-12-11 01:24:10.271+0000 INFO  [o.n.k.i.DiagnosticsManager] Memory Pool: PS Eden Space (Heap memory): committed=20.00 MB, used=13.65 MB, max=334.00 MB, threshold=?
2015-12-11 01:24:10.271+0000 INFO  [o.n.k.i.DiagnosticsManager] Memory Pool: PS Survivor Space (Heap memory): committed=512.00 kB, used=0.00 B, max=512.00 kB, threshold=?
2015-12-11 01:24:10.271+0000 INFO  [o.n.k.i.DiagnosticsManager] Memory Pool: PS Old Gen (Heap memory): committed=59.50 MB, used=38.92 MB, max=670.50 MB, threshold=0.00 B
2015-12-11 01:24:10.272+0000 INFO  [o.n.k.i.DiagnosticsManager] Memory Pool: PS Perm Gen (Non-heap memory): committed=69.00 MB, used=68.73 MB, max=82.00 MB, threshold=0.00 B
2015-12-11 01:24:10.272+0000 INFO  [o.n.k.i.DiagnosticsManager] Operating system information:
2015-12-11 01:24:10.272+0000 INFO  [o.n.k.i.DiagnosticsManager] Operating System: Windows 8.1; version: 6.3; arch: amd64; cpus: 8
2015-12-11 01:24:10.272+0000 INFO  [o.n.k.i.DiagnosticsManager] Process id: 3784@ATAN-B03-02
2015-12-11 01:24:10.272+0000 INFO  [o.n.k.i.DiagnosticsManager] Byte order: LITTLE_ENDIAN
2015-12-11 01:24:10.272+0000 INFO  [o.n.k.i.DiagnosticsManager] Local timezone: America/Chicago
2015-12-11 01:24:10.272+0000 INFO  [o.n.k.i.DiagnosticsManager] JVM information:
2015-12-11 01:24:10.272+0000 INFO  [o.n.k.i.DiagnosticsManager] VM Name: Java HotSpot(TM) 64-Bit Server VM
2015-12-11 01:24:10.272+0000 INFO  [o.n.k.i.DiagnosticsManager] VM Vendor: Oracle Corporation
2015-12-11 01:24:10.272+0000 INFO  [o.n.k.i.DiagnosticsManager] VM Version: 24.80-b11
2015-12-11 01:24:10.272+0000 INFO  [o.n.k.i.DiagnosticsManager] JIT compiler: HotSpot 64-Bit Tiered Compilers
2015-12-11 01:24:10.272+0000 INFO  [o.n.k.i.DiagnosticsManager] VM Arguments: [-Dexe4j.semaphoreName=Local\c:_program_files_neo4j_ce_2.3.1_bin_neo4j-ce.exe, -Dexe4j.isInstall4j=true, -Dexe4j.moduleName=C:\Program Files\Neo4j CE 2.3.1\bin\neo4j-ce.exe, -Dexe4j.tempDir=, -Dexe4j.unextractedPosition=0, -Djava.library.path=C:\Program Files (x86)\AMD APP\bin\x86_64;C:\Program Files (x86)\AMD APP\bin\x86;C:\ProgramData\Oracle\Java\javapath;C:\Windows\system32;C:\Windows;C:\Windows\System32\Wbem;C:\Windows\System32\WindowsPowerShell\v1.0\;C:\Program Files (x86)\MiKTeX 2.9\miktex\bin\;C:\Program Files\TortoiseSVN\bin;C:\Windows\system32\config\systemprofile\.dnx\bin;C:\Program Files\Microsoft DNX\Dnvm\;C:\Program Files\MATLAB\R2015b\runtime\win64;C:\Program Files\MATLAB\R2015b\bin;C:\Program Files (x86)\ATI Technologies\ATI.ACE\Core-Static;c:\program files\neo4j ce 2.3.1\jre\bin, -Dexe4j.consoleCodepage=cp0, -Dinstall4j.launcherId=24, -Dinstall4j.swt=false]
2015-12-11 01:24:10.272+0000 INFO  [o.n.k.i.DiagnosticsManager] Java classpath:
2015-12-11 01:24:10.274+0000 INFO  [o.n.k.i.DiagnosticsManager]  [loader.1] file:/C:/Program%20Files/Neo4j%20CE%202.3.1/jre/lib/ext/dnsns.jar
2015-12-11 01:24:10.274+0000 INFO  [o.n.k.i.DiagnosticsManager]  [loader.0] file:/C:/Program%20Files/Neo4j%20CE%202.3.1/bin/
2015-12-11 01:24:10.274+0000 INFO  [o.n.k.i.DiagnosticsManager]  [bootstrap] C:\Program Files\Neo4j CE 2.3.1\jre\lib\resources.jar
2015-12-11 01:24:10.274+0000 INFO  [o.n.k.i.DiagnosticsManager]  [bootstrap] C:\Program Files\Neo4j CE 2.3.1\jre\lib\jfr.jar
2015-12-11 01:24:10.274+0000 INFO  [o.n.k.i.DiagnosticsManager]  [classpath] C:\Program Files\Neo4j CE 2.3.1\.install4j\i4jruntime.jar
2015-12-11 01:24:10.274+0000 INFO  [o.n.k.i.DiagnosticsManager]  [loader.1] file:/C:/Program%20Files/Neo4j%20CE%202.3.1/jre/lib/ext/sunmscapi.jar
2015-12-11 01:24:10.274+0000 INFO  [o.n.k.i.DiagnosticsManager]  [bootstrap] C:\Program Files\Neo4j CE 2.3.1\jre\lib\jsse.jar
2015-12-11 01:24:10.274+0000 INFO  [o.n.k.i.DiagnosticsManager]  [loader.1] file:/C:/Program%20Files/Neo4j%20CE%202.3.1/jre/lib/ext/dns_sd.jar
2015-12-11 01:24:10.274+0000 INFO  [o.n.k.i.DiagnosticsManager]  [loader.0] file:/C:/Program%20Files/Neo4j%20CE%202.3.1/.install4j/i4jruntime.jar
2015-12-11 01:24:10.274+0000 INFO  [o.n.k.i.DiagnosticsManager]  [loader.0] file:/C:/Program%20Files/Neo4j%20CE%202.3.1/bin/neo4j-desktop-2.3.1.jar
2015-12-11 01:24:10.274+0000 INFO  [o.n.k.i.DiagnosticsManager]  [loader.1] file:/C:/Program%20Files/Neo4j%20CE%202.3.1/jre/lib/ext/access-bridge-64.jar
2015-12-11 01:24:10.274+0000 INFO  [o.n.k.i.DiagnosticsManager]  [loader.1] file:/C:/Program%20Files/Neo4j%20CE%202.3.1/jre/lib/ext/localedata.jar
2015-12-11 01:24:10.274+0000 INFO  [o.n.k.i.DiagnosticsManager]  [bootstrap] C:\Program Files\Neo4j CE 2.3.1\jre\lib\sunrsasign.jar
2015-12-11 01:24:10.274+0000 INFO  [o.n.k.i.DiagnosticsManager]  [bootstrap] C:\Program Files\Neo4j CE 2.3.1\jre\lib\jce.jar
2015-12-11 01:24:10.274+0000 INFO  [o.n.k.i.DiagnosticsManager]  [bootstrap] C:\Program Files\Neo4j CE 2.3.1\jre\lib\rt.jar
2015-12-11 01:24:10.274+0000 INFO  [o.n.k.i.DiagnosticsManager]  [bootstrap] C:\Program Files\Neo4j CE 2.3.1\jre\lib\charsets.jar
2015-12-11 01:24:10.274+0000 INFO  [o.n.k.i.DiagnosticsManager]  [loader.1] file:/C:/Program%20Files/Neo4j%20CE%202.3.1/jre/lib/ext/sunjce_provider.jar
2015-12-11 01:24:10.274+0000 INFO  [o.n.k.i.DiagnosticsManager]  [bootstrap] C:\Program Files\Neo4j CE 2.3.1\jre\classes
2015-12-11 01:24:10.274+0000 INFO  [o.n.k.i.DiagnosticsManager]  [loader.1] file:/C:/Program%20Files/Neo4j%20CE%202.3.1/jre/lib/ext/zipfs.jar
2015-12-11 01:24:10.275+0000 INFO  [o.n.k.i.DiagnosticsManager]  [loader.1] file:/C:/Program%20Files/Neo4j%20CE%202.3.1/jre/lib/ext/jaccess.jar
2015-12-11 01:24:10.275+0000 INFO  [o.n.k.i.DiagnosticsManager]  [loader.1] file:/C:/Program%20Files/Neo4j%20CE%202.3.1/jre/lib/ext/sunec.jar
2015-12-11 01:24:10.275+0000 INFO  [o.n.k.i.DiagnosticsManager]  [classpath] C:\Program Files\Neo4j CE 2.3.1\bin\neo4j-desktop-2.3.1.jar
2015-12-11 01:24:10.275+0000 INFO  [o.n.k.i.DiagnosticsManager] Library path:
2015-12-11 01:24:10.275+0000 INFO  [o.n.k.i.DiagnosticsManager] C:\Program Files (x86)\AMD APP\bin\x86_64
2015-12-11 01:24:10.275+0000 INFO  [o.n.k.i.DiagnosticsManager] C:\Program Files (x86)\AMD APP\bin\x86
2015-12-11 01:24:10.275+0000 INFO  [o.n.k.i.DiagnosticsManager] C:\ProgramData\Oracle\Java\javapath
2015-12-11 01:24:10.275+0000 INFO  [o.n.k.i.DiagnosticsManager] C:\Windows\System32
2015-12-11 01:24:10.275+0000 INFO  [o.n.k.i.DiagnosticsManager] C:\Windows
2015-12-11 01:24:10.276+0000 INFO  [o.n.k.i.DiagnosticsManager] C:\Windows\System32\wbem
2015-12-11 01:24:10.276+0000 INFO  [o.n.k.i.DiagnosticsManager] C:\Windows\System32\WindowsPowerShell\v1.0
2015-12-11 01:24:10.276+0000 INFO  [o.n.k.i.DiagnosticsManager] C:\Program Files (x86)\MiKTeX 2.9\miktex\bin
2015-12-11 01:24:10.276+0000 INFO  [o.n.k.i.DiagnosticsManager] C:\Program Files\TortoiseSVN\bin
2015-12-11 01:24:10.276+0000 INFO  [o.n.k.i.DiagnosticsManager] C:\Windows\System32\config\systemprofile\.dnx\bin
2015-12-11 01:24:10.276+0000 INFO  [o.n.k.i.DiagnosticsManager] C:\Program Files\Microsoft DNX\Dnvm
2015-12-11 01:24:10.277+0000 INFO  [o.n.k.i.DiagnosticsManager] C:\Program Files\MATLAB\R2015b\runtime\win64
2015-12-11 01:24:10.277+0000 INFO  [o.n.k.i.DiagnosticsManager] C:\Program Files\MATLAB\R2015b\bin
2015-12-11 01:24:10.277+0000 INFO  [o.n.k.i.DiagnosticsManager] C:\Program Files (x86)\ATI Technologies\ATI.ACE\Core-Static
2015-12-11 01:24:10.277+0000 INFO  [o.n.k.i.DiagnosticsManager] C:\Program Files\Neo4j CE 2.3.1\jre\bin
2015-12-11 01:24:10.277+0000 INFO  [o.n.k.i.DiagnosticsManager] System.properties:
2015-12-11 01:24:10.277+0000 INFO  [o.n.k.i.DiagnosticsManager] exe4j.moduleName = C:\Program Files\Neo4j CE 2.3.1\bin\neo4j-ce.exe
2015-12-11 01:24:10.277+0000 INFO  [o.n.k.i.DiagnosticsManager] exe4j.semaphoreName = Local\c:_program_files_neo4j_ce_2.3.1_bin_neo4j-ce.exe
2015-12-11 01:24:10.277+0000 INFO  [o.n.k.i.DiagnosticsManager] sun.boot.library.path = c:\program files\neo4j ce 2.3.1\jre\bin
2015-12-11 01:24:10.277+0000 INFO  [o.n.k.i.DiagnosticsManager] exe4j.consoleCodepage = cp0
2015-12-11 01:24:10.277+0000 INFO  [o.n.k.i.DiagnosticsManager] path.separator = ;
2015-12-11 01:24:10.277+0000 INFO  [o.n.k.i.DiagnosticsManager] file.encoding.pkg = sun.io
2015-12-11 01:24:10.277+0000 INFO  [o.n.k.i.DiagnosticsManager] user.country = US
2015-12-11 01:24:10.277+0000 INFO  [o.n.k.i.DiagnosticsManager] user.script = 
2015-12-11 01:24:10.277+0000 INFO  [o.n.k.i.DiagnosticsManager] sun.os.patch.level = 
2015-12-11 01:24:10.277+0000 INFO  [o.n.k.i.DiagnosticsManager] install4j.exeDir = C:\Program Files\Neo4j CE 2.3.1\bin\
2015-12-11 01:24:10.277+0000 INFO  [o.n.k.i.DiagnosticsManager] user.dir = C:\Program Files\Neo4j CE 2.3.1\bin
2015-12-11 01:24:10.277+0000 INFO  [o.n.k.i.DiagnosticsManager] neo4j.ext.udc.source = desktop
2015-12-11 01:24:10.277+0000 INFO  [o.n.k.i.DiagnosticsManager] user.variant = 
2015-12-11 01:24:10.277+0000 INFO  [o.n.k.i.DiagnosticsManager] exe4j.tempDir = 
2015-12-11 01:24:10.277+0000 INFO  [o.n.k.i.DiagnosticsManager] sun.jnu.encoding = Cp1252
2015-12-11 01:24:10.277+0000 INFO  [o.n.k.i.DiagnosticsManager] sun.awt.enableExtraMouseButtons = true
2015-12-11 01:24:10.277+0000 INFO  [o.n.k.i.DiagnosticsManager] install4j.launcherId = 24
2015-12-11 01:24:10.278+0000 INFO  [o.n.k.i.DiagnosticsManager] sun.management.compiler = HotSpot 64-Bit Tiered Compilers
2015-12-11 01:24:10.278+0000 INFO  [o.n.k.i.DiagnosticsManager] exe4j.isInstall4j = true
2015-12-11 01:24:10.278+0000 INFO  [o.n.k.i.DiagnosticsManager] install4j.swt = false
2015-12-11 01:24:10.278+0000 INFO  [o.n.k.i.DiagnosticsManager] user.home = C:\Users\cez
2015-12-11 01:24:10.278+0000 INFO  [o.n.k.i.DiagnosticsManager] user.timezone = America/Chicago
2015-12-11 01:24:10.278+0000 INFO  [o.n.k.i.DiagnosticsManager] file.encoding = Cp1252
2015-12-11 01:24:10.278+0000 INFO  [o.n.k.i.DiagnosticsManager] user.name = cez
2015-12-11 01:24:10.278+0000 INFO  [o.n.k.i.DiagnosticsManager] sun.java.command = C:\Program Files\Neo4j CE 2.3.1\bin\neo4j-ce.exe
2015-12-11 01:24:10.278+0000 INFO  [o.n.k.i.DiagnosticsManager] sun.arch.data.model = 64
2015-12-11 01:24:10.278+0000 INFO  [o.n.k.i.DiagnosticsManager] exe4j.launchName = C:\Program Files\Neo4j CE 2.3.1\bin\neo4j-ce.exe
2015-12-11 01:24:10.278+0000 INFO  [o.n.k.i.DiagnosticsManager] user.language = en
2015-12-11 01:24:10.278+0000 INFO  [o.n.k.i.DiagnosticsManager] awt.toolkit = sun.awt.windows.WToolkit
2015-12-11 01:24:10.278+0000 INFO  [o.n.k.i.DiagnosticsManager] exe4j.unextractedPosition = 0
2015-12-11 01:24:10.278+0000 INFO  [o.n.k.i.DiagnosticsManager] install4j.appDir = C:\Program Files\Neo4j CE 2.3.1\
2015-12-11 01:24:10.278+0000 INFO  [o.n.k.i.DiagnosticsManager] file.separator = \
2015-12-11 01:24:10.278+0000 INFO  [o.n.k.i.DiagnosticsManager] sun.io.unicode.encoding = UnicodeLittle
2015-12-11 01:24:10.278+0000 INFO  [o.n.k.i.DiagnosticsManager] sun.cpu.endian = little
2015-12-11 01:24:10.278+0000 INFO  [o.n.k.i.DiagnosticsManager] sun.desktop = windows
2015-12-11 01:24:10.278+0000 INFO  [o.n.k.i.DiagnosticsManager] sun.cpu.isalist = amd64
2015-12-11 01:24:10.278+0000 INFO  [o.n.k.i.DiagnosticsManager] Network information:
2015-12-11 01:24:10.291+0000 INFO  [o.n.k.i.DiagnosticsManager] Interface Software Loopback Interface 1:
2015-12-11 01:24:10.291+0000 INFO  [o.n.k.i.DiagnosticsManager]     address: 127.0.0.1
2015-12-11 01:24:10.291+0000 INFO  [o.n.k.i.DiagnosticsManager]     address: 0:0:0:0:0:0:0:1
2015-12-11 01:24:10.291+0000 INFO  [o.n.k.i.DiagnosticsManager] Interface Microsoft Kernel Debug Network Adapter:
2015-12-11 01:24:10.291+0000 INFO  [o.n.k.i.DiagnosticsManager] Interface Intel(R) 82578DM Gigabit Network Connection:
2015-12-11 01:24:10.291+0000 INFO  [o.n.k.i.DiagnosticsManager]     address: 10.24.47.166
2015-12-11 01:24:10.291+0000 INFO  [o.n.k.i.DiagnosticsManager]     address: 2610:130:101:d00:4493:c16:efa9:8b55
2015-12-11 01:24:10.291+0000 INFO  [o.n.k.i.DiagnosticsManager]     address: 2610:130:101:d00:920:e15d:79eb:345b
2015-12-11 01:24:10.291+0000 INFO  [o.n.k.i.DiagnosticsManager]     address: 2610:130:101:d00:a502:b02c:1a2d:577b
2015-12-11 01:24:10.291+0000 INFO  [o.n.k.i.DiagnosticsManager]     address: fe80:0:0:0:4493:c16:efa9:8b55%3
2015-12-11 01:24:10.291+0000 INFO  [o.n.k.i.DiagnosticsManager] Interface Microsoft ISATAP Adapter:
2015-12-11 01:24:10.291+0000 INFO  [o.n.k.i.DiagnosticsManager]     address: fe80:0:0:0:0:5efe:c0a8:3801%4
2015-12-11 01:24:10.291+0000 INFO  [o.n.k.i.DiagnosticsManager] Interface Teredo Tunneling Pseudo-Interface:
2015-12-11 01:24:10.291+0000 INFO  [o.n.k.i.DiagnosticsManager] Interface Microsoft ISATAP Adapter #2:
2015-12-11 01:24:10.291+0000 INFO  [o.n.k.i.DiagnosticsManager]     address: fe80:0:0:0:0:5efe:a18:2fa6%6
2015-12-11 01:24:10.291+0000 INFO  [o.n.k.i.DiagnosticsManager] Interface VirtualBox Host-Only Ethernet Adapter:
2015-12-11 01:24:10.292+0000 INFO  [o.n.k.i.DiagnosticsManager]     address: 192.168.56.1
2015-12-11 01:24:10.292+0000 INFO  [o.n.k.i.DiagnosticsManager]     address: fe80:0:0:0:4133:2d33:29c2:6efa%7
2015-12-11 01:24:10.292+0000 INFO  [o.n.k.i.DiagnosticsManager] Interface Microsoft ISATAP Adapter #3:
2015-12-11 01:24:10.292+0000 INFO  [o.n.k.i.DiagnosticsManager] Interface VirtualBox Host-Only Ethernet Adapter-WFP Native MAC Layer LightWeight Filter-0000:
2015-12-11 01:24:10.292+0000 INFO  [o.n.k.i.DiagnosticsManager] Interface VirtualBox Host-Only Ethernet Adapter-VirtualBox NDIS Light-Weight Filter-0000:
2015-12-11 01:24:10.292+0000 INFO  [o.n.k.i.DiagnosticsManager] Interface VirtualBox Host-Only Ethernet Adapter-QoS Packet Scheduler-0000:
2015-12-11 01:24:10.292+0000 INFO  [o.n.k.i.DiagnosticsManager] Interface VirtualBox Host-Only Ethernet Adapter-WFP 802.3 MAC Layer LightWeight Filter-0000:
2015-12-11 01:24:10.292+0000 INFO  [o.n.k.i.DiagnosticsManager] Interface Intel(R) 82578DM Gigabit Network Connection-WFP Native MAC Layer LightWeight Filter-0000:
2015-12-11 01:24:10.292+0000 INFO  [o.n.k.i.DiagnosticsManager] Interface Intel(R) 82578DM Gigabit Network Connection-VirtualBox NDIS Light-Weight Filter-0000:
2015-12-11 01:24:10.292+0000 INFO  [o.n.k.i.DiagnosticsManager] Interface Intel(R) 82578DM Gigabit Network Connection-QoS Packet Scheduler-0000:
2015-12-11 01:24:10.292+0000 INFO  [o.n.k.i.DiagnosticsManager] Interface Intel(R) 82578DM Gigabit Network Connection-WFP 802.3 MAC Layer LightWeight Filter-0000:
2015-12-11 01:24:10.292+0000 INFO  [o.n.k.i.DiagnosticsManager] --- INITIALIZED diagnostics END ---
2015-12-11 01:24:11.816+0000 INFO  [o.n.k.KernelHealth] Kernel health set to OK
2015-12-11 01:24:11.833+0000 INFO  [o.n.k.AvailabilityGuard] Fulfilling of requirement makes database available: Database available
2015-12-11 01:24:11.839+0000 INFO  [o.n.k.i.f.CommunityFacadeFactory] Database is now ready
2015-12-11 01:24:11.845+0000 INFO  [o.n.k.i.DiagnosticsManager] --- STARTED diagnostics for KernelDiagnostics:Versions START ---
2015-12-11 01:24:11.852+0000 INFO  [o.n.k.i.DiagnosticsManager] Graph Database: Community StoreId{creationTime=1449702451725, randomId=3696544649780377622, storeVersion=15250506225055238, upgradeTime=1449702451725, upgradeId=1}
2015-12-11 01:24:11.857+0000 INFO  [o.n.k.i.DiagnosticsManager] Kernel version: 2.3.1
2015-12-11 01:24:11.861+0000 INFO  [o.n.k.i.DiagnosticsManager] --- STARTED diagnostics for KernelDiagnostics:Versions END ---
2015-12-11 01:24:11.864+0000 INFO  [o.n.k.i.DiagnosticsManager] --- STARTED diagnostics for NEO_STORE_VERSIONS START ---
2015-12-11 01:24:11.867+0000 INFO  [o.n.k.i.DiagnosticsManager] Store versions:
2015-12-11 01:24:11.870+0000 INFO  [o.n.k.i.DiagnosticsManager] Store versions:
2015-12-11 01:24:11.873+0000 INFO  [o.n.k.i.DiagnosticsManager] ArrayPropertyStore v0.A.6
2015-12-11 01:24:11.876+0000 INFO  [o.n.k.i.DiagnosticsManager] NodeStore v0.A.6
2015-12-11 01:24:11.879+0000 INFO  [o.n.k.i.DiagnosticsManager] StringPropertyStore v0.A.6
2015-12-11 01:24:11.883+0000 INFO  [o.n.k.i.DiagnosticsManager] PropertyIndexStore v0.A.6
2015-12-11 01:24:11.886+0000 INFO  [o.n.k.i.DiagnosticsManager] StringPropertyStore v0.A.6
2015-12-11 01:24:11.889+0000 INFO  [o.n.k.i.DiagnosticsManager] ArrayPropertyStore v0.A.6
2015-12-11 01:24:11.892+0000 INFO  [o.n.k.i.DiagnosticsManager] PropertyStore v0.A.6
2015-12-11 01:24:11.895+0000 INFO  [o.n.k.i.DiagnosticsManager] RelationshipStore v0.A.6
2015-12-11 01:24:11.898+0000 INFO  [o.n.k.i.DiagnosticsManager] StringPropertyStore v0.A.6
2015-12-11 01:24:11.901+0000 INFO  [o.n.k.i.DiagnosticsManager] RelationshipTypeStore v0.A.6
2015-12-11 01:24:11.904+0000 INFO  [o.n.k.i.DiagnosticsManager] StringPropertyStore v0.A.6
2015-12-11 01:24:11.907+0000 INFO  [o.n.k.i.DiagnosticsManager] LabelTokenStore v0.A.6
2015-12-11 01:24:11.910+0000 INFO  [o.n.k.i.DiagnosticsManager] SchemaStore v0.A.6
2015-12-11 01:24:11.913+0000 INFO  [o.n.k.i.DiagnosticsManager] RelationshipGroupStore v0.A.6
2015-12-11 01:24:11.917+0000 INFO  [o.n.k.i.DiagnosticsManager] NeoStore v0.A.6
2015-12-11 01:24:11.919+0000 INFO  [o.n.k.i.DiagnosticsManager] --- STARTED diagnostics for NEO_STORE_VERSIONS END ---
2015-12-11 01:24:11.922+0000 INFO  [o.n.k.i.DiagnosticsManager] --- STARTED diagnostics for NEO_STORE_ID_USAGE START ---
2015-12-11 01:24:11.924+0000 INFO  [o.n.k.i.DiagnosticsManager] Id usage:
2015-12-11 01:24:11.926+0000 INFO  [o.n.k.i.DiagnosticsManager] Id usage:
2015-12-11 01:24:11.928+0000 INFO  [o.n.k.i.DiagnosticsManager]   ArrayPropertyStore v0.A.6: used=1 high=0
2015-12-11 01:24:11.930+0000 INFO  [o.n.k.i.DiagnosticsManager]   NodeStore v0.A.6: used=3002 high=3001
2015-12-11 01:24:11.933+0000 INFO  [o.n.k.i.DiagnosticsManager]   StringPropertyStore v0.A.6: used=4 high=3
2015-12-11 01:24:11.935+0000 INFO  [o.n.k.i.DiagnosticsManager]   PropertyIndexStore v0.A.6: used=3 high=2
2015-12-11 01:24:11.937+0000 INFO  [o.n.k.i.DiagnosticsManager]   StringPropertyStore v0.A.6: used=1 high=0
2015-12-11 01:24:11.939+0000 INFO  [o.n.k.i.DiagnosticsManager]   ArrayPropertyStore v0.A.6: used=1 high=0
2015-12-11 01:24:11.942+0000 INFO  [o.n.k.i.DiagnosticsManager]   PropertyStore v0.A.6: used=3002 high=3001
2015-12-11 01:24:11.944+0000 INFO  [o.n.k.i.DiagnosticsManager]   RelationshipStore v0.A.6: used=2999 high=2998
2015-12-11 01:24:11.946+0000 INFO  [o.n.k.i.DiagnosticsManager]   StringPropertyStore v0.A.6: used=2 high=1
2015-12-11 01:24:11.948+0000 INFO  [o.n.k.i.DiagnosticsManager]   RelationshipTypeStore v0.A.6: used=1 high=0
2015-12-11 01:24:11.951+0000 INFO  [o.n.k.i.DiagnosticsManager]   StringPropertyStore v0.A.6: used=3 high=2
2015-12-11 01:24:11.953+0000 INFO  [o.n.k.i.DiagnosticsManager]   LabelTokenStore v0.A.6: used=2 high=1
2015-12-11 01:24:11.956+0000 INFO  [o.n.k.i.DiagnosticsManager]   SchemaStore v0.A.6: used=1 high=0
2015-12-11 01:24:11.958+0000 INFO  [o.n.k.i.DiagnosticsManager]   RelationshipGroupStore v0.A.6: used=3 high=2
2015-12-11 01:24:11.960+0000 INFO  [o.n.k.i.DiagnosticsManager]   NeoStore v0.A.6: used=13 high=12
2015-12-11 01:24:11.963+0000 INFO  [o.n.k.i.DiagnosticsManager] --- STARTED diagnostics for NEO_STORE_ID_USAGE END ---
2015-12-11 01:24:11.966+0000 INFO  [o.n.k.i.DiagnosticsManager] --- STARTED diagnostics for NEO_STORE_RECORDS START ---
2015-12-11 01:24:11.969+0000 INFO  [o.n.k.i.DiagnosticsManager] Neostore records:
2015-12-11 01:24:11.971+0000 INFO  [o.n.k.i.DiagnosticsManager] TIME (Creation time): 1449702451725
2015-12-11 01:24:11.973+0000 INFO  [o.n.k.i.DiagnosticsManager] RANDOM_NUMBER (Random number for store id): 3696544649780377622
2015-12-11 01:24:11.976+0000 INFO  [o.n.k.i.DiagnosticsManager] LOG_VERSION (Current log version): 0
2015-12-11 01:24:11.978+0000 INFO  [o.n.k.i.DiagnosticsManager] LAST_TRANSACTION_ID (Last committed transaction): 3009
2015-12-11 01:24:11.980+0000 INFO  [o.n.k.i.DiagnosticsManager] STORE_VERSION (Store format version): 15250506225055238
2015-12-11 01:24:11.982+0000 INFO  [o.n.k.i.DiagnosticsManager] FIRST_GRAPH_PROPERTY (First property record containing graph properties): -1
2015-12-11 01:24:11.985+0000 INFO  [o.n.k.i.DiagnosticsManager] LAST_CONSTRAINT_TRANSACTION (Last committed transaction containing constraint changes): 0
2015-12-11 01:24:11.987+0000 INFO  [o.n.k.i.DiagnosticsManager] UPGRADE_TRANSACTION_ID (Transaction id most recent upgrade was performed at): 1
2015-12-11 01:24:11.989+0000 INFO  [o.n.k.i.DiagnosticsManager] UPGRADE_TIME (Time of last upgrade): 1449702451725
2015-12-11 01:24:11.992+0000 INFO  [o.n.k.i.DiagnosticsManager] LAST_TRANSACTION_CHECKSUM (Checksum of last committed transaction): -160044479430
2015-12-11 01:24:11.994+0000 INFO  [o.n.k.i.DiagnosticsManager] UPGRADE_TRANSACTION_CHECKSUM (Checksum of transaction id the most recent upgrade was performed at): 0
2015-12-11 01:24:11.996+0000 INFO  [o.n.k.i.DiagnosticsManager] LAST_CLOSED_TRANSACTION_LOG_VERSION (Log version where the last transaction commit entry has been written into): 0
2015-12-11 01:24:11.999+0000 INFO  [o.n.k.i.DiagnosticsManager] LAST_CLOSED_TRANSACTION_LOG_BYTE_OFFSET (Byte offset in the log file where the last transaction commit entry has been written into): 2192209
2015-12-11 01:24:12.001+0000 INFO  [o.n.k.i.DiagnosticsManager] --- STARTED diagnostics for NEO_STORE_RECORDS END ---
2015-12-11 01:24:12.003+0000 INFO  [o.n.k.i.DiagnosticsManager] --- STARTED diagnostics for TRANSACTION_RANGE START ---
2015-12-11 01:24:12.006+0000 INFO  [o.n.k.i.DiagnosticsManager] Transaction log:
2015-12-11 01:24:12.009+0000 INFO  [o.n.k.i.DiagnosticsManager] Oldest transaction 2 found in log with version 0
2015-12-11 01:24:12.011+0000 INFO  [o.n.k.i.DiagnosticsManager] --- STARTED diagnostics for TRANSACTION_RANGE END ---
2015-12-11 01:24:12.013+0000 INFO  [o.n.k.i.DiagnosticsManager] --- STARTED diagnostics for KernelDiagnostics:StoreFiles START ---
2015-12-11 01:24:12.017+0000 INFO  [o.n.k.i.DiagnosticsManager] Disk space on partition (Total / Free / Free %): 499738734592 / 397638873088 / 79
Storage files: (filename : modification date - size)
2015-12-11 01:24:12.019+0000 INFO  [o.n.k.i.DiagnosticsManager]   dbms:
2015-12-11 01:24:12.022+0000 INFO  [o.n.k.i.DiagnosticsManager]     auth: 2015-12-09T17:07:32-0600 - 137.00 B
2015-12-11 01:24:12.024+0000 INFO  [o.n.k.i.DiagnosticsManager]     ssl:
2015-12-11 01:24:12.027+0000 INFO  [o.n.k.i.DiagnosticsManager]       snakeoil.cert: 2015-12-09T17:07:28-0600 - 630.00 B
2015-12-11 01:24:12.029+0000 INFO  [o.n.k.i.DiagnosticsManager]       snakeoil.key: 2015-12-09T17:07:28-0600 - 910.00 B
2015-12-11 01:24:12.032+0000 INFO  [o.n.k.i.DiagnosticsManager]     - Total: 2015-12-09T17:07:28-0600 - 1.50 kB
2015-12-11 01:24:12.034+0000 INFO  [o.n.k.i.DiagnosticsManager]   - Total: 2015-12-09T17:07:32-0600 - 1.64 kB
2015-12-11 01:24:12.037+0000 INFO  [o.n.k.i.DiagnosticsManager]   index:
2015-12-11 01:24:12.039+0000 INFO  [o.n.k.i.DiagnosticsManager]   - Total: 2015-12-09T17:07:31-0600 - 0.00 B
2015-12-11 01:24:12.042+0000 INFO  [o.n.k.i.DiagnosticsManager]   messages.log: 2015-12-10T19:24:11-0600 - 60.02 kB
2015-12-11 01:24:12.044+0000 INFO  [o.n.k.i.DiagnosticsManager]   neo4j.properties: 2015-12-09T17:07:28-0600 - 1.30 kB
2015-12-11 01:24:12.046+0000 INFO  [o.n.k.i.DiagnosticsManager]   neostore: 2015-12-09T17:11:41-0600 - 8.00 kB
2015-12-11 01:24:12.049+0000 INFO  [o.n.k.i.DiagnosticsManager]   neostore.counts.db.a: 2015-12-09T17:07:31-0600 - 96.00 B
2015-12-11 01:24:12.051+0000 INFO  [o.n.k.i.DiagnosticsManager]   neostore.counts.db.b: 2015-12-09T17:11:41-0600 - 384.00 B
2015-12-11 01:24:12.054+0000 INFO  [o.n.k.i.DiagnosticsManager]   neostore.id: 2015-12-10T19:24:11-0600 - 9.00 B
2015-12-11 01:24:12.057+0000 INFO  [o.n.k.i.DiagnosticsManager]   neostore.labeltokenstore.db: 2015-12-09T17:11:41-0600 - 8.00 kB
2015-12-11 01:24:12.060+0000 INFO  [o.n.k.i.DiagnosticsManager]   neostore.labeltokenstore.db.id: 2015-12-10T19:24:11-0600 - 9.00 B
2015-12-11 01:24:12.062+0000 INFO  [o.n.k.i.DiagnosticsManager]   neostore.labeltokenstore.db.names: 2015-12-09T17:11:41-0600 - 8.00 kB
2015-12-11 01:24:12.065+0000 INFO  [o.n.k.i.DiagnosticsManager]   neostore.labeltokenstore.db.names.id: 2015-12-10T19:24:11-0600 - 9.00 B
2015-12-11 01:24:12.067+0000 INFO  [o.n.k.i.DiagnosticsManager]   neostore.nodestore.db: 2015-12-09T17:11:41-0600 - 47.99 kB
2015-12-11 01:24:12.070+0000 INFO  [o.n.k.i.DiagnosticsManager]   neostore.nodestore.db.id: 2015-12-10T19:24:10-0600 - 9.00 B
2015-12-11 01:24:12.074+0000 INFO  [o.n.k.i.DiagnosticsManager]   neostore.nodestore.db.labels: 2015-12-09T17:07:28-0600 - 8.00 kB
2015-12-11 01:24:12.077+0000 INFO  [o.n.k.i.DiagnosticsManager]   neostore.nodestore.db.labels.id: 2015-12-10T19:24:10-0600 - 9.00 B
2015-12-11 01:24:12.079+0000 INFO  [o.n.k.i.DiagnosticsManager]   neostore.propertystore.db: 2015-12-09T17:11:41-0600 - 127.48 kB
2015-12-11 01:24:12.082+0000 INFO  [o.n.k.i.DiagnosticsManager]   neostore.propertystore.db.arrays: 2015-12-09T17:07:29-0600 - 8.00 kB
2015-12-11 01:24:12.084+0000 INFO  [o.n.k.i.DiagnosticsManager]   neostore.propertystore.db.arrays.id: 2015-12-10T19:24:10-0600 - 9.00 B
2015-12-11 01:24:12.087+0000 INFO  [o.n.k.i.DiagnosticsManager]   neostore.propertystore.db.id: 2015-12-10T19:24:10-0600 - 9.00 B
2015-12-11 01:24:12.090+0000 INFO  [o.n.k.i.DiagnosticsManager]   neostore.propertystore.db.index: 2015-12-09T17:11:41-0600 - 8.00 kB
2015-12-11 01:24:12.093+0000 INFO  [o.n.k.i.DiagnosticsManager]   neostore.propertystore.db.index.id: 2015-12-10T19:24:10-0600 - 9.00 B
2015-12-11 01:24:12.096+0000 INFO  [o.n.k.i.DiagnosticsManager]   neostore.propertystore.db.index.keys: 2015-12-09T17:11:41-0600 - 8.00 kB
2015-12-11 01:24:12.098+0000 INFO  [o.n.k.i.DiagnosticsManager]   neostore.propertystore.db.index.keys.id: 2015-12-10T19:24:10-0600 - 9.00 B
2015-12-11 01:24:12.101+0000 INFO  [o.n.k.i.DiagnosticsManager]   neostore.propertystore.db.strings: 2015-12-09T17:07:29-0600 - 8.00 kB
2015-12-11 01:24:12.104+0000 INFO  [o.n.k.i.DiagnosticsManager]   neostore.propertystore.db.strings.id: 2015-12-10T19:24:10-0600 - 9.00 B
2015-12-11 01:24:12.106+0000 INFO  [o.n.k.i.DiagnosticsManager]   neostore.relationshipgroupstore.db: 2015-12-09T17:11:41-0600 - 8.00 kB
2015-12-11 01:24:12.109+0000 INFO  [o.n.k.i.DiagnosticsManager]   neostore.relationshipgroupstore.db.id: 2015-12-10T19:24:11-0600 - 9.00 B
2015-12-11 01:24:12.111+0000 INFO  [o.n.k.i.DiagnosticsManager]   neostore.relationshipstore.db: 2015-12-09T17:11:41-0600 - 103.59 kB
2015-12-11 01:24:12.114+0000 INFO  [o.n.k.i.DiagnosticsManager]   neostore.relationshipstore.db.id: 2015-12-10T19:24:10-0600 - 9.00 B
2015-12-11 01:24:12.117+0000 INFO  [o.n.k.i.DiagnosticsManager]   neostore.relationshiptypestore.db: 2015-12-09T17:11:41-0600 - 8.00 kB
2015-12-11 01:24:12.119+0000 INFO  [o.n.k.i.DiagnosticsManager]   neostore.relationshiptypestore.db.id: 2015-12-10T19:24:10-0600 - 9.00 B
2015-12-11 01:24:12.122+0000 INFO  [o.n.k.i.DiagnosticsManager]   neostore.relationshiptypestore.db.names: 2015-12-09T17:11:41-0600 - 8.00 kB
2015-12-11 01:24:12.124+0000 INFO  [o.n.k.i.DiagnosticsManager]   neostore.relationshiptypestore.db.names.id: 2015-12-10T19:24:10-0600 - 9.00 B
2015-12-11 01:24:12.127+0000 INFO  [o.n.k.i.DiagnosticsManager]   neostore.schemastore.db: 2015-12-09T17:07:31-0600 - 8.00 kB
2015-12-11 01:24:12.129+0000 INFO  [o.n.k.i.DiagnosticsManager]   neostore.schemastore.db.id: 2015-12-10T19:24:11-0600 - 9.00 B
2015-12-11 01:24:12.132+0000 INFO  [o.n.k.i.DiagnosticsManager]   neostore.transaction.db.0: 2015-12-09T17:11:41-0600 - 2.09 MB
2015-12-11 01:24:12.134+0000 INFO  [o.n.k.i.DiagnosticsManager]   schema:
2015-12-11 01:24:12.136+0000 INFO  [o.n.k.i.DiagnosticsManager]     label:
2015-12-11 01:24:12.139+0000 INFO  [o.n.k.i.DiagnosticsManager]       lucene:
2015-12-11 01:24:12.141+0000 INFO  [o.n.k.i.DiagnosticsManager]         _4lv.cfs: 2015-12-09T17:11:20-0600 - 2.91 kB
2015-12-11 01:24:12.144+0000 INFO  [o.n.k.i.DiagnosticsManager]         segments.gen: 2015-12-09T17:11:41-0600 - 20.00 B
2015-12-11 01:24:12.146+0000 INFO  [o.n.k.i.DiagnosticsManager]         segments_1: 2015-12-09T17:11:41-0600 - 258.00 B
2015-12-11 01:24:12.149+0000 INFO  [o.n.k.i.DiagnosticsManager]         write.lock: 2015-12-10T19:24:11-0600 - 0.00 B
2015-12-11 01:24:12.151+0000 INFO  [o.n.k.i.DiagnosticsManager]       - Total: 2015-12-10T19:24:11-0600 - 3.18 kB
2015-12-11 01:24:12.153+0000 INFO  [o.n.k.i.DiagnosticsManager]     - Total: 2015-12-09T17:07:31-0600 - 3.18 kB
2015-12-11 01:24:12.156+0000 INFO  [o.n.k.i.DiagnosticsManager]   - Total: 2015-12-09T17:07:31-0600 - 3.18 kB
2015-12-11 01:24:12.158+0000 INFO  [o.n.k.i.DiagnosticsManager]   store_lock: 2015-12-09T17:07:28-0600 - 0.00 B
2015-12-11 01:24:12.160+0000 INFO  [o.n.k.i.DiagnosticsManager] --- STARTED diagnostics for KernelDiagnostics:StoreFiles END ---
2015-12-11 01:24:12.171+0000 INFO  [o.n.k.i.DiagnosticsManager] --- SERVER STARTED START ---
2015-12-11 01:24:12.831+0000 INFO  [o.n.k.i.DiagnosticsManager] --- SERVER STARTED END ---
2015-12-11 01:49:00.925+0000 INFO  [o.n.k.i.f.GraphDatabaseFacade] Shutdown started
2015-12-11 01:49:00.928+0000 INFO  [o.n.k.i.f.CommunityFacadeFactory] Database is now unavailable
2015-12-11 01:49:00.958+0000 INFO  [o.n.k.i.t.l.c.CheckPointerImpl] Check Pointing triggered by database shutdown [3009]:  Starting check pointing...
2015-12-11 01:49:00.964+0000 INFO  [o.n.k.i.t.l.c.CheckPointerImpl] Check Pointing triggered by database shutdown [3009]:  Starting store flush...
2015-12-11 01:49:00.986+0000 INFO  [o.n.k.i.t.l.c.CheckPointerImpl] Check Pointing triggered by database shutdown [3009]:  Store flush completed
2015-12-11 01:49:00.992+0000 INFO  [o.n.k.i.t.l.c.CheckPointerImpl] Check Pointing triggered by database shutdown [3009]:  Starting appending check point entry into the tx log...
2015-12-11 01:49:01.023+0000 INFO  [o.n.k.i.t.l.c.CheckPointerImpl] Check Pointing triggered by database shutdown [3009]:  Appending check point entry into the tx log completed
2015-12-11 01:49:01.029+0000 INFO  [o.n.k.i.t.l.c.CheckPointerImpl] Check Pointing triggered by database shutdown [3009]:  Check pointing completed
2015-12-11 01:49:01.034+0000 INFO  [o.n.k.i.t.l.p.LogPruningImpl] Log Rotation [0]:  Starting log pruning.
2015-12-11 01:49:01.040+0000 INFO  [o.n.k.i.t.l.p.LogPruningImpl] Log Rotation [0]:  Log pruning complete.
2015-12-11 01:49:02.331+0000 INFO  [o.n.k.NeoStoreDataSource] NeoStores closed
2015-12-11 01:49:02.337+0000 INFO  [o.n.k.i.DiagnosticsManager] --- STOPPING diagnostics START ---
2015-12-11 01:49:02.337+0000 INFO  [o.n.k.i.DiagnosticsManager] --- STOPPING diagnostics END ---
